<?xml version="1.0" encoding="utf-8"?><testsuites name="pytest tests"><testsuite name="pytest" errors="0" failures="2" skipped="0" tests="351" time="150.673" timestamp="2025-11-19T12:25:59.913752+00:00" hostname="runnervmg1sw1"><testcase classname="tests.conftest" name="PYDOCSTYLE" time="0.036" /><testcase classname="tests.conftest" name="ISORT" time="0.185" /><testcase classname="tests.conftest" name="black" time="0.363" /><testcase classname="tests.fixtures.source.demo_source" name="PYDOCSTYLE" time="0.003" /><testcase classname="tests.fixtures.source.demo_source" name="ISORT" time="0.004" /><testcase classname="tests.fixtures.source.demo_source" name="black" time="0.161" /><testcase classname="tests.fixtures.source.root" name="PYDOCSTYLE" time="0.002" /><testcase classname="tests.fixtures.source.root" name="ISORT" time="0.004" /><testcase classname="tests.fixtures.source.root" name="black" time="0.162" /><testcase classname="tests.fixtures.source.subdirectory.demo_copy" name="PYDOCSTYLE" time="0.002" /><testcase classname="tests.fixtures.source.subdirectory.demo_copy" name="ISORT" time="0.004" /><testcase classname="tests.fixtures.source.subdirectory.demo_copy" name="black" time="0.164" /><testcase classname="tests.test_admin" name="ISORT" time="0.017" /><testcase classname="tests.test_admin" name="black" time="0.176" /><testcase classname="tests.test_admin" name="test_require_slug" time="0.002" /><testcase classname="tests.test_admin" name="test_admin_views" time="0.484"><failure message="TypeError: Admin.__init__() got an unexpected keyword argument 'template_mode'">app = &lt;Flask 'testapp'&gt;
db = &lt;SQLAlchemy postgresql+psycopg2://invenio:***@localhost:5432/invenio&gt;
dummy_location = testloc

    def test_admin_views(app, db, dummy_location):
        """Test admin views."""
        app.config["SECRET_KEY"] = "CHANGEME"
&gt;       InvenioAdmin(app, permission_factory=None, view_class_factory=lambda x: x)

tests/test_admin.py:35: 
_ _ _ _ _ _ _ _ _ _ _ _ _ _ _ _ _ _ _ _ _ _ _ _ _ _ _ _ _ _ _ _ _ _ _ _ _ _ _ _ 
.venv/lib/python3.12/site-packages/invenio_admin/ext.py:109: in __init__
    self._state = self.init_app(app, **kwargs)
                  ^^^^^^^^^^^^^^^^^^^^^^^^^^^^
_ _ _ _ _ _ _ _ _ _ _ _ _ _ _ _ _ _ _ _ _ _ _ _ _ _ _ _ _ _ _ _ _ _ _ _ _ _ _ _ 

self = &lt;invenio_admin.ext.InvenioAdmin object at 0x7fd62d9f3e90&gt;
app = &lt;Flask 'testapp'&gt;, entry_point_group = 'invenio_admin.views'
permission_factory = &lt;function admin_permission_factory at 0x7fd62d95fec0&gt;
view_class_factory = &lt;function test_admin_views.&lt;locals&gt;.&lt;lambda&gt; at 0x7fd62d82b1a0&gt;
index_view_class = &lt;class 'flask_admin.base.AdminIndexView'&gt;

    def init_app(
        self,
        app,
        entry_point_group="invenio_admin.views",
        permission_factory=None,
        view_class_factory=protected_adminview_factory,
        index_view_class=AdminIndexView,
    ):
        """Flask application initialization.
    
        :param app: The Flask application.
        :param entry_point_group: Name of entry point group to load
            views/models from. (Default: ``'invenio_admin.views'``)
        :param permission_factory: Default permission factory to use when
            protecting an admin view. (Default:
            :func:`~.permissions.admin_permission_factory`)
        :param view_class_factory: Factory for creating admin view classes on
            the fly. Used to protect admin views with authentication and
            authorization. (Default:
            :func:`~.views.protected_adminview_factory`)
        :param index_view_class: Specify administrative interface index page.
            (Default: :class:`flask_admin.base.AdminIndexView`)
        :param kwargs: Passed to :class:`flask_admin.base.Admin`.
        :returns: Extension state.
        """
        self.init_config(app)
    
        default_permission_factory = app.config["ADMIN_PERMISSION_FACTORY"]
        permission_factory = permission_factory or import_string(
            default_permission_factory
        )
    
        # Create administration app.
    
&gt;       admin = Admin(
            app,
            name=app.config["ADMIN_APPNAME"],
            template_mode=app.config["ADMIN_TEMPLATE_MODE"],
            index_view=view_class_factory(index_view_class)(),
        )
E       TypeError: Admin.__init__() got an unexpected keyword argument 'template_mode'

.venv/lib/python3.12/site-packages/invenio_admin/ext.py:145: TypeError</failure></testcase><testcase classname="tests.test_cli" name="ISORT" time="0.019" /><testcase classname="tests.test_cli" name="black" time="0.182" /><testcase classname="tests.test_cli" name="test_simple_workflow" time="0.489" /><testcase classname="tests.test_helpers" name="ISORT" time="0.018" /><testcase classname="tests.test_helpers" name="black" time="0.178" /><testcase classname="tests.test_helpers" name="test_make_path" time="0.001" /><testcase classname="tests.test_invenio_files_rest" name="ISORT" time="0.017" /><testcase classname="tests.test_invenio_files_rest" name="black" time="0.202" /><testcase classname="tests.test_invenio_files_rest" name="test_version" time="0.001" /><testcase classname="tests.test_invenio_files_rest" name="test_init" time="0.005" /><testcase classname="tests.test_invenio_files_rest" name="test_alembic" time="2.220" /><testcase classname="tests.test_limiters" name="ISORT" time="0.011" /><testcase classname="tests.test_limiters" name="black" time="0.172" /><testcase classname="tests.test_limiters" name="test_file_size_limit_comparisons" time="0.001" /><testcase classname="tests.test_models" name="ISORT" time="0.166" /><testcase classname="tests.test_models" name="black" time="0.453" /><testcase classname="tests.test_models" name="test_location" time="0.299" /><testcase classname="tests.test_models" name="test_location_default" time="0.290" /><testcase classname="tests.test_models" name="test_location_validation" time="0.276" /><testcase classname="tests.test_models" name="test_bucket_removal" time="0.395" /><testcase classname="tests.test_models" name="test_bucket_kwargs_creation" time="0.311" /><testcase classname="tests.test_models" name="test_bucket_create_object" time="0.346" /><testcase classname="tests.test_models" name="test_bucket_retrieval" time="0.335" /><testcase classname="tests.test_models" name="test_object_create" time="0.380" /><testcase classname="tests.test_models" name="test_object_create_uq_constraint" time="0.353" /><testcase classname="tests.test_models" name="test_object_create_with_fileid" time="0.347" /><testcase classname="tests.test_models" name="test_object_multibucket" time="0.353" /><testcase classname="tests.test_models" name="test_object_get_by_bucket" time="0.516" /><testcase classname="tests.test_models" name="test_object_delete" time="0.367" /><testcase classname="tests.test_models" name="test_object_remove" time="0.372" /><testcase classname="tests.test_models" name="test_object_remove_marker" time="0.388" /><testcase classname="tests.test_models" name="test_object_set_contents" time="0.359" /><testcase classname="tests.test_models" name="test_object_set_location" time="0.322" /><testcase classname="tests.test_models" name="test_object_snapshot" time="0.493" /><testcase classname="tests.test_models" name="test_object_snapshot_deleted" time="0.321" /><testcase classname="tests.test_models" name="test_bucket_sync_new_object" time="0.371" /><testcase classname="tests.test_models" name="test_bucket_sync_same_object" time="0.362" /><testcase classname="tests.test_models" name="test_bucket_sync_deleted_object" time="0.397" /><testcase classname="tests.test_models" name="test_bucket_sync_add_deleted_object" time="0.434" /><testcase classname="tests.test_models" name="test_bucket_sync_delete_extras" time="0.387" /><testcase classname="tests.test_models" name="test_bucket_sync" time="0.644" /><testcase classname="tests.test_models" name="test_bucket_sync_deleted" time="0.316" /><testcase classname="tests.test_models" name="test_object_copy" time="0.399" /><testcase classname="tests.test_models" name="test_object_copy_from" time="0.376" /><testcase classname="tests.test_models" name="test_object_set_file" time="0.321" /><testcase classname="tests.test_models" name="test_object_mimetype" time="0.370" /><testcase classname="tests.test_models" name="test_object_restore" time="0.380" /><testcase classname="tests.test_models" name="test_object_relink_all" time="0.447" /><testcase classname="tests.test_models" name="test_object_validation" time="0.326" /><testcase classname="tests.test_models" name="test_bucket_tags" time="0.399" /><testcase classname="tests.test_models" name="test_fileinstance_get" time="0.336" /><testcase classname="tests.test_models" name="test_fileinstance_get_by_uri" time="0.330" /><testcase classname="tests.test_models" name="test_fileinstance_create" time="0.306" /><testcase classname="tests.test_models" name="test_fileinstance_set_contents" time="0.322" /><testcase classname="tests.test_models" name="test_fileinstance_copy_contents" time="0.333" /><testcase classname="tests.test_models" name="test_fileinstance_copy_contents_invalid" time="0.327" /><testcase classname="tests.test_models" name="test_fileinstance_send_file" time="0.315" /><testcase classname="tests.test_models" name="test_fileinstance_validation" time="0.295" /><testcase classname="tests.test_models" name="test_object_version_tags" time="0.427" /><testcase classname="tests.test_models_multipart" name="ISORT" time="0.024" /><testcase classname="tests.test_models_multipart" name="black" time="0.188" /><testcase classname="tests.test_models_multipart" name="test_multipart_creation" time="0.338" /><testcase classname="tests.test_models_multipart" name="test_multipart_last_part" time="0.338" /><testcase classname="tests.test_models_multipart" name="test_part_creation" time="0.611" /><testcase classname="tests.test_models_multipart" name="test_multipart_full" time="1.169" /><testcase classname="tests.test_request" name="ISORT" time="0.014" /><testcase classname="tests.test_request" name="black" time="0.173" /><testcase classname="tests.test_request" name="test_max_content_length" time="0.010" /><testcase classname="tests.test_serializer" name="ISORT" time="0.011" /><testcase classname="tests.test_serializer" name="black" time="0.169" /><testcase classname="tests.test_serializer" name="test_serialize_pretty" time="0.130" /><testcase classname="tests.test_signals" name="ISORT" time="0.014" /><testcase classname="tests.test_signals" name="black" time="0.178" /><testcase classname="tests.test_signals" name="test_signals" time="0.643" /><testcase classname="tests.test_storage" name="ISORT" time="0.064" /><testcase classname="tests.test_storage" name="black" time="0.244" /><testcase classname="tests.test_storage" name="test_storage_interface" time="0.001" /><testcase classname="tests.test_storage" name="test_pyfs_initialize" time="0.305" /><testcase classname="tests.test_storage" name="test_pyfs_delete" time="0.300" /><testcase classname="tests.test_storage" name="test_pyfs_delete_fail" time="0.317" /><testcase classname="tests.test_storage" name="test_pyfs_save" time="0.301" /><testcase classname="tests.test_storage" name="test_pyfs_save_failcleanup" time="0.304" /><testcase classname="tests.test_storage" name="test_pyfs_save_callback" time="0.308" /><testcase classname="tests.test_storage" name="test_pyfs_save_limits" time="0.319" /><testcase classname="tests.test_storage" name="test_pyfs_update" time="0.318" /><testcase classname="tests.test_storage" name="test_pyfs_update_fail" time="0.308" /><testcase classname="tests.test_storage" name="test_pyfs_checksum" time="0.002" /><testcase classname="tests.test_storage" name="test_pyfs_checksum_fail" time="0.002" /><testcase classname="tests.test_storage" name="test_pyfs_send_file" time="0.306" /><testcase classname="tests.test_storage" name="test_pyfs_send_file_for_download" time="0.302" /><testcase classname="tests.test_storage" name="test_pyfs_send_file_xss_prevention" time="0.306" /><testcase classname="tests.test_storage" name="test_pyfs_send_file_fail" time="0.319" /><testcase classname="tests.test_storage" name="test_pyfs_copy" time="0.347" /><testcase classname="tests.test_storage" name="test_non_unicode_filename" time="0.323" /><testcase classname="tests.test_tasks" name="ISORT" time="0.042" /><testcase classname="tests.test_tasks" name="black" time="0.217" /><testcase classname="tests.test_tasks" name="test_verify_checksum" time="0.414" /><testcase classname="tests.test_tasks" name="test_schedule_checksum_verification" time="4.498" /><testcase classname="tests.test_tasks" name="test_checksum_verification_non_readable" time="3.100" /><testcase classname="tests.test_tasks" name="test_migrate_file" time="0.478" /><testcase classname="tests.test_tasks" name="test_migrate_file_copyfail" time="0.468" /><testcase classname="tests.test_tasks" name="test_remove_file_data" time="0.471" /><testcase classname="tests.test_tasks" name="test_clear_orphaned_files" time="0.483" /><testcase classname="tests.test_views_bucket" name="ISORT" time="0.035" /><testcase classname="tests.test_views_bucket" name="black" time="0.196" /><testcase classname="tests.test_views_bucket" name="test_head[None-404]" time="0.512" /><testcase classname="tests.test_views_bucket" name="test_head[auth-404]" time="0.519" /><testcase classname="tests.test_views_bucket" name="test_head[objects-404]" time="0.527" /><testcase classname="tests.test_views_bucket" name="test_head[bucket-200]" time="0.535" /><testcase classname="tests.test_views_bucket" name="test_head[location-200]" time="0.531" /><testcase classname="tests.test_views_bucket" name="test_head_locked_deleted" time="0.560" /><testcase classname="tests.test_views_bucket" name="test_get[None-404]" time="0.627" /><testcase classname="tests.test_views_bucket" name="test_get[auth-404]" time="0.907" /><testcase classname="tests.test_views_bucket" name="test_get[objects-404]" time="0.634" /><testcase classname="tests.test_views_bucket" name="test_get[bucket-200]" time="0.672" /><testcase classname="tests.test_views_bucket" name="test_get[location-200]" time="0.685" /><testcase classname="tests.test_views_bucket" name="test_get_versions[None-404]" time="0.689" /><testcase classname="tests.test_views_bucket" name="test_get_versions[auth-404]" time="0.668" /><testcase classname="tests.test_views_bucket" name="test_get_versions[bucket-403]" time="0.652" /><testcase classname="tests.test_views_bucket" name="test_get_versions[objects-404]" time="0.675" /><testcase classname="tests.test_views_bucket" name="test_get_versions[location-200]" time="0.701" /><testcase classname="tests.test_views_bucket" name="test_get_empty_bucket[None-404]" time="0.702" /><testcase classname="tests.test_views_bucket" name="test_get_empty_bucket[auth-404]" time="0.699" /><testcase classname="tests.test_views_bucket" name="test_get_empty_bucket[objects-404]" time="0.698" /><testcase classname="tests.test_views_bucket" name="test_get_empty_bucket[bucket-200]" time="0.708" /><testcase classname="tests.test_views_bucket" name="test_get_empty_bucket[location-200]" time="0.946" /><testcase classname="tests.test_views_location" name="ISORT" time="0.019" /><testcase classname="tests.test_views_location" name="black" time="0.194" /><testcase classname="tests.test_views_location" name="test_post_bucket[None-401]" time="0.585" /><testcase classname="tests.test_views_location" name="test_post_bucket[auth-403]" time="0.609" /><testcase classname="tests.test_views_location" name="test_post_bucket[location-200]" time="0.614" /><testcase classname="tests.test_views_location" name="test_get_location[None-405]" time="0.500" /><testcase classname="tests.test_views_location" name="test_get_location[auth-405]" time="0.515" /><testcase classname="tests.test_views_location" name="test_get_location[location-405]" time="0.525" /><testcase classname="tests.test_views_multipart" name="ISORT" time="0.108" /><testcase classname="tests.test_views_multipart" name="black" time="0.290" /><testcase classname="tests.test_views_multipart" name="test_post_init[None-404]" time="0.532" /><testcase classname="tests.test_views_multipart" name="test_post_init[auth-404]" time="0.556" /><testcase classname="tests.test_views_multipart" name="test_post_init[objects-404]" time="0.552" /><testcase classname="tests.test_views_multipart" name="test_post_init[bucket-200]" time="0.587" /><testcase classname="tests.test_views_multipart" name="test_post_init[location-200]" time="0.599" /><testcase classname="tests.test_views_multipart" name="test_post_init_querystring" time="0.479" /><testcase classname="tests.test_views_multipart" name="test_get_init_not_allowed" time="0.336" /><testcase classname="tests.test_views_multipart" name="test_post_invalid_partsizes" time="0.489" /><testcase classname="tests.test_views_multipart" name="test_post_size_limits" time="0.487" /><testcase classname="tests.test_views_multipart" name="test_post_locked_bucket" time="0.488" /><testcase classname="tests.test_views_multipart" name="test_post_invalidkey" time="0.450" /><testcase classname="tests.test_views_multipart" name="test_put[None-404]" time="0.582" /><testcase classname="tests.test_views_multipart" name="test_put[auth-404]" time="0.886" /><testcase classname="tests.test_views_multipart" name="test_put[objects-404]" time="0.597" /><testcase classname="tests.test_views_multipart" name="test_put[bucket-200]" time="0.666" /><testcase classname="tests.test_views_multipart" name="test_put[location-200]" time="0.655" /><testcase classname="tests.test_views_multipart" name="test_put_not_found" time="0.626" /><testcase classname="tests.test_views_multipart" name="test_put_wrong_sizes" time="0.535" /><testcase classname="tests.test_views_multipart" name="test_put_ngfileupload" time="0.525" /><testcase classname="tests.test_views_multipart" name="test_put_invalid_part_number" time="0.562" /><testcase classname="tests.test_views_multipart" name="test_put_completed_multipart" time="0.525" /><testcase classname="tests.test_views_multipart" name="test_put_badstream" time="0.614" /><testcase classname="tests.test_views_multipart" name="test_get[None-404]" time="0.638" /><testcase classname="tests.test_views_multipart" name="test_get[auth-404]" time="0.636" /><testcase classname="tests.test_views_multipart" name="test_get[objects-404]" time="0.679" /><testcase classname="tests.test_views_multipart" name="test_get[bucket-200]" time="0.653" /><testcase classname="tests.test_views_multipart" name="test_get[location-200]" time="0.936" /><testcase classname="tests.test_views_multipart" name="test_get_empty" time="0.495" /><testcase classname="tests.test_views_multipart" name="test_get_serialization" time="0.556" /><testcase classname="tests.test_views_multipart" name="test_post_complete[None-404]" time="0.738" /><testcase classname="tests.test_views_multipart" name="test_post_complete[auth-404]" time="0.770" /><testcase classname="tests.test_views_multipart" name="test_post_complete[objects-404]" time="0.754" /><testcase classname="tests.test_views_multipart" name="test_post_complete[bucket-200]" time="1.151" /><testcase classname="tests.test_views_multipart" name="test_post_complete[location-200]" time="1.094" /><testcase classname="tests.test_views_multipart" name="test_post_complete_fail" time="0.938" /><testcase classname="tests.test_views_multipart" name="test_post_complete_timeout" time="1.618" /><testcase classname="tests.test_views_multipart" name="test_delete[None-404]" time="0.752" /><testcase classname="tests.test_views_multipart" name="test_delete[auth-404]" time="0.783" /><testcase classname="tests.test_views_multipart" name="test_delete[objects-404]" time="0.792" /><testcase classname="tests.test_views_multipart" name="test_delete[bucket-404]" time="0.775" /><testcase classname="tests.test_views_multipart" name="test_delete[location-204]" time="0.825" /><testcase classname="tests.test_views_multipart" name="test_delete_invalid" time="0.887" /><testcase classname="tests.test_views_multipart" name="test_delete_init_not_allowed" time="0.345" /><testcase classname="tests.test_views_multipart" name="test_get_listuploads[None-404]" time="0.789" /><testcase classname="tests.test_views_multipart" name="test_get_listuploads[auth-404]" time="0.796" /><testcase classname="tests.test_views_multipart" name="test_get_listuploads[objects-404]" time="0.817" /><testcase classname="tests.test_views_multipart" name="test_get_listuploads[bucket-404]" time="0.794" /><testcase classname="tests.test_views_multipart" name="test_get_listuploads[location-200]" time="0.794" /><testcase classname="tests.test_views_multipart" name="test_already_exhausted_input_stream" time="0.487" /><testcase classname="tests.test_views_objectversion" name="ISORT" time="0.129" /><testcase classname="tests.test_views_objectversion" name="black" time="0.337" /><testcase classname="tests.test_views_objectversion" name="test_get_not_found[None-404]" time="0.562" /><testcase classname="tests.test_views_objectversion" name="test_get_not_found[auth-404]" time="0.573" /><testcase classname="tests.test_views_objectversion" name="test_get_not_found[objects-404]" time="0.576" /><testcase classname="tests.test_views_objectversion" name="test_get_not_found[bucket-404]" time="0.586" /><testcase classname="tests.test_views_objectversion" name="test_get_not_found[location-404]" time="0.613" /><testcase classname="tests.test_views_objectversion" name="test_get[None-404]" time="0.877" /><testcase classname="tests.test_views_objectversion" name="test_get[auth-404]" time="0.889" /><testcase classname="tests.test_views_objectversion" name="test_get[bucket-200]" time="0.914" /><testcase classname="tests.test_views_objectversion" name="test_get[location-200]" time="0.898" /><testcase classname="tests.test_views_objectversion" name="test_get[objects-200]" time="0.851" /><testcase classname="tests.test_views_objectversion" name="test_get_with_x_sendfile" time="0.980" /><testcase classname="tests.test_views_objectversion" name="test_get_download" time="1.127" /><testcase classname="tests.test_views_objectversion" name="test_last_modified_utc_conversion" time="0.700" /><testcase classname="tests.test_views_objectversion" name="test_get_unreadable_file" time="0.652" /><testcase classname="tests.test_views_objectversion" name="test_get_versions[None-404]" time="0.779" /><testcase classname="tests.test_views_objectversion" name="test_get_versions[auth-404]" time="0.815" /><testcase classname="tests.test_views_objectversion" name="test_get_versions[objects-403]" time="0.831" /><testcase classname="tests.test_views_objectversion" name="test_get_versions[bucket-403]" time="0.841" /><testcase classname="tests.test_views_objectversion" name="test_get_versions[location-200]" time="0.926" /><testcase classname="tests.test_views_objectversion" name="test_get_versions_invalid[None]" time="0.793" /><testcase classname="tests.test_views_objectversion" name="test_get_versions_invalid[auth]" time="0.759" /><testcase classname="tests.test_views_objectversion" name="test_get_versions_invalid[objects]" time="0.769" /><testcase classname="tests.test_views_objectversion" name="test_get_versions_invalid[bucket]" time="0.833" /><testcase classname="tests.test_views_objectversion" name="test_get_versions_invalid[location]" time="0.789" /><testcase classname="tests.test_views_objectversion" name="test_post[None-404]" time="0.596" /><testcase classname="tests.test_views_objectversion" name="test_post[auth-404]" time="0.607" /><testcase classname="tests.test_views_objectversion" name="test_post[bucket-403]" time="0.611" /><testcase classname="tests.test_views_objectversion" name="test_post[location-403]" time="0.619" /><testcase classname="tests.test_views_objectversion" name="test_put[None-404]" time="0.606" /><testcase classname="tests.test_views_objectversion" name="test_put[auth-404]" time="0.949" /><testcase classname="tests.test_views_objectversion" name="test_put[objects-404]" time="0.613" /><testcase classname="tests.test_views_objectversion" name="test_put[bucket-200]" time="0.709" /><testcase classname="tests.test_views_objectversion" name="test_put[location-200]" time="0.715" /><testcase classname="tests.test_views_objectversion" name="test_put_versioning" time="0.936" /><testcase classname="tests.test_views_objectversion" name="test_put_file_size_errors[50-100-400-Bucket quota]" time="0.497" /><testcase classname="tests.test_views_objectversion" name="test_put_file_size_errors[100-50-400-Maximum file size]" time="0.503" /><testcase classname="tests.test_views_objectversion" name="test_put_file_size_errors[100-100-200-None]" time="0.609" /><testcase classname="tests.test_views_objectversion" name="test_put_file_size_errors[None-None-200-None]" time="0.607" /><testcase classname="tests.test_views_objectversion" name="test_put_invalid_key" time="0.508" /><testcase classname="tests.test_views_objectversion" name="test_put_zero_size" time="0.488" /><testcase classname="tests.test_views_objectversion" name="test_put_deleted_locked" time="0.618" /><testcase classname="tests.test_views_objectversion" name="test_put_error" time="0.546" /><testcase classname="tests.test_views_objectversion" name="test_put_multipartform" time="0.574" /><testcase classname="tests.test_views_objectversion" name="test_delete[None-404]" time="0.813" /><testcase classname="tests.test_views_objectversion" name="test_delete[auth-404]" time="0.829" /><testcase classname="tests.test_views_objectversion" name="test_delete[objects-403]" time="0.893" /><testcase classname="tests.test_views_objectversion" name="test_delete[bucket-204]" time="0.976" /><testcase classname="tests.test_views_objectversion" name="test_delete[location-204]" time="1.373" /><testcase classname="tests.test_views_objectversion" name="test_delete_versions[None-404]" time="0.877" /><testcase classname="tests.test_views_objectversion" name="test_delete_versions[auth-404]" time="0.883" /><testcase classname="tests.test_views_objectversion" name="test_delete_versions[objects-403]" time="1.017" /><testcase classname="tests.test_views_objectversion" name="test_delete_versions[bucket-403]" time="1.028" /><testcase classname="tests.test_views_objectversion" name="test_delete_versions[location-204]" time="1.235" /><testcase classname="tests.test_views_objectversion" name="test_delete_versions_head_reset" time="0.777" /><testcase classname="tests.test_views_objectversion" name="test_delete_locked_deleted" time="0.835" /><testcase classname="tests.test_views_objectversion" name="test_delete_unwritable" time="0.874" /><testcase classname="tests.test_views_objectversion" name="test_put_header_tags" time="0.809" /><testcase classname="tests.test_views_objectversion" name="test_put_header_invalid_tags" time="0.710" /><testcase classname="tests.test_views_objectversion" name="test_get_range_request_enabled" time="1.025" /><testcase classname="tests.test_views_objectversion" name="test_get_range_request_disabled" time="0.781" /><testcase classname="tests.testutils" name="PYDOCSTYLE" time="0.008" /><testcase classname="tests.testutils" name="ISORT" time="0.010" /><testcase classname="tests.testutils" name="black" time="0.170" /><testcase classname="invenio_files_rest.__init__" name="PYDOCSTYLE" time="0.014" /><testcase classname="invenio_files_rest.__init__" name="ISORT" time="0.082" /><testcase classname="invenio_files_rest.__init__" name="black" time="0.195" /><testcase classname="invenio_files_rest.__init__" name="invenio_files_rest" time="0.057"><failure message="064 &gt;&gt;&gt; from invenio_access import InvenioAccess&#10;065 &gt;&gt;&gt; from invenio_celery import InvenioCelery&#10;066 &gt;&gt;&gt; from invenio_files_rest import InvenioFilesREST&#10;067 &gt;&gt;&gt; from invenio_files_rest.views import blueprint&#10;068 &#10;069 &gt;&gt;&gt; ext_babel = Babel(app)&#10;070 &gt;&gt;&gt; ext_menu = Menu(app)&#10;071 &gt;&gt;&gt; ext_db = InvenioDB(app)&#10;072 &gt;&gt;&gt; ext_rest = InvenioREST(app)&#10;073 &gt;&gt;&gt; ext_admin = InvenioAdmin(app)&#10;UNEXPECTED EXCEPTION: TypeError(&quot;Admin.__init__() got an unexpected keyword argument 'template_mode'&quot;)&#10;Traceback (most recent call last):&#10;  File &quot;/opt/hostedtoolcache/Python/3.12.12/x64/lib/python3.12/doctest.py&quot;, line 1368, in __run&#10;    exec(compile(example.source, filename, &quot;single&quot;,&#10;  File &quot;&lt;doctest invenio_files_rest[31]&gt;&quot;, line 1, in &lt;module&gt;&#10;  File &quot;/home/runner/work/invenio-testrig/invenio-testrig/package-repo/.venv/lib/python3.12/site-packages/invenio_admin/ext.py&quot;, line 109, in __init__&#10;    self._state = self.init_app(app, **kwargs)&#10;                  ^^^^^^^^^^^^^^^^^^^^^^^^^^^^&#10;  File &quot;/home/runner/work/invenio-testrig/invenio-testrig/package-repo/.venv/lib/python3.12/site-packages/invenio_admin/ext.py&quot;, line 145, in init_app&#10;    admin = Admin(&#10;            ^^^^^^&#10;TypeError: Admin.__init__() got an unexpected keyword argument 'template_mode'&#10;/home/runner/work/invenio-testrig/invenio-testrig/package-repo/invenio_files_rest/__init__.py:73: UnexpectedException">064 &gt;&gt;&gt; from invenio_access import InvenioAccess
065 &gt;&gt;&gt; from invenio_celery import InvenioCelery
066 &gt;&gt;&gt; from invenio_files_rest import InvenioFilesREST
067 &gt;&gt;&gt; from invenio_files_rest.views import blueprint
068 
069 &gt;&gt;&gt; ext_babel = Babel(app)
070 &gt;&gt;&gt; ext_menu = Menu(app)
071 &gt;&gt;&gt; ext_db = InvenioDB(app)
072 &gt;&gt;&gt; ext_rest = InvenioREST(app)
073 &gt;&gt;&gt; ext_admin = InvenioAdmin(app)
UNEXPECTED EXCEPTION: TypeError("Admin.__init__() got an unexpected keyword argument 'template_mode'")
Traceback (most recent call last):
  File "/opt/hostedtoolcache/Python/3.12.12/x64/lib/python3.12/doctest.py", line 1368, in __run
    exec(compile(example.source, filename, "single",
  File "&lt;doctest invenio_files_rest[31]&gt;", line 1, in &lt;module&gt;
  File "/home/runner/work/invenio-testrig/invenio-testrig/package-repo/.venv/lib/python3.12/site-packages/invenio_admin/ext.py", line 109, in __init__
    self._state = self.init_app(app, **kwargs)
                  ^^^^^^^^^^^^^^^^^^^^^^^^^^^^
  File "/home/runner/work/invenio-testrig/invenio-testrig/package-repo/.venv/lib/python3.12/site-packages/invenio_admin/ext.py", line 145, in init_app
    admin = Admin(
            ^^^^^^
TypeError: Admin.__init__() got an unexpected keyword argument 'template_mode'
/home/runner/work/invenio-testrig/invenio-testrig/package-repo/invenio_files_rest/__init__.py:73: UnexpectedException</failure></testcase><testcase classname="invenio_files_rest.admin" name="PYDOCSTYLE" time="0.025" /><testcase classname="invenio_files_rest.admin" name="ISORT" time="0.074" /><testcase classname="invenio_files_rest.admin" name="black" time="0.233" /><testcase classname="invenio_files_rest.alembic.2e97565eba72_create_files_rest_tables" name="PYDOCSTYLE" time="0.021" /><testcase classname="invenio_files_rest.alembic.2e97565eba72_create_files_rest_tables" name="ISORT" time="0.034" /><testcase classname="invenio_files_rest.alembic.2e97565eba72_create_files_rest_tables" name="black" time="0.215" /><testcase classname="invenio_files_rest.alembic.52ce868f33c3_create_files_rest_branch" name="PYDOCSTYLE" time="0.003" /><testcase classname="invenio_files_rest.alembic.52ce868f33c3_create_files_rest_branch" name="ISORT" time="0.009" /><testcase classname="invenio_files_rest.alembic.52ce868f33c3_create_files_rest_branch" name="black" time="0.167" /><testcase classname="invenio_files_rest.alembic.8ae99b034410_create_files_objecttags_table" name="PYDOCSTYLE" time="0.007" /><testcase classname="invenio_files_rest.alembic.8ae99b034410_create_files_objecttags_table" name="ISORT" time="0.019" /><testcase classname="invenio_files_rest.alembic.8ae99b034410_create_files_objecttags_table" name="black" time="0.178" /><testcase classname="invenio_files_rest.alembic.a29271fd78f8_create_files_object_partial_unique_index" name="PYDOCSTYLE" time="0.004" /><testcase classname="invenio_files_rest.alembic.a29271fd78f8_create_files_object_partial_unique_index" name="ISORT" time="0.012" /><testcase classname="invenio_files_rest.alembic.a29271fd78f8_create_files_object_partial_unique_index" name="black" time="0.168" /><testcase classname="invenio_files_rest.alembic.e172c837b036_add_indexes" name="PYDOCSTYLE" time="0.006" /><testcase classname="invenio_files_rest.alembic.e172c837b036_add_indexes" name="ISORT" time="0.017" /><testcase classname="invenio_files_rest.alembic.e172c837b036_add_indexes" name="black" time="0.176" /><testcase classname="invenio_files_rest.alembic.f741aa746a7d_alter_files_files_last_check_column_to_" name="PYDOCSTYLE" time="0.004" /><testcase classname="invenio_files_rest.alembic.f741aa746a7d_alter_files_files_last_check_column_to_" name="ISORT" time="0.010" /><testcase classname="invenio_files_rest.alembic.f741aa746a7d_alter_files_files_last_check_column_to_" name="black" time="0.168" /><testcase classname="invenio_files_rest.app" name="PYDOCSTYLE" time="0.003" /><testcase classname="invenio_files_rest.app" name="ISORT" time="0.009" /><testcase classname="invenio_files_rest.app" name="black" time="0.165" /><testcase classname="invenio_files_rest.cli" name="PYDOCSTYLE" time="0.014" /><testcase classname="invenio_files_rest.cli" name="ISORT" time="0.029" /><testcase classname="invenio_files_rest.cli" name="black" time="0.189" /><testcase classname="invenio_files_rest.config" name="PYDOCSTYLE" time="0.005" /><testcase classname="invenio_files_rest.config" name="ISORT" time="0.022" /><testcase classname="invenio_files_rest.config" name="black" time="0.179" /><testcase classname="invenio_files_rest.errors" name="PYDOCSTYLE" time="0.013" /><testcase classname="invenio_files_rest.errors" name="ISORT" time="0.027" /><testcase classname="invenio_files_rest.errors" name="black" time="0.185" /><testcase classname="invenio_files_rest.ext" name="PYDOCSTYLE" time="0.013" /><testcase classname="invenio_files_rest.ext" name="ISORT" time="0.022" /><testcase classname="invenio_files_rest.ext" name="black" time="0.182" /><testcase classname="invenio_files_rest.formparser" name="PYDOCSTYLE" time="0.007" /><testcase classname="invenio_files_rest.formparser" name="ISORT" time="0.014" /><testcase classname="invenio_files_rest.formparser" name="black" time="0.173" /><testcase classname="invenio_files_rest.helpers" name="PYDOCSTYLE" time="0.023" /><testcase classname="invenio_files_rest.helpers" name="ISORT" time="0.051" /><testcase classname="invenio_files_rest.helpers" name="black" time="0.217" /><testcase classname="invenio_files_rest.limiters" name="PYDOCSTYLE" time="0.008" /><testcase classname="invenio_files_rest.limiters" name="ISORT" time="0.014" /><testcase classname="invenio_files_rest.limiters" name="black" time="0.175" /><testcase classname="invenio_files_rest.models" name="PYDOCSTYLE" time="0.146" /><testcase classname="invenio_files_rest.models" name="ISORT" time="0.258" /><testcase classname="invenio_files_rest.models" name="black" time="0.496" /><testcase classname="invenio_files_rest.permissions" name="PYDOCSTYLE" time="0.009" /><testcase classname="invenio_files_rest.permissions" name="ISORT" time="0.023" /><testcase classname="invenio_files_rest.permissions" name="black" time="0.186" /><testcase classname="invenio_files_rest.proxies" name="PYDOCSTYLE" time="0.003" /><testcase classname="invenio_files_rest.proxies" name="ISORT" time="0.008" /><testcase classname="invenio_files_rest.proxies" name="black" time="0.164" /><testcase classname="invenio_files_rest.serializer" name="PYDOCSTYLE" time="0.025" /><testcase classname="invenio_files_rest.serializer" name="ISORT" time="0.054" /><testcase classname="invenio_files_rest.serializer" name="black" time="0.226" /><testcase classname="invenio_files_rest.signals" name="PYDOCSTYLE" time="0.003" /><testcase classname="invenio_files_rest.signals" name="ISORT" time="0.008" /><testcase classname="invenio_files_rest.signals" name="black" time="0.164" /><testcase classname="invenio_files_rest.storage.__init__" name="PYDOCSTYLE" time="0.003" /><testcase classname="invenio_files_rest.storage.__init__" name="ISORT" time="0.006" /><testcase classname="invenio_files_rest.storage.__init__" name="black" time="0.165" /><testcase classname="invenio_files_rest.storage.base" name="PYDOCSTYLE" time="0.021" /><testcase classname="invenio_files_rest.storage.base" name="ISORT" time="0.042" /><testcase classname="invenio_files_rest.storage.base" name="black" time="0.227" /><testcase classname="invenio_files_rest.storage.pyfs" name="PYDOCSTYLE" time="0.016" /><testcase classname="invenio_files_rest.storage.pyfs" name="ISORT" time="0.033" /><testcase classname="invenio_files_rest.storage.pyfs" name="black" time="0.215" /><testcase classname="invenio_files_rest.tasks" name="PYDOCSTYLE" time="0.024" /><testcase classname="invenio_files_rest.tasks" name="ISORT" time="0.053" /><testcase classname="invenio_files_rest.tasks" name="black" time="0.230" /><testcase classname="invenio_files_rest.utils" name="PYDOCSTYLE" time="0.007" /><testcase classname="invenio_files_rest.utils" name="ISORT" time="0.013" /><testcase classname="invenio_files_rest.utils" name="black" time="0.178" /><testcase classname="invenio_files_rest.views" name="PYDOCSTYLE" time="0.071" /><testcase classname="invenio_files_rest.views" name="ISORT" time="0.143" /><testcase classname="invenio_files_rest.views" name="black" time="0.345" /><testcase classname="invenio_files_rest.wrappers" name="PYDOCSTYLE" time="0.003" /><testcase classname="invenio_files_rest.wrappers" name="ISORT" time="0.008" /><testcase classname="invenio_files_rest.wrappers" name="black" time="0.175" /></testsuite></testsuites>