 rabbitmq Pulling 
 redis Pulling 
 postgresql Pulling 
 elasticsearch Pulling 
 ae4ce04d0e1c Pulling fs layer 
 a4b3f7e54d4e Pulling fs layer 
 3ab924b113fe Pulling fs layer 
 71b80172ae45 Pulling fs layer 
 b08e1dddf844 Pulling fs layer 
 a2684f00dd15 Pulling fs layer 
 4f4fb700ef54 Pulling fs layer 
 9d331a63f5f9 Pulling fs layer 
 71b80172ae45 Waiting 
 b08e1dddf844 Waiting 
 a2684f00dd15 Waiting 
 4f4fb700ef54 Waiting 
 9d331a63f5f9 Waiting 
 3ab924b113fe Downloading [==================================================>]     874B/874B
 3ab924b113fe Download complete 
 ae4ce04d0e1c Downloading [>                                                  ]    284kB/28.23MB
 71b80172ae45 Downloading [>                                                  ]  14.46kB/1.438MB
 ae4ce04d0e1c Downloading [==============================>                    ]  17.12MB/28.23MB
 ae4ce04d0e1c Verifying Checksum 
 ae4ce04d0e1c Download complete 
 71b80172ae45 Verifying Checksum 
 71b80172ae45 Download complete 
 ae4ce04d0e1c Extracting [>                                                  ]  294.9kB/28.23MB
 ae4ce04d0e1c Extracting [===========>                                       ]  6.488MB/28.23MB
 ae4ce04d0e1c Extracting [=================>                                 ]  10.03MB/28.23MB
 a2684f00dd15 Downloading [==================================================>]      96B/96B
 a2684f00dd15 Verifying Checksum 
 a2684f00dd15 Download complete 
 ae4ce04d0e1c Extracting [============================>                      ]  15.93MB/28.23MB
 4f4fb700ef54 Downloading [==================================================>]      32B/32B
 4f4fb700ef54 Verifying Checksum 
 4f4fb700ef54 Download complete 
 ae4ce04d0e1c Extracting [=========================================>         ]  23.59MB/28.23MB
 a4b3f7e54d4e Downloading [==========================================>        ]     934B/1.099kB
 a4b3f7e54d4e Downloading [==================================================>]  1.099kB/1.099kB
 a4b3f7e54d4e Verifying Checksum 
 ae4ce04d0e1c Extracting [==========================================>        ]  23.89MB/28.23MB
 ae4ce04d0e1c Extracting [===============================================>   ]  26.84MB/28.23MB
 ddf49b9115d7 Pulling fs layer 
 a752d85b289a Pulling fs layer 
 57c9a166c575 Pulling fs layer 
 44fabf20c8a1 Pulling fs layer 
 45ea1d560ab5 Pulling fs layer 
 0dc15e54b214 Pulling fs layer 
 cf11b2a25e23 Pulling fs layer 
 3a66822889ec Pulling fs layer 
 be7444f2e9d6 Pulling fs layer 
 a752d85b289a Waiting 
 57c9a166c575 Waiting 
 44fabf20c8a1 Waiting 
 45ea1d560ab5 Waiting 
 0dc15e54b214 Waiting 
 cf11b2a25e23 Waiting 
 3a66822889ec Waiting 
 be7444f2e9d6 Waiting 
 ae4ce04d0e1c Extracting [================================================>  ]  27.43MB/28.23MB
 b08e1dddf844 Downloading [>                                                  ]  155.9kB/15.35MB
 b08e1dddf844 Verifying Checksum 
 b08e1dddf844 Download complete 
 ae4ce04d0e1c Extracting [==================================================>]  28.23MB/28.23MB
 ae4ce04d0e1c Pull complete 
 a4b3f7e54d4e Extracting [==================================================>]  1.099kB/1.099kB
 a4b3f7e54d4e Extracting [==================================================>]  1.099kB/1.099kB
 a752d85b289a Downloading [>                                                  ]  256.4kB/25.12MB
 a752d85b289a Downloading [====================>                              ]  10.12MB/25.12MB
 ddf49b9115d7 Downloading [>                                                  ]  540.7kB/84.72MB
 a752d85b289a Downloading [===========================================>       ]  22.04MB/25.12MB
 a752d85b289a Verifying Checksum 
 a752d85b289a Download complete 
 ddf49b9115d7 Downloading [======>                                            ]   10.7MB/84.72MB
 ddf49b9115d7 Downloading [============>                                      ]  20.84MB/84.72MB
 ddf49b9115d7 Downloading [=================>                                 ]  29.37MB/84.72MB
 ddf49b9115d7 Downloading [=======================>                           ]  39.51MB/84.72MB
 57c9a166c575 Downloading [====================>                              ]  1.019kB/2.538kB
 57c9a166c575 Downloading [==================================================>]  2.538kB/2.538kB
 57c9a166c575 Verifying Checksum 
 57c9a166c575 Download complete 
 ddf49b9115d7 Downloading [=============================>                     ]  49.66MB/84.72MB
 ddf49b9115d7 Downloading [==================================>                ]  58.17MB/84.72MB
 ddf49b9115d7 Downloading [======================================>            ]  65.66MB/84.72MB
 ddf49b9115d7 Downloading [=============================================>     ]  76.85MB/84.72MB
 ddf49b9115d7 Verifying Checksum 
 ddf49b9115d7 Download complete 
 44fabf20c8a1 Downloading [>                                                  ]  540.7kB/252.2MB
 ddf49b9115d7 Extracting [>                                                  ]  557.1kB/84.72MB
 a4b3f7e54d4e Pull complete 
 3ab924b113fe Extracting [==================================================>]     874B/874B
 3ab924b113fe Extracting [==================================================>]     874B/874B
 44fabf20c8a1 Downloading [=>                                                 ]  7.467MB/252.2MB
 ddf49b9115d7 Extracting [>                                                  ]  1.114MB/84.72MB
 3ab924b113fe Pull complete 
 71b80172ae45 Extracting [=>                                                 ]  32.77kB/1.438MB
 71b80172ae45 Extracting [==================================================>]  1.438MB/1.438MB
 71b80172ae45 Extracting [==================================================>]  1.438MB/1.438MB
 ddf49b9115d7 Extracting [===>                                               ]  6.685MB/84.72MB
 44fabf20c8a1 Downloading [====>                                              ]   20.8MB/252.2MB
 71b80172ae45 Pull complete 
 b08e1dddf844 Extracting [>                                                  ]  163.8kB/15.35MB
 44fabf20c8a1 Downloading [=====>                                             ]  27.73MB/252.2MB
 ddf49b9115d7 Extracting [======>                                            ]   11.7MB/84.72MB
 b08e1dddf844 Extracting [====================>                              ]   6.39MB/15.35MB
 44fabf20c8a1 Downloading [======>                                            ]   33.6MB/252.2MB
 b08e1dddf844 Extracting [============================================>      ]   13.6MB/15.35MB
 b08e1dddf844 Extracting [==================================================>]  15.35MB/15.35MB
 44fabf20c8a1 Downloading [========>                                          ]  43.21MB/252.2MB
 45ea1d560ab5 Downloading [=====>                                             ]  1.018kB/10.09kB
 45ea1d560ab5 Downloading [==================================================>]  10.09kB/10.09kB
 45ea1d560ab5 Verifying Checksum 
 45ea1d560ab5 Download complete 
 b08e1dddf844 Pull complete 
 a2684f00dd15 Extracting [==================================================>]      96B/96B
 a2684f00dd15 Extracting [==================================================>]      96B/96B
 a2684f00dd15 Pull complete 
 4f4fb700ef54 Extracting [==================================================>]      32B/32B
 4f4fb700ef54 Extracting [==================================================>]      32B/32B
 4f4fb700ef54 Pull complete 
 44fabf20c8a1 Downloading [=========>                                         ]  49.58MB/252.2MB
 ddf49b9115d7 Extracting [========>                                          ]  15.04MB/84.72MB
 ddf49b9115d7 Extracting [===========>                                       ]   19.5MB/84.72MB
 44fabf20c8a1 Downloading [===========>                                       ]  57.57MB/252.2MB
 ddf49b9115d7 Extracting [============>                                      ]  21.17MB/84.72MB
 44fabf20c8a1 Downloading [=============>                                     ]   66.1MB/252.2MB
 0dc15e54b214 Downloading [==================================================>]     298B/298B
 0dc15e54b214 Verifying Checksum 
 0dc15e54b214 Download complete 
 ddf49b9115d7 Extracting [=============>                                     ]   23.4MB/84.72MB
 44fabf20c8a1 Downloading [==============>                                    ]  75.17MB/252.2MB
 44fabf20c8a1 Downloading [================>                                  ]  84.25MB/252.2MB
 ddf49b9115d7 Extracting [================>                                  ]  27.85MB/84.72MB
 44fabf20c8a1 Downloading [==================>                                ]  92.27MB/252.2MB
 ddf49b9115d7 Extracting [=====================>                             ]  36.21MB/84.72MB
 cf11b2a25e23 Downloading [===========================>                       ]  1.019kB/1.883kB
 cf11b2a25e23 Downloading [==================================================>]  1.883kB/1.883kB
 cf11b2a25e23 Verifying Checksum 
 cf11b2a25e23 Download complete 
 ddf49b9115d7 Extracting [==========================>                        ]  44.56MB/84.72MB
 44fabf20c8a1 Downloading [===================>                               ]   99.2MB/252.2MB
 ddf49b9115d7 Extracting [==============================>                    ]  51.81MB/84.72MB
 44fabf20c8a1 Downloading [=====================>                             ]  108.3MB/252.2MB
 44fabf20c8a1 Downloading [=======================>                           ]  119.5MB/252.2MB
 ddf49b9115d7 Extracting [==================================>                ]  57.93MB/84.72MB
 44fabf20c8a1 Downloading [=========================>                         ]  126.9MB/252.2MB
 ddf49b9115d7 Extracting [===================================>               ]  60.16MB/84.72MB
 44fabf20c8a1 Downloading [==========================>                        ]  135.5MB/252.2MB
 ddf49b9115d7 Extracting [====================================>              ]  61.28MB/84.72MB
 44fabf20c8a1 Downloading [============================>                      ]  142.9MB/252.2MB
 ddf49b9115d7 Extracting [====================================>              ]  61.83MB/84.72MB
 44fabf20c8a1 Downloading [=============================>                     ]  149.8MB/252.2MB
 3a66822889ec Downloading [============>                                      ]  1.019kB/3.958kB
 3a66822889ec Downloading [==================================================>]  3.958kB/3.958kB
 3a66822889ec Download complete 
 44fabf20c8a1 Downloading [===============================>                   ]  159.4MB/252.2MB
 ddf49b9115d7 Extracting [======================================>            ]  65.18MB/84.72MB
 44fabf20c8a1 Downloading [=================================>                 ]    168MB/252.2MB
 ddf49b9115d7 Extracting [========================================>          ]  67.96MB/84.72MB
 44fabf20c8a1 Downloading [===================================>               ]  177.1MB/252.2MB
 ddf49b9115d7 Extracting [=========================================>         ]  70.19MB/84.72MB
 be7444f2e9d6 Downloading [>                                                  ]  2.738kB/211.5kB
 be7444f2e9d6 Downloading [==================================================>]  211.5kB/211.5kB
 be7444f2e9d6 Verifying Checksum 
 be7444f2e9d6 Download complete 
 44fabf20c8a1 Downloading [=====================================>             ]  187.2MB/252.2MB
 ddf49b9115d7 Extracting [=============================================>     ]  76.32MB/84.72MB
 44fabf20c8a1 Downloading [=======================================>           ]  197.3MB/252.2MB
 44fabf20c8a1 Downloading [========================================>          ]  205.3MB/252.2MB
 ddf49b9115d7 Extracting [==============================================>    ]  77.99MB/84.72MB
 44fabf20c8a1 Downloading [==========================================>        ]  214.4MB/252.2MB
 ddf49b9115d7 Extracting [===============================================>   ]  80.22MB/84.72MB
 44fabf20c8a1 Downloading [============================================>      ]  225.5MB/252.2MB
 44fabf20c8a1 Downloading [==============================================>    ]  236.7MB/252.2MB
 44fabf20c8a1 Downloading [=================================================> ]  247.4MB/252.2MB
 ddf49b9115d7 Extracting [===============================================>   ]  80.77MB/84.72MB
 44fabf20c8a1 Verifying Checksum 
 44fabf20c8a1 Download complete 
 ddf49b9115d7 Extracting [=================================================> ]  84.12MB/84.72MB
 ddf49b9115d7 Extracting [==================================================>]  84.72MB/84.72MB
 ddf49b9115d7 Pull complete 
 a752d85b289a Extracting [>                                                  ]  262.1kB/25.12MB
 a752d85b289a Extracting [=========>                                         ]  4.981MB/25.12MB
 a752d85b289a Extracting [==========>                                        ]  5.505MB/25.12MB
 a752d85b289a Extracting [=============>                                     ]  6.816MB/25.12MB
 a752d85b289a Extracting [=================>                                 ]  8.651MB/25.12MB
 a752d85b289a Extracting [========================>                          ]  12.06MB/25.12MB
 a752d85b289a Extracting [======================================>            ]  19.14MB/25.12MB
 a752d85b289a Extracting [=======================================>           ]  19.92MB/25.12MB
 a752d85b289a Extracting [========================================>          ]  20.19MB/25.12MB
 a752d85b289a Extracting [=========================================>         ]  20.71MB/25.12MB
 a752d85b289a Extracting [==================================================>]  25.12MB/25.12MB
 a752d85b289a Pull complete 
 57c9a166c575 Extracting [==================================================>]  2.538kB/2.538kB
 57c9a166c575 Extracting [==================================================>]  2.538kB/2.538kB
 57c9a166c575 Pull complete 
 44fabf20c8a1 Extracting [>                                                  ]  557.1kB/252.2MB
 44fabf20c8a1 Extracting [=====>                                             ]  28.41MB/252.2MB
 44fabf20c8a1 Extracting [===========>                                       ]  55.71MB/252.2MB
 44fabf20c8a1 Extracting [================>                                  ]  84.12MB/252.2MB
 44fabf20c8a1 Extracting [==================>                                ]  92.47MB/252.2MB
 44fabf20c8a1 Extracting [====================>                              ]  101.9MB/252.2MB
 44fabf20c8a1 Extracting [======================>                            ]  111.4MB/252.2MB
 44fabf20c8a1 Extracting [=======================>                           ]  120.3MB/252.2MB
 9d331a63f5f9 Download complete 
 9d331a63f5f9 Extracting [==================================================>]     573B/573B
 9d331a63f5f9 Extracting [==================================================>]     573B/573B
 44fabf20c8a1 Extracting [=========================>                         ]  128.1MB/252.2MB
 9d331a63f5f9 Pull complete 
 redis Pulled 
 44fabf20c8a1 Extracting [===========================>                       ]  136.5MB/252.2MB
 44fabf20c8a1 Extracting [============================>                      ]  144.8MB/252.2MB
 44fabf20c8a1 Extracting [==============================>                    ]  152.6MB/252.2MB
 44fabf20c8a1 Extracting [===============================>                   ]    161MB/252.2MB
 44fabf20c8a1 Extracting [==================================>                ]  172.1MB/252.2MB
 44fabf20c8a1 Extracting [=======================================>           ]  197.2MB/252.2MB
 44fabf20c8a1 Extracting [=========================================>         ]  210.6MB/252.2MB
 44fabf20c8a1 Extracting [============================================>      ]  223.9MB/252.2MB
 44fabf20c8a1 Extracting [==============================================>    ]  233.4MB/252.2MB
 44fabf20c8a1 Extracting [================================================>  ]  245.1MB/252.2MB
 44fabf20c8a1 Extracting [==================================================>]  252.2MB/252.2MB
 44fabf20c8a1 Pull complete 
 45ea1d560ab5 Extracting [==================================================>]  10.09kB/10.09kB
 45ea1d560ab5 Extracting [==================================================>]  10.09kB/10.09kB
 45ea1d560ab5 Pull complete 
 0dc15e54b214 Extracting [==================================================>]     298B/298B
 0dc15e54b214 Extracting [==================================================>]     298B/298B
 0dc15e54b214 Pull complete 
 cf11b2a25e23 Extracting [==================================================>]  1.883kB/1.883kB
 cf11b2a25e23 Extracting [==================================================>]  1.883kB/1.883kB
 cf11b2a25e23 Pull complete 
 3a66822889ec Extracting [==================================================>]  3.958kB/3.958kB
 3a66822889ec Extracting [==================================================>]  3.958kB/3.958kB
 3a66822889ec Pull complete 
 be7444f2e9d6 Extracting [=======>                                           ]  32.77kB/211.5kB
 be7444f2e9d6 Extracting [==================================================>]  211.5kB/211.5kB
 be7444f2e9d6 Extracting [==================================================>]  211.5kB/211.5kB
 be7444f2e9d6 Pull complete 
 elasticsearch Pulled 
 b0a0cf830b12 Pulling fs layer 
 dda3d8fbd5ed Pulling fs layer 
 283a477db7bb Pulling fs layer 
 91d2729fa4d5 Pulling fs layer 
 9739ced65621 Pulling fs layer 
 ae3bb1b347a4 Pulling fs layer 
 f8406d9c00ea Pulling fs layer 
 c199bff16b05 Pulling fs layer 
 e0d55fdb4d15 Pulling fs layer 
 c1cb13b19080 Pulling fs layer 
 873532e5f8c7 Pulling fs layer 
 050d9f8c3b1c Pulling fs layer 
 710e142705f8 Pulling fs layer 
 cb628c265f09 Pulling fs layer 
 91d2729fa4d5 Waiting 
 9739ced65621 Waiting 
 ae3bb1b347a4 Waiting 
 f8406d9c00ea Waiting 
 c199bff16b05 Waiting 
 e0d55fdb4d15 Waiting 
 050d9f8c3b1c Waiting 
 c1cb13b19080 Waiting 
 710e142705f8 Waiting 
 873532e5f8c7 Waiting 
 cb628c265f09 Waiting 
 283a477db7bb Downloading [>                                                  ]  46.52kB/4.533MB
 dda3d8fbd5ed Downloading [==================================================>]  1.165kB/1.165kB
 dda3d8fbd5ed Download complete 
 b0a0cf830b12 Downloading [>                                                  ]  307.2kB/29.15MB
 283a477db7bb Verifying Checksum 
 283a477db7bb Download complete 
 b0a0cf830b12 Downloading [==========================================>        ]   24.9MB/29.15MB
 b0a0cf830b12 Download complete 
 91d2729fa4d5 Downloading [>                                                  ]  14.62kB/1.45MB
 b0a0cf830b12 Extracting [>                                                  ]  294.9kB/29.15MB
 91d2729fa4d5 Verifying Checksum 
 91d2729fa4d5 Download complete 
 9739ced65621 Downloading [>                                                  ]   84.3kB/8.069MB
 b0a0cf830b12 Extracting [==========>                                        ]  6.193MB/29.15MB
 9739ced65621 Verifying Checksum 
 9739ced65621 Download complete 
 ae3bb1b347a4 Downloading [>                                                  ]  13.09kB/1.196MB
 f8406d9c00ea Download complete 
 ae3bb1b347a4 Verifying Checksum 
 ae3bb1b347a4 Download complete 
 b0a0cf830b12 Extracting [=================>                                 ]  10.03MB/29.15MB
 b0a0cf830b12 Extracting [=========================>                         ]  15.04MB/29.15MB
 b0a0cf830b12 Extracting [========================================>          ]  23.89MB/29.15MB
 c1cb13b19080 Downloading [====>                                              ]     933B/9.925kB
 c1cb13b19080 Downloading [==================================================>]  9.925kB/9.925kB
 c1cb13b19080 Verifying Checksum 
 c1cb13b19080 Download complete 
 b0a0cf830b12 Extracting [==========================================>        ]  24.77MB/29.15MB
 b0a0cf830b12 Extracting [===============================================>   ]  27.72MB/29.15MB
 b0a0cf830b12 Extracting [================================================>  ]  28.31MB/29.15MB
 c199bff16b05 Downloading [==============>                                    ]     934B/3.145kB
 c199bff16b05 Downloading [==================================================>]  3.145kB/3.145kB
 c199bff16b05 Verifying Checksum 
 c199bff16b05 Download complete 
 b0a0cf830b12 Extracting [==================================================>]  29.15MB/29.15MB
 b0a0cf830b12 Pull complete 
 dda3d8fbd5ed Extracting [==================================================>]  1.165kB/1.165kB
 dda3d8fbd5ed Extracting [==================================================>]  1.165kB/1.165kB
 dda3d8fbd5ed Pull complete 
 283a477db7bb Extracting [>                                                  ]  65.54kB/4.533MB
 283a477db7bb Extracting [==================================================>]  4.533MB/4.533MB
 283a477db7bb Pull complete 
 91d2729fa4d5 Extracting [=>                                                 ]  32.77kB/1.45MB
 91d2729fa4d5 Extracting [==================================================>]   1.45MB/1.45MB
 91d2729fa4d5 Pull complete 
 9739ced65621 Extracting [>                                                  ]   98.3kB/8.069MB
 873532e5f8c7 Downloading [==================================================>]     128B/128B
 873532e5f8c7 Verifying Checksum 
 873532e5f8c7 Download complete 
 9739ced65621 Extracting [========================>                          ]  3.932MB/8.069MB
 9739ced65621 Extracting [=====================================>             ]  6.095MB/8.069MB
 20043066d3d5 Pulling fs layer 
 3fadc669ef11 Pulling fs layer 
 7084ac8f4ab6 Pulling fs layer 
 beb0d870d438 Pulling fs layer 
 d63c4408fdb7 Pulling fs layer 
 efa05c660812 Pulling fs layer 
 f4e7f62f4b80 Pulling fs layer 
 5e1c03b67a78 Pulling fs layer 
 14e6209d5fa8 Pulling fs layer 
 d686b50ce172 Pulling fs layer 
 3fadc669ef11 Waiting 
 7084ac8f4ab6 Waiting 
 beb0d870d438 Waiting 
 d63c4408fdb7 Waiting 
 efa05c660812 Waiting 
 f4e7f62f4b80 Waiting 
 5e1c03b67a78 Waiting 
 14e6209d5fa8 Waiting 
 d686b50ce172 Waiting 
 20043066d3d5 Waiting 
 9739ced65621 Extracting [==================================================>]  8.069MB/8.069MB
 9739ced65621 Pull complete 
 ae3bb1b347a4 Extracting [=>                                                 ]  32.77kB/1.196MB
 ae3bb1b347a4 Extracting [==================================================>]  1.196MB/1.196MB
 ae3bb1b347a4 Extracting [==================================================>]  1.196MB/1.196MB
 710e142705f8 Downloading [========>                                          ]     934B/5.421kB
 710e142705f8 Downloading [==================================================>]  5.421kB/5.421kB
 710e142705f8 Verifying Checksum 
 710e142705f8 Download complete 
 ae3bb1b347a4 Pull complete 
 f8406d9c00ea Extracting [==================================================>]     116B/116B
 f8406d9c00ea Extracting [==================================================>]     116B/116B
 f8406d9c00ea Pull complete 
 c199bff16b05 Extracting [==================================================>]  3.145kB/3.145kB
 c199bff16b05 Extracting [==================================================>]  3.145kB/3.145kB
 c199bff16b05 Pull complete 
 050d9f8c3b1c Downloading [==================================================>]     169B/169B
 050d9f8c3b1c Verifying Checksum 
 050d9f8c3b1c Download complete 
 20043066d3d5 Downloading [>                                                  ]  299.1kB/29.72MB
 20043066d3d5 Downloading [============================>                      ]  16.84MB/29.72MB
 20043066d3d5 Verifying Checksum 
 20043066d3d5 Download complete 
 20043066d3d5 Extracting [>                                                  ]  327.7kB/29.72MB
 20043066d3d5 Extracting [==========>                                        ]  6.226MB/29.72MB
 3fadc669ef11 Downloading [>                                                  ]  450.6kB/43.48MB
 20043066d3d5 Extracting [===============>                                   ]  9.175MB/29.72MB
 3fadc669ef11 Downloading [============================>                      ]   24.4MB/43.48MB
 20043066d3d5 Extracting [======================>                            ]  13.43MB/29.72MB
 3fadc669ef11 Verifying Checksum 
 3fadc669ef11 Download complete 
 20043066d3d5 Extracting [====================================>              ]  21.95MB/29.72MB
 20043066d3d5 Extracting [==========================================>        ]  25.56MB/29.72MB
 20043066d3d5 Extracting [===============================================>   ]  28.18MB/29.72MB
 20043066d3d5 Extracting [=================================================> ]  29.49MB/29.72MB
 20043066d3d5 Extracting [==================================================>]  29.72MB/29.72MB
 20043066d3d5 Pull complete 
 3fadc669ef11 Extracting [>                                                  ]  458.8kB/43.48MB
 7084ac8f4ab6 Downloading [>                                                  ]  75.83kB/7.468MB
 3fadc669ef11 Extracting [===========>                                       ]  9.634MB/43.48MB
 7084ac8f4ab6 Verifying Checksum 
 7084ac8f4ab6 Download complete 
 3fadc669ef11 Extracting [=====================>                             ]  18.35MB/43.48MB
 beb0d870d438 Downloading [====>                                              ]     934B/9.462kB
 beb0d870d438 Downloading [==================================================>]  9.462kB/9.462kB
 beb0d870d438 Verifying Checksum 
 beb0d870d438 Download complete 
 3fadc669ef11 Extracting [================================>                  ]  27.98MB/43.48MB
 3fadc669ef11 Extracting [========================================>          ]  34.87MB/43.48MB
 3fadc669ef11 Extracting [==================================================>]  43.48MB/43.48MB
 3fadc669ef11 Pull complete 
 7084ac8f4ab6 Extracting [>                                                  ]   98.3kB/7.468MB
 7084ac8f4ab6 Extracting [================================>                  ]  4.817MB/7.468MB
 7084ac8f4ab6 Extracting [==================================================>]  7.468MB/7.468MB
 7084ac8f4ab6 Extracting [==================================================>]  7.468MB/7.468MB
 7084ac8f4ab6 Pull complete 
 beb0d870d438 Extracting [==================================================>]  9.462kB/9.462kB
 beb0d870d438 Extracting [==================================================>]  9.462kB/9.462kB
 beb0d870d438 Pull complete 
 d63c4408fdb7 Downloading [>                                                  ]  213.7kB/21.31MB
 d63c4408fdb7 Verifying Checksum 
 d63c4408fdb7 Download complete 
 d63c4408fdb7 Extracting [>                                                  ]  229.4kB/21.31MB
 d63c4408fdb7 Extracting [=============>                                     ]  5.734MB/21.31MB
 efa05c660812 Downloading [==================================================>]     189B/189B
 efa05c660812 Verifying Checksum 
 efa05c660812 Download complete 
 d63c4408fdb7 Extracting [========================>                          ]  10.32MB/21.31MB
 f4e7f62f4b80 Downloading [==================================================>]     109B/109B
 f4e7f62f4b80 Verifying Checksum 
 f4e7f62f4b80 Download complete 
 d63c4408fdb7 Extracting [==================================>                ]  14.68MB/21.31MB
 d63c4408fdb7 Extracting [=======================================>           ]  16.97MB/21.31MB
 d63c4408fdb7 Extracting [=============================================>     ]   19.5MB/21.31MB
 d63c4408fdb7 Extracting [================================================>  ]  20.87MB/21.31MB
 d63c4408fdb7 Extracting [==================================================>]  21.31MB/21.31MB
 d63c4408fdb7 Pull complete 
 efa05c660812 Extracting [==================================================>]     189B/189B
 efa05c660812 Extracting [==================================================>]     189B/189B
 efa05c660812 Pull complete 
 f4e7f62f4b80 Extracting [==================================================>]     109B/109B
 f4e7f62f4b80 Extracting [==================================================>]     109B/109B
 f4e7f62f4b80 Pull complete 
 cb628c265f09 Downloading [==================================================>]     184B/184B
 cb628c265f09 Verifying Checksum 
 cb628c265f09 Download complete 
 14e6209d5fa8 Downloading [==================================================>]     833B/833B
 14e6209d5fa8 Verifying Checksum 
 14e6209d5fa8 Download complete 
 e0d55fdb4d15 Downloading [>                                                  ]    535kB/109MB
 e0d55fdb4d15 Downloading [====>                                              ]  9.583MB/109MB
 e0d55fdb4d15 Downloading [===========>                                       ]  24.03MB/109MB
 e0d55fdb4d15 Downloading [================>                                  ]  35.25MB/109MB
 e0d55fdb4d15 Downloading [=====================>                             ]  45.93MB/109MB
 e0d55fdb4d15 Downloading [=============================>                     ]  65.13MB/109MB
 e0d55fdb4d15 Downloading [=====================================>             ]  81.68MB/109MB
 e0d55fdb4d15 Downloading [===============================================>   ]    103MB/109MB
 e0d55fdb4d15 Verifying Checksum 
 e0d55fdb4d15 Download complete 
 e0d55fdb4d15 Extracting [>                                                  ]  557.1kB/109MB
 e0d55fdb4d15 Extracting [===>                                               ]  7.799MB/109MB
 e0d55fdb4d15 Extracting [=====>                                             ]   11.7MB/109MB
 e0d55fdb4d15 Extracting [=======>                                           ]  16.71MB/109MB
 e0d55fdb4d15 Extracting [==========>                                        ]  22.28MB/109MB
 e0d55fdb4d15 Extracting [=============>                                     ]  28.97MB/109MB
 e0d55fdb4d15 Extracting [=================>                                 ]  38.44MB/109MB
 e0d55fdb4d15 Extracting [=====================>                             ]  47.91MB/109MB
 e0d55fdb4d15 Extracting [========================>                          ]  53.48MB/109MB
 e0d55fdb4d15 Extracting [===========================>                       ]   59.6MB/109MB
 e0d55fdb4d15 Extracting [===============================>                   ]  69.63MB/109MB
 e0d55fdb4d15 Extracting [====================================>              ]  78.54MB/109MB
 e0d55fdb4d15 Extracting [========================================>          ]  87.46MB/109MB
 e0d55fdb4d15 Extracting [==========================================>        ]  93.03MB/109MB
 e0d55fdb4d15 Extracting [============================================>      ]  96.93MB/109MB
 e0d55fdb4d15 Extracting [==============================================>    ]  100.3MB/109MB
 e0d55fdb4d15 Extracting [===============================================>   ]  103.6MB/109MB
 e0d55fdb4d15 Extracting [================================================>  ]  105.3MB/109MB
 e0d55fdb4d15 Extracting [=================================================> ]  107.5MB/109MB
 e0d55fdb4d15 Extracting [==================================================>]    109MB/109MB
 e0d55fdb4d15 Pull complete 
 c1cb13b19080 Extracting [==================================================>]  9.925kB/9.925kB
 c1cb13b19080 Extracting [==================================================>]  9.925kB/9.925kB
 c1cb13b19080 Pull complete 
 873532e5f8c7 Extracting [==================================================>]     128B/128B
 873532e5f8c7 Extracting [==================================================>]     128B/128B
 873532e5f8c7 Pull complete 
 050d9f8c3b1c Extracting [==================================================>]     169B/169B
 050d9f8c3b1c Extracting [==================================================>]     169B/169B
 050d9f8c3b1c Pull complete 
 710e142705f8 Extracting [==================================================>]  5.421kB/5.421kB
 710e142705f8 Extracting [==================================================>]  5.421kB/5.421kB
 710e142705f8 Pull complete 
 cb628c265f09 Extracting [==================================================>]     184B/184B
 cb628c265f09 Extracting [==================================================>]     184B/184B
 cb628c265f09 Pull complete 
 postgresql Pulled 
 5e1c03b67a78 Downloading [==================================================>]     620B/620B
 5e1c03b67a78 Verifying Checksum 
 5e1c03b67a78 Download complete 
 5e1c03b67a78 Extracting [==================================================>]     620B/620B
 5e1c03b67a78 Extracting [==================================================>]     620B/620B
 5e1c03b67a78 Pull complete 
 14e6209d5fa8 Extracting [==================================================>]     833B/833B
 14e6209d5fa8 Extracting [==================================================>]     833B/833B
 14e6209d5fa8 Pull complete 
 d686b50ce172 Downloading [>                                                  ]  127.4kB/12.47MB
 d686b50ce172 Verifying Checksum 
 d686b50ce172 Download complete 
 d686b50ce172 Extracting [>                                                  ]  131.1kB/12.47MB
 d686b50ce172 Extracting [====================>                              ]  5.112MB/12.47MB
 d686b50ce172 Extracting [==========================>                        ]  6.685MB/12.47MB
 d686b50ce172 Extracting [=====================================>             ]  9.306MB/12.47MB
 d686b50ce172 Extracting [=============================================>     ]  11.27MB/12.47MB
 d686b50ce172 Extracting [==================================================>]  12.47MB/12.47MB
 d686b50ce172 Pull complete 
 rabbitmq Pulled 
 Network docker_services_cli_default  Creating
 Network docker_services_cli_default  Created
 Container docker_services_cli-postgresql-1  Creating
 Container docker_services_cli-elasticsearch-1  Creating
 Container docker_services_cli-rabbitmq-1  Creating
 Container docker_services_cli-redis-1  Creating
 Container docker_services_cli-redis-1  Created
 Container docker_services_cli-rabbitmq-1  Created
 Container docker_services_cli-elasticsearch-1  Created
 Container docker_services_cli-postgresql-1  Created
 Container docker_services_cli-rabbitmq-1  Starting
 Container docker_services_cli-elasticsearch-1  Starting
 Container docker_services_cli-redis-1  Starting
 Container docker_services_cli-postgresql-1  Starting
 Container docker_services_cli-redis-1  Started
 Container docker_services_cli-postgresql-1  Started
 Container docker_services_cli-elasticsearch-1  Started
 Container docker_services_cli-rabbitmq-1  Started
::warning file=/home/runner/work/invenio-testrig/invenio-testrig/package-repo/.venv/lib/python3.12/site-packages/passlib/utils/__init__.py,line=854::'crypt' is deprecated and slated for removal in Python 3.13
::warning file=/home/runner/work/invenio-testrig/invenio-testrig/package-repo/.venv/lib/python3.12/site-packages/marshmallow_utils/fields/generated.py,line=12::The '__version_info__' attribute is deprecated and will be removed in in a future version. Use feature detection or 'packaging.Version(importlib.metadata.version("marshmallow")).release' instead.
::warning file=/home/runner/work/invenio-testrig/invenio-testrig/package-repo/.venv/lib/python3.12/site-packages/marshmallow_utils/fields/generated.py,line=12::The '__version_info__' attribute is deprecated and will be removed in in a future version. Use feature detection or 'packaging.Version(importlib.metadata.version("marshmallow")).release' instead.
::warning file=/home/runner/work/invenio-testrig/invenio-testrig/package-repo/.venv/lib/python3.12/site-packages/jsonresolver/contrib/jsonschema.py,line=31::jsonschema.RefResolver is deprecated as of v4.18.0, in favor of the https://github.com/python-jsonschema/referencing library, which provides more compliant referencing behavior as well as more flexible APIs for customization. A future release will remove RefResolver. Please file a feature request (on referencing) if you are missing an API for the kind of customization you need.
::warning file=/home/runner/work/invenio-testrig/invenio-testrig/package-repo/.venv/lib/python3.12/site-packages/jsonresolver/contrib/jsonschema.py,line=31::jsonschema.RefResolver is deprecated as of v4.18.0, in favor of the https://github.com/python-jsonschema/referencing library, which provides more compliant referencing behavior as well as more flexible APIs for customization. A future release will remove RefResolver. Please file a feature request (on referencing) if you are missing an API for the kind of customization you need.
::warning file=/home/runner/work/invenio-testrig/invenio-testrig/package-repo/.venv/lib/python3.12/site-packages/invenio_records/resolver.py,line=14::jsonschema.exceptions.RefResolutionError is deprecated as of version 4.18.0. If you wish to catch potential reference resolution errors, directly catch referencing.exceptions.Unresolvable.
::warning file=/home/runner/work/invenio-testrig/invenio-testrig/package-repo/.venv/lib/python3.12/site-packages/invenio_records/resolver.py,line=14::jsonschema.RefResolver is deprecated as of v4.18.0, in favor of the https://github.com/python-jsonschema/referencing library, which provides more compliant referencing behavior as well as more flexible APIs for customization. A future release will remove RefResolver. Please file a feature request (on referencing) if you are missing an API for the kind of customization you need.
::warning file=/home/runner/work/invenio-testrig/invenio-testrig/package-repo/.venv/lib/python3.12/site-packages/invenio_records/resolver.py,line=14::jsonschema.exceptions.RefResolutionError is deprecated as of version 4.18.0. If you wish to catch potential reference resolution errors, directly catch referencing.exceptions.Unresolvable.
::warning file=/home/runner/work/invenio-testrig/invenio-testrig/package-repo/.venv/lib/python3.12/site-packages/invenio_records/resolver.py,line=14::jsonschema.RefResolver is deprecated as of v4.18.0, in favor of the https://github.com/python-jsonschema/referencing library, which provides more compliant referencing behavior as well as more flexible APIs for customization. A future release will remove RefResolver. Please file a feature request (on referencing) if you are missing an API for the kind of customization you need.
::warning file=/home/runner/work/invenio-testrig/invenio-testrig/package-repo/.venv/lib/python3.12/site-packages/fs/__init__.py,line=4::pkg_resources is deprecated as an API. See https://setuptools.pypa.io/en/latest/pkg_resources.html. The pkg_resources package is slated for removal as early as 2025-11-30. Refrain from using this package or pin to Setuptools<81.
::warning file=/home/runner/work/invenio-testrig/invenio-testrig/package-repo/.venv/lib/python3.12/site-packages/pkg_resources/__init__.py,line=3146::Deprecated call to `pkg_resources.declare_namespace('sphinxcontrib')`.%0AImplementing implicit namespace packages (as specified in PEP 420) is preferred to `pkg_resources.declare_namespace`. See https://setuptools.pypa.io/en/latest/references/keywords.html#keyword-namespace-packages
::warning file=/home/runner/work/invenio-testrig/invenio-testrig/package-repo/.venv/lib/python3.12/site-packages/fs/__init__.py,line=4::Deprecated call to `pkg_resources.declare_namespace('fs')`.%0AImplementing implicit namespace packages (as specified in PEP 420) is preferred to `pkg_resources.declare_namespace`. See https://setuptools.pypa.io/en/latest/references/keywords.html#keyword-namespace-packages
::warning file=/home/runner/work/invenio-testrig/invenio-testrig/package-repo/.venv/lib/python3.12/site-packages/fs/opener/__init__.py,line=6::Deprecated call to `pkg_resources.declare_namespace('fs.opener')`.%0AImplementing implicit namespace packages (as specified in PEP 420) is preferred to `pkg_resources.declare_namespace`. See https://setuptools.pypa.io/en/latest/references/keywords.html#keyword-namespace-packages
::warning file=/home/runner/work/invenio-testrig/invenio-testrig/package-repo/.venv/lib/python3.12/site-packages/pkg_resources/__init__.py,line=2558::Deprecated call to `pkg_resources.declare_namespace('fs')`.%0AImplementing implicit namespace packages (as specified in PEP 420) is preferred to `pkg_resources.declare_namespace`. See https://setuptools.pypa.io/en/latest/references/keywords.html#keyword-namespace-packages
::warning file=/home/runner/work/invenio-testrig/invenio-testrig/package-repo/.venv/lib/python3.12/site-packages/invenio_records_resources/services/files/schema.py,line=154::The 'default' argument to fields is deprecated. Use 'dump_default' instead.
::warning file=/home/runner/work/invenio-testrig/invenio-testrig/package-repo/.venv/lib/python3.12/site-packages/invenio_records_resources/services/base/links.py,line=140::Link is deprecated and will be removed in v14.0. Use `ExternalLink` for third-party links and `EndpointLink` for InvenioRDM links.
::warning file=/home/runner/work/invenio-testrig/invenio-testrig/package-repo/.venv/lib/python3.12/site-packages/invenio_records_resources/services/base/links.py,line=140::Link is deprecated and will be removed in v14.0. Use `ExternalLink` for third-party links and `EndpointLink` for InvenioRDM links.
::warning file=/home/runner/work/invenio-testrig/invenio-testrig/package-repo/.venv/lib/python3.12/site-packages/invenio_records_resources/services/base/links.py,line=140::Link is deprecated and will be removed in v14.0. Use `ExternalLink` for third-party links and `EndpointLink` for InvenioRDM links.
::warning file=/home/runner/work/invenio-testrig/invenio-testrig/package-repo/.venv/lib/python3.12/site-packages/invenio_records_resources/services/base/links.py,line=140::Link is deprecated and will be removed in v14.0. Use `ExternalLink` for third-party links and `EndpointLink` for InvenioRDM links.
::warning file=/home/runner/work/invenio-testrig/invenio-testrig/package-repo/.venv/lib/python3.12/site-packages/invenio_records_resources/services/base/links.py,line=140::Link is deprecated and will be removed in v14.0. Use `ExternalLink` for third-party links and `EndpointLink` for InvenioRDM links.
::warning file=/home/runner/work/invenio-testrig/invenio-testrig/package-repo/.venv/lib/python3.12/site-packages/invenio_records_resources/services/base/links.py,line=140::Link is deprecated and will be removed in v14.0. Use `ExternalLink` for third-party links and `EndpointLink` for InvenioRDM links.
::warning file=/home/runner/work/invenio-testrig/invenio-testrig/package-repo/.venv/lib/python3.12/site-packages/invenio_records_resources/services/base/links.py,line=140::Link is deprecated and will be removed in v14.0. Use `ExternalLink` for third-party links and `EndpointLink` for InvenioRDM links.
::warning file=/home/runner/work/invenio-testrig/invenio-testrig/package-repo/.venv/lib/python3.12/site-packages/invenio_records_resources/services/base/links.py,line=140::Link is deprecated and will be removed in v14.0. Use `ExternalLink` for third-party links and `EndpointLink` for InvenioRDM links.
::warning file=/home/runner/work/invenio-testrig/invenio-testrig/package-repo/.venv/lib/python3.12/site-packages/invenio_records_resources/services/base/links.py,line=140::Link is deprecated and will be removed in v14.0. Use `ExternalLink` for third-party links and `EndpointLink` for InvenioRDM links.
::warning file=/home/runner/work/invenio-testrig/invenio-testrig/package-repo/.venv/lib/python3.12/site-packages/invenio_records_resources/services/base/links.py,line=140::Link is deprecated and will be removed in v14.0. Use `ExternalLink` for third-party links and `EndpointLink` for InvenioRDM links.
::warning file=/home/runner/work/invenio-testrig/invenio-testrig/package-repo/.venv/lib/python3.12/site-packages/invenio_records_resources/services/base/links.py,line=140::Link is deprecated and will be removed in v14.0. Use `ExternalLink` for third-party links and `EndpointLink` for InvenioRDM links.
::warning file=/home/runner/work/invenio-testrig/invenio-testrig/package-repo/.venv/lib/python3.12/site-packages/invenio_records_resources/services/base/links.py,line=140::Link is deprecated and will be removed in v14.0. Use `ExternalLink` for third-party links and `EndpointLink` for InvenioRDM links.
::warning file=/home/runner/work/invenio-testrig/invenio-testrig/package-repo/.venv/lib/python3.12/site-packages/invenio_records_resources/services/base/links.py,line=140::Link is deprecated and will be removed in v14.0. Use `ExternalLink` for third-party links and `EndpointLink` for InvenioRDM links.
::warning file=/home/runner/work/invenio-testrig/invenio-testrig/package-repo/.venv/lib/python3.12/site-packages/invenio_records_resources/services/base/links.py,line=140::Link is deprecated and will be removed in v14.0. Use `ExternalLink` for third-party links and `EndpointLink` for InvenioRDM links.
::warning file=/home/runner/work/invenio-testrig/invenio-testrig/package-repo/.venv/lib/python3.12/site-packages/invenio_records_resources/services/base/links.py,line=140::Link is deprecated and will be removed in v14.0. Use `ExternalLink` for third-party links and `EndpointLink` for InvenioRDM links.
::warning file=/home/runner/work/invenio-testrig/invenio-testrig/package-repo/.venv/lib/python3.12/site-packages/invenio_records_resources/services/base/links.py,line=140::Link is deprecated and will be removed in v14.0. Use `ExternalLink` for third-party links and `EndpointLink` for InvenioRDM links.
::warning file=/home/runner/work/invenio-testrig/invenio-testrig/package-repo/.venv/lib/python3.12/site-packages/invenio_records_resources/services/base/links.py,line=140::Link is deprecated and will be removed in v14.0. Use `ExternalLink` for third-party links and `EndpointLink` for InvenioRDM links.
::warning file=/home/runner/work/invenio-testrig/invenio-testrig/package-repo/.venv/lib/python3.12/site-packages/invenio_records_resources/services/base/links.py,line=140::Link is deprecated and will be removed in v14.0. Use `ExternalLink` for third-party links and `EndpointLink` for InvenioRDM links.
::warning file=/home/runner/work/invenio-testrig/invenio-testrig/package-repo/.venv/lib/python3.12/site-packages/invenio_records_resources/services/base/links.py,line=140::Link is deprecated and will be removed in v14.0. Use `ExternalLink` for third-party links and `EndpointLink` for InvenioRDM links.
::warning file=/home/runner/work/invenio-testrig/invenio-testrig/package-repo/.venv/lib/python3.12/site-packages/invenio_records_resources/services/base/links.py,line=140::Link is deprecated and will be removed in v14.0. Use `ExternalLink` for third-party links and `EndpointLink` for InvenioRDM links.
::warning file=/home/runner/work/invenio-testrig/invenio-testrig/package-repo/.venv/lib/python3.12/site-packages/marshmallow/fields.py,line=986::The 'default' argument to fields is deprecated. Use 'dump_default' instead.
::warning file=/home/runner/work/invenio-testrig/invenio-testrig/package-repo/.venv/lib/python3.12/site-packages/marshmallow/fields.py,line=986::The 'default' argument to fields is deprecated. Use 'dump_default' instead.
::warning file=/home/runner/work/invenio-testrig/invenio-testrig/package-repo/.venv/lib/python3.12/site-packages/marshmallow/fields.py,line=986::The 'default' argument to fields is deprecated. Use 'dump_default' instead.
::warning file=/home/runner/work/invenio-testrig/invenio-testrig/package-repo/.venv/lib/python3.12/site-packages/marshmallow/fields.py,line=986::The 'default' argument to fields is deprecated. Use 'dump_default' instead.
::warning file=/home/runner/work/invenio-testrig/invenio-testrig/package-repo/.venv/lib/python3.12/site-packages/marshmallow/fields.py,line=986::The 'default' argument to fields is deprecated. Use 'dump_default' instead.
::warning file=/home/runner/work/invenio-testrig/invenio-testrig/package-repo/.venv/lib/python3.12/site-packages/marshmallow/utils.py,line=361::`Field` should not be instantiated. Use `fields.Raw` or  another field subclass instead.
::warning file=/home/runner/work/invenio-testrig/invenio-testrig/package-repo/.venv/lib/python3.12/site-packages/invenio_records_resources/services/base/links.py,line=140::Link is deprecated and will be removed in v14.0. Use `ExternalLink` for third-party links and `EndpointLink` for InvenioRDM links.
::warning file=/home/runner/work/invenio-testrig/invenio-testrig/package-repo/.venv/lib/python3.12/site-packages/invenio_records_resources/services/base/links.py,line=140::Link is deprecated and will be removed in v14.0. Use `ExternalLink` for third-party links and `EndpointLink` for InvenioRDM links.
::warning file=/home/runner/work/invenio-testrig/invenio-testrig/package-repo/.venv/lib/python3.12/site-packages/invenio_records_resources/services/base/links.py,line=140::Link is deprecated and will be removed in v14.0. Use `ExternalLink` for third-party links and `EndpointLink` for InvenioRDM links.
::warning file=/home/runner/work/invenio-testrig/invenio-testrig/package-repo/.venv/lib/python3.12/site-packages/invenio_records_resources/services/base/links.py,line=140::Link is deprecated and will be removed in v14.0. Use `ExternalLink` for third-party links and `EndpointLink` for InvenioRDM links.
::warning file=/home/runner/work/invenio-testrig/invenio-testrig/package-repo/.venv/lib/python3.12/site-packages/invenio_records_resources/services/base/links.py,line=140::Link is deprecated and will be removed in v14.0. Use `ExternalLink` for third-party links and `EndpointLink` for InvenioRDM links.
::warning file=/home/runner/work/invenio-testrig/invenio-testrig/package-repo/.venv/lib/python3.12/site-packages/invenio_records_resources/services/base/links.py,line=140::Link is deprecated and will be removed in v14.0. Use `ExternalLink` for third-party links and `EndpointLink` for InvenioRDM links.
::warning file=/home/runner/work/invenio-testrig/invenio-testrig/package-repo/.venv/lib/python3.12/site-packages/invenio_records_resources/services/base/links.py,line=140::Link is deprecated and will be removed in v14.0. Use `ExternalLink` for third-party links and `EndpointLink` for InvenioRDM links.
::warning file=/home/runner/work/invenio-testrig/invenio-testrig/package-repo/.venv/lib/python3.12/site-packages/invenio_records_resources/services/base/links.py,line=140::Link is deprecated and will be removed in v14.0. Use `ExternalLink` for third-party links and `EndpointLink` for InvenioRDM links.
::warning file=/home/runner/work/invenio-testrig/invenio-testrig/package-repo/.venv/lib/python3.12/site-packages/invenio_records_resources/services/base/links.py,line=140::Link is deprecated and will be removed in v14.0. Use `ExternalLink` for third-party links and `EndpointLink` for InvenioRDM links.
::warning file=/home/runner/work/invenio-testrig/invenio-testrig/package-repo/.venv/lib/python3.12/site-packages/invenio_records_resources/services/base/links.py,line=140::Link is deprecated and will be removed in v14.0. Use `ExternalLink` for third-party links and `EndpointLink` for InvenioRDM links.
::warning file=/home/runner/work/invenio-testrig/invenio-testrig/package-repo/.venv/lib/python3.12/site-packages/invenio_records_resources/services/base/links.py,line=140::Link is deprecated and will be removed in v14.0. Use `ExternalLink` for third-party links and `EndpointLink` for InvenioRDM links.
::warning file=/home/runner/work/invenio-testrig/invenio-testrig/package-repo/.venv/lib/python3.12/site-packages/invenio_records_resources/services/base/links.py,line=140::Link is deprecated and will be removed in v14.0. Use `ExternalLink` for third-party links and `EndpointLink` for InvenioRDM links.
::warning file=/home/runner/work/invenio-testrig/invenio-testrig/package-repo/.venv/lib/python3.12/site-packages/invenio_records_resources/services/base/links.py,line=140::Link is deprecated and will be removed in v14.0. Use `ExternalLink` for third-party links and `EndpointLink` for InvenioRDM links.
::warning file=/home/runner/work/invenio-testrig/invenio-testrig/package-repo/.venv/lib/python3.12/site-packages/invenio_records_resources/services/base/links.py,line=140::Link is deprecated and will be removed in v14.0. Use `ExternalLink` for third-party links and `EndpointLink` for InvenioRDM links.
::warning file=/home/runner/work/invenio-testrig/invenio-testrig/package-repo/.venv/lib/python3.12/site-packages/invenio_records_resources/services/base/links.py,line=140::Link is deprecated and will be removed in v14.0. Use `ExternalLink` for third-party links and `EndpointLink` for InvenioRDM links.
============================= test session starts ==============================
platform linux -- Python 3.12.12, pytest-8.4.2, pluggy-1.6.0 -- /home/runner/work/invenio-testrig/invenio-testrig/package-repo/.venv/bin/python
cachedir: .pytest_cache
rootdir: /home/runner/work/invenio-testrig/invenio-testrig/package-repo
configfile: setup.cfg
testpaths: docs, tests, invenio_jobs
plugins: github-actions-annotate-failures-0.3.0, pycodestyle-2.5.0, flask-1.3.0, black-ng-0.4.1, invenio-3.4.2, isort-4.0.0, cov-7.0.0, pydocstyle-2.4.0
collecting ... collected 174 items

docs/conf.py::PYDOCSTYLE PASSED
docs/conf.py::ISORT PASSED
docs/conf.py::black PASSED
tests/conftest.py::PYDOCSTYLE PASSED
tests/conftest.py::ISORT PASSED
tests/conftest.py::black PASSED
tests/mock_module/__init__.py::PYDOCSTYLE PASSED
tests/mock_module/__init__.py::ISORT PASSED
tests/mock_module/__init__.py::black PASSED
tests/mock_module/jobs.py::PYDOCSTYLE PASSED
tests/mock_module/jobs.py::ISORT PASSED
tests/mock_module/jobs.py::black PASSED
tests/mock_module/tasks.py::PYDOCSTYLE PASSED
tests/mock_module/tasks.py::ISORT PASSED
tests/mock_module/tasks.py::black PASSED
tests/resources/test_resources.py::ISORT PASSED
tests/resources/test_resources.py::black PASSED
tests/resources/test_resources.py::test_simple_flow JSONSCHEMAS_HOST is set to localhost
Flask-DebugToolbar extension not installed.
A resource error handler caught the following exception:
Traceback (most recent call last):
  File "/home/runner/work/invenio-testrig/invenio-testrig/package-repo/.venv/lib/python3.12/site-packages/flask/app.py", line 917, in full_dispatch_request
    rv = self.dispatch_request()
         ^^^^^^^^^^^^^^^^^^^^^^^
  File "/home/runner/work/invenio-testrig/invenio-testrig/package-repo/.venv/lib/python3.12/site-packages/flask/app.py", line 902, in dispatch_request
    return self.ensure_sync(self.view_functions[rule.endpoint])(**view_args)  # type: ignore[no-any-return]
           ^^^^^^^^^^^^^^^^^^^^^^^^^^^^^^^^^^^^^^^^^^^^^^^^^^^^^^^^^^^^^^^^^
  File "/home/runner/work/invenio-testrig/invenio-testrig/package-repo/.venv/lib/python3.12/site-packages/flask_resources/resources.py", line 65, in view
    return view_meth()
           ^^^^^^^^^^^
  File "/home/runner/work/invenio-testrig/invenio-testrig/package-repo/.venv/lib/python3.12/site-packages/flask_resources/content_negotiation.py", line 116, in inner_content_negotiation
    return f(*args, **kwargs)
           ^^^^^^^^^^^^^^^^^^
  File "/home/runner/work/invenio-testrig/invenio-testrig/package-repo/.venv/lib/python3.12/site-packages/flask_resources/parsers/decorators.py", line 90, in inner
    return f(self, *args, **kwargs)
           ^^^^^^^^^^^^^^^^^^^^^^^^
  File "/home/runner/work/invenio-testrig/invenio-testrig/package-repo/.venv/lib/python3.12/site-packages/flask_resources/parsers/decorators.py", line 51, in inner
    return f(self, *args, **kwargs)
           ^^^^^^^^^^^^^^^^^^^^^^^^
  File "/home/runner/work/invenio-testrig/invenio-testrig/package-repo/.venv/lib/python3.12/site-packages/flask_resources/responses.py", line 39, in inner
    res = f(*args, **kwargs)
          ^^^^^^^^^^^^^^^^^^
  File "/home/runner/work/invenio-testrig/invenio-testrig/package-repo/invenio_jobs/resources/resources.py", line 188, in create
    item = self.service.create(
           ^^^^^^^^^^^^^^^^^^^^
  File "/home/runner/work/invenio-testrig/invenio-testrig/package-repo/invenio_jobs/logging/jobs.py", line 82, in wrapper
    return func(*args, **kwargs)
           ^^^^^^^^^^^^^^^^^^^^^
  File "/home/runner/work/invenio-testrig/invenio-testrig/package-repo/.venv/lib/python3.12/site-packages/invenio_db/uow.py", line 251, in inner
    res = f(self, *args, **kwargs)
          ^^^^^^^^^^^^^^^^^^^^^^^^
  File "/home/runner/work/invenio-testrig/invenio-testrig/package-repo/invenio_jobs/services/services.py", line 259, in create
    valid_data, errors = self.schema.load(
                         ^^^^^^^^^^^^^^^^^
  File "/home/runner/work/invenio-testrig/invenio-testrig/package-repo/.venv/lib/python3.12/site-packages/invenio_records_resources/services/records/schema.py", line 90, in load
    valid_data = self.schema(context=context, **schema_args).load(data)
                 ^^^^^^^^^^^^^^^^^^^^^^^^^^^^^^^^^^^^^^^^^^^^^^^^^^^^^^
  File "/home/runner/work/invenio-testrig/invenio-testrig/package-repo/.venv/lib/python3.12/site-packages/marshmallow/schema.py", line 792, in load
    return self._do_load(
           ^^^^^^^^^^^^^^
  File "/home/runner/work/invenio-testrig/invenio-testrig/package-repo/.venv/lib/python3.12/site-packages/marshmallow/schema.py", line 999, in _do_load
    raise exc
marshmallow.exceptions.ValidationError: {'args': {'since': ['Not a valid datetime.']}}
[2025-12-10 10:02:31,547] DEBUG in errors: A resource error handler caught the following exception:
Traceback (most recent call last):
  File "/home/runner/work/invenio-testrig/invenio-testrig/package-repo/.venv/lib/python3.12/site-packages/flask/app.py", line 917, in full_dispatch_request
    rv = self.dispatch_request()
         ^^^^^^^^^^^^^^^^^^^^^^^
  File "/home/runner/work/invenio-testrig/invenio-testrig/package-repo/.venv/lib/python3.12/site-packages/flask/app.py", line 902, in dispatch_request
    return self.ensure_sync(self.view_functions[rule.endpoint])(**view_args)  # type: ignore[no-any-return]
           ^^^^^^^^^^^^^^^^^^^^^^^^^^^^^^^^^^^^^^^^^^^^^^^^^^^^^^^^^^^^^^^^^
  File "/home/runner/work/invenio-testrig/invenio-testrig/package-repo/.venv/lib/python3.12/site-packages/flask_resources/resources.py", line 65, in view
    return view_meth()
           ^^^^^^^^^^^
  File "/home/runner/work/invenio-testrig/invenio-testrig/package-repo/.venv/lib/python3.12/site-packages/flask_resources/content_negotiation.py", line 116, in inner_content_negotiation
    return f(*args, **kwargs)
           ^^^^^^^^^^^^^^^^^^
  File "/home/runner/work/invenio-testrig/invenio-testrig/package-repo/.venv/lib/python3.12/site-packages/flask_resources/parsers/decorators.py", line 90, in inner
    return f(self, *args, **kwargs)
           ^^^^^^^^^^^^^^^^^^^^^^^^
  File "/home/runner/work/invenio-testrig/invenio-testrig/package-repo/.venv/lib/python3.12/site-packages/flask_resources/parsers/decorators.py", line 51, in inner
    return f(self, *args, **kwargs)
           ^^^^^^^^^^^^^^^^^^^^^^^^
  File "/home/runner/work/invenio-testrig/invenio-testrig/package-repo/.venv/lib/python3.12/site-packages/flask_resources/responses.py", line 39, in inner
    res = f(*args, **kwargs)
          ^^^^^^^^^^^^^^^^^^
  File "/home/runner/work/invenio-testrig/invenio-testrig/package-repo/invenio_jobs/resources/resources.py", line 188, in create
    item = self.service.create(
           ^^^^^^^^^^^^^^^^^^^^
  File "/home/runner/work/invenio-testrig/invenio-testrig/package-repo/invenio_jobs/logging/jobs.py", line 82, in wrapper
    return func(*args, **kwargs)
           ^^^^^^^^^^^^^^^^^^^^^
  File "/home/runner/work/invenio-testrig/invenio-testrig/package-repo/.venv/lib/python3.12/site-packages/invenio_db/uow.py", line 251, in inner
    res = f(self, *args, **kwargs)
          ^^^^^^^^^^^^^^^^^^^^^^^^
  File "/home/runner/work/invenio-testrig/invenio-testrig/package-repo/invenio_jobs/services/services.py", line 259, in create
    valid_data, errors = self.schema.load(
                         ^^^^^^^^^^^^^^^^^
  File "/home/runner/work/invenio-testrig/invenio-testrig/package-repo/.venv/lib/python3.12/site-packages/invenio_records_resources/services/records/schema.py", line 90, in load
    valid_data = self.schema(context=context, **schema_args).load(data)
                 ^^^^^^^^^^^^^^^^^^^^^^^^^^^^^^^^^^^^^^^^^^^^^^^^^^^^^^
  File "/home/runner/work/invenio-testrig/invenio-testrig/package-repo/.venv/lib/python3.12/site-packages/marshmallow/schema.py", line 792, in load
    return self._do_load(
           ^^^^^^^^^^^^^^
  File "/home/runner/work/invenio-testrig/invenio-testrig/package-repo/.venv/lib/python3.12/site-packages/marshmallow/schema.py", line 999, in _do_load
    raise exc
marshmallow.exceptions.ValidationError: {'args': {'since': ['Not a valid datetime.']}}
Run created
[2025-12-10 10:02:31,574] DEBUG in services: Run created
Run created
[2025-12-10 10:02:31,709] DEBUG in services: Run created
Test log message
[2025-12-10 10:02:32,007] INFO in test_resources: Test log message
PASSED
tests/resources/test_resources.py::test_tasks_search SKIPPED (Tasks
search not needed.)
tests/resources/test_resources.py::test_jobs_create PASSED::warning file=/home/runner/work/invenio-testrig/invenio-testrig/package-repo/.venv/lib/python3.12/site-packages/invenio_records_resources/services/records/schema.py,line=90::The `context` parameter is deprecated and will be removed in marshmallow 4.0. Use `contextvars.ContextVar` to pass context instead.
::warning file=/home/runner/work/invenio-testrig/invenio-testrig/package-repo/.venv/lib/python3.12/site-packages/sqlalchemy/sql/schema.py,line=3624::datetime.datetime.utcnow() is deprecated and scheduled for removal in a future version. Use timezone-aware objects to represent datetimes in UTC: datetime.datetime.now(datetime.UTC).
::warning file=/home/runner/work/invenio-testrig/invenio-testrig/package-repo/.venv/lib/python3.12/site-packages/sqlalchemy/sql/schema.py,line=3624::datetime.datetime.utcnow() is deprecated and scheduled for removal in a future version. Use timezone-aware objects to represent datetimes in UTC: datetime.datetime.now(datetime.UTC).
::warning file=/home/runner/work/invenio-testrig/invenio-testrig/package-repo/.venv/lib/python3.12/site-packages/invenio_records_resources/services/records/schema.py,line=105::The `context` parameter is deprecated and will be removed in marshmallow 4.0. Use `contextvars.ContextVar` to pass context instead.
::warning file=/home/runner/work/invenio-testrig/invenio-testrig/package-repo/.venv/lib/python3.12/site-packages/marshmallow/fields.py,line=631::The `context` parameter is deprecated and will be removed in marshmallow 4.0. Use `contextvars.ContextVar` to pass context instead.
::warning file=/home/runner/work/invenio-testrig/invenio-testrig/package-repo/.venv/lib/python3.12/site-packages/invenio_records_resources/services/records/schema.py,line=90::The `context` parameter is deprecated and will be removed in marshmallow 4.0. Use `contextvars.ContextVar` to pass context instead.
::warning file=/home/runner/work/invenio-testrig/invenio-testrig/package-repo/.venv/lib/python3.12/site-packages/marshmallow/fields.py,line=631::The `context` parameter is deprecated and will be removed in marshmallow 4.0. Use `contextvars.ContextVar` to pass context instead.
::warning file=/home/runner/work/invenio-testrig/invenio-testrig/package-repo/.venv/lib/python3.12/site-packages/sqlalchemy/sql/schema.py,line=3624::datetime.datetime.utcnow() is deprecated and scheduled for removal in a future version. Use timezone-aware objects to represent datetimes in UTC: datetime.datetime.now(datetime.UTC).
::warning file=/home/runner/work/invenio-testrig/invenio-testrig/package-repo/.venv/lib/python3.12/site-packages/sqlalchemy/sql/schema.py,line=3624::datetime.datetime.utcnow() is deprecated and scheduled for removal in a future version. Use timezone-aware objects to represent datetimes in UTC: datetime.datetime.now(datetime.UTC).
::warning file=/home/runner/work/invenio-testrig/invenio-testrig/package-repo/.venv/lib/python3.12/site-packages/invenio_records_resources/services/records/schema.py,line=105::The `context` parameter is deprecated and will be removed in marshmallow 4.0. Use `contextvars.ContextVar` to pass context instead.
::warning file=/home/runner/work/invenio-testrig/invenio-testrig/package-repo/.venv/lib/python3.12/site-packages/marshmallow/fields.py,line=631::The `context` parameter is deprecated and will be removed in marshmallow 4.0. Use `contextvars.ContextVar` to pass context instead.

tests/resources/test_resources.py::test_jobs_update PASSED::warning file=/home/runner/work/invenio-testrig/invenio-testrig/package-repo/.venv/lib/python3.12/site-packages/pytest_invenio/user.py,line=36::datetime.datetime.utcnow() is deprecated and scheduled for removal in a future version. Use timezone-aware objects to represent datetimes in UTC: datetime.datetime.now(datetime.UTC).
::warning file=/home/runner/work/invenio-testrig/invenio-testrig/package-repo/.venv/lib/python3.12/site-packages/sqlalchemy/sql/schema.py,line=3624::datetime.datetime.utcnow() is deprecated and scheduled for removal in a future version. Use timezone-aware objects to represent datetimes in UTC: datetime.datetime.now(datetime.UTC).
::warning file=/home/runner/work/invenio-testrig/invenio-testrig/package-repo/.venv/lib/python3.12/site-packages/sqlalchemy/sql/schema.py,line=3624::datetime.datetime.utcnow() is deprecated and scheduled for removal in a future version. Use timezone-aware objects to represent datetimes in UTC: datetime.datetime.now(datetime.UTC).
::warning file=/home/runner/work/invenio-testrig/invenio-testrig/package-repo/.venv/lib/python3.12/site-packages/flask_security/datastore.py,line=235::The Query.get() method is considered legacy as of the 1.x series of SQLAlchemy and becomes a legacy construct in 2.0. The method is now available as Session.get() (deprecated since: 2.0)
::warning file=/home/runner/work/invenio-testrig/invenio-testrig/package-repo/.venv/lib/python3.12/site-packages/invenio_records_resources/services/records/schema.py,line=90::The `context` parameter is deprecated and will be removed in marshmallow 4.0. Use `contextvars.ContextVar` to pass context instead.
::warning file=/home/runner/work/invenio-testrig/invenio-testrig/package-repo/.venv/lib/python3.12/site-packages/marshmallow/fields.py,line=631::The `context` parameter is deprecated and will be removed in marshmallow 4.0. Use `contextvars.ContextVar` to pass context instead.
::warning file=/home/runner/work/invenio-testrig/invenio-testrig/package-repo/.venv/lib/python3.12/site-packages/sqlalchemy/sql/schema.py,line=3624::datetime.datetime.utcnow() is deprecated and scheduled for removal in a future version. Use timezone-aware objects to represent datetimes in UTC: datetime.datetime.now(datetime.UTC).
::warning file=/home/runner/work/invenio-testrig/invenio-testrig/package-repo/.venv/lib/python3.12/site-packages/sqlalchemy/sql/schema.py,line=3624::datetime.datetime.utcnow() is deprecated and scheduled for removal in a future version. Use timezone-aware objects to represent datetimes in UTC: datetime.datetime.now(datetime.UTC).
::warning file=/home/runner/work/invenio-testrig/invenio-testrig/package-repo/.venv/lib/python3.12/site-packages/invenio_records_resources/services/records/schema.py,line=90::The `context` parameter is deprecated and will be removed in marshmallow 4.0. Use `contextvars.ContextVar` to pass context instead.
::warning file=/home/runner/work/invenio-testrig/invenio-testrig/package-repo/.venv/lib/python3.12/site-packages/marshmallow/fields.py,line=631::The `context` parameter is deprecated and will be removed in marshmallow 4.0. Use `contextvars.ContextVar` to pass context instead.
::warning file=/home/runner/work/invenio-testrig/invenio-testrig/package-repo/.venv/lib/python3.12/site-packages/sqlalchemy/sql/schema.py,line=3624::datetime.datetime.utcnow() is deprecated and scheduled for removal in a future version. Use timezone-aware objects to represent datetimes in UTC: datetime.datetime.now(datetime.UTC).
::warning file=/home/runner/work/invenio-testrig/invenio-testrig/package-repo/.venv/lib/python3.12/site-packages/sqlalchemy/sql/schema.py,line=3624::datetime.datetime.utcnow() is deprecated and scheduled for removal in a future version. Use timezone-aware objects to represent datetimes in UTC: datetime.datetime.now(datetime.UTC).
::warning file=/home/runner/work/invenio-testrig/invenio-testrig/package-repo/.venv/lib/python3.12/site-packages/invenio_records_resources/services/records/schema.py,line=90::The `context` parameter is deprecated and will be removed in marshmallow 4.0. Use `contextvars.ContextVar` to pass context instead.
::warning file=/home/runner/work/invenio-testrig/invenio-testrig/package-repo/.venv/lib/python3.12/site-packages/sqlalchemy/sql/schema.py,line=3624::datetime.datetime.utcnow() is deprecated and scheduled for removal in a future version. Use timezone-aware objects to represent datetimes in UTC: datetime.datetime.now(datetime.UTC).
::warning file=/home/runner/work/invenio-testrig/invenio-testrig/package-repo/.venv/lib/python3.12/site-packages/sqlalchemy/sql/schema.py,line=3624::datetime.datetime.utcnow() is deprecated and scheduled for removal in a future version. Use timezone-aware objects to represent datetimes in UTC: datetime.datetime.now(datetime.UTC).
::warning file=/home/runner/work/invenio-testrig/invenio-testrig/package-repo/.venv/lib/python3.12/site-packages/invenio_records_resources/services/records/schema.py,line=90::The `context` parameter is deprecated and will be removed in marshmallow 4.0. Use `contextvars.ContextVar` to pass context instead.
::warning file=/home/runner/work/invenio-testrig/invenio-testrig/package-repo/.venv/lib/python3.12/site-packages/marshmallow/fields.py,line=631::The `context` parameter is deprecated and will be removed in marshmallow 4.0. Use `contextvars.ContextVar` to pass context instead.
::warning file=/home/runner/work/invenio-testrig/invenio-testrig/package-repo/.venv/lib/python3.12/site-packages/sqlalchemy_utils/models.py,line=33::datetime.datetime.utcnow() is deprecated and scheduled for removal in a future version. Use timezone-aware objects to represent datetimes in UTC: datetime.datetime.now(datetime.UTC).
::warning file=/home/runner/work/invenio-testrig/invenio-testrig/package-repo/.venv/lib/python3.12/site-packages/invenio_records_resources/services/records/schema.py,line=105::The `context` parameter is deprecated and will be removed in marshmallow 4.0. Use `contextvars.ContextVar` to pass context instead.
::warning file=/home/runner/work/invenio-testrig/invenio-testrig/package-repo/.venv/lib/python3.12/site-packages/marshmallow/fields.py,line=631::The `context` parameter is deprecated and will be removed in marshmallow 4.0. Use `contextvars.ContextVar` to pass context instead.
::warning file=/home/runner/work/invenio-testrig/invenio-testrig/package-repo/.venv/lib/python3.12/site-packages/invenio_records_resources/services/records/schema.py,line=105::The `context` parameter is deprecated and will be removed in marshmallow 4.0. Use `contextvars.ContextVar` to pass context instead.
::warning file=/home/runner/work/invenio-testrig/invenio-testrig/package-repo/.venv/lib/python3.12/site-packages/marshmallow/fields.py,line=631::The `context` parameter is deprecated and will be removed in marshmallow 4.0. Use `contextvars.ContextVar` to pass context instead.
::warning file=/home/runner/work/invenio-testrig/invenio-testrig/package-repo/.venv/lib/python3.12/site-packages/invenio_records_resources/services/records/schema.py,line=105::The `context` parameter is deprecated and will be removed in marshmallow 4.0. Use `contextvars.ContextVar` to pass context instead.
::warning file=/home/runner/work/invenio-testrig/invenio-testrig/package-repo/.venv/lib/python3.12/site-packages/marshmallow/fields.py,line=631::The `context` parameter is deprecated and will be removed in marshmallow 4.0. Use `contextvars.ContextVar` to pass context instead.

tests/resources/test_resources.py::test_jobs_search PASSED::warning file=/home/runner/work/invenio-testrig/invenio-testrig/package-repo/.venv/lib/python3.12/site-packages/pytest_invenio/user.py,line=36::datetime.datetime.utcnow() is deprecated and scheduled for removal in a future version. Use timezone-aware objects to represent datetimes in UTC: datetime.datetime.now(datetime.UTC).
::warning file=/home/runner/work/invenio-testrig/invenio-testrig/package-repo/.venv/lib/python3.12/site-packages/sqlalchemy/sql/schema.py,line=3624::datetime.datetime.utcnow() is deprecated and scheduled for removal in a future version. Use timezone-aware objects to represent datetimes in UTC: datetime.datetime.now(datetime.UTC).
::warning file=/home/runner/work/invenio-testrig/invenio-testrig/package-repo/.venv/lib/python3.12/site-packages/sqlalchemy/sql/schema.py,line=3624::datetime.datetime.utcnow() is deprecated and scheduled for removal in a future version. Use timezone-aware objects to represent datetimes in UTC: datetime.datetime.now(datetime.UTC).
::warning file=/home/runner/work/invenio-testrig/invenio-testrig/package-repo/.venv/lib/python3.12/site-packages/flask_security/datastore.py,line=235::The Query.get() method is considered legacy as of the 1.x series of SQLAlchemy and becomes a legacy construct in 2.0. The method is now available as Session.get() (deprecated since: 2.0)
::warning file=/home/runner/work/invenio-testrig/invenio-testrig/package-repo/.venv/lib/python3.12/site-packages/invenio_records_resources/services/records/schema.py,line=90::The `context` parameter is deprecated and will be removed in marshmallow 4.0. Use `contextvars.ContextVar` to pass context instead.
::warning file=/home/runner/work/invenio-testrig/invenio-testrig/package-repo/.venv/lib/python3.12/site-packages/marshmallow/fields.py,line=631::The `context` parameter is deprecated and will be removed in marshmallow 4.0. Use `contextvars.ContextVar` to pass context instead.
::warning file=/home/runner/work/invenio-testrig/invenio-testrig/package-repo/.venv/lib/python3.12/site-packages/sqlalchemy/sql/schema.py,line=3624::datetime.datetime.utcnow() is deprecated and scheduled for removal in a future version. Use timezone-aware objects to represent datetimes in UTC: datetime.datetime.now(datetime.UTC).
::warning file=/home/runner/work/invenio-testrig/invenio-testrig/package-repo/.venv/lib/python3.12/site-packages/sqlalchemy/sql/schema.py,line=3624::datetime.datetime.utcnow() is deprecated and scheduled for removal in a future version. Use timezone-aware objects to represent datetimes in UTC: datetime.datetime.now(datetime.UTC).
::warning file=/home/runner/work/invenio-testrig/invenio-testrig/package-repo/.venv/lib/python3.12/site-packages/invenio_records_resources/services/records/schema.py,line=90::The `context` parameter is deprecated and will be removed in marshmallow 4.0. Use `contextvars.ContextVar` to pass context instead.
::warning file=/home/runner/work/invenio-testrig/invenio-testrig/package-repo/.venv/lib/python3.12/site-packages/marshmallow/fields.py,line=631::The `context` parameter is deprecated and will be removed in marshmallow 4.0. Use `contextvars.ContextVar` to pass context instead.
::warning file=/home/runner/work/invenio-testrig/invenio-testrig/package-repo/.venv/lib/python3.12/site-packages/sqlalchemy/sql/schema.py,line=3624::datetime.datetime.utcnow() is deprecated and scheduled for removal in a future version. Use timezone-aware objects to represent datetimes in UTC: datetime.datetime.now(datetime.UTC).
::warning file=/home/runner/work/invenio-testrig/invenio-testrig/package-repo/.venv/lib/python3.12/site-packages/sqlalchemy/sql/schema.py,line=3624::datetime.datetime.utcnow() is deprecated and scheduled for removal in a future version. Use timezone-aware objects to represent datetimes in UTC: datetime.datetime.now(datetime.UTC).
::warning file=/home/runner/work/invenio-testrig/invenio-testrig/package-repo/.venv/lib/python3.12/site-packages/invenio_records_resources/services/records/schema.py,line=90::The `context` parameter is deprecated and will be removed in marshmallow 4.0. Use `contextvars.ContextVar` to pass context instead.
::warning file=/home/runner/work/invenio-testrig/invenio-testrig/package-repo/.venv/lib/python3.12/site-packages/sqlalchemy/sql/schema.py,line=3624::datetime.datetime.utcnow() is deprecated and scheduled for removal in a future version. Use timezone-aware objects to represent datetimes in UTC: datetime.datetime.now(datetime.UTC).
::warning file=/home/runner/work/invenio-testrig/invenio-testrig/package-repo/.venv/lib/python3.12/site-packages/sqlalchemy/sql/schema.py,line=3624::datetime.datetime.utcnow() is deprecated and scheduled for removal in a future version. Use timezone-aware objects to represent datetimes in UTC: datetime.datetime.now(datetime.UTC).
::warning file=/home/runner/work/invenio-testrig/invenio-testrig/package-repo/.venv/lib/python3.12/site-packages/invenio_records_resources/services/records/schema.py,line=105::The `context` parameter is deprecated and will be removed in marshmallow 4.0. Use `contextvars.ContextVar` to pass context instead.
::warning file=/home/runner/work/invenio-testrig/invenio-testrig/package-repo/.venv/lib/python3.12/site-packages/marshmallow/fields.py,line=631::The `context` parameter is deprecated and will be removed in marshmallow 4.0. Use `contextvars.ContextVar` to pass context instead.
::warning file=/home/runner/work/invenio-testrig/invenio-testrig/package-repo/.venv/lib/python3.12/site-packages/marshmallow/fields.py,line=631::The `context` parameter is deprecated and will be removed in marshmallow 4.0. Use `contextvars.ContextVar` to pass context instead.
::warning file=/home/runner/work/invenio-testrig/invenio-testrig/package-repo/.venv/lib/python3.12/site-packages/invenio_records_resources/services/records/schema.py,line=105::The `context` parameter is deprecated and will be removed in marshmallow 4.0. Use `contextvars.ContextVar` to pass context instead.
::warning file=/home/runner/work/invenio-testrig/invenio-testrig/package-repo/.venv/lib/python3.12/site-packages/marshmallow/fields.py,line=631::The `context` parameter is deprecated and will be removed in marshmallow 4.0. Use `contextvars.ContextVar` to pass context instead.
::warning file=/home/runner/work/invenio-testrig/invenio-testrig/package-repo/.venv/lib/python3.12/site-packages/marshmallow/fields.py,line=631::The `context` parameter is deprecated and will be removed in marshmallow 4.0. Use `contextvars.ContextVar` to pass context instead.
::warning file=/home/runner/work/invenio-testrig/invenio-testrig/package-repo/.venv/lib/python3.12/site-packages/invenio_records_resources/services/records/schema.py,line=105::The `context` parameter is deprecated and will be removed in marshmallow 4.0. Use `contextvars.ContextVar` to pass context instead.
::warning file=/home/runner/work/invenio-testrig/invenio-testrig/package-repo/.venv/lib/python3.12/site-packages/marshmallow/fields.py,line=631::The `context` parameter is deprecated and will be removed in marshmallow 4.0. Use `contextvars.ContextVar` to pass context instead.
::warning file=/home/runner/work/invenio-testrig/invenio-testrig/package-repo/.venv/lib/python3.12/site-packages/marshmallow/fields.py,line=631::The `context` parameter is deprecated and will be removed in marshmallow 4.0. Use `contextvars.ContextVar` to pass context instead.
::warning file=/home/runner/work/invenio-testrig/invenio-testrig/package-repo/.venv/lib/python3.12/site-packages/invenio_records_resources/services/records/schema.py,line=105::The `context` parameter is deprecated and will be removed in marshmallow 4.0. Use `contextvars.ContextVar` to pass context instead.
::warning file=/home/runner/work/invenio-testrig/invenio-testrig/package-repo/.venv/lib/python3.12/site-packages/marshmallow/fields.py,line=631::The `context` parameter is deprecated and will be removed in marshmallow 4.0. Use `contextvars.ContextVar` to pass context instead.
::warning file=/home/runner/work/invenio-testrig/invenio-testrig/package-repo/.venv/lib/python3.12/site-packages/invenio_records_resources/services/records/schema.py,line=105::The `context` parameter is deprecated and will be removed in marshmallow 4.0. Use `contextvars.ContextVar` to pass context instead.
::warning file=/home/runner/work/invenio-testrig/invenio-testrig/package-repo/.venv/lib/python3.12/site-packages/marshmallow/fields.py,line=631::The `context` parameter is deprecated and will be removed in marshmallow 4.0. Use `contextvars.ContextVar` to pass context instead.
::warning file=/home/runner/work/invenio-testrig/invenio-testrig/package-repo/.venv/lib/python3.12/site-packages/invenio_records_resources/services/records/schema.py,line=105::The `context` parameter is deprecated and will be removed in marshmallow 4.0. Use `contextvars.ContextVar` to pass context instead.
::warning file=/home/runner/work/invenio-testrig/invenio-testrig/package-repo/.venv/lib/python3.12/site-packages/marshmallow/fields.py,line=631::The `context` parameter is deprecated and will be removed in marshmallow 4.0. Use `contextvars.ContextVar` to pass context instead.
::warning file=/home/runner/work/invenio-testrig/invenio-testrig/package-repo/.venv/lib/python3.12/site-packages/invenio_records_resources/services/records/schema.py,line=105::The `context` parameter is deprecated and will be removed in marshmallow 4.0. Use `contextvars.ContextVar` to pass context instead.
::warning file=/home/runner/work/invenio-testrig/invenio-testrig/package-repo/.venv/lib/python3.12/site-packages/marshmallow/fields.py,line=631::The `context` parameter is deprecated and will be removed in marshmallow 4.0. Use `contextvars.ContextVar` to pass context instead.
::warning file=/home/runner/work/invenio-testrig/invenio-testrig/package-repo/.venv/lib/python3.12/site-packages/marshmallow/fields.py,line=631::The `context` parameter is deprecated and will be removed in marshmallow 4.0. Use `contextvars.ContextVar` to pass context instead.

tests/resources/test_resources.py::test_jobs_delete PASSED::warning file=/home/runner/work/invenio-testrig/invenio-testrig/package-repo/.venv/lib/python3.12/site-packages/pytest_invenio/user.py,line=36::datetime.datetime.utcnow() is deprecated and scheduled for removal in a future version. Use timezone-aware objects to represent datetimes in UTC: datetime.datetime.now(datetime.UTC).
::warning file=/home/runner/work/invenio-testrig/invenio-testrig/package-repo/.venv/lib/python3.12/site-packages/sqlalchemy/sql/schema.py,line=3624::datetime.datetime.utcnow() is deprecated and scheduled for removal in a future version. Use timezone-aware objects to represent datetimes in UTC: datetime.datetime.now(datetime.UTC).
::warning file=/home/runner/work/invenio-testrig/invenio-testrig/package-repo/.venv/lib/python3.12/site-packages/sqlalchemy/sql/schema.py,line=3624::datetime.datetime.utcnow() is deprecated and scheduled for removal in a future version. Use timezone-aware objects to represent datetimes in UTC: datetime.datetime.now(datetime.UTC).
::warning file=/home/runner/work/invenio-testrig/invenio-testrig/package-repo/.venv/lib/python3.12/site-packages/flask_security/datastore.py,line=235::The Query.get() method is considered legacy as of the 1.x series of SQLAlchemy and becomes a legacy construct in 2.0. The method is now available as Session.get() (deprecated since: 2.0)
::warning file=/home/runner/work/invenio-testrig/invenio-testrig/package-repo/.venv/lib/python3.12/site-packages/invenio_records_resources/services/records/schema.py,line=90::The `context` parameter is deprecated and will be removed in marshmallow 4.0. Use `contextvars.ContextVar` to pass context instead.
::warning file=/home/runner/work/invenio-testrig/invenio-testrig/package-repo/.venv/lib/python3.12/site-packages/marshmallow/fields.py,line=631::The `context` parameter is deprecated and will be removed in marshmallow 4.0. Use `contextvars.ContextVar` to pass context instead.
::warning file=/home/runner/work/invenio-testrig/invenio-testrig/package-repo/.venv/lib/python3.12/site-packages/sqlalchemy/sql/schema.py,line=3624::datetime.datetime.utcnow() is deprecated and scheduled for removal in a future version. Use timezone-aware objects to represent datetimes in UTC: datetime.datetime.now(datetime.UTC).
::warning file=/home/runner/work/invenio-testrig/invenio-testrig/package-repo/.venv/lib/python3.12/site-packages/sqlalchemy/sql/schema.py,line=3624::datetime.datetime.utcnow() is deprecated and scheduled for removal in a future version. Use timezone-aware objects to represent datetimes in UTC: datetime.datetime.now(datetime.UTC).
::warning file=/home/runner/work/invenio-testrig/invenio-testrig/package-repo/.venv/lib/python3.12/site-packages/invenio_records_resources/services/records/schema.py,line=90::The `context` parameter is deprecated and will be removed in marshmallow 4.0. Use `contextvars.ContextVar` to pass context instead.
::warning file=/home/runner/work/invenio-testrig/invenio-testrig/package-repo/.venv/lib/python3.12/site-packages/marshmallow/fields.py,line=631::The `context` parameter is deprecated and will be removed in marshmallow 4.0. Use `contextvars.ContextVar` to pass context instead.
::warning file=/home/runner/work/invenio-testrig/invenio-testrig/package-repo/.venv/lib/python3.12/site-packages/sqlalchemy/sql/schema.py,line=3624::datetime.datetime.utcnow() is deprecated and scheduled for removal in a future version. Use timezone-aware objects to represent datetimes in UTC: datetime.datetime.now(datetime.UTC).
::warning file=/home/runner/work/invenio-testrig/invenio-testrig/package-repo/.venv/lib/python3.12/site-packages/sqlalchemy/sql/schema.py,line=3624::datetime.datetime.utcnow() is deprecated and scheduled for removal in a future version. Use timezone-aware objects to represent datetimes in UTC: datetime.datetime.now(datetime.UTC).
::warning file=/home/runner/work/invenio-testrig/invenio-testrig/package-repo/.venv/lib/python3.12/site-packages/invenio_records_resources/services/records/schema.py,line=90::The `context` parameter is deprecated and will be removed in marshmallow 4.0. Use `contextvars.ContextVar` to pass context instead.
::warning file=/home/runner/work/invenio-testrig/invenio-testrig/package-repo/.venv/lib/python3.12/site-packages/sqlalchemy/sql/schema.py,line=3624::datetime.datetime.utcnow() is deprecated and scheduled for removal in a future version. Use timezone-aware objects to represent datetimes in UTC: datetime.datetime.now(datetime.UTC).
::warning file=/home/runner/work/invenio-testrig/invenio-testrig/package-repo/.venv/lib/python3.12/site-packages/sqlalchemy/sql/schema.py,line=3624::datetime.datetime.utcnow() is deprecated and scheduled for removal in a future version. Use timezone-aware objects to represent datetimes in UTC: datetime.datetime.now(datetime.UTC).
::warning file=/home/runner/work/invenio-testrig/invenio-testrig/package-repo/.venv/lib/python3.12/site-packages/invenio_records_resources/services/records/schema.py,line=105::The `context` parameter is deprecated and will be removed in marshmallow 4.0. Use `contextvars.ContextVar` to pass context instead.
::warning file=/home/runner/work/invenio-testrig/invenio-testrig/package-repo/.venv/lib/python3.12/site-packages/marshmallow/fields.py,line=631::The `context` parameter is deprecated and will be removed in marshmallow 4.0. Use `contextvars.ContextVar` to pass context instead.
::warning file=/home/runner/work/invenio-testrig/invenio-testrig/package-repo/.venv/lib/python3.12/site-packages/marshmallow/fields.py,line=631::The `context` parameter is deprecated and will be removed in marshmallow 4.0. Use `contextvars.ContextVar` to pass context instead.
::warning file=/home/runner/work/invenio-testrig/invenio-testrig/package-repo/.venv/lib/python3.12/site-packages/invenio_records_resources/services/records/schema.py,line=105::The `context` parameter is deprecated and will be removed in marshmallow 4.0. Use `contextvars.ContextVar` to pass context instead.
::warning file=/home/runner/work/invenio-testrig/invenio-testrig/package-repo/.venv/lib/python3.12/site-packages/marshmallow/fields.py,line=631::The `context` parameter is deprecated and will be removed in marshmallow 4.0. Use `contextvars.ContextVar` to pass context instead.
::warning file=/home/runner/work/invenio-testrig/invenio-testrig/package-repo/.venv/lib/python3.12/site-packages/marshmallow/fields.py,line=631::The `context` parameter is deprecated and will be removed in marshmallow 4.0. Use `contextvars.ContextVar` to pass context instead.

tests/resources/test_resources.py::test_job_template_args SKIPPED
tests/test_alembic.py::ISORT PASSED
tests/test_alembic.py::black PASSED
tests/test_alembic.py::test_alembic SKIPPED (endles loop)
tests/test_deprecated.py::ISORT PASSED
tests/test_deprecated.py::black PASSED
tests/test_deprecated.py::test_task_execution_error_deprecated PASSED
tests/test_invenio_jobs.py::ISORT PASSED
tests/test_invenio_jobs.py::black PASSED
tests/test_invenio_jobs.py::test_version PASSED
tests/test_invenio_jobs.py::test_init PASSED
tests/test_services_job_logs.py::ISORT PASSED
tests/test_services_job_logs.py::black PASSED
tests/test_services_job_logs.py::test_job_logs_search_limits_to_max_docs JSONSCHEMAS_HOST is set to localhost
[2025-12-10 10:02:35,189] WARNING in ext: JSONSCHEMAS_HOST is set to localhost
JSONSCHEMAS_HOST is set to localhost
Flask-DebugToolbar extension not installed.
[2025-12-10 10:02:35,392] DEBUG in ext: Flask-DebugToolbar extension not installed.
Flask-DebugToolbar extension not installed.
PASSED::warning file=/home/runner/work/invenio-testrig/invenio-testrig/package-repo/.venv/lib/python3.12/site-packages/invenio_rest/ext.py,line=29::CSRF validation will be enabled by default in the version 1.3.x
::warning file=/home/runner/work/invenio-testrig/invenio-testrig/package-repo/.venv/lib/python3.12/site-packages/flask_caching/__init__.py,line=145::Using the initialization functions in flask_caching.backend is deprecated.  Use the a full path to backend classes directly.
::warning file=/home/runner/work/invenio-testrig/invenio-testrig/package-repo/.venv/lib/python3.12/site-packages/pytest_invenio/user.py,line=36::datetime.datetime.utcnow() is deprecated and scheduled for removal in a future version. Use timezone-aware objects to represent datetimes in UTC: datetime.datetime.now(datetime.UTC).
::warning file=/home/runner/work/invenio-testrig/invenio-testrig/package-repo/.venv/lib/python3.12/site-packages/sqlalchemy/sql/schema.py,line=3624::datetime.datetime.utcnow() is deprecated and scheduled for removal in a future version. Use timezone-aware objects to represent datetimes in UTC: datetime.datetime.now(datetime.UTC).
::warning file=/home/runner/work/invenio-testrig/invenio-testrig/package-repo/.venv/lib/python3.12/site-packages/flask_security/datastore.py,line=235::The Query.get() method is considered legacy as of the 1.x series of SQLAlchemy and becomes a legacy construct in 2.0. The method is now available as Session.get() (deprecated since: 2.0)
::warning file=/home/runner/work/invenio-testrig/invenio-testrig/package-repo/.venv/lib/python3.12/site-packages/invenio_records_resources/services/records/schema.py,line=105::The `context` parameter is deprecated and will be removed in marshmallow 4.0. Use `contextvars.ContextVar` to pass context instead.
::warning file=/home/runner/work/invenio-testrig/invenio-testrig/package-repo/.venv/lib/python3.12/site-packages/marshmallow/fields.py,line=631::The `context` parameter is deprecated and will be removed in marshmallow 4.0. Use `contextvars.ContextVar` to pass context instead.

tests/test_services_job_logs.py::test_job_logs_search_returns_all_when_under_limit PASSED::warning file=/home/runner/work/invenio-testrig/invenio-testrig/package-repo/.venv/lib/python3.12/site-packages/pytest_invenio/user.py,line=36::datetime.datetime.utcnow() is deprecated and scheduled for removal in a future version. Use timezone-aware objects to represent datetimes in UTC: datetime.datetime.now(datetime.UTC).
::warning file=/home/runner/work/invenio-testrig/invenio-testrig/package-repo/.venv/lib/python3.12/site-packages/sqlalchemy/sql/schema.py,line=3624::datetime.datetime.utcnow() is deprecated and scheduled for removal in a future version. Use timezone-aware objects to represent datetimes in UTC: datetime.datetime.now(datetime.UTC).
::warning file=/home/runner/work/invenio-testrig/invenio-testrig/package-repo/.venv/lib/python3.12/site-packages/sqlalchemy/sql/schema.py,line=3624::datetime.datetime.utcnow() is deprecated and scheduled for removal in a future version. Use timezone-aware objects to represent datetimes in UTC: datetime.datetime.now(datetime.UTC).
::warning file=/home/runner/work/invenio-testrig/invenio-testrig/package-repo/.venv/lib/python3.12/site-packages/flask_security/datastore.py,line=235::The Query.get() method is considered legacy as of the 1.x series of SQLAlchemy and becomes a legacy construct in 2.0. The method is now available as Session.get() (deprecated since: 2.0)
::warning file=/home/runner/work/invenio-testrig/invenio-testrig/package-repo/.venv/lib/python3.12/site-packages/invenio_records_resources/services/records/schema.py,line=105::The `context` parameter is deprecated and will be removed in marshmallow 4.0. Use `contextvars.ContextVar` to pass context instead.
::warning file=/home/runner/work/invenio-testrig/invenio-testrig/package-repo/.venv/lib/python3.12/site-packages/marshmallow/fields.py,line=631::The `context` parameter is deprecated and will be removed in marshmallow 4.0. Use `contextvars.ContextVar` to pass context instead.
::warning file=/home/runner/work/invenio-testrig/invenio-testrig/package-repo/.venv/lib/python3.12/site-packages/invenio_records_resources/services/records/schema.py,line=105::The `context` parameter is deprecated and will be removed in marshmallow 4.0. Use `contextvars.ContextVar` to pass context instead.
::warning file=/home/runner/work/invenio-testrig/invenio-testrig/package-repo/.venv/lib/python3.12/site-packages/marshmallow/fields.py,line=631::The `context` parameter is deprecated and will be removed in marshmallow 4.0. Use `contextvars.ContextVar` to pass context instead.
::warning file=/home/runner/work/invenio-testrig/invenio-testrig/package-repo/.venv/lib/python3.12/site-packages/invenio_records_resources/services/records/schema.py,line=105::The `context` parameter is deprecated and will be removed in marshmallow 4.0. Use `contextvars.ContextVar` to pass context instead.
::warning file=/home/runner/work/invenio-testrig/invenio-testrig/package-repo/.venv/lib/python3.12/site-packages/marshmallow/fields.py,line=631::The `context` parameter is deprecated and will be removed in marshmallow 4.0. Use `contextvars.ContextVar` to pass context instead.

tests/test_services_subtasks.py::ISORT PASSED
tests/test_services_subtasks.py::black PASSED
tests/test_services_subtasks.py::test_create_subtask_run JSONSCHEMAS_HOST is set to localhost
[2025-12-10 10:02:37,173] WARNING in ext: JSONSCHEMAS_HOST is set to localhost
JSONSCHEMAS_HOST is set to localhost
JSONSCHEMAS_HOST is set to localhost
Flask-DebugToolbar extension not installed.
[2025-12-10 10:02:37,368] DEBUG in ext: Flask-DebugToolbar extension not installed.
Flask-DebugToolbar extension not installed.
Flask-DebugToolbar extension not installed.
Run created
[2025-12-10 10:02:38,476] DEBUG in services: Run created
Run created
Run created
Updating run 2cbdb4a2-3e56-4f93-b104-9096d0f3e2fd with status RunStatusEnum.QUEUED and active subtasks: False
[2025-12-10 10:02:38,493] INFO in tasks: Updating run 2cbdb4a2-3e56-4f93-b104-9096d0f3e2fd with status RunStatusEnum.QUEUED and active subtasks: False
Updating run 2cbdb4a2-3e56-4f93-b104-9096d0f3e2fd with status RunStatusEnum.QUEUED and active subtasks: False
Updating run 2cbdb4a2-3e56-4f93-b104-9096d0f3e2fd with status RunStatusEnum.QUEUED and active subtasks: False
Executing run 2cbdb4a2-3e56-4f93-b104-9096d0f3e2fd with task mock_module.tasks.mock_task and args None
[2025-12-10 10:02:38,506] DEBUG in tasks: Executing run 2cbdb4a2-3e56-4f93-b104-9096d0f3e2fd with task mock_module.tasks.mock_task and args None
Executing run 2cbdb4a2-3e56-4f93-b104-9096d0f3e2fd with task mock_module.tasks.mock_task and args None
Executing run 2cbdb4a2-3e56-4f93-b104-9096d0f3e2fd with task mock_module.tasks.mock_task and args None
Run 2cbdb4a2-3e56-4f93-b104-9096d0f3e2fd encountered an unexpected error: mock_task() got an unexpected keyword argument 'since'
[2025-12-10 10:02:38,514] ERROR in tasks: Run 2cbdb4a2-3e56-4f93-b104-9096d0f3e2fd encountered an unexpected error: mock_task() got an unexpected keyword argument 'since'
Run 2cbdb4a2-3e56-4f93-b104-9096d0f3e2fd encountered an unexpected error: mock_task() got an unexpected keyword argument 'since'
Run 2cbdb4a2-3e56-4f93-b104-9096d0f3e2fd encountered an unexpected error: mock_task() got an unexpected keyword argument 'since'
Updating run 2cbdb4a2-3e56-4f93-b104-9096d0f3e2fd with status RunStatusEnum.RUNNING and active subtasks: False
[2025-12-10 10:02:38,517] INFO in tasks: Updating run 2cbdb4a2-3e56-4f93-b104-9096d0f3e2fd with status RunStatusEnum.RUNNING and active subtasks: False
Updating run 2cbdb4a2-3e56-4f93-b104-9096d0f3e2fd with status RunStatusEnum.RUNNING and active subtasks: False
Updating run 2cbdb4a2-3e56-4f93-b104-9096d0f3e2fd with status RunStatusEnum.RUNNING and active subtasks: False
PASSED::warning file=/home/runner/work/invenio-testrig/invenio-testrig/package-repo/.venv/lib/python3.12/site-packages/invenio_rest/ext.py,line=29::CSRF validation will be enabled by default in the version 1.3.x
::warning file=/home/runner/work/invenio-testrig/invenio-testrig/package-repo/.venv/lib/python3.12/site-packages/flask_caching/__init__.py,line=145::Using the initialization functions in flask_caching.backend is deprecated.  Use the a full path to backend classes directly.
::warning file=/home/runner/work/invenio-testrig/invenio-testrig/package-repo/.venv/lib/python3.12/site-packages/pytest_invenio/user.py,line=36::datetime.datetime.utcnow() is deprecated and scheduled for removal in a future version. Use timezone-aware objects to represent datetimes in UTC: datetime.datetime.now(datetime.UTC).
::warning file=/home/runner/work/invenio-testrig/invenio-testrig/package-repo/.venv/lib/python3.12/site-packages/sqlalchemy/sql/schema.py,line=3624::datetime.datetime.utcnow() is deprecated and scheduled for removal in a future version. Use timezone-aware objects to represent datetimes in UTC: datetime.datetime.now(datetime.UTC).
::warning file=/home/runner/work/invenio-testrig/invenio-testrig/package-repo/.venv/lib/python3.12/site-packages/flask_security/datastore.py,line=235::The Query.get() method is considered legacy as of the 1.x series of SQLAlchemy and becomes a legacy construct in 2.0. The method is now available as Session.get() (deprecated since: 2.0)
::warning file=/home/runner/work/invenio-testrig/invenio-testrig/package-repo/.venv/lib/python3.12/site-packages/invenio_records_resources/services/records/schema.py,line=90::The `context` parameter is deprecated and will be removed in marshmallow 4.0. Use `contextvars.ContextVar` to pass context instead.
::warning file=/home/runner/work/invenio-testrig/invenio-testrig/package-repo/.venv/lib/python3.12/site-packages/marshmallow/fields.py,line=631::The `context` parameter is deprecated and will be removed in marshmallow 4.0. Use `contextvars.ContextVar` to pass context instead.
::warning file=/home/runner/work/invenio-testrig/invenio-testrig/package-repo/.venv/lib/python3.12/site-packages/sqlalchemy_utils/models.py,line=33::datetime.datetime.utcnow() is deprecated and scheduled for removal in a future version. Use timezone-aware objects to represent datetimes in UTC: datetime.datetime.now(datetime.UTC).
::warning file=/home/runner/work/invenio-testrig/invenio-testrig/package-repo/invenio_jobs/tasks.py,line=61::datetime.datetime.utcnow() is deprecated and scheduled for removal in a future version. Use timezone-aware objects to represent datetimes in UTC: datetime.datetime.now(datetime.UTC).
::warning file=/home/runner/work/invenio-testrig/invenio-testrig/package-repo/invenio_jobs/tasks.py,line=121::datetime.datetime.utcnow() is deprecated and scheduled for removal in a future version. Use timezone-aware objects to represent datetimes in UTC: datetime.datetime.now(datetime.UTC).
::warning file=/home/runner/work/invenio-testrig/invenio-testrig/package-repo/.venv/lib/python3.12/site-packages/invenio_db/uow.py,line=193::Identity map already had an identity for (<class 'invenio_jobs.models.Run'>, (UUID('2cbdb4a2-3e56-4f93-b104-9096d0f3e2fd'),), None), replacing it with newly flushed object.   Are there load operations occurring inside of an event handler within the flush?
::warning file=/home/runner/work/invenio-testrig/invenio-testrig/package-repo/.venv/lib/python3.12/site-packages/invenio_records_resources/services/records/schema.py,line=105::The `context` parameter is deprecated and will be removed in marshmallow 4.0. Use `contextvars.ContextVar` to pass context instead.
::warning file=/home/runner/work/invenio-testrig/invenio-testrig/package-repo/invenio_jobs/services/schema.py,line=127::The `context` parameter is deprecated and will be removed in marshmallow 4.0. Use `contextvars.ContextVar` to pass context instead.

tests/test_services_subtasks.py::test_create_subtask_run_invalid_parent PASSED::warning file=/home/runner/work/invenio-testrig/invenio-testrig/package-repo/.venv/lib/python3.12/site-packages/pytest_invenio/user.py,line=36::datetime.datetime.utcnow() is deprecated and scheduled for removal in a future version. Use timezone-aware objects to represent datetimes in UTC: datetime.datetime.now(datetime.UTC).
::warning file=/home/runner/work/invenio-testrig/invenio-testrig/package-repo/.venv/lib/python3.12/site-packages/sqlalchemy/sql/schema.py,line=3624::datetime.datetime.utcnow() is deprecated and scheduled for removal in a future version. Use timezone-aware objects to represent datetimes in UTC: datetime.datetime.now(datetime.UTC).
::warning file=/home/runner/work/invenio-testrig/invenio-testrig/package-repo/.venv/lib/python3.12/site-packages/sqlalchemy/sql/schema.py,line=3624::datetime.datetime.utcnow() is deprecated and scheduled for removal in a future version. Use timezone-aware objects to represent datetimes in UTC: datetime.datetime.now(datetime.UTC).
::warning file=/home/runner/work/invenio-testrig/invenio-testrig/package-repo/.venv/lib/python3.12/site-packages/flask_security/datastore.py,line=235::The Query.get() method is considered legacy as of the 1.x series of SQLAlchemy and becomes a legacy construct in 2.0. The method is now available as Session.get() (deprecated since: 2.0)
::warning file=/home/runner/work/invenio-testrig/invenio-testrig/package-repo/.venv/lib/python3.12/site-packages/invenio_records_resources/services/records/schema.py,line=90::The `context` parameter is deprecated and will be removed in marshmallow 4.0. Use `contextvars.ContextVar` to pass context instead.
::warning file=/home/runner/work/invenio-testrig/invenio-testrig/package-repo/.venv/lib/python3.12/site-packages/marshmallow/fields.py,line=631::The `context` parameter is deprecated and will be removed in marshmallow 4.0. Use `contextvars.ContextVar` to pass context instead.
::warning file=/home/runner/work/invenio-testrig/invenio-testrig/package-repo/.venv/lib/python3.12/site-packages/sqlalchemy/sql/schema.py,line=3624::datetime.datetime.utcnow() is deprecated and scheduled for removal in a future version. Use timezone-aware objects to represent datetimes in UTC: datetime.datetime.now(datetime.UTC).
::warning file=/home/runner/work/invenio-testrig/invenio-testrig/package-repo/.venv/lib/python3.12/site-packages/sqlalchemy/sql/schema.py,line=3624::datetime.datetime.utcnow() is deprecated and scheduled for removal in a future version. Use timezone-aware objects to represent datetimes in UTC: datetime.datetime.now(datetime.UTC).
::warning file=/home/runner/work/invenio-testrig/invenio-testrig/package-repo/.venv/lib/python3.12/site-packages/invenio_records_resources/services/records/schema.py,line=90::The `context` parameter is deprecated and will be removed in marshmallow 4.0. Use `contextvars.ContextVar` to pass context instead.
::warning file=/home/runner/work/invenio-testrig/invenio-testrig/package-repo/.venv/lib/python3.12/site-packages/marshmallow/fields.py,line=631::The `context` parameter is deprecated and will be removed in marshmallow 4.0. Use `contextvars.ContextVar` to pass context instead.
::warning file=/home/runner/work/invenio-testrig/invenio-testrig/package-repo/.venv/lib/python3.12/site-packages/sqlalchemy/sql/schema.py,line=3624::datetime.datetime.utcnow() is deprecated and scheduled for removal in a future version. Use timezone-aware objects to represent datetimes in UTC: datetime.datetime.now(datetime.UTC).
::warning file=/home/runner/work/invenio-testrig/invenio-testrig/package-repo/.venv/lib/python3.12/site-packages/sqlalchemy/sql/schema.py,line=3624::datetime.datetime.utcnow() is deprecated and scheduled for removal in a future version. Use timezone-aware objects to represent datetimes in UTC: datetime.datetime.now(datetime.UTC).
::warning file=/home/runner/work/invenio-testrig/invenio-testrig/package-repo/.venv/lib/python3.12/site-packages/invenio_records_resources/services/records/schema.py,line=90::The `context` parameter is deprecated and will be removed in marshmallow 4.0. Use `contextvars.ContextVar` to pass context instead.
::warning file=/home/runner/work/invenio-testrig/invenio-testrig/package-repo/.venv/lib/python3.12/site-packages/sqlalchemy/sql/schema.py,line=3624::datetime.datetime.utcnow() is deprecated and scheduled for removal in a future version. Use timezone-aware objects to represent datetimes in UTC: datetime.datetime.now(datetime.UTC).
::warning file=/home/runner/work/invenio-testrig/invenio-testrig/package-repo/.venv/lib/python3.12/site-packages/sqlalchemy/sql/schema.py,line=3624::datetime.datetime.utcnow() is deprecated and scheduled for removal in a future version. Use timezone-aware objects to represent datetimes in UTC: datetime.datetime.now(datetime.UTC).

tests/test_services_subtasks.py::test_start_processing_subtask Run created
[2025-12-10 10:02:38,834] DEBUG in services: Run created
Run created
Run created
Updating run 7002e417-0d63-4462-acf4-118262e3064d with status RunStatusEnum.QUEUED and active subtasks: False
[2025-12-10 10:02:38,841] INFO in tasks: Updating run 7002e417-0d63-4462-acf4-118262e3064d with status RunStatusEnum.QUEUED and active subtasks: False
Updating run 7002e417-0d63-4462-acf4-118262e3064d with status RunStatusEnum.QUEUED and active subtasks: False
Updating run 7002e417-0d63-4462-acf4-118262e3064d with status RunStatusEnum.QUEUED and active subtasks: False
Executing run 7002e417-0d63-4462-acf4-118262e3064d with task mock_module.tasks.mock_task and args None
[2025-12-10 10:02:38,851] DEBUG in tasks: Executing run 7002e417-0d63-4462-acf4-118262e3064d with task mock_module.tasks.mock_task and args None
Executing run 7002e417-0d63-4462-acf4-118262e3064d with task mock_module.tasks.mock_task and args None
Executing run 7002e417-0d63-4462-acf4-118262e3064d with task mock_module.tasks.mock_task and args None
Run 7002e417-0d63-4462-acf4-118262e3064d encountered an unexpected error: mock_task() got an unexpected keyword argument 'since'
[2025-12-10 10:02:38,859] ERROR in tasks: Run 7002e417-0d63-4462-acf4-118262e3064d encountered an unexpected error: mock_task() got an unexpected keyword argument 'since'
Run 7002e417-0d63-4462-acf4-118262e3064d encountered an unexpected error: mock_task() got an unexpected keyword argument 'since'
Run 7002e417-0d63-4462-acf4-118262e3064d encountered an unexpected error: mock_task() got an unexpected keyword argument 'since'
Updating run 7002e417-0d63-4462-acf4-118262e3064d with status RunStatusEnum.RUNNING and active subtasks: False
[2025-12-10 10:02:38,862] INFO in tasks: Updating run 7002e417-0d63-4462-acf4-118262e3064d with status RunStatusEnum.RUNNING and active subtasks: False
Updating run 7002e417-0d63-4462-acf4-118262e3064d with status RunStatusEnum.RUNNING and active subtasks: False
Updating run 7002e417-0d63-4462-acf4-118262e3064d with status RunStatusEnum.RUNNING and active subtasks: False
PASSED::warning file=/home/runner/work/invenio-testrig/invenio-testrig/package-repo/.venv/lib/python3.12/site-packages/pytest_invenio/user.py,line=36::datetime.datetime.utcnow() is deprecated and scheduled for removal in a future version. Use timezone-aware objects to represent datetimes in UTC: datetime.datetime.now(datetime.UTC).
::warning file=/home/runner/work/invenio-testrig/invenio-testrig/package-repo/.venv/lib/python3.12/site-packages/sqlalchemy/sql/schema.py,line=3624::datetime.datetime.utcnow() is deprecated and scheduled for removal in a future version. Use timezone-aware objects to represent datetimes in UTC: datetime.datetime.now(datetime.UTC).
::warning file=/home/runner/work/invenio-testrig/invenio-testrig/package-repo/.venv/lib/python3.12/site-packages/sqlalchemy/sql/schema.py,line=3624::datetime.datetime.utcnow() is deprecated and scheduled for removal in a future version. Use timezone-aware objects to represent datetimes in UTC: datetime.datetime.now(datetime.UTC).
::warning file=/home/runner/work/invenio-testrig/invenio-testrig/package-repo/.venv/lib/python3.12/site-packages/flask_security/datastore.py,line=235::The Query.get() method is considered legacy as of the 1.x series of SQLAlchemy and becomes a legacy construct in 2.0. The method is now available as Session.get() (deprecated since: 2.0)
::warning file=/home/runner/work/invenio-testrig/invenio-testrig/package-repo/.venv/lib/python3.12/site-packages/invenio_records_resources/services/records/schema.py,line=90::The `context` parameter is deprecated and will be removed in marshmallow 4.0. Use `contextvars.ContextVar` to pass context instead.
::warning file=/home/runner/work/invenio-testrig/invenio-testrig/package-repo/.venv/lib/python3.12/site-packages/marshmallow/fields.py,line=631::The `context` parameter is deprecated and will be removed in marshmallow 4.0. Use `contextvars.ContextVar` to pass context instead.
::warning file=/home/runner/work/invenio-testrig/invenio-testrig/package-repo/.venv/lib/python3.12/site-packages/sqlalchemy/sql/schema.py,line=3624::datetime.datetime.utcnow() is deprecated and scheduled for removal in a future version. Use timezone-aware objects to represent datetimes in UTC: datetime.datetime.now(datetime.UTC).
::warning file=/home/runner/work/invenio-testrig/invenio-testrig/package-repo/.venv/lib/python3.12/site-packages/sqlalchemy/sql/schema.py,line=3624::datetime.datetime.utcnow() is deprecated and scheduled for removal in a future version. Use timezone-aware objects to represent datetimes in UTC: datetime.datetime.now(datetime.UTC).
::warning file=/home/runner/work/invenio-testrig/invenio-testrig/package-repo/.venv/lib/python3.12/site-packages/invenio_records_resources/services/records/schema.py,line=90::The `context` parameter is deprecated and will be removed in marshmallow 4.0. Use `contextvars.ContextVar` to pass context instead.
::warning file=/home/runner/work/invenio-testrig/invenio-testrig/package-repo/.venv/lib/python3.12/site-packages/marshmallow/fields.py,line=631::The `context` parameter is deprecated and will be removed in marshmallow 4.0. Use `contextvars.ContextVar` to pass context instead.
::warning file=/home/runner/work/invenio-testrig/invenio-testrig/package-repo/.venv/lib/python3.12/site-packages/sqlalchemy/sql/schema.py,line=3624::datetime.datetime.utcnow() is deprecated and scheduled for removal in a future version. Use timezone-aware objects to represent datetimes in UTC: datetime.datetime.now(datetime.UTC).
::warning file=/home/runner/work/invenio-testrig/invenio-testrig/package-repo/.venv/lib/python3.12/site-packages/sqlalchemy/sql/schema.py,line=3624::datetime.datetime.utcnow() is deprecated and scheduled for removal in a future version. Use timezone-aware objects to represent datetimes in UTC: datetime.datetime.now(datetime.UTC).
::warning file=/home/runner/work/invenio-testrig/invenio-testrig/package-repo/.venv/lib/python3.12/site-packages/invenio_records_resources/services/records/schema.py,line=90::The `context` parameter is deprecated and will be removed in marshmallow 4.0. Use `contextvars.ContextVar` to pass context instead.
::warning file=/home/runner/work/invenio-testrig/invenio-testrig/package-repo/.venv/lib/python3.12/site-packages/sqlalchemy/sql/schema.py,line=3624::datetime.datetime.utcnow() is deprecated and scheduled for removal in a future version. Use timezone-aware objects to represent datetimes in UTC: datetime.datetime.now(datetime.UTC).
::warning file=/home/runner/work/invenio-testrig/invenio-testrig/package-repo/.venv/lib/python3.12/site-packages/sqlalchemy/sql/schema.py,line=3624::datetime.datetime.utcnow() is deprecated and scheduled for removal in a future version. Use timezone-aware objects to represent datetimes in UTC: datetime.datetime.now(datetime.UTC).
::warning file=/home/runner/work/invenio-testrig/invenio-testrig/package-repo/.venv/lib/python3.12/site-packages/invenio_records_resources/services/records/schema.py,line=90::The `context` parameter is deprecated and will be removed in marshmallow 4.0. Use `contextvars.ContextVar` to pass context instead.
::warning file=/home/runner/work/invenio-testrig/invenio-testrig/package-repo/.venv/lib/python3.12/site-packages/sqlalchemy_utils/models.py,line=33::datetime.datetime.utcnow() is deprecated and scheduled for removal in a future version. Use timezone-aware objects to represent datetimes in UTC: datetime.datetime.now(datetime.UTC).
::warning file=/home/runner/work/invenio-testrig/invenio-testrig/package-repo/.venv/lib/python3.12/site-packages/sqlalchemy/sql/schema.py,line=3624::datetime.datetime.utcnow() is deprecated and scheduled for removal in a future version. Use timezone-aware objects to represent datetimes in UTC: datetime.datetime.now(datetime.UTC).
::warning file=/home/runner/work/invenio-testrig/invenio-testrig/package-repo/.venv/lib/python3.12/site-packages/sqlalchemy/sql/schema.py,line=3624::datetime.datetime.utcnow() is deprecated and scheduled for removal in a future version. Use timezone-aware objects to represent datetimes in UTC: datetime.datetime.now(datetime.UTC).
::warning file=/home/runner/work/invenio-testrig/invenio-testrig/package-repo/invenio_jobs/tasks.py,line=61::datetime.datetime.utcnow() is deprecated and scheduled for removal in a future version. Use timezone-aware objects to represent datetimes in UTC: datetime.datetime.now(datetime.UTC).
::warning file=/home/runner/work/invenio-testrig/invenio-testrig/package-repo/.venv/lib/python3.12/site-packages/sqlalchemy_utils/models.py,line=33::datetime.datetime.utcnow() is deprecated and scheduled for removal in a future version. Use timezone-aware objects to represent datetimes in UTC: datetime.datetime.now(datetime.UTC).
::warning file=/home/runner/work/invenio-testrig/invenio-testrig/package-repo/invenio_jobs/tasks.py,line=121::datetime.datetime.utcnow() is deprecated and scheduled for removal in a future version. Use timezone-aware objects to represent datetimes in UTC: datetime.datetime.now(datetime.UTC).
::warning file=/home/runner/work/invenio-testrig/invenio-testrig/package-repo/.venv/lib/python3.12/site-packages/sqlalchemy_utils/models.py,line=33::datetime.datetime.utcnow() is deprecated and scheduled for removal in a future version. Use timezone-aware objects to represent datetimes in UTC: datetime.datetime.now(datetime.UTC).
::warning file=/home/runner/work/invenio-testrig/invenio-testrig/package-repo/.venv/lib/python3.12/site-packages/sqlalchemy_utils/models.py,line=33::datetime.datetime.utcnow() is deprecated and scheduled for removal in a future version. Use timezone-aware objects to represent datetimes in UTC: datetime.datetime.now(datetime.UTC).
::warning file=/home/runner/work/invenio-testrig/invenio-testrig/package-repo/.venv/lib/python3.12/site-packages/sqlalchemy_utils/models.py,line=33::datetime.datetime.utcnow() is deprecated and scheduled for removal in a future version. Use timezone-aware objects to represent datetimes in UTC: datetime.datetime.now(datetime.UTC).
::warning file=/home/runner/work/invenio-testrig/invenio-testrig/package-repo/.venv/lib/python3.12/site-packages/sqlalchemy/sql/schema.py,line=3624::datetime.datetime.utcnow() is deprecated and scheduled for removal in a future version. Use timezone-aware objects to represent datetimes in UTC: datetime.datetime.now(datetime.UTC).
::warning file=/home/runner/work/invenio-testrig/invenio-testrig/package-repo/.venv/lib/python3.12/site-packages/sqlalchemy/sql/schema.py,line=3624::datetime.datetime.utcnow() is deprecated and scheduled for removal in a future version. Use timezone-aware objects to represent datetimes in UTC: datetime.datetime.now(datetime.UTC).
::warning file=/home/runner/work/invenio-testrig/invenio-testrig/package-repo/.venv/lib/python3.12/site-packages/invenio_db/uow.py,line=193::Identity map already had an identity for (<class 'invenio_jobs.models.Run'>, (UUID('7002e417-0d63-4462-acf4-118262e3064d'),), None), replacing it with newly flushed object.   Are there load operations occurring inside of an event handler within the flush?
::warning file=/home/runner/work/invenio-testrig/invenio-testrig/package-repo/invenio_jobs/services/services.py,line=354::datetime.datetime.utcnow() is deprecated and scheduled for removal in a future version. Use timezone-aware objects to represent datetimes in UTC: datetime.datetime.now(datetime.UTC).
::warning file=/home/runner/work/invenio-testrig/invenio-testrig/package-repo/.venv/lib/python3.12/site-packages/sqlalchemy_utils/models.py,line=33::datetime.datetime.utcnow() is deprecated and scheduled for removal in a future version. Use timezone-aware objects to represent datetimes in UTC: datetime.datetime.now(datetime.UTC).
::warning file=/home/runner/work/invenio-testrig/invenio-testrig/package-repo/.venv/lib/python3.12/site-packages/invenio_records_resources/services/records/schema.py,line=105::The `context` parameter is deprecated and will be removed in marshmallow 4.0. Use `contextvars.ContextVar` to pass context instead.
::warning file=/home/runner/work/invenio-testrig/invenio-testrig/package-repo/.venv/lib/python3.12/site-packages/marshmallow/fields.py,line=631::The `context` parameter is deprecated and will be removed in marshmallow 4.0. Use `contextvars.ContextVar` to pass context instead.
::warning file=/home/runner/work/invenio-testrig/invenio-testrig/package-repo/.venv/lib/python3.12/site-packages/marshmallow/fields.py,line=631::The `context` parameter is deprecated and will be removed in marshmallow 4.0. Use `contextvars.ContextVar` to pass context instead.
::warning file=/home/runner/work/invenio-testrig/invenio-testrig/package-repo/.venv/lib/python3.12/site-packages/marshmallow/fields.py,line=631::The `context` parameter is deprecated and will be removed in marshmallow 4.0. Use `contextvars.ContextVar` to pass context instead.
::warning file=/home/runner/work/invenio-testrig/invenio-testrig/package-repo/.venv/lib/python3.12/site-packages/marshmallow/fields.py,line=631::The `context` parameter is deprecated and will be removed in marshmallow 4.0. Use `contextvars.ContextVar` to pass context instead.
::warning file=/home/runner/work/invenio-testrig/invenio-testrig/package-repo/invenio_jobs/services/schema.py,line=127::The `context` parameter is deprecated and will be removed in marshmallow 4.0. Use `contextvars.ContextVar` to pass context instead.

tests/test_services_subtasks.py::test_start_processing_subtask_invalid_status Run created
[2025-12-10 10:02:39,090] DEBUG in services: Run created
Run created
Run created
Updating run fcaf3180-6275-4a74-afab-48a5d3108606 with status RunStatusEnum.QUEUED and active subtasks: False
[2025-12-10 10:02:39,099] INFO in tasks: Updating run fcaf3180-6275-4a74-afab-48a5d3108606 with status RunStatusEnum.QUEUED and active subtasks: False
Updating run fcaf3180-6275-4a74-afab-48a5d3108606 with status RunStatusEnum.QUEUED and active subtasks: False
Updating run fcaf3180-6275-4a74-afab-48a5d3108606 with status RunStatusEnum.QUEUED and active subtasks: False
Executing run fcaf3180-6275-4a74-afab-48a5d3108606 with task mock_module.tasks.mock_task and args None
[2025-12-10 10:02:39,109] DEBUG in tasks: Executing run fcaf3180-6275-4a74-afab-48a5d3108606 with task mock_module.tasks.mock_task and args None
Executing run fcaf3180-6275-4a74-afab-48a5d3108606 with task mock_module.tasks.mock_task and args None
Executing run fcaf3180-6275-4a74-afab-48a5d3108606 with task mock_module.tasks.mock_task and args None
Run fcaf3180-6275-4a74-afab-48a5d3108606 encountered an unexpected error: mock_task() got an unexpected keyword argument 'since'
[2025-12-10 10:02:39,115] ERROR in tasks: Run fcaf3180-6275-4a74-afab-48a5d3108606 encountered an unexpected error: mock_task() got an unexpected keyword argument 'since'
Run fcaf3180-6275-4a74-afab-48a5d3108606 encountered an unexpected error: mock_task() got an unexpected keyword argument 'since'
Run fcaf3180-6275-4a74-afab-48a5d3108606 encountered an unexpected error: mock_task() got an unexpected keyword argument 'since'
Updating run fcaf3180-6275-4a74-afab-48a5d3108606 with status RunStatusEnum.RUNNING and active subtasks: False
[2025-12-10 10:02:39,118] INFO in tasks: Updating run fcaf3180-6275-4a74-afab-48a5d3108606 with status RunStatusEnum.RUNNING and active subtasks: False
Updating run fcaf3180-6275-4a74-afab-48a5d3108606 with status RunStatusEnum.RUNNING and active subtasks: False
Updating run fcaf3180-6275-4a74-afab-48a5d3108606 with status RunStatusEnum.RUNNING and active subtasks: False
PASSED::warning file=/home/runner/work/invenio-testrig/invenio-testrig/package-repo/.venv/lib/python3.12/site-packages/pytest_invenio/user.py,line=36::datetime.datetime.utcnow() is deprecated and scheduled for removal in a future version. Use timezone-aware objects to represent datetimes in UTC: datetime.datetime.now(datetime.UTC).
::warning file=/home/runner/work/invenio-testrig/invenio-testrig/package-repo/.venv/lib/python3.12/site-packages/sqlalchemy/sql/schema.py,line=3624::datetime.datetime.utcnow() is deprecated and scheduled for removal in a future version. Use timezone-aware objects to represent datetimes in UTC: datetime.datetime.now(datetime.UTC).
::warning file=/home/runner/work/invenio-testrig/invenio-testrig/package-repo/.venv/lib/python3.12/site-packages/sqlalchemy/sql/schema.py,line=3624::datetime.datetime.utcnow() is deprecated and scheduled for removal in a future version. Use timezone-aware objects to represent datetimes in UTC: datetime.datetime.now(datetime.UTC).
::warning file=/home/runner/work/invenio-testrig/invenio-testrig/package-repo/.venv/lib/python3.12/site-packages/flask_security/datastore.py,line=235::The Query.get() method is considered legacy as of the 1.x series of SQLAlchemy and becomes a legacy construct in 2.0. The method is now available as Session.get() (deprecated since: 2.0)
::warning file=/home/runner/work/invenio-testrig/invenio-testrig/package-repo/.venv/lib/python3.12/site-packages/invenio_records_resources/services/records/schema.py,line=90::The `context` parameter is deprecated and will be removed in marshmallow 4.0. Use `contextvars.ContextVar` to pass context instead.
::warning file=/home/runner/work/invenio-testrig/invenio-testrig/package-repo/.venv/lib/python3.12/site-packages/marshmallow/fields.py,line=631::The `context` parameter is deprecated and will be removed in marshmallow 4.0. Use `contextvars.ContextVar` to pass context instead.
::warning file=/home/runner/work/invenio-testrig/invenio-testrig/package-repo/.venv/lib/python3.12/site-packages/sqlalchemy/sql/schema.py,line=3624::datetime.datetime.utcnow() is deprecated and scheduled for removal in a future version. Use timezone-aware objects to represent datetimes in UTC: datetime.datetime.now(datetime.UTC).
::warning file=/home/runner/work/invenio-testrig/invenio-testrig/package-repo/.venv/lib/python3.12/site-packages/sqlalchemy/sql/schema.py,line=3624::datetime.datetime.utcnow() is deprecated and scheduled for removal in a future version. Use timezone-aware objects to represent datetimes in UTC: datetime.datetime.now(datetime.UTC).
::warning file=/home/runner/work/invenio-testrig/invenio-testrig/package-repo/.venv/lib/python3.12/site-packages/invenio_records_resources/services/records/schema.py,line=90::The `context` parameter is deprecated and will be removed in marshmallow 4.0. Use `contextvars.ContextVar` to pass context instead.
::warning file=/home/runner/work/invenio-testrig/invenio-testrig/package-repo/.venv/lib/python3.12/site-packages/marshmallow/fields.py,line=631::The `context` parameter is deprecated and will be removed in marshmallow 4.0. Use `contextvars.ContextVar` to pass context instead.
::warning file=/home/runner/work/invenio-testrig/invenio-testrig/package-repo/.venv/lib/python3.12/site-packages/sqlalchemy/sql/schema.py,line=3624::datetime.datetime.utcnow() is deprecated and scheduled for removal in a future version. Use timezone-aware objects to represent datetimes in UTC: datetime.datetime.now(datetime.UTC).
::warning file=/home/runner/work/invenio-testrig/invenio-testrig/package-repo/.venv/lib/python3.12/site-packages/sqlalchemy/sql/schema.py,line=3624::datetime.datetime.utcnow() is deprecated and scheduled for removal in a future version. Use timezone-aware objects to represent datetimes in UTC: datetime.datetime.now(datetime.UTC).
::warning file=/home/runner/work/invenio-testrig/invenio-testrig/package-repo/.venv/lib/python3.12/site-packages/invenio_records_resources/services/records/schema.py,line=90::The `context` parameter is deprecated and will be removed in marshmallow 4.0. Use `contextvars.ContextVar` to pass context instead.
::warning file=/home/runner/work/invenio-testrig/invenio-testrig/package-repo/.venv/lib/python3.12/site-packages/sqlalchemy/sql/schema.py,line=3624::datetime.datetime.utcnow() is deprecated and scheduled for removal in a future version. Use timezone-aware objects to represent datetimes in UTC: datetime.datetime.now(datetime.UTC).
::warning file=/home/runner/work/invenio-testrig/invenio-testrig/package-repo/.venv/lib/python3.12/site-packages/sqlalchemy/sql/schema.py,line=3624::datetime.datetime.utcnow() is deprecated and scheduled for removal in a future version. Use timezone-aware objects to represent datetimes in UTC: datetime.datetime.now(datetime.UTC).
::warning file=/home/runner/work/invenio-testrig/invenio-testrig/package-repo/.venv/lib/python3.12/site-packages/invenio_records_resources/services/records/schema.py,line=90::The `context` parameter is deprecated and will be removed in marshmallow 4.0. Use `contextvars.ContextVar` to pass context instead.
::warning file=/home/runner/work/invenio-testrig/invenio-testrig/package-repo/.venv/lib/python3.12/site-packages/sqlalchemy_utils/models.py,line=33::datetime.datetime.utcnow() is deprecated and scheduled for removal in a future version. Use timezone-aware objects to represent datetimes in UTC: datetime.datetime.now(datetime.UTC).
::warning file=/home/runner/work/invenio-testrig/invenio-testrig/package-repo/.venv/lib/python3.12/site-packages/sqlalchemy/sql/schema.py,line=3624::datetime.datetime.utcnow() is deprecated and scheduled for removal in a future version. Use timezone-aware objects to represent datetimes in UTC: datetime.datetime.now(datetime.UTC).
::warning file=/home/runner/work/invenio-testrig/invenio-testrig/package-repo/.venv/lib/python3.12/site-packages/sqlalchemy/sql/schema.py,line=3624::datetime.datetime.utcnow() is deprecated and scheduled for removal in a future version. Use timezone-aware objects to represent datetimes in UTC: datetime.datetime.now(datetime.UTC).
::warning file=/home/runner/work/invenio-testrig/invenio-testrig/package-repo/invenio_jobs/tasks.py,line=61::datetime.datetime.utcnow() is deprecated and scheduled for removal in a future version. Use timezone-aware objects to represent datetimes in UTC: datetime.datetime.now(datetime.UTC).
::warning file=/home/runner/work/invenio-testrig/invenio-testrig/package-repo/.venv/lib/python3.12/site-packages/sqlalchemy_utils/models.py,line=33::datetime.datetime.utcnow() is deprecated and scheduled for removal in a future version. Use timezone-aware objects to represent datetimes in UTC: datetime.datetime.now(datetime.UTC).
::warning file=/home/runner/work/invenio-testrig/invenio-testrig/package-repo/invenio_jobs/tasks.py,line=121::datetime.datetime.utcnow() is deprecated and scheduled for removal in a future version. Use timezone-aware objects to represent datetimes in UTC: datetime.datetime.now(datetime.UTC).
::warning file=/home/runner/work/invenio-testrig/invenio-testrig/package-repo/.venv/lib/python3.12/site-packages/sqlalchemy_utils/models.py,line=33::datetime.datetime.utcnow() is deprecated and scheduled for removal in a future version. Use timezone-aware objects to represent datetimes in UTC: datetime.datetime.now(datetime.UTC).
::warning file=/home/runner/work/invenio-testrig/invenio-testrig/package-repo/.venv/lib/python3.12/site-packages/sqlalchemy_utils/models.py,line=33::datetime.datetime.utcnow() is deprecated and scheduled for removal in a future version. Use timezone-aware objects to represent datetimes in UTC: datetime.datetime.now(datetime.UTC).
::warning file=/home/runner/work/invenio-testrig/invenio-testrig/package-repo/.venv/lib/python3.12/site-packages/sqlalchemy_utils/models.py,line=33::datetime.datetime.utcnow() is deprecated and scheduled for removal in a future version. Use timezone-aware objects to represent datetimes in UTC: datetime.datetime.now(datetime.UTC).
::warning file=/home/runner/work/invenio-testrig/invenio-testrig/package-repo/.venv/lib/python3.12/site-packages/sqlalchemy/sql/schema.py,line=3624::datetime.datetime.utcnow() is deprecated and scheduled for removal in a future version. Use timezone-aware objects to represent datetimes in UTC: datetime.datetime.now(datetime.UTC).
::warning file=/home/runner/work/invenio-testrig/invenio-testrig/package-repo/.venv/lib/python3.12/site-packages/sqlalchemy/sql/schema.py,line=3624::datetime.datetime.utcnow() is deprecated and scheduled for removal in a future version. Use timezone-aware objects to represent datetimes in UTC: datetime.datetime.now(datetime.UTC).
::warning file=/home/runner/work/invenio-testrig/invenio-testrig/package-repo/.venv/lib/python3.12/site-packages/invenio_db/uow.py,line=193::Identity map already had an identity for (<class 'invenio_jobs.models.Run'>, (UUID('fcaf3180-6275-4a74-afab-48a5d3108606'),), None), replacing it with newly flushed object.   Are there load operations occurring inside of an event handler within the flush?
::warning file=/home/runner/work/invenio-testrig/invenio-testrig/package-repo/.venv/lib/python3.12/site-packages/sqlalchemy_utils/models.py,line=33::datetime.datetime.utcnow() is deprecated and scheduled for removal in a future version. Use timezone-aware objects to represent datetimes in UTC: datetime.datetime.now(datetime.UTC).

tests/test_services_subtasks.py::test_finalize_subtask_success Run created
[2025-12-10 10:02:39,252] DEBUG in services: Run created
Run created
Run created
Updating run feb89396-23df-4644-bece-90dd47c88157 with status RunStatusEnum.QUEUED and active subtasks: False
[2025-12-10 10:02:39,259] INFO in tasks: Updating run feb89396-23df-4644-bece-90dd47c88157 with status RunStatusEnum.QUEUED and active subtasks: False
Updating run feb89396-23df-4644-bece-90dd47c88157 with status RunStatusEnum.QUEUED and active subtasks: False
Updating run feb89396-23df-4644-bece-90dd47c88157 with status RunStatusEnum.QUEUED and active subtasks: False
Executing run feb89396-23df-4644-bece-90dd47c88157 with task mock_module.tasks.mock_task and args None
[2025-12-10 10:02:39,268] DEBUG in tasks: Executing run feb89396-23df-4644-bece-90dd47c88157 with task mock_module.tasks.mock_task and args None
Executing run feb89396-23df-4644-bece-90dd47c88157 with task mock_module.tasks.mock_task and args None
Executing run feb89396-23df-4644-bece-90dd47c88157 with task mock_module.tasks.mock_task and args None
Run feb89396-23df-4644-bece-90dd47c88157 encountered an unexpected error: mock_task() got an unexpected keyword argument 'since'
[2025-12-10 10:02:39,275] ERROR in tasks: Run feb89396-23df-4644-bece-90dd47c88157 encountered an unexpected error: mock_task() got an unexpected keyword argument 'since'
Run feb89396-23df-4644-bece-90dd47c88157 encountered an unexpected error: mock_task() got an unexpected keyword argument 'since'
Run feb89396-23df-4644-bece-90dd47c88157 encountered an unexpected error: mock_task() got an unexpected keyword argument 'since'
Updating run feb89396-23df-4644-bece-90dd47c88157 with status RunStatusEnum.RUNNING and active subtasks: False
[2025-12-10 10:02:39,278] INFO in tasks: Updating run feb89396-23df-4644-bece-90dd47c88157 with status RunStatusEnum.RUNNING and active subtasks: False
Updating run feb89396-23df-4644-bece-90dd47c88157 with status RunStatusEnum.RUNNING and active subtasks: False
Updating run feb89396-23df-4644-bece-90dd47c88157 with status RunStatusEnum.RUNNING and active subtasks: False
PASSED::warning file=/home/runner/work/invenio-testrig/invenio-testrig/package-repo/.venv/lib/python3.12/site-packages/pytest_invenio/user.py,line=36::datetime.datetime.utcnow() is deprecated and scheduled for removal in a future version. Use timezone-aware objects to represent datetimes in UTC: datetime.datetime.now(datetime.UTC).
::warning file=/home/runner/work/invenio-testrig/invenio-testrig/package-repo/.venv/lib/python3.12/site-packages/sqlalchemy/sql/schema.py,line=3624::datetime.datetime.utcnow() is deprecated and scheduled for removal in a future version. Use timezone-aware objects to represent datetimes in UTC: datetime.datetime.now(datetime.UTC).
::warning file=/home/runner/work/invenio-testrig/invenio-testrig/package-repo/.venv/lib/python3.12/site-packages/sqlalchemy/sql/schema.py,line=3624::datetime.datetime.utcnow() is deprecated and scheduled for removal in a future version. Use timezone-aware objects to represent datetimes in UTC: datetime.datetime.now(datetime.UTC).
::warning file=/home/runner/work/invenio-testrig/invenio-testrig/package-repo/.venv/lib/python3.12/site-packages/flask_security/datastore.py,line=235::The Query.get() method is considered legacy as of the 1.x series of SQLAlchemy and becomes a legacy construct in 2.0. The method is now available as Session.get() (deprecated since: 2.0)
::warning file=/home/runner/work/invenio-testrig/invenio-testrig/package-repo/.venv/lib/python3.12/site-packages/invenio_records_resources/services/records/schema.py,line=90::The `context` parameter is deprecated and will be removed in marshmallow 4.0. Use `contextvars.ContextVar` to pass context instead.
::warning file=/home/runner/work/invenio-testrig/invenio-testrig/package-repo/.venv/lib/python3.12/site-packages/marshmallow/fields.py,line=631::The `context` parameter is deprecated and will be removed in marshmallow 4.0. Use `contextvars.ContextVar` to pass context instead.
::warning file=/home/runner/work/invenio-testrig/invenio-testrig/package-repo/.venv/lib/python3.12/site-packages/sqlalchemy/sql/schema.py,line=3624::datetime.datetime.utcnow() is deprecated and scheduled for removal in a future version. Use timezone-aware objects to represent datetimes in UTC: datetime.datetime.now(datetime.UTC).
::warning file=/home/runner/work/invenio-testrig/invenio-testrig/package-repo/.venv/lib/python3.12/site-packages/sqlalchemy/sql/schema.py,line=3624::datetime.datetime.utcnow() is deprecated and scheduled for removal in a future version. Use timezone-aware objects to represent datetimes in UTC: datetime.datetime.now(datetime.UTC).
::warning file=/home/runner/work/invenio-testrig/invenio-testrig/package-repo/.venv/lib/python3.12/site-packages/invenio_records_resources/services/records/schema.py,line=90::The `context` parameter is deprecated and will be removed in marshmallow 4.0. Use `contextvars.ContextVar` to pass context instead.
::warning file=/home/runner/work/invenio-testrig/invenio-testrig/package-repo/.venv/lib/python3.12/site-packages/marshmallow/fields.py,line=631::The `context` parameter is deprecated and will be removed in marshmallow 4.0. Use `contextvars.ContextVar` to pass context instead.
::warning file=/home/runner/work/invenio-testrig/invenio-testrig/package-repo/.venv/lib/python3.12/site-packages/sqlalchemy/sql/schema.py,line=3624::datetime.datetime.utcnow() is deprecated and scheduled for removal in a future version. Use timezone-aware objects to represent datetimes in UTC: datetime.datetime.now(datetime.UTC).
::warning file=/home/runner/work/invenio-testrig/invenio-testrig/package-repo/.venv/lib/python3.12/site-packages/sqlalchemy/sql/schema.py,line=3624::datetime.datetime.utcnow() is deprecated and scheduled for removal in a future version. Use timezone-aware objects to represent datetimes in UTC: datetime.datetime.now(datetime.UTC).
::warning file=/home/runner/work/invenio-testrig/invenio-testrig/package-repo/.venv/lib/python3.12/site-packages/invenio_records_resources/services/records/schema.py,line=90::The `context` parameter is deprecated and will be removed in marshmallow 4.0. Use `contextvars.ContextVar` to pass context instead.
::warning file=/home/runner/work/invenio-testrig/invenio-testrig/package-repo/.venv/lib/python3.12/site-packages/sqlalchemy/sql/schema.py,line=3624::datetime.datetime.utcnow() is deprecated and scheduled for removal in a future version. Use timezone-aware objects to represent datetimes in UTC: datetime.datetime.now(datetime.UTC).
::warning file=/home/runner/work/invenio-testrig/invenio-testrig/package-repo/.venv/lib/python3.12/site-packages/sqlalchemy/sql/schema.py,line=3624::datetime.datetime.utcnow() is deprecated and scheduled for removal in a future version. Use timezone-aware objects to represent datetimes in UTC: datetime.datetime.now(datetime.UTC).
::warning file=/home/runner/work/invenio-testrig/invenio-testrig/package-repo/.venv/lib/python3.12/site-packages/invenio_records_resources/services/records/schema.py,line=90::The `context` parameter is deprecated and will be removed in marshmallow 4.0. Use `contextvars.ContextVar` to pass context instead.
::warning file=/home/runner/work/invenio-testrig/invenio-testrig/package-repo/.venv/lib/python3.12/site-packages/sqlalchemy_utils/models.py,line=33::datetime.datetime.utcnow() is deprecated and scheduled for removal in a future version. Use timezone-aware objects to represent datetimes in UTC: datetime.datetime.now(datetime.UTC).
::warning file=/home/runner/work/invenio-testrig/invenio-testrig/package-repo/.venv/lib/python3.12/site-packages/sqlalchemy/sql/schema.py,line=3624::datetime.datetime.utcnow() is deprecated and scheduled for removal in a future version. Use timezone-aware objects to represent datetimes in UTC: datetime.datetime.now(datetime.UTC).
::warning file=/home/runner/work/invenio-testrig/invenio-testrig/package-repo/.venv/lib/python3.12/site-packages/sqlalchemy/sql/schema.py,line=3624::datetime.datetime.utcnow() is deprecated and scheduled for removal in a future version. Use timezone-aware objects to represent datetimes in UTC: datetime.datetime.now(datetime.UTC).
::warning file=/home/runner/work/invenio-testrig/invenio-testrig/package-repo/invenio_jobs/tasks.py,line=61::datetime.datetime.utcnow() is deprecated and scheduled for removal in a future version. Use timezone-aware objects to represent datetimes in UTC: datetime.datetime.now(datetime.UTC).
::warning file=/home/runner/work/invenio-testrig/invenio-testrig/package-repo/.venv/lib/python3.12/site-packages/sqlalchemy_utils/models.py,line=33::datetime.datetime.utcnow() is deprecated and scheduled for removal in a future version. Use timezone-aware objects to represent datetimes in UTC: datetime.datetime.now(datetime.UTC).
::warning file=/home/runner/work/invenio-testrig/invenio-testrig/package-repo/invenio_jobs/tasks.py,line=121::datetime.datetime.utcnow() is deprecated and scheduled for removal in a future version. Use timezone-aware objects to represent datetimes in UTC: datetime.datetime.now(datetime.UTC).
::warning file=/home/runner/work/invenio-testrig/invenio-testrig/package-repo/.venv/lib/python3.12/site-packages/sqlalchemy_utils/models.py,line=33::datetime.datetime.utcnow() is deprecated and scheduled for removal in a future version. Use timezone-aware objects to represent datetimes in UTC: datetime.datetime.now(datetime.UTC).
::warning file=/home/runner/work/invenio-testrig/invenio-testrig/package-repo/.venv/lib/python3.12/site-packages/sqlalchemy_utils/models.py,line=33::datetime.datetime.utcnow() is deprecated and scheduled for removal in a future version. Use timezone-aware objects to represent datetimes in UTC: datetime.datetime.now(datetime.UTC).
::warning file=/home/runner/work/invenio-testrig/invenio-testrig/package-repo/.venv/lib/python3.12/site-packages/sqlalchemy_utils/models.py,line=33::datetime.datetime.utcnow() is deprecated and scheduled for removal in a future version. Use timezone-aware objects to represent datetimes in UTC: datetime.datetime.now(datetime.UTC).
::warning file=/home/runner/work/invenio-testrig/invenio-testrig/package-repo/.venv/lib/python3.12/site-packages/sqlalchemy/sql/schema.py,line=3624::datetime.datetime.utcnow() is deprecated and scheduled for removal in a future version. Use timezone-aware objects to represent datetimes in UTC: datetime.datetime.now(datetime.UTC).
::warning file=/home/runner/work/invenio-testrig/invenio-testrig/package-repo/.venv/lib/python3.12/site-packages/sqlalchemy/sql/schema.py,line=3624::datetime.datetime.utcnow() is deprecated and scheduled for removal in a future version. Use timezone-aware objects to represent datetimes in UTC: datetime.datetime.now(datetime.UTC).
::warning file=/home/runner/work/invenio-testrig/invenio-testrig/package-repo/.venv/lib/python3.12/site-packages/invenio_db/uow.py,line=193::Identity map already had an identity for (<class 'invenio_jobs.models.Run'>, (UUID('feb89396-23df-4644-bece-90dd47c88157'),), None), replacing it with newly flushed object.   Are there load operations occurring inside of an event handler within the flush?
::warning file=/home/runner/work/invenio-testrig/invenio-testrig/package-repo/invenio_jobs/services/services.py,line=354::datetime.datetime.utcnow() is deprecated and scheduled for removal in a future version. Use timezone-aware objects to represent datetimes in UTC: datetime.datetime.now(datetime.UTC).
::warning file=/home/runner/work/invenio-testrig/invenio-testrig/package-repo/.venv/lib/python3.12/site-packages/sqlalchemy_utils/models.py,line=33::datetime.datetime.utcnow() is deprecated and scheduled for removal in a future version. Use timezone-aware objects to represent datetimes in UTC: datetime.datetime.now(datetime.UTC).
::warning file=/home/runner/work/invenio-testrig/invenio-testrig/package-repo/.venv/lib/python3.12/site-packages/sqlalchemy_utils/models.py,line=33::datetime.datetime.utcnow() is deprecated and scheduled for removal in a future version. Use timezone-aware objects to represent datetimes in UTC: datetime.datetime.now(datetime.UTC).
::warning file=/home/runner/work/invenio-testrig/invenio-testrig/package-repo/invenio_jobs/services/services.py,line=451::datetime.datetime.utcnow() is deprecated and scheduled for removal in a future version. Use timezone-aware objects to represent datetimes in UTC: datetime.datetime.now(datetime.UTC).
::warning file=/home/runner/work/invenio-testrig/invenio-testrig/package-repo/.venv/lib/python3.12/site-packages/invenio_records_resources/services/records/schema.py,line=105::The `context` parameter is deprecated and will be removed in marshmallow 4.0. Use `contextvars.ContextVar` to pass context instead.
::warning file=/home/runner/work/invenio-testrig/invenio-testrig/package-repo/.venv/lib/python3.12/site-packages/marshmallow/fields.py,line=631::The `context` parameter is deprecated and will be removed in marshmallow 4.0. Use `contextvars.ContextVar` to pass context instead.
::warning file=/home/runner/work/invenio-testrig/invenio-testrig/package-repo/.venv/lib/python3.12/site-packages/marshmallow/fields.py,line=631::The `context` parameter is deprecated and will be removed in marshmallow 4.0. Use `contextvars.ContextVar` to pass context instead.
::warning file=/home/runner/work/invenio-testrig/invenio-testrig/package-repo/.venv/lib/python3.12/site-packages/marshmallow/fields.py,line=631::The `context` parameter is deprecated and will be removed in marshmallow 4.0. Use `contextvars.ContextVar` to pass context instead.
::warning file=/home/runner/work/invenio-testrig/invenio-testrig/package-repo/.venv/lib/python3.12/site-packages/marshmallow/fields.py,line=631::The `context` parameter is deprecated and will be removed in marshmallow 4.0. Use `contextvars.ContextVar` to pass context instead.
::warning file=/home/runner/work/invenio-testrig/invenio-testrig/package-repo/invenio_jobs/services/schema.py,line=127::The `context` parameter is deprecated and will be removed in marshmallow 4.0. Use `contextvars.ContextVar` to pass context instead.
::warning file=/home/runner/work/invenio-testrig/invenio-testrig/package-repo/.venv/lib/python3.12/site-packages/invenio_records_resources/services/records/schema.py,line=105::The `context` parameter is deprecated and will be removed in marshmallow 4.0. Use `contextvars.ContextVar` to pass context instead.
::warning file=/home/runner/work/invenio-testrig/invenio-testrig/package-repo/invenio_jobs/services/schema.py,line=127::The `context` parameter is deprecated and will be removed in marshmallow 4.0. Use `contextvars.ContextVar` to pass context instead.

tests/test_services_subtasks.py::test_finalize_subtask_failure Run created
[2025-12-10 10:02:39,547] DEBUG in services: Run created
Run created
Run created
Updating run 9c2b68f8-8db8-4c0d-b85f-8141c6e2026c with status RunStatusEnum.QUEUED and active subtasks: False
[2025-12-10 10:02:39,554] INFO in tasks: Updating run 9c2b68f8-8db8-4c0d-b85f-8141c6e2026c with status RunStatusEnum.QUEUED and active subtasks: False
Updating run 9c2b68f8-8db8-4c0d-b85f-8141c6e2026c with status RunStatusEnum.QUEUED and active subtasks: False
Updating run 9c2b68f8-8db8-4c0d-b85f-8141c6e2026c with status RunStatusEnum.QUEUED and active subtasks: False
Executing run 9c2b68f8-8db8-4c0d-b85f-8141c6e2026c with task mock_module.tasks.mock_task and args None
[2025-12-10 10:02:39,565] DEBUG in tasks: Executing run 9c2b68f8-8db8-4c0d-b85f-8141c6e2026c with task mock_module.tasks.mock_task and args None
Executing run 9c2b68f8-8db8-4c0d-b85f-8141c6e2026c with task mock_module.tasks.mock_task and args None
Executing run 9c2b68f8-8db8-4c0d-b85f-8141c6e2026c with task mock_module.tasks.mock_task and args None
Run 9c2b68f8-8db8-4c0d-b85f-8141c6e2026c encountered an unexpected error: mock_task() got an unexpected keyword argument 'since'
[2025-12-10 10:02:39,573] ERROR in tasks: Run 9c2b68f8-8db8-4c0d-b85f-8141c6e2026c encountered an unexpected error: mock_task() got an unexpected keyword argument 'since'
Run 9c2b68f8-8db8-4c0d-b85f-8141c6e2026c encountered an unexpected error: mock_task() got an unexpected keyword argument 'since'
Run 9c2b68f8-8db8-4c0d-b85f-8141c6e2026c encountered an unexpected error: mock_task() got an unexpected keyword argument 'since'
Updating run 9c2b68f8-8db8-4c0d-b85f-8141c6e2026c with status RunStatusEnum.RUNNING and active subtasks: False
[2025-12-10 10:02:39,576] INFO in tasks: Updating run 9c2b68f8-8db8-4c0d-b85f-8141c6e2026c with status RunStatusEnum.RUNNING and active subtasks: False
Updating run 9c2b68f8-8db8-4c0d-b85f-8141c6e2026c with status RunStatusEnum.RUNNING and active subtasks: False
Updating run 9c2b68f8-8db8-4c0d-b85f-8141c6e2026c with status RunStatusEnum.RUNNING and active subtasks: False
PASSED::warning file=/home/runner/work/invenio-testrig/invenio-testrig/package-repo/.venv/lib/python3.12/site-packages/pytest_invenio/user.py,line=36::datetime.datetime.utcnow() is deprecated and scheduled for removal in a future version. Use timezone-aware objects to represent datetimes in UTC: datetime.datetime.now(datetime.UTC).
::warning file=/home/runner/work/invenio-testrig/invenio-testrig/package-repo/.venv/lib/python3.12/site-packages/sqlalchemy/sql/schema.py,line=3624::datetime.datetime.utcnow() is deprecated and scheduled for removal in a future version. Use timezone-aware objects to represent datetimes in UTC: datetime.datetime.now(datetime.UTC).
::warning file=/home/runner/work/invenio-testrig/invenio-testrig/package-repo/.venv/lib/python3.12/site-packages/sqlalchemy/sql/schema.py,line=3624::datetime.datetime.utcnow() is deprecated and scheduled for removal in a future version. Use timezone-aware objects to represent datetimes in UTC: datetime.datetime.now(datetime.UTC).
::warning file=/home/runner/work/invenio-testrig/invenio-testrig/package-repo/.venv/lib/python3.12/site-packages/flask_security/datastore.py,line=235::The Query.get() method is considered legacy as of the 1.x series of SQLAlchemy and becomes a legacy construct in 2.0. The method is now available as Session.get() (deprecated since: 2.0)
::warning file=/home/runner/work/invenio-testrig/invenio-testrig/package-repo/.venv/lib/python3.12/site-packages/invenio_records_resources/services/records/schema.py,line=90::The `context` parameter is deprecated and will be removed in marshmallow 4.0. Use `contextvars.ContextVar` to pass context instead.
::warning file=/home/runner/work/invenio-testrig/invenio-testrig/package-repo/.venv/lib/python3.12/site-packages/marshmallow/fields.py,line=631::The `context` parameter is deprecated and will be removed in marshmallow 4.0. Use `contextvars.ContextVar` to pass context instead.
::warning file=/home/runner/work/invenio-testrig/invenio-testrig/package-repo/.venv/lib/python3.12/site-packages/sqlalchemy/sql/schema.py,line=3624::datetime.datetime.utcnow() is deprecated and scheduled for removal in a future version. Use timezone-aware objects to represent datetimes in UTC: datetime.datetime.now(datetime.UTC).
::warning file=/home/runner/work/invenio-testrig/invenio-testrig/package-repo/.venv/lib/python3.12/site-packages/sqlalchemy/sql/schema.py,line=3624::datetime.datetime.utcnow() is deprecated and scheduled for removal in a future version. Use timezone-aware objects to represent datetimes in UTC: datetime.datetime.now(datetime.UTC).
::warning file=/home/runner/work/invenio-testrig/invenio-testrig/package-repo/.venv/lib/python3.12/site-packages/invenio_records_resources/services/records/schema.py,line=90::The `context` parameter is deprecated and will be removed in marshmallow 4.0. Use `contextvars.ContextVar` to pass context instead.
::warning file=/home/runner/work/invenio-testrig/invenio-testrig/package-repo/.venv/lib/python3.12/site-packages/marshmallow/fields.py,line=631::The `context` parameter is deprecated and will be removed in marshmallow 4.0. Use `contextvars.ContextVar` to pass context instead.
::warning file=/home/runner/work/invenio-testrig/invenio-testrig/package-repo/.venv/lib/python3.12/site-packages/sqlalchemy/sql/schema.py,line=3624::datetime.datetime.utcnow() is deprecated and scheduled for removal in a future version. Use timezone-aware objects to represent datetimes in UTC: datetime.datetime.now(datetime.UTC).
::warning file=/home/runner/work/invenio-testrig/invenio-testrig/package-repo/.venv/lib/python3.12/site-packages/sqlalchemy/sql/schema.py,line=3624::datetime.datetime.utcnow() is deprecated and scheduled for removal in a future version. Use timezone-aware objects to represent datetimes in UTC: datetime.datetime.now(datetime.UTC).
::warning file=/home/runner/work/invenio-testrig/invenio-testrig/package-repo/.venv/lib/python3.12/site-packages/invenio_records_resources/services/records/schema.py,line=90::The `context` parameter is deprecated and will be removed in marshmallow 4.0. Use `contextvars.ContextVar` to pass context instead.
::warning file=/home/runner/work/invenio-testrig/invenio-testrig/package-repo/.venv/lib/python3.12/site-packages/sqlalchemy/sql/schema.py,line=3624::datetime.datetime.utcnow() is deprecated and scheduled for removal in a future version. Use timezone-aware objects to represent datetimes in UTC: datetime.datetime.now(datetime.UTC).
::warning file=/home/runner/work/invenio-testrig/invenio-testrig/package-repo/.venv/lib/python3.12/site-packages/sqlalchemy/sql/schema.py,line=3624::datetime.datetime.utcnow() is deprecated and scheduled for removal in a future version. Use timezone-aware objects to represent datetimes in UTC: datetime.datetime.now(datetime.UTC).
::warning file=/home/runner/work/invenio-testrig/invenio-testrig/package-repo/.venv/lib/python3.12/site-packages/invenio_records_resources/services/records/schema.py,line=90::The `context` parameter is deprecated and will be removed in marshmallow 4.0. Use `contextvars.ContextVar` to pass context instead.
::warning file=/home/runner/work/invenio-testrig/invenio-testrig/package-repo/.venv/lib/python3.12/site-packages/sqlalchemy_utils/models.py,line=33::datetime.datetime.utcnow() is deprecated and scheduled for removal in a future version. Use timezone-aware objects to represent datetimes in UTC: datetime.datetime.now(datetime.UTC).
::warning file=/home/runner/work/invenio-testrig/invenio-testrig/package-repo/.venv/lib/python3.12/site-packages/sqlalchemy/sql/schema.py,line=3624::datetime.datetime.utcnow() is deprecated and scheduled for removal in a future version. Use timezone-aware objects to represent datetimes in UTC: datetime.datetime.now(datetime.UTC).
::warning file=/home/runner/work/invenio-testrig/invenio-testrig/package-repo/.venv/lib/python3.12/site-packages/sqlalchemy/sql/schema.py,line=3624::datetime.datetime.utcnow() is deprecated and scheduled for removal in a future version. Use timezone-aware objects to represent datetimes in UTC: datetime.datetime.now(datetime.UTC).
::warning file=/home/runner/work/invenio-testrig/invenio-testrig/package-repo/invenio_jobs/tasks.py,line=61::datetime.datetime.utcnow() is deprecated and scheduled for removal in a future version. Use timezone-aware objects to represent datetimes in UTC: datetime.datetime.now(datetime.UTC).
::warning file=/home/runner/work/invenio-testrig/invenio-testrig/package-repo/.venv/lib/python3.12/site-packages/sqlalchemy_utils/models.py,line=33::datetime.datetime.utcnow() is deprecated and scheduled for removal in a future version. Use timezone-aware objects to represent datetimes in UTC: datetime.datetime.now(datetime.UTC).
::warning file=/home/runner/work/invenio-testrig/invenio-testrig/package-repo/invenio_jobs/tasks.py,line=121::datetime.datetime.utcnow() is deprecated and scheduled for removal in a future version. Use timezone-aware objects to represent datetimes in UTC: datetime.datetime.now(datetime.UTC).
::warning file=/home/runner/work/invenio-testrig/invenio-testrig/package-repo/.venv/lib/python3.12/site-packages/sqlalchemy_utils/models.py,line=33::datetime.datetime.utcnow() is deprecated and scheduled for removal in a future version. Use timezone-aware objects to represent datetimes in UTC: datetime.datetime.now(datetime.UTC).
::warning file=/home/runner/work/invenio-testrig/invenio-testrig/package-repo/.venv/lib/python3.12/site-packages/sqlalchemy_utils/models.py,line=33::datetime.datetime.utcnow() is deprecated and scheduled for removal in a future version. Use timezone-aware objects to represent datetimes in UTC: datetime.datetime.now(datetime.UTC).
::warning file=/home/runner/work/invenio-testrig/invenio-testrig/package-repo/.venv/lib/python3.12/site-packages/sqlalchemy_utils/models.py,line=33::datetime.datetime.utcnow() is deprecated and scheduled for removal in a future version. Use timezone-aware objects to represent datetimes in UTC: datetime.datetime.now(datetime.UTC).
::warning file=/home/runner/work/invenio-testrig/invenio-testrig/package-repo/.venv/lib/python3.12/site-packages/sqlalchemy/sql/schema.py,line=3624::datetime.datetime.utcnow() is deprecated and scheduled for removal in a future version. Use timezone-aware objects to represent datetimes in UTC: datetime.datetime.now(datetime.UTC).
::warning file=/home/runner/work/invenio-testrig/invenio-testrig/package-repo/.venv/lib/python3.12/site-packages/sqlalchemy/sql/schema.py,line=3624::datetime.datetime.utcnow() is deprecated and scheduled for removal in a future version. Use timezone-aware objects to represent datetimes in UTC: datetime.datetime.now(datetime.UTC).
::warning file=/home/runner/work/invenio-testrig/invenio-testrig/package-repo/.venv/lib/python3.12/site-packages/invenio_db/uow.py,line=193::Identity map already had an identity for (<class 'invenio_jobs.models.Run'>, (UUID('9c2b68f8-8db8-4c0d-b85f-8141c6e2026c'),), None), replacing it with newly flushed object.   Are there load operations occurring inside of an event handler within the flush?
::warning file=/home/runner/work/invenio-testrig/invenio-testrig/package-repo/invenio_jobs/services/services.py,line=354::datetime.datetime.utcnow() is deprecated and scheduled for removal in a future version. Use timezone-aware objects to represent datetimes in UTC: datetime.datetime.now(datetime.UTC).
::warning file=/home/runner/work/invenio-testrig/invenio-testrig/package-repo/.venv/lib/python3.12/site-packages/sqlalchemy_utils/models.py,line=33::datetime.datetime.utcnow() is deprecated and scheduled for removal in a future version. Use timezone-aware objects to represent datetimes in UTC: datetime.datetime.now(datetime.UTC).
::warning file=/home/runner/work/invenio-testrig/invenio-testrig/package-repo/.venv/lib/python3.12/site-packages/sqlalchemy_utils/models.py,line=33::datetime.datetime.utcnow() is deprecated and scheduled for removal in a future version. Use timezone-aware objects to represent datetimes in UTC: datetime.datetime.now(datetime.UTC).
::warning file=/home/runner/work/invenio-testrig/invenio-testrig/package-repo/invenio_jobs/services/services.py,line=451::datetime.datetime.utcnow() is deprecated and scheduled for removal in a future version. Use timezone-aware objects to represent datetimes in UTC: datetime.datetime.now(datetime.UTC).
::warning file=/home/runner/work/invenio-testrig/invenio-testrig/package-repo/.venv/lib/python3.12/site-packages/invenio_records_resources/services/records/schema.py,line=105::The `context` parameter is deprecated and will be removed in marshmallow 4.0. Use `contextvars.ContextVar` to pass context instead.
::warning file=/home/runner/work/invenio-testrig/invenio-testrig/package-repo/.venv/lib/python3.12/site-packages/marshmallow/fields.py,line=631::The `context` parameter is deprecated and will be removed in marshmallow 4.0. Use `contextvars.ContextVar` to pass context instead.
::warning file=/home/runner/work/invenio-testrig/invenio-testrig/package-repo/.venv/lib/python3.12/site-packages/marshmallow/fields.py,line=631::The `context` parameter is deprecated and will be removed in marshmallow 4.0. Use `contextvars.ContextVar` to pass context instead.
::warning file=/home/runner/work/invenio-testrig/invenio-testrig/package-repo/.venv/lib/python3.12/site-packages/marshmallow/fields.py,line=631::The `context` parameter is deprecated and will be removed in marshmallow 4.0. Use `contextvars.ContextVar` to pass context instead.
::warning file=/home/runner/work/invenio-testrig/invenio-testrig/package-repo/.venv/lib/python3.12/site-packages/marshmallow/fields.py,line=631::The `context` parameter is deprecated and will be removed in marshmallow 4.0. Use `contextvars.ContextVar` to pass context instead.
::warning file=/home/runner/work/invenio-testrig/invenio-testrig/package-repo/invenio_jobs/services/schema.py,line=127::The `context` parameter is deprecated and will be removed in marshmallow 4.0. Use `contextvars.ContextVar` to pass context instead.
::warning file=/home/runner/work/invenio-testrig/invenio-testrig/package-repo/.venv/lib/python3.12/site-packages/invenio_records_resources/services/records/schema.py,line=105::The `context` parameter is deprecated and will be removed in marshmallow 4.0. Use `contextvars.ContextVar` to pass context instead.
::warning file=/home/runner/work/invenio-testrig/invenio-testrig/package-repo/invenio_jobs/services/schema.py,line=127::The `context` parameter is deprecated and will be removed in marshmallow 4.0. Use `contextvars.ContextVar` to pass context instead.

tests/test_services_subtasks.py::test_finalize_subtask_partial_success Run created
[2025-12-10 10:02:39,839] DEBUG in services: Run created
Run created
Run created
Updating run c8e28f85-6a6d-4071-a0c4-9c0ecbd861e1 with status RunStatusEnum.QUEUED and active subtasks: False
[2025-12-10 10:02:39,846] INFO in tasks: Updating run c8e28f85-6a6d-4071-a0c4-9c0ecbd861e1 with status RunStatusEnum.QUEUED and active subtasks: False
Updating run c8e28f85-6a6d-4071-a0c4-9c0ecbd861e1 with status RunStatusEnum.QUEUED and active subtasks: False
Updating run c8e28f85-6a6d-4071-a0c4-9c0ecbd861e1 with status RunStatusEnum.QUEUED and active subtasks: False
Executing run c8e28f85-6a6d-4071-a0c4-9c0ecbd861e1 with task mock_module.tasks.mock_task and args None
[2025-12-10 10:02:39,856] DEBUG in tasks: Executing run c8e28f85-6a6d-4071-a0c4-9c0ecbd861e1 with task mock_module.tasks.mock_task and args None
Executing run c8e28f85-6a6d-4071-a0c4-9c0ecbd861e1 with task mock_module.tasks.mock_task and args None
Executing run c8e28f85-6a6d-4071-a0c4-9c0ecbd861e1 with task mock_module.tasks.mock_task and args None
Run c8e28f85-6a6d-4071-a0c4-9c0ecbd861e1 encountered an unexpected error: mock_task() got an unexpected keyword argument 'since'
[2025-12-10 10:02:39,864] ERROR in tasks: Run c8e28f85-6a6d-4071-a0c4-9c0ecbd861e1 encountered an unexpected error: mock_task() got an unexpected keyword argument 'since'
Run c8e28f85-6a6d-4071-a0c4-9c0ecbd861e1 encountered an unexpected error: mock_task() got an unexpected keyword argument 'since'
Run c8e28f85-6a6d-4071-a0c4-9c0ecbd861e1 encountered an unexpected error: mock_task() got an unexpected keyword argument 'since'
Updating run c8e28f85-6a6d-4071-a0c4-9c0ecbd861e1 with status RunStatusEnum.RUNNING and active subtasks: False
[2025-12-10 10:02:39,867] INFO in tasks: Updating run c8e28f85-6a6d-4071-a0c4-9c0ecbd861e1 with status RunStatusEnum.RUNNING and active subtasks: False
Updating run c8e28f85-6a6d-4071-a0c4-9c0ecbd861e1 with status RunStatusEnum.RUNNING and active subtasks: False
Updating run c8e28f85-6a6d-4071-a0c4-9c0ecbd861e1 with status RunStatusEnum.RUNNING and active subtasks: False
PASSED::warning file=/home/runner/work/invenio-testrig/invenio-testrig/package-repo/.venv/lib/python3.12/site-packages/pytest_invenio/user.py,line=36::datetime.datetime.utcnow() is deprecated and scheduled for removal in a future version. Use timezone-aware objects to represent datetimes in UTC: datetime.datetime.now(datetime.UTC).
::warning file=/home/runner/work/invenio-testrig/invenio-testrig/package-repo/.venv/lib/python3.12/site-packages/sqlalchemy/sql/schema.py,line=3624::datetime.datetime.utcnow() is deprecated and scheduled for removal in a future version. Use timezone-aware objects to represent datetimes in UTC: datetime.datetime.now(datetime.UTC).
::warning file=/home/runner/work/invenio-testrig/invenio-testrig/package-repo/.venv/lib/python3.12/site-packages/sqlalchemy/sql/schema.py,line=3624::datetime.datetime.utcnow() is deprecated and scheduled for removal in a future version. Use timezone-aware objects to represent datetimes in UTC: datetime.datetime.now(datetime.UTC).
::warning file=/home/runner/work/invenio-testrig/invenio-testrig/package-repo/.venv/lib/python3.12/site-packages/flask_security/datastore.py,line=235::The Query.get() method is considered legacy as of the 1.x series of SQLAlchemy and becomes a legacy construct in 2.0. The method is now available as Session.get() (deprecated since: 2.0)
::warning file=/home/runner/work/invenio-testrig/invenio-testrig/package-repo/.venv/lib/python3.12/site-packages/invenio_records_resources/services/records/schema.py,line=90::The `context` parameter is deprecated and will be removed in marshmallow 4.0. Use `contextvars.ContextVar` to pass context instead.
::warning file=/home/runner/work/invenio-testrig/invenio-testrig/package-repo/.venv/lib/python3.12/site-packages/marshmallow/fields.py,line=631::The `context` parameter is deprecated and will be removed in marshmallow 4.0. Use `contextvars.ContextVar` to pass context instead.
::warning file=/home/runner/work/invenio-testrig/invenio-testrig/package-repo/.venv/lib/python3.12/site-packages/sqlalchemy/sql/schema.py,line=3624::datetime.datetime.utcnow() is deprecated and scheduled for removal in a future version. Use timezone-aware objects to represent datetimes in UTC: datetime.datetime.now(datetime.UTC).
::warning file=/home/runner/work/invenio-testrig/invenio-testrig/package-repo/.venv/lib/python3.12/site-packages/sqlalchemy/sql/schema.py,line=3624::datetime.datetime.utcnow() is deprecated and scheduled for removal in a future version. Use timezone-aware objects to represent datetimes in UTC: datetime.datetime.now(datetime.UTC).
::warning file=/home/runner/work/invenio-testrig/invenio-testrig/package-repo/.venv/lib/python3.12/site-packages/invenio_records_resources/services/records/schema.py,line=90::The `context` parameter is deprecated and will be removed in marshmallow 4.0. Use `contextvars.ContextVar` to pass context instead.
::warning file=/home/runner/work/invenio-testrig/invenio-testrig/package-repo/.venv/lib/python3.12/site-packages/marshmallow/fields.py,line=631::The `context` parameter is deprecated and will be removed in marshmallow 4.0. Use `contextvars.ContextVar` to pass context instead.
::warning file=/home/runner/work/invenio-testrig/invenio-testrig/package-repo/.venv/lib/python3.12/site-packages/sqlalchemy/sql/schema.py,line=3624::datetime.datetime.utcnow() is deprecated and scheduled for removal in a future version. Use timezone-aware objects to represent datetimes in UTC: datetime.datetime.now(datetime.UTC).
::warning file=/home/runner/work/invenio-testrig/invenio-testrig/package-repo/.venv/lib/python3.12/site-packages/sqlalchemy/sql/schema.py,line=3624::datetime.datetime.utcnow() is deprecated and scheduled for removal in a future version. Use timezone-aware objects to represent datetimes in UTC: datetime.datetime.now(datetime.UTC).
::warning file=/home/runner/work/invenio-testrig/invenio-testrig/package-repo/.venv/lib/python3.12/site-packages/invenio_records_resources/services/records/schema.py,line=90::The `context` parameter is deprecated and will be removed in marshmallow 4.0. Use `contextvars.ContextVar` to pass context instead.
::warning file=/home/runner/work/invenio-testrig/invenio-testrig/package-repo/.venv/lib/python3.12/site-packages/sqlalchemy/sql/schema.py,line=3624::datetime.datetime.utcnow() is deprecated and scheduled for removal in a future version. Use timezone-aware objects to represent datetimes in UTC: datetime.datetime.now(datetime.UTC).
::warning file=/home/runner/work/invenio-testrig/invenio-testrig/package-repo/.venv/lib/python3.12/site-packages/sqlalchemy/sql/schema.py,line=3624::datetime.datetime.utcnow() is deprecated and scheduled for removal in a future version. Use timezone-aware objects to represent datetimes in UTC: datetime.datetime.now(datetime.UTC).
::warning file=/home/runner/work/invenio-testrig/invenio-testrig/package-repo/.venv/lib/python3.12/site-packages/invenio_records_resources/services/records/schema.py,line=90::The `context` parameter is deprecated and will be removed in marshmallow 4.0. Use `contextvars.ContextVar` to pass context instead.
::warning file=/home/runner/work/invenio-testrig/invenio-testrig/package-repo/.venv/lib/python3.12/site-packages/sqlalchemy_utils/models.py,line=33::datetime.datetime.utcnow() is deprecated and scheduled for removal in a future version. Use timezone-aware objects to represent datetimes in UTC: datetime.datetime.now(datetime.UTC).
::warning file=/home/runner/work/invenio-testrig/invenio-testrig/package-repo/.venv/lib/python3.12/site-packages/sqlalchemy/sql/schema.py,line=3624::datetime.datetime.utcnow() is deprecated and scheduled for removal in a future version. Use timezone-aware objects to represent datetimes in UTC: datetime.datetime.now(datetime.UTC).
::warning file=/home/runner/work/invenio-testrig/invenio-testrig/package-repo/.venv/lib/python3.12/site-packages/sqlalchemy/sql/schema.py,line=3624::datetime.datetime.utcnow() is deprecated and scheduled for removal in a future version. Use timezone-aware objects to represent datetimes in UTC: datetime.datetime.now(datetime.UTC).
::warning file=/home/runner/work/invenio-testrig/invenio-testrig/package-repo/invenio_jobs/tasks.py,line=61::datetime.datetime.utcnow() is deprecated and scheduled for removal in a future version. Use timezone-aware objects to represent datetimes in UTC: datetime.datetime.now(datetime.UTC).
::warning file=/home/runner/work/invenio-testrig/invenio-testrig/package-repo/.venv/lib/python3.12/site-packages/sqlalchemy_utils/models.py,line=33::datetime.datetime.utcnow() is deprecated and scheduled for removal in a future version. Use timezone-aware objects to represent datetimes in UTC: datetime.datetime.now(datetime.UTC).
::warning file=/home/runner/work/invenio-testrig/invenio-testrig/package-repo/invenio_jobs/tasks.py,line=121::datetime.datetime.utcnow() is deprecated and scheduled for removal in a future version. Use timezone-aware objects to represent datetimes in UTC: datetime.datetime.now(datetime.UTC).
::warning file=/home/runner/work/invenio-testrig/invenio-testrig/package-repo/.venv/lib/python3.12/site-packages/sqlalchemy_utils/models.py,line=33::datetime.datetime.utcnow() is deprecated and scheduled for removal in a future version. Use timezone-aware objects to represent datetimes in UTC: datetime.datetime.now(datetime.UTC).
::warning file=/home/runner/work/invenio-testrig/invenio-testrig/package-repo/.venv/lib/python3.12/site-packages/sqlalchemy_utils/models.py,line=33::datetime.datetime.utcnow() is deprecated and scheduled for removal in a future version. Use timezone-aware objects to represent datetimes in UTC: datetime.datetime.now(datetime.UTC).
::warning file=/home/runner/work/invenio-testrig/invenio-testrig/package-repo/.venv/lib/python3.12/site-packages/sqlalchemy_utils/models.py,line=33::datetime.datetime.utcnow() is deprecated and scheduled for removal in a future version. Use timezone-aware objects to represent datetimes in UTC: datetime.datetime.now(datetime.UTC).
::warning file=/home/runner/work/invenio-testrig/invenio-testrig/package-repo/.venv/lib/python3.12/site-packages/sqlalchemy/sql/schema.py,line=3624::datetime.datetime.utcnow() is deprecated and scheduled for removal in a future version. Use timezone-aware objects to represent datetimes in UTC: datetime.datetime.now(datetime.UTC).
::warning file=/home/runner/work/invenio-testrig/invenio-testrig/package-repo/.venv/lib/python3.12/site-packages/sqlalchemy/sql/schema.py,line=3624::datetime.datetime.utcnow() is deprecated and scheduled for removal in a future version. Use timezone-aware objects to represent datetimes in UTC: datetime.datetime.now(datetime.UTC).
::warning file=/home/runner/work/invenio-testrig/invenio-testrig/package-repo/.venv/lib/python3.12/site-packages/invenio_db/uow.py,line=193::Identity map already had an identity for (<class 'invenio_jobs.models.Run'>, (UUID('c8e28f85-6a6d-4071-a0c4-9c0ecbd861e1'),), None), replacing it with newly flushed object.   Are there load operations occurring inside of an event handler within the flush?
::warning file=/home/runner/work/invenio-testrig/invenio-testrig/package-repo/.venv/lib/python3.12/site-packages/sqlalchemy_utils/models.py,line=33::datetime.datetime.utcnow() is deprecated and scheduled for removal in a future version. Use timezone-aware objects to represent datetimes in UTC: datetime.datetime.now(datetime.UTC).
::warning file=/home/runner/work/invenio-testrig/invenio-testrig/package-repo/.venv/lib/python3.12/site-packages/sqlalchemy_utils/models.py,line=33::datetime.datetime.utcnow() is deprecated and scheduled for removal in a future version. Use timezone-aware objects to represent datetimes in UTC: datetime.datetime.now(datetime.UTC).
::warning file=/home/runner/work/invenio-testrig/invenio-testrig/package-repo/.venv/lib/python3.12/site-packages/sqlalchemy/sql/schema.py,line=3624::datetime.datetime.utcnow() is deprecated and scheduled for removal in a future version. Use timezone-aware objects to represent datetimes in UTC: datetime.datetime.now(datetime.UTC).
::warning file=/home/runner/work/invenio-testrig/invenio-testrig/package-repo/.venv/lib/python3.12/site-packages/sqlalchemy/sql/schema.py,line=3624::datetime.datetime.utcnow() is deprecated and scheduled for removal in a future version. Use timezone-aware objects to represent datetimes in UTC: datetime.datetime.now(datetime.UTC).
::warning file=/home/runner/work/invenio-testrig/invenio-testrig/package-repo/invenio_jobs/services/services.py,line=354::datetime.datetime.utcnow() is deprecated and scheduled for removal in a future version. Use timezone-aware objects to represent datetimes in UTC: datetime.datetime.now(datetime.UTC).
::warning file=/home/runner/work/invenio-testrig/invenio-testrig/package-repo/.venv/lib/python3.12/site-packages/sqlalchemy_utils/models.py,line=33::datetime.datetime.utcnow() is deprecated and scheduled for removal in a future version. Use timezone-aware objects to represent datetimes in UTC: datetime.datetime.now(datetime.UTC).
::warning file=/home/runner/work/invenio-testrig/invenio-testrig/package-repo/invenio_jobs/services/services.py,line=354::datetime.datetime.utcnow() is deprecated and scheduled for removal in a future version. Use timezone-aware objects to represent datetimes in UTC: datetime.datetime.now(datetime.UTC).
::warning file=/home/runner/work/invenio-testrig/invenio-testrig/package-repo/.venv/lib/python3.12/site-packages/sqlalchemy_utils/models.py,line=33::datetime.datetime.utcnow() is deprecated and scheduled for removal in a future version. Use timezone-aware objects to represent datetimes in UTC: datetime.datetime.now(datetime.UTC).
::warning file=/home/runner/work/invenio-testrig/invenio-testrig/package-repo/.venv/lib/python3.12/site-packages/sqlalchemy_utils/models.py,line=33::datetime.datetime.utcnow() is deprecated and scheduled for removal in a future version. Use timezone-aware objects to represent datetimes in UTC: datetime.datetime.now(datetime.UTC).
::warning file=/home/runner/work/invenio-testrig/invenio-testrig/package-repo/.venv/lib/python3.12/site-packages/invenio_records_resources/services/records/schema.py,line=105::The `context` parameter is deprecated and will be removed in marshmallow 4.0. Use `contextvars.ContextVar` to pass context instead.
::warning file=/home/runner/work/invenio-testrig/invenio-testrig/package-repo/invenio_jobs/services/schema.py,line=127::The `context` parameter is deprecated and will be removed in marshmallow 4.0. Use `contextvars.ContextVar` to pass context instead.
::warning file=/home/runner/work/invenio-testrig/invenio-testrig/package-repo/.venv/lib/python3.12/site-packages/sqlalchemy_utils/models.py,line=33::datetime.datetime.utcnow() is deprecated and scheduled for removal in a future version. Use timezone-aware objects to represent datetimes in UTC: datetime.datetime.now(datetime.UTC).
::warning file=/home/runner/work/invenio-testrig/invenio-testrig/package-repo/invenio_jobs/services/services.py,line=451::datetime.datetime.utcnow() is deprecated and scheduled for removal in a future version. Use timezone-aware objects to represent datetimes in UTC: datetime.datetime.now(datetime.UTC).
::warning file=/home/runner/work/invenio-testrig/invenio-testrig/package-repo/.venv/lib/python3.12/site-packages/invenio_records_resources/services/records/schema.py,line=105::The `context` parameter is deprecated and will be removed in marshmallow 4.0. Use `contextvars.ContextVar` to pass context instead.
::warning file=/home/runner/work/invenio-testrig/invenio-testrig/package-repo/invenio_jobs/services/schema.py,line=127::The `context` parameter is deprecated and will be removed in marshmallow 4.0. Use `contextvars.ContextVar` to pass context instead.

tests/test_services_subtasks.py::test_add_total_entries Run created
[2025-12-10 10:02:40,088] DEBUG in services: Run created
Run created
Run created
Updating run 0dd95f05-66c9-45e6-b4fa-ad21956b4b0b with status RunStatusEnum.QUEUED and active subtasks: False
[2025-12-10 10:02:40,096] INFO in tasks: Updating run 0dd95f05-66c9-45e6-b4fa-ad21956b4b0b with status RunStatusEnum.QUEUED and active subtasks: False
Updating run 0dd95f05-66c9-45e6-b4fa-ad21956b4b0b with status RunStatusEnum.QUEUED and active subtasks: False
Updating run 0dd95f05-66c9-45e6-b4fa-ad21956b4b0b with status RunStatusEnum.QUEUED and active subtasks: False
Executing run 0dd95f05-66c9-45e6-b4fa-ad21956b4b0b with task mock_module.tasks.mock_task and args None
[2025-12-10 10:02:40,110] DEBUG in tasks: Executing run 0dd95f05-66c9-45e6-b4fa-ad21956b4b0b with task mock_module.tasks.mock_task and args None
Executing run 0dd95f05-66c9-45e6-b4fa-ad21956b4b0b with task mock_module.tasks.mock_task and args None
Executing run 0dd95f05-66c9-45e6-b4fa-ad21956b4b0b with task mock_module.tasks.mock_task and args None
Run 0dd95f05-66c9-45e6-b4fa-ad21956b4b0b encountered an unexpected error: mock_task() got an unexpected keyword argument 'since'
[2025-12-10 10:02:40,119] ERROR in tasks: Run 0dd95f05-66c9-45e6-b4fa-ad21956b4b0b encountered an unexpected error: mock_task() got an unexpected keyword argument 'since'
Run 0dd95f05-66c9-45e6-b4fa-ad21956b4b0b encountered an unexpected error: mock_task() got an unexpected keyword argument 'since'
Run 0dd95f05-66c9-45e6-b4fa-ad21956b4b0b encountered an unexpected error: mock_task() got an unexpected keyword argument 'since'
Updating run 0dd95f05-66c9-45e6-b4fa-ad21956b4b0b with status RunStatusEnum.RUNNING and active subtasks: False
[2025-12-10 10:02:40,122] INFO in tasks: Updating run 0dd95f05-66c9-45e6-b4fa-ad21956b4b0b with status RunStatusEnum.RUNNING and active subtasks: False
Updating run 0dd95f05-66c9-45e6-b4fa-ad21956b4b0b with status RunStatusEnum.RUNNING and active subtasks: False
Updating run 0dd95f05-66c9-45e6-b4fa-ad21956b4b0b with status RunStatusEnum.RUNNING and active subtasks: False
PASSED::warning file=/home/runner/work/invenio-testrig/invenio-testrig/package-repo/.venv/lib/python3.12/site-packages/pytest_invenio/user.py,line=36::datetime.datetime.utcnow() is deprecated and scheduled for removal in a future version. Use timezone-aware objects to represent datetimes in UTC: datetime.datetime.now(datetime.UTC).
::warning file=/home/runner/work/invenio-testrig/invenio-testrig/package-repo/.venv/lib/python3.12/site-packages/sqlalchemy/sql/schema.py,line=3624::datetime.datetime.utcnow() is deprecated and scheduled for removal in a future version. Use timezone-aware objects to represent datetimes in UTC: datetime.datetime.now(datetime.UTC).
::warning file=/home/runner/work/invenio-testrig/invenio-testrig/package-repo/.venv/lib/python3.12/site-packages/sqlalchemy/sql/schema.py,line=3624::datetime.datetime.utcnow() is deprecated and scheduled for removal in a future version. Use timezone-aware objects to represent datetimes in UTC: datetime.datetime.now(datetime.UTC).
::warning file=/home/runner/work/invenio-testrig/invenio-testrig/package-repo/.venv/lib/python3.12/site-packages/flask_security/datastore.py,line=235::The Query.get() method is considered legacy as of the 1.x series of SQLAlchemy and becomes a legacy construct in 2.0. The method is now available as Session.get() (deprecated since: 2.0)
::warning file=/home/runner/work/invenio-testrig/invenio-testrig/package-repo/.venv/lib/python3.12/site-packages/invenio_records_resources/services/records/schema.py,line=90::The `context` parameter is deprecated and will be removed in marshmallow 4.0. Use `contextvars.ContextVar` to pass context instead.
::warning file=/home/runner/work/invenio-testrig/invenio-testrig/package-repo/.venv/lib/python3.12/site-packages/marshmallow/fields.py,line=631::The `context` parameter is deprecated and will be removed in marshmallow 4.0. Use `contextvars.ContextVar` to pass context instead.
::warning file=/home/runner/work/invenio-testrig/invenio-testrig/package-repo/.venv/lib/python3.12/site-packages/sqlalchemy/sql/schema.py,line=3624::datetime.datetime.utcnow() is deprecated and scheduled for removal in a future version. Use timezone-aware objects to represent datetimes in UTC: datetime.datetime.now(datetime.UTC).
::warning file=/home/runner/work/invenio-testrig/invenio-testrig/package-repo/.venv/lib/python3.12/site-packages/sqlalchemy/sql/schema.py,line=3624::datetime.datetime.utcnow() is deprecated and scheduled for removal in a future version. Use timezone-aware objects to represent datetimes in UTC: datetime.datetime.now(datetime.UTC).
::warning file=/home/runner/work/invenio-testrig/invenio-testrig/package-repo/.venv/lib/python3.12/site-packages/invenio_records_resources/services/records/schema.py,line=90::The `context` parameter is deprecated and will be removed in marshmallow 4.0. Use `contextvars.ContextVar` to pass context instead.
::warning file=/home/runner/work/invenio-testrig/invenio-testrig/package-repo/.venv/lib/python3.12/site-packages/marshmallow/fields.py,line=631::The `context` parameter is deprecated and will be removed in marshmallow 4.0. Use `contextvars.ContextVar` to pass context instead.
::warning file=/home/runner/work/invenio-testrig/invenio-testrig/package-repo/.venv/lib/python3.12/site-packages/sqlalchemy/sql/schema.py,line=3624::datetime.datetime.utcnow() is deprecated and scheduled for removal in a future version. Use timezone-aware objects to represent datetimes in UTC: datetime.datetime.now(datetime.UTC).
::warning file=/home/runner/work/invenio-testrig/invenio-testrig/package-repo/.venv/lib/python3.12/site-packages/sqlalchemy/sql/schema.py,line=3624::datetime.datetime.utcnow() is deprecated and scheduled for removal in a future version. Use timezone-aware objects to represent datetimes in UTC: datetime.datetime.now(datetime.UTC).
::warning file=/home/runner/work/invenio-testrig/invenio-testrig/package-repo/.venv/lib/python3.12/site-packages/invenio_records_resources/services/records/schema.py,line=90::The `context` parameter is deprecated and will be removed in marshmallow 4.0. Use `contextvars.ContextVar` to pass context instead.
::warning file=/home/runner/work/invenio-testrig/invenio-testrig/package-repo/.venv/lib/python3.12/site-packages/sqlalchemy/sql/schema.py,line=3624::datetime.datetime.utcnow() is deprecated and scheduled for removal in a future version. Use timezone-aware objects to represent datetimes in UTC: datetime.datetime.now(datetime.UTC).
::warning file=/home/runner/work/invenio-testrig/invenio-testrig/package-repo/.venv/lib/python3.12/site-packages/sqlalchemy/sql/schema.py,line=3624::datetime.datetime.utcnow() is deprecated and scheduled for removal in a future version. Use timezone-aware objects to represent datetimes in UTC: datetime.datetime.now(datetime.UTC).
::warning file=/home/runner/work/invenio-testrig/invenio-testrig/package-repo/.venv/lib/python3.12/site-packages/invenio_records_resources/services/records/schema.py,line=90::The `context` parameter is deprecated and will be removed in marshmallow 4.0. Use `contextvars.ContextVar` to pass context instead.
::warning file=/home/runner/work/invenio-testrig/invenio-testrig/package-repo/.venv/lib/python3.12/site-packages/sqlalchemy_utils/models.py,line=33::datetime.datetime.utcnow() is deprecated and scheduled for removal in a future version. Use timezone-aware objects to represent datetimes in UTC: datetime.datetime.now(datetime.UTC).
::warning file=/home/runner/work/invenio-testrig/invenio-testrig/package-repo/.venv/lib/python3.12/site-packages/sqlalchemy/sql/schema.py,line=3624::datetime.datetime.utcnow() is deprecated and scheduled for removal in a future version. Use timezone-aware objects to represent datetimes in UTC: datetime.datetime.now(datetime.UTC).
::warning file=/home/runner/work/invenio-testrig/invenio-testrig/package-repo/.venv/lib/python3.12/site-packages/sqlalchemy/sql/schema.py,line=3624::datetime.datetime.utcnow() is deprecated and scheduled for removal in a future version. Use timezone-aware objects to represent datetimes in UTC: datetime.datetime.now(datetime.UTC).
::warning file=/home/runner/work/invenio-testrig/invenio-testrig/package-repo/invenio_jobs/tasks.py,line=61::datetime.datetime.utcnow() is deprecated and scheduled for removal in a future version. Use timezone-aware objects to represent datetimes in UTC: datetime.datetime.now(datetime.UTC).
::warning file=/home/runner/work/invenio-testrig/invenio-testrig/package-repo/.venv/lib/python3.12/site-packages/sqlalchemy_utils/models.py,line=33::datetime.datetime.utcnow() is deprecated and scheduled for removal in a future version. Use timezone-aware objects to represent datetimes in UTC: datetime.datetime.now(datetime.UTC).
::warning file=/home/runner/work/invenio-testrig/invenio-testrig/package-repo/invenio_jobs/tasks.py,line=121::datetime.datetime.utcnow() is deprecated and scheduled for removal in a future version. Use timezone-aware objects to represent datetimes in UTC: datetime.datetime.now(datetime.UTC).
::warning file=/home/runner/work/invenio-testrig/invenio-testrig/package-repo/.venv/lib/python3.12/site-packages/sqlalchemy_utils/models.py,line=33::datetime.datetime.utcnow() is deprecated and scheduled for removal in a future version. Use timezone-aware objects to represent datetimes in UTC: datetime.datetime.now(datetime.UTC).
::warning file=/home/runner/work/invenio-testrig/invenio-testrig/package-repo/.venv/lib/python3.12/site-packages/invenio_records_resources/services/records/schema.py,line=105::The `context` parameter is deprecated and will be removed in marshmallow 4.0. Use `contextvars.ContextVar` to pass context instead.
::warning file=/home/runner/work/invenio-testrig/invenio-testrig/package-repo/.venv/lib/python3.12/site-packages/marshmallow/fields.py,line=631::The `context` parameter is deprecated and will be removed in marshmallow 4.0. Use `contextvars.ContextVar` to pass context instead.
::warning file=/home/runner/work/invenio-testrig/invenio-testrig/package-repo/.venv/lib/python3.12/site-packages/marshmallow/fields.py,line=631::The `context` parameter is deprecated and will be removed in marshmallow 4.0. Use `contextvars.ContextVar` to pass context instead.
::warning file=/home/runner/work/invenio-testrig/invenio-testrig/package-repo/.venv/lib/python3.12/site-packages/marshmallow/fields.py,line=631::The `context` parameter is deprecated and will be removed in marshmallow 4.0. Use `contextvars.ContextVar` to pass context instead.
::warning file=/home/runner/work/invenio-testrig/invenio-testrig/package-repo/.venv/lib/python3.12/site-packages/marshmallow/fields.py,line=631::The `context` parameter is deprecated and will be removed in marshmallow 4.0. Use `contextvars.ContextVar` to pass context instead.
::warning file=/home/runner/work/invenio-testrig/invenio-testrig/package-repo/invenio_jobs/services/schema.py,line=127::The `context` parameter is deprecated and will be removed in marshmallow 4.0. Use `contextvars.ContextVar` to pass context instead.

tests/test_services_subtasks.py::test_add_total_entries_invalid_values Run created
[2025-12-10 10:02:40,336] DEBUG in services: Run created
Run created
Run created
Updating run 7da664fd-b8bf-48ef-a7b1-9c5208d60245 with status RunStatusEnum.QUEUED and active subtasks: False
[2025-12-10 10:02:40,344] INFO in tasks: Updating run 7da664fd-b8bf-48ef-a7b1-9c5208d60245 with status RunStatusEnum.QUEUED and active subtasks: False
Updating run 7da664fd-b8bf-48ef-a7b1-9c5208d60245 with status RunStatusEnum.QUEUED and active subtasks: False
Updating run 7da664fd-b8bf-48ef-a7b1-9c5208d60245 with status RunStatusEnum.QUEUED and active subtasks: False
Executing run 7da664fd-b8bf-48ef-a7b1-9c5208d60245 with task mock_module.tasks.mock_task and args None
[2025-12-10 10:02:40,354] DEBUG in tasks: Executing run 7da664fd-b8bf-48ef-a7b1-9c5208d60245 with task mock_module.tasks.mock_task and args None
Executing run 7da664fd-b8bf-48ef-a7b1-9c5208d60245 with task mock_module.tasks.mock_task and args None
Executing run 7da664fd-b8bf-48ef-a7b1-9c5208d60245 with task mock_module.tasks.mock_task and args None
Run 7da664fd-b8bf-48ef-a7b1-9c5208d60245 encountered an unexpected error: mock_task() got an unexpected keyword argument 'since'
[2025-12-10 10:02:40,364] ERROR in tasks: Run 7da664fd-b8bf-48ef-a7b1-9c5208d60245 encountered an unexpected error: mock_task() got an unexpected keyword argument 'since'
Run 7da664fd-b8bf-48ef-a7b1-9c5208d60245 encountered an unexpected error: mock_task() got an unexpected keyword argument 'since'
Run 7da664fd-b8bf-48ef-a7b1-9c5208d60245 encountered an unexpected error: mock_task() got an unexpected keyword argument 'since'
Updating run 7da664fd-b8bf-48ef-a7b1-9c5208d60245 with status RunStatusEnum.RUNNING and active subtasks: False
[2025-12-10 10:02:40,367] INFO in tasks: Updating run 7da664fd-b8bf-48ef-a7b1-9c5208d60245 with status RunStatusEnum.RUNNING and active subtasks: False
Updating run 7da664fd-b8bf-48ef-a7b1-9c5208d60245 with status RunStatusEnum.RUNNING and active subtasks: False
Updating run 7da664fd-b8bf-48ef-a7b1-9c5208d60245 with status RunStatusEnum.RUNNING and active subtasks: False
PASSED::warning file=/home/runner/work/invenio-testrig/invenio-testrig/package-repo/.venv/lib/python3.12/site-packages/pytest_invenio/user.py,line=36::datetime.datetime.utcnow() is deprecated and scheduled for removal in a future version. Use timezone-aware objects to represent datetimes in UTC: datetime.datetime.now(datetime.UTC).
::warning file=/home/runner/work/invenio-testrig/invenio-testrig/package-repo/.venv/lib/python3.12/site-packages/sqlalchemy/sql/schema.py,line=3624::datetime.datetime.utcnow() is deprecated and scheduled for removal in a future version. Use timezone-aware objects to represent datetimes in UTC: datetime.datetime.now(datetime.UTC).
::warning file=/home/runner/work/invenio-testrig/invenio-testrig/package-repo/.venv/lib/python3.12/site-packages/sqlalchemy/sql/schema.py,line=3624::datetime.datetime.utcnow() is deprecated and scheduled for removal in a future version. Use timezone-aware objects to represent datetimes in UTC: datetime.datetime.now(datetime.UTC).
::warning file=/home/runner/work/invenio-testrig/invenio-testrig/package-repo/.venv/lib/python3.12/site-packages/flask_security/datastore.py,line=235::The Query.get() method is considered legacy as of the 1.x series of SQLAlchemy and becomes a legacy construct in 2.0. The method is now available as Session.get() (deprecated since: 2.0)
::warning file=/home/runner/work/invenio-testrig/invenio-testrig/package-repo/.venv/lib/python3.12/site-packages/invenio_records_resources/services/records/schema.py,line=90::The `context` parameter is deprecated and will be removed in marshmallow 4.0. Use `contextvars.ContextVar` to pass context instead.
::warning file=/home/runner/work/invenio-testrig/invenio-testrig/package-repo/.venv/lib/python3.12/site-packages/marshmallow/fields.py,line=631::The `context` parameter is deprecated and will be removed in marshmallow 4.0. Use `contextvars.ContextVar` to pass context instead.
::warning file=/home/runner/work/invenio-testrig/invenio-testrig/package-repo/.venv/lib/python3.12/site-packages/sqlalchemy/sql/schema.py,line=3624::datetime.datetime.utcnow() is deprecated and scheduled for removal in a future version. Use timezone-aware objects to represent datetimes in UTC: datetime.datetime.now(datetime.UTC).
::warning file=/home/runner/work/invenio-testrig/invenio-testrig/package-repo/.venv/lib/python3.12/site-packages/sqlalchemy/sql/schema.py,line=3624::datetime.datetime.utcnow() is deprecated and scheduled for removal in a future version. Use timezone-aware objects to represent datetimes in UTC: datetime.datetime.now(datetime.UTC).
::warning file=/home/runner/work/invenio-testrig/invenio-testrig/package-repo/.venv/lib/python3.12/site-packages/invenio_records_resources/services/records/schema.py,line=90::The `context` parameter is deprecated and will be removed in marshmallow 4.0. Use `contextvars.ContextVar` to pass context instead.
::warning file=/home/runner/work/invenio-testrig/invenio-testrig/package-repo/.venv/lib/python3.12/site-packages/marshmallow/fields.py,line=631::The `context` parameter is deprecated and will be removed in marshmallow 4.0. Use `contextvars.ContextVar` to pass context instead.
::warning file=/home/runner/work/invenio-testrig/invenio-testrig/package-repo/.venv/lib/python3.12/site-packages/sqlalchemy/sql/schema.py,line=3624::datetime.datetime.utcnow() is deprecated and scheduled for removal in a future version. Use timezone-aware objects to represent datetimes in UTC: datetime.datetime.now(datetime.UTC).
::warning file=/home/runner/work/invenio-testrig/invenio-testrig/package-repo/.venv/lib/python3.12/site-packages/sqlalchemy/sql/schema.py,line=3624::datetime.datetime.utcnow() is deprecated and scheduled for removal in a future version. Use timezone-aware objects to represent datetimes in UTC: datetime.datetime.now(datetime.UTC).
::warning file=/home/runner/work/invenio-testrig/invenio-testrig/package-repo/.venv/lib/python3.12/site-packages/invenio_records_resources/services/records/schema.py,line=90::The `context` parameter is deprecated and will be removed in marshmallow 4.0. Use `contextvars.ContextVar` to pass context instead.
::warning file=/home/runner/work/invenio-testrig/invenio-testrig/package-repo/.venv/lib/python3.12/site-packages/sqlalchemy/sql/schema.py,line=3624::datetime.datetime.utcnow() is deprecated and scheduled for removal in a future version. Use timezone-aware objects to represent datetimes in UTC: datetime.datetime.now(datetime.UTC).
::warning file=/home/runner/work/invenio-testrig/invenio-testrig/package-repo/.venv/lib/python3.12/site-packages/sqlalchemy/sql/schema.py,line=3624::datetime.datetime.utcnow() is deprecated and scheduled for removal in a future version. Use timezone-aware objects to represent datetimes in UTC: datetime.datetime.now(datetime.UTC).
::warning file=/home/runner/work/invenio-testrig/invenio-testrig/package-repo/.venv/lib/python3.12/site-packages/invenio_records_resources/services/records/schema.py,line=90::The `context` parameter is deprecated and will be removed in marshmallow 4.0. Use `contextvars.ContextVar` to pass context instead.
::warning file=/home/runner/work/invenio-testrig/invenio-testrig/package-repo/.venv/lib/python3.12/site-packages/sqlalchemy_utils/models.py,line=33::datetime.datetime.utcnow() is deprecated and scheduled for removal in a future version. Use timezone-aware objects to represent datetimes in UTC: datetime.datetime.now(datetime.UTC).
::warning file=/home/runner/work/invenio-testrig/invenio-testrig/package-repo/.venv/lib/python3.12/site-packages/sqlalchemy/sql/schema.py,line=3624::datetime.datetime.utcnow() is deprecated and scheduled for removal in a future version. Use timezone-aware objects to represent datetimes in UTC: datetime.datetime.now(datetime.UTC).
::warning file=/home/runner/work/invenio-testrig/invenio-testrig/package-repo/.venv/lib/python3.12/site-packages/sqlalchemy/sql/schema.py,line=3624::datetime.datetime.utcnow() is deprecated and scheduled for removal in a future version. Use timezone-aware objects to represent datetimes in UTC: datetime.datetime.now(datetime.UTC).
::warning file=/home/runner/work/invenio-testrig/invenio-testrig/package-repo/invenio_jobs/tasks.py,line=61::datetime.datetime.utcnow() is deprecated and scheduled for removal in a future version. Use timezone-aware objects to represent datetimes in UTC: datetime.datetime.now(datetime.UTC).
::warning file=/home/runner/work/invenio-testrig/invenio-testrig/package-repo/.venv/lib/python3.12/site-packages/sqlalchemy_utils/models.py,line=33::datetime.datetime.utcnow() is deprecated and scheduled for removal in a future version. Use timezone-aware objects to represent datetimes in UTC: datetime.datetime.now(datetime.UTC).
::warning file=/home/runner/work/invenio-testrig/invenio-testrig/package-repo/invenio_jobs/tasks.py,line=121::datetime.datetime.utcnow() is deprecated and scheduled for removal in a future version. Use timezone-aware objects to represent datetimes in UTC: datetime.datetime.now(datetime.UTC).
::warning file=/home/runner/work/invenio-testrig/invenio-testrig/package-repo/.venv/lib/python3.12/site-packages/sqlalchemy_utils/models.py,line=33::datetime.datetime.utcnow() is deprecated and scheduled for removal in a future version. Use timezone-aware objects to represent datetimes in UTC: datetime.datetime.now(datetime.UTC).

tests/test_services_subtasks.py::test_finalize_subtask_with_errored_entries_message Run created
[2025-12-10 10:02:40,492] DEBUG in services: Run created
Run created
Run created
Updating run 8c91311c-cfc5-4ca0-8947-ef7ed0d5557c with status RunStatusEnum.QUEUED and active subtasks: False
[2025-12-10 10:02:40,499] INFO in tasks: Updating run 8c91311c-cfc5-4ca0-8947-ef7ed0d5557c with status RunStatusEnum.QUEUED and active subtasks: False
Updating run 8c91311c-cfc5-4ca0-8947-ef7ed0d5557c with status RunStatusEnum.QUEUED and active subtasks: False
Updating run 8c91311c-cfc5-4ca0-8947-ef7ed0d5557c with status RunStatusEnum.QUEUED and active subtasks: False
Executing run 8c91311c-cfc5-4ca0-8947-ef7ed0d5557c with task mock_module.tasks.mock_task and args None
[2025-12-10 10:02:40,509] DEBUG in tasks: Executing run 8c91311c-cfc5-4ca0-8947-ef7ed0d5557c with task mock_module.tasks.mock_task and args None
Executing run 8c91311c-cfc5-4ca0-8947-ef7ed0d5557c with task mock_module.tasks.mock_task and args None
Executing run 8c91311c-cfc5-4ca0-8947-ef7ed0d5557c with task mock_module.tasks.mock_task and args None
Run 8c91311c-cfc5-4ca0-8947-ef7ed0d5557c encountered an unexpected error: mock_task() got an unexpected keyword argument 'since'
[2025-12-10 10:02:40,517] ERROR in tasks: Run 8c91311c-cfc5-4ca0-8947-ef7ed0d5557c encountered an unexpected error: mock_task() got an unexpected keyword argument 'since'
Run 8c91311c-cfc5-4ca0-8947-ef7ed0d5557c encountered an unexpected error: mock_task() got an unexpected keyword argument 'since'
Run 8c91311c-cfc5-4ca0-8947-ef7ed0d5557c encountered an unexpected error: mock_task() got an unexpected keyword argument 'since'
Updating run 8c91311c-cfc5-4ca0-8947-ef7ed0d5557c with status RunStatusEnum.RUNNING and active subtasks: False
[2025-12-10 10:02:40,520] INFO in tasks: Updating run 8c91311c-cfc5-4ca0-8947-ef7ed0d5557c with status RunStatusEnum.RUNNING and active subtasks: False
Updating run 8c91311c-cfc5-4ca0-8947-ef7ed0d5557c with status RunStatusEnum.RUNNING and active subtasks: False
Updating run 8c91311c-cfc5-4ca0-8947-ef7ed0d5557c with status RunStatusEnum.RUNNING and active subtasks: False
PASSED::warning file=/home/runner/work/invenio-testrig/invenio-testrig/package-repo/.venv/lib/python3.12/site-packages/pytest_invenio/user.py,line=36::datetime.datetime.utcnow() is deprecated and scheduled for removal in a future version. Use timezone-aware objects to represent datetimes in UTC: datetime.datetime.now(datetime.UTC).
::warning file=/home/runner/work/invenio-testrig/invenio-testrig/package-repo/.venv/lib/python3.12/site-packages/sqlalchemy/sql/schema.py,line=3624::datetime.datetime.utcnow() is deprecated and scheduled for removal in a future version. Use timezone-aware objects to represent datetimes in UTC: datetime.datetime.now(datetime.UTC).
::warning file=/home/runner/work/invenio-testrig/invenio-testrig/package-repo/.venv/lib/python3.12/site-packages/sqlalchemy/sql/schema.py,line=3624::datetime.datetime.utcnow() is deprecated and scheduled for removal in a future version. Use timezone-aware objects to represent datetimes in UTC: datetime.datetime.now(datetime.UTC).
::warning file=/home/runner/work/invenio-testrig/invenio-testrig/package-repo/.venv/lib/python3.12/site-packages/flask_security/datastore.py,line=235::The Query.get() method is considered legacy as of the 1.x series of SQLAlchemy and becomes a legacy construct in 2.0. The method is now available as Session.get() (deprecated since: 2.0)
::warning file=/home/runner/work/invenio-testrig/invenio-testrig/package-repo/.venv/lib/python3.12/site-packages/invenio_records_resources/services/records/schema.py,line=90::The `context` parameter is deprecated and will be removed in marshmallow 4.0. Use `contextvars.ContextVar` to pass context instead.
::warning file=/home/runner/work/invenio-testrig/invenio-testrig/package-repo/.venv/lib/python3.12/site-packages/marshmallow/fields.py,line=631::The `context` parameter is deprecated and will be removed in marshmallow 4.0. Use `contextvars.ContextVar` to pass context instead.
::warning file=/home/runner/work/invenio-testrig/invenio-testrig/package-repo/.venv/lib/python3.12/site-packages/sqlalchemy/sql/schema.py,line=3624::datetime.datetime.utcnow() is deprecated and scheduled for removal in a future version. Use timezone-aware objects to represent datetimes in UTC: datetime.datetime.now(datetime.UTC).
::warning file=/home/runner/work/invenio-testrig/invenio-testrig/package-repo/.venv/lib/python3.12/site-packages/sqlalchemy/sql/schema.py,line=3624::datetime.datetime.utcnow() is deprecated and scheduled for removal in a future version. Use timezone-aware objects to represent datetimes in UTC: datetime.datetime.now(datetime.UTC).
::warning file=/home/runner/work/invenio-testrig/invenio-testrig/package-repo/.venv/lib/python3.12/site-packages/invenio_records_resources/services/records/schema.py,line=90::The `context` parameter is deprecated and will be removed in marshmallow 4.0. Use `contextvars.ContextVar` to pass context instead.
::warning file=/home/runner/work/invenio-testrig/invenio-testrig/package-repo/.venv/lib/python3.12/site-packages/marshmallow/fields.py,line=631::The `context` parameter is deprecated and will be removed in marshmallow 4.0. Use `contextvars.ContextVar` to pass context instead.
::warning file=/home/runner/work/invenio-testrig/invenio-testrig/package-repo/.venv/lib/python3.12/site-packages/sqlalchemy/sql/schema.py,line=3624::datetime.datetime.utcnow() is deprecated and scheduled for removal in a future version. Use timezone-aware objects to represent datetimes in UTC: datetime.datetime.now(datetime.UTC).
::warning file=/home/runner/work/invenio-testrig/invenio-testrig/package-repo/.venv/lib/python3.12/site-packages/sqlalchemy/sql/schema.py,line=3624::datetime.datetime.utcnow() is deprecated and scheduled for removal in a future version. Use timezone-aware objects to represent datetimes in UTC: datetime.datetime.now(datetime.UTC).
::warning file=/home/runner/work/invenio-testrig/invenio-testrig/package-repo/.venv/lib/python3.12/site-packages/invenio_records_resources/services/records/schema.py,line=90::The `context` parameter is deprecated and will be removed in marshmallow 4.0. Use `contextvars.ContextVar` to pass context instead.
::warning file=/home/runner/work/invenio-testrig/invenio-testrig/package-repo/.venv/lib/python3.12/site-packages/sqlalchemy/sql/schema.py,line=3624::datetime.datetime.utcnow() is deprecated and scheduled for removal in a future version. Use timezone-aware objects to represent datetimes in UTC: datetime.datetime.now(datetime.UTC).
::warning file=/home/runner/work/invenio-testrig/invenio-testrig/package-repo/.venv/lib/python3.12/site-packages/sqlalchemy/sql/schema.py,line=3624::datetime.datetime.utcnow() is deprecated and scheduled for removal in a future version. Use timezone-aware objects to represent datetimes in UTC: datetime.datetime.now(datetime.UTC).
::warning file=/home/runner/work/invenio-testrig/invenio-testrig/package-repo/.venv/lib/python3.12/site-packages/invenio_records_resources/services/records/schema.py,line=90::The `context` parameter is deprecated and will be removed in marshmallow 4.0. Use `contextvars.ContextVar` to pass context instead.
::warning file=/home/runner/work/invenio-testrig/invenio-testrig/package-repo/.venv/lib/python3.12/site-packages/sqlalchemy_utils/models.py,line=33::datetime.datetime.utcnow() is deprecated and scheduled for removal in a future version. Use timezone-aware objects to represent datetimes in UTC: datetime.datetime.now(datetime.UTC).
::warning file=/home/runner/work/invenio-testrig/invenio-testrig/package-repo/.venv/lib/python3.12/site-packages/sqlalchemy/sql/schema.py,line=3624::datetime.datetime.utcnow() is deprecated and scheduled for removal in a future version. Use timezone-aware objects to represent datetimes in UTC: datetime.datetime.now(datetime.UTC).
::warning file=/home/runner/work/invenio-testrig/invenio-testrig/package-repo/.venv/lib/python3.12/site-packages/sqlalchemy/sql/schema.py,line=3624::datetime.datetime.utcnow() is deprecated and scheduled for removal in a future version. Use timezone-aware objects to represent datetimes in UTC: datetime.datetime.now(datetime.UTC).
::warning file=/home/runner/work/invenio-testrig/invenio-testrig/package-repo/invenio_jobs/tasks.py,line=61::datetime.datetime.utcnow() is deprecated and scheduled for removal in a future version. Use timezone-aware objects to represent datetimes in UTC: datetime.datetime.now(datetime.UTC).
::warning file=/home/runner/work/invenio-testrig/invenio-testrig/package-repo/.venv/lib/python3.12/site-packages/sqlalchemy_utils/models.py,line=33::datetime.datetime.utcnow() is deprecated and scheduled for removal in a future version. Use timezone-aware objects to represent datetimes in UTC: datetime.datetime.now(datetime.UTC).
::warning file=/home/runner/work/invenio-testrig/invenio-testrig/package-repo/invenio_jobs/tasks.py,line=121::datetime.datetime.utcnow() is deprecated and scheduled for removal in a future version. Use timezone-aware objects to represent datetimes in UTC: datetime.datetime.now(datetime.UTC).
::warning file=/home/runner/work/invenio-testrig/invenio-testrig/package-repo/.venv/lib/python3.12/site-packages/sqlalchemy_utils/models.py,line=33::datetime.datetime.utcnow() is deprecated and scheduled for removal in a future version. Use timezone-aware objects to represent datetimes in UTC: datetime.datetime.now(datetime.UTC).
::warning file=/home/runner/work/invenio-testrig/invenio-testrig/package-repo/.venv/lib/python3.12/site-packages/sqlalchemy_utils/models.py,line=33::datetime.datetime.utcnow() is deprecated and scheduled for removal in a future version. Use timezone-aware objects to represent datetimes in UTC: datetime.datetime.now(datetime.UTC).
::warning file=/home/runner/work/invenio-testrig/invenio-testrig/package-repo/.venv/lib/python3.12/site-packages/sqlalchemy_utils/models.py,line=33::datetime.datetime.utcnow() is deprecated and scheduled for removal in a future version. Use timezone-aware objects to represent datetimes in UTC: datetime.datetime.now(datetime.UTC).
::warning file=/home/runner/work/invenio-testrig/invenio-testrig/package-repo/.venv/lib/python3.12/site-packages/sqlalchemy/sql/schema.py,line=3624::datetime.datetime.utcnow() is deprecated and scheduled for removal in a future version. Use timezone-aware objects to represent datetimes in UTC: datetime.datetime.now(datetime.UTC).
::warning file=/home/runner/work/invenio-testrig/invenio-testrig/package-repo/.venv/lib/python3.12/site-packages/sqlalchemy/sql/schema.py,line=3624::datetime.datetime.utcnow() is deprecated and scheduled for removal in a future version. Use timezone-aware objects to represent datetimes in UTC: datetime.datetime.now(datetime.UTC).
::warning file=/home/runner/work/invenio-testrig/invenio-testrig/package-repo/.venv/lib/python3.12/site-packages/invenio_db/uow.py,line=193::Identity map already had an identity for (<class 'invenio_jobs.models.Run'>, (UUID('8c91311c-cfc5-4ca0-8947-ef7ed0d5557c'),), None), replacing it with newly flushed object.   Are there load operations occurring inside of an event handler within the flush?
::warning file=/home/runner/work/invenio-testrig/invenio-testrig/package-repo/invenio_jobs/services/services.py,line=354::datetime.datetime.utcnow() is deprecated and scheduled for removal in a future version. Use timezone-aware objects to represent datetimes in UTC: datetime.datetime.now(datetime.UTC).
::warning file=/home/runner/work/invenio-testrig/invenio-testrig/package-repo/.venv/lib/python3.12/site-packages/sqlalchemy_utils/models.py,line=33::datetime.datetime.utcnow() is deprecated and scheduled for removal in a future version. Use timezone-aware objects to represent datetimes in UTC: datetime.datetime.now(datetime.UTC).
::warning file=/home/runner/work/invenio-testrig/invenio-testrig/package-repo/.venv/lib/python3.12/site-packages/sqlalchemy_utils/models.py,line=33::datetime.datetime.utcnow() is deprecated and scheduled for removal in a future version. Use timezone-aware objects to represent datetimes in UTC: datetime.datetime.now(datetime.UTC).
::warning file=/home/runner/work/invenio-testrig/invenio-testrig/package-repo/invenio_jobs/services/services.py,line=451::datetime.datetime.utcnow() is deprecated and scheduled for removal in a future version. Use timezone-aware objects to represent datetimes in UTC: datetime.datetime.now(datetime.UTC).
::warning file=/home/runner/work/invenio-testrig/invenio-testrig/package-repo/.venv/lib/python3.12/site-packages/invenio_records_resources/services/records/schema.py,line=105::The `context` parameter is deprecated and will be removed in marshmallow 4.0. Use `contextvars.ContextVar` to pass context instead.
::warning file=/home/runner/work/invenio-testrig/invenio-testrig/package-repo/invenio_jobs/services/schema.py,line=127::The `context` parameter is deprecated and will be removed in marshmallow 4.0. Use `contextvars.ContextVar` to pass context instead.

tests/test_services_subtasks.py::test_finalize_subtask_nonexistent_run PASSED::warning file=/home/runner/work/invenio-testrig/invenio-testrig/package-repo/.venv/lib/python3.12/site-packages/pytest_invenio/user.py,line=36::datetime.datetime.utcnow() is deprecated and scheduled for removal in a future version. Use timezone-aware objects to represent datetimes in UTC: datetime.datetime.now(datetime.UTC).
::warning file=/home/runner/work/invenio-testrig/invenio-testrig/package-repo/.venv/lib/python3.12/site-packages/sqlalchemy/sql/schema.py,line=3624::datetime.datetime.utcnow() is deprecated and scheduled for removal in a future version. Use timezone-aware objects to represent datetimes in UTC: datetime.datetime.now(datetime.UTC).
::warning file=/home/runner/work/invenio-testrig/invenio-testrig/package-repo/.venv/lib/python3.12/site-packages/sqlalchemy/sql/schema.py,line=3624::datetime.datetime.utcnow() is deprecated and scheduled for removal in a future version. Use timezone-aware objects to represent datetimes in UTC: datetime.datetime.now(datetime.UTC).
::warning file=/home/runner/work/invenio-testrig/invenio-testrig/package-repo/.venv/lib/python3.12/site-packages/flask_security/datastore.py,line=235::The Query.get() method is considered legacy as of the 1.x series of SQLAlchemy and becomes a legacy construct in 2.0. The method is now available as Session.get() (deprecated since: 2.0)
::warning file=/home/runner/work/invenio-testrig/invenio-testrig/package-repo/.venv/lib/python3.12/site-packages/invenio_records_resources/services/records/schema.py,line=90::The `context` parameter is deprecated and will be removed in marshmallow 4.0. Use `contextvars.ContextVar` to pass context instead.
::warning file=/home/runner/work/invenio-testrig/invenio-testrig/package-repo/.venv/lib/python3.12/site-packages/marshmallow/fields.py,line=631::The `context` parameter is deprecated and will be removed in marshmallow 4.0. Use `contextvars.ContextVar` to pass context instead.
::warning file=/home/runner/work/invenio-testrig/invenio-testrig/package-repo/.venv/lib/python3.12/site-packages/sqlalchemy/sql/schema.py,line=3624::datetime.datetime.utcnow() is deprecated and scheduled for removal in a future version. Use timezone-aware objects to represent datetimes in UTC: datetime.datetime.now(datetime.UTC).
::warning file=/home/runner/work/invenio-testrig/invenio-testrig/package-repo/.venv/lib/python3.12/site-packages/sqlalchemy/sql/schema.py,line=3624::datetime.datetime.utcnow() is deprecated and scheduled for removal in a future version. Use timezone-aware objects to represent datetimes in UTC: datetime.datetime.now(datetime.UTC).
::warning file=/home/runner/work/invenio-testrig/invenio-testrig/package-repo/.venv/lib/python3.12/site-packages/invenio_records_resources/services/records/schema.py,line=90::The `context` parameter is deprecated and will be removed in marshmallow 4.0. Use `contextvars.ContextVar` to pass context instead.
::warning file=/home/runner/work/invenio-testrig/invenio-testrig/package-repo/.venv/lib/python3.12/site-packages/marshmallow/fields.py,line=631::The `context` parameter is deprecated and will be removed in marshmallow 4.0. Use `contextvars.ContextVar` to pass context instead.
::warning file=/home/runner/work/invenio-testrig/invenio-testrig/package-repo/.venv/lib/python3.12/site-packages/sqlalchemy/sql/schema.py,line=3624::datetime.datetime.utcnow() is deprecated and scheduled for removal in a future version. Use timezone-aware objects to represent datetimes in UTC: datetime.datetime.now(datetime.UTC).
::warning file=/home/runner/work/invenio-testrig/invenio-testrig/package-repo/.venv/lib/python3.12/site-packages/sqlalchemy/sql/schema.py,line=3624::datetime.datetime.utcnow() is deprecated and scheduled for removal in a future version. Use timezone-aware objects to represent datetimes in UTC: datetime.datetime.now(datetime.UTC).
::warning file=/home/runner/work/invenio-testrig/invenio-testrig/package-repo/.venv/lib/python3.12/site-packages/invenio_records_resources/services/records/schema.py,line=90::The `context` parameter is deprecated and will be removed in marshmallow 4.0. Use `contextvars.ContextVar` to pass context instead.
::warning file=/home/runner/work/invenio-testrig/invenio-testrig/package-repo/.venv/lib/python3.12/site-packages/sqlalchemy/sql/schema.py,line=3624::datetime.datetime.utcnow() is deprecated and scheduled for removal in a future version. Use timezone-aware objects to represent datetimes in UTC: datetime.datetime.now(datetime.UTC).
::warning file=/home/runner/work/invenio-testrig/invenio-testrig/package-repo/.venv/lib/python3.12/site-packages/sqlalchemy/sql/schema.py,line=3624::datetime.datetime.utcnow() is deprecated and scheduled for removal in a future version. Use timezone-aware objects to represent datetimes in UTC: datetime.datetime.now(datetime.UTC).

tests/test_utils.py::ISORT PASSED
tests/test_utils.py::black PASSED
tests/test_utils.py::test_job_arg_json_dumper PASSED
invenio_jobs/__init__.py::PYDOCSTYLE PASSED
invenio_jobs/__init__.py::ISORT PASSED
invenio_jobs/__init__.py::black PASSED
invenio_jobs/administration/__init__.py::PYDOCSTYLE PASSED
invenio_jobs/administration/__init__.py::ISORT PASSED
invenio_jobs/administration/__init__.py::black PASSED
invenio_jobs/administration/jobs.py::PYDOCSTYLE PASSED
invenio_jobs/administration/jobs.py::ISORT PASSED
invenio_jobs/administration/jobs.py::black PASSED
invenio_jobs/administration/runs.py::PYDOCSTYLE PASSED
invenio_jobs/administration/runs.py::ISORT PASSED
invenio_jobs/administration/runs.py::black PASSED
invenio_jobs/alembic/1753948224_add_subtasks_columns_to_jobs_run.py::PYDOCSTYLE PASSED
invenio_jobs/alembic/1753948224_add_subtasks_columns_to_jobs_run.py::ISORT PASSED
invenio_jobs/alembic/1753948224_add_subtasks_columns_to_jobs_run.py::black PASSED
invenio_jobs/alembic/1f896f6990b8_update_jobs_module_table_names.py::PYDOCSTYLE PASSED
invenio_jobs/alembic/1f896f6990b8_update_jobs_module_table_names.py::ISORT PASSED
invenio_jobs/alembic/1f896f6990b8_update_jobs_module_table_names.py::black PASSED
invenio_jobs/alembic/356496a01197_create_invenio_jobs_tables.py::PYDOCSTYLE PASSED
invenio_jobs/alembic/356496a01197_create_invenio_jobs_tables.py::ISORT PASSED
invenio_jobs/alembic/356496a01197_create_invenio_jobs_tables.py::black PASSED
invenio_jobs/alembic/371f4cbcb73d_create_invenio_jobs_branch.py::PYDOCSTYLE PASSED
invenio_jobs/alembic/371f4cbcb73d_create_invenio_jobs_branch.py::ISORT PASSED
invenio_jobs/alembic/371f4cbcb73d_create_invenio_jobs_branch.py::black PASSED
invenio_jobs/api.py::PYDOCSTYLE PASSED
invenio_jobs/api.py::ISORT PASSED
invenio_jobs/api.py::black PASSED
invenio_jobs/config.py::PYDOCSTYLE PASSED
invenio_jobs/config.py::ISORT PASSED
invenio_jobs/config.py::black PASSED
invenio_jobs/errors.py::PYDOCSTYLE PASSED
invenio_jobs/errors.py::ISORT PASSED
invenio_jobs/errors.py::black PASSED
invenio_jobs/ext.py::PYDOCSTYLE PASSED
invenio_jobs/ext.py::ISORT PASSED
invenio_jobs/ext.py::black PASSED
invenio_jobs/jobs.py::PYDOCSTYLE PASSED
invenio_jobs/jobs.py::ISORT PASSED
invenio_jobs/jobs.py::black PASSED
invenio_jobs/logging/__init__.py::PYDOCSTYLE PASSED
invenio_jobs/logging/__init__.py::ISORT PASSED
invenio_jobs/logging/__init__.py::black PASSED
invenio_jobs/logging/celery_signals.py::PYDOCSTYLE PASSED
invenio_jobs/logging/celery_signals.py::ISORT PASSED
invenio_jobs/logging/celery_signals.py::black PASSED
invenio_jobs/logging/index_templates/__init__.py::PYDOCSTYLE PASSED
invenio_jobs/logging/index_templates/__init__.py::ISORT PASSED
invenio_jobs/logging/index_templates/__init__.py::black PASSED
invenio_jobs/logging/index_templates/os-v1/__init__.py::PYDOCSTYLE PASSED
invenio_jobs/logging/index_templates/os-v1/__init__.py::ISORT PASSED
invenio_jobs/logging/index_templates/os-v1/__init__.py::black PASSED
invenio_jobs/logging/index_templates/os-v2/__init__.py::PYDOCSTYLE PASSED
invenio_jobs/logging/index_templates/os-v2/__init__.py::ISORT PASSED
invenio_jobs/logging/index_templates/os-v2/__init__.py::black PASSED
invenio_jobs/logging/jobs.py::PYDOCSTYLE PASSED
invenio_jobs/logging/jobs.py::ISORT PASSED
invenio_jobs/logging/jobs.py::black PASSED
invenio_jobs/logging/tasks.py::PYDOCSTYLE PASSED
invenio_jobs/logging/tasks.py::ISORT PASSED
invenio_jobs/logging/tasks.py::black PASSED
invenio_jobs/models.py::PYDOCSTYLE PASSED
invenio_jobs/models.py::ISORT PASSED
invenio_jobs/models.py::black PASSED
invenio_jobs/proxies.py::PYDOCSTYLE PASSED
invenio_jobs/proxies.py::ISORT PASSED
invenio_jobs/proxies.py::black PASSED
invenio_jobs/registry.py::PYDOCSTYLE PASSED
invenio_jobs/registry.py::ISORT PASSED
invenio_jobs/registry.py::black PASSED
invenio_jobs/resources/__init__.py::PYDOCSTYLE PASSED
invenio_jobs/resources/__init__.py::ISORT PASSED
invenio_jobs/resources/__init__.py::black PASSED
invenio_jobs/resources/config.py::PYDOCSTYLE PASSED
invenio_jobs/resources/config.py::ISORT PASSED
invenio_jobs/resources/config.py::black PASSED
invenio_jobs/resources/resources.py::PYDOCSTYLE PASSED
invenio_jobs/resources/resources.py::ISORT PASSED
invenio_jobs/resources/resources.py::black PASSED
invenio_jobs/services/__init__.py::PYDOCSTYLE PASSED
invenio_jobs/services/__init__.py::ISORT PASSED
invenio_jobs/services/__init__.py::black PASSED
invenio_jobs/services/config.py::PYDOCSTYLE PASSED
invenio_jobs/services/config.py::ISORT PASSED
invenio_jobs/services/config.py::black PASSED
invenio_jobs/services/errors.py::PYDOCSTYLE PASSED
invenio_jobs/services/errors.py::ISORT PASSED
invenio_jobs/services/errors.py::black PASSED
invenio_jobs/services/links.py::PYDOCSTYLE PASSED
invenio_jobs/services/links.py::ISORT PASSED
invenio_jobs/services/links.py::black PASSED
invenio_jobs/services/permissions.py::PYDOCSTYLE PASSED
invenio_jobs/services/permissions.py::ISORT PASSED
invenio_jobs/services/permissions.py::black PASSED
invenio_jobs/services/results.py::PYDOCSTYLE PASSED
invenio_jobs/services/results.py::ISORT PASSED
invenio_jobs/services/results.py::black PASSED
invenio_jobs/services/scheduler.py::PYDOCSTYLE PASSED
invenio_jobs/services/scheduler.py::ISORT PASSED
invenio_jobs/services/scheduler.py::black PASSED
invenio_jobs/services/schema.py::PYDOCSTYLE PASSED
invenio_jobs/services/schema.py::ISORT PASSED
invenio_jobs/services/schema.py::black PASSED
invenio_jobs/services/services.py::PYDOCSTYLE PASSED
invenio_jobs/services/services.py::ISORT PASSED
invenio_jobs/services/services.py::black PASSED
invenio_jobs/services/ui_schema.py::PYDOCSTYLE PASSED
invenio_jobs/services/ui_schema.py::ISORT PASSED
invenio_jobs/services/ui_schema.py::black PASSED
invenio_jobs/tasks.py::PYDOCSTYLE PASSED
invenio_jobs/tasks.py::ISORT PASSED
invenio_jobs/tasks.py::black PASSED
invenio_jobs/utils.py::PYDOCSTYLE PASSED
invenio_jobs/utils.py::ISORT PASSED
invenio_jobs/utils.py::black PASSED
invenio_jobs/views.py::PYDOCSTYLE PASSED
invenio_jobs/views.py::ISORT PASSED
invenio_jobs/views.py::black PASSED
invenio_jobs/webpack.py::PYDOCSTYLE PASSED
invenio_jobs/webpack.py::ISORT PASSED
invenio_jobs/webpack.py::black PASSED

=============================== warnings summary ===============================
.venv/lib/python3.12/site-packages/passlib/utils/__init__.py:854
  /home/runner/work/invenio-testrig/invenio-testrig/package-repo/.venv/lib/python3.12/site-packages/passlib/utils/__init__.py:854: DeprecationWarning: 'crypt' is deprecated and slated for removal in Python 3.13
    from crypt import crypt as _crypt

.venv/lib/python3.12/site-packages/marshmallow_utils/fields/generated.py:12
.venv/lib/python3.12/site-packages/marshmallow_utils/fields/generated.py:12
  /home/runner/work/invenio-testrig/invenio-testrig/package-repo/.venv/lib/python3.12/site-packages/marshmallow_utils/fields/generated.py:12: DeprecationWarning: The '__version_info__' attribute is deprecated and will be removed in in a future version. Use feature detection or 'packaging.Version(importlib.metadata.version("marshmallow")).release' instead.
    from marshmallow import __version_info__ as marshmallow_version

.venv/lib/python3.12/site-packages/jsonresolver/contrib/jsonschema.py:31
.venv/lib/python3.12/site-packages/jsonresolver/contrib/jsonschema.py:31
  /home/runner/work/invenio-testrig/invenio-testrig/package-repo/.venv/lib/python3.12/site-packages/jsonresolver/contrib/jsonschema.py:31: DeprecationWarning: jsonschema.RefResolver is deprecated as of v4.18.0, in favor of the https://github.com/python-jsonschema/referencing library, which provides more compliant referencing behavior as well as more flexible APIs for customization. A future release will remove RefResolver. Please file a feature request (on referencing) if you are missing an API for the kind of customization you need.
    from jsonschema import RefResolver as _RefResolver

.venv/lib/python3.12/site-packages/invenio_records/resolver.py:14
.venv/lib/python3.12/site-packages/invenio_records/resolver.py:14
  /home/runner/work/invenio-testrig/invenio-testrig/package-repo/.venv/lib/python3.12/site-packages/invenio_records/resolver.py:14: DeprecationWarning: jsonschema.exceptions.RefResolutionError is deprecated as of version 4.18.0. If you wish to catch potential reference resolution errors, directly catch referencing.exceptions.Unresolvable.
    from jsonschema import RefResolutionError, RefResolver

.venv/lib/python3.12/site-packages/invenio_records/resolver.py:14
.venv/lib/python3.12/site-packages/invenio_records/resolver.py:14
  /home/runner/work/invenio-testrig/invenio-testrig/package-repo/.venv/lib/python3.12/site-packages/invenio_records/resolver.py:14: DeprecationWarning: jsonschema.RefResolver is deprecated as of v4.18.0, in favor of the https://github.com/python-jsonschema/referencing library, which provides more compliant referencing behavior as well as more flexible APIs for customization. A future release will remove RefResolver. Please file a feature request (on referencing) if you are missing an API for the kind of customization you need.
    from jsonschema import RefResolutionError, RefResolver

.venv/lib/python3.12/site-packages/fs/__init__.py:4
  /home/runner/work/invenio-testrig/invenio-testrig/package-repo/.venv/lib/python3.12/site-packages/fs/__init__.py:4: UserWarning: pkg_resources is deprecated as an API. See https://setuptools.pypa.io/en/latest/pkg_resources.html. The pkg_resources package is slated for removal as early as 2025-11-30. Refrain from using this package or pin to Setuptools<81.
    __import__("pkg_resources").declare_namespace(__name__)  # type: ignore

.venv/lib/python3.12/site-packages/pkg_resources/__init__.py:3146
  /home/runner/work/invenio-testrig/invenio-testrig/package-repo/.venv/lib/python3.12/site-packages/pkg_resources/__init__.py:3146: DeprecationWarning: Deprecated call to `pkg_resources.declare_namespace('sphinxcontrib')`.
  Implementing implicit namespace packages (as specified in PEP 420) is preferred to `pkg_resources.declare_namespace`. See https://setuptools.pypa.io/en/latest/references/keywords.html#keyword-namespace-packages
    declare_namespace(pkg)

.venv/lib/python3.12/site-packages/fs/__init__.py:4
  /home/runner/work/invenio-testrig/invenio-testrig/package-repo/.venv/lib/python3.12/site-packages/fs/__init__.py:4: DeprecationWarning: Deprecated call to `pkg_resources.declare_namespace('fs')`.
  Implementing implicit namespace packages (as specified in PEP 420) is preferred to `pkg_resources.declare_namespace`. See https://setuptools.pypa.io/en/latest/references/keywords.html#keyword-namespace-packages
    __import__("pkg_resources").declare_namespace(__name__)  # type: ignore

.venv/lib/python3.12/site-packages/fs/opener/__init__.py:6
  /home/runner/work/invenio-testrig/invenio-testrig/package-repo/.venv/lib/python3.12/site-packages/fs/opener/__init__.py:6: DeprecationWarning: Deprecated call to `pkg_resources.declare_namespace('fs.opener')`.
  Implementing implicit namespace packages (as specified in PEP 420) is preferred to `pkg_resources.declare_namespace`. See https://setuptools.pypa.io/en/latest/references/keywords.html#keyword-namespace-packages
    __import__("pkg_resources").declare_namespace(__name__)  # type: ignore

.venv/lib/python3.12/site-packages/pkg_resources/__init__.py:2558
  /home/runner/work/invenio-testrig/invenio-testrig/package-repo/.venv/lib/python3.12/site-packages/pkg_resources/__init__.py:2558: DeprecationWarning: Deprecated call to `pkg_resources.declare_namespace('fs')`.
  Implementing implicit namespace packages (as specified in PEP 420) is preferred to `pkg_resources.declare_namespace`. See https://setuptools.pypa.io/en/latest/references/keywords.html#keyword-namespace-packages
    declare_namespace(parent)

.venv/lib/python3.12/site-packages/invenio_records_resources/services/files/schema.py:154
  /home/runner/work/invenio-testrig/invenio-testrig/package-repo/.venv/lib/python3.12/site-packages/invenio_records_resources/services/files/schema.py:154: RemovedInMarshmallow4Warning: The 'default' argument to fields is deprecated. Use 'dump_default' instead.
    storage_class = Str(default="L", dump_only=False)

.venv/lib/python3.12/site-packages/invenio_records_resources/services/base/links.py:140: 35 warnings
  /home/runner/work/invenio-testrig/invenio-testrig/package-repo/.venv/lib/python3.12/site-packages/invenio_records_resources/services/base/links.py:140: DeprecationWarning: Link is deprecated and will be removed in v14.0. Use `ExternalLink` for third-party links and `EndpointLink` for InvenioRDM links.
    warnings.warn(

.venv/lib/python3.12/site-packages/marshmallow/fields.py:986
.venv/lib/python3.12/site-packages/marshmallow/fields.py:986
.venv/lib/python3.12/site-packages/marshmallow/fields.py:986
.venv/lib/python3.12/site-packages/marshmallow/fields.py:986
.venv/lib/python3.12/site-packages/marshmallow/fields.py:986
  /home/runner/work/invenio-testrig/invenio-testrig/package-repo/.venv/lib/python3.12/site-packages/marshmallow/fields.py:986: RemovedInMarshmallow4Warning: The 'default' argument to fields is deprecated. Use 'dump_default' instead.
    super().__init__(**kwargs)

.venv/lib/python3.12/site-packages/marshmallow/utils.py:361
  /home/runner/work/invenio-testrig/invenio-testrig/package-repo/.venv/lib/python3.12/site-packages/marshmallow/utils.py:361: ChangedInMarshmallow4Warning: `Field` should not be instantiated. Use `fields.Raw` or  another field subclass instead.
    return cls_or_instance()

tests/resources/test_resources.py: 12 warnings
tests/test_services_subtasks.py: 39 warnings
  /home/runner/work/invenio-testrig/invenio-testrig/package-repo/.venv/lib/python3.12/site-packages/invenio_records_resources/services/records/schema.py:90: RemovedInMarshmallow4Warning: The `context` parameter is deprecated and will be removed in marshmallow 4.0. Use `contextvars.ContextVar` to pass context instead.
    valid_data = self.schema(context=context, **schema_args).load(data)

tests/resources/test_resources.py: 28 warnings
tests/test_services_job_logs.py: 3 warnings
tests/test_services_subtasks.py: 111 warnings
  /home/runner/work/invenio-testrig/invenio-testrig/package-repo/.venv/lib/python3.12/site-packages/sqlalchemy/sql/schema.py:3624: DeprecationWarning: datetime.datetime.utcnow() is deprecated and scheduled for removal in a future version. Use timezone-aware objects to represent datetimes in UTC: datetime.datetime.now(datetime.UTC).
    return util.wrap_callable(lambda ctx: fn(), fn)  # type: ignore

tests/resources/test_resources.py: 14 warnings
tests/test_services_job_logs.py: 4 warnings
tests/test_services_subtasks.py: 10 warnings
  /home/runner/work/invenio-testrig/invenio-testrig/package-repo/.venv/lib/python3.12/site-packages/invenio_records_resources/services/records/schema.py:105: RemovedInMarshmallow4Warning: The `context` parameter is deprecated and will be removed in marshmallow 4.0. Use `contextvars.ContextVar` to pass context instead.
    return self.schema(context=context, **schema_args).dump(data)

tests/resources/test_resources.py: 28 warnings
tests/test_services_job_logs.py: 4 warnings
tests/test_services_subtasks.py: 37 warnings
  /home/runner/work/invenio-testrig/invenio-testrig/package-repo/.venv/lib/python3.12/site-packages/marshmallow/fields.py:631: RemovedInMarshmallow4Warning: The `context` parameter is deprecated and will be removed in marshmallow 4.0. Use `contextvars.ContextVar` to pass context instead.
    self._schema = schema_class(

tests/resources/test_resources.py: 3 warnings
tests/test_services_job_logs.py: 2 warnings
tests/test_services_subtasks.py: 11 warnings
  /home/runner/work/invenio-testrig/invenio-testrig/package-repo/.venv/lib/python3.12/site-packages/pytest_invenio/user.py:36: DeprecationWarning: datetime.datetime.utcnow() is deprecated and scheduled for removal in a future version. Use timezone-aware objects to represent datetimes in UTC: datetime.datetime.now(datetime.UTC).
    self._confirmed = datetime.utcnow() if confirmed else None

tests/resources/test_resources.py: 3 warnings
tests/test_services_job_logs.py: 2 warnings
tests/test_services_subtasks.py: 11 warnings
  /home/runner/work/invenio-testrig/invenio-testrig/package-repo/.venv/lib/python3.12/site-packages/flask_security/datastore.py:235: LegacyAPIWarning: The Query.get() method is considered legacy as of the 1.x series of SQLAlchemy and becomes a legacy construct in 2.0. The method is now available as Session.get() (deprecated since: 2.0) (Background on SQLAlchemy 2.0 at: https://sqlalche.me/e/b8d9)
    return self.user_model.query.get(identifier)

tests/resources/test_resources.py: 1 warning
tests/test_services_subtasks.py: 51 warnings
  /home/runner/work/invenio-testrig/invenio-testrig/package-repo/.venv/lib/python3.12/site-packages/sqlalchemy_utils/models.py:33: DeprecationWarning: datetime.datetime.utcnow() is deprecated and scheduled for removal in a future version. Use timezone-aware objects to represent datetimes in UTC: datetime.datetime.now(datetime.UTC).
    target.updated = datetime.utcnow()

tests/test_services_job_logs.py::test_job_logs_search_limits_to_max_docs
tests/test_services_subtasks.py::test_create_subtask_run
  /home/runner/work/invenio-testrig/invenio-testrig/package-repo/.venv/lib/python3.12/site-packages/invenio_rest/ext.py:29: FutureWarning: CSRF validation will be enabled by default in the version 1.3.x
    self.init_app(app)

tests/test_services_job_logs.py::test_job_logs_search_limits_to_max_docs
tests/test_services_subtasks.py::test_create_subtask_run
  /home/runner/work/invenio-testrig/invenio-testrig/package-repo/.venv/lib/python3.12/site-packages/flask_caching/__init__.py:145: DeprecationWarning: Using the initialization functions in flask_caching.backend is deprecated.  Use the a full path to backend classes directly.
    self._set_cache(app, config)

tests/test_services_subtasks.py::test_create_subtask_run
tests/test_services_subtasks.py::test_start_processing_subtask
tests/test_services_subtasks.py::test_start_processing_subtask_invalid_status
tests/test_services_subtasks.py::test_finalize_subtask_success
tests/test_services_subtasks.py::test_finalize_subtask_failure
tests/test_services_subtasks.py::test_finalize_subtask_partial_success
tests/test_services_subtasks.py::test_add_total_entries
tests/test_services_subtasks.py::test_add_total_entries_invalid_values
tests/test_services_subtasks.py::test_finalize_subtask_with_errored_entries_message
  /home/runner/work/invenio-testrig/invenio-testrig/package-repo/invenio_jobs/tasks.py:61: DeprecationWarning: datetime.datetime.utcnow() is deprecated and scheduled for removal in a future version. Use timezone-aware objects to represent datetimes in UTC: datetime.datetime.now(datetime.UTC).
    update_run(run, status=RunStatusEnum.RUNNING, started_at=datetime.utcnow())

tests/test_services_subtasks.py::test_create_subtask_run
tests/test_services_subtasks.py::test_start_processing_subtask
tests/test_services_subtasks.py::test_start_processing_subtask_invalid_status
tests/test_services_subtasks.py::test_finalize_subtask_success
tests/test_services_subtasks.py::test_finalize_subtask_failure
tests/test_services_subtasks.py::test_finalize_subtask_partial_success
tests/test_services_subtasks.py::test_add_total_entries
tests/test_services_subtasks.py::test_add_total_entries_invalid_values
tests/test_services_subtasks.py::test_finalize_subtask_with_errored_entries_message
  /home/runner/work/invenio-testrig/invenio-testrig/package-repo/invenio_jobs/tasks.py:121: DeprecationWarning: datetime.datetime.utcnow() is deprecated and scheduled for removal in a future version. Use timezone-aware objects to represent datetimes in UTC: datetime.datetime.now(datetime.UTC).
    finished_at=datetime.utcnow(),

tests/test_services_subtasks.py::test_create_subtask_run
  /home/runner/work/invenio-testrig/invenio-testrig/package-repo/.venv/lib/python3.12/site-packages/invenio_db/uow.py:193: SAWarning: Identity map already had an identity for (<class 'invenio_jobs.models.Run'>, (UUID('2cbdb4a2-3e56-4f93-b104-9096d0f3e2fd'),), None), replacing it with newly flushed object.   Are there load operations occurring inside of an event handler within the flush?
    self.session.commit()

tests/test_services_subtasks.py: 10 warnings
  /home/runner/work/invenio-testrig/invenio-testrig/package-repo/invenio_jobs/services/schema.py:127: RemovedInMarshmallow4Warning: The `context` parameter is deprecated and will be removed in marshmallow 4.0. Use `contextvars.ContextVar` to pass context instead.
    super().__init__(*args, **kwargs)

tests/test_services_subtasks.py::test_start_processing_subtask
  /home/runner/work/invenio-testrig/invenio-testrig/package-repo/.venv/lib/python3.12/site-packages/invenio_db/uow.py:193: SAWarning: Identity map already had an identity for (<class 'invenio_jobs.models.Run'>, (UUID('7002e417-0d63-4462-acf4-118262e3064d'),), None), replacing it with newly flushed object.   Are there load operations occurring inside of an event handler within the flush?
    self.session.commit()

tests/test_services_subtasks.py::test_start_processing_subtask
tests/test_services_subtasks.py::test_finalize_subtask_success
tests/test_services_subtasks.py::test_finalize_subtask_failure
tests/test_services_subtasks.py::test_finalize_subtask_partial_success
tests/test_services_subtasks.py::test_finalize_subtask_partial_success
tests/test_services_subtasks.py::test_finalize_subtask_with_errored_entries_message
  /home/runner/work/invenio-testrig/invenio-testrig/package-repo/invenio_jobs/services/services.py:354: DeprecationWarning: datetime.datetime.utcnow() is deprecated and scheduled for removal in a future version. Use timezone-aware objects to represent datetimes in UTC: datetime.datetime.now(datetime.UTC).
    run.started_at = datetime.utcnow()

tests/test_services_subtasks.py::test_start_processing_subtask_invalid_status
  /home/runner/work/invenio-testrig/invenio-testrig/package-repo/.venv/lib/python3.12/site-packages/invenio_db/uow.py:193: SAWarning: Identity map already had an identity for (<class 'invenio_jobs.models.Run'>, (UUID('fcaf3180-6275-4a74-afab-48a5d3108606'),), None), replacing it with newly flushed object.   Are there load operations occurring inside of an event handler within the flush?
    self.session.commit()

tests/test_services_subtasks.py::test_finalize_subtask_success
  /home/runner/work/invenio-testrig/invenio-testrig/package-repo/.venv/lib/python3.12/site-packages/invenio_db/uow.py:193: SAWarning: Identity map already had an identity for (<class 'invenio_jobs.models.Run'>, (UUID('feb89396-23df-4644-bece-90dd47c88157'),), None), replacing it with newly flushed object.   Are there load operations occurring inside of an event handler within the flush?
    self.session.commit()

tests/test_services_subtasks.py::test_finalize_subtask_success
tests/test_services_subtasks.py::test_finalize_subtask_failure
tests/test_services_subtasks.py::test_finalize_subtask_partial_success
tests/test_services_subtasks.py::test_finalize_subtask_with_errored_entries_message
  /home/runner/work/invenio-testrig/invenio-testrig/package-repo/invenio_jobs/services/services.py:451: DeprecationWarning: datetime.datetime.utcnow() is deprecated and scheduled for removal in a future version. Use timezone-aware objects to represent datetimes in UTC: datetime.datetime.now(datetime.UTC).
    finished_at_value = datetime.utcnow()

tests/test_services_subtasks.py::test_finalize_subtask_failure
  /home/runner/work/invenio-testrig/invenio-testrig/package-repo/.venv/lib/python3.12/site-packages/invenio_db/uow.py:193: SAWarning: Identity map already had an identity for (<class 'invenio_jobs.models.Run'>, (UUID('9c2b68f8-8db8-4c0d-b85f-8141c6e2026c'),), None), replacing it with newly flushed object.   Are there load operations occurring inside of an event handler within the flush?
    self.session.commit()

tests/test_services_subtasks.py::test_finalize_subtask_partial_success
  /home/runner/work/invenio-testrig/invenio-testrig/package-repo/.venv/lib/python3.12/site-packages/invenio_db/uow.py:193: SAWarning: Identity map already had an identity for (<class 'invenio_jobs.models.Run'>, (UUID('c8e28f85-6a6d-4071-a0c4-9c0ecbd861e1'),), None), replacing it with newly flushed object.   Are there load operations occurring inside of an event handler within the flush?
    self.session.commit()

tests/test_services_subtasks.py::test_finalize_subtask_with_errored_entries_message
  /home/runner/work/invenio-testrig/invenio-testrig/package-repo/.venv/lib/python3.12/site-packages/invenio_db/uow.py:193: SAWarning: Identity map already had an identity for (<class 'invenio_jobs.models.Run'>, (UUID('8c91311c-cfc5-4ca0-8947-ef7ed0d5557c'),), None), replacing it with newly flushed object.   Are there load operations occurring inside of an event handler within the flush?
    self.session.commit()

-- Docs: https://docs.pytest.org/en/stable/how-to/capture-warnings.html
- generated xml file: /home/runner/work/invenio-testrig/invenio-testrig/artifacts/test-report-patched.xml -
================================ tests coverage ================================
_______________ coverage: platform linux, python 3.12.12-final-0 _______________

Name                                                                  Stmts   Miss  Cover   Missing
---------------------------------------------------------------------------------------------------
invenio_jobs/__init__.py                                                  3      0   100%
invenio_jobs/administration/__init__.py                                   0      0   100%
invenio_jobs/administration/jobs.py                                      73     15    79%   105, 109-115, 119-124, 133-138
invenio_jobs/administration/runs.py                                      46     25    46%   39-54, 58-65, 69-70, 74-75
invenio_jobs/alembic/1f896f6990b8_update_jobs_module_table_names.py      20     10    50%   25-32, 40-45
invenio_jobs/alembic/371f4cbcb73d_create_invenio_jobs_branch.py          10      2    80%   22, 27
invenio_jobs/alembic/356496a01197_create_invenio_jobs_tables.py          17      4    76%   30-62, 105-106
invenio_jobs/alembic/1753948224_add_subtasks_columns_to_jobs_run.py      31     22    29%   23-91, 102-114
invenio_jobs/api.py                                                       4      0   100%
invenio_jobs/config.py                                                   32      0   100%
invenio_jobs/errors.py                                                   11      3    73%   20-22
invenio_jobs/ext.py                                                      57      1    98%   106
invenio_jobs/jobs.py                                                     32      7    78%   65-67, 89, 102, 105-113
invenio_jobs/logging/__init__.py                                          0      0   100%
invenio_jobs/logging/celery_signals.py                                   19      5    74%   23-26, 38-40, 49
invenio_jobs/logging/index_templates/__init__.py                          0      0   100%
invenio_jobs/logging/index_templates/os-v1/__init__.py                    0      0   100%
invenio_jobs/logging/index_templates/os-v2/__init__.py                    0      0   100%
invenio_jobs/logging/jobs.py                                             63      5    92%   98, 119-121, 125-126
invenio_jobs/logging/tasks.py                                             8      2    75%   20-21
invenio_jobs/models.py                                                  130     11    92%   80-88, 215-217
invenio_jobs/proxies.py                                                  12      0   100%
invenio_jobs/registry.py                                                 26      5    81%   23, 32-35
invenio_jobs/resources/__init__.py                                        3      0   100%
invenio_jobs/resources/config.py                                         57      0   100%
invenio_jobs/resources/resources.py                                     126     14    89%   48-53, 58-63, 210-217, 237-243, 249-255
invenio_jobs/services/__init__.py                                         4      0   100%
invenio_jobs/services/config.py                                          79      0   100%
invenio_jobs/services/errors.py                                          22      1    95%   63
invenio_jobs/services/links.py                                           11      1    91%   38
invenio_jobs/services/permissions.py                                     25      0   100%
invenio_jobs/services/results.py                                        100     13    87%   53-54, 83, 92-95, 120-121, 148-149, 167, 169-170
invenio_jobs/services/scheduler.py                                       55     31    44%   31-32, 37-39, 59, 66, 70-71, 75-94, 99-106, 113-117
invenio_jobs/services/schema.py                                         149     10    93%   51-56, 132, 185, 288, 321-322
invenio_jobs/services/services.py                                       246     31    87%   52, 60-64, 91-93, 192-194, 212, 309, 418, 438, 474-488, 493-499, 508, 544, 555, 561-562
invenio_jobs/services/ui_schema.py                                       19      0   100%
invenio_jobs/tasks.py                                                    63     23    63%   28, 40-43, 67, 71-86, 88-107, 112, 117, 130
invenio_jobs/utils.py                                                    28     19    32%   20-31, 36-47, 55
invenio_jobs/views.py                                                    14      0   100%
invenio_jobs/webpack.py                                                   2      0   100%
---------------------------------------------------------------------------------------------------
TOTAL                                                                  1597    260    84%
================ 171 passed, 3 skipped, 479 warnings in 24.42s =================
 Container docker_services_cli-elasticsearch-1  Stopping
 Container docker_services_cli-redis-1  Stopping
 Container docker_services_cli-rabbitmq-1  Stopping
 Container docker_services_cli-postgresql-1  Stopping
 Container docker_services_cli-redis-1  Stopped
 Container docker_services_cli-redis-1  Removing
 Container docker_services_cli-redis-1  Removed
 Container docker_services_cli-postgresql-1  Stopped
 Container docker_services_cli-postgresql-1  Removing
 Container docker_services_cli-postgresql-1  Removed
 Container docker_services_cli-elasticsearch-1  Stopped
 Container docker_services_cli-elasticsearch-1  Removing
 Container docker_services_cli-elasticsearch-1  Removed
 Container docker_services_cli-rabbitmq-1  Stopped
 Container docker_services_cli-rabbitmq-1  Removing
 Container docker_services_cli-rabbitmq-1  Removed
 Network docker_services_cli_default  Removing
 Network docker_services_cli_default  Removed
