<?xml version="1.0" encoding="utf-8"?><testsuites name="pytest tests"><testsuite name="pytest" errors="0" failures="0" skipped="1" tests="714" time="241.026" timestamp="2025-12-10T10:54:45.880242+00:00" hostname="runnervmoqczp"><testcase classname="invenio_communities.__init__" name="PYDOCSTYLE" time="0.005" /><testcase classname="invenio_communities.__init__" name="ISORT" time="0.012" /><testcase classname="invenio_communities.__init__" name="black" time="0.290" /><testcase classname="invenio_communities.administration.__init__" name="PYDOCSTYLE" time="0.003" /><testcase classname="invenio_communities.administration.__init__" name="ISORT" time="0.004" /><testcase classname="invenio_communities.administration.__init__" name="black" time="0.159" /><testcase classname="invenio_communities.administration.communities" name="PYDOCSTYLE" time="0.010" /><testcase classname="invenio_communities.administration.communities" name="ISORT" time="0.132" /><testcase classname="invenio_communities.administration.communities" name="black" time="0.185" /><testcase classname="invenio_communities.alembic.__init__" name="PYDOCSTYLE" time="0.003" /><testcase classname="invenio_communities.alembic.__init__" name="ISORT" time="0.004" /><testcase classname="invenio_communities.alembic.__init__" name="black" time="0.160" /><testcase classname="invenio_communities.alembic.02cd82910727_update_role_id_type_upgrade" name="PYDOCSTYLE" time="0.006" /><testcase classname="invenio_communities.alembic.02cd82910727_update_role_id_type_upgrade" name="ISORT" time="0.015" /><testcase classname="invenio_communities.alembic.02cd82910727_update_role_id_type_upgrade" name="black" time="0.170" /><testcase classname="invenio_communities.alembic.37b21951084c_update_role_id_type_downgrade" name="PYDOCSTYLE" time="0.005" /><testcase classname="invenio_communities.alembic.37b21951084c_update_role_id_type_downgrade" name="ISORT" time="0.014" /><testcase classname="invenio_communities.alembic.37b21951084c_update_role_id_type_downgrade" name="black" time="0.167" /><testcase classname="invenio_communities.alembic.5b478fe7ef7f_create_featured_communities_table" name="PYDOCSTYLE" time="0.005" /><testcase classname="invenio_communities.alembic.5b478fe7ef7f_create_featured_communities_table" name="ISORT" time="0.015" /><testcase classname="invenio_communities.alembic.5b478fe7ef7f_create_featured_communities_table" name="black" time="0.170" /><testcase classname="invenio_communities.alembic.5c68d45c80f0_add_deletion_status_to_communities" name="PYDOCSTYLE" time="0.006" /><testcase classname="invenio_communities.alembic.5c68d45c80f0_add_deletion_status_to_communities" name="ISORT" time="0.020" /><testcase classname="invenio_communities.alembic.5c68d45c80f0_add_deletion_status_to_communities" name="black" time="0.173" /><testcase classname="invenio_communities.alembic.72b37bb4119c_create_indeces_for_bucket_id" name="PYDOCSTYLE" time="0.004" /><testcase classname="invenio_communities.alembic.72b37bb4119c_create_indeces_for_bucket_id" name="ISORT" time="0.011" /><testcase classname="invenio_communities.alembic.72b37bb4119c_create_indeces_for_bucket_id" name="black" time="0.167" /><testcase classname="invenio_communities.alembic.90642d415317_create_communities_branch" name="PYDOCSTYLE" time="0.003" /><testcase classname="invenio_communities.alembic.90642d415317_create_communities_branch" name="ISORT" time="0.006" /><testcase classname="invenio_communities.alembic.90642d415317_create_communities_branch" name="black" time="0.163" /><testcase classname="invenio_communities.alembic.a3f5a8635cbb_remove_version_table" name="PYDOCSTYLE" time="0.009" /><testcase classname="invenio_communities.alembic.a3f5a8635cbb_remove_version_table" name="ISORT" time="0.025" /><testcase classname="invenio_communities.alembic.a3f5a8635cbb_remove_version_table" name="black" time="0.182" /><testcase classname="invenio_communities.alembic.de9c14cbb0b2_create_communities_tables" name="PYDOCSTYLE" time="0.016" /><testcase classname="invenio_communities.alembic.de9c14cbb0b2_create_communities_tables" name="ISORT" time="0.037" /><testcase classname="invenio_communities.alembic.de9c14cbb0b2_create_communities_tables" name="black" time="0.205" /><testcase classname="invenio_communities.alembic.f701a32e6fbe_create_communities_members_table" name="PYDOCSTYLE" time="0.008" /><testcase classname="invenio_communities.alembic.f701a32e6fbe_create_communities_members_table" name="ISORT" time="0.019" /><testcase classname="invenio_communities.alembic.f701a32e6fbe_create_communities_members_table" name="black" time="0.176" /><testcase classname="invenio_communities.alembic.fbe746957cfc_create_member_tables" name="PYDOCSTYLE" time="0.014" /><testcase classname="invenio_communities.alembic.fbe746957cfc_create_member_tables" name="ISORT" time="0.038" /><testcase classname="invenio_communities.alembic.fbe746957cfc_create_member_tables" name="black" time="0.199" /><testcase classname="invenio_communities.cache.__init__" name="PYDOCSTYLE" time="0.002" /><testcase classname="invenio_communities.cache.__init__" name="ISORT" time="0.004" /><testcase classname="invenio_communities.cache.__init__" name="black" time="0.162" /><testcase classname="invenio_communities.cache.cache" name="PYDOCSTYLE" time="0.007" /><testcase classname="invenio_communities.cache.cache" name="ISORT" time="0.013" /><testcase classname="invenio_communities.cache.cache" name="black" time="0.165" /><testcase classname="invenio_communities.cache.redis" name="PYDOCSTYLE" time="0.009" /><testcase classname="invenio_communities.cache.redis" name="ISORT" time="0.017" /><testcase classname="invenio_communities.cache.redis" name="black" time="0.175" /><testcase classname="invenio_communities.cli" name="PYDOCSTYLE" time="0.014" /><testcase classname="invenio_communities.cli" name="ISORT" time="0.035" /><testcase classname="invenio_communities.cli" name="black" time="0.190" /><testcase classname="invenio_communities.communities.__init__" name="PYDOCSTYLE" time="0.003" /><testcase classname="invenio_communities.communities.__init__" name="ISORT" time="0.008" /><testcase classname="invenio_communities.communities.__init__" name="black" time="0.162" /><testcase classname="invenio_communities.communities.dumpers.__init__" name="PYDOCSTYLE" time="0.003" /><testcase classname="invenio_communities.communities.dumpers.__init__" name="ISORT" time="0.004" /><testcase classname="invenio_communities.communities.dumpers.__init__" name="black" time="0.161" /><testcase classname="invenio_communities.communities.dumpers.featured" name="PYDOCSTYLE" time="0.007" /><testcase classname="invenio_communities.communities.dumpers.featured" name="ISORT" time="0.014" /><testcase classname="invenio_communities.communities.dumpers.featured" name="black" time="0.171" /><testcase classname="invenio_communities.communities.entity_resolvers" name="PYDOCSTYLE" time="0.011" /><testcase classname="invenio_communities.communities.entity_resolvers" name="ISORT" time="0.021" /><testcase classname="invenio_communities.communities.entity_resolvers" name="black" time="0.176" /><testcase classname="invenio_communities.communities.records.__init__" name="PYDOCSTYLE" time="0.002" /><testcase classname="invenio_communities.communities.records.__init__" name="ISORT" time="0.004" /><testcase classname="invenio_communities.communities.records.__init__" name="black" time="0.159" /><testcase classname="invenio_communities.communities.records.api" name="PYDOCSTYLE" time="0.010" /><testcase classname="invenio_communities.communities.records.api" name="ISORT" time="0.038" /><testcase classname="invenio_communities.communities.records.api" name="black" time="0.188" /><testcase classname="invenio_communities.communities.records.jsonschemas.__init__" name="PYDOCSTYLE" time="0.003" /><testcase classname="invenio_communities.communities.records.jsonschemas.__init__" name="ISORT" time="0.005" /><testcase classname="invenio_communities.communities.records.jsonschemas.__init__" name="black" time="0.158" /><testcase classname="invenio_communities.communities.records.mappings.__init__" name="PYDOCSTYLE" time="0.003" /><testcase classname="invenio_communities.communities.records.mappings.__init__" name="ISORT" time="0.004" /><testcase classname="invenio_communities.communities.records.mappings.__init__" name="black" time="0.159" /><testcase classname="invenio_communities.communities.records.mappings.os-v1.__init__" name="PYDOCSTYLE" time="0.002" /><testcase classname="invenio_communities.communities.records.mappings.os-v1.__init__" name="ISORT" time="0.004" /><testcase classname="invenio_communities.communities.records.mappings.os-v1.__init__" name="black" time="0.159" /><testcase classname="invenio_communities.communities.records.mappings.os-v2.__init__" name="PYDOCSTYLE" time="0.002" /><testcase classname="invenio_communities.communities.records.mappings.os-v2.__init__" name="ISORT" time="0.004" /><testcase classname="invenio_communities.communities.records.mappings.os-v2.__init__" name="black" time="0.163" /><testcase classname="invenio_communities.communities.records.mappings.v7.__init__" name="PYDOCSTYLE" time="0.003" /><testcase classname="invenio_communities.communities.records.mappings.v7.__init__" name="ISORT" time="0.004" /><testcase classname="invenio_communities.communities.records.mappings.v7.__init__" name="black" time="0.160" /><testcase classname="invenio_communities.communities.records.models" name="PYDOCSTYLE" time="0.007" /><testcase classname="invenio_communities.communities.records.models" name="ISORT" time="0.018" /><testcase classname="invenio_communities.communities.records.models" name="black" time="0.172" /><testcase classname="invenio_communities.communities.records.systemfields.__init__" name="PYDOCSTYLE" time="0.003" /><testcase classname="invenio_communities.communities.records.systemfields.__init__" name="ISORT" time="0.004" /><testcase classname="invenio_communities.communities.records.systemfields.__init__" name="black" time="0.159" /><testcase classname="invenio_communities.communities.records.systemfields.access" name="PYDOCSTYLE" time="0.030" /><testcase classname="invenio_communities.communities.records.systemfields.access" name="ISORT" time="0.049" /><testcase classname="invenio_communities.communities.records.systemfields.access" name="black" time="0.219" /><testcase classname="invenio_communities.communities.records.systemfields.children" name="PYDOCSTYLE" time="0.011" /><testcase classname="invenio_communities.communities.records.systemfields.children" name="ISORT" time="0.019" /><testcase classname="invenio_communities.communities.records.systemfields.children" name="black" time="0.178" /><testcase classname="invenio_communities.communities.records.systemfields.deletion_status" name="PYDOCSTYLE" time="0.013" /><testcase classname="invenio_communities.communities.records.systemfields.deletion_status" name="ISORT" time="0.022" /><testcase classname="invenio_communities.communities.records.systemfields.deletion_status" name="black" time="0.182" /><testcase classname="invenio_communities.communities.records.systemfields.is_verified" name="PYDOCSTYLE" time="0.005" /><testcase classname="invenio_communities.communities.records.systemfields.is_verified" name="ISORT" time="0.012" /><testcase classname="invenio_communities.communities.records.systemfields.is_verified" name="black" time="0.176" /><testcase classname="invenio_communities.communities.records.systemfields.parent_community" name="PYDOCSTYLE" time="0.019" /><testcase classname="invenio_communities.communities.records.systemfields.parent_community" name="ISORT" time="0.027" /><testcase classname="invenio_communities.communities.records.systemfields.parent_community" name="black" time="0.183" /><testcase classname="invenio_communities.communities.records.systemfields.pidslug" name="PYDOCSTYLE" time="0.009" /><testcase classname="invenio_communities.communities.records.systemfields.pidslug" name="ISORT" time="0.020" /><testcase classname="invenio_communities.communities.records.systemfields.pidslug" name="black" time="0.175" /><testcase classname="invenio_communities.communities.records.systemfields.tombstone" name="PYDOCSTYLE" time="0.019" /><testcase classname="invenio_communities.communities.records.systemfields.tombstone" name="ISORT" time="0.032" /><testcase classname="invenio_communities.communities.records.systemfields.tombstone" name="black" time="0.195" /><testcase classname="invenio_communities.communities.resources.__init__" name="PYDOCSTYLE" time="0.003" /><testcase classname="invenio_communities.communities.resources.__init__" name="ISORT" time="0.006" /><testcase classname="invenio_communities.communities.resources.__init__" name="black" time="0.164" /><testcase classname="invenio_communities.communities.resources.args" name="PYDOCSTYLE" time="0.003" /><testcase classname="invenio_communities.communities.resources.args" name="ISORT" time="0.009" /><testcase classname="invenio_communities.communities.resources.args" name="black" time="0.162" /><testcase classname="invenio_communities.communities.resources.config" name="PYDOCSTYLE" time="0.008" /><testcase classname="invenio_communities.communities.resources.config" name="ISORT" time="0.029" /><testcase classname="invenio_communities.communities.resources.config" name="black" time="0.180" /><testcase classname="invenio_communities.communities.resources.resource" name="PYDOCSTYLE" time="0.023" /><testcase classname="invenio_communities.communities.resources.resource" name="ISORT" time="0.044" /><testcase classname="invenio_communities.communities.resources.resource" name="black" time="0.208" /><testcase classname="invenio_communities.communities.resources.serializer" name="PYDOCSTYLE" time="0.004" /><testcase classname="invenio_communities.communities.resources.serializer" name="ISORT" time="0.010" /><testcase classname="invenio_communities.communities.resources.serializer" name="black" time="0.162" /><testcase classname="invenio_communities.communities.resources.ui_schema" name="PYDOCSTYLE" time="0.014" /><testcase classname="invenio_communities.communities.resources.ui_schema" name="ISORT" time="0.037" /><testcase classname="invenio_communities.communities.resources.ui_schema" name="black" time="0.194" /><testcase classname="invenio_communities.communities.schema" name="PYDOCSTYLE" time="0.026" /><testcase classname="invenio_communities.communities.schema" name="ISORT" time="0.060" /><testcase classname="invenio_communities.communities.schema" name="black" time="0.219" /><testcase classname="invenio_communities.communities.services.__init__" name="PYDOCSTYLE" time="0.003" /><testcase classname="invenio_communities.communities.services.__init__" name="ISORT" time="0.007" /><testcase classname="invenio_communities.communities.services.__init__" name="black" time="0.166" /><testcase classname="invenio_communities.communities.services.components" name="PYDOCSTYLE" time="0.039" /><testcase classname="invenio_communities.communities.services.components" name="ISORT" time="0.066" /><testcase classname="invenio_communities.communities.services.components" name="black" time="0.248" /><testcase classname="invenio_communities.communities.services.config" name="PYDOCSTYLE" time="0.012" /><testcase classname="invenio_communities.communities.services.config" name="ISORT" time="0.041" /><testcase classname="invenio_communities.communities.services.config" name="black" time="0.194" /><testcase classname="invenio_communities.communities.services.facets" name="PYDOCSTYLE" time="0.005" /><testcase classname="invenio_communities.communities.services.facets" name="ISORT" time="0.014" /><testcase classname="invenio_communities.communities.services.facets" name="black" time="0.168" /><testcase classname="invenio_communities.communities.services.links" name="PYDOCSTYLE" time="0.009" /><testcase classname="invenio_communities.communities.services.links" name="ISORT" time="0.016" /><testcase classname="invenio_communities.communities.services.links" name="black" time="0.174" /><testcase classname="invenio_communities.communities.services.results" name="PYDOCSTYLE" time="0.011" /><testcase classname="invenio_communities.communities.services.results" name="ISORT" time="0.022" /><testcase classname="invenio_communities.communities.services.results" name="black" time="0.181" /><testcase classname="invenio_communities.communities.services.search_params" name="PYDOCSTYLE" time="0.006" /><testcase classname="invenio_communities.communities.services.search_params" name="ISORT" time="0.012" /><testcase classname="invenio_communities.communities.services.search_params" name="black" time="0.170" /><testcase classname="invenio_communities.communities.services.service" name="PYDOCSTYLE" time="0.062" /><testcase classname="invenio_communities.communities.services.service" name="ISORT" time="0.146" /><testcase classname="invenio_communities.communities.services.service" name="black" time="0.307" /><testcase classname="invenio_communities.communities.services.sort" name="PYDOCSTYLE" time="0.005" /><testcase classname="invenio_communities.communities.services.sort" name="ISORT" time="0.010" /><testcase classname="invenio_communities.communities.services.sort" name="black" time="0.170" /><testcase classname="invenio_communities.communities.services.uow" name="PYDOCSTYLE" time="0.006" /><testcase classname="invenio_communities.communities.services.uow" name="ISORT" time="0.011" /><testcase classname="invenio_communities.communities.services.uow" name="black" time="0.168" /><testcase classname="invenio_communities.config" name="PYDOCSTYLE" time="0.014" /><testcase classname="invenio_communities.config" name="ISORT" time="0.053" /><testcase classname="invenio_communities.config" name="black" time="0.208" /><testcase classname="invenio_communities.errors" name="PYDOCSTYLE" time="0.010" /><testcase classname="invenio_communities.errors" name="ISORT" time="0.020" /><testcase classname="invenio_communities.errors" name="black" time="0.173" /><testcase classname="invenio_communities.ext" name="PYDOCSTYLE" time="0.019" /><testcase classname="invenio_communities.ext" name="ISORT" time="0.042" /><testcase classname="invenio_communities.ext" name="black" time="0.200" /><testcase classname="invenio_communities.fixtures.__init__" name="PYDOCSTYLE" time="0.003" /><testcase classname="invenio_communities.fixtures.__init__" name="ISORT" time="0.004" /><testcase classname="invenio_communities.fixtures.__init__" name="black" time="0.160" /><testcase classname="invenio_communities.fixtures.demo" name="PYDOCSTYLE" time="0.005" /><testcase classname="invenio_communities.fixtures.demo" name="ISORT" time="0.010" /><testcase classname="invenio_communities.fixtures.demo" name="black" time="0.169" /><testcase classname="invenio_communities.fixtures.tasks" name="PYDOCSTYLE" time="0.008" /><testcase classname="invenio_communities.fixtures.tasks" name="ISORT" time="0.020" /><testcase classname="invenio_communities.fixtures.tasks" name="black" time="0.177" /><testcase classname="invenio_communities.generators" name="PYDOCSTYLE" time="0.042" /><testcase classname="invenio_communities.generators" name="ISORT" time="0.066" /><testcase classname="invenio_communities.generators" name="black" time="0.250" /><testcase classname="invenio_communities.members.__init__" name="PYDOCSTYLE" time="0.003" /><testcase classname="invenio_communities.members.__init__" name="ISORT" time="0.008" /><testcase classname="invenio_communities.members.__init__" name="black" time="0.165" /><testcase classname="invenio_communities.members.errors" name="PYDOCSTYLE" time="0.004" /><testcase classname="invenio_communities.members.errors" name="ISORT" time="0.006" /><testcase classname="invenio_communities.members.errors" name="black" time="0.164" /><testcase classname="invenio_communities.members.records.__init__" name="PYDOCSTYLE" time="0.003" /><testcase classname="invenio_communities.members.records.__init__" name="ISORT" time="0.006" /><testcase classname="invenio_communities.members.records.__init__" name="black" time="0.170" /><testcase classname="invenio_communities.members.records.api" name="PYDOCSTYLE" time="0.017" /><testcase classname="invenio_communities.members.records.api" name="ISORT" time="0.043" /><testcase classname="invenio_communities.members.records.api" name="black" time="0.199" /><testcase classname="invenio_communities.members.records.mappings.__init__" name="PYDOCSTYLE" time="0.003" /><testcase classname="invenio_communities.members.records.mappings.__init__" name="ISORT" time="0.004" /><testcase classname="invenio_communities.members.records.mappings.__init__" name="black" time="0.159" /><testcase classname="invenio_communities.members.records.mappings.os-v1.__init__" name="PYDOCSTYLE" time="0.003" /><testcase classname="invenio_communities.members.records.mappings.os-v1.__init__" name="ISORT" time="0.004" /><testcase classname="invenio_communities.members.records.mappings.os-v1.__init__" name="black" time="0.160" /><testcase classname="invenio_communities.members.records.mappings.os-v2.__init__" name="PYDOCSTYLE" time="0.003" /><testcase classname="invenio_communities.members.records.mappings.os-v2.__init__" name="ISORT" time="0.005" /><testcase classname="invenio_communities.members.records.mappings.os-v2.__init__" name="black" time="0.161" /><testcase classname="invenio_communities.members.records.mappings.v7.__init__" name="PYDOCSTYLE" time="0.003" /><testcase classname="invenio_communities.members.records.mappings.v7.__init__" name="ISORT" time="0.004" /><testcase classname="invenio_communities.members.records.mappings.v7.__init__" name="black" time="0.165" /><testcase classname="invenio_communities.members.records.models" name="PYDOCSTYLE" time="0.015" /><testcase classname="invenio_communities.members.records.models" name="ISORT" time="0.033" /><testcase classname="invenio_communities.members.records.models" name="black" time="0.192" /><testcase classname="invenio_communities.members.resources.__init__" name="PYDOCSTYLE" time="0.003" /><testcase classname="invenio_communities.members.resources.__init__" name="ISORT" time="0.007" /><testcase classname="invenio_communities.members.resources.__init__" name="black" time="0.162" /><testcase classname="invenio_communities.members.resources.config" name="PYDOCSTYLE" time="0.005" /><testcase classname="invenio_communities.members.resources.config" name="ISORT" time="0.017" /><testcase classname="invenio_communities.members.resources.config" name="black" time="0.172" /><testcase classname="invenio_communities.members.resources.resource" name="PYDOCSTYLE" time="0.014" /><testcase classname="invenio_communities.members.resources.resource" name="ISORT" time="0.028" /><testcase classname="invenio_communities.members.resources.resource" name="black" time="0.188" /><testcase classname="invenio_communities.members.services.__init__" name="PYDOCSTYLE" time="0.003" /><testcase classname="invenio_communities.members.services.__init__" name="ISORT" time="0.006" /><testcase classname="invenio_communities.members.services.__init__" name="black" time="0.160" /><testcase classname="invenio_communities.members.services.components" name="PYDOCSTYLE" time="0.009" /><testcase classname="invenio_communities.members.services.components" name="ISORT" time="0.021" /><testcase classname="invenio_communities.members.services.components" name="black" time="0.178" /><testcase classname="invenio_communities.members.services.config" name="PYDOCSTYLE" time="0.012" /><testcase classname="invenio_communities.members.services.config" name="ISORT" time="0.039" /><testcase classname="invenio_communities.members.services.config" name="black" time="0.191" /><testcase classname="invenio_communities.members.services.facets" name="PYDOCSTYLE" time="0.005" /><testcase classname="invenio_communities.members.services.facets" name="ISORT" time="0.013" /><testcase classname="invenio_communities.members.services.facets" name="black" time="0.168" /><testcase classname="invenio_communities.members.services.fields" name="PYDOCSTYLE" time="0.006" /><testcase classname="invenio_communities.members.services.fields" name="ISORT" time="0.012" /><testcase classname="invenio_communities.members.services.fields" name="black" time="0.171" /><testcase classname="invenio_communities.members.services.request" name="PYDOCSTYLE" time="0.013" /><testcase classname="invenio_communities.members.services.request" name="ISORT" time="0.030" /><testcase classname="invenio_communities.members.services.request" name="black" time="0.187" /><testcase classname="invenio_communities.members.services.schemas" name="PYDOCSTYLE" time="0.019" /><testcase classname="invenio_communities.members.services.schemas" name="ISORT" time="0.038" /><testcase classname="invenio_communities.members.services.schemas" name="black" time="0.202" /><testcase classname="invenio_communities.members.services.service" name="PYDOCSTYLE" time="0.058" /><testcase classname="invenio_communities.members.services.service" name="ISORT" time="0.130" /><testcase classname="invenio_communities.members.services.service" name="black" time="0.305" /><testcase classname="invenio_communities.notifications.__init__" name="PYDOCSTYLE" time="0.003" /><testcase classname="invenio_communities.notifications.__init__" name="ISORT" time="0.004" /><testcase classname="invenio_communities.notifications.__init__" name="black" time="0.160" /><testcase classname="invenio_communities.notifications.builders" name="PYDOCSTYLE" time="0.023" /><testcase classname="invenio_communities.notifications.builders" name="ISORT" time="0.056" /><testcase classname="invenio_communities.notifications.builders" name="black" time="0.214" /><testcase classname="invenio_communities.notifications.generators" name="PYDOCSTYLE" time="0.007" /><testcase classname="invenio_communities.notifications.generators" name="ISORT" time="0.018" /><testcase classname="invenio_communities.notifications.generators" name="black" time="0.180" /><testcase classname="invenio_communities.permissions" name="PYDOCSTYLE" time="0.013" /><testcase classname="invenio_communities.permissions" name="ISORT" time="0.035" /><testcase classname="invenio_communities.permissions" name="black" time="0.191" /><testcase classname="invenio_communities.proxies" name="PYDOCSTYLE" time="0.003" /><testcase classname="invenio_communities.proxies" name="ISORT" time="0.009" /><testcase classname="invenio_communities.proxies" name="black" time="0.170" /><testcase classname="invenio_communities.records.__init__" name="PYDOCSTYLE" time="0.003" /><testcase classname="invenio_communities.records.__init__" name="ISORT" time="0.004" /><testcase classname="invenio_communities.records.__init__" name="black" time="0.167" /><testcase classname="invenio_communities.records.records.__init__" name="PYDOCSTYLE" time="0.003" /><testcase classname="invenio_communities.records.records.__init__" name="ISORT" time="0.004" /><testcase classname="invenio_communities.records.records.__init__" name="black" time="0.163" /><testcase classname="invenio_communities.records.records.models" name="PYDOCSTYLE" time="0.008" /><testcase classname="invenio_communities.records.records.models" name="ISORT" time="0.016" /><testcase classname="invenio_communities.records.records.models" name="black" time="0.173" /><testcase classname="invenio_communities.records.records.systemfields.__init__" name="PYDOCSTYLE" time="0.003" /><testcase classname="invenio_communities.records.records.systemfields.__init__" name="ISORT" time="0.006" /><testcase classname="invenio_communities.records.records.systemfields.__init__" name="black" time="0.166" /><testcase classname="invenio_communities.records.records.systemfields.communities.__init__" name="PYDOCSTYLE" time="0.003" /><testcase classname="invenio_communities.records.records.systemfields.communities.__init__" name="ISORT" time="0.004" /><testcase classname="invenio_communities.records.records.systemfields.communities.__init__" name="black" time="0.163" /><testcase classname="invenio_communities.records.records.systemfields.communities.context" name="PYDOCSTYLE" time="0.004" /><testcase classname="invenio_communities.records.records.systemfields.communities.context" name="ISORT" time="0.008" /><testcase classname="invenio_communities.records.records.systemfields.communities.context" name="black" time="0.168" /><testcase classname="invenio_communities.records.records.systemfields.communities.field" name="PYDOCSTYLE" time="0.011" /><testcase classname="invenio_communities.records.records.systemfields.communities.field" name="ISORT" time="0.023" /><testcase classname="invenio_communities.records.records.systemfields.communities.field" name="black" time="0.186" /><testcase classname="invenio_communities.records.records.systemfields.communities.manager" name="PYDOCSTYLE" time="0.021" /><testcase classname="invenio_communities.records.records.systemfields.communities.manager" name="ISORT" time="0.035" /><testcase classname="invenio_communities.records.records.systemfields.communities.manager" name="black" time="0.202" /><testcase classname="invenio_communities.requests.user_moderation.__init__" name="PYDOCSTYLE" time="0.003" /><testcase classname="invenio_communities.requests.user_moderation.__init__" name="ISORT" time="0.005" /><testcase classname="invenio_communities.requests.user_moderation.__init__" name="black" time="0.166" /><testcase classname="invenio_communities.requests.user_moderation.actions" name="PYDOCSTYLE" time="0.012" /><testcase classname="invenio_communities.requests.user_moderation.actions" name="ISORT" time="0.027" /><testcase classname="invenio_communities.requests.user_moderation.actions" name="black" time="0.187" /><testcase classname="invenio_communities.requests.user_moderation.tasks" name="PYDOCSTYLE" time="0.005" /><testcase classname="invenio_communities.requests.user_moderation.tasks" name="ISORT" time="0.012" /><testcase classname="invenio_communities.requests.user_moderation.tasks" name="black" time="0.167" /><testcase classname="invenio_communities.roles" name="PYDOCSTYLE" time="0.012" /><testcase classname="invenio_communities.roles" name="ISORT" time="0.021" /><testcase classname="invenio_communities.roles" name="black" time="0.181" /><testcase classname="invenio_communities.searchapp" name="PYDOCSTYLE" time="0.007" /><testcase classname="invenio_communities.searchapp" name="ISORT" time="0.016" /><testcase classname="invenio_communities.searchapp" name="black" time="0.174" /><testcase classname="invenio_communities.subcommunities.__init__" name="PYDOCSTYLE" time="0.003" /><testcase classname="invenio_communities.subcommunities.__init__" name="ISORT" time="0.007" /><testcase classname="invenio_communities.subcommunities.__init__" name="black" time="0.164" /><testcase classname="invenio_communities.subcommunities.resources.__init__" name="PYDOCSTYLE" time="0.003" /><testcase classname="invenio_communities.subcommunities.resources.__init__" name="ISORT" time="0.006" /><testcase classname="invenio_communities.subcommunities.resources.__init__" name="black" time="0.162" /><testcase classname="invenio_communities.subcommunities.resources.config" name="PYDOCSTYLE" time="0.006" /><testcase classname="invenio_communities.subcommunities.resources.config" name="ISORT" time="0.017" /><testcase classname="invenio_communities.subcommunities.resources.config" name="black" time="0.172" /><testcase classname="invenio_communities.subcommunities.resources.resource" name="PYDOCSTYLE" time="0.006" /><testcase classname="invenio_communities.subcommunities.resources.resource" name="ISORT" time="0.013" /><testcase classname="invenio_communities.subcommunities.resources.resource" name="black" time="0.167" /><testcase classname="invenio_communities.subcommunities.services.__init__" name="PYDOCSTYLE" time="0.003" /><testcase classname="invenio_communities.subcommunities.services.__init__" name="ISORT" time="0.007" /><testcase classname="invenio_communities.subcommunities.services.__init__" name="black" time="0.161" /><testcase classname="invenio_communities.subcommunities.services.config" name="PYDOCSTYLE" time="0.005" /><testcase classname="invenio_communities.subcommunities.services.config" name="ISORT" time="0.017" /><testcase classname="invenio_communities.subcommunities.services.config" name="black" time="0.168" /><testcase classname="invenio_communities.subcommunities.services.errors" name="PYDOCSTYLE" time="0.003" /><testcase classname="invenio_communities.subcommunities.services.errors" name="ISORT" time="0.005" /><testcase classname="invenio_communities.subcommunities.services.errors" name="black" time="0.163" /><testcase classname="invenio_communities.subcommunities.services.request" name="PYDOCSTYLE" time="0.017" /><testcase classname="invenio_communities.subcommunities.services.request" name="ISORT" time="0.038" /><testcase classname="invenio_communities.subcommunities.services.request" name="black" time="0.196" /><testcase classname="invenio_communities.subcommunities.services.schema" name="PYDOCSTYLE" time="0.006" /><testcase classname="invenio_communities.subcommunities.services.schema" name="ISORT" time="0.013" /><testcase classname="invenio_communities.subcommunities.services.schema" name="black" time="0.168" /><testcase classname="invenio_communities.subcommunities.services.service" name="PYDOCSTYLE" time="0.015" /><testcase classname="invenio_communities.subcommunities.services.service" name="ISORT" time="0.038" /><testcase classname="invenio_communities.subcommunities.services.service" name="black" time="0.194" /><testcase classname="invenio_communities.tasks" name="PYDOCSTYLE" time="0.004" /><testcase classname="invenio_communities.tasks" name="ISORT" time="0.008" /><testcase classname="invenio_communities.tasks" name="black" time="0.166" /><testcase classname="invenio_communities.utils" name="PYDOCSTYLE" time="0.012" /><testcase classname="invenio_communities.utils" name="ISORT" time="0.023" /><testcase classname="invenio_communities.utils" name="black" time="0.183" /><testcase classname="invenio_communities.views.__init__" name="PYDOCSTYLE" time="0.004" /><testcase classname="invenio_communities.views.__init__" name="ISORT" time="0.007" /><testcase classname="invenio_communities.views.__init__" name="black" time="0.163" /><testcase classname="invenio_communities.views.api" name="PYDOCSTYLE" time="0.006" /><testcase classname="invenio_communities.views.api" name="ISORT" time="0.010" /><testcase classname="invenio_communities.views.api" name="black" time="0.165" /><testcase classname="invenio_communities.views.communities" name="PYDOCSTYLE" time="0.039" /><testcase classname="invenio_communities.views.communities" name="ISORT" time="0.092" /><testcase classname="invenio_communities.views.communities" name="black" time="0.261" /><testcase classname="invenio_communities.views.decorators" name="PYDOCSTYLE" time="0.008" /><testcase classname="invenio_communities.views.decorators" name="ISORT" time="0.015" /><testcase classname="invenio_communities.views.decorators" name="black" time="0.171" /><testcase classname="invenio_communities.views.template_loader" name="PYDOCSTYLE" time="0.009" /><testcase classname="invenio_communities.views.template_loader" name="ISORT" time="0.017" /><testcase classname="invenio_communities.views.template_loader" name="black" time="0.173" /><testcase classname="invenio_communities.views.ui" name="PYDOCSTYLE" time="0.018" /><testcase classname="invenio_communities.views.ui" name="ISORT" time="0.046" /><testcase classname="invenio_communities.views.ui" name="black" time="0.203" /><testcase classname="invenio_communities.webpack" name="PYDOCSTYLE" time="0.007" /><testcase classname="invenio_communities.webpack" name="ISORT" time="0.018" /><testcase classname="invenio_communities.webpack" name="black" time="0.176" /><testcase classname="setup" name="PYDOCSTYLE" time="0.003" /><testcase classname="setup" name="ISORT" time="0.007" /><testcase classname="setup" name="black" time="0.167" /><testcase classname="tests.__init__" name="PYDOCSTYLE" time="0.003" /><testcase classname="tests.__init__" name="ISORT" time="0.004" /><testcase classname="tests.__init__" name="black" time="0.163" /><testcase classname="tests.cache.__init__" name="PYDOCSTYLE" time="0.003" /><testcase classname="tests.cache.__init__" name="ISORT" time="0.004" /><testcase classname="tests.cache.__init__" name="black" time="0.159" /><testcase classname="tests.cache.test_identity_redis_cache" name="ISORT" time="0.012" /><testcase classname="tests.cache.test_identity_redis_cache" name="black" time="0.168" /><testcase classname="tests.cache.test_identity_redis_cache" name="test_cache_deletion" time="4.274" /><testcase classname="tests.cache.test_identity_redis_cache" name="test_cache_flush" time="0.004" /><testcase classname="tests.cache.test_identity_redis_cache" name="test_default_prefix_for_redis" time="0.002" /><testcase classname="tests.cache.test_identity_redis_cache" name="test_timeout_config" time="3.502" /><testcase classname="tests.communities.__init__" name="PYDOCSTYLE" time="0.003" /><testcase classname="tests.communities.__init__" name="ISORT" time="0.004" /><testcase classname="tests.communities.__init__" name="black" time="0.164" /><testcase classname="tests.communities.conftest" name="PYDOCSTYLE" time="0.008" /><testcase classname="tests.communities.conftest" name="ISORT" time="0.020" /><testcase classname="tests.communities.conftest" name="black" time="0.173" /><testcase classname="tests.communities.test_alembic" name="ISORT" time="0.014" /><testcase classname="tests.communities.test_alembic" name="black" time="0.167" /><testcase classname="tests.communities.test_alembic" name="test_alembic" time="0.000"><skipped type="pytest.skip" message="Caused by mergepoint">/home/runner/work/invenio-testrig/invenio-testrig/package-repo/tests/communities/test_alembic.py:21: Caused by mergepoint</skipped></testcase><testcase classname="tests.communities.test_cli" name="ISORT" time="0.016" /><testcase classname="tests.communities.test_cli" name="black" time="0.170" /><testcase classname="tests.communities.test_cli" name="test_fake_demo_community_creation" time="5.906" /><testcase classname="tests.communities.test_cli" name="test_create_communities_custom_fields" time="2.295" /><testcase classname="tests.communities.test_community_ui_serializer" name="ISORT" time="0.018" /><testcase classname="tests.communities.test_community_ui_serializer" name="black" time="0.174" /><testcase classname="tests.communities.test_community_ui_serializer" name="test_ui_serializer" time="3.563" /><testcase classname="tests.communities.test_components" name="ISORT" time="0.037" /><testcase classname="tests.communities.test_components" name="black" time="0.215" /><testcase classname="tests.communities.test_components" name="test_oai_set_create_community" time="3.175" /><testcase classname="tests.communities.test_components" name="test_oai_set_delete_community" time="0.350" /><testcase classname="tests.communities.test_components" name="test_oai_set_renamed" time="0.363" /><testcase classname="tests.communities.test_components" name="test_oai_set_update" time="0.359" /><testcase classname="tests.communities.test_components" name="test_children_component" time="0.121" /><testcase classname="tests.communities.test_components" name="test_children_component_without_children" time="0.650" /><testcase classname="tests.communities.test_parent_community" name="ISORT" time="0.020" /><testcase classname="tests.communities.test_parent_community" name="black" time="0.184" /><testcase classname="tests.communities.test_parent_community" name="test_set_parent_community_with_comm_obj" time="2.987" /><testcase classname="tests.communities.test_parent_community" name="test_set_parent_community_with_comm_uuid" time="0.019" /><testcase classname="tests.communities.test_parent_community" name="test_set_parent_community_with_comm_uuid_string" time="0.017" /><testcase classname="tests.communities.test_parent_community" name="test_invalid_set_parent_community_with_comm_slug" time="0.003" /><testcase classname="tests.communities.test_parent_community" name="test_invalid_set_parent_community_with_random_object" time="0.002" /><testcase classname="tests.communities.test_parent_community" name="test_parent_community_dereferencing" time="0.458" /><testcase classname="tests.communities.test_permissions" name="ISORT" time="0.015" /><testcase classname="tests.communities.test_permissions" name="black" time="0.170" /><testcase classname="tests.communities.test_permissions" name="test_can_request_membership" time="3.568" /><testcase classname="tests.communities.test_relations_organizations" name="ISORT" time="0.028" /><testcase classname="tests.communities.test_relations_organizations" name="black" time="0.188" /><testcase classname="tests.communities.test_relations_organizations" name="test_organizations_field" time="2.477" /><testcase classname="tests.communities.test_relations_organizations" name="test_community_organizations_validation" time="0.309" /><testcase classname="tests.communities.test_relations_organizations" name="test_community_organizations_with_multiple_organizations" time="0.265" /><testcase classname="tests.communities.test_relations_organizations" name="test_community_organizations_with_name_cleanup_validation" time="0.190" /><testcase classname="tests.communities.test_relations_organizations" name="test_community_organizations_indexing" time="0.329" /><testcase classname="tests.communities.test_relations_organizations" name="test_community_organizations_invalid" time="0.667" /><testcase classname="tests.communities.test_relations_types" name="ISORT" time="0.016" /><testcase classname="tests.communities.test_relations_types" name="black" time="0.174" /><testcase classname="tests.communities.test_relations_types" name="test_valid_community_types[organization-organization]" time="2.740" /><testcase classname="tests.communities.test_relations_types" name="test_valid_community_types[event-event]" time="0.262" /><testcase classname="tests.communities.test_relations_types" name="test_valid_community_types[topic-topic]" time="0.252" /><testcase classname="tests.communities.test_relations_types" name="test_valid_community_types[project-project]" time="0.246" /><testcase classname="tests.communities.test_relations_types" name="test_invalid_community_type" time="0.249" /><testcase classname="tests.communities.test_relations_types" name="test_organizations_field" time="0.472" /><testcase classname="tests.communities.test_resources" name="ISORT" time="0.144" /><testcase classname="tests.communities.test_resources" name="black" time="0.370" /><testcase classname="tests.communities.test_resources" name="test_simple_flow" time="5.041" /><testcase classname="tests.communities.test_resources" name="test_post_schema_validation" time="1.742" /><testcase classname="tests.communities.test_resources" name="test_post_metadata_schema_validation" time="1.929" /><testcase classname="tests.communities.test_resources" name="test_post_community_with_existing_id" time="1.735" /><testcase classname="tests.communities.test_resources" name="test_post_community_with_deleted_id" time="1.640" /><testcase classname="tests.communities.test_resources" name="test_post_self_links" time="1.611" /><testcase classname="tests.communities.test_resources" name="test_simple_search_response" time="5.386" /><testcase classname="tests.communities.test_resources" name="test_simple_get_response" time="1.899" /><testcase classname="tests.communities.test_resources" name="test_simple_put_response" time="1.990" /><testcase classname="tests.communities.test_resources" name="test_update_renamed_record" time="1.659" /><testcase classname="tests.communities.test_resources" name="test_simple_delete_response" time="1.704" /><testcase classname="tests.communities.test_resources" name="test_logo_flow" time="1.907" /><testcase classname="tests.communities.test_resources" name="test_logo_max_content_length" time="1.620" /><testcase classname="tests.communities.test_resources" name="test_invalid_community_ids_create" time="1.518" /><testcase classname="tests.communities.test_resources" name="test_invalid_community_ids" time="1.752" /><testcase classname="tests.communities.test_resources" name="test_featured_communities" time="1.816" /><testcase classname="tests.communities.test_resources" name="test_simple_flow_restricted_community" time="0.247" /><testcase classname="tests.communities.test_resources" name="test_permissions_modify_community_visibility" time="0.301" /><testcase classname="tests.communities.test_resources" name="test_permissions_modify_community_to_public" time="0.621" /><testcase classname="tests.communities.test_services" name="ISORT" time="0.125" /><testcase classname="tests.communities.test_services" name="black" time="0.332" /><testcase classname="tests.communities.test_services" name="test_search_featured" time="4.405" /><testcase classname="tests.communities.test_services" name="test_reindex_featured_entries_task" time="3.749" /><testcase classname="tests.communities.test_services" name="test_create_featured" time="0.227" /><testcase classname="tests.communities.test_services" name="test_get_featured" time="0.173" /><testcase classname="tests.communities.test_services" name="test_delete_featured" time="0.233" /><testcase classname="tests.communities.test_services" name="test_update_featured" time="0.241" /><testcase classname="tests.communities.test_services" name="test_cleanup_pre_search" time="1.343" /><testcase classname="tests.communities.test_services" name="test_search_user" time="2.385" /><testcase classname="tests.communities.test_services" name="test_search_community_requests" time="1.400" /><testcase classname="tests.communities.test_services" name="test_community_deletion" time="0.176" /><testcase classname="tests.communities.test_services" name="test_invalid_community_deletion_workflows" time="0.129" /><testcase classname="tests.communities.test_services" name="test_get_cached_community_slug" time="1.523" /><testcase classname="tests.communities.test_services" name="test_theme_updates" time="1.963" /><testcase classname="tests.communities.test_services" name="test_children_updates" time="1.506" /><testcase classname="tests.communities.test_services" name="test_parent_create" time="0.175" /><testcase classname="tests.communities.test_services" name="test_parent_update" time="0.227" /><testcase classname="tests.communities.test_services" name="test_parent_remove" time="0.252" /><testcase classname="tests.communities.test_services" name="test_update_parent_community_not_exists" time="0.101" /><testcase classname="tests.communities.test_services" name="test_parent_update_parent_children_not_allowed" time="0.167" /><testcase classname="tests.communities.test_services" name="test_parent_update_child_children_are_allowed" time="0.284" /><testcase classname="tests.communities.test_services" name="test_bulk_update_parent" time="0.448" /><testcase classname="tests.communities.test_services" name="test_bulk_update_parent_overwrite" time="0.720" /><testcase classname="tests.communities.test_subcommunities" name="ISORT" time="0.071" /><testcase classname="tests.communities.test_subcommunities" name="black" time="0.247" /><testcase classname="tests.communities.test_subcommunities" name="test_service_join_already_existing" time="3.109" /><testcase classname="tests.communities.test_subcommunities" name="test_service_join_with_new_community" time="0.418" /><testcase classname="tests.communities.test_subcommunities" name="test_service_join_permissions" time="0.213" /><testcase classname="tests.communities.test_subcommunities" name="test_subcommunity_simple_flow" time="0.776" /><testcase classname="tests.communities.test_subcommunities" name="test_subcommunity_existing_child_flow" time="1.065" /><testcase classname="tests.communities.test_tombstone" name="ISORT" time="0.031" /><testcase classname="tests.communities.test_tombstone" name="black" time="0.192" /><testcase classname="tests.communities.test_tombstone" name="test_tombstone_creation" time="2.176" /><testcase classname="tests.communities.test_tombstone" name="test_tombstone_invalid_removed_by" time="0.002" /><testcase classname="tests.communities.test_tombstone" name="test_tombstone_valid_removed_by" time="0.202" /><testcase classname="tests.communities.test_tombstone" name="test_community_deletion_status_default" time="0.002" /><testcase classname="tests.communities.test_tombstone" name="test_community_deletion_status_valid_values" time="0.002" /><testcase classname="tests.communities.test_tombstone" name="test_community_deletion_status_invalid_values" time="0.002" /><testcase classname="tests.communities.test_tombstone" name="test_community_deletion_status" time="0.376" /><testcase classname="tests.communities.test_ui" name="ISORT" time="0.014" /><testcase classname="tests.communities.test_ui" name="black" time="0.171" /><testcase classname="tests.communities.test_ui" name="test_template_loader" time="2.587" /><testcase classname="tests.communities.tests_views" name="PYDOCSTYLE" time="0.009" /><testcase classname="tests.communities.tests_views" name="ISORT" time="0.022" /><testcase classname="tests.communities.tests_views" name="black" time="0.175" /><testcase classname="tests.conftest" name="PYDOCSTYLE" time="0.048" /><testcase classname="tests.conftest" name="ISORT" time="0.108" /><testcase classname="tests.conftest" name="black" time="0.267" /><testcase classname="tests.members.__init__" name="PYDOCSTYLE" time="0.003" /><testcase classname="tests.members.__init__" name="ISORT" time="0.004" /><testcase classname="tests.members.__init__" name="black" time="0.159" /><testcase classname="tests.members.conftest" name="PYDOCSTYLE" time="0.011" /><testcase classname="tests.members.conftest" name="ISORT" time="0.023" /><testcase classname="tests.members.conftest" name="black" time="0.179" /><testcase classname="tests.members.test_members_components" name="ISORT" time="0.032" /><testcase classname="tests.members.test_members_components" name="black" time="0.196" /><testcase classname="tests.members.test_members_components" name="test_accept_invite_cache_clear" time="5.514" /><testcase classname="tests.members.test_members_components" name="test_member_delete_cache_clear" time="1.417" /><testcase classname="tests.members.test_members_components" name="test_member_add_cache_clear" time="1.416" /><testcase classname="tests.members.test_members_components" name="test_member_update_cache_clear" time="1.337" /><testcase classname="tests.members.test_members_components" name="test_group_actions_cache_clear" time="1.981" /><testcase classname="tests.members.test_members_no_groups" name="ISORT" time="0.014" /><testcase classname="tests.members.test_members_no_groups" name="black" time="0.171" /><testcase classname="tests.members.test_members_no_groups" name="test_invite_member_with_groups_disabled" time="3.106" /><testcase classname="tests.members.test_members_no_groups" name="test_add_member_with_groups_disabled[owner-owner]" time="0.110" /><testcase classname="tests.members.test_members_no_groups" name="test_add_member_with_groups_disabled[owner-manager]" time="0.078" /><testcase classname="tests.members.test_members_no_groups" name="test_add_member_with_groups_disabled[owner-curator]" time="0.102" /><testcase classname="tests.members.test_members_no_groups" name="test_add_member_with_groups_disabled[owner-reader]" time="0.084" /><testcase classname="tests.members.test_members_no_groups" name="test_add_member_with_groups_disabled[manager-manager]" time="0.091" /><testcase classname="tests.members.test_members_no_groups" name="test_add_member_with_groups_disabled[manager-curator]" time="0.100" /><testcase classname="tests.members.test_members_no_groups" name="test_add_member_with_groups_disabled[manager-reader]" time="0.445" /><testcase classname="tests.members.test_members_notifications" name="ISORT" time="0.056" /><testcase classname="tests.members.test_members_notifications" name="black" time="0.232" /><testcase classname="tests.members.test_members_notifications" name="test_community_invitation_submit_notification" time="4.398" /><testcase classname="tests.members.test_members_notifications" name="test_community_invitation_accept_notification" time="1.358" /><testcase classname="tests.members.test_members_notifications" name="test_community_invitation_cancel_notification" time="1.008" /><testcase classname="tests.members.test_members_notifications" name="test_community_invitation_decline_notification" time="1.333" /><testcase classname="tests.members.test_members_notifications" name="test_community_invitation_expire_notification" time="1.714" /><testcase classname="tests.members.test_members_resource" name="ISORT" time="0.066" /><testcase classname="tests.members.test_members_resource" name="black" time="0.251" /><testcase classname="tests.members.test_members_resource" name="test_add" time="2.725" /><testcase classname="tests.members.test_members_resource" name="test_add_denied" time="0.166" /><testcase classname="tests.members.test_members_resource" name="test_add_bad_data" time="0.047" /><testcase classname="tests.members.test_members_resource" name="test_add_invalid_member" time="0.063" /><testcase classname="tests.members.test_members_resource" name="test_add_duplicate" time="0.102" /><testcase classname="tests.members.test_members_resource" name="test_invite" time="0.678" /><testcase classname="tests.members.test_members_resource" name="test_invite_deny" time="0.051" /><testcase classname="tests.members.test_members_resource" name="test_update" time="0.120" /><testcase classname="tests.members.test_members_resource" name="test_update_invite" time="0.420" /><testcase classname="tests.members.test_members_resource" name="test_delete" time="0.106" /><testcase classname="tests.members.test_members_resource" name="test_search" time="0.673" /><testcase classname="tests.members.test_members_resource" name="test_search_public" time="0.380" /><testcase classname="tests.members.test_members_resource" name="test_search_invitation" time="0.757" /><testcase classname="tests.members.test_members_resource" name="test_post_membership_requests" time="0.412" /><testcase classname="tests.members.test_members_resource" name="test_put_membership_requests" time="0.005" /><testcase classname="tests.members.test_members_resource" name="test_error_handling_for_membership_requests" time="0.004" /><testcase classname="tests.members.test_members_resource" name="test_get_membership_requests" time="0.431" /><testcase classname="tests.members.test_members_services" name="ISORT" time="0.189" /><testcase classname="tests.members.test_members_services" name="black" time="0.404" /><testcase classname="tests.members.test_members_services" name="test_add_allowed[owner-owner]" time="2.669" /><testcase classname="tests.members.test_members_services" name="test_add_allowed[owner-manager]" time="0.097" /><testcase classname="tests.members.test_members_services" name="test_add_allowed[owner-curator]" time="0.119" /><testcase classname="tests.members.test_members_services" name="test_add_allowed[owner-reader]" time="0.092" /><testcase classname="tests.members.test_members_services" name="test_add_allowed[manager-manager]" time="0.121" /><testcase classname="tests.members.test_members_services" name="test_add_allowed[manager-curator]" time="0.088" /><testcase classname="tests.members.test_members_services" name="test_add_allowed[manager-reader]" time="0.108" /><testcase classname="tests.members.test_members_services" name="test_add_denied[manager-owner]" time="0.078" /><testcase classname="tests.members.test_members_services" name="test_add_denied[curator-owner]" time="0.076" /><testcase classname="tests.members.test_members_services" name="test_add_denied[curator-manager]" time="0.084" /><testcase classname="tests.members.test_members_services" name="test_add_denied[curator-curator]" time="0.071" /><testcase classname="tests.members.test_members_services" name="test_add_denied[curator-reader]" time="0.077" /><testcase classname="tests.members.test_members_services" name="test_add_denied[reader-owner]" time="0.095" /><testcase classname="tests.members.test_members_services" name="test_add_denied[reader-manager]" time="0.068" /><testcase classname="tests.members.test_members_services" name="test_add_denied[reader-curator]" time="0.068" /><testcase classname="tests.members.test_members_services" name="test_add_denied[reader-reader]" time="0.088" /><testcase classname="tests.members.test_members_services" name="test_add_duplicate" time="0.049" /><testcase classname="tests.members.test_members_services" name="test_add_invalid_member_type" time="0.129" /><testcase classname="tests.members.test_members_services" name="test_add_visible_property" time="0.042" /><testcase classname="tests.members.test_members_services" name="test_add_invalid_data" time="0.033" /><testcase classname="tests.members.test_members_services" name="test_invite" time="0.792" /><testcase classname="tests.members.test_members_services" name="test_invite_group_denied" time="0.043" /><testcase classname="tests.members.test_members_services" name="test_invite_already_member" time="2.208" /><testcase classname="tests.members.test_members_services" name="test_invite_with_message" time="0.416" /><testcase classname="tests.members.test_members_services" name="test_invite_view_request" time="0.779" /><testcase classname="tests.members.test_members_services" name="test_search_members" time="0.617" /><testcase classname="tests.members.test_members_services" name="test_scan_members" time="0.421" /><testcase classname="tests.members.test_members_services" name="test_search_public_members" time="0.514" /><testcase classname="tests.members.test_members_services" name="test_search_members_restricted" time="0.394" /><testcase classname="tests.members.test_members_services" name="test_search_members_visibility_restricted" time="0.406" /><testcase classname="tests.members.test_members_services" name="test_search_members_restricted_as_group" time="0.422" /><testcase classname="tests.members.test_members_services" name="test_read_memberships" time="0.397" /><testcase classname="tests.members.test_members_services" name="test_search_invitations" time="1.773" /><testcase classname="tests.members.test_members_services" name="test_invite_accept_flow" time="1.547" /><testcase classname="tests.members.test_members_services" name="test_invite_decline_flow" time="1.721" /><testcase classname="tests.members.test_members_services" name="test_invite_cancel_flow" time="1.249" /><testcase classname="tests.members.test_members_services" name="test_invite_actions_permissions" time="0.653" /><testcase classname="tests.members.test_members_services" name="test_leave_allowed[manager]" time="0.096" /><testcase classname="tests.members.test_members_services" name="test_leave_allowed[curator]" time="0.133" /><testcase classname="tests.members.test_members_services" name="test_leave_allowed[reader]" time="0.121" /><testcase classname="tests.members.test_members_services" name="test_leave_single_owner_denied" time="0.029" /><testcase classname="tests.members.test_members_services" name="test_leave_denied" time="0.388" /><testcase classname="tests.members.test_members_services" name="test_leave_owner_allowed" time="0.070" /><testcase classname="tests.members.test_members_services" name="test_delete_denied[manager-owner]" time="0.145" /><testcase classname="tests.members.test_members_services" name="test_delete_denied[curator-owner]" time="0.114" /><testcase classname="tests.members.test_members_services" name="test_delete_denied[curator-manager]" time="0.134" /><testcase classname="tests.members.test_members_services" name="test_delete_denied[curator-curator]" time="0.121" /><testcase classname="tests.members.test_members_services" name="test_delete_denied[curator-reader]" time="0.114" /><testcase classname="tests.members.test_members_services" name="test_delete_denied[reader-owner]" time="0.139" /><testcase classname="tests.members.test_members_services" name="test_delete_denied[reader-manager]" time="0.134" /><testcase classname="tests.members.test_members_services" name="test_delete_denied[reader-curator]" time="0.142" /><testcase classname="tests.members.test_members_services" name="test_delete_denied[reader-reader]" time="0.120" /><testcase classname="tests.members.test_members_services" name="test_delete_allowed[owner-owner]" time="0.151" /><testcase classname="tests.members.test_members_services" name="test_delete_allowed[owner-manager]" time="0.144" /><testcase classname="tests.members.test_members_services" name="test_delete_allowed[owner-curator]" time="0.171" /><testcase classname="tests.members.test_members_services" name="test_delete_allowed[owner-reader]" time="0.142" /><testcase classname="tests.members.test_members_services" name="test_delete_allowed[manager-manager]" time="0.153" /><testcase classname="tests.members.test_members_services" name="test_delete_allowed[manager-curator]" time="0.193" /><testcase classname="tests.members.test_members_services" name="test_delete_allowed[manager-reader]" time="0.127" /><testcase classname="tests.members.test_members_services" name="test_delete_member_type_group" time="0.065" /><testcase classname="tests.members.test_members_services" name="test_delete_invalid_member" time="0.027" /><testcase classname="tests.members.test_members_services" name="test_selfupdate_denied" time="0.022" /><testcase classname="tests.members.test_members_services" name="test_selfupdate_role_denied[owner]" time="0.115" /><testcase classname="tests.members.test_members_services" name="test_selfupdate_role_denied[manager]" time="0.086" /><testcase classname="tests.members.test_members_services" name="test_selfupdate_role_denied[curator]" time="0.081" /><testcase classname="tests.members.test_members_services" name="test_selfupdate_role_denied[reader]" time="0.104" /><testcase classname="tests.members.test_members_services" name="test_selfupdate_allow_visibility[owner]" time="0.124" /><testcase classname="tests.members.test_members_services" name="test_selfupdate_allow_visibility[manager]" time="0.132" /><testcase classname="tests.members.test_members_services" name="test_selfupdate_allow_visibility[curator]" time="0.146" /><testcase classname="tests.members.test_members_services" name="test_selfupdate_allow_visibility[reader]" time="0.126" /><testcase classname="tests.members.test_members_services" name="test_update_public_visibility_denied[owner-owner]" time="0.143" /><testcase classname="tests.members.test_members_services" name="test_update_public_visibility_denied[owner-manager]" time="0.123" /><testcase classname="tests.members.test_members_services" name="test_update_public_visibility_denied[owner-curator]" time="0.124" /><testcase classname="tests.members.test_members_services" name="test_update_public_visibility_denied[owner-reader]" time="0.138" /><testcase classname="tests.members.test_members_services" name="test_update_public_visibility_denied[manager-manager]" time="0.116" /><testcase classname="tests.members.test_members_services" name="test_update_public_visibility_denied[manager-curator]" time="0.145" /><testcase classname="tests.members.test_members_services" name="test_update_public_visibility_denied[manager-reader]" time="0.114" /><testcase classname="tests.members.test_members_services" name="test_update_public_visibility_of_group_allowed" time="0.068" /><testcase classname="tests.members.test_members_services" name="test_update_hidden_visibility_allowed[owner-owner]" time="0.151" /><testcase classname="tests.members.test_members_services" name="test_update_hidden_visibility_allowed[owner-manager]" time="0.127" /><testcase classname="tests.members.test_members_services" name="test_update_hidden_visibility_allowed[owner-curator]" time="0.194" /><testcase classname="tests.members.test_members_services" name="test_update_hidden_visibility_allowed[owner-reader]" time="0.135" /><testcase classname="tests.members.test_members_services" name="test_update_hidden_visibility_allowed[manager-manager]" time="0.159" /><testcase classname="tests.members.test_members_services" name="test_update_hidden_visibility_allowed[manager-curator]" time="0.127" /><testcase classname="tests.members.test_members_services" name="test_update_hidden_visibility_allowed[manager-reader]" time="0.123" /><testcase classname="tests.members.test_members_services" name="test_update_role_allowed[owner-owner-reader]" time="0.165" /><testcase classname="tests.members.test_members_services" name="test_update_role_allowed[owner-manager-reader]" time="0.132" /><testcase classname="tests.members.test_members_services" name="test_update_role_allowed[owner-curator-manager]" time="0.159" /><testcase classname="tests.members.test_members_services" name="test_update_role_allowed[owner-reader-curator]" time="0.135" /><testcase classname="tests.members.test_members_services" name="test_update_role_allowed[manager-manager-curator]" time="0.159" /><testcase classname="tests.members.test_members_services" name="test_update_role_allowed[manager-curator-manager]" time="0.131" /><testcase classname="tests.members.test_members_services" name="test_update_role_allowed[manager-reader-curator]" time="0.148" /><testcase classname="tests.members.test_members_services" name="test_update_role_denied[manager-owner-reader]" time="0.123" /><testcase classname="tests.members.test_members_services" name="test_update_role_denied[curator-owner-reader]" time="0.110" /><testcase classname="tests.members.test_members_services" name="test_update_role_denied[curator-manager-curator]" time="0.138" /><testcase classname="tests.members.test_members_services" name="test_update_role_denied[curator-curator-manager]" time="0.114" /><testcase classname="tests.members.test_members_services" name="test_update_role_denied[curator-reader-owner]" time="0.140" /><testcase classname="tests.members.test_members_services" name="test_update_role_denied[reader-owner-owner]" time="0.120" /><testcase classname="tests.members.test_members_services" name="test_update_role_denied[reader-manager-manager]" time="0.137" /><testcase classname="tests.members.test_members_services" name="test_update_role_denied[reader-curator-curator]" time="0.109" /><testcase classname="tests.members.test_members_services" name="test_update_role_denied[reader-reader-manager]" time="0.126" /><testcase classname="tests.members.test_members_services" name="test_update_invitation_role_allowed[owner-owner-reader]" time="0.452" /><testcase classname="tests.members.test_members_services" name="test_update_invitation_role_allowed[owner-manager-reader]" time="0.450" /><testcase classname="tests.members.test_members_services" name="test_update_invitation_role_allowed[owner-curator-manager]" time="0.477" /><testcase classname="tests.members.test_members_services" name="test_update_invitation_role_allowed[owner-reader-curator]" time="0.451" /><testcase classname="tests.members.test_members_services" name="test_update_invitation_role_allowed[manager-manager-curator]" time="0.482" /><testcase classname="tests.members.test_members_services" name="test_update_invitation_role_allowed[manager-curator-manager]" time="0.440" /><testcase classname="tests.members.test_members_services" name="test_update_invitation_role_allowed[manager-reader-curator]" time="0.462" /><testcase classname="tests.members.test_members_services" name="test_update_invitation_role_denied[manager-owner-reader]" time="0.374" /><testcase classname="tests.members.test_members_services" name="test_update_invitation_role_denied[curator-owner-reader]" time="0.398" /><testcase classname="tests.members.test_members_services" name="test_update_invitation_role_denied[curator-manager-curator]" time="0.363" /><testcase classname="tests.members.test_members_services" name="test_update_invitation_role_denied[curator-curator-manager]" time="0.399" /><testcase classname="tests.members.test_members_services" name="test_update_invitation_role_denied[curator-reader-owner]" time="0.401" /><testcase classname="tests.members.test_members_services" name="test_update_invitation_role_denied[reader-owner-owner]" time="0.363" /><testcase classname="tests.members.test_members_services" name="test_update_invitation_role_denied[reader-manager-manager]" time="0.391" /><testcase classname="tests.members.test_members_services" name="test_update_invitation_role_denied[reader-curator-curator]" time="0.383" /><testcase classname="tests.members.test_members_services" name="test_update_invitation_role_denied[reader-reader-manager]" time="0.425" /><testcase classname="tests.members.test_members_services" name="test_update_declined_invitation[decline]" time="7.158" /><testcase classname="tests.members.test_members_services" name="test_update_declined_invitation[cancel]" time="1.579" /><testcase classname="tests.members.test_members_services" name="test_update_declined_invitation[expire]" time="7.192" /><testcase classname="tests.members.test_members_services" name="test_update_role_must_have_owner" time="0.076" /><testcase classname="tests.members.test_members_services" name="test_update_invalid_data" time="0.065" /><testcase classname="tests.members.test_members_services" name="test_request_cancel_request_flow" time="1.725" /><testcase classname="tests.members.test_members_services" name="test_relation_update_propagation" time="0.815" /><testcase classname="tests.mock_module.__init__" name="PYDOCSTYLE" time="0.006" /><testcase classname="tests.mock_module.__init__" name="ISORT" time="0.012" /><testcase classname="tests.mock_module.__init__" name="black" time="0.167" /><testcase classname="tests.records.__init__" name="PYDOCSTYLE" time="0.003" /><testcase classname="tests.records.__init__" name="ISORT" time="0.004" /><testcase classname="tests.records.__init__" name="black" time="0.159" /><testcase classname="tests.records.conftest" name="PYDOCSTYLE" time="0.007" /><testcase classname="tests.records.conftest" name="ISORT" time="0.014" /><testcase classname="tests.records.conftest" name="black" time="0.166" /><testcase classname="tests.records.mock_module.__init__" name="PYDOCSTYLE" time="0.003" /><testcase classname="tests.records.mock_module.__init__" name="ISORT" time="0.003" /><testcase classname="tests.records.mock_module.__init__" name="black" time="0.162" /><testcase classname="tests.records.mock_module.api" name="PYDOCSTYLE" time="0.005" /><testcase classname="tests.records.mock_module.api" name="ISORT" time="0.011" /><testcase classname="tests.records.mock_module.api" name="black" time="0.166" /><testcase classname="tests.records.mock_module.jsonschemas.__init__" name="PYDOCSTYLE" time="0.003" /><testcase classname="tests.records.mock_module.jsonschemas.__init__" name="ISORT" time="0.003" /><testcase classname="tests.records.mock_module.jsonschemas.__init__" name="black" time="0.158" /><testcase classname="tests.records.mock_module.mappings.__init__" name="PYDOCSTYLE" time="0.003" /><testcase classname="tests.records.mock_module.mappings.__init__" name="ISORT" time="0.003" /><testcase classname="tests.records.mock_module.mappings.__init__" name="black" time="0.161" /><testcase classname="tests.records.mock_module.mappings.v6.__init__" name="PYDOCSTYLE" time="0.004" /><testcase classname="tests.records.mock_module.mappings.v6.__init__" name="ISORT" time="0.003" /><testcase classname="tests.records.mock_module.mappings.v6.__init__" name="black" time="0.158" /><testcase classname="tests.records.mock_module.mappings.v7.__init__" name="PYDOCSTYLE" time="0.003" /><testcase classname="tests.records.mock_module.mappings.v7.__init__" name="ISORT" time="0.003" /><testcase classname="tests.records.mock_module.mappings.v7.__init__" name="black" time="0.162" /><testcase classname="tests.records.mock_module.models" name="PYDOCSTYLE" time="0.004" /><testcase classname="tests.records.mock_module.models" name="ISORT" time="0.010" /><testcase classname="tests.records.mock_module.models" name="black" time="0.161" /><testcase classname="tests.records.test_mockrecords_api" name="ISORT" time="0.031" /><testcase classname="tests.records.test_mockrecords_api" name="black" time="0.194" /><testcase classname="tests.records.test_mockrecords_api" name="test_record_create_empty" time="2.298" /><testcase classname="tests.records.test_mockrecords_api" name="test_get" time="0.043" /><testcase classname="tests.records.test_mockrecords_api" name="test_add" time="0.034" /><testcase classname="tests.records.test_mockrecords_api" name="test_add_existing" time="0.021" /><testcase classname="tests.records.test_mockrecords_api" name="test_len_contains" time="0.036" /><testcase classname="tests.records.test_mockrecords_api" name="test_remove" time="0.033" /><testcase classname="tests.records.test_mockrecords_api" name="test_iter" time="0.028" /><testcase classname="tests.records.test_mockrecords_api" name="test_ids" time="0.025" /><testcase classname="tests.records.test_mockrecords_api" name="test_change_default" time="0.037" /><testcase classname="tests.records.test_mockrecords_api" name="test_clear" time="0.030" /><testcase classname="tests.records.test_mockrecords_api" name="test_refresh" time="0.399" /><testcase classname="tests.test_notifications" name="ISORT" time="0.011" /><testcase classname="tests.test_notifications" name="black" time="0.166" /><testcase classname="tests.test_notifications" name="test_user_recipient_generator" time="4.098" /></testsuite></testsuites>