lists of files in version control and sdist match
/home/runner/work/invenio-bug-verification/invenio-bug-verification/package-repo/.venv/lib/python3.12/site-packages/fs/__init__.py:4: UserWarning: pkg_resources is deprecated as an API. See https://setuptools.pypa.io/en/latest/pkg_resources.html. The pkg_resources package is slated for removal as early as 2025-11-30. Refrain from using this package or pin to Setuptools<81.
  __import__("pkg_resources").declare_namespace(__name__)  # type: ignore
 redis Pulling 
 postgresql Pulling 
 elasticsearch Pulling 
 rabbitmq Pulling 
 1adabd6b0d6b Pulling fs layer 
 a876f6225e72 Pulling fs layer 
 e06b5a47837d Pulling fs layer 
 306343d42fe6 Pulling fs layer 
 56a10b9d0fdd Pulling fs layer 
 fa42f65f0d3f Pulling fs layer 
 4f4fb700ef54 Pulling fs layer 
 9e749293ebb8 Pulling fs layer 
 306343d42fe6 Waiting 
 fa42f65f0d3f Waiting 
 4f4fb700ef54 Waiting 
 9e749293ebb8 Waiting 
 56a10b9d0fdd Waiting 
 b0a0cf830b12 Pulling fs layer 
 dda3d8fbd5ed Pulling fs layer 
 283a477db7bb Pulling fs layer 
 b0a0cf830b12 Waiting 
 dda3d8fbd5ed Waiting 
 91d2729fa4d5 Pulling fs layer 
 283a477db7bb Waiting 
 9739ced65621 Pulling fs layer 
 91d2729fa4d5 Waiting 
 ae3bb1b347a4 Pulling fs layer 
 9739ced65621 Waiting 
 f8406d9c00ea Pulling fs layer 
 ae3bb1b347a4 Waiting 
 c199bff16b05 Pulling fs layer 
 f8406d9c00ea Waiting 
 e0d55fdb4d15 Pulling fs layer 
 c1cb13b19080 Pulling fs layer 
 873532e5f8c7 Pulling fs layer 
 050d9f8c3b1c Pulling fs layer 
 710e142705f8 Pulling fs layer 
 cb628c265f09 Pulling fs layer 
 c199bff16b05 Waiting 
 e0d55fdb4d15 Waiting 
 710e142705f8 Waiting 
 c1cb13b19080 Waiting 
 cb628c265f09 Waiting 
 873532e5f8c7 Waiting 
 050d9f8c3b1c Waiting 
 20043066d3d5 Pulling fs layer 
 fbda4a386d13 Pulling fs layer 
 257b1af0856e Pulling fs layer 
 e5fbc57eeafe Pulling fs layer 
 f19b7ac6489f Pulling fs layer 
 0f9a1c409bb2 Pulling fs layer 
 d5d9860a5545 Pulling fs layer 
 fc030d7bf8ba Pulling fs layer 
 20043066d3d5 Waiting 
 c5ec72a0a4d4 Pulling fs layer 
 a51622689fc8 Pulling fs layer 
 fbda4a386d13 Waiting 
 e5fbc57eeafe Waiting 
 257b1af0856e Waiting 
 f19b7ac6489f Waiting 
 d5d9860a5545 Waiting 
 0f9a1c409bb2 Waiting 
 fc030d7bf8ba Waiting 
 a51622689fc8 Waiting 
 c5ec72a0a4d4 Waiting 
 a876f6225e72 Downloading [==========================================>        ]     934B/1.099kB
 a876f6225e72 Downloading [==================================================>]  1.099kB/1.099kB
 a876f6225e72 Verifying Checksum 
 a876f6225e72 Download complete 
 1adabd6b0d6b Downloading [>                                                  ]  282.7kB/28.23MB
 ddf49b9115d7 Pulling fs layer 
 a752d85b289a Pulling fs layer 
 57c9a166c575 Pulling fs layer 
 44fabf20c8a1 Pulling fs layer 
 45ea1d560ab5 Pulling fs layer 
 0dc15e54b214 Pulling fs layer 
 cf11b2a25e23 Pulling fs layer 
 a752d85b289a Waiting 
 3a66822889ec Pulling fs layer 
 57c9a166c575 Waiting 
 be7444f2e9d6 Pulling fs layer 
 ddf49b9115d7 Waiting 
 cf11b2a25e23 Waiting 
 44fabf20c8a1 Waiting 
 3a66822889ec Waiting 
 be7444f2e9d6 Waiting 
 45ea1d560ab5 Waiting 
 0dc15e54b214 Waiting 
 e06b5a47837d Download complete 
 1adabd6b0d6b Downloading [=========================>                         ]  14.29MB/28.23MB
 306343d42fe6 Downloading [>                                                  ]  14.46kB/1.438MB
 1adabd6b0d6b Verifying Checksum 
 1adabd6b0d6b Download complete 
 1adabd6b0d6b Extracting [>                                                  ]  294.9kB/28.23MB
 306343d42fe6 Verifying Checksum 
 306343d42fe6 Download complete 
 56a10b9d0fdd Downloading [>                                                  ]    157kB/15.35MB
 1adabd6b0d6b Extracting [===========>                                       ]  6.488MB/28.23MB
 56a10b9d0fdd Downloading [=========================>                         ]   7.94MB/15.35MB
 fa42f65f0d3f Downloading [==================================================>]      97B/97B
 fa42f65f0d3f Verifying Checksum 
 fa42f65f0d3f Download complete 
 56a10b9d0fdd Verifying Checksum 
 56a10b9d0fdd Download complete 
 4f4fb700ef54 Downloading [==================================================>]      32B/32B
 4f4fb700ef54 Verifying Checksum 
 4f4fb700ef54 Download complete 
 1adabd6b0d6b Extracting [=================>                                 ]  9.732MB/28.23MB
 1adabd6b0d6b Extracting [=========================>                         ]  14.45MB/28.23MB
 9e749293ebb8 Downloading [==================================================>]     572B/572B
 b0a0cf830b12 Downloading [>                                                  ]  307.2kB/29.15MB
 dda3d8fbd5ed Downloading [========================================>          ]     934B/1.165kB
 dda3d8fbd5ed Downloading [==================================================>]  1.165kB/1.165kB
 dda3d8fbd5ed Verifying Checksum 
 dda3d8fbd5ed Download complete 
 1adabd6b0d6b Extracting [========================================>          ]     23MB/28.23MB
 b0a0cf830b12 Downloading [===================>                               ]  11.64MB/29.15MB
 283a477db7bb Downloading [>                                                  ]  45.95kB/4.533MB
 b0a0cf830b12 Verifying Checksum 
 b0a0cf830b12 Download complete 
 91d2729fa4d5 Downloading [>                                                  ]  15.03kB/1.45MB
 1adabd6b0d6b Extracting [==========================================>        ]  23.89MB/28.23MB
 b0a0cf830b12 Extracting [>                                                  ]  294.9kB/29.15MB
 283a477db7bb Verifying Checksum 
 283a477db7bb Download complete 
 91d2729fa4d5 Verifying Checksum 
 91d2729fa4d5 Download complete 
 b0a0cf830b12 Extracting [=========>                                         ]  5.308MB/29.15MB
 1adabd6b0d6b Extracting [===============================================>   ]  26.84MB/28.23MB
 9739ced65621 Downloading [>                                                  ]   84.3kB/8.069MB
 b0a0cf830b12 Extracting [================>                                  ]  9.732MB/29.15MB
 f8406d9c00ea Download complete 
 ae3bb1b347a4 Downloading [>                                                  ]  13.25kB/1.196MB
 9739ced65621 Verifying Checksum 
 9739ced65621 Download complete 
 ae3bb1b347a4 Verifying Checksum 
 ae3bb1b347a4 Download complete 
 b0a0cf830b12 Extracting [=====================>                             ]  12.68MB/29.15MB
 c199bff16b05 Downloading [==============>                                    ]     934B/3.145kB
 c199bff16b05 Downloading [==================================================>]  3.145kB/3.145kB
 c199bff16b05 Verifying Checksum 
 c199bff16b05 Download complete 
 b0a0cf830b12 Extracting [===================================>               ]  20.64MB/29.15MB
 1adabd6b0d6b Extracting [================================================>  ]  27.43MB/28.23MB
 c1cb13b19080 Downloading [====>                                              ]     934B/9.925kB
 c1cb13b19080 Downloading [==================================================>]  9.925kB/9.925kB
 c1cb13b19080 Verifying Checksum 
 c1cb13b19080 Download complete 
 e0d55fdb4d15 Downloading [>                                                  ]  539.1kB/109MB
 1adabd6b0d6b Extracting [==================================================>]  28.23MB/28.23MB
 e0d55fdb4d15 Downloading [====>                                              ]  10.74MB/109MB
 1adabd6b0d6b Pull complete 
 a876f6225e72 Extracting [==================================================>]  1.099kB/1.099kB
 a876f6225e72 Extracting [==================================================>]  1.099kB/1.099kB
 873532e5f8c7 Downloading [==================================================>]     128B/128B
 873532e5f8c7 Verifying Checksum 
 873532e5f8c7 Download complete 
 050d9f8c3b1c Downloading [==================================================>]     169B/169B
 050d9f8c3b1c Verifying Checksum 
 050d9f8c3b1c Download complete 
 e0d55fdb4d15 Downloading [===========>                                       ]  25.19MB/109MB
 b0a0cf830b12 Extracting [==========================================>        ]  24.77MB/29.15MB
 710e142705f8 Downloading [========>                                          ]     933B/5.421kB
 710e142705f8 Downloading [==================================================>]  5.421kB/5.421kB
 710e142705f8 Verifying Checksum 
 710e142705f8 Download complete 
 e0d55fdb4d15 Downloading [=====================>                             ]  46.01MB/109MB
 cb628c265f09 Downloading [==================================================>]     184B/184B
 cb628c265f09 Verifying Checksum 
 cb628c265f09 Download complete 
 b0a0cf830b12 Extracting [===============================================>   ]  27.72MB/29.15MB
 e0d55fdb4d15 Downloading [===============================>                   ]  69.02MB/109MB
 e0d55fdb4d15 Downloading [=========================================>         ]  89.92MB/109MB
 20043066d3d5 Downloading [>                                                  ]  299.1kB/29.72MB
 fbda4a386d13 Downloading [>                                                  ]  446.6kB/43.48MB
 e0d55fdb4d15 Downloading [================================================>  ]  105.4MB/109MB
 e0d55fdb4d15 Verifying Checksum 
 e0d55fdb4d15 Download complete 
 b0a0cf830b12 Extracting [================================================>  ]  28.31MB/29.15MB
 20043066d3d5 Downloading [====================>                              ]  12.04MB/29.72MB
 fbda4a386d13 Downloading [================>                                  ]  14.61MB/43.48MB
 20043066d3d5 Verifying Checksum 
 20043066d3d5 Download complete 
 fbda4a386d13 Downloading [===============================>                   ]  27.47MB/43.48MB
 b0a0cf830b12 Extracting [==================================================>]  29.15MB/29.15MB
 257b1af0856e Downloading [>                                                  ]  76.67kB/7.468MB
 20043066d3d5 Extracting [>                                                  ]  327.7kB/29.72MB
 fbda4a386d13 Downloading [============================================>      ]  38.58MB/43.48MB
 257b1af0856e Verifying Checksum 
 257b1af0856e Download complete 
 fbda4a386d13 Verifying Checksum 
 fbda4a386d13 Download complete 
 e5fbc57eeafe Downloading [====>                                              ]     934B/9.472kB
 e5fbc57eeafe Downloading [==================================================>]  9.472kB/9.472kB
 e5fbc57eeafe Verifying Checksum 
 e5fbc57eeafe Download complete 
 20043066d3d5 Extracting [=======>                                           ]   4.26MB/29.72MB
 0f9a1c409bb2 Downloading [==================================================>]     188B/188B
 0f9a1c409bb2 Verifying Checksum 
 0f9a1c409bb2 Download complete 
 20043066d3d5 Extracting [==============>                                    ]   8.52MB/29.72MB
 f19b7ac6489f Downloading [>                                                  ]  214.9kB/21.31MB
 d5d9860a5545 Downloading [==================================================>]     109B/109B
 d5d9860a5545 Verifying Checksum 
 d5d9860a5545 Download complete 
 b0a0cf830b12 Pull complete 
 f19b7ac6489f Downloading [=================>                                 ]   7.26MB/21.31MB
 20043066d3d5 Extracting [==================>                                ]  11.14MB/29.72MB
 dda3d8fbd5ed Extracting [==================================================>]  1.165kB/1.165kB
 dda3d8fbd5ed Extracting [==================================================>]  1.165kB/1.165kB
 fc030d7bf8ba Downloading [==================================================>]     617B/617B
 f19b7ac6489f Verifying Checksum 
 f19b7ac6489f Download complete 
 fc030d7bf8ba Verifying Checksum 
 fc030d7bf8ba Download complete 
 a876f6225e72 Pull complete 
 20043066d3d5 Extracting [=========================>                         ]   15.4MB/29.72MB
 c5ec72a0a4d4 Downloading [==================================================>]     831B/831B
 c5ec72a0a4d4 Verifying Checksum 
 c5ec72a0a4d4 Download complete 
 e06b5a47837d Extracting [==================================================>]     874B/874B
 e06b5a47837d Extracting [==================================================>]     874B/874B
 20043066d3d5 Extracting [=================================>                 ]  19.99MB/29.72MB
 a51622689fc8 Downloading [>                                                  ]  127.6kB/12.47MB
 a51622689fc8 Downloading [==============>                                    ]  3.543MB/12.47MB
 20043066d3d5 Extracting [==================================>                ]  20.64MB/29.72MB
 ddf49b9115d7 Downloading [>                                                  ]  539.3kB/84.72MB
 e06b5a47837d Pull complete 
 306343d42fe6 Extracting [=>                                                 ]  32.77kB/1.438MB
 a51622689fc8 Downloading [=============================================>     ]  11.45MB/12.47MB
 a51622689fc8 Verifying Checksum 
 a51622689fc8 Download complete 
 ddf49b9115d7 Downloading [==>                                                ]  4.818MB/84.72MB
 20043066d3d5 Extracting [====================================>              ]  21.63MB/29.72MB
 dda3d8fbd5ed Pull complete 
 283a477db7bb Extracting [>                                                  ]  65.54kB/4.533MB
 306343d42fe6 Extracting [=========>                                         ]  262.1kB/1.438MB
 a752d85b289a Downloading [>                                                  ]  261.6kB/25.12MB
 306343d42fe6 Extracting [==================================================>]  1.438MB/1.438MB
 ddf49b9115d7 Downloading [===============>                                   ]  25.63MB/84.72MB
 283a477db7bb Extracting [==============================>                    ]  2.753MB/4.533MB
 306343d42fe6 Pull complete 
 20043066d3d5 Extracting [=========================================>         ]   24.9MB/29.72MB
 a752d85b289a Downloading [==========================>                        ]  13.37MB/25.12MB
 56a10b9d0fdd Extracting [>                                                  ]  163.8kB/15.35MB
 a752d85b289a Verifying Checksum 
 a752d85b289a Download complete 
 ddf49b9115d7 Downloading [=============================>                     ]  50.17MB/84.72MB
 283a477db7bb Extracting [==================================================>]  4.533MB/4.533MB
 56a10b9d0fdd Extracting [==========>                                        ]  3.277MB/15.35MB
 ddf49b9115d7 Downloading [==============================================>    ]  78.44MB/84.72MB
 283a477db7bb Pull complete 
 57c9a166c575 Downloading [==================================================>]  2.538kB/2.538kB
 57c9a166c575 Verifying Checksum 
 57c9a166c575 Download complete 
 ddf49b9115d7 Verifying Checksum 
 ddf49b9115d7 Download complete 
 56a10b9d0fdd Extracting [========================>                          ]  7.373MB/15.35MB
 91d2729fa4d5 Extracting [=>                                                 ]  32.77kB/1.45MB
 56a10b9d0fdd Extracting [================================>                  ]  9.994MB/15.35MB
 91d2729fa4d5 Extracting [==================================================>]   1.45MB/1.45MB
 ddf49b9115d7 Extracting [>                                                  ]  557.1kB/84.72MB
 20043066d3d5 Extracting [==========================================>        ]  25.56MB/29.72MB
 91d2729fa4d5 Pull complete 
 9739ced65621 Extracting [>                                                  ]   98.3kB/8.069MB
 56a10b9d0fdd Extracting [================================================>  ]  14.91MB/15.35MB
 44fabf20c8a1 Downloading [>                                                  ]  534.1kB/252.2MB
 56a10b9d0fdd Extracting [==================================================>]  15.35MB/15.35MB
 ddf49b9115d7 Extracting [>                                                  ]  1.671MB/84.72MB
 0dc15e54b214 Downloading [==================================================>]     298B/298B
 0dc15e54b214 Verifying Checksum 
 0dc15e54b214 Download complete 
 20043066d3d5 Extracting [==============================================>    ]  27.53MB/29.72MB
 9739ced65621 Extracting [==================>                                ]  2.949MB/8.069MB
 45ea1d560ab5 Downloading [=================>                                 ]  3.584kB/10.09kB
 45ea1d560ab5 Download complete 
 56a10b9d0fdd Pull complete 
 fa42f65f0d3f Extracting [==================================================>]      97B/97B
 fa42f65f0d3f Extracting [==================================================>]      97B/97B
 fa42f65f0d3f Pull complete 
 4f4fb700ef54 Extracting [==================================================>]      32B/32B
 4f4fb700ef54 Extracting [==================================================>]      32B/32B
 44fabf20c8a1 Downloading [===>                                               ]  18.15MB/252.2MB
 4f4fb700ef54 Pull complete 
 9e749293ebb8 Extracting [==================================================>]     572B/572B
 9e749293ebb8 Extracting [==================================================>]     572B/572B
 ddf49b9115d7 Extracting [==>                                                ]  5.014MB/84.72MB
 9739ced65621 Extracting [========================>                          ]  3.932MB/8.069MB
 9e749293ebb8 Pull complete 
 redis Pulled 
 20043066d3d5 Extracting [===============================================>   ]  28.18MB/29.72MB
 44fabf20c8a1 Downloading [========>                                          ]   41.6MB/252.2MB
 3a66822889ec Downloading [=============================================>     ]  3.585kB/3.958kB
 3a66822889ec Downloading [==================================================>]  3.958kB/3.958kB
 3a66822889ec Verifying Checksum 
 3a66822889ec Download complete 
 ddf49b9115d7 Extracting [=====>                                             ]  8.913MB/84.72MB
 9739ced65621 Extracting [=============================>                     ]  4.817MB/8.069MB
 cf11b2a25e23 Downloading [==================================================>]  1.883kB/1.883kB
 cf11b2a25e23 Verifying Checksum 
 cf11b2a25e23 Download complete 
 20043066d3d5 Extracting [=================================================> ]  29.16MB/29.72MB
 44fabf20c8a1 Downloading [=============>                                     ]  68.78MB/252.2MB
 ddf49b9115d7 Extracting [=======>                                           ]  12.26MB/84.72MB
 9739ced65621 Extracting [======================================>            ]  6.193MB/8.069MB
 44fabf20c8a1 Downloading [===================>                               ]  97.09MB/252.2MB
 9739ced65621 Extracting [==================================================>]  8.069MB/8.069MB
 20043066d3d5 Extracting [=================================================> ]  29.49MB/29.72MB
 be7444f2e9d6 Downloading [>                                                  ]  3.583kB/211.5kB
 44fabf20c8a1 Downloading [========================>                          ]  122.7MB/252.2MB
 be7444f2e9d6 Downloading [==================================================>]  211.5kB/211.5kB
 be7444f2e9d6 Verifying Checksum 
 be7444f2e9d6 Download complete 
 20043066d3d5 Extracting [==================================================>]  29.72MB/29.72MB
 9739ced65621 Pull complete 
 ae3bb1b347a4 Extracting [=>                                                 ]  32.77kB/1.196MB
 44fabf20c8a1 Downloading [=============================>                     ]  150.4MB/252.2MB
 20043066d3d5 Pull complete 
 fbda4a386d13 Extracting [>                                                  ]  458.8kB/43.48MB
 ae3bb1b347a4 Extracting [==================================================>]  1.196MB/1.196MB
 ae3bb1b347a4 Extracting [==================================================>]  1.196MB/1.196MB
 44fabf20c8a1 Downloading [==================================>                ]  175.4MB/252.2MB
 fbda4a386d13 Extracting [======>                                            ]  5.505MB/43.48MB
 ddf49b9115d7 Extracting [========>                                          ]  15.04MB/84.72MB
 44fabf20c8a1 Downloading [========================================>          ]  204.2MB/252.2MB
 ae3bb1b347a4 Pull complete 
 f8406d9c00ea Extracting [==================================================>]     116B/116B
 f8406d9c00ea Extracting [==================================================>]     116B/116B
 fbda4a386d13 Extracting [============>                                      ]  10.55MB/43.48MB
 44fabf20c8a1 Downloading [=============================================>     ]  227.2MB/252.2MB
 ddf49b9115d7 Extracting [===========>                                       ]  18.94MB/84.72MB
 f8406d9c00ea Pull complete 
 c199bff16b05 Extracting [==================================================>]  3.145kB/3.145kB
 44fabf20c8a1 Verifying Checksum 
 44fabf20c8a1 Download complete 
 fbda4a386d13 Extracting [================>                                  ]  14.68MB/43.48MB
 c199bff16b05 Pull complete 
 ddf49b9115d7 Extracting [===========>                                       ]   19.5MB/84.72MB
 e0d55fdb4d15 Extracting [>                                                  ]  557.1kB/109MB
 fbda4a386d13 Extracting [========================>                          ]   21.1MB/43.48MB
 ddf49b9115d7 Extracting [============>                                      ]  20.61MB/84.72MB
 e0d55fdb4d15 Extracting [==>                                                ]  5.014MB/109MB
 fbda4a386d13 Extracting [===============================>                   ]  27.53MB/43.48MB
 ddf49b9115d7 Extracting [=============>                                     ]  22.84MB/84.72MB
 e0d55fdb4d15 Extracting [===>                                               ]  8.356MB/109MB
 fbda4a386d13 Extracting [====================================>              ]  31.65MB/43.48MB
 ddf49b9115d7 Extracting [===============>                                   ]  26.18MB/84.72MB
 fbda4a386d13 Extracting [===========================================>       ]  38.08MB/43.48MB
 e0d55fdb4d15 Extracting [=====>                                             ]   11.7MB/109MB
 ddf49b9115d7 Extracting [=================>                                 ]  30.08MB/84.72MB
 fbda4a386d13 Extracting [==================================================>]  43.48MB/43.48MB
 e0d55fdb4d15 Extracting [======>                                            ]  15.04MB/109MB
 fbda4a386d13 Pull complete 
 257b1af0856e Extracting [>                                                  ]   98.3kB/7.468MB
 ddf49b9115d7 Extracting [=====================>                             ]  35.65MB/84.72MB
 e0d55fdb4d15 Extracting [========>                                          ]  17.83MB/109MB
 257b1af0856e Extracting [===========>                                       ]  1.671MB/7.468MB
 ddf49b9115d7 Extracting [========================>                          ]  41.78MB/84.72MB
 e0d55fdb4d15 Extracting [=========>                                         ]  21.73MB/109MB
 257b1af0856e Extracting [============================================>      ]  6.685MB/7.468MB
 257b1af0856e Extracting [==================================================>]  7.468MB/7.468MB
 257b1af0856e Extracting [==================================================>]  7.468MB/7.468MB
 ddf49b9115d7 Extracting [============================>                      ]  47.91MB/84.72MB
 257b1af0856e Pull complete 
 e5fbc57eeafe Extracting [==================================================>]  9.472kB/9.472kB
 e5fbc57eeafe Extracting [==================================================>]  9.472kB/9.472kB
 e0d55fdb4d15 Extracting [===========>                                       ]  24.51MB/109MB
 e5fbc57eeafe Pull complete 
 ddf49b9115d7 Extracting [================================>                  ]  54.59MB/84.72MB
 f19b7ac6489f Extracting [>                                                  ]  229.4kB/21.31MB
 e0d55fdb4d15 Extracting [=============>                                     ]  28.97MB/109MB
 f19b7ac6489f Extracting [========>                                          ]  3.441MB/21.31MB
 ddf49b9115d7 Extracting [==================================>                ]  57.93MB/84.72MB
 e0d55fdb4d15 Extracting [================>                                  ]  36.21MB/109MB
 f19b7ac6489f Extracting [==================>                                ]  8.028MB/21.31MB
 ddf49b9115d7 Extracting [===================================>               ]   59.6MB/84.72MB
 e0d55fdb4d15 Extracting [===================>                               ]  43.45MB/109MB
 f19b7ac6489f Extracting [========================>                          ]  10.55MB/21.31MB
 e0d55fdb4d15 Extracting [=======================>                           ]  51.25MB/109MB
 ddf49b9115d7 Extracting [===================================>               ]  60.72MB/84.72MB
 f19b7ac6489f Extracting [================================>                  ]  13.76MB/21.31MB
 e0d55fdb4d15 Extracting [========================>                          ]  54.03MB/109MB
 f19b7ac6489f Extracting [====================================>              ]   15.6MB/21.31MB
 e0d55fdb4d15 Extracting [===========================>                       ]  59.05MB/109MB
 ddf49b9115d7 Extracting [====================================>              ]  61.83MB/84.72MB
 f19b7ac6489f Extracting [========================================>          ]   17.2MB/21.31MB
 e0d55fdb4d15 Extracting [==============================>                    ]  66.29MB/109MB
 f19b7ac6489f Extracting [===========================================>       ]  18.58MB/21.31MB
 e0d55fdb4d15 Extracting [==================================>                ]  74.65MB/109MB
 ddf49b9115d7 Extracting [======================================>            ]  65.18MB/84.72MB
 e0d55fdb4d15 Extracting [=====================================>             ]  81.33MB/109MB
 ddf49b9115d7 Extracting [=======================================>           ]  66.85MB/84.72MB
 e0d55fdb4d15 Extracting [========================================>          ]  89.13MB/109MB
 f19b7ac6489f Extracting [================================================>  ]  20.87MB/21.31MB
 ddf49b9115d7 Extracting [=========================================>         ]  69.63MB/84.72MB
 f19b7ac6489f Extracting [==================================================>]  21.31MB/21.31MB
 e0d55fdb4d15 Extracting [==========================================>        ]  92.47MB/109MB
 ddf49b9115d7 Extracting [===========================================>       ]  73.53MB/84.72MB
 e0d55fdb4d15 Extracting [===========================================>       ]   94.7MB/109MB
 e0d55fdb4d15 Extracting [============================================>      ]  96.37MB/109MB
 e0d55fdb4d15 Extracting [============================================>      ]  96.93MB/109MB
 ddf49b9115d7 Extracting [=============================================>     ]  76.32MB/84.72MB
 f19b7ac6489f Pull complete 
 0f9a1c409bb2 Extracting [==================================================>]     188B/188B
 0f9a1c409bb2 Extracting [==================================================>]     188B/188B
 e0d55fdb4d15 Extracting [============================================>      ]  98.04MB/109MB
 ddf49b9115d7 Extracting [=============================================>     ]  76.87MB/84.72MB
 0f9a1c409bb2 Pull complete 
 d5d9860a5545 Extracting [==================================================>]     109B/109B
 d5d9860a5545 Extracting [==================================================>]     109B/109B
 d5d9860a5545 Pull complete 
 fc030d7bf8ba Extracting [==================================================>]     617B/617B
 fc030d7bf8ba Extracting [==================================================>]     617B/617B
 fc030d7bf8ba Pull complete 
 c5ec72a0a4d4 Extracting [==================================================>]     831B/831B
 c5ec72a0a4d4 Extracting [==================================================>]     831B/831B
 c5ec72a0a4d4 Pull complete 
 a51622689fc8 Extracting [>                                                  ]  131.1kB/12.47MB
 e0d55fdb4d15 Extracting [=============================================>     ]  99.71MB/109MB
 ddf49b9115d7 Extracting [=============================================>     ]  77.43MB/84.72MB
 a51622689fc8 Extracting [===============>                                   ]  3.932MB/12.47MB
 e0d55fdb4d15 Extracting [==============================================>    ]  101.9MB/109MB
 a51622689fc8 Extracting [========================>                          ]   6.16MB/12.47MB
 ddf49b9115d7 Extracting [===============================================>   ]  80.22MB/84.72MB
 e0d55fdb4d15 Extracting [===============================================>   ]  103.6MB/109MB
 a51622689fc8 Extracting [===========================>                       ]  6.816MB/12.47MB
 e0d55fdb4d15 Extracting [================================================>  ]  105.3MB/109MB
 a51622689fc8 Extracting [====================================>              ]  9.175MB/12.47MB
 e0d55fdb4d15 Extracting [=================================================> ]    107MB/109MB
 a51622689fc8 Extracting [===========================================>       ]  10.88MB/12.47MB
 ddf49b9115d7 Extracting [===============================================>   ]  80.77MB/84.72MB
 a51622689fc8 Extracting [==================================================>]  12.47MB/12.47MB
 a51622689fc8 Pull complete 
 rabbitmq Pulled 
 ddf49b9115d7 Extracting [================================================>  ]  81.89MB/84.72MB
 ddf49b9115d7 Extracting [==================================================>]  84.72MB/84.72MB
 ddf49b9115d7 Pull complete 
 e0d55fdb4d15 Extracting [=================================================> ]  107.5MB/109MB
 a752d85b289a Extracting [>                                                  ]  262.1kB/25.12MB
 e0d55fdb4d15 Extracting [=================================================> ]  108.6MB/109MB
 a752d85b289a Extracting [=========>                                         ]  4.981MB/25.12MB
 e0d55fdb4d15 Extracting [==================================================>]    109MB/109MB
 e0d55fdb4d15 Pull complete 
 c1cb13b19080 Extracting [==================================================>]  9.925kB/9.925kB
 c1cb13b19080 Extracting [==================================================>]  9.925kB/9.925kB
 c1cb13b19080 Pull complete 
 873532e5f8c7 Extracting [==================================================>]     128B/128B
 873532e5f8c7 Extracting [==================================================>]     128B/128B
 873532e5f8c7 Pull complete 
 050d9f8c3b1c Extracting [==================================================>]     169B/169B
 050d9f8c3b1c Extracting [==================================================>]     169B/169B
 050d9f8c3b1c Pull complete 
 710e142705f8 Extracting [==================================================>]  5.421kB/5.421kB
 710e142705f8 Extracting [==================================================>]  5.421kB/5.421kB
 710e142705f8 Pull complete 
 cb628c265f09 Extracting [==================================================>]     184B/184B
 cb628c265f09 Extracting [==================================================>]     184B/184B
 a752d85b289a Extracting [==========>                                        ]  5.243MB/25.12MB
 cb628c265f09 Pull complete 
 postgresql Pulled 
 a752d85b289a Extracting [============>                                      ]  6.029MB/25.12MB
 a752d85b289a Extracting [===============>                                   ]  7.602MB/25.12MB
 a752d85b289a Extracting [===================>                               ]  9.961MB/25.12MB
 a752d85b289a Extracting [===============================>                   ]  15.73MB/25.12MB
 a752d85b289a Extracting [=======================================>           ]  19.66MB/25.12MB
 a752d85b289a Extracting [=======================================>           ]  19.92MB/25.12MB
 a752d85b289a Extracting [========================================>          ]  20.19MB/25.12MB
 a752d85b289a Extracting [========================================>          ]  20.45MB/25.12MB
 a752d85b289a Extracting [==================================================>]  25.12MB/25.12MB
 a752d85b289a Pull complete 
 57c9a166c575 Extracting [==================================================>]  2.538kB/2.538kB
 57c9a166c575 Extracting [==================================================>]  2.538kB/2.538kB
 57c9a166c575 Pull complete 
 44fabf20c8a1 Extracting [>                                                  ]  557.1kB/252.2MB
 44fabf20c8a1 Extracting [=====>                                             ]  27.85MB/252.2MB
 44fabf20c8a1 Extracting [===========>                                       ]  55.71MB/252.2MB
 44fabf20c8a1 Extracting [================>                                  ]  82.44MB/252.2MB
 44fabf20c8a1 Extracting [==================>                                ]  91.91MB/252.2MB
 44fabf20c8a1 Extracting [===================>                               ]  100.8MB/252.2MB
 44fabf20c8a1 Extracting [=====================>                             ]  110.9MB/252.2MB
 44fabf20c8a1 Extracting [=======================>                           ]  120.3MB/252.2MB
 44fabf20c8a1 Extracting [=========================>                         ]  129.2MB/252.2MB
 44fabf20c8a1 Extracting [===========================>                       ]  138.1MB/252.2MB
 44fabf20c8a1 Extracting [=============================>                     ]  146.5MB/252.2MB
 44fabf20c8a1 Extracting [==============================>                    ]  154.9MB/252.2MB
 44fabf20c8a1 Extracting [================================>                  ]  163.8MB/252.2MB
 44fabf20c8a1 Extracting [===================================>               ]  180.5MB/252.2MB
 44fabf20c8a1 Extracting [=======================================>           ]  201.7MB/252.2MB
 44fabf20c8a1 Extracting [==========================================>        ]  214.5MB/252.2MB
 44fabf20c8a1 Extracting [============================================>      ]  226.2MB/252.2MB
 44fabf20c8a1 Extracting [==============================================>    ]  235.6MB/252.2MB
 44fabf20c8a1 Extracting [=================================================> ]    249MB/252.2MB
 44fabf20c8a1 Extracting [==================================================>]  252.2MB/252.2MB
 44fabf20c8a1 Pull complete 
 45ea1d560ab5 Extracting [==================================================>]  10.09kB/10.09kB
 45ea1d560ab5 Extracting [==================================================>]  10.09kB/10.09kB
 45ea1d560ab5 Pull complete 
 0dc15e54b214 Extracting [==================================================>]     298B/298B
 0dc15e54b214 Extracting [==================================================>]     298B/298B
 0dc15e54b214 Pull complete 
 cf11b2a25e23 Extracting [==================================================>]  1.883kB/1.883kB
 cf11b2a25e23 Extracting [==================================================>]  1.883kB/1.883kB
 cf11b2a25e23 Pull complete 
 3a66822889ec Extracting [==================================================>]  3.958kB/3.958kB
 3a66822889ec Extracting [==================================================>]  3.958kB/3.958kB
 3a66822889ec Pull complete 
 be7444f2e9d6 Extracting [=======>                                           ]  32.77kB/211.5kB
 be7444f2e9d6 Extracting [==================================================>]  211.5kB/211.5kB
 be7444f2e9d6 Extracting [==================================================>]  211.5kB/211.5kB
 be7444f2e9d6 Pull complete 
 elasticsearch Pulled 
 Network docker_services_cli_default  Creating
 Network docker_services_cli_default  Created
 Container docker_services_cli-redis-1  Creating
 Container docker_services_cli-postgresql-1  Creating
 Container docker_services_cli-rabbitmq-1  Creating
 Container docker_services_cli-elasticsearch-1  Creating
 Container docker_services_cli-postgresql-1  Created
 Container docker_services_cli-rabbitmq-1  Created
 Container docker_services_cli-elasticsearch-1  Created
 Container docker_services_cli-redis-1  Created
 Container docker_services_cli-postgresql-1  Starting
 Container docker_services_cli-rabbitmq-1  Starting
 Container docker_services_cli-redis-1  Starting
 Container docker_services_cli-elasticsearch-1  Starting
 Container docker_services_cli-redis-1  Started
 Container docker_services_cli-postgresql-1  Started
 Container docker_services_cli-rabbitmq-1  Started
 Container docker_services_cli-elasticsearch-1  Started
::warning file=/home/runner/work/invenio-bug-verification/invenio-bug-verification/package-repo/.venv/lib/python3.12/site-packages/passlib/utils/__init__.py,line=854::'crypt' is deprecated and slated for removal in Python 3.13
::warning file=/home/runner/work/invenio-bug-verification/invenio-bug-verification/package-repo/.venv/lib/python3.12/site-packages/marshmallow_utils/fields/generated.py,line=12::The '__version_info__' attribute is deprecated and will be removed in in a future version. Use feature detection or 'packaging.Version(importlib.metadata.version("marshmallow")).release' instead.
::warning file=/home/runner/work/invenio-bug-verification/invenio-bug-verification/package-repo/.venv/lib/python3.12/site-packages/marshmallow_utils/fields/generated.py,line=12::The '__version_info__' attribute is deprecated and will be removed in in a future version. Use feature detection or 'packaging.Version(importlib.metadata.version("marshmallow")).release' instead.
::warning file=/home/runner/work/invenio-bug-verification/invenio-bug-verification/package-repo/.venv/lib/python3.12/site-packages/jsonresolver/contrib/jsonschema.py,line=31::jsonschema.RefResolver is deprecated as of v4.18.0, in favor of the https://github.com/python-jsonschema/referencing library, which provides more compliant referencing behavior as well as more flexible APIs for customization. A future release will remove RefResolver. Please file a feature request (on referencing) if you are missing an API for the kind of customization you need.
::warning file=/home/runner/work/invenio-bug-verification/invenio-bug-verification/package-repo/.venv/lib/python3.12/site-packages/jsonresolver/contrib/jsonschema.py,line=31::jsonschema.RefResolver is deprecated as of v4.18.0, in favor of the https://github.com/python-jsonschema/referencing library, which provides more compliant referencing behavior as well as more flexible APIs for customization. A future release will remove RefResolver. Please file a feature request (on referencing) if you are missing an API for the kind of customization you need.
::warning file=/home/runner/work/invenio-bug-verification/invenio-bug-verification/package-repo/.venv/lib/python3.12/site-packages/invenio_records/resolver.py,line=14::jsonschema.exceptions.RefResolutionError is deprecated as of version 4.18.0. If you wish to catch potential reference resolution errors, directly catch referencing.exceptions.Unresolvable.
::warning file=/home/runner/work/invenio-bug-verification/invenio-bug-verification/package-repo/.venv/lib/python3.12/site-packages/invenio_records/resolver.py,line=14::jsonschema.RefResolver is deprecated as of v4.18.0, in favor of the https://github.com/python-jsonschema/referencing library, which provides more compliant referencing behavior as well as more flexible APIs for customization. A future release will remove RefResolver. Please file a feature request (on referencing) if you are missing an API for the kind of customization you need.
::warning file=/home/runner/work/invenio-bug-verification/invenio-bug-verification/package-repo/.venv/lib/python3.12/site-packages/invenio_records/resolver.py,line=14::jsonschema.exceptions.RefResolutionError is deprecated as of version 4.18.0. If you wish to catch potential reference resolution errors, directly catch referencing.exceptions.Unresolvable.
::warning file=/home/runner/work/invenio-bug-verification/invenio-bug-verification/package-repo/.venv/lib/python3.12/site-packages/invenio_records/resolver.py,line=14::jsonschema.RefResolver is deprecated as of v4.18.0, in favor of the https://github.com/python-jsonschema/referencing library, which provides more compliant referencing behavior as well as more flexible APIs for customization. A future release will remove RefResolver. Please file a feature request (on referencing) if you are missing an API for the kind of customization you need.
::warning file=/home/runner/work/invenio-bug-verification/invenio-bug-verification/package-repo/.venv/lib/python3.12/site-packages/fs/__init__.py,line=4::pkg_resources is deprecated as an API. See https://setuptools.pypa.io/en/latest/pkg_resources.html. The pkg_resources package is slated for removal as early as 2025-11-30. Refrain from using this package or pin to Setuptools<81.
::warning file=/home/runner/work/invenio-bug-verification/invenio-bug-verification/package-repo/.venv/lib/python3.12/site-packages/pkg_resources/__init__.py,line=3146::Deprecated call to `pkg_resources.declare_namespace('sphinxcontrib')`.%0AImplementing implicit namespace packages (as specified in PEP 420) is preferred to `pkg_resources.declare_namespace`. See https://setuptools.pypa.io/en/latest/references/keywords.html#keyword-namespace-packages
::warning file=/home/runner/work/invenio-bug-verification/invenio-bug-verification/package-repo/.venv/lib/python3.12/site-packages/fs/__init__.py,line=4::Deprecated call to `pkg_resources.declare_namespace('fs')`.%0AImplementing implicit namespace packages (as specified in PEP 420) is preferred to `pkg_resources.declare_namespace`. See https://setuptools.pypa.io/en/latest/references/keywords.html#keyword-namespace-packages
::warning file=/home/runner/work/invenio-bug-verification/invenio-bug-verification/package-repo/.venv/lib/python3.12/site-packages/fs/opener/__init__.py,line=6::Deprecated call to `pkg_resources.declare_namespace('fs.opener')`.%0AImplementing implicit namespace packages (as specified in PEP 420) is preferred to `pkg_resources.declare_namespace`. See https://setuptools.pypa.io/en/latest/references/keywords.html#keyword-namespace-packages
::warning file=/home/runner/work/invenio-bug-verification/invenio-bug-verification/package-repo/.venv/lib/python3.12/site-packages/pkg_resources/__init__.py,line=2558::Deprecated call to `pkg_resources.declare_namespace('fs')`.%0AImplementing implicit namespace packages (as specified in PEP 420) is preferred to `pkg_resources.declare_namespace`. See https://setuptools.pypa.io/en/latest/references/keywords.html#keyword-namespace-packages
::warning file=/home/runner/work/invenio-bug-verification/invenio-bug-verification/package-repo/.venv/lib/python3.12/site-packages/invenio_records_resources/services/files/schema.py,line=154::The 'default' argument to fields is deprecated. Use 'dump_default' instead.
::warning file=/home/runner/work/invenio-bug-verification/invenio-bug-verification/package-repo/.venv/lib/python3.12/site-packages/invenio_records_resources/services/base/links.py,line=140::Link is deprecated and will be removed in v14.0. Use `ExternalLink` for third-party links and `EndpointLink` for InvenioRDM links.
::warning file=/home/runner/work/invenio-bug-verification/invenio-bug-verification/package-repo/.venv/lib/python3.12/site-packages/invenio_records_resources/services/base/links.py,line=140::Link is deprecated and will be removed in v14.0. Use `ExternalLink` for third-party links and `EndpointLink` for InvenioRDM links.
::warning file=/home/runner/work/invenio-bug-verification/invenio-bug-verification/package-repo/.venv/lib/python3.12/site-packages/invenio_records_resources/services/base/links.py,line=140::Link is deprecated and will be removed in v14.0. Use `ExternalLink` for third-party links and `EndpointLink` for InvenioRDM links.
::warning file=/home/runner/work/invenio-bug-verification/invenio-bug-verification/package-repo/.venv/lib/python3.12/site-packages/invenio_records_resources/services/base/links.py,line=140::Link is deprecated and will be removed in v14.0. Use `ExternalLink` for third-party links and `EndpointLink` for InvenioRDM links.
::warning file=/home/runner/work/invenio-bug-verification/invenio-bug-verification/package-repo/.venv/lib/python3.12/site-packages/invenio_records_resources/services/base/links.py,line=140::Link is deprecated and will be removed in v14.0. Use `ExternalLink` for third-party links and `EndpointLink` for InvenioRDM links.
::warning file=/home/runner/work/invenio-bug-verification/invenio-bug-verification/package-repo/.venv/lib/python3.12/site-packages/invenio_records_resources/services/base/links.py,line=140::Link is deprecated and will be removed in v14.0. Use `ExternalLink` for third-party links and `EndpointLink` for InvenioRDM links.
::warning file=/home/runner/work/invenio-bug-verification/invenio-bug-verification/package-repo/.venv/lib/python3.12/site-packages/invenio_records_resources/services/base/links.py,line=140::Link is deprecated and will be removed in v14.0. Use `ExternalLink` for third-party links and `EndpointLink` for InvenioRDM links.
::warning file=/home/runner/work/invenio-bug-verification/invenio-bug-verification/package-repo/.venv/lib/python3.12/site-packages/invenio_records_resources/services/base/links.py,line=140::Link is deprecated and will be removed in v14.0. Use `ExternalLink` for third-party links and `EndpointLink` for InvenioRDM links.
::warning file=/home/runner/work/invenio-bug-verification/invenio-bug-verification/package-repo/.venv/lib/python3.12/site-packages/invenio_records_resources/services/base/links.py,line=140::Link is deprecated and will be removed in v14.0. Use `ExternalLink` for third-party links and `EndpointLink` for InvenioRDM links.
::warning file=/home/runner/work/invenio-bug-verification/invenio-bug-verification/package-repo/.venv/lib/python3.12/site-packages/invenio_records_resources/services/base/links.py,line=140::Link is deprecated and will be removed in v14.0. Use `ExternalLink` for third-party links and `EndpointLink` for InvenioRDM links.
::warning file=/home/runner/work/invenio-bug-verification/invenio-bug-verification/package-repo/.venv/lib/python3.12/site-packages/invenio_records_resources/services/base/links.py,line=140::Link is deprecated and will be removed in v14.0. Use `ExternalLink` for third-party links and `EndpointLink` for InvenioRDM links.
::warning file=/home/runner/work/invenio-bug-verification/invenio-bug-verification/package-repo/.venv/lib/python3.12/site-packages/invenio_records_resources/services/base/links.py,line=140::Link is deprecated and will be removed in v14.0. Use `ExternalLink` for third-party links and `EndpointLink` for InvenioRDM links.
::warning file=/home/runner/work/invenio-bug-verification/invenio-bug-verification/package-repo/.venv/lib/python3.12/site-packages/invenio_records_resources/services/base/links.py,line=140::Link is deprecated and will be removed in v14.0. Use `ExternalLink` for third-party links and `EndpointLink` for InvenioRDM links.
::warning file=/home/runner/work/invenio-bug-verification/invenio-bug-verification/package-repo/.venv/lib/python3.12/site-packages/invenio_records_resources/services/base/links.py,line=140::Link is deprecated and will be removed in v14.0. Use `ExternalLink` for third-party links and `EndpointLink` for InvenioRDM links.
::warning file=/home/runner/work/invenio-bug-verification/invenio-bug-verification/package-repo/.venv/lib/python3.12/site-packages/invenio_records_resources/services/base/links.py,line=140::Link is deprecated and will be removed in v14.0. Use `ExternalLink` for third-party links and `EndpointLink` for InvenioRDM links.
::warning file=/home/runner/work/invenio-bug-verification/invenio-bug-verification/package-repo/.venv/lib/python3.12/site-packages/invenio_records_resources/services/base/links.py,line=140::Link is deprecated and will be removed in v14.0. Use `ExternalLink` for third-party links and `EndpointLink` for InvenioRDM links.
::warning file=/home/runner/work/invenio-bug-verification/invenio-bug-verification/package-repo/.venv/lib/python3.12/site-packages/invenio_records_resources/services/base/links.py,line=140::Link is deprecated and will be removed in v14.0. Use `ExternalLink` for third-party links and `EndpointLink` for InvenioRDM links.
::warning file=/home/runner/work/invenio-bug-verification/invenio-bug-verification/package-repo/.venv/lib/python3.12/site-packages/invenio_records_resources/services/base/links.py,line=140::Link is deprecated and will be removed in v14.0. Use `ExternalLink` for third-party links and `EndpointLink` for InvenioRDM links.
::warning file=/home/runner/work/invenio-bug-verification/invenio-bug-verification/package-repo/.venv/lib/python3.12/site-packages/invenio_records_resources/services/base/links.py,line=140::Link is deprecated and will be removed in v14.0. Use `ExternalLink` for third-party links and `EndpointLink` for InvenioRDM links.
::warning file=/home/runner/work/invenio-bug-verification/invenio-bug-verification/package-repo/.venv/lib/python3.12/site-packages/invenio_records_resources/services/base/links.py,line=140::Link is deprecated and will be removed in v14.0. Use `ExternalLink` for third-party links and `EndpointLink` for InvenioRDM links.
::warning file=/home/runner/work/invenio-bug-verification/invenio-bug-verification/package-repo/.venv/lib/python3.12/site-packages/marshmallow/fields.py,line=986::The 'default' argument to fields is deprecated. Use 'dump_default' instead.
::warning file=/home/runner/work/invenio-bug-verification/invenio-bug-verification/package-repo/.venv/lib/python3.12/site-packages/marshmallow/fields.py,line=986::The 'default' argument to fields is deprecated. Use 'dump_default' instead.
::warning file=/home/runner/work/invenio-bug-verification/invenio-bug-verification/package-repo/.venv/lib/python3.12/site-packages/marshmallow/fields.py,line=986::The 'default' argument to fields is deprecated. Use 'dump_default' instead.
::warning file=/home/runner/work/invenio-bug-verification/invenio-bug-verification/package-repo/.venv/lib/python3.12/site-packages/marshmallow/fields.py,line=986::The 'default' argument to fields is deprecated. Use 'dump_default' instead.
::warning file=/home/runner/work/invenio-bug-verification/invenio-bug-verification/package-repo/.venv/lib/python3.12/site-packages/marshmallow/fields.py,line=986::The 'default' argument to fields is deprecated. Use 'dump_default' instead.
::warning file=/home/runner/work/invenio-bug-verification/invenio-bug-verification/package-repo/.venv/lib/python3.12/site-packages/marshmallow/utils.py,line=361::`Field` should not be instantiated. Use `fields.Raw` or  another field subclass instead.
::warning file=/home/runner/work/invenio-bug-verification/invenio-bug-verification/package-repo/.venv/lib/python3.12/site-packages/invenio_records_resources/services/base/links.py,line=140::Link is deprecated and will be removed in v14.0. Use `ExternalLink` for third-party links and `EndpointLink` for InvenioRDM links.
::warning file=/home/runner/work/invenio-bug-verification/invenio-bug-verification/package-repo/.venv/lib/python3.12/site-packages/invenio_records_resources/services/base/links.py,line=140::Link is deprecated and will be removed in v14.0. Use `ExternalLink` for third-party links and `EndpointLink` for InvenioRDM links.
::warning file=/home/runner/work/invenio-bug-verification/invenio-bug-verification/package-repo/.venv/lib/python3.12/site-packages/invenio_records_resources/services/base/links.py,line=140::Link is deprecated and will be removed in v14.0. Use `ExternalLink` for third-party links and `EndpointLink` for InvenioRDM links.
::warning file=/home/runner/work/invenio-bug-verification/invenio-bug-verification/package-repo/.venv/lib/python3.12/site-packages/invenio_records_resources/services/base/links.py,line=140::Link is deprecated and will be removed in v14.0. Use `ExternalLink` for third-party links and `EndpointLink` for InvenioRDM links.
::warning file=/home/runner/work/invenio-bug-verification/invenio-bug-verification/package-repo/.venv/lib/python3.12/site-packages/invenio_records_resources/services/base/links.py,line=140::Link is deprecated and will be removed in v14.0. Use `ExternalLink` for third-party links and `EndpointLink` for InvenioRDM links.
::warning file=/home/runner/work/invenio-bug-verification/invenio-bug-verification/package-repo/.venv/lib/python3.12/site-packages/invenio_records_resources/services/base/links.py,line=140::Link is deprecated and will be removed in v14.0. Use `ExternalLink` for third-party links and `EndpointLink` for InvenioRDM links.
::warning file=/home/runner/work/invenio-bug-verification/invenio-bug-verification/package-repo/.venv/lib/python3.12/site-packages/invenio_records_resources/services/base/links.py,line=140::Link is deprecated and will be removed in v14.0. Use `ExternalLink` for third-party links and `EndpointLink` for InvenioRDM links.
::warning file=/home/runner/work/invenio-bug-verification/invenio-bug-verification/package-repo/.venv/lib/python3.12/site-packages/invenio_records_resources/services/base/links.py,line=140::Link is deprecated and will be removed in v14.0. Use `ExternalLink` for third-party links and `EndpointLink` for InvenioRDM links.
::warning file=/home/runner/work/invenio-bug-verification/invenio-bug-verification/package-repo/.venv/lib/python3.12/site-packages/invenio_records_resources/services/base/links.py,line=140::Link is deprecated and will be removed in v14.0. Use `ExternalLink` for third-party links and `EndpointLink` for InvenioRDM links.
::warning file=/home/runner/work/invenio-bug-verification/invenio-bug-verification/package-repo/.venv/lib/python3.12/site-packages/invenio_records_resources/services/base/links.py,line=140::Link is deprecated and will be removed in v14.0. Use `ExternalLink` for third-party links and `EndpointLink` for InvenioRDM links.
::warning file=/home/runner/work/invenio-bug-verification/invenio-bug-verification/package-repo/.venv/lib/python3.12/site-packages/invenio_records_resources/services/base/links.py,line=140::Link is deprecated and will be removed in v14.0. Use `ExternalLink` for third-party links and `EndpointLink` for InvenioRDM links.
::warning file=/home/runner/work/invenio-bug-verification/invenio-bug-verification/package-repo/.venv/lib/python3.12/site-packages/invenio_records_resources/services/base/links.py,line=140::Link is deprecated and will be removed in v14.0. Use `ExternalLink` for third-party links and `EndpointLink` for InvenioRDM links.
::warning file=/home/runner/work/invenio-bug-verification/invenio-bug-verification/package-repo/.venv/lib/python3.12/site-packages/invenio_records_resources/services/base/links.py,line=140::Link is deprecated and will be removed in v14.0. Use `ExternalLink` for third-party links and `EndpointLink` for InvenioRDM links.
::warning file=/home/runner/work/invenio-bug-verification/invenio-bug-verification/package-repo/.venv/lib/python3.12/site-packages/invenio_records_resources/services/base/links.py,line=140::Link is deprecated and will be removed in v14.0. Use `ExternalLink` for third-party links and `EndpointLink` for InvenioRDM links.
::warning file=/home/runner/work/invenio-bug-verification/invenio-bug-verification/package-repo/.venv/lib/python3.12/site-packages/invenio_records_resources/services/base/links.py,line=140::Link is deprecated and will be removed in v14.0. Use `ExternalLink` for third-party links and `EndpointLink` for InvenioRDM links.
============================= test session starts ==============================
platform linux -- Python 3.12.12, pytest-8.4.2, pluggy-1.6.0
rootdir: /home/runner/work/invenio-bug-verification/invenio-bug-verification/package-repo
configfile: setup.cfg
testpaths: docs, tests, invenio_jobs
plugins: github-actions-annotate-failures-0.3.0, pycodestyle-2.5.0, flask-1.3.0, black-ng-0.4.1, invenio-3.4.2, isort-4.0.0, cov-7.0.0, pydocstyle-2.4.0
collected 174 items

docs/conf.py ...                                                         [  1%]
tests/conftest.py ...                                                    [  3%]
tests/mock_module/__init__.py ...                                        [  5%]
tests/mock_module/jobs.py ...                                            [  6%]
tests/mock_module/tasks.py ...                                           [  8%]
tests/resources/test_resources.py ...s.::warning file=/home/runner/work/invenio-bug-verification/invenio-bug-verification/package-repo/.venv/lib/python3.12/site-packages/invenio_records_resources/services/records/schema.py,line=90::The `context` parameter is deprecated and will be removed in marshmallow 4.0. Use `contextvars.ContextVar` to pass context instead.
::warning file=/home/runner/work/invenio-bug-verification/invenio-bug-verification/package-repo/.venv/lib/python3.12/site-packages/sqlalchemy/sql/schema.py,line=3624::datetime.datetime.utcnow() is deprecated and scheduled for removal in a future version. Use timezone-aware objects to represent datetimes in UTC: datetime.datetime.now(datetime.UTC).
::warning file=/home/runner/work/invenio-bug-verification/invenio-bug-verification/package-repo/.venv/lib/python3.12/site-packages/sqlalchemy/sql/schema.py,line=3624::datetime.datetime.utcnow() is deprecated and scheduled for removal in a future version. Use timezone-aware objects to represent datetimes in UTC: datetime.datetime.now(datetime.UTC).
::warning file=/home/runner/work/invenio-bug-verification/invenio-bug-verification/package-repo/.venv/lib/python3.12/site-packages/invenio_records_resources/services/records/schema.py,line=105::The `context` parameter is deprecated and will be removed in marshmallow 4.0. Use `contextvars.ContextVar` to pass context instead.
::warning file=/home/runner/work/invenio-bug-verification/invenio-bug-verification/package-repo/.venv/lib/python3.12/site-packages/marshmallow/fields.py,line=631::The `context` parameter is deprecated and will be removed in marshmallow 4.0. Use `contextvars.ContextVar` to pass context instead.
::warning file=/home/runner/work/invenio-bug-verification/invenio-bug-verification/package-repo/.venv/lib/python3.12/site-packages/invenio_records_resources/services/records/schema.py,line=90::The `context` parameter is deprecated and will be removed in marshmallow 4.0. Use `contextvars.ContextVar` to pass context instead.
::warning file=/home/runner/work/invenio-bug-verification/invenio-bug-verification/package-repo/.venv/lib/python3.12/site-packages/marshmallow/fields.py,line=631::The `context` parameter is deprecated and will be removed in marshmallow 4.0. Use `contextvars.ContextVar` to pass context instead.
::warning file=/home/runner/work/invenio-bug-verification/invenio-bug-verification/package-repo/.venv/lib/python3.12/site-packages/sqlalchemy/sql/schema.py,line=3624::datetime.datetime.utcnow() is deprecated and scheduled for removal in a future version. Use timezone-aware objects to represent datetimes in UTC: datetime.datetime.now(datetime.UTC).
::warning file=/home/runner/work/invenio-bug-verification/invenio-bug-verification/package-repo/.venv/lib/python3.12/site-packages/sqlalchemy/sql/schema.py,line=3624::datetime.datetime.utcnow() is deprecated and scheduled for removal in a future version. Use timezone-aware objects to represent datetimes in UTC: datetime.datetime.now(datetime.UTC).
::warning file=/home/runner/work/invenio-bug-verification/invenio-bug-verification/package-repo/.venv/lib/python3.12/site-packages/invenio_records_resources/services/records/schema.py,line=105::The `context` parameter is deprecated and will be removed in marshmallow 4.0. Use `contextvars.ContextVar` to pass context instead.
::warning file=/home/runner/work/invenio-bug-verification/invenio-bug-verification/package-repo/.venv/lib/python3.12/site-packages/marshmallow/fields.py,line=631::The `context` parameter is deprecated and will be removed in marshmallow 4.0. Use `contextvars.ContextVar` to pass context instead.
.::warning file=/home/runner/work/invenio-bug-verification/invenio-bug-verification/package-repo/.venv/lib/python3.12/site-packages/pytest_invenio/user.py,line=36::datetime.datetime.utcnow() is deprecated and scheduled for removal in a future version. Use timezone-aware objects to represent datetimes in UTC: datetime.datetime.now(datetime.UTC).
::warning file=/home/runner/work/invenio-bug-verification/invenio-bug-verification/package-repo/.venv/lib/python3.12/site-packages/sqlalchemy/sql/schema.py,line=3624::datetime.datetime.utcnow() is deprecated and scheduled for removal in a future version. Use timezone-aware objects to represent datetimes in UTC: datetime.datetime.now(datetime.UTC).
::warning file=/home/runner/work/invenio-bug-verification/invenio-bug-verification/package-repo/.venv/lib/python3.12/site-packages/sqlalchemy/sql/schema.py,line=3624::datetime.datetime.utcnow() is deprecated and scheduled for removal in a future version. Use timezone-aware objects to represent datetimes in UTC: datetime.datetime.now(datetime.UTC).
::warning file=/home/runner/work/invenio-bug-verification/invenio-bug-verification/package-repo/.venv/lib/python3.12/site-packages/flask_security/datastore.py,line=235::The Query.get() method is considered legacy as of the 1.x series of SQLAlchemy and becomes a legacy construct in 2.0. The method is now available as Session.get() (deprecated since: 2.0)
::warning file=/home/runner/work/invenio-bug-verification/invenio-bug-verification/package-repo/.venv/lib/python3.12/site-packages/invenio_records_resources/services/records/schema.py,line=90::The `context` parameter is deprecated and will be removed in marshmallow 4.0. Use `contextvars.ContextVar` to pass context instead.
::warning file=/home/runner/work/invenio-bug-verification/invenio-bug-verification/package-repo/.venv/lib/python3.12/site-packages/marshmallow/fields.py,line=631::The `context` parameter is deprecated and will be removed in marshmallow 4.0. Use `contextvars.ContextVar` to pass context instead.
::warning file=/home/runner/work/invenio-bug-verification/invenio-bug-verification/package-repo/.venv/lib/python3.12/site-packages/sqlalchemy/sql/schema.py,line=3624::datetime.datetime.utcnow() is deprecated and scheduled for removal in a future version. Use timezone-aware objects to represent datetimes in UTC: datetime.datetime.now(datetime.UTC).
::warning file=/home/runner/work/invenio-bug-verification/invenio-bug-verification/package-repo/.venv/lib/python3.12/site-packages/sqlalchemy/sql/schema.py,line=3624::datetime.datetime.utcnow() is deprecated and scheduled for removal in a future version. Use timezone-aware objects to represent datetimes in UTC: datetime.datetime.now(datetime.UTC).
::warning file=/home/runner/work/invenio-bug-verification/invenio-bug-verification/package-repo/.venv/lib/python3.12/site-packages/invenio_records_resources/services/records/schema.py,line=90::The `context` parameter is deprecated and will be removed in marshmallow 4.0. Use `contextvars.ContextVar` to pass context instead.
::warning file=/home/runner/work/invenio-bug-verification/invenio-bug-verification/package-repo/.venv/lib/python3.12/site-packages/marshmallow/fields.py,line=631::The `context` parameter is deprecated and will be removed in marshmallow 4.0. Use `contextvars.ContextVar` to pass context instead.
::warning file=/home/runner/work/invenio-bug-verification/invenio-bug-verification/package-repo/.venv/lib/python3.12/site-packages/sqlalchemy/sql/schema.py,line=3624::datetime.datetime.utcnow() is deprecated and scheduled for removal in a future version. Use timezone-aware objects to represent datetimes in UTC: datetime.datetime.now(datetime.UTC).
::warning file=/home/runner/work/invenio-bug-verification/invenio-bug-verification/package-repo/.venv/lib/python3.12/site-packages/sqlalchemy/sql/schema.py,line=3624::datetime.datetime.utcnow() is deprecated and scheduled for removal in a future version. Use timezone-aware objects to represent datetimes in UTC: datetime.datetime.now(datetime.UTC).
::warning file=/home/runner/work/invenio-bug-verification/invenio-bug-verification/package-repo/.venv/lib/python3.12/site-packages/invenio_records_resources/services/records/schema.py,line=90::The `context` parameter is deprecated and will be removed in marshmallow 4.0. Use `contextvars.ContextVar` to pass context instead.
::warning file=/home/runner/work/invenio-bug-verification/invenio-bug-verification/package-repo/.venv/lib/python3.12/site-packages/sqlalchemy/sql/schema.py,line=3624::datetime.datetime.utcnow() is deprecated and scheduled for removal in a future version. Use timezone-aware objects to represent datetimes in UTC: datetime.datetime.now(datetime.UTC).
::warning file=/home/runner/work/invenio-bug-verification/invenio-bug-verification/package-repo/.venv/lib/python3.12/site-packages/sqlalchemy/sql/schema.py,line=3624::datetime.datetime.utcnow() is deprecated and scheduled for removal in a future version. Use timezone-aware objects to represent datetimes in UTC: datetime.datetime.now(datetime.UTC).
::warning file=/home/runner/work/invenio-bug-verification/invenio-bug-verification/package-repo/.venv/lib/python3.12/site-packages/invenio_records_resources/services/records/schema.py,line=90::The `context` parameter is deprecated and will be removed in marshmallow 4.0. Use `contextvars.ContextVar` to pass context instead.
::warning file=/home/runner/work/invenio-bug-verification/invenio-bug-verification/package-repo/.venv/lib/python3.12/site-packages/marshmallow/fields.py,line=631::The `context` parameter is deprecated and will be removed in marshmallow 4.0. Use `contextvars.ContextVar` to pass context instead.
::warning file=/home/runner/work/invenio-bug-verification/invenio-bug-verification/package-repo/.venv/lib/python3.12/site-packages/sqlalchemy_utils/models.py,line=33::datetime.datetime.utcnow() is deprecated and scheduled for removal in a future version. Use timezone-aware objects to represent datetimes in UTC: datetime.datetime.now(datetime.UTC).
::warning file=/home/runner/work/invenio-bug-verification/invenio-bug-verification/package-repo/.venv/lib/python3.12/site-packages/invenio_records_resources/services/records/schema.py,line=105::The `context` parameter is deprecated and will be removed in marshmallow 4.0. Use `contextvars.ContextVar` to pass context instead.
::warning file=/home/runner/work/invenio-bug-verification/invenio-bug-verification/package-repo/.venv/lib/python3.12/site-packages/marshmallow/fields.py,line=631::The `context` parameter is deprecated and will be removed in marshmallow 4.0. Use `contextvars.ContextVar` to pass context instead.
::warning file=/home/runner/work/invenio-bug-verification/invenio-bug-verification/package-repo/.venv/lib/python3.12/site-packages/invenio_records_resources/services/records/schema.py,line=105::The `context` parameter is deprecated and will be removed in marshmallow 4.0. Use `contextvars.ContextVar` to pass context instead.
::warning file=/home/runner/work/invenio-bug-verification/invenio-bug-verification/package-repo/.venv/lib/python3.12/site-packages/marshmallow/fields.py,line=631::The `context` parameter is deprecated and will be removed in marshmallow 4.0. Use `contextvars.ContextVar` to pass context instead.
::warning file=/home/runner/work/invenio-bug-verification/invenio-bug-verification/package-repo/.venv/lib/python3.12/site-packages/invenio_records_resources/services/records/schema.py,line=105::The `context` parameter is deprecated and will be removed in marshmallow 4.0. Use `contextvars.ContextVar` to pass context instead.
::warning file=/home/runner/work/invenio-bug-verification/invenio-bug-verification/package-repo/.venv/lib/python3.12/site-packages/marshmallow/fields.py,line=631::The `context` parameter is deprecated and will be removed in marshmallow 4.0. Use `contextvars.ContextVar` to pass context instead.
.::warning file=/home/runner/work/invenio-bug-verification/invenio-bug-verification/package-repo/.venv/lib/python3.12/site-packages/pytest_invenio/user.py,line=36::datetime.datetime.utcnow() is deprecated and scheduled for removal in a future version. Use timezone-aware objects to represent datetimes in UTC: datetime.datetime.now(datetime.UTC).
::warning file=/home/runner/work/invenio-bug-verification/invenio-bug-verification/package-repo/.venv/lib/python3.12/site-packages/sqlalchemy/sql/schema.py,line=3624::datetime.datetime.utcnow() is deprecated and scheduled for removal in a future version. Use timezone-aware objects to represent datetimes in UTC: datetime.datetime.now(datetime.UTC).
::warning file=/home/runner/work/invenio-bug-verification/invenio-bug-verification/package-repo/.venv/lib/python3.12/site-packages/sqlalchemy/sql/schema.py,line=3624::datetime.datetime.utcnow() is deprecated and scheduled for removal in a future version. Use timezone-aware objects to represent datetimes in UTC: datetime.datetime.now(datetime.UTC).
::warning file=/home/runner/work/invenio-bug-verification/invenio-bug-verification/package-repo/.venv/lib/python3.12/site-packages/flask_security/datastore.py,line=235::The Query.get() method is considered legacy as of the 1.x series of SQLAlchemy and becomes a legacy construct in 2.0. The method is now available as Session.get() (deprecated since: 2.0)
::warning file=/home/runner/work/invenio-bug-verification/invenio-bug-verification/package-repo/.venv/lib/python3.12/site-packages/invenio_records_resources/services/records/schema.py,line=90::The `context` parameter is deprecated and will be removed in marshmallow 4.0. Use `contextvars.ContextVar` to pass context instead.
::warning file=/home/runner/work/invenio-bug-verification/invenio-bug-verification/package-repo/.venv/lib/python3.12/site-packages/marshmallow/fields.py,line=631::The `context` parameter is deprecated and will be removed in marshmallow 4.0. Use `contextvars.ContextVar` to pass context instead.
::warning file=/home/runner/work/invenio-bug-verification/invenio-bug-verification/package-repo/.venv/lib/python3.12/site-packages/sqlalchemy/sql/schema.py,line=3624::datetime.datetime.utcnow() is deprecated and scheduled for removal in a future version. Use timezone-aware objects to represent datetimes in UTC: datetime.datetime.now(datetime.UTC).
::warning file=/home/runner/work/invenio-bug-verification/invenio-bug-verification/package-repo/.venv/lib/python3.12/site-packages/sqlalchemy/sql/schema.py,line=3624::datetime.datetime.utcnow() is deprecated and scheduled for removal in a future version. Use timezone-aware objects to represent datetimes in UTC: datetime.datetime.now(datetime.UTC).
::warning file=/home/runner/work/invenio-bug-verification/invenio-bug-verification/package-repo/.venv/lib/python3.12/site-packages/invenio_records_resources/services/records/schema.py,line=90::The `context` parameter is deprecated and will be removed in marshmallow 4.0. Use `contextvars.ContextVar` to pass context instead.
::warning file=/home/runner/work/invenio-bug-verification/invenio-bug-verification/package-repo/.venv/lib/python3.12/site-packages/marshmallow/fields.py,line=631::The `context` parameter is deprecated and will be removed in marshmallow 4.0. Use `contextvars.ContextVar` to pass context instead.
::warning file=/home/runner/work/invenio-bug-verification/invenio-bug-verification/package-repo/.venv/lib/python3.12/site-packages/sqlalchemy/sql/schema.py,line=3624::datetime.datetime.utcnow() is deprecated and scheduled for removal in a future version. Use timezone-aware objects to represent datetimes in UTC: datetime.datetime.now(datetime.UTC).
::warning file=/home/runner/work/invenio-bug-verification/invenio-bug-verification/package-repo/.venv/lib/python3.12/site-packages/sqlalchemy/sql/schema.py,line=3624::datetime.datetime.utcnow() is deprecated and scheduled for removal in a future version. Use timezone-aware objects to represent datetimes in UTC: datetime.datetime.now(datetime.UTC).
::warning file=/home/runner/work/invenio-bug-verification/invenio-bug-verification/package-repo/.venv/lib/python3.12/site-packages/invenio_records_resources/services/records/schema.py,line=90::The `context` parameter is deprecated and will be removed in marshmallow 4.0. Use `contextvars.ContextVar` to pass context instead.
::warning file=/home/runner/work/invenio-bug-verification/invenio-bug-verification/package-repo/.venv/lib/python3.12/site-packages/sqlalchemy/sql/schema.py,line=3624::datetime.datetime.utcnow() is deprecated and scheduled for removal in a future version. Use timezone-aware objects to represent datetimes in UTC: datetime.datetime.now(datetime.UTC).
::warning file=/home/runner/work/invenio-bug-verification/invenio-bug-verification/package-repo/.venv/lib/python3.12/site-packages/sqlalchemy/sql/schema.py,line=3624::datetime.datetime.utcnow() is deprecated and scheduled for removal in a future version. Use timezone-aware objects to represent datetimes in UTC: datetime.datetime.now(datetime.UTC).
::warning file=/home/runner/work/invenio-bug-verification/invenio-bug-verification/package-repo/.venv/lib/python3.12/site-packages/invenio_records_resources/services/records/schema.py,line=105::The `context` parameter is deprecated and will be removed in marshmallow 4.0. Use `contextvars.ContextVar` to pass context instead.
::warning file=/home/runner/work/invenio-bug-verification/invenio-bug-verification/package-repo/.venv/lib/python3.12/site-packages/marshmallow/fields.py,line=631::The `context` parameter is deprecated and will be removed in marshmallow 4.0. Use `contextvars.ContextVar` to pass context instead.
::warning file=/home/runner/work/invenio-bug-verification/invenio-bug-verification/package-repo/.venv/lib/python3.12/site-packages/marshmallow/fields.py,line=631::The `context` parameter is deprecated and will be removed in marshmallow 4.0. Use `contextvars.ContextVar` to pass context instead.
::warning file=/home/runner/work/invenio-bug-verification/invenio-bug-verification/package-repo/.venv/lib/python3.12/site-packages/invenio_records_resources/services/records/schema.py,line=105::The `context` parameter is deprecated and will be removed in marshmallow 4.0. Use `contextvars.ContextVar` to pass context instead.
::warning file=/home/runner/work/invenio-bug-verification/invenio-bug-verification/package-repo/.venv/lib/python3.12/site-packages/marshmallow/fields.py,line=631::The `context` parameter is deprecated and will be removed in marshmallow 4.0. Use `contextvars.ContextVar` to pass context instead.
::warning file=/home/runner/work/invenio-bug-verification/invenio-bug-verification/package-repo/.venv/lib/python3.12/site-packages/marshmallow/fields.py,line=631::The `context` parameter is deprecated and will be removed in marshmallow 4.0. Use `contextvars.ContextVar` to pass context instead.
::warning file=/home/runner/work/invenio-bug-verification/invenio-bug-verification/package-repo/.venv/lib/python3.12/site-packages/invenio_records_resources/services/records/schema.py,line=105::The `context` parameter is deprecated and will be removed in marshmallow 4.0. Use `contextvars.ContextVar` to pass context instead.
::warning file=/home/runner/work/invenio-bug-verification/invenio-bug-verification/package-repo/.venv/lib/python3.12/site-packages/marshmallow/fields.py,line=631::The `context` parameter is deprecated and will be removed in marshmallow 4.0. Use `contextvars.ContextVar` to pass context instead.
::warning file=/home/runner/work/invenio-bug-verification/invenio-bug-verification/package-repo/.venv/lib/python3.12/site-packages/marshmallow/fields.py,line=631::The `context` parameter is deprecated and will be removed in marshmallow 4.0. Use `contextvars.ContextVar` to pass context instead.
::warning file=/home/runner/work/invenio-bug-verification/invenio-bug-verification/package-repo/.venv/lib/python3.12/site-packages/invenio_records_resources/services/records/schema.py,line=105::The `context` parameter is deprecated and will be removed in marshmallow 4.0. Use `contextvars.ContextVar` to pass context instead.
::warning file=/home/runner/work/invenio-bug-verification/invenio-bug-verification/package-repo/.venv/lib/python3.12/site-packages/marshmallow/fields.py,line=631::The `context` parameter is deprecated and will be removed in marshmallow 4.0. Use `contextvars.ContextVar` to pass context instead.
::warning file=/home/runner/work/invenio-bug-verification/invenio-bug-verification/package-repo/.venv/lib/python3.12/site-packages/invenio_records_resources/services/records/schema.py,line=105::The `context` parameter is deprecated and will be removed in marshmallow 4.0. Use `contextvars.ContextVar` to pass context instead.
::warning file=/home/runner/work/invenio-bug-verification/invenio-bug-verification/package-repo/.venv/lib/python3.12/site-packages/marshmallow/fields.py,line=631::The `context` parameter is deprecated and will be removed in marshmallow 4.0. Use `contextvars.ContextVar` to pass context instead.
::warning file=/home/runner/work/invenio-bug-verification/invenio-bug-verification/package-repo/.venv/lib/python3.12/site-packages/invenio_records_resources/services/records/schema.py,line=105::The `context` parameter is deprecated and will be removed in marshmallow 4.0. Use `contextvars.ContextVar` to pass context instead.
::warning file=/home/runner/work/invenio-bug-verification/invenio-bug-verification/package-repo/.venv/lib/python3.12/site-packages/marshmallow/fields.py,line=631::The `context` parameter is deprecated and will be removed in marshmallow 4.0. Use `contextvars.ContextVar` to pass context instead.
::warning file=/home/runner/work/invenio-bug-verification/invenio-bug-verification/package-repo/.venv/lib/python3.12/site-packages/invenio_records_resources/services/records/schema.py,line=105::The `context` parameter is deprecated and will be removed in marshmallow 4.0. Use `contextvars.ContextVar` to pass context instead.
::warning file=/home/runner/work/invenio-bug-verification/invenio-bug-verification/package-repo/.venv/lib/python3.12/site-packages/marshmallow/fields.py,line=631::The `context` parameter is deprecated and will be removed in marshmallow 4.0. Use `contextvars.ContextVar` to pass context instead.
::warning file=/home/runner/work/invenio-bug-verification/invenio-bug-verification/package-repo/.venv/lib/python3.12/site-packages/marshmallow/fields.py,line=631::The `context` parameter is deprecated and will be removed in marshmallow 4.0. Use `contextvars.ContextVar` to pass context instead.
.::warning file=/home/runner/work/invenio-bug-verification/invenio-bug-verification/package-repo/.venv/lib/python3.12/site-packages/pytest_invenio/user.py,line=36::datetime.datetime.utcnow() is deprecated and scheduled for removal in a future version. Use timezone-aware objects to represent datetimes in UTC: datetime.datetime.now(datetime.UTC).
::warning file=/home/runner/work/invenio-bug-verification/invenio-bug-verification/package-repo/.venv/lib/python3.12/site-packages/sqlalchemy/sql/schema.py,line=3624::datetime.datetime.utcnow() is deprecated and scheduled for removal in a future version. Use timezone-aware objects to represent datetimes in UTC: datetime.datetime.now(datetime.UTC).
::warning file=/home/runner/work/invenio-bug-verification/invenio-bug-verification/package-repo/.venv/lib/python3.12/site-packages/sqlalchemy/sql/schema.py,line=3624::datetime.datetime.utcnow() is deprecated and scheduled for removal in a future version. Use timezone-aware objects to represent datetimes in UTC: datetime.datetime.now(datetime.UTC).
::warning file=/home/runner/work/invenio-bug-verification/invenio-bug-verification/package-repo/.venv/lib/python3.12/site-packages/flask_security/datastore.py,line=235::The Query.get() method is considered legacy as of the 1.x series of SQLAlchemy and becomes a legacy construct in 2.0. The method is now available as Session.get() (deprecated since: 2.0)
::warning file=/home/runner/work/invenio-bug-verification/invenio-bug-verification/package-repo/.venv/lib/python3.12/site-packages/invenio_records_resources/services/records/schema.py,line=90::The `context` parameter is deprecated and will be removed in marshmallow 4.0. Use `contextvars.ContextVar` to pass context instead.
::warning file=/home/runner/work/invenio-bug-verification/invenio-bug-verification/package-repo/.venv/lib/python3.12/site-packages/marshmallow/fields.py,line=631::The `context` parameter is deprecated and will be removed in marshmallow 4.0. Use `contextvars.ContextVar` to pass context instead.
::warning file=/home/runner/work/invenio-bug-verification/invenio-bug-verification/package-repo/.venv/lib/python3.12/site-packages/sqlalchemy/sql/schema.py,line=3624::datetime.datetime.utcnow() is deprecated and scheduled for removal in a future version. Use timezone-aware objects to represent datetimes in UTC: datetime.datetime.now(datetime.UTC).
::warning file=/home/runner/work/invenio-bug-verification/invenio-bug-verification/package-repo/.venv/lib/python3.12/site-packages/sqlalchemy/sql/schema.py,line=3624::datetime.datetime.utcnow() is deprecated and scheduled for removal in a future version. Use timezone-aware objects to represent datetimes in UTC: datetime.datetime.now(datetime.UTC).
::warning file=/home/runner/work/invenio-bug-verification/invenio-bug-verification/package-repo/.venv/lib/python3.12/site-packages/invenio_records_resources/services/records/schema.py,line=90::The `context` parameter is deprecated and will be removed in marshmallow 4.0. Use `contextvars.ContextVar` to pass context instead.
::warning file=/home/runner/work/invenio-bug-verification/invenio-bug-verification/package-repo/.venv/lib/python3.12/site-packages/marshmallow/fields.py,line=631::The `context` parameter is deprecated and will be removed in marshmallow 4.0. Use `contextvars.ContextVar` to pass context instead.
::warning file=/home/runner/work/invenio-bug-verification/invenio-bug-verification/package-repo/.venv/lib/python3.12/site-packages/sqlalchemy/sql/schema.py,line=3624::datetime.datetime.utcnow() is deprecated and scheduled for removal in a future version. Use timezone-aware objects to represent datetimes in UTC: datetime.datetime.now(datetime.UTC).
::warning file=/home/runner/work/invenio-bug-verification/invenio-bug-verification/package-repo/.venv/lib/python3.12/site-packages/sqlalchemy/sql/schema.py,line=3624::datetime.datetime.utcnow() is deprecated and scheduled for removal in a future version. Use timezone-aware objects to represent datetimes in UTC: datetime.datetime.now(datetime.UTC).
::warning file=/home/runner/work/invenio-bug-verification/invenio-bug-verification/package-repo/.venv/lib/python3.12/site-packages/invenio_records_resources/services/records/schema.py,line=90::The `context` parameter is deprecated and will be removed in marshmallow 4.0. Use `contextvars.ContextVar` to pass context instead.
::warning file=/home/runner/work/invenio-bug-verification/invenio-bug-verification/package-repo/.venv/lib/python3.12/site-packages/sqlalchemy/sql/schema.py,line=3624::datetime.datetime.utcnow() is deprecated and scheduled for removal in a future version. Use timezone-aware objects to represent datetimes in UTC: datetime.datetime.now(datetime.UTC).
::warning file=/home/runner/work/invenio-bug-verification/invenio-bug-verification/package-repo/.venv/lib/python3.12/site-packages/sqlalchemy/sql/schema.py,line=3624::datetime.datetime.utcnow() is deprecated and scheduled for removal in a future version. Use timezone-aware objects to represent datetimes in UTC: datetime.datetime.now(datetime.UTC).
::warning file=/home/runner/work/invenio-bug-verification/invenio-bug-verification/package-repo/.venv/lib/python3.12/site-packages/invenio_records_resources/services/records/schema.py,line=105::The `context` parameter is deprecated and will be removed in marshmallow 4.0. Use `contextvars.ContextVar` to pass context instead.
::warning file=/home/runner/work/invenio-bug-verification/invenio-bug-verification/package-repo/.venv/lib/python3.12/site-packages/marshmallow/fields.py,line=631::The `context` parameter is deprecated and will be removed in marshmallow 4.0. Use `contextvars.ContextVar` to pass context instead.
::warning file=/home/runner/work/invenio-bug-verification/invenio-bug-verification/package-repo/.venv/lib/python3.12/site-packages/marshmallow/fields.py,line=631::The `context` parameter is deprecated and will be removed in marshmallow 4.0. Use `contextvars.ContextVar` to pass context instead.
::warning file=/home/runner/work/invenio-bug-verification/invenio-bug-verification/package-repo/.venv/lib/python3.12/site-packages/invenio_records_resources/services/records/schema.py,line=105::The `context` parameter is deprecated and will be removed in marshmallow 4.0. Use `contextvars.ContextVar` to pass context instead.
::warning file=/home/runner/work/invenio-bug-verification/invenio-bug-verification/package-repo/.venv/lib/python3.12/site-packages/marshmallow/fields.py,line=631::The `context` parameter is deprecated and will be removed in marshmallow 4.0. Use `contextvars.ContextVar` to pass context instead.
::warning file=/home/runner/work/invenio-bug-verification/invenio-bug-verification/package-repo/.venv/lib/python3.12/site-packages/marshmallow/fields.py,line=631::The `context` parameter is deprecated and will be removed in marshmallow 4.0. Use `contextvars.ContextVar` to pass context instead.
s                              [ 13%]
tests/test_alembic.py ..s                                                [ 15%]
tests/test_deprecated.py ...                                             [ 17%]
tests/test_invenio_jobs.py ....                                          [ 19%]
tests/test_services_job_logs.py ...::warning file=/home/runner/work/invenio-bug-verification/invenio-bug-verification/package-repo/.venv/lib/python3.12/site-packages/invenio_rest/ext.py,line=29::CSRF validation will be enabled by default in the version 1.3.x
::warning file=/home/runner/work/invenio-bug-verification/invenio-bug-verification/package-repo/.venv/lib/python3.12/site-packages/flask_caching/__init__.py,line=145::Using the initialization functions in flask_caching.backend is deprecated.  Use the a full path to backend classes directly.
::warning file=/home/runner/work/invenio-bug-verification/invenio-bug-verification/package-repo/.venv/lib/python3.12/site-packages/pytest_invenio/user.py,line=36::datetime.datetime.utcnow() is deprecated and scheduled for removal in a future version. Use timezone-aware objects to represent datetimes in UTC: datetime.datetime.now(datetime.UTC).
::warning file=/home/runner/work/invenio-bug-verification/invenio-bug-verification/package-repo/.venv/lib/python3.12/site-packages/sqlalchemy/sql/schema.py,line=3624::datetime.datetime.utcnow() is deprecated and scheduled for removal in a future version. Use timezone-aware objects to represent datetimes in UTC: datetime.datetime.now(datetime.UTC).
::warning file=/home/runner/work/invenio-bug-verification/invenio-bug-verification/package-repo/.venv/lib/python3.12/site-packages/flask_security/datastore.py,line=235::The Query.get() method is considered legacy as of the 1.x series of SQLAlchemy and becomes a legacy construct in 2.0. The method is now available as Session.get() (deprecated since: 2.0)
::warning file=/home/runner/work/invenio-bug-verification/invenio-bug-verification/package-repo/.venv/lib/python3.12/site-packages/invenio_records_resources/services/records/schema.py,line=105::The `context` parameter is deprecated and will be removed in marshmallow 4.0. Use `contextvars.ContextVar` to pass context instead.
::warning file=/home/runner/work/invenio-bug-verification/invenio-bug-verification/package-repo/.venv/lib/python3.12/site-packages/marshmallow/fields.py,line=631::The `context` parameter is deprecated and will be removed in marshmallow 4.0. Use `contextvars.ContextVar` to pass context instead.
.::warning file=/home/runner/work/invenio-bug-verification/invenio-bug-verification/package-repo/.venv/lib/python3.12/site-packages/pytest_invenio/user.py,line=36::datetime.datetime.utcnow() is deprecated and scheduled for removal in a future version. Use timezone-aware objects to represent datetimes in UTC: datetime.datetime.now(datetime.UTC).
::warning file=/home/runner/work/invenio-bug-verification/invenio-bug-verification/package-repo/.venv/lib/python3.12/site-packages/sqlalchemy/sql/schema.py,line=3624::datetime.datetime.utcnow() is deprecated and scheduled for removal in a future version. Use timezone-aware objects to represent datetimes in UTC: datetime.datetime.now(datetime.UTC).
::warning file=/home/runner/work/invenio-bug-verification/invenio-bug-verification/package-repo/.venv/lib/python3.12/site-packages/sqlalchemy/sql/schema.py,line=3624::datetime.datetime.utcnow() is deprecated and scheduled for removal in a future version. Use timezone-aware objects to represent datetimes in UTC: datetime.datetime.now(datetime.UTC).
::warning file=/home/runner/work/invenio-bug-verification/invenio-bug-verification/package-repo/.venv/lib/python3.12/site-packages/flask_security/datastore.py,line=235::The Query.get() method is considered legacy as of the 1.x series of SQLAlchemy and becomes a legacy construct in 2.0. The method is now available as Session.get() (deprecated since: 2.0)
::warning file=/home/runner/work/invenio-bug-verification/invenio-bug-verification/package-repo/.venv/lib/python3.12/site-packages/invenio_records_resources/services/records/schema.py,line=105::The `context` parameter is deprecated and will be removed in marshmallow 4.0. Use `contextvars.ContextVar` to pass context instead.
::warning file=/home/runner/work/invenio-bug-verification/invenio-bug-verification/package-repo/.venv/lib/python3.12/site-packages/marshmallow/fields.py,line=631::The `context` parameter is deprecated and will be removed in marshmallow 4.0. Use `contextvars.ContextVar` to pass context instead.
::warning file=/home/runner/work/invenio-bug-verification/invenio-bug-verification/package-repo/.venv/lib/python3.12/site-packages/invenio_records_resources/services/records/schema.py,line=105::The `context` parameter is deprecated and will be removed in marshmallow 4.0. Use `contextvars.ContextVar` to pass context instead.
::warning file=/home/runner/work/invenio-bug-verification/invenio-bug-verification/package-repo/.venv/lib/python3.12/site-packages/marshmallow/fields.py,line=631::The `context` parameter is deprecated and will be removed in marshmallow 4.0. Use `contextvars.ContextVar` to pass context instead.
::warning file=/home/runner/work/invenio-bug-verification/invenio-bug-verification/package-repo/.venv/lib/python3.12/site-packages/invenio_records_resources/services/records/schema.py,line=105::The `context` parameter is deprecated and will be removed in marshmallow 4.0. Use `contextvars.ContextVar` to pass context instead.
::warning file=/home/runner/work/invenio-bug-verification/invenio-bug-verification/package-repo/.venv/lib/python3.12/site-packages/marshmallow/fields.py,line=631::The `context` parameter is deprecated and will be removed in marshmallow 4.0. Use `contextvars.ContextVar` to pass context instead.
                                     [ 21%]
tests/test_services_subtasks.py ...::warning file=/home/runner/work/invenio-bug-verification/invenio-bug-verification/package-repo/.venv/lib/python3.12/site-packages/invenio_rest/ext.py,line=29::CSRF validation will be enabled by default in the version 1.3.x
::warning file=/home/runner/work/invenio-bug-verification/invenio-bug-verification/package-repo/.venv/lib/python3.12/site-packages/flask_caching/__init__.py,line=145::Using the initialization functions in flask_caching.backend is deprecated.  Use the a full path to backend classes directly.
::warning file=/home/runner/work/invenio-bug-verification/invenio-bug-verification/package-repo/.venv/lib/python3.12/site-packages/pytest_invenio/user.py,line=36::datetime.datetime.utcnow() is deprecated and scheduled for removal in a future version. Use timezone-aware objects to represent datetimes in UTC: datetime.datetime.now(datetime.UTC).
::warning file=/home/runner/work/invenio-bug-verification/invenio-bug-verification/package-repo/.venv/lib/python3.12/site-packages/sqlalchemy/sql/schema.py,line=3624::datetime.datetime.utcnow() is deprecated and scheduled for removal in a future version. Use timezone-aware objects to represent datetimes in UTC: datetime.datetime.now(datetime.UTC).
::warning file=/home/runner/work/invenio-bug-verification/invenio-bug-verification/package-repo/.venv/lib/python3.12/site-packages/flask_security/datastore.py,line=235::The Query.get() method is considered legacy as of the 1.x series of SQLAlchemy and becomes a legacy construct in 2.0. The method is now available as Session.get() (deprecated since: 2.0)
::warning file=/home/runner/work/invenio-bug-verification/invenio-bug-verification/package-repo/.venv/lib/python3.12/site-packages/invenio_records_resources/services/records/schema.py,line=90::The `context` parameter is deprecated and will be removed in marshmallow 4.0. Use `contextvars.ContextVar` to pass context instead.
::warning file=/home/runner/work/invenio-bug-verification/invenio-bug-verification/package-repo/.venv/lib/python3.12/site-packages/marshmallow/fields.py,line=631::The `context` parameter is deprecated and will be removed in marshmallow 4.0. Use `contextvars.ContextVar` to pass context instead.
::warning file=/home/runner/work/invenio-bug-verification/invenio-bug-verification/package-repo/.venv/lib/python3.12/site-packages/sqlalchemy_utils/models.py,line=33::datetime.datetime.utcnow() is deprecated and scheduled for removal in a future version. Use timezone-aware objects to represent datetimes in UTC: datetime.datetime.now(datetime.UTC).
::warning file=/home/runner/work/invenio-bug-verification/invenio-bug-verification/package-repo/invenio_jobs/tasks.py,line=61::datetime.datetime.utcnow() is deprecated and scheduled for removal in a future version. Use timezone-aware objects to represent datetimes in UTC: datetime.datetime.now(datetime.UTC).
::warning file=/home/runner/work/invenio-bug-verification/invenio-bug-verification/package-repo/invenio_jobs/tasks.py,line=121::datetime.datetime.utcnow() is deprecated and scheduled for removal in a future version. Use timezone-aware objects to represent datetimes in UTC: datetime.datetime.now(datetime.UTC).
::warning file=/home/runner/work/invenio-bug-verification/invenio-bug-verification/package-repo/.venv/lib/python3.12/site-packages/invenio_records_resources/services/records/schema.py,line=105::The `context` parameter is deprecated and will be removed in marshmallow 4.0. Use `contextvars.ContextVar` to pass context instead.
::warning file=/home/runner/work/invenio-bug-verification/invenio-bug-verification/package-repo/invenio_jobs/services/schema.py,line=127::The `context` parameter is deprecated and will be removed in marshmallow 4.0. Use `contextvars.ContextVar` to pass context instead.
.::warning file=/home/runner/work/invenio-bug-verification/invenio-bug-verification/package-repo/.venv/lib/python3.12/site-packages/pytest_invenio/user.py,line=36::datetime.datetime.utcnow() is deprecated and scheduled for removal in a future version. Use timezone-aware objects to represent datetimes in UTC: datetime.datetime.now(datetime.UTC).
::warning file=/home/runner/work/invenio-bug-verification/invenio-bug-verification/package-repo/.venv/lib/python3.12/site-packages/sqlalchemy/sql/schema.py,line=3624::datetime.datetime.utcnow() is deprecated and scheduled for removal in a future version. Use timezone-aware objects to represent datetimes in UTC: datetime.datetime.now(datetime.UTC).
::warning file=/home/runner/work/invenio-bug-verification/invenio-bug-verification/package-repo/.venv/lib/python3.12/site-packages/sqlalchemy/sql/schema.py,line=3624::datetime.datetime.utcnow() is deprecated and scheduled for removal in a future version. Use timezone-aware objects to represent datetimes in UTC: datetime.datetime.now(datetime.UTC).
::warning file=/home/runner/work/invenio-bug-verification/invenio-bug-verification/package-repo/.venv/lib/python3.12/site-packages/flask_security/datastore.py,line=235::The Query.get() method is considered legacy as of the 1.x series of SQLAlchemy and becomes a legacy construct in 2.0. The method is now available as Session.get() (deprecated since: 2.0)
::warning file=/home/runner/work/invenio-bug-verification/invenio-bug-verification/package-repo/.venv/lib/python3.12/site-packages/invenio_records_resources/services/records/schema.py,line=90::The `context` parameter is deprecated and will be removed in marshmallow 4.0. Use `contextvars.ContextVar` to pass context instead.
::warning file=/home/runner/work/invenio-bug-verification/invenio-bug-verification/package-repo/.venv/lib/python3.12/site-packages/marshmallow/fields.py,line=631::The `context` parameter is deprecated and will be removed in marshmallow 4.0. Use `contextvars.ContextVar` to pass context instead.
::warning file=/home/runner/work/invenio-bug-verification/invenio-bug-verification/package-repo/.venv/lib/python3.12/site-packages/sqlalchemy/sql/schema.py,line=3624::datetime.datetime.utcnow() is deprecated and scheduled for removal in a future version. Use timezone-aware objects to represent datetimes in UTC: datetime.datetime.now(datetime.UTC).
::warning file=/home/runner/work/invenio-bug-verification/invenio-bug-verification/package-repo/.venv/lib/python3.12/site-packages/sqlalchemy/sql/schema.py,line=3624::datetime.datetime.utcnow() is deprecated and scheduled for removal in a future version. Use timezone-aware objects to represent datetimes in UTC: datetime.datetime.now(datetime.UTC).
::warning file=/home/runner/work/invenio-bug-verification/invenio-bug-verification/package-repo/.venv/lib/python3.12/site-packages/invenio_records_resources/services/records/schema.py,line=90::The `context` parameter is deprecated and will be removed in marshmallow 4.0. Use `contextvars.ContextVar` to pass context instead.
::warning file=/home/runner/work/invenio-bug-verification/invenio-bug-verification/package-repo/.venv/lib/python3.12/site-packages/marshmallow/fields.py,line=631::The `context` parameter is deprecated and will be removed in marshmallow 4.0. Use `contextvars.ContextVar` to pass context instead.
::warning file=/home/runner/work/invenio-bug-verification/invenio-bug-verification/package-repo/.venv/lib/python3.12/site-packages/sqlalchemy/sql/schema.py,line=3624::datetime.datetime.utcnow() is deprecated and scheduled for removal in a future version. Use timezone-aware objects to represent datetimes in UTC: datetime.datetime.now(datetime.UTC).
::warning file=/home/runner/work/invenio-bug-verification/invenio-bug-verification/package-repo/.venv/lib/python3.12/site-packages/sqlalchemy/sql/schema.py,line=3624::datetime.datetime.utcnow() is deprecated and scheduled for removal in a future version. Use timezone-aware objects to represent datetimes in UTC: datetime.datetime.now(datetime.UTC).
::warning file=/home/runner/work/invenio-bug-verification/invenio-bug-verification/package-repo/.venv/lib/python3.12/site-packages/invenio_records_resources/services/records/schema.py,line=90::The `context` parameter is deprecated and will be removed in marshmallow 4.0. Use `contextvars.ContextVar` to pass context instead.
::warning file=/home/runner/work/invenio-bug-verification/invenio-bug-verification/package-repo/.venv/lib/python3.12/site-packages/sqlalchemy/sql/schema.py,line=3624::datetime.datetime.utcnow() is deprecated and scheduled for removal in a future version. Use timezone-aware objects to represent datetimes in UTC: datetime.datetime.now(datetime.UTC).
::warning file=/home/runner/work/invenio-bug-verification/invenio-bug-verification/package-repo/.venv/lib/python3.12/site-packages/sqlalchemy/sql/schema.py,line=3624::datetime.datetime.utcnow() is deprecated and scheduled for removal in a future version. Use timezone-aware objects to represent datetimes in UTC: datetime.datetime.now(datetime.UTC).
.::warning file=/home/runner/work/invenio-bug-verification/invenio-bug-verification/package-repo/.venv/lib/python3.12/site-packages/pytest_invenio/user.py,line=36::datetime.datetime.utcnow() is deprecated and scheduled for removal in a future version. Use timezone-aware objects to represent datetimes in UTC: datetime.datetime.now(datetime.UTC).
::warning file=/home/runner/work/invenio-bug-verification/invenio-bug-verification/package-repo/.venv/lib/python3.12/site-packages/sqlalchemy/sql/schema.py,line=3624::datetime.datetime.utcnow() is deprecated and scheduled for removal in a future version. Use timezone-aware objects to represent datetimes in UTC: datetime.datetime.now(datetime.UTC).
::warning file=/home/runner/work/invenio-bug-verification/invenio-bug-verification/package-repo/.venv/lib/python3.12/site-packages/sqlalchemy/sql/schema.py,line=3624::datetime.datetime.utcnow() is deprecated and scheduled for removal in a future version. Use timezone-aware objects to represent datetimes in UTC: datetime.datetime.now(datetime.UTC).
::warning file=/home/runner/work/invenio-bug-verification/invenio-bug-verification/package-repo/.venv/lib/python3.12/site-packages/flask_security/datastore.py,line=235::The Query.get() method is considered legacy as of the 1.x series of SQLAlchemy and becomes a legacy construct in 2.0. The method is now available as Session.get() (deprecated since: 2.0)
::warning file=/home/runner/work/invenio-bug-verification/invenio-bug-verification/package-repo/.venv/lib/python3.12/site-packages/invenio_records_resources/services/records/schema.py,line=90::The `context` parameter is deprecated and will be removed in marshmallow 4.0. Use `contextvars.ContextVar` to pass context instead.
::warning file=/home/runner/work/invenio-bug-verification/invenio-bug-verification/package-repo/.venv/lib/python3.12/site-packages/marshmallow/fields.py,line=631::The `context` parameter is deprecated and will be removed in marshmallow 4.0. Use `contextvars.ContextVar` to pass context instead.
::warning file=/home/runner/work/invenio-bug-verification/invenio-bug-verification/package-repo/.venv/lib/python3.12/site-packages/sqlalchemy/sql/schema.py,line=3624::datetime.datetime.utcnow() is deprecated and scheduled for removal in a future version. Use timezone-aware objects to represent datetimes in UTC: datetime.datetime.now(datetime.UTC).
::warning file=/home/runner/work/invenio-bug-verification/invenio-bug-verification/package-repo/.venv/lib/python3.12/site-packages/sqlalchemy/sql/schema.py,line=3624::datetime.datetime.utcnow() is deprecated and scheduled for removal in a future version. Use timezone-aware objects to represent datetimes in UTC: datetime.datetime.now(datetime.UTC).
::warning file=/home/runner/work/invenio-bug-verification/invenio-bug-verification/package-repo/.venv/lib/python3.12/site-packages/invenio_records_resources/services/records/schema.py,line=90::The `context` parameter is deprecated and will be removed in marshmallow 4.0. Use `contextvars.ContextVar` to pass context instead.
::warning file=/home/runner/work/invenio-bug-verification/invenio-bug-verification/package-repo/.venv/lib/python3.12/site-packages/marshmallow/fields.py,line=631::The `context` parameter is deprecated and will be removed in marshmallow 4.0. Use `contextvars.ContextVar` to pass context instead.
::warning file=/home/runner/work/invenio-bug-verification/invenio-bug-verification/package-repo/.venv/lib/python3.12/site-packages/sqlalchemy/sql/schema.py,line=3624::datetime.datetime.utcnow() is deprecated and scheduled for removal in a future version. Use timezone-aware objects to represent datetimes in UTC: datetime.datetime.now(datetime.UTC).
::warning file=/home/runner/work/invenio-bug-verification/invenio-bug-verification/package-repo/.venv/lib/python3.12/site-packages/sqlalchemy/sql/schema.py,line=3624::datetime.datetime.utcnow() is deprecated and scheduled for removal in a future version. Use timezone-aware objects to represent datetimes in UTC: datetime.datetime.now(datetime.UTC).
::warning file=/home/runner/work/invenio-bug-verification/invenio-bug-verification/package-repo/.venv/lib/python3.12/site-packages/invenio_records_resources/services/records/schema.py,line=90::The `context` parameter is deprecated and will be removed in marshmallow 4.0. Use `contextvars.ContextVar` to pass context instead.
::warning file=/home/runner/work/invenio-bug-verification/invenio-bug-verification/package-repo/.venv/lib/python3.12/site-packages/sqlalchemy/sql/schema.py,line=3624::datetime.datetime.utcnow() is deprecated and scheduled for removal in a future version. Use timezone-aware objects to represent datetimes in UTC: datetime.datetime.now(datetime.UTC).
::warning file=/home/runner/work/invenio-bug-verification/invenio-bug-verification/package-repo/.venv/lib/python3.12/site-packages/sqlalchemy/sql/schema.py,line=3624::datetime.datetime.utcnow() is deprecated and scheduled for removal in a future version. Use timezone-aware objects to represent datetimes in UTC: datetime.datetime.now(datetime.UTC).
::warning file=/home/runner/work/invenio-bug-verification/invenio-bug-verification/package-repo/.venv/lib/python3.12/site-packages/invenio_records_resources/services/records/schema.py,line=90::The `context` parameter is deprecated and will be removed in marshmallow 4.0. Use `contextvars.ContextVar` to pass context instead.
::warning file=/home/runner/work/invenio-bug-verification/invenio-bug-verification/package-repo/.venv/lib/python3.12/site-packages/sqlalchemy_utils/models.py,line=33::datetime.datetime.utcnow() is deprecated and scheduled for removal in a future version. Use timezone-aware objects to represent datetimes in UTC: datetime.datetime.now(datetime.UTC).
::warning file=/home/runner/work/invenio-bug-verification/invenio-bug-verification/package-repo/.venv/lib/python3.12/site-packages/sqlalchemy/sql/schema.py,line=3624::datetime.datetime.utcnow() is deprecated and scheduled for removal in a future version. Use timezone-aware objects to represent datetimes in UTC: datetime.datetime.now(datetime.UTC).
::warning file=/home/runner/work/invenio-bug-verification/invenio-bug-verification/package-repo/.venv/lib/python3.12/site-packages/sqlalchemy/sql/schema.py,line=3624::datetime.datetime.utcnow() is deprecated and scheduled for removal in a future version. Use timezone-aware objects to represent datetimes in UTC: datetime.datetime.now(datetime.UTC).
::warning file=/home/runner/work/invenio-bug-verification/invenio-bug-verification/package-repo/invenio_jobs/tasks.py,line=61::datetime.datetime.utcnow() is deprecated and scheduled for removal in a future version. Use timezone-aware objects to represent datetimes in UTC: datetime.datetime.now(datetime.UTC).
::warning file=/home/runner/work/invenio-bug-verification/invenio-bug-verification/package-repo/.venv/lib/python3.12/site-packages/sqlalchemy_utils/models.py,line=33::datetime.datetime.utcnow() is deprecated and scheduled for removal in a future version. Use timezone-aware objects to represent datetimes in UTC: datetime.datetime.now(datetime.UTC).
::warning file=/home/runner/work/invenio-bug-verification/invenio-bug-verification/package-repo/invenio_jobs/tasks.py,line=121::datetime.datetime.utcnow() is deprecated and scheduled for removal in a future version. Use timezone-aware objects to represent datetimes in UTC: datetime.datetime.now(datetime.UTC).
::warning file=/home/runner/work/invenio-bug-verification/invenio-bug-verification/package-repo/.venv/lib/python3.12/site-packages/sqlalchemy_utils/models.py,line=33::datetime.datetime.utcnow() is deprecated and scheduled for removal in a future version. Use timezone-aware objects to represent datetimes in UTC: datetime.datetime.now(datetime.UTC).
::warning file=/home/runner/work/invenio-bug-verification/invenio-bug-verification/package-repo/.venv/lib/python3.12/site-packages/sqlalchemy_utils/models.py,line=33::datetime.datetime.utcnow() is deprecated and scheduled for removal in a future version. Use timezone-aware objects to represent datetimes in UTC: datetime.datetime.now(datetime.UTC).
::warning file=/home/runner/work/invenio-bug-verification/invenio-bug-verification/package-repo/.venv/lib/python3.12/site-packages/sqlalchemy_utils/models.py,line=33::datetime.datetime.utcnow() is deprecated and scheduled for removal in a future version. Use timezone-aware objects to represent datetimes in UTC: datetime.datetime.now(datetime.UTC).
::warning file=/home/runner/work/invenio-bug-verification/invenio-bug-verification/package-repo/.venv/lib/python3.12/site-packages/sqlalchemy/sql/schema.py,line=3624::datetime.datetime.utcnow() is deprecated and scheduled for removal in a future version. Use timezone-aware objects to represent datetimes in UTC: datetime.datetime.now(datetime.UTC).
::warning file=/home/runner/work/invenio-bug-verification/invenio-bug-verification/package-repo/.venv/lib/python3.12/site-packages/sqlalchemy/sql/schema.py,line=3624::datetime.datetime.utcnow() is deprecated and scheduled for removal in a future version. Use timezone-aware objects to represent datetimes in UTC: datetime.datetime.now(datetime.UTC).
::warning file=/home/runner/work/invenio-bug-verification/invenio-bug-verification/package-repo/invenio_jobs/services/services.py,line=354::datetime.datetime.utcnow() is deprecated and scheduled for removal in a future version. Use timezone-aware objects to represent datetimes in UTC: datetime.datetime.now(datetime.UTC).
::warning file=/home/runner/work/invenio-bug-verification/invenio-bug-verification/package-repo/.venv/lib/python3.12/site-packages/sqlalchemy_utils/models.py,line=33::datetime.datetime.utcnow() is deprecated and scheduled for removal in a future version. Use timezone-aware objects to represent datetimes in UTC: datetime.datetime.now(datetime.UTC).
::warning file=/home/runner/work/invenio-bug-verification/invenio-bug-verification/package-repo/.venv/lib/python3.12/site-packages/invenio_records_resources/services/records/schema.py,line=105::The `context` parameter is deprecated and will be removed in marshmallow 4.0. Use `contextvars.ContextVar` to pass context instead.
::warning file=/home/runner/work/invenio-bug-verification/invenio-bug-verification/package-repo/.venv/lib/python3.12/site-packages/marshmallow/fields.py,line=631::The `context` parameter is deprecated and will be removed in marshmallow 4.0. Use `contextvars.ContextVar` to pass context instead.
::warning file=/home/runner/work/invenio-bug-verification/invenio-bug-verification/package-repo/.venv/lib/python3.12/site-packages/marshmallow/fields.py,line=631::The `context` parameter is deprecated and will be removed in marshmallow 4.0. Use `contextvars.ContextVar` to pass context instead.
::warning file=/home/runner/work/invenio-bug-verification/invenio-bug-verification/package-repo/.venv/lib/python3.12/site-packages/marshmallow/fields.py,line=631::The `context` parameter is deprecated and will be removed in marshmallow 4.0. Use `contextvars.ContextVar` to pass context instead.
::warning file=/home/runner/work/invenio-bug-verification/invenio-bug-verification/package-repo/.venv/lib/python3.12/site-packages/marshmallow/fields.py,line=631::The `context` parameter is deprecated and will be removed in marshmallow 4.0. Use `contextvars.ContextVar` to pass context instead.
::warning file=/home/runner/work/invenio-bug-verification/invenio-bug-verification/package-repo/invenio_jobs/services/schema.py,line=127::The `context` parameter is deprecated and will be removed in marshmallow 4.0. Use `contextvars.ContextVar` to pass context instead.
.::warning file=/home/runner/work/invenio-bug-verification/invenio-bug-verification/package-repo/.venv/lib/python3.12/site-packages/pytest_invenio/user.py,line=36::datetime.datetime.utcnow() is deprecated and scheduled for removal in a future version. Use timezone-aware objects to represent datetimes in UTC: datetime.datetime.now(datetime.UTC).
::warning file=/home/runner/work/invenio-bug-verification/invenio-bug-verification/package-repo/.venv/lib/python3.12/site-packages/sqlalchemy/sql/schema.py,line=3624::datetime.datetime.utcnow() is deprecated and scheduled for removal in a future version. Use timezone-aware objects to represent datetimes in UTC: datetime.datetime.now(datetime.UTC).
::warning file=/home/runner/work/invenio-bug-verification/invenio-bug-verification/package-repo/.venv/lib/python3.12/site-packages/sqlalchemy/sql/schema.py,line=3624::datetime.datetime.utcnow() is deprecated and scheduled for removal in a future version. Use timezone-aware objects to represent datetimes in UTC: datetime.datetime.now(datetime.UTC).
::warning file=/home/runner/work/invenio-bug-verification/invenio-bug-verification/package-repo/.venv/lib/python3.12/site-packages/flask_security/datastore.py,line=235::The Query.get() method is considered legacy as of the 1.x series of SQLAlchemy and becomes a legacy construct in 2.0. The method is now available as Session.get() (deprecated since: 2.0)
::warning file=/home/runner/work/invenio-bug-verification/invenio-bug-verification/package-repo/.venv/lib/python3.12/site-packages/invenio_records_resources/services/records/schema.py,line=90::The `context` parameter is deprecated and will be removed in marshmallow 4.0. Use `contextvars.ContextVar` to pass context instead.
::warning file=/home/runner/work/invenio-bug-verification/invenio-bug-verification/package-repo/.venv/lib/python3.12/site-packages/marshmallow/fields.py,line=631::The `context` parameter is deprecated and will be removed in marshmallow 4.0. Use `contextvars.ContextVar` to pass context instead.
::warning file=/home/runner/work/invenio-bug-verification/invenio-bug-verification/package-repo/.venv/lib/python3.12/site-packages/sqlalchemy/sql/schema.py,line=3624::datetime.datetime.utcnow() is deprecated and scheduled for removal in a future version. Use timezone-aware objects to represent datetimes in UTC: datetime.datetime.now(datetime.UTC).
::warning file=/home/runner/work/invenio-bug-verification/invenio-bug-verification/package-repo/.venv/lib/python3.12/site-packages/sqlalchemy/sql/schema.py,line=3624::datetime.datetime.utcnow() is deprecated and scheduled for removal in a future version. Use timezone-aware objects to represent datetimes in UTC: datetime.datetime.now(datetime.UTC).
::warning file=/home/runner/work/invenio-bug-verification/invenio-bug-verification/package-repo/.venv/lib/python3.12/site-packages/invenio_records_resources/services/records/schema.py,line=90::The `context` parameter is deprecated and will be removed in marshmallow 4.0. Use `contextvars.ContextVar` to pass context instead.
::warning file=/home/runner/work/invenio-bug-verification/invenio-bug-verification/package-repo/.venv/lib/python3.12/site-packages/marshmallow/fields.py,line=631::The `context` parameter is deprecated and will be removed in marshmallow 4.0. Use `contextvars.ContextVar` to pass context instead.
::warning file=/home/runner/work/invenio-bug-verification/invenio-bug-verification/package-repo/.venv/lib/python3.12/site-packages/sqlalchemy/sql/schema.py,line=3624::datetime.datetime.utcnow() is deprecated and scheduled for removal in a future version. Use timezone-aware objects to represent datetimes in UTC: datetime.datetime.now(datetime.UTC).
::warning file=/home/runner/work/invenio-bug-verification/invenio-bug-verification/package-repo/.venv/lib/python3.12/site-packages/sqlalchemy/sql/schema.py,line=3624::datetime.datetime.utcnow() is deprecated and scheduled for removal in a future version. Use timezone-aware objects to represent datetimes in UTC: datetime.datetime.now(datetime.UTC).
::warning file=/home/runner/work/invenio-bug-verification/invenio-bug-verification/package-repo/.venv/lib/python3.12/site-packages/invenio_records_resources/services/records/schema.py,line=90::The `context` parameter is deprecated and will be removed in marshmallow 4.0. Use `contextvars.ContextVar` to pass context instead.
::warning file=/home/runner/work/invenio-bug-verification/invenio-bug-verification/package-repo/.venv/lib/python3.12/site-packages/sqlalchemy/sql/schema.py,line=3624::datetime.datetime.utcnow() is deprecated and scheduled for removal in a future version. Use timezone-aware objects to represent datetimes in UTC: datetime.datetime.now(datetime.UTC).
::warning file=/home/runner/work/invenio-bug-verification/invenio-bug-verification/package-repo/.venv/lib/python3.12/site-packages/sqlalchemy/sql/schema.py,line=3624::datetime.datetime.utcnow() is deprecated and scheduled for removal in a future version. Use timezone-aware objects to represent datetimes in UTC: datetime.datetime.now(datetime.UTC).
::warning file=/home/runner/work/invenio-bug-verification/invenio-bug-verification/package-repo/.venv/lib/python3.12/site-packages/invenio_records_resources/services/records/schema.py,line=90::The `context` parameter is deprecated and will be removed in marshmallow 4.0. Use `contextvars.ContextVar` to pass context instead.
::warning file=/home/runner/work/invenio-bug-verification/invenio-bug-verification/package-repo/.venv/lib/python3.12/site-packages/sqlalchemy_utils/models.py,line=33::datetime.datetime.utcnow() is deprecated and scheduled for removal in a future version. Use timezone-aware objects to represent datetimes in UTC: datetime.datetime.now(datetime.UTC).
::warning file=/home/runner/work/invenio-bug-verification/invenio-bug-verification/package-repo/.venv/lib/python3.12/site-packages/sqlalchemy/sql/schema.py,line=3624::datetime.datetime.utcnow() is deprecated and scheduled for removal in a future version. Use timezone-aware objects to represent datetimes in UTC: datetime.datetime.now(datetime.UTC).
::warning file=/home/runner/work/invenio-bug-verification/invenio-bug-verification/package-repo/.venv/lib/python3.12/site-packages/sqlalchemy/sql/schema.py,line=3624::datetime.datetime.utcnow() is deprecated and scheduled for removal in a future version. Use timezone-aware objects to represent datetimes in UTC: datetime.datetime.now(datetime.UTC).
::warning file=/home/runner/work/invenio-bug-verification/invenio-bug-verification/package-repo/invenio_jobs/tasks.py,line=61::datetime.datetime.utcnow() is deprecated and scheduled for removal in a future version. Use timezone-aware objects to represent datetimes in UTC: datetime.datetime.now(datetime.UTC).
::warning file=/home/runner/work/invenio-bug-verification/invenio-bug-verification/package-repo/.venv/lib/python3.12/site-packages/sqlalchemy_utils/models.py,line=33::datetime.datetime.utcnow() is deprecated and scheduled for removal in a future version. Use timezone-aware objects to represent datetimes in UTC: datetime.datetime.now(datetime.UTC).
::warning file=/home/runner/work/invenio-bug-verification/invenio-bug-verification/package-repo/invenio_jobs/tasks.py,line=121::datetime.datetime.utcnow() is deprecated and scheduled for removal in a future version. Use timezone-aware objects to represent datetimes in UTC: datetime.datetime.now(datetime.UTC).
::warning file=/home/runner/work/invenio-bug-verification/invenio-bug-verification/package-repo/.venv/lib/python3.12/site-packages/sqlalchemy_utils/models.py,line=33::datetime.datetime.utcnow() is deprecated and scheduled for removal in a future version. Use timezone-aware objects to represent datetimes in UTC: datetime.datetime.now(datetime.UTC).
::warning file=/home/runner/work/invenio-bug-verification/invenio-bug-verification/package-repo/.venv/lib/python3.12/site-packages/sqlalchemy_utils/models.py,line=33::datetime.datetime.utcnow() is deprecated and scheduled for removal in a future version. Use timezone-aware objects to represent datetimes in UTC: datetime.datetime.now(datetime.UTC).
::warning file=/home/runner/work/invenio-bug-verification/invenio-bug-verification/package-repo/.venv/lib/python3.12/site-packages/sqlalchemy_utils/models.py,line=33::datetime.datetime.utcnow() is deprecated and scheduled for removal in a future version. Use timezone-aware objects to represent datetimes in UTC: datetime.datetime.now(datetime.UTC).
::warning file=/home/runner/work/invenio-bug-verification/invenio-bug-verification/package-repo/.venv/lib/python3.12/site-packages/sqlalchemy/sql/schema.py,line=3624::datetime.datetime.utcnow() is deprecated and scheduled for removal in a future version. Use timezone-aware objects to represent datetimes in UTC: datetime.datetime.now(datetime.UTC).
::warning file=/home/runner/work/invenio-bug-verification/invenio-bug-verification/package-repo/.venv/lib/python3.12/site-packages/sqlalchemy/sql/schema.py,line=3624::datetime.datetime.utcnow() is deprecated and scheduled for removal in a future version. Use timezone-aware objects to represent datetimes in UTC: datetime.datetime.now(datetime.UTC).
::warning file=/home/runner/work/invenio-bug-verification/invenio-bug-verification/package-repo/.venv/lib/python3.12/site-packages/sqlalchemy_utils/models.py,line=33::datetime.datetime.utcnow() is deprecated and scheduled for removal in a future version. Use timezone-aware objects to represent datetimes in UTC: datetime.datetime.now(datetime.UTC).
::error file=package-repo/tests/test_services_subtasks.py,line=134::test_finalize_subtask_success%0A%0Aassert None == 0
F::warning file=/home/runner/work/invenio-bug-verification/invenio-bug-verification/package-repo/.venv/lib/python3.12/site-packages/pytest_invenio/user.py,line=36::datetime.datetime.utcnow() is deprecated and scheduled for removal in a future version. Use timezone-aware objects to represent datetimes in UTC: datetime.datetime.now(datetime.UTC).
::warning file=/home/runner/work/invenio-bug-verification/invenio-bug-verification/package-repo/.venv/lib/python3.12/site-packages/sqlalchemy/sql/schema.py,line=3624::datetime.datetime.utcnow() is deprecated and scheduled for removal in a future version. Use timezone-aware objects to represent datetimes in UTC: datetime.datetime.now(datetime.UTC).
::warning file=/home/runner/work/invenio-bug-verification/invenio-bug-verification/package-repo/.venv/lib/python3.12/site-packages/sqlalchemy/sql/schema.py,line=3624::datetime.datetime.utcnow() is deprecated and scheduled for removal in a future version. Use timezone-aware objects to represent datetimes in UTC: datetime.datetime.now(datetime.UTC).
::warning file=/home/runner/work/invenio-bug-verification/invenio-bug-verification/package-repo/.venv/lib/python3.12/site-packages/flask_security/datastore.py,line=235::The Query.get() method is considered legacy as of the 1.x series of SQLAlchemy and becomes a legacy construct in 2.0. The method is now available as Session.get() (deprecated since: 2.0)
::warning file=/home/runner/work/invenio-bug-verification/invenio-bug-verification/package-repo/.venv/lib/python3.12/site-packages/invenio_records_resources/services/records/schema.py,line=90::The `context` parameter is deprecated and will be removed in marshmallow 4.0. Use `contextvars.ContextVar` to pass context instead.
::warning file=/home/runner/work/invenio-bug-verification/invenio-bug-verification/package-repo/.venv/lib/python3.12/site-packages/marshmallow/fields.py,line=631::The `context` parameter is deprecated and will be removed in marshmallow 4.0. Use `contextvars.ContextVar` to pass context instead.
::warning file=/home/runner/work/invenio-bug-verification/invenio-bug-verification/package-repo/.venv/lib/python3.12/site-packages/sqlalchemy/sql/schema.py,line=3624::datetime.datetime.utcnow() is deprecated and scheduled for removal in a future version. Use timezone-aware objects to represent datetimes in UTC: datetime.datetime.now(datetime.UTC).
::warning file=/home/runner/work/invenio-bug-verification/invenio-bug-verification/package-repo/.venv/lib/python3.12/site-packages/sqlalchemy/sql/schema.py,line=3624::datetime.datetime.utcnow() is deprecated and scheduled for removal in a future version. Use timezone-aware objects to represent datetimes in UTC: datetime.datetime.now(datetime.UTC).
::warning file=/home/runner/work/invenio-bug-verification/invenio-bug-verification/package-repo/.venv/lib/python3.12/site-packages/invenio_records_resources/services/records/schema.py,line=90::The `context` parameter is deprecated and will be removed in marshmallow 4.0. Use `contextvars.ContextVar` to pass context instead.
::warning file=/home/runner/work/invenio-bug-verification/invenio-bug-verification/package-repo/.venv/lib/python3.12/site-packages/marshmallow/fields.py,line=631::The `context` parameter is deprecated and will be removed in marshmallow 4.0. Use `contextvars.ContextVar` to pass context instead.
::warning file=/home/runner/work/invenio-bug-verification/invenio-bug-verification/package-repo/.venv/lib/python3.12/site-packages/sqlalchemy/sql/schema.py,line=3624::datetime.datetime.utcnow() is deprecated and scheduled for removal in a future version. Use timezone-aware objects to represent datetimes in UTC: datetime.datetime.now(datetime.UTC).
::warning file=/home/runner/work/invenio-bug-verification/invenio-bug-verification/package-repo/.venv/lib/python3.12/site-packages/sqlalchemy/sql/schema.py,line=3624::datetime.datetime.utcnow() is deprecated and scheduled for removal in a future version. Use timezone-aware objects to represent datetimes in UTC: datetime.datetime.now(datetime.UTC).
::warning file=/home/runner/work/invenio-bug-verification/invenio-bug-verification/package-repo/.venv/lib/python3.12/site-packages/invenio_records_resources/services/records/schema.py,line=90::The `context` parameter is deprecated and will be removed in marshmallow 4.0. Use `contextvars.ContextVar` to pass context instead.
::warning file=/home/runner/work/invenio-bug-verification/invenio-bug-verification/package-repo/.venv/lib/python3.12/site-packages/sqlalchemy/sql/schema.py,line=3624::datetime.datetime.utcnow() is deprecated and scheduled for removal in a future version. Use timezone-aware objects to represent datetimes in UTC: datetime.datetime.now(datetime.UTC).
::warning file=/home/runner/work/invenio-bug-verification/invenio-bug-verification/package-repo/.venv/lib/python3.12/site-packages/sqlalchemy/sql/schema.py,line=3624::datetime.datetime.utcnow() is deprecated and scheduled for removal in a future version. Use timezone-aware objects to represent datetimes in UTC: datetime.datetime.now(datetime.UTC).
::warning file=/home/runner/work/invenio-bug-verification/invenio-bug-verification/package-repo/.venv/lib/python3.12/site-packages/invenio_records_resources/services/records/schema.py,line=90::The `context` parameter is deprecated and will be removed in marshmallow 4.0. Use `contextvars.ContextVar` to pass context instead.
::warning file=/home/runner/work/invenio-bug-verification/invenio-bug-verification/package-repo/.venv/lib/python3.12/site-packages/sqlalchemy_utils/models.py,line=33::datetime.datetime.utcnow() is deprecated and scheduled for removal in a future version. Use timezone-aware objects to represent datetimes in UTC: datetime.datetime.now(datetime.UTC).
::warning file=/home/runner/work/invenio-bug-verification/invenio-bug-verification/package-repo/.venv/lib/python3.12/site-packages/sqlalchemy/sql/schema.py,line=3624::datetime.datetime.utcnow() is deprecated and scheduled for removal in a future version. Use timezone-aware objects to represent datetimes in UTC: datetime.datetime.now(datetime.UTC).
::warning file=/home/runner/work/invenio-bug-verification/invenio-bug-verification/package-repo/.venv/lib/python3.12/site-packages/sqlalchemy/sql/schema.py,line=3624::datetime.datetime.utcnow() is deprecated and scheduled for removal in a future version. Use timezone-aware objects to represent datetimes in UTC: datetime.datetime.now(datetime.UTC).
::warning file=/home/runner/work/invenio-bug-verification/invenio-bug-verification/package-repo/invenio_jobs/tasks.py,line=61::datetime.datetime.utcnow() is deprecated and scheduled for removal in a future version. Use timezone-aware objects to represent datetimes in UTC: datetime.datetime.now(datetime.UTC).
::warning file=/home/runner/work/invenio-bug-verification/invenio-bug-verification/package-repo/.venv/lib/python3.12/site-packages/sqlalchemy_utils/models.py,line=33::datetime.datetime.utcnow() is deprecated and scheduled for removal in a future version. Use timezone-aware objects to represent datetimes in UTC: datetime.datetime.now(datetime.UTC).
::warning file=/home/runner/work/invenio-bug-verification/invenio-bug-verification/package-repo/invenio_jobs/tasks.py,line=121::datetime.datetime.utcnow() is deprecated and scheduled for removal in a future version. Use timezone-aware objects to represent datetimes in UTC: datetime.datetime.now(datetime.UTC).
::warning file=/home/runner/work/invenio-bug-verification/invenio-bug-verification/package-repo/.venv/lib/python3.12/site-packages/sqlalchemy_utils/models.py,line=33::datetime.datetime.utcnow() is deprecated and scheduled for removal in a future version. Use timezone-aware objects to represent datetimes in UTC: datetime.datetime.now(datetime.UTC).
::warning file=/home/runner/work/invenio-bug-verification/invenio-bug-verification/package-repo/.venv/lib/python3.12/site-packages/sqlalchemy_utils/models.py,line=33::datetime.datetime.utcnow() is deprecated and scheduled for removal in a future version. Use timezone-aware objects to represent datetimes in UTC: datetime.datetime.now(datetime.UTC).
::warning file=/home/runner/work/invenio-bug-verification/invenio-bug-verification/package-repo/.venv/lib/python3.12/site-packages/sqlalchemy_utils/models.py,line=33::datetime.datetime.utcnow() is deprecated and scheduled for removal in a future version. Use timezone-aware objects to represent datetimes in UTC: datetime.datetime.now(datetime.UTC).
::warning file=/home/runner/work/invenio-bug-verification/invenio-bug-verification/package-repo/.venv/lib/python3.12/site-packages/sqlalchemy/sql/schema.py,line=3624::datetime.datetime.utcnow() is deprecated and scheduled for removal in a future version. Use timezone-aware objects to represent datetimes in UTC: datetime.datetime.now(datetime.UTC).
::warning file=/home/runner/work/invenio-bug-verification/invenio-bug-verification/package-repo/.venv/lib/python3.12/site-packages/sqlalchemy/sql/schema.py,line=3624::datetime.datetime.utcnow() is deprecated and scheduled for removal in a future version. Use timezone-aware objects to represent datetimes in UTC: datetime.datetime.now(datetime.UTC).
::warning file=/home/runner/work/invenio-bug-verification/invenio-bug-verification/package-repo/invenio_jobs/services/services.py,line=354::datetime.datetime.utcnow() is deprecated and scheduled for removal in a future version. Use timezone-aware objects to represent datetimes in UTC: datetime.datetime.now(datetime.UTC).
::warning file=/home/runner/work/invenio-bug-verification/invenio-bug-verification/package-repo/.venv/lib/python3.12/site-packages/sqlalchemy_utils/models.py,line=33::datetime.datetime.utcnow() is deprecated and scheduled for removal in a future version. Use timezone-aware objects to represent datetimes in UTC: datetime.datetime.now(datetime.UTC).
::warning file=/home/runner/work/invenio-bug-verification/invenio-bug-verification/package-repo/.venv/lib/python3.12/site-packages/sqlalchemy_utils/models.py,line=33::datetime.datetime.utcnow() is deprecated and scheduled for removal in a future version. Use timezone-aware objects to represent datetimes in UTC: datetime.datetime.now(datetime.UTC).
::warning file=/home/runner/work/invenio-bug-verification/invenio-bug-verification/package-repo/invenio_jobs/services/services.py,line=451::datetime.datetime.utcnow() is deprecated and scheduled for removal in a future version. Use timezone-aware objects to represent datetimes in UTC: datetime.datetime.now(datetime.UTC).
::warning file=/home/runner/work/invenio-bug-verification/invenio-bug-verification/package-repo/.venv/lib/python3.12/site-packages/invenio_records_resources/services/records/schema.py,line=105::The `context` parameter is deprecated and will be removed in marshmallow 4.0. Use `contextvars.ContextVar` to pass context instead.
::warning file=/home/runner/work/invenio-bug-verification/invenio-bug-verification/package-repo/.venv/lib/python3.12/site-packages/marshmallow/fields.py,line=631::The `context` parameter is deprecated and will be removed in marshmallow 4.0. Use `contextvars.ContextVar` to pass context instead.
::warning file=/home/runner/work/invenio-bug-verification/invenio-bug-verification/package-repo/.venv/lib/python3.12/site-packages/marshmallow/fields.py,line=631::The `context` parameter is deprecated and will be removed in marshmallow 4.0. Use `contextvars.ContextVar` to pass context instead.
::warning file=/home/runner/work/invenio-bug-verification/invenio-bug-verification/package-repo/.venv/lib/python3.12/site-packages/marshmallow/fields.py,line=631::The `context` parameter is deprecated and will be removed in marshmallow 4.0. Use `contextvars.ContextVar` to pass context instead.
::warning file=/home/runner/work/invenio-bug-verification/invenio-bug-verification/package-repo/.venv/lib/python3.12/site-packages/marshmallow/fields.py,line=631::The `context` parameter is deprecated and will be removed in marshmallow 4.0. Use `contextvars.ContextVar` to pass context instead.
::warning file=/home/runner/work/invenio-bug-verification/invenio-bug-verification/package-repo/invenio_jobs/services/schema.py,line=127::The `context` parameter is deprecated and will be removed in marshmallow 4.0. Use `contextvars.ContextVar` to pass context instead.
::warning file=/home/runner/work/invenio-bug-verification/invenio-bug-verification/package-repo/.venv/lib/python3.12/site-packages/invenio_records_resources/services/records/schema.py,line=105::The `context` parameter is deprecated and will be removed in marshmallow 4.0. Use `contextvars.ContextVar` to pass context instead.
::warning file=/home/runner/work/invenio-bug-verification/invenio-bug-verification/package-repo/invenio_jobs/services/schema.py,line=127::The `context` parameter is deprecated and will be removed in marshmallow 4.0. Use `contextvars.ContextVar` to pass context instead.
::error file=package-repo/tests/test_services_subtasks.py,line=173::test_finalize_subtask_failure%0A%0Aassert None == 1
F::warning file=/home/runner/work/invenio-bug-verification/invenio-bug-verification/package-repo/.venv/lib/python3.12/site-packages/pytest_invenio/user.py,line=36::datetime.datetime.utcnow() is deprecated and scheduled for removal in a future version. Use timezone-aware objects to represent datetimes in UTC: datetime.datetime.now(datetime.UTC).
::warning file=/home/runner/work/invenio-bug-verification/invenio-bug-verification/package-repo/.venv/lib/python3.12/site-packages/sqlalchemy/sql/schema.py,line=3624::datetime.datetime.utcnow() is deprecated and scheduled for removal in a future version. Use timezone-aware objects to represent datetimes in UTC: datetime.datetime.now(datetime.UTC).
::warning file=/home/runner/work/invenio-bug-verification/invenio-bug-verification/package-repo/.venv/lib/python3.12/site-packages/sqlalchemy/sql/schema.py,line=3624::datetime.datetime.utcnow() is deprecated and scheduled for removal in a future version. Use timezone-aware objects to represent datetimes in UTC: datetime.datetime.now(datetime.UTC).
::warning file=/home/runner/work/invenio-bug-verification/invenio-bug-verification/package-repo/.venv/lib/python3.12/site-packages/flask_security/datastore.py,line=235::The Query.get() method is considered legacy as of the 1.x series of SQLAlchemy and becomes a legacy construct in 2.0. The method is now available as Session.get() (deprecated since: 2.0)
::warning file=/home/runner/work/invenio-bug-verification/invenio-bug-verification/package-repo/.venv/lib/python3.12/site-packages/invenio_records_resources/services/records/schema.py,line=90::The `context` parameter is deprecated and will be removed in marshmallow 4.0. Use `contextvars.ContextVar` to pass context instead.
::warning file=/home/runner/work/invenio-bug-verification/invenio-bug-verification/package-repo/.venv/lib/python3.12/site-packages/marshmallow/fields.py,line=631::The `context` parameter is deprecated and will be removed in marshmallow 4.0. Use `contextvars.ContextVar` to pass context instead.
::warning file=/home/runner/work/invenio-bug-verification/invenio-bug-verification/package-repo/.venv/lib/python3.12/site-packages/sqlalchemy/sql/schema.py,line=3624::datetime.datetime.utcnow() is deprecated and scheduled for removal in a future version. Use timezone-aware objects to represent datetimes in UTC: datetime.datetime.now(datetime.UTC).
::warning file=/home/runner/work/invenio-bug-verification/invenio-bug-verification/package-repo/.venv/lib/python3.12/site-packages/sqlalchemy/sql/schema.py,line=3624::datetime.datetime.utcnow() is deprecated and scheduled for removal in a future version. Use timezone-aware objects to represent datetimes in UTC: datetime.datetime.now(datetime.UTC).
::warning file=/home/runner/work/invenio-bug-verification/invenio-bug-verification/package-repo/.venv/lib/python3.12/site-packages/invenio_records_resources/services/records/schema.py,line=90::The `context` parameter is deprecated and will be removed in marshmallow 4.0. Use `contextvars.ContextVar` to pass context instead.
::warning file=/home/runner/work/invenio-bug-verification/invenio-bug-verification/package-repo/.venv/lib/python3.12/site-packages/marshmallow/fields.py,line=631::The `context` parameter is deprecated and will be removed in marshmallow 4.0. Use `contextvars.ContextVar` to pass context instead.
::warning file=/home/runner/work/invenio-bug-verification/invenio-bug-verification/package-repo/.venv/lib/python3.12/site-packages/sqlalchemy/sql/schema.py,line=3624::datetime.datetime.utcnow() is deprecated and scheduled for removal in a future version. Use timezone-aware objects to represent datetimes in UTC: datetime.datetime.now(datetime.UTC).
::warning file=/home/runner/work/invenio-bug-verification/invenio-bug-verification/package-repo/.venv/lib/python3.12/site-packages/sqlalchemy/sql/schema.py,line=3624::datetime.datetime.utcnow() is deprecated and scheduled for removal in a future version. Use timezone-aware objects to represent datetimes in UTC: datetime.datetime.now(datetime.UTC).
::warning file=/home/runner/work/invenio-bug-verification/invenio-bug-verification/package-repo/.venv/lib/python3.12/site-packages/invenio_records_resources/services/records/schema.py,line=90::The `context` parameter is deprecated and will be removed in marshmallow 4.0. Use `contextvars.ContextVar` to pass context instead.
::warning file=/home/runner/work/invenio-bug-verification/invenio-bug-verification/package-repo/.venv/lib/python3.12/site-packages/sqlalchemy/sql/schema.py,line=3624::datetime.datetime.utcnow() is deprecated and scheduled for removal in a future version. Use timezone-aware objects to represent datetimes in UTC: datetime.datetime.now(datetime.UTC).
::warning file=/home/runner/work/invenio-bug-verification/invenio-bug-verification/package-repo/.venv/lib/python3.12/site-packages/sqlalchemy/sql/schema.py,line=3624::datetime.datetime.utcnow() is deprecated and scheduled for removal in a future version. Use timezone-aware objects to represent datetimes in UTC: datetime.datetime.now(datetime.UTC).
::warning file=/home/runner/work/invenio-bug-verification/invenio-bug-verification/package-repo/.venv/lib/python3.12/site-packages/invenio_records_resources/services/records/schema.py,line=90::The `context` parameter is deprecated and will be removed in marshmallow 4.0. Use `contextvars.ContextVar` to pass context instead.
::warning file=/home/runner/work/invenio-bug-verification/invenio-bug-verification/package-repo/.venv/lib/python3.12/site-packages/sqlalchemy_utils/models.py,line=33::datetime.datetime.utcnow() is deprecated and scheduled for removal in a future version. Use timezone-aware objects to represent datetimes in UTC: datetime.datetime.now(datetime.UTC).
::warning file=/home/runner/work/invenio-bug-verification/invenio-bug-verification/package-repo/.venv/lib/python3.12/site-packages/sqlalchemy/sql/schema.py,line=3624::datetime.datetime.utcnow() is deprecated and scheduled for removal in a future version. Use timezone-aware objects to represent datetimes in UTC: datetime.datetime.now(datetime.UTC).
::warning file=/home/runner/work/invenio-bug-verification/invenio-bug-verification/package-repo/.venv/lib/python3.12/site-packages/sqlalchemy/sql/schema.py,line=3624::datetime.datetime.utcnow() is deprecated and scheduled for removal in a future version. Use timezone-aware objects to represent datetimes in UTC: datetime.datetime.now(datetime.UTC).
::warning file=/home/runner/work/invenio-bug-verification/invenio-bug-verification/package-repo/invenio_jobs/tasks.py,line=61::datetime.datetime.utcnow() is deprecated and scheduled for removal in a future version. Use timezone-aware objects to represent datetimes in UTC: datetime.datetime.now(datetime.UTC).
::warning file=/home/runner/work/invenio-bug-verification/invenio-bug-verification/package-repo/.venv/lib/python3.12/site-packages/sqlalchemy_utils/models.py,line=33::datetime.datetime.utcnow() is deprecated and scheduled for removal in a future version. Use timezone-aware objects to represent datetimes in UTC: datetime.datetime.now(datetime.UTC).
::warning file=/home/runner/work/invenio-bug-verification/invenio-bug-verification/package-repo/invenio_jobs/tasks.py,line=121::datetime.datetime.utcnow() is deprecated and scheduled for removal in a future version. Use timezone-aware objects to represent datetimes in UTC: datetime.datetime.now(datetime.UTC).
::warning file=/home/runner/work/invenio-bug-verification/invenio-bug-verification/package-repo/.venv/lib/python3.12/site-packages/sqlalchemy_utils/models.py,line=33::datetime.datetime.utcnow() is deprecated and scheduled for removal in a future version. Use timezone-aware objects to represent datetimes in UTC: datetime.datetime.now(datetime.UTC).
::warning file=/home/runner/work/invenio-bug-verification/invenio-bug-verification/package-repo/.venv/lib/python3.12/site-packages/sqlalchemy_utils/models.py,line=33::datetime.datetime.utcnow() is deprecated and scheduled for removal in a future version. Use timezone-aware objects to represent datetimes in UTC: datetime.datetime.now(datetime.UTC).
::warning file=/home/runner/work/invenio-bug-verification/invenio-bug-verification/package-repo/.venv/lib/python3.12/site-packages/sqlalchemy_utils/models.py,line=33::datetime.datetime.utcnow() is deprecated and scheduled for removal in a future version. Use timezone-aware objects to represent datetimes in UTC: datetime.datetime.now(datetime.UTC).
::warning file=/home/runner/work/invenio-bug-verification/invenio-bug-verification/package-repo/.venv/lib/python3.12/site-packages/sqlalchemy/sql/schema.py,line=3624::datetime.datetime.utcnow() is deprecated and scheduled for removal in a future version. Use timezone-aware objects to represent datetimes in UTC: datetime.datetime.now(datetime.UTC).
::warning file=/home/runner/work/invenio-bug-verification/invenio-bug-verification/package-repo/.venv/lib/python3.12/site-packages/sqlalchemy/sql/schema.py,line=3624::datetime.datetime.utcnow() is deprecated and scheduled for removal in a future version. Use timezone-aware objects to represent datetimes in UTC: datetime.datetime.now(datetime.UTC).
::warning file=/home/runner/work/invenio-bug-verification/invenio-bug-verification/package-repo/invenio_jobs/services/services.py,line=354::datetime.datetime.utcnow() is deprecated and scheduled for removal in a future version. Use timezone-aware objects to represent datetimes in UTC: datetime.datetime.now(datetime.UTC).
::warning file=/home/runner/work/invenio-bug-verification/invenio-bug-verification/package-repo/.venv/lib/python3.12/site-packages/sqlalchemy_utils/models.py,line=33::datetime.datetime.utcnow() is deprecated and scheduled for removal in a future version. Use timezone-aware objects to represent datetimes in UTC: datetime.datetime.now(datetime.UTC).
::warning file=/home/runner/work/invenio-bug-verification/invenio-bug-verification/package-repo/.venv/lib/python3.12/site-packages/sqlalchemy_utils/models.py,line=33::datetime.datetime.utcnow() is deprecated and scheduled for removal in a future version. Use timezone-aware objects to represent datetimes in UTC: datetime.datetime.now(datetime.UTC).
::warning file=/home/runner/work/invenio-bug-verification/invenio-bug-verification/package-repo/invenio_jobs/services/services.py,line=451::datetime.datetime.utcnow() is deprecated and scheduled for removal in a future version. Use timezone-aware objects to represent datetimes in UTC: datetime.datetime.now(datetime.UTC).
::warning file=/home/runner/work/invenio-bug-verification/invenio-bug-verification/package-repo/.venv/lib/python3.12/site-packages/invenio_records_resources/services/records/schema.py,line=105::The `context` parameter is deprecated and will be removed in marshmallow 4.0. Use `contextvars.ContextVar` to pass context instead.
::warning file=/home/runner/work/invenio-bug-verification/invenio-bug-verification/package-repo/.venv/lib/python3.12/site-packages/marshmallow/fields.py,line=631::The `context` parameter is deprecated and will be removed in marshmallow 4.0. Use `contextvars.ContextVar` to pass context instead.
::warning file=/home/runner/work/invenio-bug-verification/invenio-bug-verification/package-repo/.venv/lib/python3.12/site-packages/marshmallow/fields.py,line=631::The `context` parameter is deprecated and will be removed in marshmallow 4.0. Use `contextvars.ContextVar` to pass context instead.
::warning file=/home/runner/work/invenio-bug-verification/invenio-bug-verification/package-repo/.venv/lib/python3.12/site-packages/marshmallow/fields.py,line=631::The `context` parameter is deprecated and will be removed in marshmallow 4.0. Use `contextvars.ContextVar` to pass context instead.
::warning file=/home/runner/work/invenio-bug-verification/invenio-bug-verification/package-repo/.venv/lib/python3.12/site-packages/marshmallow/fields.py,line=631::The `context` parameter is deprecated and will be removed in marshmallow 4.0. Use `contextvars.ContextVar` to pass context instead.
::warning file=/home/runner/work/invenio-bug-verification/invenio-bug-verification/package-repo/invenio_jobs/services/schema.py,line=127::The `context` parameter is deprecated and will be removed in marshmallow 4.0. Use `contextvars.ContextVar` to pass context instead.
::warning file=/home/runner/work/invenio-bug-verification/invenio-bug-verification/package-repo/.venv/lib/python3.12/site-packages/invenio_records_resources/services/records/schema.py,line=105::The `context` parameter is deprecated and will be removed in marshmallow 4.0. Use `contextvars.ContextVar` to pass context instead.
::warning file=/home/runner/work/invenio-bug-verification/invenio-bug-verification/package-repo/invenio_jobs/services/schema.py,line=127::The `context` parameter is deprecated and will be removed in marshmallow 4.0. Use `contextvars.ContextVar` to pass context instead.
::error file=package-repo/tests/test_services_subtasks.py,line=213::test_finalize_subtask_partial_success%0A%0AAssertionError: assert 'QUEUED' == 'RUNNING'%0A  %0A  - RUNNING%0A  + QUEUED
F::warning file=/home/runner/work/invenio-bug-verification/invenio-bug-verification/package-repo/.venv/lib/python3.12/site-packages/pytest_invenio/user.py,line=36::datetime.datetime.utcnow() is deprecated and scheduled for removal in a future version. Use timezone-aware objects to represent datetimes in UTC: datetime.datetime.now(datetime.UTC).
::warning file=/home/runner/work/invenio-bug-verification/invenio-bug-verification/package-repo/.venv/lib/python3.12/site-packages/sqlalchemy/sql/schema.py,line=3624::datetime.datetime.utcnow() is deprecated and scheduled for removal in a future version. Use timezone-aware objects to represent datetimes in UTC: datetime.datetime.now(datetime.UTC).
::warning file=/home/runner/work/invenio-bug-verification/invenio-bug-verification/package-repo/.venv/lib/python3.12/site-packages/sqlalchemy/sql/schema.py,line=3624::datetime.datetime.utcnow() is deprecated and scheduled for removal in a future version. Use timezone-aware objects to represent datetimes in UTC: datetime.datetime.now(datetime.UTC).
::warning file=/home/runner/work/invenio-bug-verification/invenio-bug-verification/package-repo/.venv/lib/python3.12/site-packages/flask_security/datastore.py,line=235::The Query.get() method is considered legacy as of the 1.x series of SQLAlchemy and becomes a legacy construct in 2.0. The method is now available as Session.get() (deprecated since: 2.0)
::warning file=/home/runner/work/invenio-bug-verification/invenio-bug-verification/package-repo/.venv/lib/python3.12/site-packages/invenio_records_resources/services/records/schema.py,line=90::The `context` parameter is deprecated and will be removed in marshmallow 4.0. Use `contextvars.ContextVar` to pass context instead.
::warning file=/home/runner/work/invenio-bug-verification/invenio-bug-verification/package-repo/.venv/lib/python3.12/site-packages/marshmallow/fields.py,line=631::The `context` parameter is deprecated and will be removed in marshmallow 4.0. Use `contextvars.ContextVar` to pass context instead.
::warning file=/home/runner/work/invenio-bug-verification/invenio-bug-verification/package-repo/.venv/lib/python3.12/site-packages/sqlalchemy/sql/schema.py,line=3624::datetime.datetime.utcnow() is deprecated and scheduled for removal in a future version. Use timezone-aware objects to represent datetimes in UTC: datetime.datetime.now(datetime.UTC).
::warning file=/home/runner/work/invenio-bug-verification/invenio-bug-verification/package-repo/.venv/lib/python3.12/site-packages/sqlalchemy/sql/schema.py,line=3624::datetime.datetime.utcnow() is deprecated and scheduled for removal in a future version. Use timezone-aware objects to represent datetimes in UTC: datetime.datetime.now(datetime.UTC).
::warning file=/home/runner/work/invenio-bug-verification/invenio-bug-verification/package-repo/.venv/lib/python3.12/site-packages/invenio_records_resources/services/records/schema.py,line=90::The `context` parameter is deprecated and will be removed in marshmallow 4.0. Use `contextvars.ContextVar` to pass context instead.
::warning file=/home/runner/work/invenio-bug-verification/invenio-bug-verification/package-repo/.venv/lib/python3.12/site-packages/marshmallow/fields.py,line=631::The `context` parameter is deprecated and will be removed in marshmallow 4.0. Use `contextvars.ContextVar` to pass context instead.
::warning file=/home/runner/work/invenio-bug-verification/invenio-bug-verification/package-repo/.venv/lib/python3.12/site-packages/sqlalchemy/sql/schema.py,line=3624::datetime.datetime.utcnow() is deprecated and scheduled for removal in a future version. Use timezone-aware objects to represent datetimes in UTC: datetime.datetime.now(datetime.UTC).
::warning file=/home/runner/work/invenio-bug-verification/invenio-bug-verification/package-repo/.venv/lib/python3.12/site-packages/sqlalchemy/sql/schema.py,line=3624::datetime.datetime.utcnow() is deprecated and scheduled for removal in a future version. Use timezone-aware objects to represent datetimes in UTC: datetime.datetime.now(datetime.UTC).
::warning file=/home/runner/work/invenio-bug-verification/invenio-bug-verification/package-repo/.venv/lib/python3.12/site-packages/invenio_records_resources/services/records/schema.py,line=90::The `context` parameter is deprecated and will be removed in marshmallow 4.0. Use `contextvars.ContextVar` to pass context instead.
::warning file=/home/runner/work/invenio-bug-verification/invenio-bug-verification/package-repo/.venv/lib/python3.12/site-packages/sqlalchemy/sql/schema.py,line=3624::datetime.datetime.utcnow() is deprecated and scheduled for removal in a future version. Use timezone-aware objects to represent datetimes in UTC: datetime.datetime.now(datetime.UTC).
::warning file=/home/runner/work/invenio-bug-verification/invenio-bug-verification/package-repo/.venv/lib/python3.12/site-packages/sqlalchemy/sql/schema.py,line=3624::datetime.datetime.utcnow() is deprecated and scheduled for removal in a future version. Use timezone-aware objects to represent datetimes in UTC: datetime.datetime.now(datetime.UTC).
::warning file=/home/runner/work/invenio-bug-verification/invenio-bug-verification/package-repo/.venv/lib/python3.12/site-packages/invenio_records_resources/services/records/schema.py,line=90::The `context` parameter is deprecated and will be removed in marshmallow 4.0. Use `contextvars.ContextVar` to pass context instead.
::warning file=/home/runner/work/invenio-bug-verification/invenio-bug-verification/package-repo/.venv/lib/python3.12/site-packages/sqlalchemy_utils/models.py,line=33::datetime.datetime.utcnow() is deprecated and scheduled for removal in a future version. Use timezone-aware objects to represent datetimes in UTC: datetime.datetime.now(datetime.UTC).
::warning file=/home/runner/work/invenio-bug-verification/invenio-bug-verification/package-repo/.venv/lib/python3.12/site-packages/sqlalchemy/sql/schema.py,line=3624::datetime.datetime.utcnow() is deprecated and scheduled for removal in a future version. Use timezone-aware objects to represent datetimes in UTC: datetime.datetime.now(datetime.UTC).
::warning file=/home/runner/work/invenio-bug-verification/invenio-bug-verification/package-repo/.venv/lib/python3.12/site-packages/sqlalchemy/sql/schema.py,line=3624::datetime.datetime.utcnow() is deprecated and scheduled for removal in a future version. Use timezone-aware objects to represent datetimes in UTC: datetime.datetime.now(datetime.UTC).
::warning file=/home/runner/work/invenio-bug-verification/invenio-bug-verification/package-repo/invenio_jobs/tasks.py,line=61::datetime.datetime.utcnow() is deprecated and scheduled for removal in a future version. Use timezone-aware objects to represent datetimes in UTC: datetime.datetime.now(datetime.UTC).
::warning file=/home/runner/work/invenio-bug-verification/invenio-bug-verification/package-repo/.venv/lib/python3.12/site-packages/sqlalchemy_utils/models.py,line=33::datetime.datetime.utcnow() is deprecated and scheduled for removal in a future version. Use timezone-aware objects to represent datetimes in UTC: datetime.datetime.now(datetime.UTC).
::warning file=/home/runner/work/invenio-bug-verification/invenio-bug-verification/package-repo/invenio_jobs/tasks.py,line=121::datetime.datetime.utcnow() is deprecated and scheduled for removal in a future version. Use timezone-aware objects to represent datetimes in UTC: datetime.datetime.now(datetime.UTC).
::warning file=/home/runner/work/invenio-bug-verification/invenio-bug-verification/package-repo/.venv/lib/python3.12/site-packages/sqlalchemy_utils/models.py,line=33::datetime.datetime.utcnow() is deprecated and scheduled for removal in a future version. Use timezone-aware objects to represent datetimes in UTC: datetime.datetime.now(datetime.UTC).
::warning file=/home/runner/work/invenio-bug-verification/invenio-bug-verification/package-repo/.venv/lib/python3.12/site-packages/sqlalchemy_utils/models.py,line=33::datetime.datetime.utcnow() is deprecated and scheduled for removal in a future version. Use timezone-aware objects to represent datetimes in UTC: datetime.datetime.now(datetime.UTC).
::warning file=/home/runner/work/invenio-bug-verification/invenio-bug-verification/package-repo/.venv/lib/python3.12/site-packages/sqlalchemy_utils/models.py,line=33::datetime.datetime.utcnow() is deprecated and scheduled for removal in a future version. Use timezone-aware objects to represent datetimes in UTC: datetime.datetime.now(datetime.UTC).
::warning file=/home/runner/work/invenio-bug-verification/invenio-bug-verification/package-repo/.venv/lib/python3.12/site-packages/sqlalchemy/sql/schema.py,line=3624::datetime.datetime.utcnow() is deprecated and scheduled for removal in a future version. Use timezone-aware objects to represent datetimes in UTC: datetime.datetime.now(datetime.UTC).
::warning file=/home/runner/work/invenio-bug-verification/invenio-bug-verification/package-repo/.venv/lib/python3.12/site-packages/sqlalchemy/sql/schema.py,line=3624::datetime.datetime.utcnow() is deprecated and scheduled for removal in a future version. Use timezone-aware objects to represent datetimes in UTC: datetime.datetime.now(datetime.UTC).
::warning file=/home/runner/work/invenio-bug-verification/invenio-bug-verification/package-repo/.venv/lib/python3.12/site-packages/sqlalchemy_utils/models.py,line=33::datetime.datetime.utcnow() is deprecated and scheduled for removal in a future version. Use timezone-aware objects to represent datetimes in UTC: datetime.datetime.now(datetime.UTC).
::warning file=/home/runner/work/invenio-bug-verification/invenio-bug-verification/package-repo/.venv/lib/python3.12/site-packages/sqlalchemy_utils/models.py,line=33::datetime.datetime.utcnow() is deprecated and scheduled for removal in a future version. Use timezone-aware objects to represent datetimes in UTC: datetime.datetime.now(datetime.UTC).
::warning file=/home/runner/work/invenio-bug-verification/invenio-bug-verification/package-repo/.venv/lib/python3.12/site-packages/sqlalchemy/sql/schema.py,line=3624::datetime.datetime.utcnow() is deprecated and scheduled for removal in a future version. Use timezone-aware objects to represent datetimes in UTC: datetime.datetime.now(datetime.UTC).
::warning file=/home/runner/work/invenio-bug-verification/invenio-bug-verification/package-repo/.venv/lib/python3.12/site-packages/sqlalchemy/sql/schema.py,line=3624::datetime.datetime.utcnow() is deprecated and scheduled for removal in a future version. Use timezone-aware objects to represent datetimes in UTC: datetime.datetime.now(datetime.UTC).
::warning file=/home/runner/work/invenio-bug-verification/invenio-bug-verification/package-repo/invenio_jobs/services/services.py,line=354::datetime.datetime.utcnow() is deprecated and scheduled for removal in a future version. Use timezone-aware objects to represent datetimes in UTC: datetime.datetime.now(datetime.UTC).
::warning file=/home/runner/work/invenio-bug-verification/invenio-bug-verification/package-repo/.venv/lib/python3.12/site-packages/sqlalchemy_utils/models.py,line=33::datetime.datetime.utcnow() is deprecated and scheduled for removal in a future version. Use timezone-aware objects to represent datetimes in UTC: datetime.datetime.now(datetime.UTC).
::warning file=/home/runner/work/invenio-bug-verification/invenio-bug-verification/package-repo/invenio_jobs/services/services.py,line=354::datetime.datetime.utcnow() is deprecated and scheduled for removal in a future version. Use timezone-aware objects to represent datetimes in UTC: datetime.datetime.now(datetime.UTC).
::warning file=/home/runner/work/invenio-bug-verification/invenio-bug-verification/package-repo/.venv/lib/python3.12/site-packages/sqlalchemy_utils/models.py,line=33::datetime.datetime.utcnow() is deprecated and scheduled for removal in a future version. Use timezone-aware objects to represent datetimes in UTC: datetime.datetime.now(datetime.UTC).
::warning file=/home/runner/work/invenio-bug-verification/invenio-bug-verification/package-repo/.venv/lib/python3.12/site-packages/sqlalchemy_utils/models.py,line=33::datetime.datetime.utcnow() is deprecated and scheduled for removal in a future version. Use timezone-aware objects to represent datetimes in UTC: datetime.datetime.now(datetime.UTC).
::warning file=/home/runner/work/invenio-bug-verification/invenio-bug-verification/package-repo/.venv/lib/python3.12/site-packages/invenio_records_resources/services/records/schema.py,line=105::The `context` parameter is deprecated and will be removed in marshmallow 4.0. Use `contextvars.ContextVar` to pass context instead.
::warning file=/home/runner/work/invenio-bug-verification/invenio-bug-verification/package-repo/invenio_jobs/services/schema.py,line=127::The `context` parameter is deprecated and will be removed in marshmallow 4.0. Use `contextvars.ContextVar` to pass context instead.
::error file=package-repo/tests/test_services_subtasks.py,line=246::test_add_total_entries%0A%0Aassert 0 == 100
F::warning file=/home/runner/work/invenio-bug-verification/invenio-bug-verification/package-repo/.venv/lib/python3.12/site-packages/pytest_invenio/user.py,line=36::datetime.datetime.utcnow() is deprecated and scheduled for removal in a future version. Use timezone-aware objects to represent datetimes in UTC: datetime.datetime.now(datetime.UTC).
::warning file=/home/runner/work/invenio-bug-verification/invenio-bug-verification/package-repo/.venv/lib/python3.12/site-packages/sqlalchemy/sql/schema.py,line=3624::datetime.datetime.utcnow() is deprecated and scheduled for removal in a future version. Use timezone-aware objects to represent datetimes in UTC: datetime.datetime.now(datetime.UTC).
::warning file=/home/runner/work/invenio-bug-verification/invenio-bug-verification/package-repo/.venv/lib/python3.12/site-packages/sqlalchemy/sql/schema.py,line=3624::datetime.datetime.utcnow() is deprecated and scheduled for removal in a future version. Use timezone-aware objects to represent datetimes in UTC: datetime.datetime.now(datetime.UTC).
::warning file=/home/runner/work/invenio-bug-verification/invenio-bug-verification/package-repo/.venv/lib/python3.12/site-packages/flask_security/datastore.py,line=235::The Query.get() method is considered legacy as of the 1.x series of SQLAlchemy and becomes a legacy construct in 2.0. The method is now available as Session.get() (deprecated since: 2.0)
::warning file=/home/runner/work/invenio-bug-verification/invenio-bug-verification/package-repo/.venv/lib/python3.12/site-packages/invenio_records_resources/services/records/schema.py,line=90::The `context` parameter is deprecated and will be removed in marshmallow 4.0. Use `contextvars.ContextVar` to pass context instead.
::warning file=/home/runner/work/invenio-bug-verification/invenio-bug-verification/package-repo/.venv/lib/python3.12/site-packages/marshmallow/fields.py,line=631::The `context` parameter is deprecated and will be removed in marshmallow 4.0. Use `contextvars.ContextVar` to pass context instead.
::warning file=/home/runner/work/invenio-bug-verification/invenio-bug-verification/package-repo/.venv/lib/python3.12/site-packages/sqlalchemy/sql/schema.py,line=3624::datetime.datetime.utcnow() is deprecated and scheduled for removal in a future version. Use timezone-aware objects to represent datetimes in UTC: datetime.datetime.now(datetime.UTC).
::warning file=/home/runner/work/invenio-bug-verification/invenio-bug-verification/package-repo/.venv/lib/python3.12/site-packages/sqlalchemy/sql/schema.py,line=3624::datetime.datetime.utcnow() is deprecated and scheduled for removal in a future version. Use timezone-aware objects to represent datetimes in UTC: datetime.datetime.now(datetime.UTC).
::warning file=/home/runner/work/invenio-bug-verification/invenio-bug-verification/package-repo/.venv/lib/python3.12/site-packages/invenio_records_resources/services/records/schema.py,line=90::The `context` parameter is deprecated and will be removed in marshmallow 4.0. Use `contextvars.ContextVar` to pass context instead.
::warning file=/home/runner/work/invenio-bug-verification/invenio-bug-verification/package-repo/.venv/lib/python3.12/site-packages/marshmallow/fields.py,line=631::The `context` parameter is deprecated and will be removed in marshmallow 4.0. Use `contextvars.ContextVar` to pass context instead.
::warning file=/home/runner/work/invenio-bug-verification/invenio-bug-verification/package-repo/.venv/lib/python3.12/site-packages/sqlalchemy/sql/schema.py,line=3624::datetime.datetime.utcnow() is deprecated and scheduled for removal in a future version. Use timezone-aware objects to represent datetimes in UTC: datetime.datetime.now(datetime.UTC).
::warning file=/home/runner/work/invenio-bug-verification/invenio-bug-verification/package-repo/.venv/lib/python3.12/site-packages/sqlalchemy/sql/schema.py,line=3624::datetime.datetime.utcnow() is deprecated and scheduled for removal in a future version. Use timezone-aware objects to represent datetimes in UTC: datetime.datetime.now(datetime.UTC).
::warning file=/home/runner/work/invenio-bug-verification/invenio-bug-verification/package-repo/.venv/lib/python3.12/site-packages/invenio_records_resources/services/records/schema.py,line=90::The `context` parameter is deprecated and will be removed in marshmallow 4.0. Use `contextvars.ContextVar` to pass context instead.
::warning file=/home/runner/work/invenio-bug-verification/invenio-bug-verification/package-repo/.venv/lib/python3.12/site-packages/sqlalchemy/sql/schema.py,line=3624::datetime.datetime.utcnow() is deprecated and scheduled for removal in a future version. Use timezone-aware objects to represent datetimes in UTC: datetime.datetime.now(datetime.UTC).
::warning file=/home/runner/work/invenio-bug-verification/invenio-bug-verification/package-repo/.venv/lib/python3.12/site-packages/sqlalchemy/sql/schema.py,line=3624::datetime.datetime.utcnow() is deprecated and scheduled for removal in a future version. Use timezone-aware objects to represent datetimes in UTC: datetime.datetime.now(datetime.UTC).
::warning file=/home/runner/work/invenio-bug-verification/invenio-bug-verification/package-repo/.venv/lib/python3.12/site-packages/invenio_records_resources/services/records/schema.py,line=90::The `context` parameter is deprecated and will be removed in marshmallow 4.0. Use `contextvars.ContextVar` to pass context instead.
::warning file=/home/runner/work/invenio-bug-verification/invenio-bug-verification/package-repo/.venv/lib/python3.12/site-packages/sqlalchemy_utils/models.py,line=33::datetime.datetime.utcnow() is deprecated and scheduled for removal in a future version. Use timezone-aware objects to represent datetimes in UTC: datetime.datetime.now(datetime.UTC).
::warning file=/home/runner/work/invenio-bug-verification/invenio-bug-verification/package-repo/.venv/lib/python3.12/site-packages/sqlalchemy/sql/schema.py,line=3624::datetime.datetime.utcnow() is deprecated and scheduled for removal in a future version. Use timezone-aware objects to represent datetimes in UTC: datetime.datetime.now(datetime.UTC).
::warning file=/home/runner/work/invenio-bug-verification/invenio-bug-verification/package-repo/.venv/lib/python3.12/site-packages/sqlalchemy/sql/schema.py,line=3624::datetime.datetime.utcnow() is deprecated and scheduled for removal in a future version. Use timezone-aware objects to represent datetimes in UTC: datetime.datetime.now(datetime.UTC).
::warning file=/home/runner/work/invenio-bug-verification/invenio-bug-verification/package-repo/invenio_jobs/tasks.py,line=61::datetime.datetime.utcnow() is deprecated and scheduled for removal in a future version. Use timezone-aware objects to represent datetimes in UTC: datetime.datetime.now(datetime.UTC).
::warning file=/home/runner/work/invenio-bug-verification/invenio-bug-verification/package-repo/.venv/lib/python3.12/site-packages/sqlalchemy_utils/models.py,line=33::datetime.datetime.utcnow() is deprecated and scheduled for removal in a future version. Use timezone-aware objects to represent datetimes in UTC: datetime.datetime.now(datetime.UTC).
::warning file=/home/runner/work/invenio-bug-verification/invenio-bug-verification/package-repo/invenio_jobs/tasks.py,line=121::datetime.datetime.utcnow() is deprecated and scheduled for removal in a future version. Use timezone-aware objects to represent datetimes in UTC: datetime.datetime.now(datetime.UTC).
::warning file=/home/runner/work/invenio-bug-verification/invenio-bug-verification/package-repo/.venv/lib/python3.12/site-packages/sqlalchemy_utils/models.py,line=33::datetime.datetime.utcnow() is deprecated and scheduled for removal in a future version. Use timezone-aware objects to represent datetimes in UTC: datetime.datetime.now(datetime.UTC).
::warning file=/home/runner/work/invenio-bug-verification/invenio-bug-verification/package-repo/.venv/lib/python3.12/site-packages/invenio_records_resources/services/records/schema.py,line=105::The `context` parameter is deprecated and will be removed in marshmallow 4.0. Use `contextvars.ContextVar` to pass context instead.
::warning file=/home/runner/work/invenio-bug-verification/invenio-bug-verification/package-repo/.venv/lib/python3.12/site-packages/marshmallow/fields.py,line=631::The `context` parameter is deprecated and will be removed in marshmallow 4.0. Use `contextvars.ContextVar` to pass context instead.
::warning file=/home/runner/work/invenio-bug-verification/invenio-bug-verification/package-repo/.venv/lib/python3.12/site-packages/marshmallow/fields.py,line=631::The `context` parameter is deprecated and will be removed in marshmallow 4.0. Use `contextvars.ContextVar` to pass context instead.
::warning file=/home/runner/work/invenio-bug-verification/invenio-bug-verification/package-repo/.venv/lib/python3.12/site-packages/marshmallow/fields.py,line=631::The `context` parameter is deprecated and will be removed in marshmallow 4.0. Use `contextvars.ContextVar` to pass context instead.
::warning file=/home/runner/work/invenio-bug-verification/invenio-bug-verification/package-repo/.venv/lib/python3.12/site-packages/marshmallow/fields.py,line=631::The `context` parameter is deprecated and will be removed in marshmallow 4.0. Use `contextvars.ContextVar` to pass context instead.
::warning file=/home/runner/work/invenio-bug-verification/invenio-bug-verification/package-repo/invenio_jobs/services/schema.py,line=127::The `context` parameter is deprecated and will be removed in marshmallow 4.0. Use `contextvars.ContextVar` to pass context instead.
.::warning file=/home/runner/work/invenio-bug-verification/invenio-bug-verification/package-repo/.venv/lib/python3.12/site-packages/pytest_invenio/user.py,line=36::datetime.datetime.utcnow() is deprecated and scheduled for removal in a future version. Use timezone-aware objects to represent datetimes in UTC: datetime.datetime.now(datetime.UTC).
::warning file=/home/runner/work/invenio-bug-verification/invenio-bug-verification/package-repo/.venv/lib/python3.12/site-packages/sqlalchemy/sql/schema.py,line=3624::datetime.datetime.utcnow() is deprecated and scheduled for removal in a future version. Use timezone-aware objects to represent datetimes in UTC: datetime.datetime.now(datetime.UTC).
::warning file=/home/runner/work/invenio-bug-verification/invenio-bug-verification/package-repo/.venv/lib/python3.12/site-packages/sqlalchemy/sql/schema.py,line=3624::datetime.datetime.utcnow() is deprecated and scheduled for removal in a future version. Use timezone-aware objects to represent datetimes in UTC: datetime.datetime.now(datetime.UTC).
::warning file=/home/runner/work/invenio-bug-verification/invenio-bug-verification/package-repo/.venv/lib/python3.12/site-packages/flask_security/datastore.py,line=235::The Query.get() method is considered legacy as of the 1.x series of SQLAlchemy and becomes a legacy construct in 2.0. The method is now available as Session.get() (deprecated since: 2.0)
::warning file=/home/runner/work/invenio-bug-verification/invenio-bug-verification/package-repo/.venv/lib/python3.12/site-packages/invenio_records_resources/services/records/schema.py,line=90::The `context` parameter is deprecated and will be removed in marshmallow 4.0. Use `contextvars.ContextVar` to pass context instead.
::warning file=/home/runner/work/invenio-bug-verification/invenio-bug-verification/package-repo/.venv/lib/python3.12/site-packages/marshmallow/fields.py,line=631::The `context` parameter is deprecated and will be removed in marshmallow 4.0. Use `contextvars.ContextVar` to pass context instead.
::warning file=/home/runner/work/invenio-bug-verification/invenio-bug-verification/package-repo/.venv/lib/python3.12/site-packages/sqlalchemy/sql/schema.py,line=3624::datetime.datetime.utcnow() is deprecated and scheduled for removal in a future version. Use timezone-aware objects to represent datetimes in UTC: datetime.datetime.now(datetime.UTC).
::warning file=/home/runner/work/invenio-bug-verification/invenio-bug-verification/package-repo/.venv/lib/python3.12/site-packages/sqlalchemy/sql/schema.py,line=3624::datetime.datetime.utcnow() is deprecated and scheduled for removal in a future version. Use timezone-aware objects to represent datetimes in UTC: datetime.datetime.now(datetime.UTC).
::warning file=/home/runner/work/invenio-bug-verification/invenio-bug-verification/package-repo/.venv/lib/python3.12/site-packages/invenio_records_resources/services/records/schema.py,line=90::The `context` parameter is deprecated and will be removed in marshmallow 4.0. Use `contextvars.ContextVar` to pass context instead.
::warning file=/home/runner/work/invenio-bug-verification/invenio-bug-verification/package-repo/.venv/lib/python3.12/site-packages/marshmallow/fields.py,line=631::The `context` parameter is deprecated and will be removed in marshmallow 4.0. Use `contextvars.ContextVar` to pass context instead.
::warning file=/home/runner/work/invenio-bug-verification/invenio-bug-verification/package-repo/.venv/lib/python3.12/site-packages/sqlalchemy/sql/schema.py,line=3624::datetime.datetime.utcnow() is deprecated and scheduled for removal in a future version. Use timezone-aware objects to represent datetimes in UTC: datetime.datetime.now(datetime.UTC).
::warning file=/home/runner/work/invenio-bug-verification/invenio-bug-verification/package-repo/.venv/lib/python3.12/site-packages/sqlalchemy/sql/schema.py,line=3624::datetime.datetime.utcnow() is deprecated and scheduled for removal in a future version. Use timezone-aware objects to represent datetimes in UTC: datetime.datetime.now(datetime.UTC).
::warning file=/home/runner/work/invenio-bug-verification/invenio-bug-verification/package-repo/.venv/lib/python3.12/site-packages/invenio_records_resources/services/records/schema.py,line=90::The `context` parameter is deprecated and will be removed in marshmallow 4.0. Use `contextvars.ContextVar` to pass context instead.
::warning file=/home/runner/work/invenio-bug-verification/invenio-bug-verification/package-repo/.venv/lib/python3.12/site-packages/sqlalchemy/sql/schema.py,line=3624::datetime.datetime.utcnow() is deprecated and scheduled for removal in a future version. Use timezone-aware objects to represent datetimes in UTC: datetime.datetime.now(datetime.UTC).
::warning file=/home/runner/work/invenio-bug-verification/invenio-bug-verification/package-repo/.venv/lib/python3.12/site-packages/sqlalchemy/sql/schema.py,line=3624::datetime.datetime.utcnow() is deprecated and scheduled for removal in a future version. Use timezone-aware objects to represent datetimes in UTC: datetime.datetime.now(datetime.UTC).
::warning file=/home/runner/work/invenio-bug-verification/invenio-bug-verification/package-repo/.venv/lib/python3.12/site-packages/invenio_records_resources/services/records/schema.py,line=90::The `context` parameter is deprecated and will be removed in marshmallow 4.0. Use `contextvars.ContextVar` to pass context instead.
::warning file=/home/runner/work/invenio-bug-verification/invenio-bug-verification/package-repo/.venv/lib/python3.12/site-packages/sqlalchemy_utils/models.py,line=33::datetime.datetime.utcnow() is deprecated and scheduled for removal in a future version. Use timezone-aware objects to represent datetimes in UTC: datetime.datetime.now(datetime.UTC).
::warning file=/home/runner/work/invenio-bug-verification/invenio-bug-verification/package-repo/.venv/lib/python3.12/site-packages/sqlalchemy/sql/schema.py,line=3624::datetime.datetime.utcnow() is deprecated and scheduled for removal in a future version. Use timezone-aware objects to represent datetimes in UTC: datetime.datetime.now(datetime.UTC).
::warning file=/home/runner/work/invenio-bug-verification/invenio-bug-verification/package-repo/.venv/lib/python3.12/site-packages/sqlalchemy/sql/schema.py,line=3624::datetime.datetime.utcnow() is deprecated and scheduled for removal in a future version. Use timezone-aware objects to represent datetimes in UTC: datetime.datetime.now(datetime.UTC).
::warning file=/home/runner/work/invenio-bug-verification/invenio-bug-verification/package-repo/invenio_jobs/tasks.py,line=61::datetime.datetime.utcnow() is deprecated and scheduled for removal in a future version. Use timezone-aware objects to represent datetimes in UTC: datetime.datetime.now(datetime.UTC).
::warning file=/home/runner/work/invenio-bug-verification/invenio-bug-verification/package-repo/.venv/lib/python3.12/site-packages/sqlalchemy_utils/models.py,line=33::datetime.datetime.utcnow() is deprecated and scheduled for removal in a future version. Use timezone-aware objects to represent datetimes in UTC: datetime.datetime.now(datetime.UTC).
::warning file=/home/runner/work/invenio-bug-verification/invenio-bug-verification/package-repo/invenio_jobs/tasks.py,line=121::datetime.datetime.utcnow() is deprecated and scheduled for removal in a future version. Use timezone-aware objects to represent datetimes in UTC: datetime.datetime.now(datetime.UTC).
::warning file=/home/runner/work/invenio-bug-verification/invenio-bug-verification/package-repo/.venv/lib/python3.12/site-packages/sqlalchemy_utils/models.py,line=33::datetime.datetime.utcnow() is deprecated and scheduled for removal in a future version. Use timezone-aware objects to represent datetimes in UTC: datetime.datetime.now(datetime.UTC).
::error file=package-repo/tests/test_services_subtasks.py,line=303::test_finalize_subtask_with_errored_entries_message%0A%0ATypeError: argument of type 'NoneType' is not iterable
F::warning file=/home/runner/work/invenio-bug-verification/invenio-bug-verification/package-repo/.venv/lib/python3.12/site-packages/pytest_invenio/user.py,line=36::datetime.datetime.utcnow() is deprecated and scheduled for removal in a future version. Use timezone-aware objects to represent datetimes in UTC: datetime.datetime.now(datetime.UTC).
::warning file=/home/runner/work/invenio-bug-verification/invenio-bug-verification/package-repo/.venv/lib/python3.12/site-packages/sqlalchemy/sql/schema.py,line=3624::datetime.datetime.utcnow() is deprecated and scheduled for removal in a future version. Use timezone-aware objects to represent datetimes in UTC: datetime.datetime.now(datetime.UTC).
::warning file=/home/runner/work/invenio-bug-verification/invenio-bug-verification/package-repo/.venv/lib/python3.12/site-packages/sqlalchemy/sql/schema.py,line=3624::datetime.datetime.utcnow() is deprecated and scheduled for removal in a future version. Use timezone-aware objects to represent datetimes in UTC: datetime.datetime.now(datetime.UTC).
::warning file=/home/runner/work/invenio-bug-verification/invenio-bug-verification/package-repo/.venv/lib/python3.12/site-packages/flask_security/datastore.py,line=235::The Query.get() method is considered legacy as of the 1.x series of SQLAlchemy and becomes a legacy construct in 2.0. The method is now available as Session.get() (deprecated since: 2.0)
::warning file=/home/runner/work/invenio-bug-verification/invenio-bug-verification/package-repo/.venv/lib/python3.12/site-packages/invenio_records_resources/services/records/schema.py,line=90::The `context` parameter is deprecated and will be removed in marshmallow 4.0. Use `contextvars.ContextVar` to pass context instead.
::warning file=/home/runner/work/invenio-bug-verification/invenio-bug-verification/package-repo/.venv/lib/python3.12/site-packages/marshmallow/fields.py,line=631::The `context` parameter is deprecated and will be removed in marshmallow 4.0. Use `contextvars.ContextVar` to pass context instead.
::warning file=/home/runner/work/invenio-bug-verification/invenio-bug-verification/package-repo/.venv/lib/python3.12/site-packages/sqlalchemy/sql/schema.py,line=3624::datetime.datetime.utcnow() is deprecated and scheduled for removal in a future version. Use timezone-aware objects to represent datetimes in UTC: datetime.datetime.now(datetime.UTC).
::warning file=/home/runner/work/invenio-bug-verification/invenio-bug-verification/package-repo/.venv/lib/python3.12/site-packages/sqlalchemy/sql/schema.py,line=3624::datetime.datetime.utcnow() is deprecated and scheduled for removal in a future version. Use timezone-aware objects to represent datetimes in UTC: datetime.datetime.now(datetime.UTC).
::warning file=/home/runner/work/invenio-bug-verification/invenio-bug-verification/package-repo/.venv/lib/python3.12/site-packages/invenio_records_resources/services/records/schema.py,line=90::The `context` parameter is deprecated and will be removed in marshmallow 4.0. Use `contextvars.ContextVar` to pass context instead.
::warning file=/home/runner/work/invenio-bug-verification/invenio-bug-verification/package-repo/.venv/lib/python3.12/site-packages/marshmallow/fields.py,line=631::The `context` parameter is deprecated and will be removed in marshmallow 4.0. Use `contextvars.ContextVar` to pass context instead.
::warning file=/home/runner/work/invenio-bug-verification/invenio-bug-verification/package-repo/.venv/lib/python3.12/site-packages/sqlalchemy/sql/schema.py,line=3624::datetime.datetime.utcnow() is deprecated and scheduled for removal in a future version. Use timezone-aware objects to represent datetimes in UTC: datetime.datetime.now(datetime.UTC).
::warning file=/home/runner/work/invenio-bug-verification/invenio-bug-verification/package-repo/.venv/lib/python3.12/site-packages/sqlalchemy/sql/schema.py,line=3624::datetime.datetime.utcnow() is deprecated and scheduled for removal in a future version. Use timezone-aware objects to represent datetimes in UTC: datetime.datetime.now(datetime.UTC).
::warning file=/home/runner/work/invenio-bug-verification/invenio-bug-verification/package-repo/.venv/lib/python3.12/site-packages/invenio_records_resources/services/records/schema.py,line=90::The `context` parameter is deprecated and will be removed in marshmallow 4.0. Use `contextvars.ContextVar` to pass context instead.
::warning file=/home/runner/work/invenio-bug-verification/invenio-bug-verification/package-repo/.venv/lib/python3.12/site-packages/sqlalchemy/sql/schema.py,line=3624::datetime.datetime.utcnow() is deprecated and scheduled for removal in a future version. Use timezone-aware objects to represent datetimes in UTC: datetime.datetime.now(datetime.UTC).
::warning file=/home/runner/work/invenio-bug-verification/invenio-bug-verification/package-repo/.venv/lib/python3.12/site-packages/sqlalchemy/sql/schema.py,line=3624::datetime.datetime.utcnow() is deprecated and scheduled for removal in a future version. Use timezone-aware objects to represent datetimes in UTC: datetime.datetime.now(datetime.UTC).
::warning file=/home/runner/work/invenio-bug-verification/invenio-bug-verification/package-repo/.venv/lib/python3.12/site-packages/invenio_records_resources/services/records/schema.py,line=90::The `context` parameter is deprecated and will be removed in marshmallow 4.0. Use `contextvars.ContextVar` to pass context instead.
::warning file=/home/runner/work/invenio-bug-verification/invenio-bug-verification/package-repo/.venv/lib/python3.12/site-packages/sqlalchemy_utils/models.py,line=33::datetime.datetime.utcnow() is deprecated and scheduled for removal in a future version. Use timezone-aware objects to represent datetimes in UTC: datetime.datetime.now(datetime.UTC).
::warning file=/home/runner/work/invenio-bug-verification/invenio-bug-verification/package-repo/.venv/lib/python3.12/site-packages/sqlalchemy/sql/schema.py,line=3624::datetime.datetime.utcnow() is deprecated and scheduled for removal in a future version. Use timezone-aware objects to represent datetimes in UTC: datetime.datetime.now(datetime.UTC).
::warning file=/home/runner/work/invenio-bug-verification/invenio-bug-verification/package-repo/.venv/lib/python3.12/site-packages/sqlalchemy/sql/schema.py,line=3624::datetime.datetime.utcnow() is deprecated and scheduled for removal in a future version. Use timezone-aware objects to represent datetimes in UTC: datetime.datetime.now(datetime.UTC).
::warning file=/home/runner/work/invenio-bug-verification/invenio-bug-verification/package-repo/invenio_jobs/tasks.py,line=61::datetime.datetime.utcnow() is deprecated and scheduled for removal in a future version. Use timezone-aware objects to represent datetimes in UTC: datetime.datetime.now(datetime.UTC).
::warning file=/home/runner/work/invenio-bug-verification/invenio-bug-verification/package-repo/.venv/lib/python3.12/site-packages/sqlalchemy_utils/models.py,line=33::datetime.datetime.utcnow() is deprecated and scheduled for removal in a future version. Use timezone-aware objects to represent datetimes in UTC: datetime.datetime.now(datetime.UTC).
::warning file=/home/runner/work/invenio-bug-verification/invenio-bug-verification/package-repo/invenio_jobs/tasks.py,line=121::datetime.datetime.utcnow() is deprecated and scheduled for removal in a future version. Use timezone-aware objects to represent datetimes in UTC: datetime.datetime.now(datetime.UTC).
::warning file=/home/runner/work/invenio-bug-verification/invenio-bug-verification/package-repo/.venv/lib/python3.12/site-packages/sqlalchemy_utils/models.py,line=33::datetime.datetime.utcnow() is deprecated and scheduled for removal in a future version. Use timezone-aware objects to represent datetimes in UTC: datetime.datetime.now(datetime.UTC).
::warning file=/home/runner/work/invenio-bug-verification/invenio-bug-verification/package-repo/.venv/lib/python3.12/site-packages/sqlalchemy_utils/models.py,line=33::datetime.datetime.utcnow() is deprecated and scheduled for removal in a future version. Use timezone-aware objects to represent datetimes in UTC: datetime.datetime.now(datetime.UTC).
::warning file=/home/runner/work/invenio-bug-verification/invenio-bug-verification/package-repo/.venv/lib/python3.12/site-packages/sqlalchemy_utils/models.py,line=33::datetime.datetime.utcnow() is deprecated and scheduled for removal in a future version. Use timezone-aware objects to represent datetimes in UTC: datetime.datetime.now(datetime.UTC).
::warning file=/home/runner/work/invenio-bug-verification/invenio-bug-verification/package-repo/.venv/lib/python3.12/site-packages/sqlalchemy/sql/schema.py,line=3624::datetime.datetime.utcnow() is deprecated and scheduled for removal in a future version. Use timezone-aware objects to represent datetimes in UTC: datetime.datetime.now(datetime.UTC).
::warning file=/home/runner/work/invenio-bug-verification/invenio-bug-verification/package-repo/.venv/lib/python3.12/site-packages/sqlalchemy/sql/schema.py,line=3624::datetime.datetime.utcnow() is deprecated and scheduled for removal in a future version. Use timezone-aware objects to represent datetimes in UTC: datetime.datetime.now(datetime.UTC).
::warning file=/home/runner/work/invenio-bug-verification/invenio-bug-verification/package-repo/invenio_jobs/services/services.py,line=354::datetime.datetime.utcnow() is deprecated and scheduled for removal in a future version. Use timezone-aware objects to represent datetimes in UTC: datetime.datetime.now(datetime.UTC).
::warning file=/home/runner/work/invenio-bug-verification/invenio-bug-verification/package-repo/.venv/lib/python3.12/site-packages/sqlalchemy_utils/models.py,line=33::datetime.datetime.utcnow() is deprecated and scheduled for removal in a future version. Use timezone-aware objects to represent datetimes in UTC: datetime.datetime.now(datetime.UTC).
::warning file=/home/runner/work/invenio-bug-verification/invenio-bug-verification/package-repo/.venv/lib/python3.12/site-packages/sqlalchemy_utils/models.py,line=33::datetime.datetime.utcnow() is deprecated and scheduled for removal in a future version. Use timezone-aware objects to represent datetimes in UTC: datetime.datetime.now(datetime.UTC).
::warning file=/home/runner/work/invenio-bug-verification/invenio-bug-verification/package-repo/invenio_jobs/services/services.py,line=451::datetime.datetime.utcnow() is deprecated and scheduled for removal in a future version. Use timezone-aware objects to represent datetimes in UTC: datetime.datetime.now(datetime.UTC).
::warning file=/home/runner/work/invenio-bug-verification/invenio-bug-verification/package-repo/.venv/lib/python3.12/site-packages/invenio_records_resources/services/records/schema.py,line=105::The `context` parameter is deprecated and will be removed in marshmallow 4.0. Use `contextvars.ContextVar` to pass context instead.
::warning file=/home/runner/work/invenio-bug-verification/invenio-bug-verification/package-repo/invenio_jobs/services/schema.py,line=127::The `context` parameter is deprecated and will be removed in marshmallow 4.0. Use `contextvars.ContextVar` to pass context instead.
.::warning file=/home/runner/work/invenio-bug-verification/invenio-bug-verification/package-repo/.venv/lib/python3.12/site-packages/pytest_invenio/user.py,line=36::datetime.datetime.utcnow() is deprecated and scheduled for removal in a future version. Use timezone-aware objects to represent datetimes in UTC: datetime.datetime.now(datetime.UTC).
::warning file=/home/runner/work/invenio-bug-verification/invenio-bug-verification/package-repo/.venv/lib/python3.12/site-packages/sqlalchemy/sql/schema.py,line=3624::datetime.datetime.utcnow() is deprecated and scheduled for removal in a future version. Use timezone-aware objects to represent datetimes in UTC: datetime.datetime.now(datetime.UTC).
::warning file=/home/runner/work/invenio-bug-verification/invenio-bug-verification/package-repo/.venv/lib/python3.12/site-packages/sqlalchemy/sql/schema.py,line=3624::datetime.datetime.utcnow() is deprecated and scheduled for removal in a future version. Use timezone-aware objects to represent datetimes in UTC: datetime.datetime.now(datetime.UTC).
::warning file=/home/runner/work/invenio-bug-verification/invenio-bug-verification/package-repo/.venv/lib/python3.12/site-packages/flask_security/datastore.py,line=235::The Query.get() method is considered legacy as of the 1.x series of SQLAlchemy and becomes a legacy construct in 2.0. The method is now available as Session.get() (deprecated since: 2.0)
::warning file=/home/runner/work/invenio-bug-verification/invenio-bug-verification/package-repo/.venv/lib/python3.12/site-packages/invenio_records_resources/services/records/schema.py,line=90::The `context` parameter is deprecated and will be removed in marshmallow 4.0. Use `contextvars.ContextVar` to pass context instead.
::warning file=/home/runner/work/invenio-bug-verification/invenio-bug-verification/package-repo/.venv/lib/python3.12/site-packages/marshmallow/fields.py,line=631::The `context` parameter is deprecated and will be removed in marshmallow 4.0. Use `contextvars.ContextVar` to pass context instead.
::warning file=/home/runner/work/invenio-bug-verification/invenio-bug-verification/package-repo/.venv/lib/python3.12/site-packages/sqlalchemy/sql/schema.py,line=3624::datetime.datetime.utcnow() is deprecated and scheduled for removal in a future version. Use timezone-aware objects to represent datetimes in UTC: datetime.datetime.now(datetime.UTC).
::warning file=/home/runner/work/invenio-bug-verification/invenio-bug-verification/package-repo/.venv/lib/python3.12/site-packages/sqlalchemy/sql/schema.py,line=3624::datetime.datetime.utcnow() is deprecated and scheduled for removal in a future version. Use timezone-aware objects to represent datetimes in UTC: datetime.datetime.now(datetime.UTC).
::warning file=/home/runner/work/invenio-bug-verification/invenio-bug-verification/package-repo/.venv/lib/python3.12/site-packages/invenio_records_resources/services/records/schema.py,line=90::The `context` parameter is deprecated and will be removed in marshmallow 4.0. Use `contextvars.ContextVar` to pass context instead.
::warning file=/home/runner/work/invenio-bug-verification/invenio-bug-verification/package-repo/.venv/lib/python3.12/site-packages/marshmallow/fields.py,line=631::The `context` parameter is deprecated and will be removed in marshmallow 4.0. Use `contextvars.ContextVar` to pass context instead.
::warning file=/home/runner/work/invenio-bug-verification/invenio-bug-verification/package-repo/.venv/lib/python3.12/site-packages/sqlalchemy/sql/schema.py,line=3624::datetime.datetime.utcnow() is deprecated and scheduled for removal in a future version. Use timezone-aware objects to represent datetimes in UTC: datetime.datetime.now(datetime.UTC).
::warning file=/home/runner/work/invenio-bug-verification/invenio-bug-verification/package-repo/.venv/lib/python3.12/site-packages/sqlalchemy/sql/schema.py,line=3624::datetime.datetime.utcnow() is deprecated and scheduled for removal in a future version. Use timezone-aware objects to represent datetimes in UTC: datetime.datetime.now(datetime.UTC).
::warning file=/home/runner/work/invenio-bug-verification/invenio-bug-verification/package-repo/.venv/lib/python3.12/site-packages/invenio_records_resources/services/records/schema.py,line=90::The `context` parameter is deprecated and will be removed in marshmallow 4.0. Use `contextvars.ContextVar` to pass context instead.
::warning file=/home/runner/work/invenio-bug-verification/invenio-bug-verification/package-repo/.venv/lib/python3.12/site-packages/sqlalchemy/sql/schema.py,line=3624::datetime.datetime.utcnow() is deprecated and scheduled for removal in a future version. Use timezone-aware objects to represent datetimes in UTC: datetime.datetime.now(datetime.UTC).
::warning file=/home/runner/work/invenio-bug-verification/invenio-bug-verification/package-repo/.venv/lib/python3.12/site-packages/sqlalchemy/sql/schema.py,line=3624::datetime.datetime.utcnow() is deprecated and scheduled for removal in a future version. Use timezone-aware objects to represent datetimes in UTC: datetime.datetime.now(datetime.UTC).
                            [ 29%]
tests/test_utils.py ...                                                  [ 31%]
invenio_jobs/__init__.py ...                                             [ 32%]
invenio_jobs/administration/__init__.py ...                              [ 34%]
invenio_jobs/administration/jobs.py ...                                  [ 36%]
invenio_jobs/administration/runs.py ...                                  [ 37%]
invenio_jobs/alembic/1753948224_add_subtasks_columns_to_jobs_run.py ...  [ 39%]
invenio_jobs/alembic/1f896f6990b8_update_jobs_module_table_names.py ...  [ 41%]
invenio_jobs/alembic/356496a01197_create_invenio_jobs_tables.py ...      [ 43%]
invenio_jobs/alembic/371f4cbcb73d_create_invenio_jobs_branch.py ...      [ 44%]
invenio_jobs/api.py ...                                                  [ 46%]
invenio_jobs/config.py ...                                               [ 48%]
invenio_jobs/errors.py ...                                               [ 50%]
invenio_jobs/ext.py ...                                                  [ 51%]
invenio_jobs/jobs.py ...                                                 [ 53%]
invenio_jobs/logging/__init__.py ...                                     [ 55%]
invenio_jobs/logging/celery_signals.py ...                               [ 56%]
invenio_jobs/logging/index_templates/__init__.py ...                     [ 58%]
invenio_jobs/logging/index_templates/os-v1/__init__.py ...               [ 60%]
invenio_jobs/logging/index_templates/os-v2/__init__.py ...               [ 62%]
invenio_jobs/logging/jobs.py ...                                         [ 63%]
invenio_jobs/logging/tasks.py ...                                        [ 65%]
invenio_jobs/models.py ...                                               [ 67%]
invenio_jobs/proxies.py ...                                              [ 68%]
invenio_jobs/registry.py ...                                             [ 70%]
invenio_jobs/resources/__init__.py ...                                   [ 72%]
invenio_jobs/resources/config.py ...                                     [ 74%]
invenio_jobs/resources/resources.py ...                                  [ 75%]
invenio_jobs/services/__init__.py ...                                    [ 77%]
invenio_jobs/services/config.py ...                                      [ 79%]
invenio_jobs/services/errors.py ...                                      [ 81%]
invenio_jobs/services/links.py ...                                       [ 82%]
invenio_jobs/services/permissions.py ...                                 [ 84%]
invenio_jobs/services/results.py ...                                     [ 86%]
invenio_jobs/services/scheduler.py ...                                   [ 87%]
invenio_jobs/services/schema.py ...                                      [ 89%]
invenio_jobs/services/services.py ...                                    [ 91%]
invenio_jobs/services/ui_schema.py ...                                   [ 93%]
invenio_jobs/tasks.py ...                                                [ 94%]
invenio_jobs/utils.py ...                                                [ 96%]
invenio_jobs/views.py ...                                                [ 98%]
invenio_jobs/webpack.py ...                                              [100%]

=================================== FAILURES ===================================
________________________ test_finalize_subtask_success _________________________

app = <Flask 'invenio'>
db = <SQLAlchemy postgresql+psycopg2://invenio:***@localhost:5432/invenio>
anon_identity = <AnonymousIdentity id="5" auth_type="None" provides={Need(method='system_role', value='any_user')}>
jobs = namespace(interval=<invenio_jobs.services.results.JobItem object at 0x7f6c192aba10>, crontab=<invenio_jobs.services.results.JobItem object at 0x7f6c192d1610>, simple=<invenio_jobs.services.results.JobItem object at 0x7f6c192d3410>)

    def test_finalize_subtask_success(app, db, anon_identity, jobs):
        """Test finalizing a successful subtask."""
        # Create parent and subtask
        parent_run = current_runs_service.create(
            anon_identity, jobs.simple.id, {"title": "Parent run"}
        )
    
        subtask_run = current_runs_service.create_subtask_run(
            anon_identity, parent_run_id=parent_run.id, job_id=jobs.simple.id
        )
    
        # Start processing
        current_runs_service.start_processing_subtask(
            anon_identity, run_id=subtask_run.id, job_id=jobs.simple.id
        )
    
        # Finalize subtask as successful
        result = current_runs_service.finalize_subtask(
            anon_identity, run_id=subtask_run.id, job_id=jobs.simple.id, success=True
        )
    
        # Verify subtask is marked as successful
        assert result.data["status"] == RunStatusEnum.SUCCESS.name
    
        # Verify parent run is updated correctly
        updated_parent = current_runs_service.read(
            anon_identity, jobs.simple.id, parent_run.id
        )
        assert updated_parent.data["completed_subtasks"] == 1
>       assert updated_parent.data["failed_subtasks"] == 0
E       assert None == 0

tests/test_services_subtasks.py:134: AssertionError
----------------------------- Captured stderr call -----------------------------
Run created
[2025-11-16 13:50:32,903] DEBUG in services: Run created
Run created
Run created
Updating run 59968d5b-0f24-4e8a-a801-25a6d611c3c3 with status RunStatusEnum.QUEUED and active subtasks: False
[2025-11-16 13:50:32,909] INFO in tasks: Updating run 59968d5b-0f24-4e8a-a801-25a6d611c3c3 with status RunStatusEnum.QUEUED and active subtasks: False
Updating run 59968d5b-0f24-4e8a-a801-25a6d611c3c3 with status RunStatusEnum.QUEUED and active subtasks: False
Updating run 59968d5b-0f24-4e8a-a801-25a6d611c3c3 with status RunStatusEnum.QUEUED and active subtasks: False
Executing run 59968d5b-0f24-4e8a-a801-25a6d611c3c3 with task mock_module.tasks.mock_task and args None
[2025-11-16 13:50:32,918] DEBUG in tasks: Executing run 59968d5b-0f24-4e8a-a801-25a6d611c3c3 with task mock_module.tasks.mock_task and args None
Executing run 59968d5b-0f24-4e8a-a801-25a6d611c3c3 with task mock_module.tasks.mock_task and args None
Executing run 59968d5b-0f24-4e8a-a801-25a6d611c3c3 with task mock_module.tasks.mock_task and args None
Run 59968d5b-0f24-4e8a-a801-25a6d611c3c3 encountered an unexpected error: mock_task() got an unexpected keyword argument 'since'
[2025-11-16 13:50:32,925] ERROR in tasks: Run 59968d5b-0f24-4e8a-a801-25a6d611c3c3 encountered an unexpected error: mock_task() got an unexpected keyword argument 'since'
Run 59968d5b-0f24-4e8a-a801-25a6d611c3c3 encountered an unexpected error: mock_task() got an unexpected keyword argument 'since'
Run 59968d5b-0f24-4e8a-a801-25a6d611c3c3 encountered an unexpected error: mock_task() got an unexpected keyword argument 'since'
Updating run 59968d5b-0f24-4e8a-a801-25a6d611c3c3 with status RunStatusEnum.RUNNING and active subtasks: False
[2025-11-16 13:50:32,929] INFO in tasks: Updating run 59968d5b-0f24-4e8a-a801-25a6d611c3c3 with status RunStatusEnum.RUNNING and active subtasks: False
Updating run 59968d5b-0f24-4e8a-a801-25a6d611c3c3 with status RunStatusEnum.RUNNING and active subtasks: False
Updating run 59968d5b-0f24-4e8a-a801-25a6d611c3c3 with status RunStatusEnum.RUNNING and active subtasks: False
------------------------------ Captured log call -------------------------------
DEBUG    invenio:services.py:285 Run created
INFO     invenio:tasks.py:35 Updating run 59968d5b-0f24-4e8a-a801-25a6d611c3c3 with status RunStatusEnum.QUEUED and active subtasks: False
DEBUG    invenio:tasks.py:63 Executing run 59968d5b-0f24-4e8a-a801-25a6d611c3c3 with task mock_module.tasks.mock_task and args None
ERROR    invenio:tasks.py:114 Run 59968d5b-0f24-4e8a-a801-25a6d611c3c3 encountered an unexpected error: mock_task() got an unexpected keyword argument 'since'
INFO     invenio:tasks.py:35 Updating run 59968d5b-0f24-4e8a-a801-25a6d611c3c3 with status RunStatusEnum.RUNNING and active subtasks: False
________________________ test_finalize_subtask_failure _________________________

app = <Flask 'invenio'>
db = <SQLAlchemy postgresql+psycopg2://invenio:***@localhost:5432/invenio>
anon_identity = <AnonymousIdentity id="6" auth_type="None" provides={Need(method='system_role', value='any_user')}>
jobs = namespace(interval=<invenio_jobs.services.results.JobItem object at 0x7f6c192e6420>, crontab=<invenio_jobs.services.results.JobItem object at 0x7f6c192abc20>, simple=<invenio_jobs.services.results.JobItem object at 0x7f6c192ab5c0>)

    def test_finalize_subtask_failure(app, db, anon_identity, jobs):
        """Test finalizing a failed subtask."""
        # Create parent and subtask
        parent_run = current_runs_service.create(
            anon_identity, jobs.simple.id, {"title": "Parent run"}
        )
    
        subtask_run = current_runs_service.create_subtask_run(
            anon_identity, parent_run_id=parent_run.id, job_id=jobs.simple.id
        )
    
        # Start processing
        current_runs_service.start_processing_subtask(
            anon_identity, run_id=subtask_run.id, job_id=jobs.simple.id
        )
    
        # Finalize subtask as failed
        result = current_runs_service.finalize_subtask(
            anon_identity,
            run_id=subtask_run.id,
            job_id=jobs.simple.id,
            success=False,
            errored_entries_count=5,
        )
    
        # Verify subtask is marked as failed
        assert result.data["status"] == RunStatusEnum.FAILED.name
    
        # Verify parent run reflects failure
        updated_parent = current_runs_service.read(
            anon_identity, jobs.simple.id, parent_run.id
        )
        assert updated_parent.data["completed_subtasks"] == 1
>       assert updated_parent.data["failed_subtasks"] == 1
E       assert None == 1

tests/test_services_subtasks.py:173: AssertionError
----------------------------- Captured stderr call -----------------------------
Run created
[2025-11-16 13:50:33,372] DEBUG in services: Run created
Run created
Run created
Updating run 05a868b9-f527-4333-8111-4126df72d483 with status RunStatusEnum.QUEUED and active subtasks: False
[2025-11-16 13:50:33,378] INFO in tasks: Updating run 05a868b9-f527-4333-8111-4126df72d483 with status RunStatusEnum.QUEUED and active subtasks: False
Updating run 05a868b9-f527-4333-8111-4126df72d483 with status RunStatusEnum.QUEUED and active subtasks: False
Updating run 05a868b9-f527-4333-8111-4126df72d483 with status RunStatusEnum.QUEUED and active subtasks: False
Executing run 05a868b9-f527-4333-8111-4126df72d483 with task mock_module.tasks.mock_task and args None
[2025-11-16 13:50:33,387] DEBUG in tasks: Executing run 05a868b9-f527-4333-8111-4126df72d483 with task mock_module.tasks.mock_task and args None
Executing run 05a868b9-f527-4333-8111-4126df72d483 with task mock_module.tasks.mock_task and args None
Executing run 05a868b9-f527-4333-8111-4126df72d483 with task mock_module.tasks.mock_task and args None
Run 05a868b9-f527-4333-8111-4126df72d483 encountered an unexpected error: mock_task() got an unexpected keyword argument 'since'
[2025-11-16 13:50:33,394] ERROR in tasks: Run 05a868b9-f527-4333-8111-4126df72d483 encountered an unexpected error: mock_task() got an unexpected keyword argument 'since'
Run 05a868b9-f527-4333-8111-4126df72d483 encountered an unexpected error: mock_task() got an unexpected keyword argument 'since'
Run 05a868b9-f527-4333-8111-4126df72d483 encountered an unexpected error: mock_task() got an unexpected keyword argument 'since'
Updating run 05a868b9-f527-4333-8111-4126df72d483 with status RunStatusEnum.RUNNING and active subtasks: False
[2025-11-16 13:50:33,397] INFO in tasks: Updating run 05a868b9-f527-4333-8111-4126df72d483 with status RunStatusEnum.RUNNING and active subtasks: False
Updating run 05a868b9-f527-4333-8111-4126df72d483 with status RunStatusEnum.RUNNING and active subtasks: False
Updating run 05a868b9-f527-4333-8111-4126df72d483 with status RunStatusEnum.RUNNING and active subtasks: False
------------------------------ Captured log call -------------------------------
DEBUG    invenio:services.py:285 Run created
INFO     invenio:tasks.py:35 Updating run 05a868b9-f527-4333-8111-4126df72d483 with status RunStatusEnum.QUEUED and active subtasks: False
DEBUG    invenio:tasks.py:63 Executing run 05a868b9-f527-4333-8111-4126df72d483 with task mock_module.tasks.mock_task and args None
ERROR    invenio:tasks.py:114 Run 05a868b9-f527-4333-8111-4126df72d483 encountered an unexpected error: mock_task() got an unexpected keyword argument 'since'
INFO     invenio:tasks.py:35 Updating run 05a868b9-f527-4333-8111-4126df72d483 with status RunStatusEnum.RUNNING and active subtasks: False
____________________ test_finalize_subtask_partial_success _____________________

app = <Flask 'invenio'>
db = <SQLAlchemy postgresql+psycopg2://invenio:***@localhost:5432/invenio>
anon_identity = <AnonymousIdentity id="7" auth_type="None" provides={Need(method='system_role', value='any_user')}>
jobs = namespace(interval=<invenio_jobs.services.results.JobItem object at 0x7f6c192ffb30>, crontab=<invenio_jobs.services.results.JobItem object at 0x7f6c192ffbc0>, simple=<invenio_jobs.services.results.JobItem object at 0x7f6c192ff8c0>)

    def test_finalize_subtask_partial_success(app, db, anon_identity, jobs):
        """Test finalizing multiple subtasks with partial success."""
        # Create parent run
        parent_run = current_runs_service.create(
            anon_identity, jobs.simple.id, {"title": "Parent run"}
        )
    
        # Create two subtasks
        subtask1 = current_runs_service.create_subtask_run(
            anon_identity, parent_run_id=parent_run.id, job_id=jobs.simple.id
        )
    
        subtask2 = current_runs_service.create_subtask_run(
            anon_identity, parent_run_id=parent_run.id, job_id=jobs.simple.id
        )
    
        # Start processing both
        current_runs_service.start_processing_subtask(
            anon_identity, subtask1.id, jobs.simple.id
        )
        current_runs_service.start_processing_subtask(
            anon_identity, subtask2.id, jobs.simple.id
        )
    
        # Finalize first as success
        current_runs_service.finalize_subtask(
            anon_identity, run_id=subtask1.id, job_id=jobs.simple.id, success=True
        )
    
        # Verify parent is still running
        updated_parent = current_runs_service.read(
            anon_identity, jobs.simple.id, parent_run.id
        )
>       assert updated_parent.data["status"] == RunStatusEnum.RUNNING.name
E       AssertionError: assert 'QUEUED' == 'RUNNING'
E         
E         - RUNNING
E         + QUEUED

tests/test_services_subtasks.py:213: AssertionError
----------------------------- Captured stderr call -----------------------------
Run created
[2025-11-16 13:50:33,662] DEBUG in services: Run created
Run created
Run created
Updating run e23f57c1-3011-4649-a850-c76929bd4946 with status RunStatusEnum.QUEUED and active subtasks: False
[2025-11-16 13:50:33,668] INFO in tasks: Updating run e23f57c1-3011-4649-a850-c76929bd4946 with status RunStatusEnum.QUEUED and active subtasks: False
Updating run e23f57c1-3011-4649-a850-c76929bd4946 with status RunStatusEnum.QUEUED and active subtasks: False
Updating run e23f57c1-3011-4649-a850-c76929bd4946 with status RunStatusEnum.QUEUED and active subtasks: False
Executing run e23f57c1-3011-4649-a850-c76929bd4946 with task mock_module.tasks.mock_task and args None
[2025-11-16 13:50:33,677] DEBUG in tasks: Executing run e23f57c1-3011-4649-a850-c76929bd4946 with task mock_module.tasks.mock_task and args None
Executing run e23f57c1-3011-4649-a850-c76929bd4946 with task mock_module.tasks.mock_task and args None
Executing run e23f57c1-3011-4649-a850-c76929bd4946 with task mock_module.tasks.mock_task and args None
Run e23f57c1-3011-4649-a850-c76929bd4946 encountered an unexpected error: mock_task() got an unexpected keyword argument 'since'
[2025-11-16 13:50:33,683] ERROR in tasks: Run e23f57c1-3011-4649-a850-c76929bd4946 encountered an unexpected error: mock_task() got an unexpected keyword argument 'since'
Run e23f57c1-3011-4649-a850-c76929bd4946 encountered an unexpected error: mock_task() got an unexpected keyword argument 'since'
Run e23f57c1-3011-4649-a850-c76929bd4946 encountered an unexpected error: mock_task() got an unexpected keyword argument 'since'
Updating run e23f57c1-3011-4649-a850-c76929bd4946 with status RunStatusEnum.RUNNING and active subtasks: False
[2025-11-16 13:50:33,686] INFO in tasks: Updating run e23f57c1-3011-4649-a850-c76929bd4946 with status RunStatusEnum.RUNNING and active subtasks: False
Updating run e23f57c1-3011-4649-a850-c76929bd4946 with status RunStatusEnum.RUNNING and active subtasks: False
Updating run e23f57c1-3011-4649-a850-c76929bd4946 with status RunStatusEnum.RUNNING and active subtasks: False
------------------------------ Captured log call -------------------------------
DEBUG    invenio:services.py:285 Run created
INFO     invenio:tasks.py:35 Updating run e23f57c1-3011-4649-a850-c76929bd4946 with status RunStatusEnum.QUEUED and active subtasks: False
DEBUG    invenio:tasks.py:63 Executing run e23f57c1-3011-4649-a850-c76929bd4946 with task mock_module.tasks.mock_task and args None
ERROR    invenio:tasks.py:114 Run e23f57c1-3011-4649-a850-c76929bd4946 encountered an unexpected error: mock_task() got an unexpected keyword argument 'since'
INFO     invenio:tasks.py:35 Updating run e23f57c1-3011-4649-a850-c76929bd4946 with status RunStatusEnum.RUNNING and active subtasks: False
____________________________ test_add_total_entries ____________________________

app = <Flask 'invenio'>
db = <SQLAlchemy postgresql+psycopg2://invenio:***@localhost:5432/invenio>
anon_identity = <AnonymousIdentity id="8" auth_type="None" provides={Need(method='system_role', value='any_user')}>
jobs = namespace(interval=<invenio_jobs.services.results.JobItem object at 0x7f6c191a2360>, crontab=<invenio_jobs.services.results.JobItem object at 0x7f6c191a1a60>, simple=<invenio_jobs.services.results.JobItem object at 0x7f6c191a0170>)

    def test_add_total_entries(app, db, anon_identity, jobs):
        """Test adding total entries to a run."""
        # Create a run
        run = current_runs_service.create(
            anon_identity, jobs.simple.id, {"title": "Test run"}
        )
    
        # Add total entries
        result = current_runs_service.add_total_entries(
            anon_identity, run_id=run.id, job_id=jobs.simple.id, total_entries=100
        )
    
        # Verify total entries was updated
>       assert result.data["total_entries"] == 100
E       assert 0 == 100

tests/test_services_subtasks.py:246: AssertionError
----------------------------- Captured stderr call -----------------------------
Run created
[2025-11-16 13:50:33,888] DEBUG in services: Run created
Run created
Run created
Updating run cba30c21-78d1-4dab-88c3-dc3dc57a32b1 with status RunStatusEnum.QUEUED and active subtasks: False
[2025-11-16 13:50:33,894] INFO in tasks: Updating run cba30c21-78d1-4dab-88c3-dc3dc57a32b1 with status RunStatusEnum.QUEUED and active subtasks: False
Updating run cba30c21-78d1-4dab-88c3-dc3dc57a32b1 with status RunStatusEnum.QUEUED and active subtasks: False
Updating run cba30c21-78d1-4dab-88c3-dc3dc57a32b1 with status RunStatusEnum.QUEUED and active subtasks: False
Executing run cba30c21-78d1-4dab-88c3-dc3dc57a32b1 with task mock_module.tasks.mock_task and args None
[2025-11-16 13:50:33,904] DEBUG in tasks: Executing run cba30c21-78d1-4dab-88c3-dc3dc57a32b1 with task mock_module.tasks.mock_task and args None
Executing run cba30c21-78d1-4dab-88c3-dc3dc57a32b1 with task mock_module.tasks.mock_task and args None
Executing run cba30c21-78d1-4dab-88c3-dc3dc57a32b1 with task mock_module.tasks.mock_task and args None
Run cba30c21-78d1-4dab-88c3-dc3dc57a32b1 encountered an unexpected error: mock_task() got an unexpected keyword argument 'since'
[2025-11-16 13:50:33,912] ERROR in tasks: Run cba30c21-78d1-4dab-88c3-dc3dc57a32b1 encountered an unexpected error: mock_task() got an unexpected keyword argument 'since'
Run cba30c21-78d1-4dab-88c3-dc3dc57a32b1 encountered an unexpected error: mock_task() got an unexpected keyword argument 'since'
Run cba30c21-78d1-4dab-88c3-dc3dc57a32b1 encountered an unexpected error: mock_task() got an unexpected keyword argument 'since'
Updating run cba30c21-78d1-4dab-88c3-dc3dc57a32b1 with status RunStatusEnum.RUNNING and active subtasks: False
[2025-11-16 13:50:33,915] INFO in tasks: Updating run cba30c21-78d1-4dab-88c3-dc3dc57a32b1 with status RunStatusEnum.RUNNING and active subtasks: False
Updating run cba30c21-78d1-4dab-88c3-dc3dc57a32b1 with status RunStatusEnum.RUNNING and active subtasks: False
Updating run cba30c21-78d1-4dab-88c3-dc3dc57a32b1 with status RunStatusEnum.RUNNING and active subtasks: False
------------------------------ Captured log call -------------------------------
DEBUG    invenio:services.py:285 Run created
INFO     invenio:tasks.py:35 Updating run cba30c21-78d1-4dab-88c3-dc3dc57a32b1 with status RunStatusEnum.QUEUED and active subtasks: False
DEBUG    invenio:tasks.py:63 Executing run cba30c21-78d1-4dab-88c3-dc3dc57a32b1 with task mock_module.tasks.mock_task and args None
ERROR    invenio:tasks.py:114 Run cba30c21-78d1-4dab-88c3-dc3dc57a32b1 encountered an unexpected error: mock_task() got an unexpected keyword argument 'since'
INFO     invenio:tasks.py:35 Updating run cba30c21-78d1-4dab-88c3-dc3dc57a32b1 with status RunStatusEnum.RUNNING and active subtasks: False
______________ test_finalize_subtask_with_errored_entries_message ______________

app = <Flask 'invenio'>
db = <SQLAlchemy postgresql+psycopg2://invenio:***@localhost:5432/invenio>
anon_identity = <AnonymousIdentity id="10" auth_type="None" provides={Need(method='system_role', value='any_user')}>
jobs = namespace(interval=<invenio_jobs.services.results.JobItem object at 0x7f6c192e7ec0>, crontab=<invenio_jobs.services.results.JobItem object at 0x7f6c192e5880>, simple=<invenio_jobs.services.results.JobItem object at 0x7f6c1917a360>)

    def test_finalize_subtask_with_errored_entries_message(app, db, anon_identity, jobs):
        """Test finalize subtask includes errored entries in progress message."""
        # Create parent run with total entries set
        parent_run = current_runs_service.create(
            anon_identity, jobs.simple.id, {"title": "Parent run"}
        )
    
        # Add total entries to parent
        current_runs_service.add_total_entries(
            anon_identity, run_id=parent_run.id, job_id=jobs.simple.id, total_entries=1000
        )
    
        # Create subtask
        subtask_run = current_runs_service.create_subtask_run(
            anon_identity, parent_run_id=parent_run.id, job_id=jobs.simple.id
        )
    
        # Start and finalize with errored entries
        current_runs_service.start_processing_subtask(
            anon_identity, subtask_run.id, jobs.simple.id
        )
    
        current_runs_service.finalize_subtask(
            anon_identity,
            run_id=subtask_run.id,
            job_id=jobs.simple.id,
            success=True,
            errored_entries_count=25,
        )
    
        # Verify message includes errored entries
        updated_parent = current_runs_service.read(
            anon_identity, jobs.simple.id, parent_run.id
        )
>       assert "25/1000 entries errored" in updated_parent.data["message"]
               ^^^^^^^^^^^^^^^^^^^^^^^^^^^^^^^^^^^^^^^^^^^^^^^^^^^^^^^^^^^
E       TypeError: argument of type 'NoneType' is not iterable

tests/test_services_subtasks.py:303: TypeError
----------------------------- Captured stderr call -----------------------------
Run created
[2025-11-16 13:50:34,267] DEBUG in services: Run created
Run created
Run created
Updating run 473fbf79-624f-45f6-b850-d3d3ec2a46ea with status RunStatusEnum.QUEUED and active subtasks: False
[2025-11-16 13:50:34,273] INFO in tasks: Updating run 473fbf79-624f-45f6-b850-d3d3ec2a46ea with status RunStatusEnum.QUEUED and active subtasks: False
Updating run 473fbf79-624f-45f6-b850-d3d3ec2a46ea with status RunStatusEnum.QUEUED and active subtasks: False
Updating run 473fbf79-624f-45f6-b850-d3d3ec2a46ea with status RunStatusEnum.QUEUED and active subtasks: False
Executing run 473fbf79-624f-45f6-b850-d3d3ec2a46ea with task mock_module.tasks.mock_task and args None
[2025-11-16 13:50:34,282] DEBUG in tasks: Executing run 473fbf79-624f-45f6-b850-d3d3ec2a46ea with task mock_module.tasks.mock_task and args None
Executing run 473fbf79-624f-45f6-b850-d3d3ec2a46ea with task mock_module.tasks.mock_task and args None
Executing run 473fbf79-624f-45f6-b850-d3d3ec2a46ea with task mock_module.tasks.mock_task and args None
Run 473fbf79-624f-45f6-b850-d3d3ec2a46ea encountered an unexpected error: mock_task() got an unexpected keyword argument 'since'
[2025-11-16 13:50:34,289] ERROR in tasks: Run 473fbf79-624f-45f6-b850-d3d3ec2a46ea encountered an unexpected error: mock_task() got an unexpected keyword argument 'since'
Run 473fbf79-624f-45f6-b850-d3d3ec2a46ea encountered an unexpected error: mock_task() got an unexpected keyword argument 'since'
Run 473fbf79-624f-45f6-b850-d3d3ec2a46ea encountered an unexpected error: mock_task() got an unexpected keyword argument 'since'
Updating run 473fbf79-624f-45f6-b850-d3d3ec2a46ea with status RunStatusEnum.RUNNING and active subtasks: False
[2025-11-16 13:50:34,292] INFO in tasks: Updating run 473fbf79-624f-45f6-b850-d3d3ec2a46ea with status RunStatusEnum.RUNNING and active subtasks: False
Updating run 473fbf79-624f-45f6-b850-d3d3ec2a46ea with status RunStatusEnum.RUNNING and active subtasks: False
Updating run 473fbf79-624f-45f6-b850-d3d3ec2a46ea with status RunStatusEnum.RUNNING and active subtasks: False
------------------------------ Captured log call -------------------------------
DEBUG    invenio:services.py:285 Run created
INFO     invenio:tasks.py:35 Updating run 473fbf79-624f-45f6-b850-d3d3ec2a46ea with status RunStatusEnum.QUEUED and active subtasks: False
DEBUG    invenio:tasks.py:63 Executing run 473fbf79-624f-45f6-b850-d3d3ec2a46ea with task mock_module.tasks.mock_task and args None
ERROR    invenio:tasks.py:114 Run 473fbf79-624f-45f6-b850-d3d3ec2a46ea encountered an unexpected error: mock_task() got an unexpected keyword argument 'since'
INFO     invenio:tasks.py:35 Updating run 473fbf79-624f-45f6-b850-d3d3ec2a46ea with status RunStatusEnum.RUNNING and active subtasks: False
=============================== warnings summary ===============================
.venv/lib/python3.12/site-packages/passlib/utils/__init__.py:854
  /home/runner/work/invenio-bug-verification/invenio-bug-verification/package-repo/.venv/lib/python3.12/site-packages/passlib/utils/__init__.py:854: DeprecationWarning: 'crypt' is deprecated and slated for removal in Python 3.13
    from crypt import crypt as _crypt

.venv/lib/python3.12/site-packages/marshmallow_utils/fields/generated.py:12
.venv/lib/python3.12/site-packages/marshmallow_utils/fields/generated.py:12
  /home/runner/work/invenio-bug-verification/invenio-bug-verification/package-repo/.venv/lib/python3.12/site-packages/marshmallow_utils/fields/generated.py:12: DeprecationWarning: The '__version_info__' attribute is deprecated and will be removed in in a future version. Use feature detection or 'packaging.Version(importlib.metadata.version("marshmallow")).release' instead.
    from marshmallow import __version_info__ as marshmallow_version

.venv/lib/python3.12/site-packages/jsonresolver/contrib/jsonschema.py:31
.venv/lib/python3.12/site-packages/jsonresolver/contrib/jsonschema.py:31
  /home/runner/work/invenio-bug-verification/invenio-bug-verification/package-repo/.venv/lib/python3.12/site-packages/jsonresolver/contrib/jsonschema.py:31: DeprecationWarning: jsonschema.RefResolver is deprecated as of v4.18.0, in favor of the https://github.com/python-jsonschema/referencing library, which provides more compliant referencing behavior as well as more flexible APIs for customization. A future release will remove RefResolver. Please file a feature request (on referencing) if you are missing an API for the kind of customization you need.
    from jsonschema import RefResolver as _RefResolver

.venv/lib/python3.12/site-packages/invenio_records/resolver.py:14
.venv/lib/python3.12/site-packages/invenio_records/resolver.py:14
  /home/runner/work/invenio-bug-verification/invenio-bug-verification/package-repo/.venv/lib/python3.12/site-packages/invenio_records/resolver.py:14: DeprecationWarning: jsonschema.exceptions.RefResolutionError is deprecated as of version 4.18.0. If you wish to catch potential reference resolution errors, directly catch referencing.exceptions.Unresolvable.
    from jsonschema import RefResolutionError, RefResolver

.venv/lib/python3.12/site-packages/invenio_records/resolver.py:14
.venv/lib/python3.12/site-packages/invenio_records/resolver.py:14
  /home/runner/work/invenio-bug-verification/invenio-bug-verification/package-repo/.venv/lib/python3.12/site-packages/invenio_records/resolver.py:14: DeprecationWarning: jsonschema.RefResolver is deprecated as of v4.18.0, in favor of the https://github.com/python-jsonschema/referencing library, which provides more compliant referencing behavior as well as more flexible APIs for customization. A future release will remove RefResolver. Please file a feature request (on referencing) if you are missing an API for the kind of customization you need.
    from jsonschema import RefResolutionError, RefResolver

.venv/lib/python3.12/site-packages/fs/__init__.py:4
  /home/runner/work/invenio-bug-verification/invenio-bug-verification/package-repo/.venv/lib/python3.12/site-packages/fs/__init__.py:4: UserWarning: pkg_resources is deprecated as an API. See https://setuptools.pypa.io/en/latest/pkg_resources.html. The pkg_resources package is slated for removal as early as 2025-11-30. Refrain from using this package or pin to Setuptools<81.
    __import__("pkg_resources").declare_namespace(__name__)  # type: ignore

.venv/lib/python3.12/site-packages/pkg_resources/__init__.py:3146
  /home/runner/work/invenio-bug-verification/invenio-bug-verification/package-repo/.venv/lib/python3.12/site-packages/pkg_resources/__init__.py:3146: DeprecationWarning: Deprecated call to `pkg_resources.declare_namespace('sphinxcontrib')`.
  Implementing implicit namespace packages (as specified in PEP 420) is preferred to `pkg_resources.declare_namespace`. See https://setuptools.pypa.io/en/latest/references/keywords.html#keyword-namespace-packages
    declare_namespace(pkg)

.venv/lib/python3.12/site-packages/fs/__init__.py:4
  /home/runner/work/invenio-bug-verification/invenio-bug-verification/package-repo/.venv/lib/python3.12/site-packages/fs/__init__.py:4: DeprecationWarning: Deprecated call to `pkg_resources.declare_namespace('fs')`.
  Implementing implicit namespace packages (as specified in PEP 420) is preferred to `pkg_resources.declare_namespace`. See https://setuptools.pypa.io/en/latest/references/keywords.html#keyword-namespace-packages
    __import__("pkg_resources").declare_namespace(__name__)  # type: ignore

.venv/lib/python3.12/site-packages/fs/opener/__init__.py:6
  /home/runner/work/invenio-bug-verification/invenio-bug-verification/package-repo/.venv/lib/python3.12/site-packages/fs/opener/__init__.py:6: DeprecationWarning: Deprecated call to `pkg_resources.declare_namespace('fs.opener')`.
  Implementing implicit namespace packages (as specified in PEP 420) is preferred to `pkg_resources.declare_namespace`. See https://setuptools.pypa.io/en/latest/references/keywords.html#keyword-namespace-packages
    __import__("pkg_resources").declare_namespace(__name__)  # type: ignore

.venv/lib/python3.12/site-packages/pkg_resources/__init__.py:2558
  /home/runner/work/invenio-bug-verification/invenio-bug-verification/package-repo/.venv/lib/python3.12/site-packages/pkg_resources/__init__.py:2558: DeprecationWarning: Deprecated call to `pkg_resources.declare_namespace('fs')`.
  Implementing implicit namespace packages (as specified in PEP 420) is preferred to `pkg_resources.declare_namespace`. See https://setuptools.pypa.io/en/latest/references/keywords.html#keyword-namespace-packages
    declare_namespace(parent)

.venv/lib/python3.12/site-packages/invenio_records_resources/services/files/schema.py:154
  /home/runner/work/invenio-bug-verification/invenio-bug-verification/package-repo/.venv/lib/python3.12/site-packages/invenio_records_resources/services/files/schema.py:154: RemovedInMarshmallow4Warning: The 'default' argument to fields is deprecated. Use 'dump_default' instead.
    storage_class = Str(default="L", dump_only=False)

.venv/lib/python3.12/site-packages/invenio_records_resources/services/base/links.py:140: 35 warnings
  /home/runner/work/invenio-bug-verification/invenio-bug-verification/package-repo/.venv/lib/python3.12/site-packages/invenio_records_resources/services/base/links.py:140: DeprecationWarning: Link is deprecated and will be removed in v14.0. Use `ExternalLink` for third-party links and `EndpointLink` for InvenioRDM links.
    warnings.warn(

.venv/lib/python3.12/site-packages/marshmallow/fields.py:986
.venv/lib/python3.12/site-packages/marshmallow/fields.py:986
.venv/lib/python3.12/site-packages/marshmallow/fields.py:986
.venv/lib/python3.12/site-packages/marshmallow/fields.py:986
.venv/lib/python3.12/site-packages/marshmallow/fields.py:986
  /home/runner/work/invenio-bug-verification/invenio-bug-verification/package-repo/.venv/lib/python3.12/site-packages/marshmallow/fields.py:986: RemovedInMarshmallow4Warning: The 'default' argument to fields is deprecated. Use 'dump_default' instead.
    super().__init__(**kwargs)

.venv/lib/python3.12/site-packages/marshmallow/utils.py:361
  /home/runner/work/invenio-bug-verification/invenio-bug-verification/package-repo/.venv/lib/python3.12/site-packages/marshmallow/utils.py:361: ChangedInMarshmallow4Warning: `Field` should not be instantiated. Use `fields.Raw` or  another field subclass instead.
    return cls_or_instance()

tests/resources/test_resources.py: 12 warnings
tests/test_services_subtasks.py: 39 warnings
  /home/runner/work/invenio-bug-verification/invenio-bug-verification/package-repo/.venv/lib/python3.12/site-packages/invenio_records_resources/services/records/schema.py:90: RemovedInMarshmallow4Warning: The `context` parameter is deprecated and will be removed in marshmallow 4.0. Use `contextvars.ContextVar` to pass context instead.
    valid_data = self.schema(context=context, **schema_args).load(data)

tests/resources/test_resources.py: 28 warnings
tests/test_services_job_logs.py: 3 warnings
tests/test_services_subtasks.py: 111 warnings
  /home/runner/work/invenio-bug-verification/invenio-bug-verification/package-repo/.venv/lib/python3.12/site-packages/sqlalchemy/sql/schema.py:3624: DeprecationWarning: datetime.datetime.utcnow() is deprecated and scheduled for removal in a future version. Use timezone-aware objects to represent datetimes in UTC: datetime.datetime.now(datetime.UTC).
    return util.wrap_callable(lambda ctx: fn(), fn)  # type: ignore

tests/resources/test_resources.py: 14 warnings
tests/test_services_job_logs.py: 4 warnings
tests/test_services_subtasks.py: 9 warnings
  /home/runner/work/invenio-bug-verification/invenio-bug-verification/package-repo/.venv/lib/python3.12/site-packages/invenio_records_resources/services/records/schema.py:105: RemovedInMarshmallow4Warning: The `context` parameter is deprecated and will be removed in marshmallow 4.0. Use `contextvars.ContextVar` to pass context instead.
    return self.schema(context=context, **schema_args).dump(data)

tests/resources/test_resources.py: 28 warnings
tests/test_services_job_logs.py: 4 warnings
tests/test_services_subtasks.py: 37 warnings
  /home/runner/work/invenio-bug-verification/invenio-bug-verification/package-repo/.venv/lib/python3.12/site-packages/marshmallow/fields.py:631: RemovedInMarshmallow4Warning: The `context` parameter is deprecated and will be removed in marshmallow 4.0. Use `contextvars.ContextVar` to pass context instead.
    self._schema = schema_class(

tests/resources/test_resources.py: 3 warnings
tests/test_services_job_logs.py: 2 warnings
tests/test_services_subtasks.py: 11 warnings
  /home/runner/work/invenio-bug-verification/invenio-bug-verification/package-repo/.venv/lib/python3.12/site-packages/pytest_invenio/user.py:36: DeprecationWarning: datetime.datetime.utcnow() is deprecated and scheduled for removal in a future version. Use timezone-aware objects to represent datetimes in UTC: datetime.datetime.now(datetime.UTC).
    self._confirmed = datetime.utcnow() if confirmed else None

tests/resources/test_resources.py: 3 warnings
tests/test_services_job_logs.py: 2 warnings
tests/test_services_subtasks.py: 11 warnings
  /home/runner/work/invenio-bug-verification/invenio-bug-verification/package-repo/.venv/lib/python3.12/site-packages/flask_security/datastore.py:235: LegacyAPIWarning: The Query.get() method is considered legacy as of the 1.x series of SQLAlchemy and becomes a legacy construct in 2.0. The method is now available as Session.get() (deprecated since: 2.0) (Background on SQLAlchemy 2.0 at: https://sqlalche.me/e/b8d9)
    return self.user_model.query.get(identifier)

tests/resources/test_resources.py: 1 warning
tests/test_services_subtasks.py: 50 warnings
  /home/runner/work/invenio-bug-verification/invenio-bug-verification/package-repo/.venv/lib/python3.12/site-packages/sqlalchemy_utils/models.py:33: DeprecationWarning: datetime.datetime.utcnow() is deprecated and scheduled for removal in a future version. Use timezone-aware objects to represent datetimes in UTC: datetime.datetime.now(datetime.UTC).
    target.updated = datetime.utcnow()

tests/test_services_job_logs.py::test_job_logs_search_limits_to_max_docs
tests/test_services_subtasks.py::test_create_subtask_run
  /home/runner/work/invenio-bug-verification/invenio-bug-verification/package-repo/.venv/lib/python3.12/site-packages/invenio_rest/ext.py:29: FutureWarning: CSRF validation will be enabled by default in the version 1.3.x
    self.init_app(app)

tests/test_services_job_logs.py::test_job_logs_search_limits_to_max_docs
tests/test_services_subtasks.py::test_create_subtask_run
  /home/runner/work/invenio-bug-verification/invenio-bug-verification/package-repo/.venv/lib/python3.12/site-packages/flask_caching/__init__.py:145: DeprecationWarning: Using the initialization functions in flask_caching.backend is deprecated.  Use the a full path to backend classes directly.
    self._set_cache(app, config)

tests/test_services_subtasks.py::test_create_subtask_run
tests/test_services_subtasks.py::test_start_processing_subtask
tests/test_services_subtasks.py::test_start_processing_subtask_invalid_status
tests/test_services_subtasks.py::test_finalize_subtask_success
tests/test_services_subtasks.py::test_finalize_subtask_failure
tests/test_services_subtasks.py::test_finalize_subtask_partial_success
tests/test_services_subtasks.py::test_add_total_entries
tests/test_services_subtasks.py::test_add_total_entries_invalid_values
tests/test_services_subtasks.py::test_finalize_subtask_with_errored_entries_message
  /home/runner/work/invenio-bug-verification/invenio-bug-verification/package-repo/invenio_jobs/tasks.py:61: DeprecationWarning: datetime.datetime.utcnow() is deprecated and scheduled for removal in a future version. Use timezone-aware objects to represent datetimes in UTC: datetime.datetime.now(datetime.UTC).
    update_run(run, status=RunStatusEnum.RUNNING, started_at=datetime.utcnow())

tests/test_services_subtasks.py::test_create_subtask_run
tests/test_services_subtasks.py::test_start_processing_subtask
tests/test_services_subtasks.py::test_start_processing_subtask_invalid_status
tests/test_services_subtasks.py::test_finalize_subtask_success
tests/test_services_subtasks.py::test_finalize_subtask_failure
tests/test_services_subtasks.py::test_finalize_subtask_partial_success
tests/test_services_subtasks.py::test_add_total_entries
tests/test_services_subtasks.py::test_add_total_entries_invalid_values
tests/test_services_subtasks.py::test_finalize_subtask_with_errored_entries_message
  /home/runner/work/invenio-bug-verification/invenio-bug-verification/package-repo/invenio_jobs/tasks.py:121: DeprecationWarning: datetime.datetime.utcnow() is deprecated and scheduled for removal in a future version. Use timezone-aware objects to represent datetimes in UTC: datetime.datetime.now(datetime.UTC).
    finished_at=datetime.utcnow(),

tests/test_services_subtasks.py::test_create_subtask_run
tests/test_services_subtasks.py::test_start_processing_subtask
tests/test_services_subtasks.py::test_finalize_subtask_success
tests/test_services_subtasks.py::test_finalize_subtask_success
tests/test_services_subtasks.py::test_finalize_subtask_failure
tests/test_services_subtasks.py::test_finalize_subtask_failure
tests/test_services_subtasks.py::test_finalize_subtask_partial_success
tests/test_services_subtasks.py::test_add_total_entries
tests/test_services_subtasks.py::test_finalize_subtask_with_errored_entries_message
  /home/runner/work/invenio-bug-verification/invenio-bug-verification/package-repo/invenio_jobs/services/schema.py:127: RemovedInMarshmallow4Warning: The `context` parameter is deprecated and will be removed in marshmallow 4.0. Use `contextvars.ContextVar` to pass context instead.
    super().__init__(*args, **kwargs)

tests/test_services_subtasks.py::test_start_processing_subtask
tests/test_services_subtasks.py::test_finalize_subtask_success
tests/test_services_subtasks.py::test_finalize_subtask_failure
tests/test_services_subtasks.py::test_finalize_subtask_partial_success
tests/test_services_subtasks.py::test_finalize_subtask_partial_success
tests/test_services_subtasks.py::test_finalize_subtask_with_errored_entries_message
  /home/runner/work/invenio-bug-verification/invenio-bug-verification/package-repo/invenio_jobs/services/services.py:354: DeprecationWarning: datetime.datetime.utcnow() is deprecated and scheduled for removal in a future version. Use timezone-aware objects to represent datetimes in UTC: datetime.datetime.now(datetime.UTC).
    run.started_at = datetime.utcnow()

tests/test_services_subtasks.py::test_finalize_subtask_success
tests/test_services_subtasks.py::test_finalize_subtask_failure
tests/test_services_subtasks.py::test_finalize_subtask_with_errored_entries_message
  /home/runner/work/invenio-bug-verification/invenio-bug-verification/package-repo/invenio_jobs/services/services.py:451: DeprecationWarning: datetime.datetime.utcnow() is deprecated and scheduled for removal in a future version. Use timezone-aware objects to represent datetimes in UTC: datetime.datetime.now(datetime.UTC).
    finished_at_value = datetime.utcnow()

-- Docs: https://docs.pytest.org/en/stable/how-to/capture-warnings.html
================================ tests coverage ================================
_______________ coverage: platform linux, python 3.12.12-final-0 _______________

Name                                                                  Stmts   Miss  Cover   Missing
---------------------------------------------------------------------------------------------------
invenio_jobs/__init__.py                                                  3      0   100%
invenio_jobs/administration/__init__.py                                   0      0   100%
invenio_jobs/administration/jobs.py                                      73     15    79%   105, 109-115, 119-124, 133-138
invenio_jobs/administration/runs.py                                      46     25    46%   39-54, 58-65, 69-70, 74-75
invenio_jobs/alembic/1f896f6990b8_update_jobs_module_table_names.py      20     10    50%   25-32, 40-45
invenio_jobs/alembic/371f4cbcb73d_create_invenio_jobs_branch.py          10      2    80%   22, 27
invenio_jobs/alembic/356496a01197_create_invenio_jobs_tables.py          17      4    76%   30-62, 105-106
invenio_jobs/alembic/1753948224_add_subtasks_columns_to_jobs_run.py      31     22    29%   23-91, 102-114
invenio_jobs/api.py                                                       4      0   100%
invenio_jobs/config.py                                                   32      0   100%
invenio_jobs/errors.py                                                   11      3    73%   20-22
invenio_jobs/ext.py                                                      57      1    98%   106
invenio_jobs/jobs.py                                                     32      7    78%   65-67, 89, 102, 105-113
invenio_jobs/logging/__init__.py                                          0      0   100%
invenio_jobs/logging/celery_signals.py                                   19      5    74%   23-26, 38-40, 49
invenio_jobs/logging/index_templates/__init__.py                          0      0   100%
invenio_jobs/logging/index_templates/os-v1/__init__.py                    0      0   100%
invenio_jobs/logging/index_templates/os-v2/__init__.py                    0      0   100%
invenio_jobs/logging/jobs.py                                             63      5    92%   98, 119-121, 125-126
invenio_jobs/logging/tasks.py                                             8      2    75%   20-21
invenio_jobs/models.py                                                  130     11    92%   80-88, 215-217
invenio_jobs/proxies.py                                                  12      0   100%
invenio_jobs/registry.py                                                 26      5    81%   23, 32-35
invenio_jobs/resources/__init__.py                                        3      0   100%
invenio_jobs/resources/config.py                                         57      0   100%
invenio_jobs/resources/resources.py                                     126     14    89%   48-53, 58-63, 210-217, 237-243, 249-255
invenio_jobs/services/__init__.py                                         4      0   100%
invenio_jobs/services/config.py                                          79      0   100%
invenio_jobs/services/errors.py                                          22      1    95%   63
invenio_jobs/services/links.py                                           11      1    91%   38
invenio_jobs/services/permissions.py                                     25      0   100%
invenio_jobs/services/results.py                                        100     13    87%   53-54, 83, 92-95, 120-121, 148-149, 167, 169-170
invenio_jobs/services/scheduler.py                                       55     31    44%   31-32, 37-39, 59, 66, 70-71, 75-94, 99-106, 113-117
invenio_jobs/services/schema.py                                         149     10    93%   51-56, 132, 185, 288, 321-322
invenio_jobs/services/services.py                                       246     31    87%   52, 60-64, 91-93, 192-194, 212, 309, 418, 438, 474-488, 493-499, 508, 544, 555, 561-562
invenio_jobs/services/ui_schema.py                                       19      0   100%
invenio_jobs/tasks.py                                                    63     23    63%   28, 40-43, 67, 71-86, 88-107, 112, 117, 130
invenio_jobs/utils.py                                                    28     19    32%   20-31, 36-47, 55
invenio_jobs/views.py                                                    14      0   100%
invenio_jobs/webpack.py                                                   2      0   100%
---------------------------------------------------------------------------------------------------
TOTAL                                                                  1597    260    84%
=========================== short test summary info ============================
FAILED tests/test_services_subtasks.py::test_finalize_subtask_success - assert None == 0
FAILED tests/test_services_subtasks.py::test_finalize_subtask_failure - assert None == 1
FAILED tests/test_services_subtasks.py::test_finalize_subtask_partial_success - AssertionError: assert 'QUEUED' == 'RUNNING'
  
  - RUNNING
  + QUEUED
FAILED tests/test_services_subtasks.py::test_add_total_entries - assert 0 == 100
FAILED tests/test_services_subtasks.py::test_finalize_subtask_with_errored_entries_message - TypeError: argument of type 'NoneType' is not iterable
=========== 5 failed, 166 passed, 3 skipped, 468 warnings in 24.30s ============
 Container docker_services_cli-redis-1  Stopping
 Container docker_services_cli-rabbitmq-1  Stopping
 Container docker_services_cli-postgresql-1  Stopping
 Container docker_services_cli-elasticsearch-1  Stopping
 Container docker_services_cli-postgresql-1  Stopped
 Container docker_services_cli-postgresql-1  Removing
 Container docker_services_cli-postgresql-1  Removed
 Container docker_services_cli-redis-1  Stopped
 Container docker_services_cli-redis-1  Removing
 Container docker_services_cli-redis-1  Removed
 Container docker_services_cli-elasticsearch-1  Stopped
 Container docker_services_cli-elasticsearch-1  Removing
 Container docker_services_cli-elasticsearch-1  Removed
 Container docker_services_cli-rabbitmq-1  Stopped
 Container docker_services_cli-rabbitmq-1  Removing
 Container docker_services_cli-rabbitmq-1  Removed
 Network docker_services_cli_default  Removing
 Network docker_services_cli_default  Removed
