<?xml version="1.0" encoding="utf-8"?><testsuites name="pytest tests"><testsuite name="pytest" errors="0" failures="7" skipped="0" tests="933" time="230.279" timestamp="2025-11-18T12:42:49.318402+00:00" hostname="runnervmg1sw1"><testcase classname="tests.conftest" name="PYDOCSTYLE" time="0.030" /><testcase classname="tests.conftest" name="ISORT" time="0.182" /><testcase classname="tests.conftest" name="black" time="0.405" /><testcase classname="tests.contrib.affiliations.conftest" name="PYDOCSTYLE" time="0.008" /><testcase classname="tests.contrib.affiliations.conftest" name="ISORT" time="0.016" /><testcase classname="tests.contrib.affiliations.conftest" name="black" time="0.179" /><testcase classname="tests.contrib.affiliations.test_affiliations_api" name="ISORT" time="0.023" /><testcase classname="tests.contrib.affiliations.test_affiliations_api" name="black" time="0.188" /><testcase classname="tests.contrib.affiliations.test_affiliations_api" name="test_affiliation_schema_validation" time="3.599" /><testcase classname="tests.contrib.affiliations.test_affiliations_api" name="test_affiliation_indexing" time="0.089" /><testcase classname="tests.contrib.affiliations.test_affiliations_api" name="test_affiliation_pid" time="0.459" /><testcase classname="tests.contrib.affiliations.test_affiliations_datastreams" name="ISORT" time="0.070" /><testcase classname="tests.contrib.affiliations.test_affiliations_datastreams" name="black" time="0.244" /><testcase classname="tests.contrib.affiliations.test_affiliations_datastreams" name="test_ror_transformer" time="2.346" /><testcase classname="tests.contrib.affiliations.test_affiliations_datastreams" name="test_affiliations_service_writer_create" time="1.723" /><testcase classname="tests.contrib.affiliations.test_affiliations_datastreams" name="test_affiliations_service_writer_duplicate" time="1.602" /><testcase classname="tests.contrib.affiliations.test_affiliations_datastreams" name="test_affiliations_service_writer_update_existing" time="1.553"><failure message="jsonschema.exceptions.ValidationError: Additional properties are not allowed ('pid' was unexpected)&#10;&#10;Failed validating 'additionalProperties' in schema:&#10;    {'$schema': 'http://json-schema.org/draft-07/schema#',&#10;     '$id': 'local://affiliations/affiliation-v1.0.0.json',&#10;     'type': 'object',&#10;     'additionalProperties': False,&#10;     'properties': {'$schema': {'$ref': 'local://definitions-v1.0.0.json#/$schema'},&#10;                    'tags': {'$ref': 'local://vocabularies/definitions-v1.0.0.json#/tags'},&#10;                    'country': {'type': 'string',&#10;                                'description': &quot;Represents a affiliation's &quot;&#10;                                               'country as a country '&#10;                                               'code.'},&#10;                    'country_name': {'type': 'string',&#10;                                     'description': 'Represents a '&#10;                                                    &quot;affiliation's country &quot;&#10;                                                    'as a full name.'},&#10;                    'location_name': {'type': 'string',&#10;                                      'description': 'Represents a '&#10;                                                     &quot;affiliation's &quot;&#10;                                                     'location name '&#10;                                                     '(usually a city).'},&#10;                    'acronym': {'type': 'string'},&#10;                    'identifiers': {'description': 'Alternate identifiers '&#10;                                                   'for the record.',&#10;                                    'type': 'array',&#10;                                    'items': {'$ref': 'local://definitions-v1.0.0.json#/identifiers_with_scheme'},&#10;                                    'uniqueItems': True},&#10;                    'status': {'type': 'string',&#10;                               'description': 'Status of the affiliation '&#10;                                              'organization.'},&#10;                    'aliases': {'description': 'Alternate names for the '&#10;                                               'affiliation.',&#10;                                'type': 'array',&#10;                                'items': {'type': 'string'},&#10;                                'uniqueItems': True},&#10;                    'types': {'description': 'Types of affiliation '&#10;                                             'organization.',&#10;                              'type': 'array',&#10;                              'items': {'type': 'string'},&#10;                              'uniqueItems': True},&#10;                    'name': {'type': 'string'},&#10;                    'title': {'$ref': 'local://vocabularies/definitions-v1.0.0.json#/title'}}}&#10;&#10;On instance:&#10;    {'name': 'Updated Name',&#10;     'title': {'en': 'Test affiliation', 'es': 'Afiliacion de test'},&#10;     'types': ['facility', 'funder'],&#10;     'status': 'active',&#10;     '$schema': 'local://affiliations/affiliation-v1.0.0.json',&#10;     'acronym': 'CERN',&#10;     'country': 'CH',&#10;     'identifiers': [{'identifier': '03yrm5c26', 'scheme': 'ror'}],&#10;     'country_name': 'Switzerland',&#10;     'location_name': 'Geneva',&#10;     'pid': '01ggx4157'}">app = &lt;Flask 'invenio'&gt;
search_clear = &lt;OpenSearch([{'host': 'localhost', 'port': 9200}])&gt;
affiliation_full_data = {'acronym': 'CERN', 'country': 'CH', 'country_name': 'Switzerland', 'id': '01ggx4157', ...}
service = &lt;invenio_records_resources.factories.factory.AffiliationService object at 0x7f47ed365970&gt;

    def test_affiliations_service_writer_update_existing(
        app, search_clear, affiliation_full_data, service
    ):
        """Test updating an existing affiliation using AffiliationsServiceWriter."""
        # create vocabulary
        writer = AffiliationsServiceWriter(update=True)
        orig_affiliation_rec = writer.write(stream_entry=StreamEntry(affiliation_full_data))
        Affiliation.index.refresh()  # refresh index to make changes live
        # update vocabulary
        updated_affiliation = deepcopy(affiliation_full_data)
        updated_affiliation["name"] = "Updated Name"
    
        # check changes vocabulary
&gt;       _ = writer.write(stream_entry=StreamEntry(updated_affiliation))
            ^^^^^^^^^^^^^^^^^^^^^^^^^^^^^^^^^^^^^^^^^^^^^^^^^^^^^^^^^^^

affiliation_full_data = {'acronym': 'CERN',
 'country': 'CH',
 'country_name': 'Switzerland',
 'id': '01ggx4157',
 'identifiers': [{'identifier': '03yrm5c26', 'scheme': 'ror'}],
 'location_name': 'Geneva',
 'name': 'Test affiliation',
 'status': 'active',
 'title': {'en': 'Test affiliation', 'es': 'Afiliacion de test'},
 'types': ['facility', 'funder']}
app        = &lt;Flask 'invenio'&gt;
orig_affiliation_rec = &lt;invenio_vocabularies.datastreams.datastreams.StreamEntry object at 0x7f47ec134ad0&gt;
search_clear = &lt;OpenSearch([{'host': 'localhost', 'port': 9200}])&gt;
service    = &lt;invenio_records_resources.factories.factory.AffiliationService object at 0x7f47ed365970&gt;
updated_affiliation = {'acronym': 'CERN',
 'country': 'CH',
 'country_name': 'Switzerland',
 'id': '01ggx4157',
 'identifiers': [{'identifier': '03yrm5c26', 'scheme': 'ror'}],
 'location_name': 'Geneva',
 'name': 'Updated Name',
 'status': 'active',
 'title': {'en': 'Test affiliation', 'es': 'Afiliacion de test'},
 'types': ['facility', 'funder']}
writer     = &lt;invenio_vocabularies.contrib.affiliations.datastreams.AffiliationsServiceWriter object at 0x7f47ec1a93d0&gt;

tests/contrib/affiliations/test_affiliations_datastreams.py:145: 
_ _ _ _ _ _ _ _ _ _ _ _ _ _ _ _ _ _ _ _ _ _ _ _ _ _ _ _ _ _ _ _ _ _ _ _ _ _ _ _ 
invenio_vocabularies/datastreams/writers.py:115: in write
    return self._do_update(entry)
           ^^^^^^^^^^^^^^^^^^^^^^
        args       = ()
        entry      = {'acronym': 'CERN',
 'country': 'CH',
 'country_name': 'Switzerland',
 'id': '01ggx4157',
 'identifiers': [{'identifier': '03yrm5c26', 'scheme': 'ror'}],
 'location_name': 'Geneva',
 'name': 'Updated Name',
 'status': 'active',
 'title': {'en': 'Test affiliation', 'es': 'Afiliacion de test'},
 'types': ['facility', 'funder']}
        kwargs     = {}
        self       = &lt;invenio_vocabularies.contrib.affiliations.datastreams.AffiliationsServiceWriter object at 0x7f47ec1a93d0&gt;
        stream_entry = &lt;invenio_vocabularies.datastreams.datastreams.StreamEntry object at 0x7f47ec2e1610&gt;
invenio_vocabularies/datastreams/writers.py:97: in _do_update
    self._service.update(self._identity, vocab_id, updated), op_type="update"
    ^^^^^^^^^^^^^^^^^^^^^^^^^^^^^^^^^^^^^^^^^^^^^^^^^^^^^^^
        current    = &lt;invenio_records_resources.services.records.results.RecordItem object at 0x7f47ec10a7e0&gt;
        entry      = {'acronym': 'CERN',
 'country': 'CH',
 'country_name': 'Switzerland',
 'id': '01ggx4157',
 'identifiers': [{'identifier': '03yrm5c26', 'scheme': 'ror'}],
 'location_name': 'Geneva',
 'name': 'Updated Name',
 'status': 'active',
 'title': {'en': 'Test affiliation', 'es': 'Afiliacion de test'},
 'types': ['facility', 'funder']}
        self       = &lt;invenio_vocabularies.contrib.affiliations.datastreams.AffiliationsServiceWriter object at 0x7f47ec1a93d0&gt;
        updated    = {'acronym': 'CERN',
 'country': 'CH',
 'country_name': 'Switzerland',
 'created': '2025-11-18T12:43:05.555924+00:00',
 'id': '01ggx4157',
 'identifiers': [{'identifier': '03yrm5c26', 'scheme': 'ror'}],
 'links': {'self': 'https://127.0.0.1:5000/api/affiliations/01ggx4157'},
 'location_name': 'Geneva',
 'name': 'Updated Name',
 'revision_id': 2,
 'status': 'active',
 'title': {'en': 'Test affiliation', 'es': 'Afiliacion de test'},
 'types': ['facility', 'funder'],
 'updated': '2025-11-18T12:43:05.562639+00:00'}
        vocab_id   = '01ggx4157'
.venv/lib/python3.12/site-packages/invenio_db/uow.py:251: in inner
    res = f(self, *args, **kwargs)
          ^^^^^^^^^^^^^^^^^^^^^^^^
        args       = (&lt;Identity id="system" auth_type="None" provides={Need(method='system_role', value='system_process')}&gt;,
 '01ggx4157',
 {'acronym': 'CERN',
  'country': 'CH',
  'country_name': 'Switzerland',
  'created': '2025-11-18T12:43:05.555924+00:00',
  'id': '01ggx4157',
  'identifiers': [{'identifier': '03yrm5c26', 'scheme': 'ror'}],
  'links': {'self': 'https://127.0.0.1:5000/api/affiliations/01ggx4157'},
  'location_name': 'Geneva',
  'name': 'Updated Name',
  'revision_id': 2,
  'status': 'active',
  'title': {'en': 'Test affiliation', 'es': 'Afiliacion de test'},
  'types': ['facility', 'funder'],
  'updated': '2025-11-18T12:43:05.562639+00:00'})
        f          = &lt;function RecordService.update at 0x7f47ef60f6a0&gt;
        kwargs     = {'uow': &lt;invenio_db.uow.UnitOfWork object at 0x7f47ec1a9580&gt;}
        self       = &lt;invenio_records_resources.factories.factory.AffiliationService object at 0x7f47ed365970&gt;
        uow        = &lt;invenio_db.uow.UnitOfWork object at 0x7f47ec1a9580&gt;
.venv/lib/python3.12/site-packages/invenio_records_resources/services/records/service.py:495: in update
    uow.register(RecordCommitOp(record, self.indexer))
        _          = []
        data       = {'acronym': 'CERN',
 'country': 'CH',
 'country_name': 'Switzerland',
 'identifiers': [{'identifier': '03yrm5c26', 'scheme': 'ror'}],
 'location_name': 'Geneva',
 'name': 'Updated Name',
 'pid': '01ggx4157',
 'status': 'active',
 'title': {'en': 'Test affiliation', 'es': 'Afiliacion de test'},
 'types': ['facility', 'funder']}
        expand     = False
        id_        = '01ggx4157'
        identity   = &lt;Identity id="system" auth_type="None" provides={Need(method='system_role', value='system_process')}&gt;
        record     = {'$schema': 'local://affiliations/affiliation-v1.0.0.json',
 'acronym': 'CERN',
 'country': 'CH',
 'country_name': 'Switzerland',
 'identifiers': [{'identifier': '03yrm5c26', 'scheme': 'ror'}],
 'location_name': 'Geneva',
 'name': 'Updated Name',
 'pid': '01ggx4157',
 'status': 'active',
 'title': {'en': 'Test affiliation', 'es': 'Afiliacion de test'},
 'types': ['facility', 'funder']}
        revision_id = None
        self       = &lt;invenio_records_resources.factories.factory.AffiliationService object at 0x7f47ed365970&gt;
        uow        = &lt;invenio_db.uow.UnitOfWork object at 0x7f47ec1a9580&gt;
.venv/lib/python3.12/site-packages/invenio_db/uow.py:224: in register
    op.on_register(self)
        op         = &lt;invenio_records_resources.services.uow.RecordCommitOp object at 0x7f47ec0217c0&gt;
        self       = &lt;invenio_db.uow.UnitOfWork object at 0x7f47ec1a9580&gt;
.venv/lib/python3.12/site-packages/invenio_records_resources/services/uow.py:136: in on_register
    self._record.commit()
        self       = &lt;invenio_records_resources.services.uow.RecordCommitOp object at 0x7f47ec0217c0&gt;
        uow        = &lt;invenio_db.uow.UnitOfWork object at 0x7f47ec1a9580&gt;
.venv/lib/python3.12/site-packages/invenio_records/api.py:454: in commit
    json = self._validate(format_checker=format_checker, validator=validator)
           ^^^^^^^^^^^^^^^^^^^^^^^^^^^^^^^^^^^^^^^^^^^^^^^^^^^^^^^^^^^^^^^^^^
        e          = &lt;invenio_records.systemfields.base.SystemFieldsExt object at 0x7f47ee56c470&gt;
        format_checker = None
        kwargs     = {}
        self       = {'$schema': 'local://affiliations/affiliation-v1.0.0.json',
 'acronym': 'CERN',
 'country': 'CH',
 'country_name': 'Switzerland',
 'identifiers': [{'identifier': '03yrm5c26', 'scheme': 'ror'}],
 'location_name': 'Geneva',
 'name': 'Updated Name',
 'pid': '01ggx4157',
 'status': 'active',
 'title': {'en': 'Test affiliation', 'es': 'Afiliacion de test'},
 'types': ['facility', 'funder']}
        validator  = None
.venv/lib/python3.12/site-packages/invenio_records/api.py:194: in _validate
    _records_state.validate(
        format_checker = None
        json       = {'$schema': 'local://affiliations/affiliation-v1.0.0.json',
 'acronym': 'CERN',
 'country': 'CH',
 'country_name': 'Switzerland',
 'identifiers': [{'identifier': '03yrm5c26', 'scheme': 'ror'}],
 'location_name': 'Geneva',
 'name': 'Updated Name',
 'pid': '01ggx4157',
 'status': 'active',
 'title': {'en': 'Test affiliation', 'es': 'Afiliacion de test'},
 'types': ['facility', 'funder']}
        self       = {'$schema': 'local://affiliations/affiliation-v1.0.0.json',
 'acronym': 'CERN',
 'country': 'CH',
 'country_name': 'Switzerland',
 'identifiers': [{'identifier': '03yrm5c26', 'scheme': 'ror'}],
 'location_name': 'Geneva',
 'name': 'Updated Name',
 'pid': '01ggx4157',
 'status': 'active',
 'title': {'en': 'Test affiliation', 'es': 'Afiliacion de test'},
 'types': ['facility', 'funder']}
        use_model  = False
        validator  = None
.venv/lib/python3.12/site-packages/invenio_records/ext.py:67: in validate
    return validate(data, schema, cls=validator_cls, resolver=resolver, **kwargs)
           ^^^^^^^^^^^^^^^^^^^^^^^^^^^^^^^^^^^^^^^^^^^^^^^^^^^^^^^^^^^^^^^^^^^^^^
        data       = {'$schema': 'local://affiliations/affiliation-v1.0.0.json',
 'acronym': 'CERN',
 'country': 'CH',
 'country_name': 'Switzerland',
 'identifiers': [{'identifier': '03yrm5c26', 'scheme': 'ror'}],
 'location_name': 'Geneva',
 'name': 'Updated Name',
 'pid': '01ggx4157',
 'status': 'active',
 'title': {'en': 'Test affiliation', 'es': 'Afiliacion de test'},
 'types': ['facility', 'funder']}
        kwargs     = {'format_checker': None}
        refresolver_cls_kwargs = {'store': {'local://affiliations/affiliation-v1.0.0.json': {'$schema': 'http://json-schema.org/draft-07/schema#', '$id': 'local://affiliations/affiliation-v1.0.0.json', 'type': 'object', 'additionalProperties': False, 'properties': {'$schema': {'$ref': 'local://definitions-v1.0.0.json#/$schema'}, 'tags': {'$ref': 'local://vocabularies/definitions-v1.0.0.json#/tags'}, 'country': {'type': 'string', 'description': "Represents a affiliation's country as a country code."}, 'country_name': {'type': 'string', 'description': "Represents a affiliation's country as a full name."}, 'location_name': {'type': 'string', 'description': "Represents a affiliation's location name (usually a city)."}, 'acronym': {'type': 'string'}, 'identifiers': {'description': 'Alternate identifiers for the record.', 'type': 'array', 'items': {'$ref': 'local://definitions-v1.0.0.json#/identifiers_with_scheme'}, 'uniqueItems': True}, 'status': {'type': 'string', 'description': 'Status of the affiliation organization.'}, 'aliases': {'description': 'Alternate names for the affiliation.', 'type': 'array', 'items': {'type': 'string'}, 'uniqueItems': True}, 'types': {'description': 'Types of affiliation organization.', 'type': 'array', 'items': {'type': 'string'}, 'uniqueItems': True}, 'name': {'type': 'string'}, 'title': {'$ref': 'local://vocabularies/definitions-v1.0.0.json#/title'}}}, 'local://awards/award-v1.0.0.json': {'$schema': 'http://json-schema.org/draft-07/schema#', '$id': 'local://awards/award-v1.0.0.json', 'type': 'object', 'additionalProperties': False, 'properties': {'$schema': {'$ref': 'local://definitions-v1.0.0.json#/$schema'}, 'tags': {'$ref': 'local://vocabularies/definitions-v1.0.0.json#/tags'}, 'identifiers': {'description': 'Alternate identifiers for the award.', 'type': 'array', 'items': {'$ref': 'local://definitions-v1.0.0.json#/identifiers_with_scheme'}, 'uniqueItems': True}, 'number': {'type': 'string'}, 'title': {'$ref': 'local://vocabularies/definitions-v1.0.0.json#/title'}, 'funder': {'description': "Award's funder.", 'type': 'object', 'additionalProperties': False, 'properties': {'id': {'$ref': 'local://definitions-v1.0.0.json#/identifier'}, 'name': {'type': 'string'}}}, 'acronym': {'type': 'string'}, 'program': {'type': 'string'}, 'start_date': {'type': 'string'}, 'end_date': {'type': 'string'}, 'description': {'$ref': 'local://vocabularies/definitions-v1.0.0.json#/description'}, 'subjects': {'description': "Award's subjects.", 'type': 'array', 'properties': {'id': {'$ref': 'local://definitions-v1.0.0.json#/identifier'}, 'subject': {'description': 'Human readable label.', 'type': 'string'}}}, 'organizations': {'description': "Award's organizations.", 'type': 'array', 'items': {'type': 'object', 'additionalProperties': False, 'properties': {'scheme': {'description': 'Identifier of the organization scheme.', '$ref': 'local://definitions-v1.0.0.json#/identifier'}, 'id': {'description': 'Identifier of the organization for the given scheme.', '$ref': 'local://definitions-v1.0.0.json#/identifier'}, 'organization': {'description': 'Human readable label.', 'type': 'string'}}}}}}, 'local://funders/funder-v1.0.0.json': {'$schema': 'http://json-schema.org/draft-07/schema#', '$id': 'local://funders/funder-v1.0.0.json', 'type': 'object', 'additionalProperties': False, 'properties': {'$schema': {'$ref': 'local://definitions-v1.0.0.json#/$schema'}, 'tags': {'$ref': 'local://vocabularies/definitions-v1.0.0.json#/tags'}, 'country': {'type': 'string', 'description': "Represents a funder's origin country as a country code."}, 'country_name': {'type': 'string', 'description': "Represents a funder's origin country as a full name."}, 'location_name': {'type': 'string', 'description': "Represents a funder's location name (usually a city)."}, 'identifiers': {'description': 'Alternate identifiers for the record.', 'type': 'array', 'items': {'$ref': 'local://definitions-v1.0.0.json#/identifiers_with_scheme'}, 'uniqueItems': True}, 'name': {'type': 'string', 'description': 'Funders name.'}, 'acronym': {'type': 'string', 'description': 'Acronym for funders name.'}, 'status': {'type': 'string', 'description': 'Status of the funder.'}, 'aliases': {'description': 'Alternate names for the funder.', 'type': 'array', 'items': {'type': 'string'}, 'uniqueItems': True}, 'types': {'description': 'Types of funders.', 'type': 'array', 'items': {'type': 'string'}, 'uniqueItems': True}, 'title': {'$ref': 'local://vocabularies/definitions-v1.0.0.json#/title'}}}, 'local://vocabularies/definitions-v1.0.0.json': {'title': {'type': 'object', 'description': 'Title of vocabulary item. Keys are locale codes.', 'patternProperties': {'^[a-z]{2}$': {'type': 'string'}}}, 'description': {'type': 'object', 'description': 'Description of vocabulary item. Keys are locale codes.', 'patternProperties': {'^[a-z]{2}$': {'type': 'string'}}}, 'icon': {'type': 'string'}, 'tags': {'type': 'array', 'description': 'Tags for a vocabulary item.', 'items': {'type': 'string'}}}, 'local://vocabularies/vocabulary-v1.0.0.json': {'$schema': 'http://json-schema.org/draft-07/schema#', '$id': 'local://vocabularies/vocabulary-v1.0.0.json', 'type': 'object', 'additionalProperties': False, 'properties': {'$schema': {'$ref': 'local://definitions-v1.0.0.json#/$schema'}, 'description': {'type': 'object', 'description': 'Description of vocabulary item. Key are locale codes.', 'patternProperties': {'^[a-z]{2}$': {'type': 'string'}}}, 'icon': {'$ref': 'local://vocabularies/definitions-v1.0.0.json#/icon'}, 'id': {'$ref': 'local://definitions-v1.0.0.json#/identifier'}, 'pid': {'$ref': 'local://definitions-v1.0.0.json#/internal-pid'}, 'props': {'type': 'object', 'patternProperties': {'^.*$': {'type': 'string'}}}, 'tags': {'$ref': 'local://vocabularies/definitions-v1.0.0.json#/tags'}, 'title': {'$ref': 'local://vocabularies/definitions-v1.0.0.json#/title'}, 'type': {'type': 'object', 'additionalProperties': False, 'properties': {'id': {'type': 'string'}, 'pid_type': {'type': 'string'}}}}}, 'local://names/name-v1.0.0.json': {'$schema': 'http://json-schema.org/draft-07/schema#', '$id': 'local://names/name-v1.0.0.json', 'description': 'Names vocabulary.', 'type': 'object', 'additionalProperties': False, 'properties': {'$schema': {'$ref': 'local://definitions-v1.0.0.json#/$schema'}, 'tags': {'$ref': 'local://vocabularies/definitions-v1.0.0.json#/tags'}, 'scheme': {'description': 'Identifier of the name scheme.', '$ref': 'local://definitions-v1.0.0.json#/identifier'}, 'name': {'type': 'string'}, 'given_name': {'type': 'string'}, 'family_name': {'type': 'string'}, 'identifiers': {'description': 'Identifiers for the person.', 'type': 'array', 'items': {'$ref': 'local://definitions-v1.0.0.json#/identifiers_with_scheme'}, 'uniqueItems': True}, 'props': {'type': 'object', 'patternProperties': {'^.*$': {'oneOf': [{'type': 'string'}, {'type': 'boolean'}]}}}, 'affiliations': {'description': 'Affiliations of the person.', 'type': 'array', 'items': {'type': 'object', 'additionalProperties': False, 'properties': {'id': {'$ref': 'local://definitions-v1.0.0.json#/identifier'}, 'name': {'type': 'string'}}}, 'uniqueItems': True}}}, 'local://subjects/subject-v1.0.0.json': {'$schema': 'http://json-schema.org/draft-07/schema#', '$id': 'local://subjects/subject-v1.0.0.json', 'description': 'Subjects from specific vocabularies.', 'type': 'object', 'additionalProperties': False, 'properties': {'$schema': {'$ref': 'local://definitions-v1.0.0.json#/$schema'}, 'tags': {'$ref': 'local://vocabularies/definitions-v1.0.0.json#/tags'}, 'id': {'description': 'URI or classification code as identifier - globally unique among all subject schemes.', '$ref': 'local://definitions-v1.0.0.json#/identifier'}, 'pid': {'$ref': 'local://definitions-v1.0.0.json#/internal-pid'}, 'scheme': {'description': 'Identifier of the subject scheme.', '$ref': 'local://definitions-v1.0.0.json#/identifier'}, 'subject': {'description': 'Human readable label.', 'type': 'string'}, 'title': {'description': 'Human readable label in different languages.', '$ref': 'local://vocabularies/definitions-v1.0.0.json#/title'}, 'props': {'type': 'object', 'patternProperties': {'^.*$': {'oneOf': [{'type': 'string'}, {'type': 'array', 'items': {'type': 'string'}}]}}, 'additionalProperties': False}, 'identifiers': {'description': 'Alternate identifiers for the subject.', 'type': 'array', 'items': {'$ref': 'local://definitions-v2.0.0.json#/identifiers_with_scheme'}, 'uniqueItems': True}, 'synonyms': {'description': 'Synonyms of the subject label.', 'type': 'array', 'items': {'type': 'string'}, 'uniqueItems': True}}}, 'local://definitions-v2.0.0.json': {'$schema': {'type': 'string'}, 'entity_reference': {'description': 'Reference to an entity, with the type as key and ID as value', 'type': ['object', 'null'], 'additionalProperties': False, 'patternProperties': {'^[a-z_]+$': {'type': 'string'}}}, 'identifier': {'description': 'An identifier.', 'type': 'string'}, 'identifiers_with_scheme': {'description': 'Identifiers object with identifier value and scheme in separate keys.', 'type': 'object', 'additionalProperties': False, 'properties': {'identifier': {'$ref': '#/identifier'}, 'scheme': {'$ref': '#/scheme'}}}, 'files': {'type': 'object', 'description': 'A file storage for a record.', 'properties': {'enabled': {'description': 'Flag to determine if files are enabled.', 'type': 'boolean'}, 'default_preview': {'description': 'File to preview by default.', 'type': 'string'}, 'order': {'description': 'Order of files.', 'type': 'array', 'items': {'type': 'string'}}, 'count': {'description': 'Number of files.', 'type': 'number'}, 'mimetypes': {'description': 'MIME Types of files.', 'type': 'array', 'items': {'type': 'string'}}, 'totalbytes': {'description': 'Total size of all files.', 'type': 'number'}, 'types': {'description': 'File extensions.', 'type': 'array', 'items': {'type': 'string'}}, 'entries': {'description': 'List of files.', 'type': 'object', 'patternProperties': {'.+': {'$ref': 'local://definitions-v2.0.0.json#/file'}}, 'additionalProperties': False}}}, 'files-simple': {'type': 'object', 'description': 'A file storage for a record.', 'properties': {'enabled': {}, 'default_preview': {}, 'order': {}}}, 'file': {'type': 'object', 'additionalProperties': False, 'description': 'A file object.', 'properties': {'uuid': {'description': 'File record ID.', 'type': 'string'}, 'version_id': {'description': 'File record version ID.', 'type': 'number'}, 'object_version_id': {'description': 'Object version identifier.', 'type': 'string'}, 'file_id': {'$ref': 'local://definitions-v1.0.0.json#/identifier'}, 'metadata': {'description': 'File metadata.', 'type': 'object', 'additionalProperties': True}, 'mimetype': {'description': 'File MIMEType.', 'type': 'string'}, 'checksum': {'description': 'Checksum of the file.', 'type': 'string'}, 'ext': {'description': 'Checksum of the file.', 'type': 'string'}, 'size': {'description': 'Size of the file in bytes.', 'type': 'number'}, 'key': {'description': 'Key (filename) of the file.', 'type': 'string'}, 'access': {'description': 'Access properties of the file.', 'type': 'object', 'additionalProperties': False, 'properties': {'hidden': {'description': 'Control whether to hide the file in the UI.', 'type': 'boolean'}}}}}, 'internal-pid': {'type': 'object', 'description': 'An internal persistent identifier object.', 'additionalProperties': False, 'required': ['pk', 'status'], 'properties': {'pk': {'description': 'Primary key of the PID object.', 'type': 'integer'}, 'status': {'description': 'The status of the PID (from Invenio-PIDStore).', 'type': 'string', 'enum': ['N', 'K', 'R', 'M', 'D']}, 'pid_type': {'description': 'The type of the persistent identifier.', 'type': 'string'}, 'obj_type': {'description': 'The type of the associated object.', 'type': 'string'}}}, 'scheme': {'description': 'A scheme.', 'type': 'string'}}, 'local://definitions-v1.0.0.json': {'$schema': {'type': 'string'}, 'entity_reference': {'description': 'Reference to an entity, with the type as key and ID as value', 'type': ['object', 'null'], 'additionalProperties': False, 'patternProperties': {'^[a-z_]+$': {'type': 'string'}}}, 'identifier': {'description': 'An identifier.', 'type': 'string'}, 'identifiers_with_scheme': {'description': 'Identifiers object with identifier value and scheme in separate keys.', 'type': 'object', 'additionalProperties': False, 'properties': {'identifier': {'$ref': '#/identifier'}, 'scheme': {'$ref': '#/scheme'}}}, 'file': {'type': 'object', 'additionalProperties': False, 'description': 'A file object.', 'properties': {'version_id': {'description': 'Object version ID.', 'type': 'string'}, 'bucket_id': {'description': 'Object verison bucket ID.', 'type': 'string'}, 'mimetype': {'description': 'File MIMEType.', 'type': 'string'}, 'uri': {'description': 'File URI.', 'type': 'string'}, 'storage_class': {'description': 'File storage class.', 'type': 'string'}, 'checksum': {'description': 'Checksum of the file.', 'type': 'string'}, 'size': {'description': 'Size of the file in bytes.', 'type': 'number'}, 'key': {'description': 'Key (filename) of the file.', 'type': 'string'}, 'file_id': {'$ref': 'local://definitions-v1.0.0.json#/identifier'}}}, 'internal-pid': {'type': 'object', 'description': 'An internal persistent identifier object.', 'additionalProperties': False, 'required': ['pk', 'status'], 'properties': {'pk': {'description': 'Primary key of the PID object.', 'type': 'integer'}, 'status': {'description': 'The status of the PID (from Invenio-PIDStore).', 'type': 'string', 'enum': ['N', 'K', 'R', 'M', 'D']}, 'pid_type': {'description': 'The type of the persistent identifier.', 'type': 'string'}, 'obj_type': {'description': 'The type of the associated object.', 'type': 'string'}}}, 'scheme': {'description': 'A scheme.', 'type': 'string'}}, 'local://records/record-v1.0.0.json': {'$schema': 'http://json-schema.org/draft-07/schema#', 'id': 'local://test/records/record-v1.0.0.json', 'title': 'Test Record Schema v1.0.0', 'type': 'object', 'additionalProperties': False, 'properties': {'$schema': {'description': 'JSONSchema declaration.', 'type': 'string'}, 'tags': {'$ref': 'local://vocabularies/definitions-v1.0.0.json#/tags'}, 'id': {'description': 'Persistent record identifier (alphanumeric).', 'type': 'string'}, 'pid': {'type': 'object', 'additionalProperties': False, 'required': ['pk', 'status'], 'properties': {'pk': {'type': 'integer'}, 'status': {'type': 'string', 'enum': ['N', 'K', 'R', 'M', 'D']}}}, 'metadata': {'type': 'object', 'additionalProperties': False, 'properties': {'title': {'type': 'string'}, 'languages': {'type': 'array', 'items': {'type': 'object', 'properties': {'id': {'type': 'string'}}}}}}}}},
 'urljoin_cache': &lt;functools._lru_cache_wrapper object at 0x7f47ec02e350&gt;}
        resolver   = &lt;invenio_records.resolver.InvenioRefResolver object at 0x7f47ec021a90&gt;
        schema     = {'$ref': 'local://affiliations/affiliation-v1.0.0.json'}
        self       = &lt;invenio_records.ext._RecordsState object at 0x7f47ed9983b0&gt;
        validator_cls = &lt;class 'jsonschema.validators.Draft202012Validator'&gt;
_ _ _ _ _ _ _ _ _ _ _ _ _ _ _ _ _ _ _ _ _ _ _ _ _ _ _ _ _ _ _ _ _ _ _ _ _ _ _ _ 

instance = {'$schema': 'local://affiliations/affiliation-v1.0.0.json', 'acronym': 'CERN', 'country': 'CH', 'country_name': 'Switzerland', ...}
schema = {'$ref': 'local://affiliations/affiliation-v1.0.0.json'}
cls = &lt;class 'jsonschema.validators.Draft202012Validator'&gt;, args = ()
kwargs = {'format_checker': None, 'resolver': &lt;invenio_records.resolver.InvenioRefResolver object at 0x7f47ec021a90&gt;}
validator = Draft202012Validator(schema={'$ref': 'local://affi...n-v1.0.0.json'}, format_checker=None)
error = &lt;ValidationError: "Additional properties are not allowed ('pid' was unexpected)"&gt;

    def validate(instance, schema, cls=None, *args, **kwargs):  # noqa: D417
        """
        Validate an instance under the given schema.
    
            &gt;&gt;&gt; validate([2, 3, 4], {"maxItems": 2})
            Traceback (most recent call last):
                ...
            ValidationError: [2, 3, 4] is too long
    
        :func:`~jsonschema.validators.validate` will first verify that the
        provided schema is itself valid, since not doing so can lead to less
        obvious error messages and fail in less obvious or consistent ways.
    
        If you know you have a valid schema already, especially
        if you intend to validate multiple instances with
        the same schema, you likely would prefer using the
        `jsonschema.protocols.Validator.validate` method directly on a
        specific validator (e.g. ``Draft202012Validator.validate``).
    
    
        Arguments:
    
            instance:
    
                The instance to validate
    
            schema:
    
                The schema to validate with
    
            cls (jsonschema.protocols.Validator):
    
                The class that will be used to validate the instance.
    
        If the ``cls`` argument is not provided, two things will happen
        in accordance with the specification. First, if the schema has a
        :kw:`$schema` keyword containing a known meta-schema [#]_ then the
        proper validator will be used. The specification recommends that
        all schemas contain :kw:`$schema` properties for this reason. If no
        :kw:`$schema` property is found, the default validator class is the
        latest released draft.
    
        Any other provided positional and keyword arguments will be passed
        on when instantiating the ``cls``.
    
        Raises:
    
            `jsonschema.exceptions.ValidationError`:
    
                if the instance is invalid
    
            `jsonschema.exceptions.SchemaError`:
    
                if the schema itself is invalid
    
        .. rubric:: Footnotes
        .. [#] known by a validator registered with
            `jsonschema.validators.validates`
    
        """
        if cls is None:
            cls = validator_for(schema)
    
        cls.check_schema(schema)
        validator = cls(schema, *args, **kwargs)
        error = exceptions.best_match(validator.iter_errors(instance))
        if error is not None:
&gt;           raise error
E           jsonschema.exceptions.ValidationError: Additional properties are not allowed ('pid' was unexpected)
E           
E           Failed validating 'additionalProperties' in schema:
E               {'$schema': 'http://json-schema.org/draft-07/schema#',
E                '$id': 'local://affiliations/affiliation-v1.0.0.json',
E                'type': 'object',
E                'additionalProperties': False,
E                'properties': {'$schema': {'$ref': 'local://definitions-v1.0.0.json#/$schema'},
E                               'tags': {'$ref': 'local://vocabularies/definitions-v1.0.0.json#/tags'},
E                               'country': {'type': 'string',
E                                           'description': "Represents a affiliation's "
E                                                          'country as a country '
E                                                          'code.'},
E                               'country_name': {'type': 'string',
E                                                'description': 'Represents a '
E                                                               "affiliation's country "
E                                                               'as a full name.'},
E                               'location_name': {'type': 'string',
E                                                 'description': 'Represents a '
E                                                                "affiliation's "
E                                                                'location name '
E                                                                '(usually a city).'},
E                               'acronym': {'type': 'string'},
E                               'identifiers': {'description': 'Alternate identifiers '
E                                                              'for the record.',
E                                               'type': 'array',
E                                               'items': {'$ref': 'local://definitions-v1.0.0.json#/identifiers_with_scheme'},
E                                               'uniqueItems': True},
E                               'status': {'type': 'string',
E                                          'description': 'Status of the affiliation '
E                                                         'organization.'},
E                               'aliases': {'description': 'Alternate names for the '
E                                                          'affiliation.',
E                                           'type': 'array',
E                                           'items': {'type': 'string'},
E                                           'uniqueItems': True},
E                               'types': {'description': 'Types of affiliation '
E                                                        'organization.',
E                                         'type': 'array',
E                                         'items': {'type': 'string'},
E                                         'uniqueItems': True},
E                               'name': {'type': 'string'},
E                               'title': {'$ref': 'local://vocabularies/definitions-v1.0.0.json#/title'}}}
E           
E           On instance:
E               {'name': 'Updated Name',
E                'title': {'en': 'Test affiliation', 'es': 'Afiliacion de test'},
E                'types': ['facility', 'funder'],
E                'status': 'active',
E                '$schema': 'local://affiliations/affiliation-v1.0.0.json',
E                'acronym': 'CERN',
E                'country': 'CH',
E                'identifiers': [{'identifier': '03yrm5c26', 'scheme': 'ror'}],
E                'country_name': 'Switzerland',
E                'location_name': 'Geneva',
E                'pid': '01ggx4157'}

args       = ()
cls        = &lt;class 'jsonschema.validators.Draft202012Validator'&gt;
error      = &lt;ValidationError: "Additional properties are not allowed ('pid' was unexpected)"&gt;
instance   = {'$schema': 'local://affiliations/affiliation-v1.0.0.json',
 'acronym': 'CERN',
 'country': 'CH',
 'country_name': 'Switzerland',
 'identifiers': [{'identifier': '03yrm5c26', 'scheme': 'ror'}],
 'location_name': 'Geneva',
 'name': 'Updated Name',
 'pid': '01ggx4157',
 'status': 'active',
 'title': {'en': 'Test affiliation', 'es': 'Afiliacion de test'},
 'types': ['facility', 'funder']}
kwargs     = {'format_checker': None,
 'resolver': &lt;invenio_records.resolver.InvenioRefResolver object at 0x7f47ec021a90&gt;}
schema     = {'$ref': 'local://affiliations/affiliation-v1.0.0.json'}
validator  = Draft202012Validator(schema={'$ref': 'local://affi...n-v1.0.0.json'}, format_checker=None)

.venv/lib/python3.12/site-packages/jsonschema/validators.py:1332: ValidationError</failure></testcase><testcase classname="tests.contrib.affiliations.test_affiliations_datastreams" name="test_affiliations_service_writer_update_non_existing" time="1.409"><failure message="jsonschema.exceptions.ValidationError: Additional properties are not allowed ('pid' was unexpected)&#10;&#10;Failed validating 'additionalProperties' in schema:&#10;    {'$schema': 'http://json-schema.org/draft-07/schema#',&#10;     '$id': 'local://affiliations/affiliation-v1.0.0.json',&#10;     'type': 'object',&#10;     'additionalProperties': False,&#10;     'properties': {'$schema': {'$ref': 'local://definitions-v1.0.0.json#/$schema'},&#10;                    'tags': {'$ref': 'local://vocabularies/definitions-v1.0.0.json#/tags'},&#10;                    'country': {'type': 'string',&#10;                                'description': &quot;Represents a affiliation's &quot;&#10;                                               'country as a country '&#10;                                               'code.'},&#10;                    'country_name': {'type': 'string',&#10;                                     'description': 'Represents a '&#10;                                                    &quot;affiliation's country &quot;&#10;                                                    'as a full name.'},&#10;                    'location_name': {'type': 'string',&#10;                                      'description': 'Represents a '&#10;                                                     &quot;affiliation's &quot;&#10;                                                     'location name '&#10;                                                     '(usually a city).'},&#10;                    'acronym': {'type': 'string'},&#10;                    'identifiers': {'description': 'Alternate identifiers '&#10;                                                   'for the record.',&#10;                                    'type': 'array',&#10;                                    'items': {'$ref': 'local://definitions-v1.0.0.json#/identifiers_with_scheme'},&#10;                                    'uniqueItems': True},&#10;                    'status': {'type': 'string',&#10;                               'description': 'Status of the affiliation '&#10;                                              'organization.'},&#10;                    'aliases': {'description': 'Alternate names for the '&#10;                                               'affiliation.',&#10;                                'type': 'array',&#10;                                'items': {'type': 'string'},&#10;                                'uniqueItems': True},&#10;                    'types': {'description': 'Types of affiliation '&#10;                                             'organization.',&#10;                              'type': 'array',&#10;                              'items': {'type': 'string'},&#10;                              'uniqueItems': True},&#10;                    'name': {'type': 'string'},&#10;                    'title': {'$ref': 'local://vocabularies/definitions-v1.0.0.json#/title'}}}&#10;&#10;On instance:&#10;    {'name': 'New name',&#10;     'title': {'en': 'Test affiliation', 'es': 'Afiliacion de test'},&#10;     'types': ['facility', 'funder'],&#10;     'status': 'active',&#10;     '$schema': 'local://affiliations/affiliation-v1.0.0.json',&#10;     'acronym': 'CERN',&#10;     'country': 'CH',&#10;     'identifiers': [{'identifier': '03yrm5c26', 'scheme': 'ror'}],&#10;     'country_name': 'Switzerland',&#10;     'location_name': 'Geneva',&#10;     'pid': '01ggx4157'}">app = &lt;Flask 'invenio'&gt;
search_clear = &lt;OpenSearch([{'host': 'localhost', 'port': 9200}])&gt;
affiliation_full_data = {'acronym': 'CERN', 'country': 'CH', 'country_name': 'Switzerland', 'id': '01ggx4157', ...}
service = &lt;invenio_records_resources.factories.factory.AffiliationService object at 0x7f47ed365970&gt;

    def test_affiliations_service_writer_update_non_existing(
        app, search_clear, affiliation_full_data, service
    ):
        """Test creating a new affiliation when updating a non-existing entry."""
        # vocabulary item not created, call update directly
        updated_affiliation = deepcopy(affiliation_full_data)
        updated_affiliation["name"] = "New name"
        # check changes vocabulary
        writer = AffiliationsServiceWriter(update=True)
&gt;       affiliation_rec = writer.write(stream_entry=StreamEntry(updated_affiliation))
                          ^^^^^^^^^^^^^^^^^^^^^^^^^^^^^^^^^^^^^^^^^^^^^^^^^^^^^^^^^^^

affiliation_full_data = {'acronym': 'CERN',
 'country': 'CH',
 'country_name': 'Switzerland',
 'id': '01ggx4157',
 'identifiers': [{'identifier': '03yrm5c26', 'scheme': 'ror'}],
 'location_name': 'Geneva',
 'name': 'Test affiliation',
 'status': 'active',
 'title': {'en': 'Test affiliation', 'es': 'Afiliacion de test'},
 'types': ['facility', 'funder']}
app        = &lt;Flask 'invenio'&gt;
search_clear = &lt;OpenSearch([{'host': 'localhost', 'port': 9200}])&gt;
service    = &lt;invenio_records_resources.factories.factory.AffiliationService object at 0x7f47ed365970&gt;
updated_affiliation = {'acronym': 'CERN',
 'country': 'CH',
 'country_name': 'Switzerland',
 'id': '01ggx4157',
 'identifiers': [{'identifier': '03yrm5c26', 'scheme': 'ror'}],
 'location_name': 'Geneva',
 'name': 'New name',
 'status': 'active',
 'title': {'en': 'Test affiliation', 'es': 'Afiliacion de test'},
 'types': ['facility', 'funder']}
writer     = &lt;invenio_vocabularies.contrib.affiliations.datastreams.AffiliationsServiceWriter object at 0x7f47ec1aa9c0&gt;

tests/contrib/affiliations/test_affiliations_datastreams.py:167: 
_ _ _ _ _ _ _ _ _ _ _ _ _ _ _ _ _ _ _ _ _ _ _ _ _ _ _ _ _ _ _ _ _ _ _ _ _ _ _ _ 
invenio_vocabularies/datastreams/writers.py:115: in write
    return self._do_update(entry)
           ^^^^^^^^^^^^^^^^^^^^^^
        args       = ()
        entry      = {'acronym': 'CERN',
 'country': 'CH',
 'country_name': 'Switzerland',
 'id': '01ggx4157',
 'identifiers': [{'identifier': '03yrm5c26', 'scheme': 'ror'}],
 'location_name': 'Geneva',
 'name': 'New name',
 'status': 'active',
 'title': {'en': 'Test affiliation', 'es': 'Afiliacion de test'},
 'types': ['facility', 'funder']}
        kwargs     = {}
        self       = &lt;invenio_vocabularies.contrib.affiliations.datastreams.AffiliationsServiceWriter object at 0x7f47ec1aa9c0&gt;
        stream_entry = &lt;invenio_vocabularies.datastreams.datastreams.StreamEntry object at 0x7f47ec1a8830&gt;
invenio_vocabularies/datastreams/writers.py:97: in _do_update
    self._service.update(self._identity, vocab_id, updated), op_type="update"
    ^^^^^^^^^^^^^^^^^^^^^^^^^^^^^^^^^^^^^^^^^^^^^^^^^^^^^^^
        current    = &lt;invenio_records_resources.services.records.results.RecordItem object at 0x7f47ec1aa2a0&gt;
        entry      = {'acronym': 'CERN',
 'country': 'CH',
 'country_name': 'Switzerland',
 'id': '01ggx4157',
 'identifiers': [{'identifier': '03yrm5c26', 'scheme': 'ror'}],
 'location_name': 'Geneva',
 'name': 'New name',
 'status': 'active',
 'title': {'en': 'Test affiliation', 'es': 'Afiliacion de test'},
 'types': ['facility', 'funder']}
        self       = &lt;invenio_vocabularies.contrib.affiliations.datastreams.AffiliationsServiceWriter object at 0x7f47ec1aa9c0&gt;
        updated    = {'acronym': 'CERN',
 'country': 'CH',
 'country_name': 'Switzerland',
 'created': '2025-11-18T12:43:05.555924+00:00',
 'id': '01ggx4157',
 'identifiers': [{'identifier': '03yrm5c26', 'scheme': 'ror'}],
 'links': {'self': 'https://127.0.0.1:5000/api/affiliations/01ggx4157'},
 'location_name': 'Geneva',
 'name': 'New name',
 'revision_id': 2,
 'status': 'active',
 'title': {'en': 'Test affiliation', 'es': 'Afiliacion de test'},
 'types': ['facility', 'funder'],
 'updated': '2025-11-18T12:43:05.562639+00:00'}
        vocab_id   = '01ggx4157'
.venv/lib/python3.12/site-packages/invenio_db/uow.py:251: in inner
    res = f(self, *args, **kwargs)
          ^^^^^^^^^^^^^^^^^^^^^^^^
        args       = (&lt;Identity id="system" auth_type="None" provides={Need(method='system_role', value='system_process')}&gt;,
 '01ggx4157',
 {'acronym': 'CERN',
  'country': 'CH',
  'country_name': 'Switzerland',
  'created': '2025-11-18T12:43:05.555924+00:00',
  'id': '01ggx4157',
  'identifiers': [{'identifier': '03yrm5c26', 'scheme': 'ror'}],
  'links': {'self': 'https://127.0.0.1:5000/api/affiliations/01ggx4157'},
  'location_name': 'Geneva',
  'name': 'New name',
  'revision_id': 2,
  'status': 'active',
  'title': {'en': 'Test affiliation', 'es': 'Afiliacion de test'},
  'types': ['facility', 'funder'],
  'updated': '2025-11-18T12:43:05.562639+00:00'})
        f          = &lt;function RecordService.update at 0x7f47ef60f6a0&gt;
        kwargs     = {'uow': &lt;invenio_db.uow.UnitOfWork object at 0x7f47ec020350&gt;}
        self       = &lt;invenio_records_resources.factories.factory.AffiliationService object at 0x7f47ed365970&gt;
        uow        = &lt;invenio_db.uow.UnitOfWork object at 0x7f47ec020350&gt;
.venv/lib/python3.12/site-packages/invenio_records_resources/services/records/service.py:495: in update
    uow.register(RecordCommitOp(record, self.indexer))
        _          = []
        data       = {'acronym': 'CERN',
 'country': 'CH',
 'country_name': 'Switzerland',
 'identifiers': [{'identifier': '03yrm5c26', 'scheme': 'ror'}],
 'location_name': 'Geneva',
 'name': 'New name',
 'pid': '01ggx4157',
 'status': 'active',
 'title': {'en': 'Test affiliation', 'es': 'Afiliacion de test'},
 'types': ['facility', 'funder']}
        expand     = False
        id_        = '01ggx4157'
        identity   = &lt;Identity id="system" auth_type="None" provides={Need(method='system_role', value='system_process')}&gt;
        record     = {'$schema': 'local://affiliations/affiliation-v1.0.0.json',
 'acronym': 'CERN',
 'country': 'CH',
 'country_name': 'Switzerland',
 'identifiers': [{'identifier': '03yrm5c26', 'scheme': 'ror'}],
 'location_name': 'Geneva',
 'name': 'New name',
 'pid': '01ggx4157',
 'status': 'active',
 'title': {'en': 'Test affiliation', 'es': 'Afiliacion de test'},
 'types': ['facility', 'funder']}
        revision_id = None
        self       = &lt;invenio_records_resources.factories.factory.AffiliationService object at 0x7f47ed365970&gt;
        uow        = &lt;invenio_db.uow.UnitOfWork object at 0x7f47ec020350&gt;
.venv/lib/python3.12/site-packages/invenio_db/uow.py:224: in register
    op.on_register(self)
        op         = &lt;invenio_records_resources.services.uow.RecordCommitOp object at 0x7f47ec023ef0&gt;
        self       = &lt;invenio_db.uow.UnitOfWork object at 0x7f47ec020350&gt;
.venv/lib/python3.12/site-packages/invenio_records_resources/services/uow.py:136: in on_register
    self._record.commit()
        self       = &lt;invenio_records_resources.services.uow.RecordCommitOp object at 0x7f47ec023ef0&gt;
        uow        = &lt;invenio_db.uow.UnitOfWork object at 0x7f47ec020350&gt;
.venv/lib/python3.12/site-packages/invenio_records/api.py:454: in commit
    json = self._validate(format_checker=format_checker, validator=validator)
           ^^^^^^^^^^^^^^^^^^^^^^^^^^^^^^^^^^^^^^^^^^^^^^^^^^^^^^^^^^^^^^^^^^
        e          = &lt;invenio_records.systemfields.base.SystemFieldsExt object at 0x7f47ee56c470&gt;
        format_checker = None
        kwargs     = {}
        self       = {'$schema': 'local://affiliations/affiliation-v1.0.0.json',
 'acronym': 'CERN',
 'country': 'CH',
 'country_name': 'Switzerland',
 'identifiers': [{'identifier': '03yrm5c26', 'scheme': 'ror'}],
 'location_name': 'Geneva',
 'name': 'New name',
 'pid': '01ggx4157',
 'status': 'active',
 'title': {'en': 'Test affiliation', 'es': 'Afiliacion de test'},
 'types': ['facility', 'funder']}
        validator  = None
.venv/lib/python3.12/site-packages/invenio_records/api.py:194: in _validate
    _records_state.validate(
        format_checker = None
        json       = {'$schema': 'local://affiliations/affiliation-v1.0.0.json',
 'acronym': 'CERN',
 'country': 'CH',
 'country_name': 'Switzerland',
 'identifiers': [{'identifier': '03yrm5c26', 'scheme': 'ror'}],
 'location_name': 'Geneva',
 'name': 'New name',
 'pid': '01ggx4157',
 'status': 'active',
 'title': {'en': 'Test affiliation', 'es': 'Afiliacion de test'},
 'types': ['facility', 'funder']}
        self       = {'$schema': 'local://affiliations/affiliation-v1.0.0.json',
 'acronym': 'CERN',
 'country': 'CH',
 'country_name': 'Switzerland',
 'identifiers': [{'identifier': '03yrm5c26', 'scheme': 'ror'}],
 'location_name': 'Geneva',
 'name': 'New name',
 'pid': '01ggx4157',
 'status': 'active',
 'title': {'en': 'Test affiliation', 'es': 'Afiliacion de test'},
 'types': ['facility', 'funder']}
        use_model  = False
        validator  = None
.venv/lib/python3.12/site-packages/invenio_records/ext.py:67: in validate
    return validate(data, schema, cls=validator_cls, resolver=resolver, **kwargs)
           ^^^^^^^^^^^^^^^^^^^^^^^^^^^^^^^^^^^^^^^^^^^^^^^^^^^^^^^^^^^^^^^^^^^^^^
        data       = {'$schema': 'local://affiliations/affiliation-v1.0.0.json',
 'acronym': 'CERN',
 'country': 'CH',
 'country_name': 'Switzerland',
 'identifiers': [{'identifier': '03yrm5c26', 'scheme': 'ror'}],
 'location_name': 'Geneva',
 'name': 'New name',
 'pid': '01ggx4157',
 'status': 'active',
 'title': {'en': 'Test affiliation', 'es': 'Afiliacion de test'},
 'types': ['facility', 'funder']}
        kwargs     = {'format_checker': None}
        refresolver_cls_kwargs = {'store': {'local://affiliations/affiliation-v1.0.0.json': {'$schema': 'http://json-schema.org/draft-07/schema#', '$id': 'local://affiliations/affiliation-v1.0.0.json', 'type': 'object', 'additionalProperties': False, 'properties': {'$schema': {'$ref': 'local://definitions-v1.0.0.json#/$schema'}, 'tags': {'$ref': 'local://vocabularies/definitions-v1.0.0.json#/tags'}, 'country': {'type': 'string', 'description': "Represents a affiliation's country as a country code."}, 'country_name': {'type': 'string', 'description': "Represents a affiliation's country as a full name."}, 'location_name': {'type': 'string', 'description': "Represents a affiliation's location name (usually a city)."}, 'acronym': {'type': 'string'}, 'identifiers': {'description': 'Alternate identifiers for the record.', 'type': 'array', 'items': {'$ref': 'local://definitions-v1.0.0.json#/identifiers_with_scheme'}, 'uniqueItems': True}, 'status': {'type': 'string', 'description': 'Status of the affiliation organization.'}, 'aliases': {'description': 'Alternate names for the affiliation.', 'type': 'array', 'items': {'type': 'string'}, 'uniqueItems': True}, 'types': {'description': 'Types of affiliation organization.', 'type': 'array', 'items': {'type': 'string'}, 'uniqueItems': True}, 'name': {'type': 'string'}, 'title': {'$ref': 'local://vocabularies/definitions-v1.0.0.json#/title'}}}, 'local://awards/award-v1.0.0.json': {'$schema': 'http://json-schema.org/draft-07/schema#', '$id': 'local://awards/award-v1.0.0.json', 'type': 'object', 'additionalProperties': False, 'properties': {'$schema': {'$ref': 'local://definitions-v1.0.0.json#/$schema'}, 'tags': {'$ref': 'local://vocabularies/definitions-v1.0.0.json#/tags'}, 'identifiers': {'description': 'Alternate identifiers for the award.', 'type': 'array', 'items': {'$ref': 'local://definitions-v1.0.0.json#/identifiers_with_scheme'}, 'uniqueItems': True}, 'number': {'type': 'string'}, 'title': {'$ref': 'local://vocabularies/definitions-v1.0.0.json#/title'}, 'funder': {'description': "Award's funder.", 'type': 'object', 'additionalProperties': False, 'properties': {'id': {'$ref': 'local://definitions-v1.0.0.json#/identifier'}, 'name': {'type': 'string'}}}, 'acronym': {'type': 'string'}, 'program': {'type': 'string'}, 'start_date': {'type': 'string'}, 'end_date': {'type': 'string'}, 'description': {'$ref': 'local://vocabularies/definitions-v1.0.0.json#/description'}, 'subjects': {'description': "Award's subjects.", 'type': 'array', 'properties': {'id': {'$ref': 'local://definitions-v1.0.0.json#/identifier'}, 'subject': {'description': 'Human readable label.', 'type': 'string'}}}, 'organizations': {'description': "Award's organizations.", 'type': 'array', 'items': {'type': 'object', 'additionalProperties': False, 'properties': {'scheme': {'description': 'Identifier of the organization scheme.', '$ref': 'local://definitions-v1.0.0.json#/identifier'}, 'id': {'description': 'Identifier of the organization for the given scheme.', '$ref': 'local://definitions-v1.0.0.json#/identifier'}, 'organization': {'description': 'Human readable label.', 'type': 'string'}}}}}}, 'local://funders/funder-v1.0.0.json': {'$schema': 'http://json-schema.org/draft-07/schema#', '$id': 'local://funders/funder-v1.0.0.json', 'type': 'object', 'additionalProperties': False, 'properties': {'$schema': {'$ref': 'local://definitions-v1.0.0.json#/$schema'}, 'tags': {'$ref': 'local://vocabularies/definitions-v1.0.0.json#/tags'}, 'country': {'type': 'string', 'description': "Represents a funder's origin country as a country code."}, 'country_name': {'type': 'string', 'description': "Represents a funder's origin country as a full name."}, 'location_name': {'type': 'string', 'description': "Represents a funder's location name (usually a city)."}, 'identifiers': {'description': 'Alternate identifiers for the record.', 'type': 'array', 'items': {'$ref': 'local://definitions-v1.0.0.json#/identifiers_with_scheme'}, 'uniqueItems': True}, 'name': {'type': 'string', 'description': 'Funders name.'}, 'acronym': {'type': 'string', 'description': 'Acronym for funders name.'}, 'status': {'type': 'string', 'description': 'Status of the funder.'}, 'aliases': {'description': 'Alternate names for the funder.', 'type': 'array', 'items': {'type': 'string'}, 'uniqueItems': True}, 'types': {'description': 'Types of funders.', 'type': 'array', 'items': {'type': 'string'}, 'uniqueItems': True}, 'title': {'$ref': 'local://vocabularies/definitions-v1.0.0.json#/title'}}}, 'local://vocabularies/definitions-v1.0.0.json': {'title': {'type': 'object', 'description': 'Title of vocabulary item. Keys are locale codes.', 'patternProperties': {'^[a-z]{2}$': {'type': 'string'}}}, 'description': {'type': 'object', 'description': 'Description of vocabulary item. Keys are locale codes.', 'patternProperties': {'^[a-z]{2}$': {'type': 'string'}}}, 'icon': {'type': 'string'}, 'tags': {'type': 'array', 'description': 'Tags for a vocabulary item.', 'items': {'type': 'string'}}}, 'local://vocabularies/vocabulary-v1.0.0.json': {'$schema': 'http://json-schema.org/draft-07/schema#', '$id': 'local://vocabularies/vocabulary-v1.0.0.json', 'type': 'object', 'additionalProperties': False, 'properties': {'$schema': {'$ref': 'local://definitions-v1.0.0.json#/$schema'}, 'description': {'type': 'object', 'description': 'Description of vocabulary item. Key are locale codes.', 'patternProperties': {'^[a-z]{2}$': {'type': 'string'}}}, 'icon': {'$ref': 'local://vocabularies/definitions-v1.0.0.json#/icon'}, 'id': {'$ref': 'local://definitions-v1.0.0.json#/identifier'}, 'pid': {'$ref': 'local://definitions-v1.0.0.json#/internal-pid'}, 'props': {'type': 'object', 'patternProperties': {'^.*$': {'type': 'string'}}}, 'tags': {'$ref': 'local://vocabularies/definitions-v1.0.0.json#/tags'}, 'title': {'$ref': 'local://vocabularies/definitions-v1.0.0.json#/title'}, 'type': {'type': 'object', 'additionalProperties': False, 'properties': {'id': {'type': 'string'}, 'pid_type': {'type': 'string'}}}}}, 'local://names/name-v1.0.0.json': {'$schema': 'http://json-schema.org/draft-07/schema#', '$id': 'local://names/name-v1.0.0.json', 'description': 'Names vocabulary.', 'type': 'object', 'additionalProperties': False, 'properties': {'$schema': {'$ref': 'local://definitions-v1.0.0.json#/$schema'}, 'tags': {'$ref': 'local://vocabularies/definitions-v1.0.0.json#/tags'}, 'scheme': {'description': 'Identifier of the name scheme.', '$ref': 'local://definitions-v1.0.0.json#/identifier'}, 'name': {'type': 'string'}, 'given_name': {'type': 'string'}, 'family_name': {'type': 'string'}, 'identifiers': {'description': 'Identifiers for the person.', 'type': 'array', 'items': {'$ref': 'local://definitions-v1.0.0.json#/identifiers_with_scheme'}, 'uniqueItems': True}, 'props': {'type': 'object', 'patternProperties': {'^.*$': {'oneOf': [{'type': 'string'}, {'type': 'boolean'}]}}}, 'affiliations': {'description': 'Affiliations of the person.', 'type': 'array', 'items': {'type': 'object', 'additionalProperties': False, 'properties': {'id': {'$ref': 'local://definitions-v1.0.0.json#/identifier'}, 'name': {'type': 'string'}}}, 'uniqueItems': True}}}, 'local://subjects/subject-v1.0.0.json': {'$schema': 'http://json-schema.org/draft-07/schema#', '$id': 'local://subjects/subject-v1.0.0.json', 'description': 'Subjects from specific vocabularies.', 'type': 'object', 'additionalProperties': False, 'properties': {'$schema': {'$ref': 'local://definitions-v1.0.0.json#/$schema'}, 'tags': {'$ref': 'local://vocabularies/definitions-v1.0.0.json#/tags'}, 'id': {'description': 'URI or classification code as identifier - globally unique among all subject schemes.', '$ref': 'local://definitions-v1.0.0.json#/identifier'}, 'pid': {'$ref': 'local://definitions-v1.0.0.json#/internal-pid'}, 'scheme': {'description': 'Identifier of the subject scheme.', '$ref': 'local://definitions-v1.0.0.json#/identifier'}, 'subject': {'description': 'Human readable label.', 'type': 'string'}, 'title': {'description': 'Human readable label in different languages.', '$ref': 'local://vocabularies/definitions-v1.0.0.json#/title'}, 'props': {'type': 'object', 'patternProperties': {'^.*$': {'oneOf': [{'type': 'string'}, {'type': 'array', 'items': {'type': 'string'}}]}}, 'additionalProperties': False}, 'identifiers': {'description': 'Alternate identifiers for the subject.', 'type': 'array', 'items': {'$ref': 'local://definitions-v2.0.0.json#/identifiers_with_scheme'}, 'uniqueItems': True}, 'synonyms': {'description': 'Synonyms of the subject label.', 'type': 'array', 'items': {'type': 'string'}, 'uniqueItems': True}}}, 'local://definitions-v2.0.0.json': {'$schema': {'type': 'string'}, 'entity_reference': {'description': 'Reference to an entity, with the type as key and ID as value', 'type': ['object', 'null'], 'additionalProperties': False, 'patternProperties': {'^[a-z_]+$': {'type': 'string'}}}, 'identifier': {'description': 'An identifier.', 'type': 'string'}, 'identifiers_with_scheme': {'description': 'Identifiers object with identifier value and scheme in separate keys.', 'type': 'object', 'additionalProperties': False, 'properties': {'identifier': {'$ref': '#/identifier'}, 'scheme': {'$ref': '#/scheme'}}}, 'files': {'type': 'object', 'description': 'A file storage for a record.', 'properties': {'enabled': {'description': 'Flag to determine if files are enabled.', 'type': 'boolean'}, 'default_preview': {'description': 'File to preview by default.', 'type': 'string'}, 'order': {'description': 'Order of files.', 'type': 'array', 'items': {'type': 'string'}}, 'count': {'description': 'Number of files.', 'type': 'number'}, 'mimetypes': {'description': 'MIME Types of files.', 'type': 'array', 'items': {'type': 'string'}}, 'totalbytes': {'description': 'Total size of all files.', 'type': 'number'}, 'types': {'description': 'File extensions.', 'type': 'array', 'items': {'type': 'string'}}, 'entries': {'description': 'List of files.', 'type': 'object', 'patternProperties': {'.+': {'$ref': 'local://definitions-v2.0.0.json#/file'}}, 'additionalProperties': False}}}, 'files-simple': {'type': 'object', 'description': 'A file storage for a record.', 'properties': {'enabled': {}, 'default_preview': {}, 'order': {}}}, 'file': {'type': 'object', 'additionalProperties': False, 'description': 'A file object.', 'properties': {'uuid': {'description': 'File record ID.', 'type': 'string'}, 'version_id': {'description': 'File record version ID.', 'type': 'number'}, 'object_version_id': {'description': 'Object version identifier.', 'type': 'string'}, 'file_id': {'$ref': 'local://definitions-v1.0.0.json#/identifier'}, 'metadata': {'description': 'File metadata.', 'type': 'object', 'additionalProperties': True}, 'mimetype': {'description': 'File MIMEType.', 'type': 'string'}, 'checksum': {'description': 'Checksum of the file.', 'type': 'string'}, 'ext': {'description': 'Checksum of the file.', 'type': 'string'}, 'size': {'description': 'Size of the file in bytes.', 'type': 'number'}, 'key': {'description': 'Key (filename) of the file.', 'type': 'string'}, 'access': {'description': 'Access properties of the file.', 'type': 'object', 'additionalProperties': False, 'properties': {'hidden': {'description': 'Control whether to hide the file in the UI.', 'type': 'boolean'}}}}}, 'internal-pid': {'type': 'object', 'description': 'An internal persistent identifier object.', 'additionalProperties': False, 'required': ['pk', 'status'], 'properties': {'pk': {'description': 'Primary key of the PID object.', 'type': 'integer'}, 'status': {'description': 'The status of the PID (from Invenio-PIDStore).', 'type': 'string', 'enum': ['N', 'K', 'R', 'M', 'D']}, 'pid_type': {'description': 'The type of the persistent identifier.', 'type': 'string'}, 'obj_type': {'description': 'The type of the associated object.', 'type': 'string'}}}, 'scheme': {'description': 'A scheme.', 'type': 'string'}}, 'local://definitions-v1.0.0.json': {'$schema': {'type': 'string'}, 'entity_reference': {'description': 'Reference to an entity, with the type as key and ID as value', 'type': ['object', 'null'], 'additionalProperties': False, 'patternProperties': {'^[a-z_]+$': {'type': 'string'}}}, 'identifier': {'description': 'An identifier.', 'type': 'string'}, 'identifiers_with_scheme': {'description': 'Identifiers object with identifier value and scheme in separate keys.', 'type': 'object', 'additionalProperties': False, 'properties': {'identifier': {'$ref': '#/identifier'}, 'scheme': {'$ref': '#/scheme'}}}, 'file': {'type': 'object', 'additionalProperties': False, 'description': 'A file object.', 'properties': {'version_id': {'description': 'Object version ID.', 'type': 'string'}, 'bucket_id': {'description': 'Object verison bucket ID.', 'type': 'string'}, 'mimetype': {'description': 'File MIMEType.', 'type': 'string'}, 'uri': {'description': 'File URI.', 'type': 'string'}, 'storage_class': {'description': 'File storage class.', 'type': 'string'}, 'checksum': {'description': 'Checksum of the file.', 'type': 'string'}, 'size': {'description': 'Size of the file in bytes.', 'type': 'number'}, 'key': {'description': 'Key (filename) of the file.', 'type': 'string'}, 'file_id': {'$ref': 'local://definitions-v1.0.0.json#/identifier'}}}, 'internal-pid': {'type': 'object', 'description': 'An internal persistent identifier object.', 'additionalProperties': False, 'required': ['pk', 'status'], 'properties': {'pk': {'description': 'Primary key of the PID object.', 'type': 'integer'}, 'status': {'description': 'The status of the PID (from Invenio-PIDStore).', 'type': 'string', 'enum': ['N', 'K', 'R', 'M', 'D']}, 'pid_type': {'description': 'The type of the persistent identifier.', 'type': 'string'}, 'obj_type': {'description': 'The type of the associated object.', 'type': 'string'}}}, 'scheme': {'description': 'A scheme.', 'type': 'string'}}, 'local://records/record-v1.0.0.json': {'$schema': 'http://json-schema.org/draft-07/schema#', 'id': 'local://test/records/record-v1.0.0.json', 'title': 'Test Record Schema v1.0.0', 'type': 'object', 'additionalProperties': False, 'properties': {'$schema': {'description': 'JSONSchema declaration.', 'type': 'string'}, 'tags': {'$ref': 'local://vocabularies/definitions-v1.0.0.json#/tags'}, 'id': {'description': 'Persistent record identifier (alphanumeric).', 'type': 'string'}, 'pid': {'type': 'object', 'additionalProperties': False, 'required': ['pk', 'status'], 'properties': {'pk': {'type': 'integer'}, 'status': {'type': 'string', 'enum': ['N', 'K', 'R', 'M', 'D']}}}, 'metadata': {'type': 'object', 'additionalProperties': False, 'properties': {'title': {'type': 'string'}, 'languages': {'type': 'array', 'items': {'type': 'object', 'properties': {'id': {'type': 'string'}}}}}}}}},
 'urljoin_cache': &lt;functools._lru_cache_wrapper object at 0x7f47ec0e8040&gt;}
        resolver   = &lt;invenio_records.resolver.InvenioRefResolver object at 0x7f47ec0234d0&gt;
        schema     = {'$ref': 'local://affiliations/affiliation-v1.0.0.json'}
        self       = &lt;invenio_records.ext._RecordsState object at 0x7f47ed9983b0&gt;
        validator_cls = &lt;class 'jsonschema.validators.Draft202012Validator'&gt;
_ _ _ _ _ _ _ _ _ _ _ _ _ _ _ _ _ _ _ _ _ _ _ _ _ _ _ _ _ _ _ _ _ _ _ _ _ _ _ _ 

instance = {'$schema': 'local://affiliations/affiliation-v1.0.0.json', 'acronym': 'CERN', 'country': 'CH', 'country_name': 'Switzerland', ...}
schema = {'$ref': 'local://affiliations/affiliation-v1.0.0.json'}
cls = &lt;class 'jsonschema.validators.Draft202012Validator'&gt;, args = ()
kwargs = {'format_checker': None, 'resolver': &lt;invenio_records.resolver.InvenioRefResolver object at 0x7f47ec0234d0&gt;}
validator = Draft202012Validator(schema={'$ref': 'local://affi...n-v1.0.0.json'}, format_checker=None)
error = &lt;ValidationError: "Additional properties are not allowed ('pid' was unexpected)"&gt;

    def validate(instance, schema, cls=None, *args, **kwargs):  # noqa: D417
        """
        Validate an instance under the given schema.
    
            &gt;&gt;&gt; validate([2, 3, 4], {"maxItems": 2})
            Traceback (most recent call last):
                ...
            ValidationError: [2, 3, 4] is too long
    
        :func:`~jsonschema.validators.validate` will first verify that the
        provided schema is itself valid, since not doing so can lead to less
        obvious error messages and fail in less obvious or consistent ways.
    
        If you know you have a valid schema already, especially
        if you intend to validate multiple instances with
        the same schema, you likely would prefer using the
        `jsonschema.protocols.Validator.validate` method directly on a
        specific validator (e.g. ``Draft202012Validator.validate``).
    
    
        Arguments:
    
            instance:
    
                The instance to validate
    
            schema:
    
                The schema to validate with
    
            cls (jsonschema.protocols.Validator):
    
                The class that will be used to validate the instance.
    
        If the ``cls`` argument is not provided, two things will happen
        in accordance with the specification. First, if the schema has a
        :kw:`$schema` keyword containing a known meta-schema [#]_ then the
        proper validator will be used. The specification recommends that
        all schemas contain :kw:`$schema` properties for this reason. If no
        :kw:`$schema` property is found, the default validator class is the
        latest released draft.
    
        Any other provided positional and keyword arguments will be passed
        on when instantiating the ``cls``.
    
        Raises:
    
            `jsonschema.exceptions.ValidationError`:
    
                if the instance is invalid
    
            `jsonschema.exceptions.SchemaError`:
    
                if the schema itself is invalid
    
        .. rubric:: Footnotes
        .. [#] known by a validator registered with
            `jsonschema.validators.validates`
    
        """
        if cls is None:
            cls = validator_for(schema)
    
        cls.check_schema(schema)
        validator = cls(schema, *args, **kwargs)
        error = exceptions.best_match(validator.iter_errors(instance))
        if error is not None:
&gt;           raise error
E           jsonschema.exceptions.ValidationError: Additional properties are not allowed ('pid' was unexpected)
E           
E           Failed validating 'additionalProperties' in schema:
E               {'$schema': 'http://json-schema.org/draft-07/schema#',
E                '$id': 'local://affiliations/affiliation-v1.0.0.json',
E                'type': 'object',
E                'additionalProperties': False,
E                'properties': {'$schema': {'$ref': 'local://definitions-v1.0.0.json#/$schema'},
E                               'tags': {'$ref': 'local://vocabularies/definitions-v1.0.0.json#/tags'},
E                               'country': {'type': 'string',
E                                           'description': "Represents a affiliation's "
E                                                          'country as a country '
E                                                          'code.'},
E                               'country_name': {'type': 'string',
E                                                'description': 'Represents a '
E                                                               "affiliation's country "
E                                                               'as a full name.'},
E                               'location_name': {'type': 'string',
E                                                 'description': 'Represents a '
E                                                                "affiliation's "
E                                                                'location name '
E                                                                '(usually a city).'},
E                               'acronym': {'type': 'string'},
E                               'identifiers': {'description': 'Alternate identifiers '
E                                                              'for the record.',
E                                               'type': 'array',
E                                               'items': {'$ref': 'local://definitions-v1.0.0.json#/identifiers_with_scheme'},
E                                               'uniqueItems': True},
E                               'status': {'type': 'string',
E                                          'description': 'Status of the affiliation '
E                                                         'organization.'},
E                               'aliases': {'description': 'Alternate names for the '
E                                                          'affiliation.',
E                                           'type': 'array',
E                                           'items': {'type': 'string'},
E                                           'uniqueItems': True},
E                               'types': {'description': 'Types of affiliation '
E                                                        'organization.',
E                                         'type': 'array',
E                                         'items': {'type': 'string'},
E                                         'uniqueItems': True},
E                               'name': {'type': 'string'},
E                               'title': {'$ref': 'local://vocabularies/definitions-v1.0.0.json#/title'}}}
E           
E           On instance:
E               {'name': 'New name',
E                'title': {'en': 'Test affiliation', 'es': 'Afiliacion de test'},
E                'types': ['facility', 'funder'],
E                'status': 'active',
E                '$schema': 'local://affiliations/affiliation-v1.0.0.json',
E                'acronym': 'CERN',
E                'country': 'CH',
E                'identifiers': [{'identifier': '03yrm5c26', 'scheme': 'ror'}],
E                'country_name': 'Switzerland',
E                'location_name': 'Geneva',
E                'pid': '01ggx4157'}

args       = ()
cls        = &lt;class 'jsonschema.validators.Draft202012Validator'&gt;
error      = &lt;ValidationError: "Additional properties are not allowed ('pid' was unexpected)"&gt;
instance   = {'$schema': 'local://affiliations/affiliation-v1.0.0.json',
 'acronym': 'CERN',
 'country': 'CH',
 'country_name': 'Switzerland',
 'identifiers': [{'identifier': '03yrm5c26', 'scheme': 'ror'}],
 'location_name': 'Geneva',
 'name': 'New name',
 'pid': '01ggx4157',
 'status': 'active',
 'title': {'en': 'Test affiliation', 'es': 'Afiliacion de test'},
 'types': ['facility', 'funder']}
kwargs     = {'format_checker': None,
 'resolver': &lt;invenio_records.resolver.InvenioRefResolver object at 0x7f47ec0234d0&gt;}
schema     = {'$ref': 'local://affiliations/affiliation-v1.0.0.json'}
validator  = Draft202012Validator(schema={'$ref': 'local://affi...n-v1.0.0.json'}, format_checker=None)

.venv/lib/python3.12/site-packages/jsonschema/validators.py:1332: ValidationError</failure></testcase><testcase classname="tests.contrib.affiliations.test_affiliations_datastreams" name="test_openaire_organization_transformer" time="0.002" /><testcase classname="tests.contrib.affiliations.test_affiliations_datastreams" name="test_openaire_affiliations_service_writer" time="1.329"><failure message="invenio_vocabularies.datastreams.errors.WriterError: [&quot;Vocabulary entry already exists: {'acronym': 'CERN', 'id': '01ggx4157', 'identifiers': [{'identifier': '03yrm5c26', 'scheme': 'ror'}], 'name': 'Test affiliation', 'title': {'en': 'Test affiliation', 'es': 'Afiliacion de test'}, 'country': 'CH', 'country_name': 'Switzerland', 'location_name': 'Geneva', 'status': 'active', 'types': ['facility', 'funder']}&quot;]">self = &lt;invenio_vocabularies.contrib.affiliations.datastreams.AffiliationsServiceWriter object at 0x7f47ec0cbd10&gt;
stream_entry = &lt;invenio_vocabularies.datastreams.datastreams.StreamEntry object at 0x7f47ec0caba0&gt;
args = (), kwargs = {}
entry = {'acronym': 'CERN', 'country': 'CH', 'country_name': 'Switzerland', 'id': '01ggx4157', ...}

    def write(self, stream_entry, *args, **kwargs):
        """Writes the input entry using a given service."""
        entry = stream_entry.entry
        current_app.logger.debug(f"Writing entry: {entry}")
    
        try:
            if self._insert:
                try:
                    current_app.logger.debug("Inserting entry.")
                    return StreamEntry(
&gt;                       self._service.create(self._identity, entry), op_type="create"
                        ^^^^^^^^^^^^^^^^^^^^^^^^^^^^^^^^^^^^^^^^^^^
                    )

args       = ()
entry      = {'acronym': 'CERN',
 'country': 'CH',
 'country_name': 'Switzerland',
 'id': '01ggx4157',
 'identifiers': [{'identifier': '03yrm5c26', 'scheme': 'ror'}],
 'location_name': 'Geneva',
 'name': 'Test affiliation',
 'status': 'active',
 'title': {'en': 'Test affiliation', 'es': 'Afiliacion de test'},
 'types': ['facility', 'funder']}
kwargs     = {}
self       = &lt;invenio_vocabularies.contrib.affiliations.datastreams.AffiliationsServiceWriter object at 0x7f47ec0cbd10&gt;
stream_entry = &lt;invenio_vocabularies.datastreams.datastreams.StreamEntry object at 0x7f47ec0caba0&gt;

invenio_vocabularies/datastreams/writers.py:110: 
_ _ _ _ _ _ _ _ _ _ _ _ _ _ _ _ _ _ _ _ _ _ _ _ _ _ _ _ _ _ _ _ _ _ _ _ _ _ _ _ 
.venv/lib/python3.12/site-packages/invenio_db/uow.py:251: in inner
    res = f(self, *args, **kwargs)
          ^^^^^^^^^^^^^^^^^^^^^^^^
        args       = (&lt;Identity id="system" auth_type="None" provides={Need(method='system_role', value='system_process')}&gt;,
 {'acronym': 'CERN',
  'country': 'CH',
  'country_name': 'Switzerland',
  'id': '01ggx4157',
  'identifiers': [{'identifier': '03yrm5c26', 'scheme': 'ror'}],
  'location_name': 'Geneva',
  'name': 'Test affiliation',
  'status': 'active',
  'title': {'en': 'Test affiliation', 'es': 'Afiliacion de test'},
  'types': ['facility', 'funder']})
        f          = &lt;function RecordService.create at 0x7f47ef60f100&gt;
        kwargs     = {'uow': &lt;invenio_db.uow.UnitOfWork object at 0x7f47ec0cb020&gt;}
        self       = &lt;invenio_records_resources.factories.factory.AffiliationService object at 0x7f47ed365970&gt;
        uow        = &lt;invenio_db.uow.UnitOfWork object at 0x7f47ec0cb020&gt;
.venv/lib/python3.12/site-packages/invenio_records_resources/services/records/service.py:329: in create
    return self._create(self.record_cls, identity, data, uow=uow, expand=expand)
           ^^^^^^^^^^^^^^^^^^^^^^^^^^^^^^^^^^^^^^^^^^^^^^^^^^^^^^^^^^^^^^^^^^^^^
        data       = {'acronym': 'CERN',
 'country': 'CH',
 'country_name': 'Switzerland',
 'id': '01ggx4157',
 'identifiers': [{'identifier': '03yrm5c26', 'scheme': 'ror'}],
 'location_name': 'Geneva',
 'name': 'Test affiliation',
 'status': 'active',
 'title': {'en': 'Test affiliation', 'es': 'Afiliacion de test'},
 'types': ['facility', 'funder']}
        expand     = False
        identity   = &lt;Identity id="system" auth_type="None" provides={Need(method='system_role', value='system_process')}&gt;
        self       = &lt;invenio_records_resources.factories.factory.AffiliationService object at 0x7f47ed365970&gt;
        uow        = &lt;invenio_db.uow.UnitOfWork object at 0x7f47ec0cb020&gt;
.venv/lib/python3.12/site-packages/invenio_db/uow.py:255: in inner
    return f(self, *args, **kwargs)
           ^^^^^^^^^^^^^^^^^^^^^^^^
[...]
time="0.007" /><testcase classname="invenio_vocabularies.contrib.subjects.__init__" name="black" time="0.166" /><testcase classname="invenio_vocabularies.contrib.subjects.api" name="PYDOCSTYLE" time="0.003" /><testcase classname="invenio_vocabularies.contrib.subjects.api" name="ISORT" time="0.006" /><testcase classname="invenio_vocabularies.contrib.subjects.api" name="black" time="0.165" /><testcase classname="invenio_vocabularies.contrib.subjects.config" name="PYDOCSTYLE" time="0.007" /><testcase classname="invenio_vocabularies.contrib.subjects.config" name="ISORT" time="0.022" /><testcase classname="invenio_vocabularies.contrib.subjects.config" name="black" time="0.178" /><testcase classname="invenio_vocabularies.contrib.subjects.datastreams" name="PYDOCSTYLE" time="0.006" /><testcase classname="invenio_vocabularies.contrib.subjects.datastreams" name="ISORT" time="0.016" /><testcase classname="invenio_vocabularies.contrib.subjects.datastreams" name="black" time="0.174" /><testcase classname="invenio_vocabularies.contrib.subjects.euroscivoc.__init__" name="PYDOCSTYLE" time="0.003" /><testcase classname="invenio_vocabularies.contrib.subjects.euroscivoc.__init__" name="ISORT" time="0.004" /><testcase classname="invenio_vocabularies.contrib.subjects.euroscivoc.__init__" name="black" time="0.163" /><testcase classname="invenio_vocabularies.contrib.subjects.euroscivoc.datastreams" name="PYDOCSTYLE" time="0.008" /><testcase classname="invenio_vocabularies.contrib.subjects.euroscivoc.datastreams" name="ISORT" time="0.018" /><testcase classname="invenio_vocabularies.contrib.subjects.euroscivoc.datastreams" name="black" time="0.181" /><testcase classname="invenio_vocabularies.contrib.subjects.facets" name="PYDOCSTYLE" time="0.004" /><testcase classname="invenio_vocabularies.contrib.subjects.facets" name="ISORT" time="0.006" /><testcase classname="invenio_vocabularies.contrib.subjects.facets" name="black" time="0.165" /><testcase classname="invenio_vocabularies.contrib.subjects.gemet.__init__" name="PYDOCSTYLE" time="0.003" /><testcase classname="invenio_vocabularies.contrib.subjects.gemet.__init__" name="ISORT" time="0.004" /><testcase classname="invenio_vocabularies.contrib.subjects.gemet.__init__" name="black" time="0.167" /><testcase classname="invenio_vocabularies.contrib.subjects.gemet.datastreams" name="PYDOCSTYLE" time="0.012" /><testcase classname="invenio_vocabularies.contrib.subjects.gemet.datastreams" name="ISORT" time="0.026" /><testcase classname="invenio_vocabularies.contrib.subjects.gemet.datastreams" name="black" time="0.189" /><testcase classname="invenio_vocabularies.contrib.subjects.jsonschemas.__init__" name="PYDOCSTYLE" time="0.003" /><testcase classname="invenio_vocabularies.contrib.subjects.jsonschemas.__init__" name="ISORT" time="0.005" /><testcase classname="invenio_vocabularies.contrib.subjects.jsonschemas.__init__" name="black" time="0.163" /><testcase classname="invenio_vocabularies.contrib.subjects.mappings.__init__" name="PYDOCSTYLE" time="0.003" /><testcase classname="invenio_vocabularies.contrib.subjects.mappings.__init__" name="ISORT" time="0.004" /><testcase classname="invenio_vocabularies.contrib.subjects.mappings.__init__" name="black" time="0.167" /><testcase classname="invenio_vocabularies.contrib.subjects.mappings.os-v1.__init__" name="PYDOCSTYLE" time="0.003" /><testcase classname="invenio_vocabularies.contrib.subjects.mappings.os-v1.__init__" name="ISORT" time="0.004" /><testcase classname="invenio_vocabularies.contrib.subjects.mappings.os-v1.__init__" name="black" time="0.169" /><testcase classname="invenio_vocabularies.contrib.subjects.mappings.os-v2.__init__" name="PYDOCSTYLE" time="0.003" /><testcase classname="invenio_vocabularies.contrib.subjects.mappings.os-v2.__init__" name="ISORT" time="0.004" /><testcase classname="invenio_vocabularies.contrib.subjects.mappings.os-v2.__init__" name="black" time="0.174" /><testcase classname="invenio_vocabularies.contrib.subjects.mappings.v7.__init__" name="PYDOCSTYLE" time="0.005" /><testcase classname="invenio_vocabularies.contrib.subjects.mappings.v7.__init__" name="ISORT" time="0.005" /><testcase classname="invenio_vocabularies.contrib.subjects.mappings.v7.__init__" name="black" time="0.164" /><testcase classname="invenio_vocabularies.contrib.subjects.mesh.__init__" name="PYDOCSTYLE" time="0.003" /><testcase classname="invenio_vocabularies.contrib.subjects.mesh.__init__" name="ISORT" time="0.004" /><testcase classname="invenio_vocabularies.contrib.subjects.mesh.__init__" name="black" time="0.166" /><testcase classname="invenio_vocabularies.contrib.subjects.mesh.datastreams" name="PYDOCSTYLE" time="0.005" /><testcase classname="invenio_vocabularies.contrib.subjects.mesh.datastreams" name="ISORT" time="0.012" /><testcase classname="invenio_vocabularies.contrib.subjects.mesh.datastreams" name="black" time="0.172" /><testcase classname="invenio_vocabularies.contrib.subjects.models" name="PYDOCSTYLE" time="0.003" /><testcase classname="invenio_vocabularies.contrib.subjects.models" name="ISORT" time="0.006" /><testcase classname="invenio_vocabularies.contrib.subjects.models" name="black" time="0.164" /><testcase classname="invenio_vocabularies.contrib.subjects.nvs.__init__" name="PYDOCSTYLE" time="0.003" /><testcase classname="invenio_vocabularies.contrib.subjects.nvs.__init__" name="ISORT" time="0.004" /><testcase classname="invenio_vocabularies.contrib.subjects.nvs.__init__" name="black" time="0.165" /><testcase classname="invenio_vocabularies.contrib.subjects.nvs.datastreams" name="PYDOCSTYLE" time="0.010" /><testcase classname="invenio_vocabularies.contrib.subjects.nvs.datastreams" name="ISORT" time="0.023" /><testcase classname="invenio_vocabularies.contrib.subjects.nvs.datastreams" name="black" time="0.184" /><testcase classname="invenio_vocabularies.contrib.subjects.resources" name="PYDOCSTYLE" time="0.003" /><testcase classname="invenio_vocabularies.contrib.subjects.resources" name="ISORT" time="0.006" /><testcase classname="invenio_vocabularies.contrib.subjects.resources" name="black" time="0.167" /><testcase classname="invenio_vocabularies.contrib.subjects.schema" name="PYDOCSTYLE" time="0.010" /><testcase classname="invenio_vocabularies.contrib.subjects.schema" name="ISORT" time="0.027" /><testcase classname="invenio_vocabularies.contrib.subjects.schema" name="black" time="0.182" /><testcase classname="invenio_vocabularies.contrib.subjects.services" name="PYDOCSTYLE" time="0.005" /><testcase classname="invenio_vocabularies.contrib.subjects.services" name="ISORT" time="0.010" /><testcase classname="invenio_vocabularies.contrib.subjects.services" name="black" time="0.170" /><testcase classname="invenio_vocabularies.contrib.subjects.subjects" name="PYDOCSTYLE" time="0.006" /><testcase classname="invenio_vocabularies.contrib.subjects.subjects" name="ISORT" time="0.018" /><testcase classname="invenio_vocabularies.contrib.subjects.subjects" name="black" time="0.176" /><testcase classname="invenio_vocabularies.datastreams.__init__" name="PYDOCSTYLE" time="0.004" /><testcase classname="invenio_vocabularies.datastreams.__init__" name="ISORT" time="0.007" /><testcase classname="invenio_vocabularies.datastreams.__init__" name="black" time="0.188" /><testcase classname="invenio_vocabularies.datastreams.datastreams" name="PYDOCSTYLE" time="0.026" /><testcase classname="invenio_vocabularies.datastreams.datastreams" name="ISORT" time="0.045" /><testcase classname="invenio_vocabularies.datastreams.datastreams" name="black" time="0.214" /><testcase classname="invenio_vocabularies.datastreams.errors" name="PYDOCSTYLE" time="0.005" /><testcase classname="invenio_vocabularies.datastreams.errors" name="ISORT" time="0.007" /><testcase classname="invenio_vocabularies.datastreams.errors" name="black" time="0.168" /><testcase classname="invenio_vocabularies.datastreams.factories" name="PYDOCSTYLE" time="0.009" /><testcase classname="invenio_vocabularies.datastreams.factories" name="ISORT" time="0.017" /><testcase classname="invenio_vocabularies.datastreams.factories" name="black" time="0.178" /><testcase classname="invenio_vocabularies.datastreams.readers" name="PYDOCSTYLE" time="0.045" /><testcase classname="invenio_vocabularies.datastreams.readers" name="ISORT" time="0.077" /><testcase classname="invenio_vocabularies.datastreams.readers" name="black" time="0.259" /><testcase classname="invenio_vocabularies.datastreams.tasks" name="PYDOCSTYLE" time="0.011" /><testcase classname="invenio_vocabularies.datastreams.tasks" name="ISORT" time="0.025" /><testcase classname="invenio_vocabularies.datastreams.tasks" name="black" time="0.199" /><testcase classname="invenio_vocabularies.datastreams.transformers" name="PYDOCSTYLE" time="0.015" /><testcase classname="invenio_vocabularies.datastreams.transformers" name="ISORT" time="0.026" /><testcase classname="invenio_vocabularies.datastreams.transformers" name="black" time="0.190" /><testcase classname="invenio_vocabularies.datastreams.writers" name="PYDOCSTYLE" time="0.023" /><testcase classname="invenio_vocabularies.datastreams.writers" name="ISORT" time="0.042" /><testcase classname="invenio_vocabularies.datastreams.writers" name="black" time="0.206" /><testcase classname="invenio_vocabularies.datastreams.xml" name="PYDOCSTYLE" time="0.006" /><testcase classname="invenio_vocabularies.datastreams.xml" name="ISORT" time="0.009" /><testcase classname="invenio_vocabularies.datastreams.xml" name="black" time="0.173" /><testcase classname="invenio_vocabularies.ext" name="PYDOCSTYLE" time="0.017" /><testcase classname="invenio_vocabularies.ext" name="ISORT" time="0.028" /><testcase classname="invenio_vocabularies.ext" name="black" time="0.198" /><testcase classname="invenio_vocabularies.factories" name="PYDOCSTYLE" time="0.017" /><testcase classname="invenio_vocabularies.factories" name="ISORT" time="0.035" /><testcase classname="invenio_vocabularies.factories" name="black" time="0.195" /><testcase classname="invenio_vocabularies.fixtures" name="PYDOCSTYLE" time="0.008" /><testcase classname="invenio_vocabularies.fixtures" name="ISORT" time="0.013" /><testcase classname="invenio_vocabularies.fixtures" name="black" time="0.176" /><testcase classname="invenio_vocabularies.jobs" name="PYDOCSTYLE" time="0.016" /><testcase classname="invenio_vocabularies.jobs" name="ISORT" time="0.037" /><testcase classname="invenio_vocabularies.jobs" name="black" time="0.205" /><testcase classname="invenio_vocabularies.proxies" name="PYDOCSTYLE" time="0.004" /><testcase classname="invenio_vocabularies.proxies" name="ISORT" time="0.009" /><testcase classname="invenio_vocabularies.proxies" name="black" time="0.173" /><testcase classname="invenio_vocabularies.records.__init__" name="PYDOCSTYLE" time="0.003" /><testcase classname="invenio_vocabularies.records.__init__" name="ISORT" time="0.005" /><testcase classname="invenio_vocabularies.records.__init__" name="black" time="0.167" /><testcase classname="invenio_vocabularies.records.api" name="PYDOCSTYLE" time="0.005" /><testcase classname="invenio_vocabularies.records.api" name="ISORT" time="0.016" /><testcase classname="invenio_vocabularies.records.api" name="black" time="0.175" /><testcase classname="invenio_vocabularies.records.jsonschemas.__init__" name="PYDOCSTYLE" time="0.004" /><testcase classname="invenio_vocabularies.records.jsonschemas.__init__" name="ISORT" time="0.004" /><testcase classname="invenio_vocabularies.records.jsonschemas.__init__" name="black" time="0.165" /><testcase classname="invenio_vocabularies.records.mappings.__init__" name="PYDOCSTYLE" time="0.004" /><testcase classname="invenio_vocabularies.records.mappings.__init__" name="ISORT" time="0.004" /><testcase classname="invenio_vocabularies.records.mappings.__init__" name="black" time="0.166" /><testcase classname="invenio_vocabularies.records.mappings.os-v1.__init__" name="PYDOCSTYLE" time="0.003" /><testcase classname="invenio_vocabularies.records.mappings.os-v1.__init__" name="ISORT" time="0.004" /><testcase classname="invenio_vocabularies.records.mappings.os-v1.__init__" name="black" time="0.164" /><testcase classname="invenio_vocabularies.records.mappings.os-v2.__init__" name="PYDOCSTYLE" time="0.004" /><testcase classname="invenio_vocabularies.records.mappings.os-v2.__init__" name="ISORT" time="0.004" /><testcase classname="invenio_vocabularies.records.mappings.os-v2.__init__" name="black" time="0.164" /><testcase classname="invenio_vocabularies.records.mappings.v7.__init__" name="PYDOCSTYLE" time="0.004" /><testcase classname="invenio_vocabularies.records.mappings.v7.__init__" name="ISORT" time="0.004" /><testcase classname="invenio_vocabularies.records.mappings.v7.__init__" name="black" time="0.164" /><testcase classname="invenio_vocabularies.records.models" name="PYDOCSTYLE" time="0.010" /><testcase classname="invenio_vocabularies.records.models" name="ISORT" time="0.018" /><testcase classname="invenio_vocabularies.records.models" name="black" time="0.183" /><testcase classname="invenio_vocabularies.records.pidprovider" name="PYDOCSTYLE" time="0.010" /><testcase classname="invenio_vocabularies.records.pidprovider" name="ISORT" time="0.020" /><testcase classname="invenio_vocabularies.records.pidprovider" name="black" time="0.184" /><testcase classname="invenio_vocabularies.records.systemfields.__init__" name="PYDOCSTYLE" time="0.004" /><testcase classname="invenio_vocabularies.records.systemfields.__init__" name="ISORT" time="0.006" /><testcase classname="invenio_vocabularies.records.systemfields.__init__" name="black" time="0.168" /><testcase classname="invenio_vocabularies.records.systemfields.pid" name="PYDOCSTYLE" time="0.011" /><testcase classname="invenio_vocabularies.records.systemfields.pid" name="ISORT" time="0.022" /><testcase classname="invenio_vocabularies.records.systemfields.pid" name="black" time="0.180" /><testcase classname="invenio_vocabularies.records.systemfields.relations" name="PYDOCSTYLE" time="0.008" /><testcase classname="invenio_vocabularies.records.systemfields.relations" name="ISORT" time="0.013" /><testcase classname="invenio_vocabularies.records.systemfields.relations" name="black" time="0.170" /><testcase classname="invenio_vocabularies.resources.__init__" name="PYDOCSTYLE" time="0.004" /><testcase classname="invenio_vocabularies.resources.__init__" name="ISORT" time="0.009" /><testcase classname="invenio_vocabularies.resources.__init__" name="black" time="0.170" /><testcase classname="invenio_vocabularies.resources.config" name="PYDOCSTYLE" time="0.008" /><testcase classname="invenio_vocabularies.resources.config" name="ISORT" time="0.024" /><testcase classname="invenio_vocabularies.resources.config" name="black" time="0.182" /><testcase classname="invenio_vocabularies.resources.resource" name="PYDOCSTYLE" time="0.015" /><testcase classname="invenio_vocabularies.resources.resource" name="ISORT" time="0.032" /><testcase classname="invenio_vocabularies.resources.resource" name="black" time="0.189" /><testcase classname="invenio_vocabularies.resources.schema" name="PYDOCSTYLE" time="0.004" /><testcase classname="invenio_vocabularies.resources.schema" name="ISORT" time="0.009" /><testcase classname="invenio_vocabularies.resources.schema" name="black" time="0.170" /><testcase classname="invenio_vocabularies.resources.serializer" name="PYDOCSTYLE" time="0.006" /><testcase classname="invenio_vocabularies.resources.serializer" name="ISORT" time="0.013" /><testcase classname="invenio_vocabularies.resources.serializer" name="black" time="0.175" /><testcase classname="invenio_vocabularies.services.__init__" name="PYDOCSTYLE" time="0.004" /><testcase classname="invenio_vocabularies.services.__init__" name="ISORT" time="0.007" /><testcase classname="invenio_vocabularies.services.__init__" name="black" time="0.169" /><testcase classname="invenio_vocabularies.services.components" name="PYDOCSTYLE" time="0.008" /><testcase classname="invenio_vocabularies.services.components" name="ISORT" time="0.016" /><testcase classname="invenio_vocabularies.services.components" name="black" time="0.182" /><testcase classname="invenio_vocabularies.services.config" name="PYDOCSTYLE" time="0.012" /><testcase classname="invenio_vocabularies.services.config" name="ISORT" time="0.036" /><testcase classname="invenio_vocabularies.services.config" name="black" time="0.196" /><testcase classname="invenio_vocabularies.services.custom_fields.__init__" name="PYDOCSTYLE" time="0.004" /><testcase classname="invenio_vocabularies.services.custom_fields.__init__" name="ISORT" time="0.007" /><testcase classname="invenio_vocabularies.services.custom_fields.__init__" name="black" time="0.174" /><testcase classname="invenio_vocabularies.services.custom_fields.subject" name="PYDOCSTYLE" time="0.008" /><testcase classname="invenio_vocabularies.services.custom_fields.subject" name="ISORT" time="0.018" /><testcase classname="invenio_vocabularies.services.custom_fields.subject" name="black" time="0.178" /><testcase classname="invenio_vocabularies.services.custom_fields.vocabulary" name="PYDOCSTYLE" time="0.010" /><testcase classname="invenio_vocabularies.services.custom_fields.vocabulary" name="ISORT" time="0.021" /><testcase classname="invenio_vocabularies.services.custom_fields.vocabulary" name="black" time="0.188" /><testcase classname="invenio_vocabularies.services.facets" name="PYDOCSTYLE" time="0.013" /><testcase classname="invenio_vocabularies.services.facets" name="ISORT" time="0.026" /><testcase classname="invenio_vocabularies.services.facets" name="black" time="0.190" /><testcase classname="invenio_vocabularies.services.generators" name="PYDOCSTYLE" time="0.007" /><testcase classname="invenio_vocabularies.services.generators" name="ISORT" time="0.012" /><testcase classname="invenio_vocabularies.services.generators" name="black" time="0.172" /><testcase classname="invenio_vocabularies.services.permissions" name="PYDOCSTYLE" time="0.005" /><testcase classname="invenio_vocabularies.services.permissions" name="ISORT" time="0.011" /><testcase classname="invenio_vocabularies.services.permissions" name="black" time="0.172" /><testcase classname="invenio_vocabularies.services.querystr" name="PYDOCSTYLE" time="0.008" /><testcase classname="invenio_vocabularies.services.querystr" name="ISORT" time="0.015" /><testcase classname="invenio_vocabularies.services.querystr" name="black" time="0.181" /><testcase classname="invenio_vocabularies.services.results" name="PYDOCSTYLE" time="0.012" /><testcase classname="invenio_vocabularies.services.results" name="ISORT" time="0.023" /><testcase classname="invenio_vocabularies.services.results" name="black" time="0.189" /><testcase classname="invenio_vocabularies.services.schema" name="PYDOCSTYLE" time="0.015" /><testcase classname="invenio_vocabularies.services.schema" name="ISORT" time="0.030" /><testcase classname="invenio_vocabularies.services.schema" name="black" time="0.194" /><testcase classname="invenio_vocabularies.services.service" name="PYDOCSTYLE" time="0.018" /><testcase classname="invenio_vocabularies.services.service" name="ISORT" time="0.036" /><testcase classname="invenio_vocabularies.services.service" name="black" time="0.202" /><testcase classname="invenio_vocabularies.services.tasks" name="PYDOCSTYLE" time="0.006" /><testcase classname="invenio_vocabularies.services.tasks" name="ISORT" time="0.012" /><testcase classname="invenio_vocabularies.services.tasks" name="black" time="0.171" /><testcase classname="invenio_vocabularies.views" name="PYDOCSTYLE" time="0.008" /><testcase classname="invenio_vocabularies.views" name="ISORT" time="0.012" /><testcase classname="invenio_vocabularies.views" name="black" time="0.177" /><testcase classname="invenio_vocabularies.webpack" name="PYDOCSTYLE" time="0.005" /><testcase classname="invenio_vocabularies.webpack" name="ISORT" time="0.013" /><testcase classname="invenio_vocabularies.webpack" name="black" time="0.219" /></testsuite></testsuites>