 Network docker_services_cli_default  Creating
 Network docker_services_cli_default  Created
 Container docker_services_cli-postgresql-1  Creating
 Container docker_services_cli-opensearch-1  Creating
 Container docker_services_cli-rabbitmq-1  Creating
 Container docker_services_cli-redis-1  Creating
 Container docker_services_cli-opensearch-1  Created
 Container docker_services_cli-postgresql-1  Created
 Container docker_services_cli-rabbitmq-1  Created
 Container docker_services_cli-redis-1  Created
 Container docker_services_cli-postgresql-1  Starting
 Container docker_services_cli-redis-1  Starting
 Container docker_services_cli-rabbitmq-1  Starting
 Container docker_services_cli-opensearch-1  Starting
 Container docker_services_cli-postgresql-1  Started
 Container docker_services_cli-redis-1  Started
 Container docker_services_cli-rabbitmq-1  Started
 Container docker_services_cli-opensearch-1  Started
============================= test session starts ==============================
platform linux -- Python 3.12.12, pytest-8.4.2, pluggy-1.6.0 -- /home/runner/work/invenio-testrig/invenio-testrig/package-repo/.venv/bin/python
cachedir: .pytest_cache
rootdir: /home/runner/work/invenio-testrig/invenio-testrig/package-repo
configfile: setup.cfg
testpaths: tests, invenio_app_rdm
plugins: github-actions-annotate-failures-0.3.0, pycodestyle-2.5.0, time-machine-2.19.0, flask-1.3.0, black-ng-0.4.1, Faker-38.2.0, invenio-3.4.2, isort-4.0.0, cov-7.0.0, pydocstyle-2.4.0
collecting ... collected 336 items

tests/__init__.py::PYDOCSTYLE PASSED
tests/__init__.py::ISORT PASSED
tests/__init__.py::black PASSED
tests/api/__init__.py::PYDOCSTYLE PASSED
tests/api/__init__.py::ISORT PASSED
tests/api/__init__.py::black PASSED
tests/api/conftest.py::PYDOCSTYLE PASSED
tests/api/conftest.py::ISORT PASSED
tests/api/conftest.py::black PASSED
tests/api/test_protect_files_rest.py::ISORT PASSED
tests/api/test_protect_files_rest.py::black PASSED
tests/api/test_protect_files_rest.py::test_files_rest_endpoint_is_protected Flask-DebugToolbar extension not installed.
Failed to extract file metadata.
Traceback (most recent call last):
  File "/home/runner/work/invenio-testrig/invenio-testrig/package-repo/.venv/lib/python3.12/site-packages/invenio_records_resources/tasks.py", line 27, in extract_file_metadata
    service.extract_file_metadata(system_identity, record_id, file_key)
  File "/home/runner/work/invenio-testrig/invenio-testrig/package-repo/.venv/lib/python3.12/site-packages/invenio_db/uow.py", line 251, in inner
    res = f(self, *args, **kwargs)
          ^^^^^^^^^^^^^^^^^^^^^^^^
  File "/home/runner/work/invenio-testrig/invenio-testrig/package-repo/.venv/lib/python3.12/site-packages/invenio_records_resources/services/files/service.py", line 205, in extract_file_metadata
    self.run_components(
  File "/home/runner/work/invenio-testrig/invenio-testrig/package-repo/.venv/lib/python3.12/site-packages/invenio_records_resources/services/base/service.py", line 72, in run_components
    getattr(component, action)(*args, **kwargs)
  File "/home/runner/work/invenio-testrig/invenio-testrig/package-repo/.venv/lib/python3.12/site-packages/invenio_records_resources/services/files/components/processor.py", line 32, in extract_file_metadata
    ProcessorRunner(self.service.config.file_processors).run(file_record)
  File "/home/runner/work/invenio-testrig/invenio-testrig/package-repo/.venv/lib/python3.12/site-packages/invenio_records_resources/services/files/processors/base.py", line 25, in run
    p.process(file_record)
  File "/home/runner/work/invenio-testrig/invenio-testrig/package-repo/.venv/lib/python3.12/site-packages/invenio_records_resources/services/files/processors/image.py", line 92, in process
    width, height = self._process_wand(file_record)
                    ^^^^^^^^^^^^^^^^^^^^^^^^^^^^^^^
  File "/home/runner/work/invenio-testrig/invenio-testrig/package-repo/.venv/lib/python3.12/site-packages/invenio_records_resources/services/files/processors/image.py", line 59, in _process_wand
    with Image.ping(file=fp) as img:
         ^^^^^^^^^^^^^^^^^^^
  File "/home/runner/work/invenio-testrig/invenio-testrig/package-repo/.venv/lib/python3.12/site-packages/wand/image.py", line 9645, in ping
    instance.raise_exception()
  File "/home/runner/work/invenio-testrig/invenio-testrig/package-repo/.venv/lib/python3.12/site-packages/wand/resource.py", line 225, in raise_exception
    raise e
wand.exceptions.MissingDelegateError: no decode delegate for this image format `' @ error/blob.c/PingBlob/3058
[2025-12-10 10:06:32,840] ERROR in tasks: Failed to extract file metadata.
Traceback (most recent call last):
  File "/home/runner/work/invenio-testrig/invenio-testrig/package-repo/.venv/lib/python3.12/site-packages/invenio_records_resources/tasks.py", line 27, in extract_file_metadata
    service.extract_file_metadata(system_identity, record_id, file_key)
  File "/home/runner/work/invenio-testrig/invenio-testrig/package-repo/.venv/lib/python3.12/site-packages/invenio_db/uow.py", line 251, in inner
    res = f(self, *args, **kwargs)
          ^^^^^^^^^^^^^^^^^^^^^^^^
  File "/home/runner/work/invenio-testrig/invenio-testrig/package-repo/.venv/lib/python3.12/site-packages/invenio_records_resources/services/files/service.py", line 205, in extract_file_metadata
    self.run_components(
  File "/home/runner/work/invenio-testrig/invenio-testrig/package-repo/.venv/lib/python3.12/site-packages/invenio_records_resources/services/base/service.py", line 72, in run_components
    getattr(component, action)(*args, **kwargs)
  File "/home/runner/work/invenio-testrig/invenio-testrig/package-repo/.venv/lib/python3.12/site-packages/invenio_records_resources/services/files/components/processor.py", line 32, in extract_file_metadata
    ProcessorRunner(self.service.config.file_processors).run(file_record)
  File "/home/runner/work/invenio-testrig/invenio-testrig/package-repo/.venv/lib/python3.12/site-packages/invenio_records_resources/services/files/processors/base.py", line 25, in run
    p.process(file_record)
  File "/home/runner/work/invenio-testrig/invenio-testrig/package-repo/.venv/lib/python3.12/site-packages/invenio_records_resources/services/files/processors/image.py", line 92, in process
    width, height = self._process_wand(file_record)
                    ^^^^^^^^^^^^^^^^^^^^^^^^^^^^^^^
  File "/home/runner/work/invenio-testrig/invenio-testrig/package-repo/.venv/lib/python3.12/site-packages/invenio_records_resources/services/files/processors/image.py", line 59, in _process_wand
    with Image.ping(file=fp) as img:
         ^^^^^^^^^^^^^^^^^^^
  File "/home/runner/work/invenio-testrig/invenio-testrig/package-repo/.venv/lib/python3.12/site-packages/wand/image.py", line 9645, in ping
    instance.raise_exception()
  File "/home/runner/work/invenio-testrig/invenio-testrig/package-repo/.venv/lib/python3.12/site-packages/wand/resource.py", line 225, in raise_exception
    raise e
wand.exceptions.MissingDelegateError: no decode delegate for this image format `' @ error/blob.c/PingBlob/3058
PASSED
tests/api/test_record_api.py::ISORT PASSED
tests/api/test_record_api.py::black PASSED
tests/api/test_record_api.py::test_record_read_non_existing_pid Loading config for entry point invenio_app_rdm.config
[2025-12-10 10:06:37,165] DEBUG in entrypoint: Loading config for entry point invenio_app_rdm.config
Flask-DebugToolbar extension not installed.
[2025-12-10 10:06:38,202] DEBUG in ext: Flask-DebugToolbar extension not installed.
Flask-DebugToolbar extension not installed.
A resource error handler caught the following exception:
Traceback (most recent call last):
  File "/home/runner/work/invenio-testrig/invenio-testrig/package-repo/.venv/lib/python3.12/site-packages/invenio_pidstore/models.py", line 212, in get
    return db.session.query(cls).filter_by(**args).one()
           ^^^^^^^^^^^^^^^^^^^^^^^^^^^^^^^^^^^^^^^^^^^^^
  File "/home/runner/work/invenio-testrig/invenio-testrig/package-repo/.venv/lib/python3.12/site-packages/sqlalchemy/orm/query.py", line 2808, in one
    return self._iter().one()  # type: ignore
           ^^^^^^^^^^^^^^^^^^
  File "/home/runner/work/invenio-testrig/invenio-testrig/package-repo/.venv/lib/python3.12/site-packages/sqlalchemy/engine/result.py", line 1815, in one
    return self._only_one_row(
           ^^^^^^^^^^^^^^^^^^^
  File "/home/runner/work/invenio-testrig/invenio-testrig/package-repo/.venv/lib/python3.12/site-packages/sqlalchemy/engine/result.py", line 760, in _only_one_row
    raise exc.NoResultFound(
sqlalchemy.exc.NoResultFound: No row was found when one was required

During handling of the above exception, another exception occurred:

Traceback (most recent call last):
  File "/home/runner/work/invenio-testrig/invenio-testrig/package-repo/.venv/lib/python3.12/site-packages/flask/app.py", line 917, in full_dispatch_request
    rv = self.dispatch_request()
         ^^^^^^^^^^^^^^^^^^^^^^^
  File "/home/runner/work/invenio-testrig/invenio-testrig/package-repo/.venv/lib/python3.12/site-packages/flask/app.py", line 902, in dispatch_request
    return self.ensure_sync(self.view_functions[rule.endpoint])(**view_args)  # type: ignore[no-any-return]
           ^^^^^^^^^^^^^^^^^^^^^^^^^^^^^^^^^^^^^^^^^^^^^^^^^^^^^^^^^^^^^^^^^
  File "/home/runner/work/invenio-testrig/invenio-testrig/package-repo/.venv/lib/python3.12/site-packages/flask_resources/resources.py", line 65, in view
    return view_meth()
           ^^^^^^^^^^^
  File "/home/runner/work/invenio-testrig/invenio-testrig/package-repo/.venv/lib/python3.12/site-packages/flask_resources/content_negotiation.py", line 116, in inner_content_negotiation
    return f(*args, **kwargs)
           ^^^^^^^^^^^^^^^^^^
  File "/home/runner/work/invenio-testrig/invenio-testrig/package-repo/.venv/lib/python3.12/site-packages/flask_resources/parsers/decorators.py", line 51, in inner
    return f(self, *args, **kwargs)
           ^^^^^^^^^^^^^^^^^^^^^^^^
  File "/home/runner/work/invenio-testrig/invenio-testrig/package-repo/.venv/lib/python3.12/site-packages/flask_resources/parsers/decorators.py", line 51, in inner
    return f(self, *args, **kwargs)
           ^^^^^^^^^^^^^^^^^^^^^^^^
  File "/home/runner/work/invenio-testrig/invenio-testrig/package-repo/.venv/lib/python3.12/site-packages/flask_resources/parsers/decorators.py", line 51, in inner
    return f(self, *args, **kwargs)
           ^^^^^^^^^^^^^^^^^^^^^^^^
  File "/home/runner/work/invenio-testrig/invenio-testrig/package-repo/.venv/lib/python3.12/site-packages/invenio_rdm_records/resources/resources.py", line 49, in inner
    response = f(*args, **kwargs)
               ^^^^^^^^^^^^^^^^^^
  File "/home/runner/work/invenio-testrig/invenio-testrig/package-repo/.venv/lib/python3.12/site-packages/flask_resources/responses.py", line 39, in inner
    res = f(*args, **kwargs)
          ^^^^^^^^^^^^^^^^^^
  File "/home/runner/work/invenio-testrig/invenio-testrig/package-repo/.venv/lib/python3.12/site-packages/invenio_rdm_records/resources/resources.py", line 142, in read
    item = self.service.read(
           ^^^^^^^^^^^^^^^^^^
  File "/home/runner/work/invenio-testrig/invenio-testrig/package-repo/.venv/lib/python3.12/site-packages/invenio_rdm_records/services/services.py", line 673, in read
    record = self.record_cls.pid.resolve(id_)
             ^^^^^^^^^^^^^^^^^^^^^^^^^^^^^^^^
  File "/home/runner/work/invenio-testrig/invenio-testrig/package-repo/.venv/lib/python3.12/site-packages/invenio_records_resources/records/systemfields/pid.py", line 77, in resolve
    pid, record = resolver.resolve(pid_value)
                  ^^^^^^^^^^^^^^^^^^^^^^^^^^^
  File "/home/runner/work/invenio-testrig/invenio-testrig/package-repo/.venv/lib/python3.12/site-packages/invenio_pidstore/resolver.py", line 52, in resolve
    pid = PersistentIdentifier.get(self.pid_type, pid_value)
          ^^^^^^^^^^^^^^^^^^^^^^^^^^^^^^^^^^^^^^^^^^^^^^^^^^
  File "/home/runner/work/invenio-testrig/invenio-testrig/package-repo/.venv/lib/python3.12/site-packages/invenio_pidstore/models.py", line 214, in get
    raise PIDDoesNotExistError(pid_type, pid_value)
invenio_pidstore.errors.PIDDoesNotExistError
[2025-12-10 10:06:41,521] DEBUG in errors: A resource error handler caught the following exception:
Traceback (most recent call last):
  File "/home/runner/work/invenio-testrig/invenio-testrig/package-repo/.venv/lib/python3.12/site-packages/invenio_pidstore/models.py", line 212, in get
    return db.session.query(cls).filter_by(**args).one()
           ^^^^^^^^^^^^^^^^^^^^^^^^^^^^^^^^^^^^^^^^^^^^^
  File "/home/runner/work/invenio-testrig/invenio-testrig/package-repo/.venv/lib/python3.12/site-packages/sqlalchemy/orm/query.py", line 2808, in one
    return self._iter().one()  # type: ignore
           ^^^^^^^^^^^^^^^^^^
  File "/home/runner/work/invenio-testrig/invenio-testrig/package-repo/.venv/lib/python3.12/site-packages/sqlalchemy/engine/result.py", line 1815, in one
    return self._only_one_row(
           ^^^^^^^^^^^^^^^^^^^
  File "/home/runner/work/invenio-testrig/invenio-testrig/package-repo/.venv/lib/python3.12/site-packages/sqlalchemy/engine/result.py", line 760, in _only_one_row
    raise exc.NoResultFound(
sqlalchemy.exc.NoResultFound: No row was found when one was required

During handling of the above exception, another exception occurred:

Traceback (most recent call last):
  File "/home/runner/work/invenio-testrig/invenio-testrig/package-repo/.venv/lib/python3.12/site-packages/flask/app.py", line 917, in full_dispatch_request
    rv = self.dispatch_request()
         ^^^^^^^^^^^^^^^^^^^^^^^
  File "/home/runner/work/invenio-testrig/invenio-testrig/package-repo/.venv/lib/python3.12/site-packages/flask/app.py", line 902, in dispatch_request
    return self.ensure_sync(self.view_functions[rule.endpoint])(**view_args)  # type: ignore[no-any-return]
           ^^^^^^^^^^^^^^^^^^^^^^^^^^^^^^^^^^^^^^^^^^^^^^^^^^^^^^^^^^^^^^^^^
  File "/home/runner/work/invenio-testrig/invenio-testrig/package-repo/.venv/lib/python3.12/site-packages/flask_resources/resources.py", line 65, in view
    return view_meth()
           ^^^^^^^^^^^
  File "/home/runner/work/invenio-testrig/invenio-testrig/package-repo/.venv/lib/python3.12/site-packages/flask_resources/content_negotiation.py", line 116, in inner_content_negotiation
    return f(*args, **kwargs)
           ^^^^^^^^^^^^^^^^^^
  File "/home/runner/work/invenio-testrig/invenio-testrig/package-repo/.venv/lib/python3.12/site-packages/flask_resources/parsers/decorators.py", line 51, in inner
    return f(self, *args, **kwargs)
           ^^^^^^^^^^^^^^^^^^^^^^^^
  File "/home/runner/work/invenio-testrig/invenio-testrig/package-repo/.venv/lib/python3.12/site-packages/flask_resources/parsers/decorators.py", line 51, in inner
    return f(self, *args, **kwargs)
           ^^^^^^^^^^^^^^^^^^^^^^^^
  File "/home/runner/work/invenio-testrig/invenio-testrig/package-repo/.venv/lib/python3.12/site-packages/flask_resources/parsers/decorators.py", line 51, in inner
    return f(self, *args, **kwargs)
           ^^^^^^^^^^^^^^^^^^^^^^^^
  File "/home/runner/work/invenio-testrig/invenio-testrig/package-repo/.venv/lib/python3.12/site-packages/invenio_rdm_records/resources/resources.py", line 49, in inner
    response = f(*args, **kwargs)
               ^^^^^^^^^^^^^^^^^^
  File "/home/runner/work/invenio-testrig/invenio-testrig/package-repo/.venv/lib/python3.12/site-packages/flask_resources/responses.py", line 39, in inner
    res = f(*args, **kwargs)
          ^^^^^^^^^^^^^^^^^^
  File "/home/runner/work/invenio-testrig/invenio-testrig/package-repo/.venv/lib/python3.12/site-packages/invenio_rdm_records/resources/resources.py", line 142, in read
    item = self.service.read(
           ^^^^^^^^^^^^^^^^^^
  File "/home/runner/work/invenio-testrig/invenio-testrig/package-repo/.venv/lib/python3.12/site-packages/invenio_rdm_records/services/services.py", line 673, in read
    record = self.record_cls.pid.resolve(id_)
             ^^^^^^^^^^^^^^^^^^^^^^^^^^^^^^^^
  File "/home/runner/work/invenio-testrig/invenio-testrig/package-repo/.venv/lib/python3.12/site-packages/invenio_records_resources/records/systemfields/pid.py", line 77, in resolve
    pid, record = resolver.resolve(pid_value)
                  ^^^^^^^^^^^^^^^^^^^^^^^^^^^
  File "/home/runner/work/invenio-testrig/invenio-testrig/package-repo/.venv/lib/python3.12/site-packages/invenio_pidstore/resolver.py", line 52, in resolve
    pid = PersistentIdentifier.get(self.pid_type, pid_value)
          ^^^^^^^^^^^^^^^^^^^^^^^^^^^^^^^^^^^^^^^^^^^^^^^^^^
  File "/home/runner/work/invenio-testrig/invenio-testrig/package-repo/.venv/lib/python3.12/site-packages/invenio_pidstore/models.py", line 214, in get
    raise PIDDoesNotExistError(pid_type, pid_value)
invenio_pidstore.errors.PIDDoesNotExistError
A resource error handler caught the following exception:
Traceback (most recent call last):
  File "/home/runner/work/invenio-testrig/invenio-testrig/package-repo/.venv/lib/python3.12/site-packages/invenio_pidstore/models.py", line 212, in get
    return db.session.query(cls).filter_by(**args).one()
           ^^^^^^^^^^^^^^^^^^^^^^^^^^^^^^^^^^^^^^^^^^^^^
  File "/home/runner/work/invenio-testrig/invenio-testrig/package-repo/.venv/lib/python3.12/site-packages/sqlalchemy/orm/query.py", line 2808, in one
    return self._iter().one()  # type: ignore
           ^^^^^^^^^^^^^^^^^^
  File "/home/runner/work/invenio-testrig/invenio-testrig/package-repo/.venv/lib/python3.12/site-packages/sqlalchemy/engine/result.py", line 1815, in one
    return self._only_one_row(
           ^^^^^^^^^^^^^^^^^^^
  File "/home/runner/work/invenio-testrig/invenio-testrig/package-repo/.venv/lib/python3.12/site-packages/sqlalchemy/engine/result.py", line 760, in _only_one_row
    raise exc.NoResultFound(
sqlalchemy.exc.NoResultFound: No row was found when one was required

During handling of the above exception, another exception occurred:

Traceback (most recent call last):
  File "/home/runner/work/invenio-testrig/invenio-testrig/package-repo/.venv/lib/python3.12/site-packages/flask/app.py", line 917, in full_dispatch_request
    rv = self.dispatch_request()
         ^^^^^^^^^^^^^^^^^^^^^^^
  File "/home/runner/work/invenio-testrig/invenio-testrig/package-repo/.venv/lib/python3.12/site-packages/flask/app.py", line 902, in dispatch_request
    return self.ensure_sync(self.view_functions[rule.endpoint])(**view_args)  # type: ignore[no-any-return]
           ^^^^^^^^^^^^^^^^^^^^^^^^^^^^^^^^^^^^^^^^^^^^^^^^^^^^^^^^^^^^^^^^^
  File "/home/runner/work/invenio-testrig/invenio-testrig/package-repo/.venv/lib/python3.12/site-packages/flask_resources/resources.py", line 65, in view
    return view_meth()
           ^^^^^^^^^^^
  File "/home/runner/work/invenio-testrig/invenio-testrig/package-repo/.venv/lib/python3.12/site-packages/flask_resources/content_negotiation.py", line 116, in inner_content_negotiation
    return f(*args, **kwargs)
           ^^^^^^^^^^^^^^^^^^
  File "/home/runner/work/invenio-testrig/invenio-testrig/package-repo/.venv/lib/python3.12/site-packages/flask_resources/parsers/decorators.py", line 51, in inner
    return f(self, *args, **kwargs)
           ^^^^^^^^^^^^^^^^^^^^^^^^
  File "/home/runner/work/invenio-testrig/invenio-testrig/package-repo/.venv/lib/python3.12/site-packages/flask_resources/parsers/decorators.py", line 51, in inner
    return f(self, *args, **kwargs)
           ^^^^^^^^^^^^^^^^^^^^^^^^
  File "/home/runner/work/invenio-testrig/invenio-testrig/package-repo/.venv/lib/python3.12/site-packages/flask_resources/parsers/decorators.py", line 51, in inner
    return f(self, *args, **kwargs)
           ^^^^^^^^^^^^^^^^^^^^^^^^
  File "/home/runner/work/invenio-testrig/invenio-testrig/package-repo/.venv/lib/python3.12/site-packages/invenio_rdm_records/resources/resources.py", line 49, in inner
    response = f(*args, **kwargs)
               ^^^^^^^^^^^^^^^^^^
  File "/home/runner/work/invenio-testrig/invenio-testrig/package-repo/.venv/lib/python3.12/site-packages/flask_resources/responses.py", line 39, in inner
    res = f(*args, **kwargs)
          ^^^^^^^^^^^^^^^^^^
  File "/home/runner/work/invenio-testrig/invenio-testrig/package-repo/.venv/lib/python3.12/site-packages/invenio_rdm_records/resources/resources.py", line 142, in read
    item = self.service.read(
           ^^^^^^^^^^^^^^^^^^
  File "/home/runner/work/invenio-testrig/invenio-testrig/package-repo/.venv/lib/python3.12/site-packages/invenio_rdm_records/services/services.py", line 673, in read
    record = self.record_cls.pid.resolve(id_)
             ^^^^^^^^^^^^^^^^^^^^^^^^^^^^^^^^
  File "/home/runner/work/invenio-testrig/invenio-testrig/package-repo/.venv/lib/python3.12/site-packages/invenio_records_resources/records/systemfields/pid.py", line 77, in resolve
    pid, record = resolver.resolve(pid_value)
                  ^^^^^^^^^^^^^^^^^^^^^^^^^^^
  File "/home/runner/work/invenio-testrig/invenio-testrig/package-repo/.venv/lib/python3.12/site-packages/invenio_pidstore/resolver.py", line 52, in resolve
    pid = PersistentIdentifier.get(self.pid_type, pid_value)
          ^^^^^^^^^^^^^^^^^^^^^^^^^^^^^^^^^^^^^^^^^^^^^^^^^^
  File "/home/runner/work/invenio-testrig/invenio-testrig/package-repo/.venv/lib/python3.12/site-packages/invenio_pidstore/models.py", line 214, in get
    raise PIDDoesNotExistError(pid_type, pid_value)
invenio_pidstore.errors.PIDDoesNotExistError
PASSED

tests/api/test_record_api.py::test_record_draft_create_and_read PASSED

tests/api/test_record_api.py::test_record_draft_publish NotFoundError(404, 'index_not_found_exception', 'no such index [stats-record-view]', stats-record-view, index_or_alias)
[2025-12-10 10:06:48,055] WARNING in api: NotFoundError(404, 'index_not_found_exception', 'no such index [stats-record-view]', stats-record-view, index_or_alias)
NotFoundError(404, 'index_not_found_exception', 'no such index [stats-record-view]', stats-record-view, index_or_alias)
NotFoundError(404, 'index_not_found_exception', 'no such index [stats-file-download]', stats-file-download, index_or_alias)
[2025-12-10 10:06:48,058] WARNING in api: NotFoundError(404, 'index_not_found_exception', 'no such index [stats-file-download]', stats-file-download, index_or_alias)
NotFoundError(404, 'index_not_found_exception', 'no such index [stats-file-download]', stats-file-download, index_or_alias)
A resource error handler caught the following exception:
Traceback (most recent call last):
  File "/home/runner/work/invenio-testrig/invenio-testrig/package-repo/.venv/lib/python3.12/site-packages/invenio_drafts_resources/services/records/service.py", line 215, in read_draft
    draft = self.draft_cls.pid.resolve(id_, registered_only=False)
            ^^^^^^^^^^^^^^^^^^^^^^^^^^^^^^^^^^^^^^^^^^^^^^^^^^^^^^
  File "/home/runner/work/invenio-testrig/invenio-testrig/package-repo/.venv/lib/python3.12/site-packages/invenio_records_resources/records/systemfields/pid.py", line 77, in resolve
    pid, record = resolver.resolve(pid_value)
                  ^^^^^^^^^^^^^^^^^^^^^^^^^^^
  File "/home/runner/work/invenio-testrig/invenio-testrig/package-repo/.venv/lib/python3.12/site-packages/invenio_pidstore/resolver.py", line 75, in resolve
    return pid, self.object_getter(obj_id)
                ^^^^^^^^^^^^^^^^^^^^^^^^^^
  File "/home/runner/work/invenio-testrig/invenio-testrig/package-repo/.venv/lib/python3.12/site-packages/invenio_records/api.py", line 384, in get_record
    obj = query.one()
          ^^^^^^^^^^^
  File "/home/runner/work/invenio-testrig/invenio-testrig/package-repo/.venv/lib/python3.12/site-packages/sqlalchemy/orm/query.py", line 2808, in one
    return self._iter().one()  # type: ignore
           ^^^^^^^^^^^^^^^^^^
  File "/home/runner/work/invenio-testrig/invenio-testrig/package-repo/.venv/lib/python3.12/site-packages/sqlalchemy/engine/result.py", line 1815, in one
    return self._only_one_row(
           ^^^^^^^^^^^^^^^^^^^
  File "/home/runner/work/invenio-testrig/invenio-testrig/package-repo/.venv/lib/python3.12/site-packages/sqlalchemy/engine/result.py", line 760, in _only_one_row
    raise exc.NoResultFound(
sqlalchemy.exc.NoResultFound: No row was found when one was required

During handling of the above exception, another exception occurred:

Traceback (most recent call last):
  File "/home/runner/work/invenio-testrig/invenio-testrig/package-repo/.venv/lib/python3.12/site-packages/flask/app.py", line 917, in full_dispatch_request
    rv = self.dispatch_request()
         ^^^^^^^^^^^^^^^^^^^^^^^
  File "/home/runner/work/invenio-testrig/invenio-testrig/package-repo/.venv/lib/python3.12/site-packages/flask/app.py", line 902, in dispatch_request
    return self.ensure_sync(self.view_functions[rule.endpoint])(**view_args)  # type: ignore[no-any-return]
           ^^^^^^^^^^^^^^^^^^^^^^^^^^^^^^^^^^^^^^^^^^^^^^^^^^^^^^^^^^^^^^^^^
  File "/home/runner/work/invenio-testrig/invenio-testrig/package-repo/.venv/lib/python3.12/site-packages/flask_resources/resources.py", line 65, in view
    return view_meth()
           ^^^^^^^^^^^
  File "/home/runner/work/invenio-testrig/invenio-testrig/package-repo/.venv/lib/python3.12/site-packages/flask_resources/content_negotiation.py", line 116, in inner_content_negotiation
    return f(*args, **kwargs)
           ^^^^^^^^^^^^^^^^^^
  File "/home/runner/work/invenio-testrig/invenio-testrig/package-repo/.venv/lib/python3.12/site-packages/flask_resources/parsers/decorators.py", line 51, in inner
    return f(self, *args, **kwargs)
           ^^^^^^^^^^^^^^^^^^^^^^^^
  File "/home/runner/work/invenio-testrig/invenio-testrig/package-repo/.venv/lib/python3.12/site-packages/flask_resources/parsers/decorators.py", line 51, in inner
    return f(self, *args, **kwargs)
           ^^^^^^^^^^^^^^^^^^^^^^^^
  File "/home/runner/work/invenio-testrig/invenio-testrig/package-repo/.venv/lib/python3.12/site-packages/flask_resources/parsers/decorators.py", line 51, in inner
    return f(self, *args, **kwargs)
           ^^^^^^^^^^^^^^^^^^^^^^^^
  File "/home/runner/work/invenio-testrig/invenio-testrig/package-repo/.venv/lib/python3.12/site-packages/flask_resources/responses.py", line 39, in inner
    res = f(*args, **kwargs)
          ^^^^^^^^^^^^^^^^^^
  File "/home/runner/work/invenio-testrig/invenio-testrig/package-repo/.venv/lib/python3.12/site-packages/invenio_drafts_resources/resources/records/resource.py", line 211, in read_draft
    item = self.service.read_draft(
           ^^^^^^^^^^^^^^^^^^^^^^^^
  File "/home/runner/work/invenio-testrig/invenio-testrig/package-repo/.venv/lib/python3.12/site-packages/invenio_rdm_records/services/services.py", line 694, in read_draft
    result = super().read_draft(identity, id_, expand=expand)
             ^^^^^^^^^^^^^^^^^^^^^^^^^^^^^^^^^^^^^^^^^^^^^^^^
  File "/home/runner/work/invenio-testrig/invenio-testrig/package-repo/.venv/lib/python3.12/site-packages/invenio_drafts_resources/services/records/service.py", line 221, in read_draft
    raise DraftNotCreatedError(self.draft_cls.pid.field._pid_type, id_)
invenio_drafts_resources.resources.records.errors.DraftNotCreatedError
[2025-12-10 10:06:48,208] DEBUG in errors: A resource error handler caught the following exception:
Traceback (most recent call last):
  File "/home/runner/work/invenio-testrig/invenio-testrig/package-repo/.venv/lib/python3.12/site-packages/invenio_drafts_resources/services/records/service.py", line 215, in read_draft
    draft = self.draft_cls.pid.resolve(id_, registered_only=False)
            ^^^^^^^^^^^^^^^^^^^^^^^^^^^^^^^^^^^^^^^^^^^^^^^^^^^^^^
  File "/home/runner/work/invenio-testrig/invenio-testrig/package-repo/.venv/lib/python3.12/site-packages/invenio_records_resources/records/systemfields/pid.py", line 77, in resolve
    pid, record = resolver.resolve(pid_value)
                  ^^^^^^^^^^^^^^^^^^^^^^^^^^^
  File "/home/runner/work/invenio-testrig/invenio-testrig/package-repo/.venv/lib/python3.12/site-packages/invenio_pidstore/resolver.py", line 75, in resolve
    return pid, self.object_getter(obj_id)
                ^^^^^^^^^^^^^^^^^^^^^^^^^^
  File "/home/runner/work/invenio-testrig/invenio-testrig/package-repo/.venv/lib/python3.12/site-packages/invenio_records/api.py", line 384, in get_record
    obj = query.one()
          ^^^^^^^^^^^
  File "/home/runner/work/invenio-testrig/invenio-testrig/package-repo/.venv/lib/python3.12/site-packages/sqlalchemy/orm/query.py", line 2808, in one
    return self._iter().one()  # type: ignore
           ^^^^^^^^^^^^^^^^^^
  File "/home/runner/work/invenio-testrig/invenio-testrig/package-repo/.venv/lib/python3.12/site-packages/sqlalchemy/engine/result.py", line 1815, in one
    return self._only_one_row(
           ^^^^^^^^^^^^^^^^^^^
  File "/home/runner/work/invenio-testrig/invenio-testrig/package-repo/.venv/lib/python3.12/site-packages/sqlalchemy/engine/result.py", line 760, in _only_one_row
    raise exc.NoResultFound(
sqlalchemy.exc.NoResultFound: No row was found when one was required

During handling of the above exception, another exception occurred:

Traceback (most recent call last):
  File "/home/runner/work/invenio-testrig/invenio-testrig/package-repo/.venv/lib/python3.12/site-packages/flask/app.py", line 917, in full_dispatch_request
    rv = self.dispatch_request()
         ^^^^^^^^^^^^^^^^^^^^^^^
  File "/home/runner/work/invenio-testrig/invenio-testrig/package-repo/.venv/lib/python3.12/site-packages/flask/app.py", line 902, in dispatch_request
    return self.ensure_sync(self.view_functions[rule.endpoint])(**view_args)  # type: ignore[no-any-return]
           ^^^^^^^^^^^^^^^^^^^^^^^^^^^^^^^^^^^^^^^^^^^^^^^^^^^^^^^^^^^^^^^^^
  File "/home/runner/work/invenio-testrig/invenio-testrig/package-repo/.venv/lib/python3.12/site-packages/flask_resources/resources.py", line 65, in view
    return view_meth()
           ^^^^^^^^^^^
  File "/home/runner/work/invenio-testrig/invenio-testrig/package-repo/.venv/lib/python3.12/site-packages/flask_resources/content_negotiation.py", line 116, in inner_content_negotiation
    return f(*args, **kwargs)
           ^^^^^^^^^^^^^^^^^^
  File "/home/runner/work/invenio-testrig/invenio-testrig/package-repo/.venv/lib/python3.12/site-packages/flask_resources/parsers/decorators.py", line 51, in inner
    return f(self, *args, **kwargs)
           ^^^^^^^^^^^^^^^^^^^^^^^^
  File "/home/runner/work/invenio-testrig/invenio-testrig/package-repo/.venv/lib/python3.12/site-packages/flask_resources/parsers/decorators.py", line 51, in inner
    return f(self, *args, **kwargs)
           ^^^^^^^^^^^^^^^^^^^^^^^^
  File "/home/runner/work/invenio-testrig/invenio-testrig/package-repo/.venv/lib/python3.12/site-packages/flask_resources/parsers/decorators.py", line 51, in inner
    return f(self, *args, **kwargs)
           ^^^^^^^^^^^^^^^^^^^^^^^^
  File "/home/runner/work/invenio-testrig/invenio-testrig/package-repo/.venv/lib/python3.12/site-packages/flask_resources/responses.py", line 39, in inner
    res = f(*args, **kwargs)
          ^^^^^^^^^^^^^^^^^^
  File "/home/runner/work/invenio-testrig/invenio-testrig/package-repo/.venv/lib/python3.12/site-packages/invenio_drafts_resources/resources/records/resource.py", line 211, in read_draft
    item = self.service.read_draft(
           ^^^^^^^^^^^^^^^^^^^^^^^^
  File "/home/runner/work/invenio-testrig/invenio-testrig/package-repo/.venv/lib/python3.12/site-packages/invenio_rdm_records/services/services.py", line 694, in read_draft
    result = super().read_draft(identity, id_, expand=expand)
             ^^^^^^^^^^^^^^^^^^^^^^^^^^^^^^^^^^^^^^^^^^^^^^^^
  File "/home/runner/work/invenio-testrig/invenio-testrig/package-repo/.venv/lib/python3.12/site-packages/invenio_drafts_resources/services/records/service.py", line 221, in read_draft
    raise DraftNotCreatedError(self.draft_cls.pid.field._pid_type, id_)
invenio_drafts_resources.resources.records.errors.DraftNotCreatedError
A resource error handler caught the following exception:
Traceback (most recent call last):
  File "/home/runner/work/invenio-testrig/invenio-testrig/package-repo/.venv/lib/python3.12/site-packages/invenio_drafts_resources/services/records/service.py", line 215, in read_draft
    draft = self.draft_cls.pid.resolve(id_, registered_only=False)
            ^^^^^^^^^^^^^^^^^^^^^^^^^^^^^^^^^^^^^^^^^^^^^^^^^^^^^^
  File "/home/runner/work/invenio-testrig/invenio-testrig/package-repo/.venv/lib/python3.12/site-packages/invenio_records_resources/records/systemfields/pid.py", line 77, in resolve
    pid, record = resolver.resolve(pid_value)
                  ^^^^^^^^^^^^^^^^^^^^^^^^^^^
  File "/home/runner/work/invenio-testrig/invenio-testrig/package-repo/.venv/lib/python3.12/site-packages/invenio_pidstore/resolver.py", line 75, in resolve
    return pid, self.object_getter(obj_id)
                ^^^^^^^^^^^^^^^^^^^^^^^^^^
  File "/home/runner/work/invenio-testrig/invenio-testrig/package-repo/.venv/lib/python3.12/site-packages/invenio_records/api.py", line 384, in get_record
    obj = query.one()
          ^^^^^^^^^^^
  File "/home/runner/work/invenio-testrig/invenio-testrig/package-repo/.venv/lib/python3.12/site-packages/sqlalchemy/orm/query.py", line 2808, in one
    return self._iter().one()  # type: ignore
           ^^^^^^^^^^^^^^^^^^
  File "/home/runner/work/invenio-testrig/invenio-testrig/package-repo/.venv/lib/python3.12/site-packages/sqlalchemy/engine/result.py", line 1815, in one
    return self._only_one_row(
           ^^^^^^^^^^^^^^^^^^^
  File "/home/runner/work/invenio-testrig/invenio-testrig/package-repo/.venv/lib/python3.12/site-packages/sqlalchemy/engine/result.py", line 760, in _only_one_row
    raise exc.NoResultFound(
sqlalchemy.exc.NoResultFound: No row was found when one was required

During handling of the above exception, another exception occurred:

Traceback (most recent call last):
  File "/home/runner/work/invenio-testrig/invenio-testrig/package-repo/.venv/lib/python3.12/site-packages/flask/app.py", line 917, in full_dispatch_request
    rv = self.dispatch_request()
         ^^^^^^^^^^^^^^^^^^^^^^^
  File "/home/runner/work/invenio-testrig/invenio-testrig/package-repo/.venv/lib/python3.12/site-packages/flask/app.py", line 902, in dispatch_request
    return self.ensure_sync(self.view_functions[rule.endpoint])(**view_args)  # type: ignore[no-any-return]
           ^^^^^^^^^^^^^^^^^^^^^^^^^^^^^^^^^^^^^^^^^^^^^^^^^^^^^^^^^^^^^^^^^
  File "/home/runner/work/invenio-testrig/invenio-testrig/package-repo/.venv/lib/python3.12/site-packages/flask_resources/resources.py", line 65, in view
    return view_meth()
           ^^^^^^^^^^^
  File "/home/runner/work/invenio-testrig/invenio-testrig/package-repo/.venv/lib/python3.12/site-packages/flask_resources/content_negotiation.py", line 116, in inner_content_negotiation
    return f(*args, **kwargs)
           ^^^^^^^^^^^^^^^^^^
  File "/home/runner/work/invenio-testrig/invenio-testrig/package-repo/.venv/lib/python3.12/site-packages/flask_resources/parsers/decorators.py", line 51, in inner
    return f(self, *args, **kwargs)
           ^^^^^^^^^^^^^^^^^^^^^^^^
  File "/home/runner/work/invenio-testrig/invenio-testrig/package-repo/.venv/lib/python3.12/site-packages/flask_resources/parsers/decorators.py", line 51, in inner
    return f(self, *args, **kwargs)
           ^^^^^^^^^^^^^^^^^^^^^^^^
  File "/home/runner/work/invenio-testrig/invenio-testrig/package-repo/.venv/lib/python3.12/site-packages/flask_resources/parsers/decorators.py", line 51, in inner
    return f(self, *args, **kwargs)
           ^^^^^^^^^^^^^^^^^^^^^^^^
  File "/home/runner/work/invenio-testrig/invenio-testrig/package-repo/.venv/lib/python3.12/site-packages/flask_resources/responses.py", line 39, in inner
    res = f(*args, **kwargs)
          ^^^^^^^^^^^^^^^^^^
  File "/home/runner/work/invenio-testrig/invenio-testrig/package-repo/.venv/lib/python3.12/site-packages/invenio_drafts_resources/resources/records/resource.py", line 211, in read_draft
    item = self.service.read_draft(
           ^^^^^^^^^^^^^^^^^^^^^^^^
  File "/home/runner/work/invenio-testrig/invenio-testrig/package-repo/.venv/lib/python3.12/site-packages/invenio_rdm_records/services/services.py", line 694, in read_draft
    result = super().read_draft(identity, id_, expand=expand)
             ^^^^^^^^^^^^^^^^^^^^^^^^^^^^^^^^^^^^^^^^^^^^^^^^
  File "/home/runner/work/invenio-testrig/invenio-testrig/package-repo/.venv/lib/python3.12/site-packages/invenio_drafts_resources/services/records/service.py", line 221, in read_draft
    raise DraftNotCreatedError(self.draft_cls.pid.field._pid_type, id_)
invenio_drafts_resources.resources.records.errors.DraftNotCreatedError
PASSED

tests/api/test_record_api.py::test_read_record_with_redirected_pid NotFoundError(404, 'index_not_found_exception', 'no such index [stats-record-view]', stats-record-view, index_or_alias)
[2025-12-10 10:06:51,264] WARNING in api: NotFoundError(404, 'index_not_found_exception', 'no such index [stats-record-view]', stats-record-view, index_or_alias)
NotFoundError(404, 'index_not_found_exception', 'no such index [stats-record-view]', stats-record-view, index_or_alias)
NotFoundError(404, 'index_not_found_exception', 'no such index [stats-file-download]', stats-file-download, index_or_alias)
[2025-12-10 10:06:51,267] WARNING in api: NotFoundError(404, 'index_not_found_exception', 'no such index [stats-file-download]', stats-file-download, index_or_alias)
NotFoundError(404, 'index_not_found_exception', 'no such index [stats-file-download]', stats-file-download, index_or_alias)
NotFoundError(404, 'index_not_found_exception', 'no such index [stats-record-view]', stats-record-view, index_or_alias)
[2025-12-10 10:06:51,651] WARNING in api: NotFoundError(404, 'index_not_found_exception', 'no such index [stats-record-view]', stats-record-view, index_or_alias)
NotFoundError(404, 'index_not_found_exception', 'no such index [stats-record-view]', stats-record-view, index_or_alias)
NotFoundError(404, 'index_not_found_exception', 'no such index [stats-file-download]', stats-file-download, index_or_alias)
[2025-12-10 10:06:51,654] WARNING in api: NotFoundError(404, 'index_not_found_exception', 'no such index [stats-file-download]', stats-file-download, index_or_alias)
NotFoundError(404, 'index_not_found_exception', 'no such index [stats-file-download]', stats-file-download, index_or_alias)
PASSED

tests/api/test_record_api.py::test_read_deleted_record SKIPPED
tests/api/test_record_api.py::test_record_search PASSED

tests/api/test_stats_api.py::ISORT PASSED
tests/api/test_stats_api.py::black PASSED
tests/api/test_stats_api.py::test_ui_event_emission Loading config for entry point invenio_app_rdm.config
[2025-12-10 10:06:57,697] DEBUG in entrypoint: Loading config for entry point invenio_app_rdm.config
Loading config for entry point invenio_app_rdm.config
Flask-DebugToolbar extension not installed.
[2025-12-10 10:06:58,731] DEBUG in ext: Flask-DebugToolbar extension not installed.
Flask-DebugToolbar extension not installed.
Flask-DebugToolbar extension not installed.
PASSED

tests/conftest.py::PYDOCSTYLE PASSED
tests/conftest.py::ISORT PASSED
tests/conftest.py::black PASSED
tests/fixtures/__init__.py::PYDOCSTYLE PASSED
tests/fixtures/__init__.py::ISORT PASSED
tests/fixtures/__init__.py::black PASSED
tests/fixtures/conftest.py::PYDOCSTYLE PASSED
tests/fixtures/conftest.py::ISORT PASSED
tests/fixtures/conftest.py::black PASSED
tests/fixtures/test_cli.py::ISORT PASSED
tests/fixtures/test_cli.py::black PASSED
tests/fixtures/test_cli.py::test_create_fixtures Loading config for entry point invenio_app_rdm.config
[2025-12-10 10:07:03,537] DEBUG in entrypoint: Loading config for entry point invenio_app_rdm.config
Loading config for entry point invenio_app_rdm.config
Loading config for entry point invenio_app_rdm.config
Flask-DebugToolbar extension not installed.
[2025-12-10 10:07:04,579] DEBUG in ext: Flask-DebugToolbar extension not installed.
Flask-DebugToolbar extension not installed.
Flask-DebugToolbar extension not installed.
Flask-DebugToolbar extension not installed.
PASSED

tests/fixtures/test_fixtures.py::ISORT PASSED
tests/fixtures/test_fixtures.py::black PASSED
tests/fixtures/test_fixtures.py::test_load_oai_sets Loading config for entry point invenio_app_rdm.config
[2025-12-10 10:07:08,380] DEBUG in entrypoint: Loading config for entry point invenio_app_rdm.config
Loading config for entry point invenio_app_rdm.config
Loading config for entry point invenio_app_rdm.config
Loading config for entry point invenio_app_rdm.config
Flask-DebugToolbar extension not installed.
[2025-12-10 10:07:09,422] DEBUG in ext: Flask-DebugToolbar extension not installed.
Flask-DebugToolbar extension not installed.
Flask-DebugToolbar extension not installed.
Flask-DebugToolbar extension not installed.
Flask-DebugToolbar extension not installed.
PASSED

tests/fixtures/test_fixtures.py::test_load_pages PASSED

tests/mock_module/__init__.py::PYDOCSTYLE PASSED
tests/mock_module/__init__.py::ISORT PASSED
tests/mock_module/__init__.py::black PASSED
tests/mock_module/views.py::PYDOCSTYLE PASSED
tests/mock_module/views.py::ISORT PASSED
tests/mock_module/views.py::black PASSED
tests/redirector/__init__.py::PYDOCSTYLE PASSED
tests/redirector/__init__.py::ISORT PASSED
tests/redirector/__init__.py::black PASSED
tests/redirector/conftest.py::PYDOCSTYLE PASSED
tests/redirector/conftest.py::ISORT PASSED
tests/redirector/conftest.py::black PASSED
tests/redirector/test_redirector.py::ISORT PASSED
tests/redirector/test_redirector.py::black PASSED
tests/redirector/test_redirector.py::test_redirector Loading config for entry point invenio_app_rdm.config
[2025-12-10 10:07:14,235] DEBUG in entrypoint: Loading config for entry point invenio_app_rdm.config
Loading config for entry point invenio_app_rdm.config
Loading config for entry point invenio_app_rdm.config
Loading config for entry point invenio_app_rdm.config
Loading config for entry point invenio_app_rdm.config
Flask-DebugToolbar extension not installed.
[2025-12-10 10:07:15,989] DEBUG in ext: Flask-DebugToolbar extension not installed.
Flask-DebugToolbar extension not installed.
Flask-DebugToolbar extension not installed.
Flask-DebugToolbar extension not installed.
Flask-DebugToolbar extension not installed.
Flask-DebugToolbar extension not installed.
Loading config for entry point invenio_app_rdm.config
[2025-12-10 10:07:16,732] DEBUG in entrypoint: Loading config for entry point invenio_app_rdm.config
Loading config for entry point invenio_app_rdm.config
Loading config for entry point invenio_app_rdm.config
Loading config for entry point invenio_app_rdm.config
Loading config for entry point invenio_app_rdm.config
Loading config for entry point invenio_app_rdm.config
Flask-DebugToolbar extension not installed.
[2025-12-10 10:07:17,771] DEBUG in ext: Flask-DebugToolbar extension not installed.
Flask-DebugToolbar extension not installed.
Flask-DebugToolbar extension not installed.
Flask-DebugToolbar extension not installed.
Flask-DebugToolbar extension not installed.
Flask-DebugToolbar extension not installed.
Flask-DebugToolbar extension not installed.
PASSED

tests/test_migrate_13_0_to_14_0.py::ISORT PASSED
tests/test_migrate_13_0_to_14_0.py::black PASSED
tests/test_migrate_13_0_to_14_0.py::TestMigration13To14::test_migration Loading config for entry point invenio_app_rdm.config
[2025-12-10 10:07:21,576] DEBUG in entrypoint: Loading config for entry point invenio_app_rdm.config
Loading config for entry point invenio_app_rdm.config
Loading config for entry point invenio_app_rdm.config
Loading config for entry point invenio_app_rdm.config
Loading config for entry point invenio_app_rdm.config
Loading config for entry point invenio_app_rdm.config
Loading config for entry point invenio_app_rdm.config
Flask-DebugToolbar extension not installed.
[2025-12-10 10:07:22,691] DEBUG in ext: Flask-DebugToolbar extension not installed.
Flask-DebugToolbar extension not installed.
Flask-DebugToolbar extension not installed.
Flask-DebugToolbar extension not installed.
Flask-DebugToolbar extension not installed.
Flask-DebugToolbar extension not installed.
Flask-DebugToolbar extension not installed.
Flask-DebugToolbar extension not installed.
Loading config for entry point invenio_app_rdm.config
[2025-12-10 10:07:23,447] DEBUG in entrypoint: Loading config for entry point invenio_app_rdm.config
Loading config for entry point invenio_app_rdm.config
Loading config for entry point invenio_app_rdm.config
Loading config for entry point invenio_app_rdm.config
Loading config for entry point invenio_app_rdm.config
Loading config for entry point invenio_app_rdm.config
Loading config for entry point invenio_app_rdm.config
Loading config for entry point invenio_app_rdm.config
Flask-DebugToolbar extension not installed.
[2025-12-10 10:07:24,481] DEBUG in ext: Flask-DebugToolbar extension not installed.
Flask-DebugToolbar extension not installed.
Flask-DebugToolbar extension not installed.
Flask-DebugToolbar extension not installed.
Flask-DebugToolbar extension not installed.
Flask-DebugToolbar extension not installed.
Flask-DebugToolbar extension not installed.
Flask-DebugToolbar extension not installed.
Flask-DebugToolbar extension not installed.
NotFoundError(404, 'index_not_found_exception', 'no such index [stats-record-view]', stats-record-view, index_or_alias)
[2025-12-10 10:07:28,019] WARNING in api: NotFoundError(404, 'index_not_found_exception', 'no such index [stats-record-view]', stats-record-view, index_or_alias)
NotFoundError(404, 'index_not_found_exception', 'no such index [stats-record-view]', stats-record-view, index_or_alias)
NotFoundError(404, 'index_not_found_exception', 'no such index [stats-record-view]', stats-record-view, index_or_alias)
NotFoundError(404, 'index_not_found_exception', 'no such index [stats-record-view]', stats-record-view, index_or_alias)
NotFoundError(404, 'index_not_found_exception', 'no such index [stats-record-view]', stats-record-view, index_or_alias)
NotFoundError(404, 'index_not_found_exception', 'no such index [stats-record-view]', stats-record-view, index_or_alias)
NotFoundError(404, 'index_not_found_exception', 'no such index [stats-record-view]', stats-record-view, index_or_alias)
NotFoundError(404, 'index_not_found_exception', 'no such index [stats-record-view]', stats-record-view, index_or_alias)
NotFoundError(404, 'index_not_found_exception', 'no such index [stats-record-view]', stats-record-view, index_or_alias)
NotFoundError(404, 'index_not_found_exception', 'no such index [stats-file-download]', stats-file-download, index_or_alias)
[2025-12-10 10:07:28,021] WARNING in api: NotFoundError(404, 'index_not_found_exception', 'no such index [stats-file-download]', stats-file-download, index_or_alias)
NotFoundError(404, 'index_not_found_exception', 'no such index [stats-file-download]', stats-file-download, index_or_alias)
NotFoundError(404, 'index_not_found_exception', 'no such index [stats-file-download]', stats-file-download, index_or_alias)
NotFoundError(404, 'index_not_found_exception', 'no such index [stats-file-download]', stats-file-download, index_or_alias)
NotFoundError(404, 'index_not_found_exception', 'no such index [stats-file-download]', stats-file-download, index_or_alias)
NotFoundError(404, 'index_not_found_exception', 'no such index [stats-file-download]', stats-file-download, index_or_alias)
NotFoundError(404, 'index_not_found_exception', 'no such index [stats-file-download]', stats-file-download, index_or_alias)
NotFoundError(404, 'index_not_found_exception', 'no such index [stats-file-download]', stats-file-download, index_or_alias)
NotFoundError(404, 'index_not_found_exception', 'no such index [stats-file-download]', stats-file-download, index_or_alias)
NotFoundError(404, 'index_not_found_exception', 'no such index [stats-record-view]', stats-record-view, index_or_alias)
[2025-12-10 10:07:28,330] WARNING in api: NotFoundError(404, 'index_not_found_exception', 'no such index [stats-record-view]', stats-record-view, index_or_alias)
NotFoundError(404, 'index_not_found_exception', 'no such index [stats-record-view]', stats-record-view, index_or_alias)
NotFoundError(404, 'index_not_found_exception', 'no such index [stats-record-view]', stats-record-view, index_or_alias)
NotFoundError(404, 'index_not_found_exception', 'no such index [stats-record-view]', stats-record-view, index_or_alias)
NotFoundError(404, 'index_not_found_exception', 'no such index [stats-record-view]', stats-record-view, index_or_alias)
NotFoundError(404, 'index_not_found_exception', 'no such index [stats-record-view]', stats-record-view, index_or_alias)
NotFoundError(404, 'index_not_found_exception', 'no such index [stats-record-view]', stats-record-view, index_or_alias)
NotFoundError(404, 'index_not_found_exception', 'no such index [stats-record-view]', stats-record-view, index_or_alias)
NotFoundError(404, 'index_not_found_exception', 'no such index [stats-record-view]', stats-record-view, index_or_alias)
NotFoundError(404, 'index_not_found_exception', 'no such index [stats-file-download]', stats-file-download, index_or_alias)
[2025-12-10 10:07:28,332] WARNING in api: NotFoundError(404, 'index_not_found_exception', 'no such index [stats-file-download]', stats-file-download, index_or_alias)
NotFoundError(404, 'index_not_found_exception', 'no such index [stats-file-download]', stats-file-download, index_or_alias)
NotFoundError(404, 'index_not_found_exception', 'no such index [stats-file-download]', stats-file-download, index_or_alias)
NotFoundError(404, 'index_not_found_exception', 'no such index [stats-file-download]', stats-file-download, index_or_alias)
NotFoundError(404, 'index_not_found_exception', 'no such index [stats-file-download]', stats-file-download, index_or_alias)
NotFoundError(404, 'index_not_found_exception', 'no such index [stats-file-download]', stats-file-download, index_or_alias)
NotFoundError(404, 'index_not_found_exception', 'no such index [stats-file-download]', stats-file-download, index_or_alias)
NotFoundError(404, 'index_not_found_exception', 'no such index [stats-file-download]', stats-file-download, index_or_alias)
NotFoundError(404, 'index_not_found_exception', 'no such index [stats-file-download]', stats-file-download, index_or_alias)
NotFoundError(404, 'index_not_found_exception', 'no such index [stats-record-view]', stats-record-view, index_or_alias)
[2025-12-10 10:07:28,465] WARNING in api: NotFoundError(404, 'index_not_found_exception', 'no such index [stats-record-view]', stats-record-view, index_or_alias)
NotFoundError(404, 'index_not_found_exception', 'no such index [stats-record-view]', stats-record-view, index_or_alias)
NotFoundError(404, 'index_not_found_exception', 'no such index [stats-record-view]', stats-record-view, index_or_alias)
NotFoundError(404, 'index_not_found_exception', 'no such index [stats-record-view]', stats-record-view, index_or_alias)
NotFoundError(404, 'index_not_found_exception', 'no such index [stats-record-view]', stats-record-view, index_or_alias)
NotFoundError(404, 'index_not_found_exception', 'no such index [stats-record-view]', stats-record-view, index_or_alias)
NotFoundError(404, 'index_not_found_exception', 'no such index [stats-record-view]', stats-record-view, index_or_alias)
NotFoundError(404, 'index_not_found_exception', 'no such index [stats-record-view]', stats-record-view, index_or_alias)
NotFoundError(404, 'index_not_found_exception', 'no such index [stats-record-view]', stats-record-view, index_or_alias)
NotFoundError(404, 'index_not_found_exception', 'no such index [stats-file-download]', stats-file-download, index_or_alias)
[2025-12-10 10:07:28,468] WARNING in api: NotFoundError(404, 'index_not_found_exception', 'no such index [stats-file-download]', stats-file-download, index_or_alias)
NotFoundError(404, 'index_not_found_exception', 'no such index [stats-file-download]', stats-file-download, index_or_alias)
NotFoundError(404, 'index_not_found_exception', 'no such index [stats-file-download]', stats-file-download, index_or_alias)
NotFoundError(404, 'index_not_found_exception', 'no such index [stats-file-download]', stats-file-download, index_or_alias)
NotFoundError(404, 'index_not_found_exception', 'no such index [stats-file-download]', stats-file-download, index_or_alias)
NotFoundError(404, 'index_not_found_exception', 'no such index [stats-file-download]', stats-file-download, index_or_alias)
NotFoundError(404, 'index_not_found_exception', 'no such index [stats-file-download]', stats-file-download, index_or_alias)
NotFoundError(404, 'index_not_found_exception', 'no such index [stats-file-download]', stats-file-download, index_or_alias)
NotFoundError(404, 'index_not_found_exception', 'no such index [stats-file-download]', stats-file-download, index_or_alias)
NotFoundError(404, 'index_not_found_exception', 'no such index [stats-record-view]', stats-record-view, index_or_alias)
[2025-12-10 10:07:28,824] WARNING in api: NotFoundError(404, 'index_not_found_exception', 'no such index [stats-record-view]', stats-record-view, index_or_alias)
NotFoundError(404, 'index_not_found_exception', 'no such index [stats-record-view]', stats-record-view, index_or_alias)
NotFoundError(404, 'index_not_found_exception', 'no such index [stats-record-view]', stats-record-view, index_or_alias)
NotFoundError(404, 'index_not_found_exception', 'no such index [stats-record-view]', stats-record-view, index_or_alias)
NotFoundError(404, 'index_not_found_exception', 'no such index [stats-record-view]', stats-record-view, index_or_alias)
NotFoundError(404, 'index_not_found_exception', 'no such index [stats-record-view]', stats-record-view, index_or_alias)
NotFoundError(404, 'index_not_found_exception', 'no such index [stats-record-view]', stats-record-view, index_or_alias)
NotFoundError(404, 'index_not_found_exception', 'no such index [stats-record-view]', stats-record-view, index_or_alias)
NotFoundError(404, 'index_not_found_exception', 'no such index [stats-record-view]', stats-record-view, index_or_alias)
NotFoundError(404, 'index_not_found_exception', 'no such index [stats-file-download]', stats-file-download, index_or_alias)
[2025-12-10 10:07:28,826] WARNING in api: NotFoundError(404, 'index_not_found_exception', 'no such index [stats-file-download]', stats-file-download, index_or_alias)
NotFoundError(404, 'index_not_found_exception', 'no such index [stats-file-download]', stats-file-download, index_or_alias)
NotFoundError(404, 'index_not_found_exception', 'no such index [stats-file-download]', stats-file-download, index_or_alias)
NotFoundError(404, 'index_not_found_exception', 'no such index [stats-file-download]', stats-file-download, index_or_alias)
NotFoundError(404, 'index_not_found_exception', 'no such index [stats-file-download]', stats-file-download, index_or_alias)
NotFoundError(404, 'index_not_found_exception', 'no such index [stats-file-download]', stats-file-download, index_or_alias)
NotFoundError(404, 'index_not_found_exception', 'no such index [stats-file-download]', stats-file-download, index_or_alias)
NotFoundError(404, 'index_not_found_exception', 'no such index [stats-file-download]', stats-file-download, index_or_alias)
NotFoundError(404, 'index_not_found_exception', 'no such index [stats-file-download]', stats-file-download, index_or_alias)
NotFoundError(404, 'index_not_found_exception', 'no such index [stats-record-view]', stats-record-view, index_or_alias)
[2025-12-10 10:07:28,985] WARNING in api: NotFoundError(404, 'index_not_found_exception', 'no such index [stats-record-view]', stats-record-view, index_or_alias)
NotFoundError(404, 'index_not_found_exception', 'no such index [stats-record-view]', stats-record-view, index_or_alias)
NotFoundError(404, 'index_not_found_exception', 'no such index [stats-record-view]', stats-record-view, index_or_alias)
NotFoundError(404, 'index_not_found_exception', 'no such index [stats-record-view]', stats-record-view, index_or_alias)
NotFoundError(404, 'index_not_found_exception', 'no such index [stats-record-view]', stats-record-view, index_or_alias)
NotFoundError(404, 'index_not_found_exception', 'no such index [stats-record-view]', stats-record-view, index_or_alias)
NotFoundError(404, 'index_not_found_exception', 'no such index [stats-record-view]', stats-record-view, index_or_alias)
NotFoundError(404, 'index_not_found_exception', 'no such index [stats-record-view]', stats-record-view, index_or_alias)
NotFoundError(404, 'index_not_found_exception', 'no such index [stats-record-view]', stats-record-view, index_or_alias)
NotFoundError(404, 'index_not_found_exception', 'no such index [stats-file-download]', stats-file-download, index_or_alias)
[2025-12-10 10:07:28,988] WARNING in api: NotFoundError(404, 'index_not_found_exception', 'no such index [stats-file-download]', stats-file-download, index_or_alias)
NotFoundError(404, 'index_not_found_exception', 'no such index [stats-file-download]', stats-file-download, index_or_alias)
NotFoundError(404, 'index_not_found_exception', 'no such index [stats-file-download]', stats-file-download, index_or_alias)
NotFoundError(404, 'index_not_found_exception', 'no such index [stats-file-download]', stats-file-download, index_or_alias)
NotFoundError(404, 'index_not_found_exception', 'no such index [stats-file-download]', stats-file-download, index_or_alias)
NotFoundError(404, 'index_not_found_exception', 'no such index [stats-file-download]', stats-file-download, index_or_alias)
NotFoundError(404, 'index_not_found_exception', 'no such index [stats-file-download]', stats-file-download, index_or_alias)
NotFoundError(404, 'index_not_found_exception', 'no such index [stats-file-download]', stats-file-download, index_or_alias)
NotFoundError(404, 'index_not_found_exception', 'no such index [stats-file-download]', stats-file-download, index_or_alias)
NotFoundError(404, 'index_not_found_exception', 'no such index [stats-record-view]', stats-record-view, index_or_alias)
[2025-12-10 10:07:29,225] WARNING in api: NotFoundError(404, 'index_not_found_exception', 'no such index [stats-record-view]', stats-record-view, index_or_alias)
NotFoundError(404, 'index_not_found_exception', 'no such index [stats-record-view]', stats-record-view, index_or_alias)
NotFoundError(404, 'index_not_found_exception', 'no such index [stats-record-view]', stats-record-view, index_or_alias)
NotFoundError(404, 'index_not_found_exception', 'no such index [stats-record-view]', stats-record-view, index_or_alias)
NotFoundError(404, 'index_not_found_exception', 'no such index [stats-record-view]', stats-record-view, index_or_alias)
NotFoundError(404, 'index_not_found_exception', 'no such index [stats-record-view]', stats-record-view, index_or_alias)
NotFoundError(404, 'index_not_found_exception', 'no such index [stats-record-view]', stats-record-view, index_or_alias)
NotFoundError(404, 'index_not_found_exception', 'no such index [stats-record-view]', stats-record-view, index_or_alias)
NotFoundError(404, 'index_not_found_exception', 'no such index [stats-record-view]', stats-record-view, index_or_alias)
NotFoundError(404, 'index_not_found_exception', 'no such index [stats-file-download]', stats-file-download, index_or_alias)
[2025-12-10 10:07:29,228] WARNING in api: NotFoundError(404, 'index_not_found_exception', 'no such index [stats-file-download]', stats-file-download, index_or_alias)
NotFoundError(404, 'index_not_found_exception', 'no such index [stats-file-download]', stats-file-download, index_or_alias)
NotFoundError(404, 'index_not_found_exception', 'no such index [stats-file-download]', stats-file-download, index_or_alias)
NotFoundError(404, 'index_not_found_exception', 'no such index [stats-file-download]', stats-file-download, index_or_alias)
NotFoundError(404, 'index_not_found_exception', 'no such index [stats-file-download]', stats-file-download, index_or_alias)
NotFoundError(404, 'index_not_found_exception', 'no such index [stats-file-download]', stats-file-download, index_or_alias)
NotFoundError(404, 'index_not_found_exception', 'no such index [stats-file-download]', stats-file-download, index_or_alias)
NotFoundError(404, 'index_not_found_exception', 'no such index [stats-file-download]', stats-file-download, index_or_alias)
NotFoundError(404, 'index_not_found_exception', 'no such index [stats-file-download]', stats-file-download, index_or_alias)
NotFoundError(404, 'index_not_found_exception', 'no such index [stats-record-view]', stats-record-view, index_or_alias)
[2025-12-10 10:07:29,251] WARNING in api: NotFoundError(404, 'index_not_found_exception', 'no such index [stats-record-view]', stats-record-view, index_or_alias)
NotFoundError(404, 'index_not_found_exception', 'no such index [stats-record-view]', stats-record-view, index_or_alias)
NotFoundError(404, 'index_not_found_exception', 'no such index [stats-record-view]', stats-record-view, index_or_alias)
NotFoundError(404, 'index_not_found_exception', 'no such index [stats-record-view]', stats-record-view, index_or_alias)
NotFoundError(404, 'index_not_found_exception', 'no such index [stats-record-view]', stats-record-view, index_or_alias)
NotFoundError(404, 'index_not_found_exception', 'no such index [stats-record-view]', stats-record-view, index_or_alias)
NotFoundError(404, 'index_not_found_exception', 'no such index [stats-record-view]', stats-record-view, index_or_alias)
NotFoundError(404, 'index_not_found_exception', 'no such index [stats-record-view]', stats-record-view, index_or_alias)
NotFoundError(404, 'index_not_found_exception', 'no such index [stats-record-view]', stats-record-view, index_or_alias)
NotFoundError(404, 'index_not_found_exception', 'no such index [stats-file-download]', stats-file-download, index_or_alias)
[2025-12-10 10:07:29,253] WARNING in api: NotFoundError(404, 'index_not_found_exception', 'no such index [stats-file-download]', stats-file-download, index_or_alias)
NotFoundError(404, 'index_not_found_exception', 'no such index [stats-file-download]', stats-file-download, index_or_alias)
NotFoundError(404, 'index_not_found_exception', 'no such index [stats-file-download]', stats-file-download, index_or_alias)
NotFoundError(404, 'index_not_found_exception', 'no such index [stats-file-download]', stats-file-download, index_or_alias)
NotFoundError(404, 'index_not_found_exception', 'no such index [stats-file-download]', stats-file-download, index_or_alias)
NotFoundError(404, 'index_not_found_exception', 'no such index [stats-file-download]', stats-file-download, index_or_alias)
NotFoundError(404, 'index_not_found_exception', 'no such index [stats-file-download]', stats-file-download, index_or_alias)
NotFoundError(404, 'index_not_found_exception', 'no such index [stats-file-download]', stats-file-download, index_or_alias)
NotFoundError(404, 'index_not_found_exception', 'no such index [stats-file-download]', stats-file-download, index_or_alias)
NotFoundError(404, 'index_not_found_exception', 'no such index [stats-record-view]', stats-record-view, index_or_alias)
[2025-12-10 10:07:29,370] WARNING in api: NotFoundError(404, 'index_not_found_exception', 'no such index [stats-record-view]', stats-record-view, index_or_alias)
NotFoundError(404, 'index_not_found_exception', 'no such index [stats-record-view]', stats-record-view, index_or_alias)
NotFoundError(404, 'index_not_found_exception', 'no such index [stats-record-view]', stats-record-view, index_or_alias)
NotFoundError(404, 'index_not_found_exception', 'no such index [stats-record-view]', stats-record-view, index_or_alias)
NotFoundError(404, 'index_not_found_exception', 'no such index [stats-record-view]', stats-record-view, index_or_alias)
NotFoundError(404, 'index_not_found_exception', 'no such index [stats-record-view]', stats-record-view, index_or_alias)
NotFoundError(404, 'index_not_found_exception', 'no such index [stats-record-view]', stats-record-view, index_or_alias)
NotFoundError(404, 'index_not_found_exception', 'no such index [stats-record-view]', stats-record-view, index_or_alias)
NotFoundError(404, 'index_not_found_exception', 'no such index [stats-record-view]', stats-record-view, index_or_alias)
NotFoundError(404, 'index_not_found_exception', 'no such index [stats-file-download]', stats-file-download, index_or_alias)
[2025-12-10 10:07:29,372] WARNING in api: NotFoundError(404, 'index_not_found_exception', 'no such index [stats-file-download]', stats-file-download, index_or_alias)
NotFoundError(404, 'index_not_found_exception', 'no such index [stats-file-download]', stats-file-download, index_or_alias)
NotFoundError(404, 'index_not_found_exception', 'no such index [stats-file-download]', stats-file-download, index_or_alias)
NotFoundError(404, 'index_not_found_exception', 'no such index [stats-file-download]', stats-file-download, index_or_alias)
NotFoundError(404, 'index_not_found_exception', 'no such index [stats-file-download]', stats-file-download, index_or_alias)
NotFoundError(404, 'index_not_found_exception', 'no such index [stats-file-download]', stats-file-download, index_or_alias)
NotFoundError(404, 'index_not_found_exception', 'no such index [stats-file-download]', stats-file-download, index_or_alias)
NotFoundError(404, 'index_not_found_exception', 'no such index [stats-file-download]', stats-file-download, index_or_alias)
NotFoundError(404, 'index_not_found_exception', 'no such index [stats-file-download]', stats-file-download, index_or_alias)
NotFoundError(404, 'index_not_found_exception', 'no such index [stats-record-view]', stats-record-view, index_or_alias)
[2025-12-10 10:07:29,939] WARNING in api: NotFoundError(404, 'index_not_found_exception', 'no such index [stats-record-view]', stats-record-view, index_or_alias)
NotFoundError(404, 'index_not_found_exception', 'no such index [stats-record-view]', stats-record-view, index_or_alias)
NotFoundError(404, 'index_not_found_exception', 'no such index [stats-record-view]', stats-record-view, index_or_alias)
NotFoundError(404, 'index_not_found_exception', 'no such index [stats-record-view]', stats-record-view, index_or_alias)
NotFoundError(404, 'index_not_found_exception', 'no such index [stats-record-view]', stats-record-view, index_or_alias)
NotFoundError(404, 'index_not_found_exception', 'no such index [stats-record-view]', stats-record-view, index_or_alias)
NotFoundError(404, 'index_not_found_exception', 'no such index [stats-record-view]', stats-record-view, index_or_alias)
NotFoundError(404, 'index_not_found_exception', 'no such index [stats-record-view]', stats-record-view, index_or_alias)
NotFoundError(404, 'index_not_found_exception', 'no such index [stats-record-view]', stats-record-view, index_or_alias)
NotFoundError(404, 'index_not_found_exception', 'no such index [stats-file-download]', stats-file-download, index_or_alias)
[2025-12-10 10:07:29,942] WARNING in api: NotFoundError(404, 'index_not_found_exception', 'no such index [stats-file-download]', stats-file-download, index_or_alias)
NotFoundError(404, 'index_not_found_exception', 'no such index [stats-file-download]', stats-file-download, index_or_alias)
NotFoundError(404, 'index_not_found_exception', 'no such index [stats-file-download]', stats-file-download, index_or_alias)
NotFoundError(404, 'index_not_found_exception', 'no such index [stats-file-download]', stats-file-download, index_or_alias)
NotFoundError(404, 'index_not_found_exception', 'no such index [stats-file-download]', stats-file-download, index_or_alias)
NotFoundError(404, 'index_not_found_exception', 'no such index [stats-file-download]', stats-file-download, index_or_alias)
NotFoundError(404, 'index_not_found_exception', 'no such index [stats-file-download]', stats-file-download, index_or_alias)
NotFoundError(404, 'index_not_found_exception', 'no such index [stats-file-download]', stats-file-download, index_or_alias)
NotFoundError(404, 'index_not_found_exception', 'no such index [stats-file-download]', stats-file-download, index_or_alias)
NotFoundError(404, 'index_not_found_exception', 'no such index [stats-record-view]', stats-record-view, index_or_alias)
[2025-12-10 10:07:30,676] WARNING in api: NotFoundError(404, 'index_not_found_exception', 'no such index [stats-record-view]', stats-record-view, index_or_alias)
NotFoundError(404, 'index_not_found_exception', 'no such index [stats-record-view]', stats-record-view, index_or_alias)
NotFoundError(404, 'index_not_found_exception', 'no such index [stats-record-view]', stats-record-view, index_or_alias)
NotFoundError(404, 'index_not_found_exception', 'no such index [stats-record-view]', stats-record-view, index_or_alias)
NotFoundError(404, 'index_not_found_exception', 'no such index [stats-record-view]', stats-record-view, index_or_alias)
NotFoundError(404, 'index_not_found_exception', 'no such index [stats-record-view]', stats-record-view, index_or_alias)
NotFoundError(404, 'index_not_found_exception', 'no such index [stats-record-view]', stats-record-view, index_or_alias)
NotFoundError(404, 'index_not_found_exception', 'no such index [stats-record-view]', stats-record-view, index_or_alias)
NotFoundError(404, 'index_not_found_exception', 'no such index [stats-record-view]', stats-record-view, index_or_alias)
NotFoundError(404, 'index_not_found_exception', 'no such index [stats-file-download]', stats-file-download, index_or_alias)
[2025-12-10 10:07:30,679] WARNING in api: NotFoundError(404, 'index_not_found_exception', 'no such index [stats-file-download]', stats-file-download, index_or_alias)
NotFoundError(404, 'index_not_found_exception', 'no such index [stats-file-download]', stats-file-download, index_or_alias)
NotFoundError(404, 'index_not_found_exception', 'no such index [stats-file-download]', stats-file-download, index_or_alias)
NotFoundError(404, 'index_not_found_exception', 'no such index [stats-file-download]', stats-file-download, index_or_alias)
NotFoundError(404, 'index_not_found_exception', 'no such index [stats-file-download]', stats-file-download, index_or_alias)
NotFoundError(404, 'index_not_found_exception', 'no such index [stats-file-download]', stats-file-download, index_or_alias)
NotFoundError(404, 'index_not_found_exception', 'no such index [stats-file-download]', stats-file-download, index_or_alias)
NotFoundError(404, 'index_not_found_exception', 'no such index [stats-file-download]', stats-file-download, index_or_alias)
NotFoundError(404, 'index_not_found_exception', 'no such index [stats-file-download]', stats-file-download, index_or_alias)
NotFoundError(404, 'index_not_found_exception', 'no such index [stats-record-view]', stats-record-view, index_or_alias)
[2025-12-10 10:07:31,324] WARNING in api: NotFoundError(404, 'index_not_found_exception', 'no such index [stats-record-view]', stats-record-view, index_or_alias)
NotFoundError(404, 'index_not_found_exception', 'no such index [stats-record-view]', stats-record-view, index_or_alias)
NotFoundError(404, 'index_not_found_exception', 'no such index [stats-record-view]', stats-record-view, index_or_alias)
NotFoundError(404, 'index_not_found_exception', 'no such index [stats-record-view]', stats-record-view, index_or_alias)
NotFoundError(404, 'index_not_found_exception', 'no such index [stats-record-view]', stats-record-view, index_or_alias)
NotFoundError(404, 'index_not_found_exception', 'no such index [stats-record-view]', stats-record-view, index_or_alias)
NotFoundError(404, 'index_not_found_exception', 'no such index [stats-record-view]', stats-record-view, index_or_alias)
NotFoundError(404, 'index_not_found_exception', 'no such index [stats-record-view]', stats-record-view, index_or_alias)
NotFoundError(404, 'index_not_found_exception', 'no such index [stats-record-view]', stats-record-view, index_or_alias)
NotFoundError(404, 'index_not_found_exception', 'no such index [stats-file-download]', stats-file-download, index_or_alias)
[2025-12-10 10:07:31,327] WARNING in api: NotFoundError(404, 'index_not_found_exception', 'no such index [stats-file-download]', stats-file-download, index_or_alias)
NotFoundError(404, 'index_not_found_exception', 'no such index [stats-file-download]', stats-file-download, index_or_alias)
NotFoundError(404, 'index_not_found_exception', 'no such index [stats-file-download]', stats-file-download, index_or_alias)
NotFoundError(404, 'index_not_found_exception', 'no such index [stats-file-download]', stats-file-download, index_or_alias)
NotFoundError(404, 'index_not_found_exception', 'no such index [stats-file-download]', stats-file-download, index_or_alias)
NotFoundError(404, 'index_not_found_exception', 'no such index [stats-file-download]', stats-file-download, index_or_alias)
NotFoundError(404, 'index_not_found_exception', 'no such index [stats-file-download]', stats-file-download, index_or_alias)
NotFoundError(404, 'index_not_found_exception', 'no such index [stats-file-download]', stats-file-download, index_or_alias)
NotFoundError(404, 'index_not_found_exception', 'no such index [stats-file-download]', stats-file-download, index_or_alias)
Starting data migration...
Resource type update has started.
Updating resource type for record 0gyp0-mmz29
NotFoundError(404, 'index_not_found_exception', 'no such index [stats-record-view]', stats-record-view, index_or_alias)
[2025-12-10 10:07:31,588] WARNING in api: NotFoundError(404, 'index_not_found_exception', 'no such index [stats-record-view]', stats-record-view, index_or_alias)
NotFoundError(404, 'index_not_found_exception', 'no such index [stats-record-view]', stats-record-view, index_or_alias)
NotFoundError(404, 'index_not_found_exception', 'no such index [stats-record-view]', stats-record-view, index_or_alias)
NotFoundError(404, 'index_not_found_exception', 'no such index [stats-record-view]', stats-record-view, index_or_alias)
NotFoundError(404, 'index_not_found_exception', 'no such index [stats-record-view]', stats-record-view, index_or_alias)
NotFoundError(404, 'index_not_found_exception', 'no such index [stats-record-view]', stats-record-view, index_or_alias)
NotFoundError(404, 'index_not_found_exception', 'no such index [stats-record-view]', stats-record-view, index_or_alias)
NotFoundError(404, 'index_not_found_exception', 'no such index [stats-record-view]', stats-record-view, index_or_alias)
NotFoundError(404, 'index_not_found_exception', 'no such index [stats-record-view]', stats-record-view, index_or_alias)
NotFoundError(404, 'index_not_found_exception', 'no such index [stats-file-download]', stats-file-download, index_or_alias)
[2025-12-10 10:07:31,591] WARNING in api: NotFoundError(404, 'index_not_found_exception', 'no such index [stats-file-download]', stats-file-download, index_or_alias)
NotFoundError(404, 'index_not_found_exception', 'no such index [stats-file-download]', stats-file-download, index_or_alias)
NotFoundError(404, 'index_not_found_exception', 'no such index [stats-file-download]', stats-file-download, index_or_alias)
NotFoundError(404, 'index_not_found_exception', 'no such index [stats-file-download]', stats-file-download, index_or_alias)
NotFoundError(404, 'index_not_found_exception', 'no such index [stats-file-download]', stats-file-download, index_or_alias)
NotFoundError(404, 'index_not_found_exception', 'no such index [stats-file-download]', stats-file-download, index_or_alias)
NotFoundError(404, 'index_not_found_exception', 'no such index [stats-file-download]', stats-file-download, index_or_alias)
NotFoundError(404, 'index_not_found_exception', 'no such index [stats-file-download]', stats-file-download, index_or_alias)
NotFoundError(404, 'index_not_found_exception', 'no such index [stats-file-download]', stats-file-download, index_or_alias)
NotFoundError(404, 'index_not_found_exception', 'no such index [stats-record-view]', stats-record-view, index_or_alias)
[2025-12-10 10:07:31,927] WARNING in api: NotFoundError(404, 'index_not_found_exception', 'no such index [stats-record-view]', stats-record-view, index_or_alias)
NotFoundError(404, 'index_not_found_exception', 'no such index [stats-record-view]', stats-record-view, index_or_alias)
NotFoundError(404, 'index_not_found_exception', 'no such index [stats-record-view]', stats-record-view, index_or_alias)
NotFoundError(404, 'index_not_found_exception', 'no such index [stats-record-view]', stats-record-view, index_or_alias)
NotFoundError(404, 'index_not_found_exception', 'no such index [stats-record-view]', stats-record-view, index_or_alias)
NotFoundError(404, 'index_not_found_exception', 'no such index [stats-record-view]', stats-record-view, index_or_alias)
NotFoundError(404, 'index_not_found_exception', 'no such index [stats-record-view]', stats-record-view, index_or_alias)
NotFoundError(404, 'index_not_found_exception', 'no such index [stats-record-view]', stats-record-view, index_or_alias)
NotFoundError(404, 'index_not_found_exception', 'no such index [stats-record-view]', stats-record-view, index_or_alias)
NotFoundError(404, 'index_not_found_exception', 'no such index [stats-file-download]', stats-file-download, index_or_alias)
[2025-12-10 10:07:31,929] WARNING in api: NotFoundError(404, 'index_not_found_exception', 'no such index [stats-file-download]', stats-file-download, index_or_alias)
NotFoundError(404, 'index_not_found_exception', 'no such index [stats-file-download]', stats-file-download, index_or_alias)
NotFoundError(404, 'index_not_found_exception', 'no such index [stats-file-download]', stats-file-download, index_or_alias)
NotFoundError(404, 'index_not_found_exception', 'no such index [stats-file-download]', stats-file-download, index_or_alias)
NotFoundError(404, 'index_not_found_exception', 'no such index [stats-file-download]', stats-file-download, index_or_alias)
NotFoundError(404, 'index_not_found_exception', 'no such index [stats-file-download]', stats-file-download, index_or_alias)
NotFoundError(404, 'index_not_found_exception', 'no such index [stats-file-download]', stats-file-download, index_or_alias)
NotFoundError(404, 'index_not_found_exception', 'no such index [stats-file-download]', stats-file-download, index_or_alias)
NotFoundError(404, 'index_not_found_exception', 'no such index [stats-file-download]', stats-file-download, index_or_alias)
NotFoundError(404, 'index_not_found_exception', 'no such index [stats-record-view]', stats-record-view, index_or_alias)
[2025-12-10 10:07:31,957] WARNING in api: NotFoundError(404, 'index_not_found_exception', 'no such index [stats-record-view]', stats-record-view, index_or_alias)
NotFoundError(404, 'index_not_found_exception', 'no such index [stats-record-view]', stats-record-view, index_or_alias)
NotFoundError(404, 'index_not_found_exception', 'no such index [stats-record-view]', stats-record-view, index_or_alias)
NotFoundError(404, 'index_not_found_exception', 'no such index [stats-record-view]', stats-record-view, index_or_alias)
NotFoundError(404, 'index_not_found_exception', 'no such index [stats-record-view]', stats-record-view, index_or_alias)
NotFoundError(404, 'index_not_found_exception', 'no such index [stats-record-view]', stats-record-view, index_or_alias)
NotFoundError(404, 'index_not_found_exception', 'no such index [stats-record-view]', stats-record-view, index_or_alias)
NotFoundError(404, 'index_not_found_exception', 'no such index [stats-record-view]', stats-record-view, index_or_alias)
NotFoundError(404, 'index_not_found_exception', 'no such index [stats-record-view]', stats-record-view, index_or_alias)
NotFoundError(404, 'index_not_found_exception', 'no such index [stats-file-download]', stats-file-download, index_or_alias)
[2025-12-10 10:07:31,960] WARNING in api: NotFoundError(404, 'index_not_found_exception', 'no such index [stats-file-download]', stats-file-download, index_or_alias)
NotFoundError(404, 'index_not_found_exception', 'no such index [stats-file-download]', stats-file-download, index_or_alias)
NotFoundError(404, 'index_not_found_exception', 'no such index [stats-file-download]', stats-file-download, index_or_alias)
NotFoundError(404, 'index_not_found_exception', 'no such index [stats-file-download]', stats-file-download, index_or_alias)
NotFoundError(404, 'index_not_found_exception', 'no such index [stats-file-download]', stats-file-download, index_or_alias)
NotFoundError(404, 'index_not_found_exception', 'no such index [stats-file-download]', stats-file-download, index_or_alias)
NotFoundError(404, 'index_not_found_exception', 'no such index [stats-file-download]', stats-file-download, index_or_alias)
NotFoundError(404, 'index_not_found_exception', 'no such index [stats-file-download]', stats-file-download, index_or_alias)
NotFoundError(404, 'index_not_found_exception', 'no such index [stats-file-download]', stats-file-download, index_or_alias)
Record <0gyp0-mmz29> has been updated successfully.
Updating resource type for record w6thj-2bd25
Record <w6thj-2bd25> has an existing draft <w6thj-2bd25>! Updating record via low-level API.
Record <w6thj-2bd25> has been updated... committing changes.
NotFoundError(404, 'index_not_found_exception', 'no such index [stats-record-view]', stats-record-view, index_or_alias)
[2025-12-10 10:07:32,116] WARNING in api: NotFoundError(404, 'index_not_found_exception', 'no such index [stats-record-view]', stats-record-view, index_or_alias)
NotFoundError(404, 'index_not_found_exception', 'no such index [stats-record-view]', stats-record-view, index_or_alias)
NotFoundError(404, 'index_not_found_exception', 'no such index [stats-record-view]', stats-record-view, index_or_alias)
NotFoundError(404, 'index_not_found_exception', 'no such index [stats-record-view]', stats-record-view, index_or_alias)
NotFoundError(404, 'index_not_found_exception', 'no such index [stats-record-view]', stats-record-view, index_or_alias)
NotFoundError(404, 'index_not_found_exception', 'no such index [stats-record-view]', stats-record-view, index_or_alias)
NotFoundError(404, 'index_not_found_exception', 'no such index [stats-record-view]', stats-record-view, index_or_alias)
NotFoundError(404, 'index_not_found_exception', 'no such index [stats-record-view]', stats-record-view, index_or_alias)
NotFoundError(404, 'index_not_found_exception', 'no such index [stats-record-view]', stats-record-view, index_or_alias)
NotFoundError(404, 'index_not_found_exception', 'no such index [stats-file-download]', stats-file-download, index_or_alias)
[2025-12-10 10:07:32,119] WARNING in api: NotFoundError(404, 'index_not_found_exception', 'no such index [stats-file-download]', stats-file-download, index_or_alias)
NotFoundError(404, 'index_not_found_exception', 'no such index [stats-file-download]', stats-file-download, index_or_alias)
NotFoundError(404, 'index_not_found_exception', 'no such index [stats-file-download]', stats-file-download, index_or_alias)
NotFoundError(404, 'index_not_found_exception', 'no such index [stats-file-download]', stats-file-download, index_or_alias)
NotFoundError(404, 'index_not_found_exception', 'no such index [stats-file-download]', stats-file-download, index_or_alias)
NotFoundError(404, 'index_not_found_exception', 'no such index [stats-file-download]', stats-file-download, index_or_alias)
NotFoundError(404, 'index_not_found_exception', 'no such index [stats-file-download]', stats-file-download, index_or_alias)
NotFoundError(404, 'index_not_found_exception', 'no such index [stats-file-download]', stats-file-download, index_or_alias)
NotFoundError(404, 'index_not_found_exception', 'no such index [stats-file-download]', stats-file-download, index_or_alias)
Draft <w6thj-2bd25> has been updated successfully.
Record <w6thj-2bd25> has been updated successfully.
Updating resource type for record 35ktr-qab96
NotFoundError(404, 'index_not_found_exception', 'no such index [stats-record-view]', stats-record-view, index_or_alias)
[2025-12-10 10:07:32,282] WARNING in api: NotFoundError(404, 'index_not_found_exception', 'no such index [stats-record-view]', stats-record-view, index_or_alias)
NotFoundError(404, 'index_not_found_exception', 'no such index [stats-record-view]', stats-record-view, index_or_alias)
NotFoundError(404, 'index_not_found_exception', 'no such index [stats-record-view]', stats-record-view, index_or_alias)
NotFoundError(404, 'index_not_found_exception', 'no such index [stats-record-view]', stats-record-view, index_or_alias)
NotFoundError(404, 'index_not_found_exception', 'no such index [stats-record-view]', stats-record-view, index_or_alias)
NotFoundError(404, 'index_not_found_exception', 'no such index [stats-record-view]', stats-record-view, index_or_alias)
NotFoundError(404, 'index_not_found_exception', 'no such index [stats-record-view]', stats-record-view, index_or_alias)
NotFoundError(404, 'index_not_found_exception', 'no such index [stats-record-view]', stats-record-view, index_or_alias)
NotFoundError(404, 'index_not_found_exception', 'no such index [stats-record-view]', stats-record-view, index_or_alias)
NotFoundError(404, 'index_not_found_exception', 'no such index [stats-file-download]', stats-file-download, index_or_alias)
[2025-12-10 10:07:32,284] WARNING in api: NotFoundError(404, 'index_not_found_exception', 'no such index [stats-file-download]', stats-file-download, index_or_alias)
NotFoundError(404, 'index_not_found_exception', 'no such index [stats-file-download]', stats-file-download, index_or_alias)
NotFoundError(404, 'index_not_found_exception', 'no such index [stats-file-download]', stats-file-download, index_or_alias)
NotFoundError(404, 'index_not_found_exception', 'no such index [stats-file-download]', stats-file-download, index_or_alias)
NotFoundError(404, 'index_not_found_exception', 'no such index [stats-file-download]', stats-file-download, index_or_alias)
NotFoundError(404, 'index_not_found_exception', 'no such index [stats-file-download]', stats-file-download, index_or_alias)
NotFoundError(404, 'index_not_found_exception', 'no such index [stats-file-download]', stats-file-download, index_or_alias)
NotFoundError(404, 'index_not_found_exception', 'no such index [stats-file-download]', stats-file-download, index_or_alias)
NotFoundError(404, 'index_not_found_exception', 'no such index [stats-file-download]', stats-file-download, index_or_alias)
NotFoundError(404, 'index_not_found_exception', 'no such index [stats-record-view]', stats-record-view, index_or_alias)
[2025-12-10 10:07:32,560] WARNING in api: NotFoundError(404, 'index_not_found_exception', 'no such index [stats-record-view]', stats-record-view, index_or_alias)
NotFoundError(404, 'index_not_found_exception', 'no such index [stats-record-view]', stats-record-view, index_or_alias)
NotFoundError(404, 'index_not_found_exception', 'no such index [stats-record-view]', stats-record-view, index_or_alias)
NotFoundError(404, 'index_not_found_exception', 'no such index [stats-record-view]', stats-record-view, index_or_alias)
NotFoundError(404, 'index_not_found_exception', 'no such index [stats-record-view]', stats-record-view, index_or_alias)
NotFoundError(404, 'index_not_found_exception', 'no such index [stats-record-view]', stats-record-view, index_or_alias)
NotFoundError(404, 'index_not_found_exception', 'no such index [stats-record-view]', stats-record-view, index_or_alias)
NotFoundError(404, 'index_not_found_exception', 'no such index [stats-record-view]', stats-record-view, index_or_alias)
NotFoundError(404, 'index_not_found_exception', 'no such index [stats-record-view]', stats-record-view, index_or_alias)
NotFoundError(404, 'index_not_found_exception', 'no such index [stats-file-download]', stats-file-download, index_or_alias)
[2025-12-10 10:07:32,562] WARNING in api: NotFoundError(404, 'index_not_found_exception', 'no such index [stats-file-download]', stats-file-download, index_or_alias)
NotFoundError(404, 'index_not_found_exception', 'no such index [stats-file-download]', stats-file-download, index_or_alias)
NotFoundError(404, 'index_not_found_exception', 'no such index [stats-file-download]', stats-file-download, index_or_alias)
NotFoundError(404, 'index_not_found_exception', 'no such index [stats-file-download]', stats-file-download, index_or_alias)
NotFoundError(404, 'index_not_found_exception', 'no such index [stats-file-download]', stats-file-download, index_or_alias)
NotFoundError(404, 'index_not_found_exception', 'no such index [stats-file-download]', stats-file-download, index_or_alias)
NotFoundError(404, 'index_not_found_exception', 'no such index [stats-file-download]', stats-file-download, index_or_alias)
NotFoundError(404, 'index_not_found_exception', 'no such index [stats-file-download]', stats-file-download, index_or_alias)
NotFoundError(404, 'index_not_found_exception', 'no such index [stats-file-download]', stats-file-download, index_or_alias)
NotFoundError(404, 'index_not_found_exception', 'no such index [stats-record-view]', stats-record-view, index_or_alias)
[2025-12-10 10:07:32,584] WARNING in api: NotFoundError(404, 'index_not_found_exception', 'no such index [stats-record-view]', stats-record-view, index_or_alias)
NotFoundError(404, 'index_not_found_exception', 'no such index [stats-record-view]', stats-record-view, index_or_alias)
NotFoundError(404, 'index_not_found_exception', 'no such index [stats-record-view]', stats-record-view, index_or_alias)
NotFoundError(404, 'index_not_found_exception', 'no such index [stats-record-view]', stats-record-view, index_or_alias)
NotFoundError(404, 'index_not_found_exception', 'no such index [stats-record-view]', stats-record-view, index_or_alias)
NotFoundError(404, 'index_not_found_exception', 'no such index [stats-record-view]', stats-record-view, index_or_alias)
NotFoundError(404, 'index_not_found_exception', 'no such index [stats-record-view]', stats-record-view, index_or_alias)
NotFoundError(404, 'index_not_found_exception', 'no such index [stats-record-view]', stats-record-view, index_or_alias)
NotFoundError(404, 'index_not_found_exception', 'no such index [stats-record-view]', stats-record-view, index_or_alias)
NotFoundError(404, 'index_not_found_exception', 'no such index [stats-file-download]', stats-file-download, index_or_alias)
[2025-12-10 10:07:32,587] WARNING in api: NotFoundError(404, 'index_not_found_exception', 'no such index [stats-file-download]', stats-file-download, index_or_alias)
NotFoundError(404, 'index_not_found_exception', 'no such index [stats-file-download]', stats-file-download, index_or_alias)
NotFoundError(404, 'index_not_found_exception', 'no such index [stats-file-download]', stats-file-download, index_or_alias)
NotFoundError(404, 'index_not_found_exception', 'no such index [stats-file-download]', stats-file-download, index_or_alias)
NotFoundError(404, 'index_not_found_exception', 'no such index [stats-file-download]', stats-file-download, index_or_alias)
NotFoundError(404, 'index_not_found_exception', 'no such index [stats-file-download]', stats-file-download, index_or_alias)
NotFoundError(404, 'index_not_found_exception', 'no such index [stats-file-download]', stats-file-download, index_or_alias)
NotFoundError(404, 'index_not_found_exception', 'no such index [stats-file-download]', stats-file-download, index_or_alias)
NotFoundError(404, 'index_not_found_exception', 'no such index [stats-file-download]', stats-file-download, index_or_alias)
Record <35ktr-qab96> has been updated successfully.
Updating resource type for record bb41b-pvd82
Record <bb41b-pvd82> has an existing draft <bb41b-pvd82>! Updating record via low-level API.
Record <bb41b-pvd82> has been updated... committing changes.
NotFoundError(404, 'index_not_found_exception', 'no such index [stats-record-view]', stats-record-view, index_or_alias)
[2025-12-10 10:07:32,760] WARNING in api: NotFoundError(404, 'index_not_found_exception', 'no such index [stats-record-view]', stats-record-view, index_or_alias)
NotFoundError(404, 'index_not_found_exception', 'no such index [stats-record-view]', stats-record-view, index_or_alias)
NotFoundError(404, 'index_not_found_exception', 'no such index [stats-record-view]', stats-record-view, index_or_alias)
NotFoundError(404, 'index_not_found_exception', 'no such index [stats-record-view]', stats-record-view, index_or_alias)
NotFoundError(404, 'index_not_found_exception', 'no such index [stats-record-view]', stats-record-view, index_or_alias)
NotFoundError(404, 'index_not_found_exception', 'no such index [stats-record-view]', stats-record-view, index_or_alias)
NotFoundError(404, 'index_not_found_exception', 'no such index [stats-record-view]', stats-record-view, index_or_alias)
NotFoundError(404, 'index_not_found_exception', 'no such index [stats-record-view]', stats-record-view, index_or_alias)
NotFoundError(404, 'index_not_found_exception', 'no such index [stats-record-view]', stats-record-view, index_or_alias)
NotFoundError(404, 'index_not_found_exception', 'no such index [stats-file-download]', stats-file-download, index_or_alias)
[2025-12-10 10:07:32,763] WARNING in api: NotFoundError(404, 'index_not_found_exception', 'no such index [stats-file-download]', stats-file-download, index_or_alias)
NotFoundError(404, 'index_not_found_exception', 'no such index [stats-file-download]', stats-file-download, index_or_alias)
NotFoundError(404, 'index_not_found_exception', 'no such index [stats-file-download]', stats-file-download, index_or_alias)
NotFoundError(404, 'index_not_found_exception', 'no such index [stats-file-download]', stats-file-download, index_or_alias)
NotFoundError(404, 'index_not_found_exception', 'no such index [stats-file-download]', stats-file-download, index_or_alias)
NotFoundError(404, 'index_not_found_exception', 'no such index [stats-file-download]', stats-file-download, index_or_alias)
NotFoundError(404, 'index_not_found_exception', 'no such index [stats-file-download]', stats-file-download, index_or_alias)
NotFoundError(404, 'index_not_found_exception', 'no such index [stats-file-download]', stats-file-download, index_or_alias)
NotFoundError(404, 'index_not_found_exception', 'no such index [stats-file-download]', stats-file-download, index_or_alias)
Draft <bb41b-pvd82> has been updated successfully.
Record <bb41b-pvd82> has been updated successfully.
Updating resource type for record m00wy-q1s14
NotFoundError(404, 'index_not_found_exception', 'no such index [stats-record-view]', stats-record-view, index_or_alias)
[2025-12-10 10:07:32,933] WARNING in api: NotFoundError(404, 'index_not_found_exception', 'no such index [stats-record-view]', stats-record-view, index_or_alias)
NotFoundError(404, 'index_not_found_exception', 'no such index [stats-record-view]', stats-record-view, index_or_alias)
NotFoundError(404, 'index_not_found_exception', 'no such index [stats-record-view]', stats-record-view, index_or_alias)
NotFoundError(404, 'index_not_found_exception', 'no such index [stats-record-view]', stats-record-view, index_or_alias)
NotFoundError(404, 'index_not_found_exception', 'no such index [stats-record-view]', stats-record-view, index_or_alias)
NotFoundError(404, 'index_not_found_exception', 'no such index [stats-record-view]', stats-record-view, index_or_alias)
NotFoundError(404, 'index_not_found_exception', 'no such index [stats-record-view]', stats-record-view, index_or_alias)
NotFoundError(404, 'index_not_found_exception', 'no such index [stats-record-view]', stats-record-view, index_or_alias)
NotFoundError(404, 'index_not_found_exception', 'no such index [stats-record-view]', stats-record-view, index_or_alias)
NotFoundError(404, 'index_not_found_exception', 'no such index [stats-file-download]', stats-file-download, index_or_alias)
[2025-12-10 10:07:32,936] WARNING in api: NotFoundError(404, 'index_not_found_exception', 'no such index [stats-file-download]', stats-file-download, index_or_alias)
NotFoundError(404, 'index_not_found_exception', 'no such index [stats-file-download]', stats-file-download, index_or_alias)
NotFoundError(404, 'index_not_found_exception', 'no such index [stats-file-download]', stats-file-download, index_or_alias)
NotFoundError(404, 'index_not_found_exception', 'no such index [stats-file-download]', stats-file-download, index_or_alias)
NotFoundError(404, 'index_not_found_exception', 'no such index [stats-file-download]', stats-file-download, index_or_alias)
NotFoundError(404, 'index_not_found_exception', 'no such index [stats-file-download]', stats-file-download, index_or_alias)
NotFoundError(404, 'index_not_found_exception', 'no such index [stats-file-download]', stats-file-download, index_or_alias)
NotFoundError(404, 'index_not_found_exception', 'no such index [stats-file-download]', stats-file-download, index_or_alias)
NotFoundError(404, 'index_not_found_exception', 'no such index [stats-file-download]', stats-file-download, index_or_alias)
NotFoundError(404, 'index_not_found_exception', 'no such index [stats-record-view]', stats-record-view, index_or_alias)
[2025-12-10 10:07:33,229] WARNING in api: NotFoundError(404, 'index_not_found_exception', 'no such index [stats-record-view]', stats-record-view, index_or_alias)
NotFoundError(404, 'index_not_found_exception', 'no such index [stats-record-view]', stats-record-view, index_or_alias)
NotFoundError(404, 'index_not_found_exception', 'no such index [stats-record-view]', stats-record-view, index_or_alias)
NotFoundError(404, 'index_not_found_exception', 'no such index [stats-record-view]', stats-record-view, index_or_alias)
NotFoundError(404, 'index_not_found_exception', 'no such index [stats-record-view]', stats-record-view, index_or_alias)
NotFoundError(404, 'index_not_found_exception', 'no such index [stats-record-view]', stats-record-view, index_or_alias)
NotFoundError(404, 'index_not_found_exception', 'no such index [stats-record-view]', stats-record-view, index_or_alias)
NotFoundError(404, 'index_not_found_exception', 'no such index [stats-record-view]', stats-record-view, index_or_alias)
NotFoundError(404, 'index_not_found_exception', 'no such index [stats-record-view]', stats-record-view, index_or_alias)
NotFoundError(404, 'index_not_found_exception', 'no such index [stats-file-download]', stats-file-download, index_or_alias)
[2025-12-10 10:07:33,232] WARNING in api: NotFoundError(404, 'index_not_found_exception', 'no such index [stats-file-download]', stats-file-download, index_or_alias)
NotFoundError(404, 'index_not_found_exception', 'no such index [stats-file-download]', stats-file-download, index_or_alias)
NotFoundError(404, 'index_not_found_exception', 'no such index [stats-file-download]', stats-file-download, index_or_alias)
NotFoundError(404, 'index_not_found_exception', 'no such index [stats-file-download]', stats-file-download, index_or_alias)
NotFoundError(404, 'index_not_found_exception', 'no such index [stats-file-download]', stats-file-download, index_or_alias)
NotFoundError(404, 'index_not_found_exception', 'no such index [stats-file-download]', stats-file-download, index_or_alias)
NotFoundError(404, 'index_not_found_exception', 'no such index [stats-file-download]', stats-file-download, index_or_alias)
NotFoundError(404, 'index_not_found_exception', 'no such index [stats-file-download]', stats-file-download, index_or_alias)
NotFoundError(404, 'index_not_found_exception', 'no such index [stats-file-download]', stats-file-download, index_or_alias)
NotFoundError(404, 'index_not_found_exception', 'no such index [stats-record-view]', stats-record-view, index_or_alias)
[2025-12-10 10:07:33,254] WARNING in api: NotFoundError(404, 'index_not_found_exception', 'no such index [stats-record-view]', stats-record-view, index_or_alias)
NotFoundError(404, 'index_not_found_exception', 'no such index [stats-record-view]', stats-record-view, index_or_alias)
NotFoundError(404, 'index_not_found_exception', 'no such index [stats-record-view]', stats-record-view, index_or_alias)
NotFoundError(404, 'index_not_found_exception', 'no such index [stats-record-view]', stats-record-view, index_or_alias)
NotFoundError(404, 'index_not_found_exception', 'no such index [stats-record-view]', stats-record-view, index_or_alias)
NotFoundError(404, 'index_not_found_exception', 'no such index [stats-record-view]', stats-record-view, index_or_alias)
NotFoundError(404, 'index_not_found_exception', 'no such index [stats-record-view]', stats-record-view, index_or_alias)
NotFoundError(404, 'index_not_found_exception', 'no such index [stats-record-view]', stats-record-view, index_or_alias)
NotFoundError(404, 'index_not_found_exception', 'no such index [stats-record-view]', stats-record-view, index_or_alias)
NotFoundError(404, 'index_not_found_exception', 'no such index [stats-file-download]', stats-file-download, index_or_alias)
[2025-12-10 10:07:33,257] WARNING in api: NotFoundError(404, 'index_not_found_exception', 'no such index [stats-file-download]', stats-file-download, index_or_alias)
NotFoundError(404, 'index_not_found_exception', 'no such index [stats-file-download]', stats-file-download, index_or_alias)
NotFoundError(404, 'index_not_found_exception', 'no such index [stats-file-download]', stats-file-download, index_or_alias)
NotFoundError(404, 'index_not_found_exception', 'no such index [stats-file-download]', stats-file-download, index_or_alias)
NotFoundError(404, 'index_not_found_exception', 'no such index [stats-file-download]', stats-file-download, index_or_alias)
NotFoundError(404, 'index_not_found_exception', 'no such index [stats-file-download]', stats-file-download, index_or_alias)
NotFoundError(404, 'index_not_found_exception', 'no such index [stats-file-download]', stats-file-download, index_or_alias)
NotFoundError(404, 'index_not_found_exception', 'no such index [stats-file-download]', stats-file-download, index_or_alias)
NotFoundError(404, 'index_not_found_exception', 'no such index [stats-file-download]', stats-file-download, index_or_alias)
Record <m00wy-q1s14> has been updated successfully.
Updating resource type for draft xg7fw-dk414
Draft <xg7fw-dk414> has been updated successfully.
Updating resource type for draft m00wy-q1s14
NotFoundError(404, 'index_not_found_exception', 'no such index [stats-record-view]', stats-record-view, index_or_alias)
[2025-12-10 10:07:33,518] WARNING in api: NotFoundError(404, 'index_not_found_exception', 'no such index [stats-record-view]', stats-record-view, index_or_alias)
NotFoundError(404, 'index_not_found_exception', 'no such index [stats-record-view]', stats-record-view, index_or_alias)
NotFoundError(404, 'index_not_found_exception', 'no such index [stats-record-view]', stats-record-view, index_or_alias)
NotFoundError(404, 'index_not_found_exception', 'no such index [stats-record-view]', stats-record-view, index_or_alias)
NotFoundError(404, 'index_not_found_exception', 'no such index [stats-record-view]', stats-record-view, index_or_alias)
NotFoundError(404, 'index_not_found_exception', 'no such index [stats-record-view]', stats-record-view, index_or_alias)
NotFoundError(404, 'index_not_found_exception', 'no such index [stats-record-view]', stats-record-view, index_or_alias)
NotFoundError(404, 'index_not_found_exception', 'no such index [stats-record-view]', stats-record-view, index_or_alias)
NotFoundError(404, 'index_not_found_exception', 'no such index [stats-record-view]', stats-record-view, index_or_alias)
NotFoundError(404, 'index_not_found_exception', 'no such index [stats-file-download]', stats-file-download, index_or_alias)
[2025-12-10 10:07:33,520] WARNING in api: NotFoundError(404, 'index_not_found_exception', 'no such index [stats-file-download]', stats-file-download, index_or_alias)
NotFoundError(404, 'index_not_found_exception', 'no such index [stats-file-download]', stats-file-download, index_or_alias)
NotFoundError(404, 'index_not_found_exception', 'no such index [stats-file-download]', stats-file-download, index_or_alias)
NotFoundError(404, 'index_not_found_exception', 'no such index [stats-file-download]', stats-file-download, index_or_alias)
NotFoundError(404, 'index_not_found_exception', 'no such index [stats-file-download]', stats-file-download, index_or_alias)
NotFoundError(404, 'index_not_found_exception', 'no such index [stats-file-download]', stats-file-download, index_or_alias)
NotFoundError(404, 'index_not_found_exception', 'no such index [stats-file-download]', stats-file-download, index_or_alias)
NotFoundError(404, 'index_not_found_exception', 'no such index [stats-file-download]', stats-file-download, index_or_alias)
NotFoundError(404, 'index_not_found_exception', 'no such index [stats-file-download]', stats-file-download, index_or_alias)
Skipping draft <m00wy-q1s14> because it doesn't have resource-type 'publication-thesis'!
Errored record IDs:
Errored draft IDs:
Resource type update has finished.
PASSED

tests/test_tasks.py::ISORT PASSED
tests/test_tasks.py::black PASSED
tests/test_tasks.py::test_task_file_integrity_report Loading config for entry point invenio_app_rdm.config
[2025-12-10 10:07:34,835] DEBUG in entrypoint: Loading config for entry point invenio_app_rdm.config
Loading config for entry point invenio_app_rdm.config
Loading config for entry point invenio_app_rdm.config
Loading config for entry point invenio_app_rdm.config
Loading config for entry point invenio_app_rdm.config
Loading config for entry point invenio_app_rdm.config
Loading config for entry point invenio_app_rdm.config
Loading config for entry point invenio_app_rdm.config
Loading config for entry point invenio_app_rdm.config
Flask-DebugToolbar extension not installed.
[2025-12-10 10:07:35,961] DEBUG in ext: Flask-DebugToolbar extension not installed.
Flask-DebugToolbar extension not installed.
Flask-DebugToolbar extension not installed.
Flask-DebugToolbar extension not installed.
Flask-DebugToolbar extension not installed.
Flask-DebugToolbar extension not installed.
Flask-DebugToolbar extension not installed.
Flask-DebugToolbar extension not installed.
Flask-DebugToolbar extension not installed.
Flask-DebugToolbar extension not installed.
Loading config for entry point invenio_app_rdm.config
[2025-12-10 10:07:36,704] DEBUG in entrypoint: Loading config for entry point invenio_app_rdm.config
Loading config for entry point invenio_app_rdm.config
Loading config for entry point invenio_app_rdm.config
Loading config for entry point invenio_app_rdm.config
Loading config for entry point invenio_app_rdm.config
Loading config for entry point invenio_app_rdm.config
Loading config for entry point invenio_app_rdm.config
Loading config for entry point invenio_app_rdm.config
Loading config for entry point invenio_app_rdm.config
Loading config for entry point invenio_app_rdm.config
Flask-DebugToolbar extension not installed.
[2025-12-10 10:07:37,738] DEBUG in ext: Flask-DebugToolbar extension not installed.
Flask-DebugToolbar extension not installed.
Flask-DebugToolbar extension not installed.
Flask-DebugToolbar extension not installed.
Flask-DebugToolbar extension not installed.
Flask-DebugToolbar extension not installed.
Flask-DebugToolbar extension not installed.
Flask-DebugToolbar extension not installed.
Flask-DebugToolbar extension not installed.
Flask-DebugToolbar extension not installed.
Flask-DebugToolbar extension not installed.
NotFoundError(404, 'index_not_found_exception', 'no such index [stats-record-view]', stats-record-view, index_or_alias)
[2025-12-10 10:07:41,361] WARNING in api: NotFoundError(404, 'index_not_found_exception', 'no such index [stats-record-view]', stats-record-view, index_or_alias)
NotFoundError(404, 'index_not_found_exception', 'no such index [stats-record-view]', stats-record-view, index_or_alias)
NotFoundError(404, 'index_not_found_exception', 'no such index [stats-record-view]', stats-record-view, index_or_alias)
NotFoundError(404, 'index_not_found_exception', 'no such index [stats-record-view]', stats-record-view, index_or_alias)
NotFoundError(404, 'index_not_found_exception', 'no such index [stats-record-view]', stats-record-view, index_or_alias)
NotFoundError(404, 'index_not_found_exception', 'no such index [stats-record-view]', stats-record-view, index_or_alias)
NotFoundError(404, 'index_not_found_exception', 'no such index [stats-record-view]', stats-record-view, index_or_alias)
NotFoundError(404, 'index_not_found_exception', 'no such index [stats-record-view]', stats-record-view, index_or_alias)
NotFoundError(404, 'index_not_found_exception', 'no such index [stats-record-view]', stats-record-view, index_or_alias)
NotFoundError(404, 'index_not_found_exception', 'no such index [stats-record-view]', stats-record-view, index_or_alias)
NotFoundError(404, 'index_not_found_exception', 'no such index [stats-record-view]', stats-record-view, index_or_alias)
NotFoundError(404, 'index_not_found_exception', 'no such index [stats-file-download]', stats-file-download, index_or_alias)
[2025-12-10 10:07:41,364] WARNING in api: NotFoundError(404, 'index_not_found_exception', 'no such index [stats-file-download]', stats-file-download, index_or_alias)
NotFoundError(404, 'index_not_found_exception', 'no such index [stats-file-download]', stats-file-download, index_or_alias)
NotFoundError(404, 'index_not_found_exception', 'no such index [stats-file-download]', stats-file-download, index_or_alias)
NotFoundError(404, 'index_not_found_exception', 'no such index [stats-file-download]', stats-file-download, index_or_alias)
NotFoundError(404, 'index_not_found_exception', 'no such index [stats-file-download]', stats-file-download, index_or_alias)
NotFoundError(404, 'index_not_found_exception', 'no such index [stats-file-download]', stats-file-download, index_or_alias)
NotFoundError(404, 'index_not_found_exception', 'no such index [stats-file-download]', stats-file-download, index_or_alias)
NotFoundError(404, 'index_not_found_exception', 'no such index [stats-file-download]', stats-file-download, index_or_alias)
NotFoundError(404, 'index_not_found_exception', 'no such index [stats-file-download]', stats-file-download, index_or_alias)
NotFoundError(404, 'index_not_found_exception', 'no such index [stats-file-download]', stats-file-download, index_or_alias)
NotFoundError(404, 'index_not_found_exception', 'no such index [stats-file-download]', stats-file-download, index_or_alias)
Content-Type: text/plain; charset="utf-8"
MIME-Version: 1.0
Content-Transfer-Encoding: 7bit
Subject: Files integrity report [2025-12-10 10:07:41]
From: test@invenio.org
To: test@invenio.org
Date: Wed, 10 Dec 2025 10:07:41 +0000
Message-ID: <176536126147.5832.10102044510837187787@runnervmoqczp.f2vfsl0ystsenpp5sr4gipprta.ex.internal.cloudapp.net>

ID: 68e5dae3-8026-4eb4-86ff-0227cf35a76c
URI: /tmp/tmpr7_ti63y/68/e5/dae3-8026-4eb4-86ff-0227cf35a76c/data
Name: article.txt
Created: 2025-12-10 10:07:41.068518
Checksum: invalid:invalid-checksum
Last check: 2025-12-10 10:07:41.116901
Record: https://127.0.0.1:5000/records/9arcr-mfa90
--------------------------------------------------------------------------------

PASSED

tests/test_tasks.py::test_integrity_report_invalid_template NotFoundError(404, 'index_not_found_exception', 'no such index [stats-record-view]', stats-record-view, index_or_alias)
[2025-12-10 10:07:41,898] WARNING in api: NotFoundError(404, 'index_not_found_exception', 'no such index [stats-record-view]', stats-record-view, index_or_alias)
NotFoundError(404, 'index_not_found_exception', 'no such index [stats-record-view]', stats-record-view, index_or_alias)
NotFoundError(404, 'index_not_found_exception', 'no such index [stats-record-view]', stats-record-view, index_or_alias)
NotFoundError(404, 'index_not_found_exception', 'no such index [stats-record-view]', stats-record-view, index_or_alias)
NotFoundError(404, 'index_not_found_exception', 'no such index [stats-record-view]', stats-record-view, index_or_alias)
NotFoundError(404, 'index_not_found_exception', 'no such index [stats-record-view]', stats-record-view, index_or_alias)
NotFoundError(404, 'index_not_found_exception', 'no such index [stats-record-view]', stats-record-view, index_or_alias)
NotFoundError(404, 'index_not_found_exception', 'no such index [stats-record-view]', stats-record-view, index_or_alias)
NotFoundError(404, 'index_not_found_exception', 'no such index [stats-record-view]', stats-record-view, index_or_alias)
NotFoundError(404, 'index_not_found_exception', 'no such index [stats-record-view]', stats-record-view, index_or_alias)
NotFoundError(404, 'index_not_found_exception', 'no such index [stats-record-view]', stats-record-view, index_or_alias)
NotFoundError(404, 'index_not_found_exception', 'no such index [stats-file-download]', stats-file-download, index_or_alias)
[2025-12-10 10:07:41,901] WARNING in api: NotFoundError(404, 'index_not_found_exception', 'no such index [stats-file-download]', stats-file-download, index_or_alias)
NotFoundError(404, 'index_not_found_exception', 'no such index [stats-file-download]', stats-file-download, index_or_alias)
NotFoundError(404, 'index_not_found_exception', 'no such index [stats-file-download]', stats-file-download, index_or_alias)
NotFoundError(404, 'index_not_found_exception', 'no such index [stats-file-download]', stats-file-download, index_or_alias)
NotFoundError(404, 'index_not_found_exception', 'no such index [stats-file-download]', stats-file-download, index_or_alias)
NotFoundError(404, 'index_not_found_exception', 'no such index [stats-file-download]', stats-file-download, index_or_alias)
NotFoundError(404, 'index_not_found_exception', 'no such index [stats-file-download]', stats-file-download, index_or_alias)
NotFoundError(404, 'index_not_found_exception', 'no such index [stats-file-download]', stats-file-download, index_or_alias)
NotFoundError(404, 'index_not_found_exception', 'no such index [stats-file-download]', stats-file-download, index_or_alias)
NotFoundError(404, 'index_not_found_exception', 'no such index [stats-file-download]', stats-file-download, index_or_alias)
NotFoundError(404, 'index_not_found_exception', 'no such index [stats-file-download]', stats-file-download, index_or_alias)
Integrity report not sent. Error: Tried to select from an empty list of templates.
[2025-12-10 10:07:41,948] ERROR in files: Integrity report not sent. Error: Tried to select from an empty list of templates.
Integrity report not sent. Error: Tried to select from an empty list of templates.
Integrity report not sent. Error: Tried to select from an empty list of templates.
Integrity report not sent. Error: Tried to select from an empty list of templates.
Integrity report not sent. Error: Tried to select from an empty list of templates.
Integrity report not sent. Error: Tried to select from an empty list of templates.
Integrity report not sent. Error: Tried to select from an empty list of templates.
Integrity report not sent. Error: Tried to select from an empty list of templates.
Integrity report not sent. Error: Tried to select from an empty list of templates.
Integrity report not sent. Error: Tried to select from an empty list of templates.
Integrity report not sent. Error: Tried to select from an empty list of templates.
PASSED

tests/test_tasks.py::test_integrity_report_invalid_addresses NotFoundError(404, 'index_not_found_exception', 'no such index [stats-record-view]', stats-record-view, index_or_alias)
[2025-12-10 10:07:42,364] WARNING in api: NotFoundError(404, 'index_not_found_exception', 'no such index [stats-record-view]', stats-record-view, index_or_alias)
NotFoundError(404, 'index_not_found_exception', 'no such index [stats-record-view]', stats-record-view, index_or_alias)
NotFoundError(404, 'index_not_found_exception', 'no such index [stats-record-view]', stats-record-view, index_or_alias)
NotFoundError(404, 'index_not_found_exception', 'no such index [stats-record-view]', stats-record-view, index_or_alias)
NotFoundError(404, 'index_not_found_exception', 'no such index [stats-record-view]', stats-record-view, index_or_alias)
NotFoundError(404, 'index_not_found_exception', 'no such index [stats-record-view]', stats-record-view, index_or_alias)
NotFoundError(404, 'index_not_found_exception', 'no such index [stats-record-view]', stats-record-view, index_or_alias)
NotFoundError(404, 'index_not_found_exception', 'no such index [stats-record-view]', stats-record-view, index_or_alias)
NotFoundError(404, 'index_not_found_exception', 'no such index [stats-record-view]', stats-record-view, index_or_alias)
NotFoundError(404, 'index_not_found_exception', 'no such index [stats-record-view]', stats-record-view, index_or_alias)
NotFoundError(404, 'index_not_found_exception', 'no such index [stats-record-view]', stats-record-view, index_or_alias)
NotFoundError(404, 'index_not_found_exception', 'no such index [stats-file-download]', stats-file-download, index_or_alias)
[2025-12-10 10:07:42,367] WARNING in api: NotFoundError(404, 'index_not_found_exception', 'no such index [stats-file-download]', stats-file-download, index_or_alias)
NotFoundError(404, 'index_not_found_exception', 'no such index [stats-file-download]', stats-file-download, index_or_alias)
NotFoundError(404, 'index_not_found_exception', 'no such index [stats-file-download]', stats-file-download, index_or_alias)
NotFoundError(404, 'index_not_found_exception', 'no such index [stats-file-download]', stats-file-download, index_or_alias)
NotFoundError(404, 'index_not_found_exception', 'no such index [stats-file-download]', stats-file-download, index_or_alias)
NotFoundError(404, 'index_not_found_exception', 'no such index [stats-file-download]', stats-file-download, index_or_alias)
NotFoundError(404, 'index_not_found_exception', 'no such index [stats-file-download]', stats-file-download, index_or_alias)
NotFoundError(404, 'index_not_found_exception', 'no such index [stats-file-download]', stats-file-download, index_or_alias)
NotFoundError(404, 'index_not_found_exception', 'no such index [stats-file-download]', stats-file-download, index_or_alias)
NotFoundError(404, 'index_not_found_exception', 'no such index [stats-file-download]', stats-file-download, index_or_alias)
NotFoundError(404, 'index_not_found_exception', 'no such index [stats-file-download]', stats-file-download, index_or_alias)
Integrity report not sent. Error: cannot unpack non-iterable NoneType object
[2025-12-10 10:07:42,410] ERROR in files: Integrity report not sent. Error: cannot unpack non-iterable NoneType object
Integrity report not sent. Error: cannot unpack non-iterable NoneType object
Integrity report not sent. Error: cannot unpack non-iterable NoneType object
Integrity report not sent. Error: cannot unpack non-iterable NoneType object
Integrity report not sent. Error: cannot unpack non-iterable NoneType object
Integrity report not sent. Error: cannot unpack non-iterable NoneType object
Integrity report not sent. Error: cannot unpack non-iterable NoneType object
Integrity report not sent. Error: cannot unpack non-iterable NoneType object
Integrity report not sent. Error: cannot unpack non-iterable NoneType object
Integrity report not sent. Error: cannot unpack non-iterable NoneType object
Integrity report not sent. Error: cannot unpack non-iterable NoneType object
PASSED

tests/test_tasks.py::test_integrity_report_default_template Content-Type: text/plain; charset="utf-8"
MIME-Version: 1.0
Content-Transfer-Encoding: 7bit
Subject: Files integrity report [2025-12-10 10:07:42]
From: test@invenio.org
To: test@invenio.org
Date: Wed, 10 Dec 2025 10:07:42 +0000
Message-ID: <176536126265.5832.2782220420493941470@runnervmoqczp.f2vfsl0ystsenpp5sr4gipprta.ex.internal.cloudapp.net>

The following files were flagged as 'unhealthy'. This means that the checksum check failed or timed out. Please take any action if needed.

ID: cc2708fa-eba4-4dbb-b083-599d371c52cb
URI: /tmp/tmpr7_ti63y/cc/27/08fa-eba4-4dbb-b083-599d371c52cb/data
Name: article.txt
Created: 2025-12-10 10:07:42.593657
Checksum: invalid:invalid-checksum
Last check date: 2025-12-10 10:07:42.630525
Last check FAILED with result: False
Draft: https://127.0.0.1:5000/uploads/mf99j-pn765
--------------------------------------------------------------------------------

PASSED

tests/test_utils.py::ISORT PASSED
tests/test_utils.py::black PASSED
tests/test_utils.py::test_set_default_value__value PASSED
tests/test_utils.py::test_set_default_value__callable PASSED
tests/test_utils.py::test_set_default_value__no_path_prefix PASSED
tests/test_utils.py::test_set_default_value__explicit_and_automatic_prefix PASSED
tests/test_version.py::ISORT PASSED
tests/test_version.py::black PASSED
tests/test_version.py::test_version PASSED
tests/test_views.py::ISORT PASSED
tests/test_views.py::black PASSED
tests/test_views.py::test_add_static_page_routes PASSED
tests/ui/__init__.py::PYDOCSTYLE PASSED
tests/ui/__init__.py::ISORT PASSED
tests/ui/__init__.py::black PASSED
tests/ui/conftest.py::PYDOCSTYLE PASSED
tests/ui/conftest.py::ISORT PASSED
tests/ui/conftest.py::black PASSED
tests/ui/test_deposits.py::ISORT PASSED
tests/ui/test_deposits.py::black PASSED
tests/ui/test_deposits.py::test_resource_types Loading config for entry point invenio_app_rdm.config
[2025-12-10 10:07:44,547] DEBUG in entrypoint: Loading config for entry point invenio_app_rdm.config
Loading config for entry point invenio_app_rdm.config
Loading config for entry point invenio_app_rdm.config
Loading config for entry point invenio_app_rdm.config
Loading config for entry point invenio_app_rdm.config
Loading config for entry point invenio_app_rdm.config
Loading config for entry point invenio_app_rdm.config
Loading config for entry point invenio_app_rdm.config
Loading config for entry point invenio_app_rdm.config
Loading config for entry point invenio_app_rdm.config
Loading config for entry point invenio_app_rdm.config
Flask-DebugToolbar extension not installed.
[2025-12-10 10:07:46,017] DEBUG in ext: Flask-DebugToolbar extension not installed.
Flask-DebugToolbar extension not installed.
Flask-DebugToolbar extension not installed.
Flask-DebugToolbar extension not installed.
Flask-DebugToolbar extension not installed.
Flask-DebugToolbar extension not installed.
Flask-DebugToolbar extension not installed.
Flask-DebugToolbar extension not installed.
Flask-DebugToolbar extension not installed.
Flask-DebugToolbar extension not installed.
Flask-DebugToolbar extension not installed.
Flask-DebugToolbar extension not installed.
PASSED

tests/ui/test_deposits.py::test_dump_subjects_vocabulary PASSED

tests/ui/test_export_formats.py::ISORT PASSED
tests/ui/test_export_formats.py::black PASSED
tests/ui/test_export_formats.py::test_export_formats Loading config for entry point invenio_app_rdm.config
[2025-12-10 10:07:50,353] DEBUG in entrypoint: Loading config for entry point invenio_app_rdm.config
Loading config for entry point invenio_app_rdm.config
Loading config for entry point invenio_app_rdm.config
Loading config for entry point invenio_app_rdm.config
Loading config for entry point invenio_app_rdm.config
Loading config for entry point invenio_app_rdm.config
Loading config for entry point invenio_app_rdm.config
Loading config for entry point invenio_app_rdm.config
Loading config for entry point invenio_app_rdm.config
Loading config for entry point invenio_app_rdm.config
Loading config for entry point invenio_app_rdm.config
Loading config for entry point invenio_app_rdm.config
Flask-DebugToolbar extension not installed.
[2025-12-10 10:07:51,471] DEBUG in ext: Flask-DebugToolbar extension not installed.
Flask-DebugToolbar extension not installed.
Flask-DebugToolbar extension not installed.
Flask-DebugToolbar extension not installed.
Flask-DebugToolbar extension not installed.
Flask-DebugToolbar extension not installed.
Flask-DebugToolbar extension not installed.
Flask-DebugToolbar extension not installed.
Flask-DebugToolbar extension not installed.
Flask-DebugToolbar extension not installed.
Flask-DebugToolbar extension not installed.
Flask-DebugToolbar extension not installed.
Flask-DebugToolbar extension not installed.
NotFoundError(404, 'index_not_found_exception', 'no such index [stats-record-view]', stats-record-view, index_or_alias)
[2025-12-10 10:07:54,949] WARNING in api: NotFoundError(404, 'index_not_found_exception', 'no such index [stats-record-view]', stats-record-view, index_or_alias)
NotFoundError(404, 'index_not_found_exception', 'no such index [stats-record-view]', stats-record-view, index_or_alias)
NotFoundError(404, 'index_not_found_exception', 'no such index [stats-record-view]', stats-record-view, index_or_alias)
NotFoundError(404, 'index_not_found_exception', 'no such index [stats-record-view]', stats-record-view, index_or_alias)
NotFoundError(404, 'index_not_found_exception', 'no such index [stats-record-view]', stats-record-view, index_or_alias)
NotFoundError(404, 'index_not_found_exception', 'no such index [stats-record-view]', stats-record-view, index_or_alias)
NotFoundError(404, 'index_not_found_exception', 'no such index [stats-record-view]', stats-record-view, index_or_alias)
NotFoundError(404, 'index_not_found_exception', 'no such index [stats-record-view]', stats-record-view, index_or_alias)
NotFoundError(404, 'index_not_found_exception', 'no such index [stats-record-view]', stats-record-view, index_or_alias)
NotFoundError(404, 'index_not_found_exception', 'no such index [stats-record-view]', stats-record-view, index_or_alias)
NotFoundError(404, 'index_not_found_exception', 'no such index [stats-record-view]', stats-record-view, index_or_alias)
NotFoundError(404, 'index_not_found_exception', 'no such index [stats-record-view]', stats-record-view, index_or_alias)
NotFoundError(404, 'index_not_found_exception', 'no such index [stats-record-view]', stats-record-view, index_or_alias)
NotFoundError(404, 'index_not_found_exception', 'no such index [stats-file-download]', stats-file-download, index_or_alias)
[2025-12-10 10:07:54,952] WARNING in api: NotFoundError(404, 'index_not_found_exception', 'no such index [stats-file-download]', stats-file-download, index_or_alias)
NotFoundError(404, 'index_not_found_exception', 'no such index [stats-file-download]', stats-file-download, index_or_alias)
NotFoundError(404, 'index_not_found_exception', 'no such index [stats-file-download]', stats-file-download, index_or_alias)
NotFoundError(404, 'index_not_found_exception', 'no such index [stats-file-download]', stats-file-download, index_or_alias)
NotFoundError(404, 'index_not_found_exception', 'no such index [stats-file-download]', stats-file-download, index_or_alias)
NotFoundError(404, 'index_not_found_exception', 'no such index [stats-file-download]', stats-file-download, index_or_alias)
NotFoundError(404, 'index_not_found_exception', 'no such index [stats-file-download]', stats-file-download, index_or_alias)
NotFoundError(404, 'index_not_found_exception', 'no such index [stats-file-download]', stats-file-download, index_or_alias)
NotFoundError(404, 'index_not_found_exception', 'no such index [stats-file-download]', stats-file-download, index_or_alias)
NotFoundError(404, 'index_not_found_exception', 'no such index [stats-file-download]', stats-file-download, index_or_alias)
NotFoundError(404, 'index_not_found_exception', 'no such index [stats-file-download]', stats-file-download, index_or_alias)
NotFoundError(404, 'index_not_found_exception', 'no such index [stats-file-download]', stats-file-download, index_or_alias)
NotFoundError(404, 'index_not_found_exception', 'no such index [stats-file-download]', stats-file-download, index_or_alias)
PASSED

tests/ui/test_file_download.py::ISORT PASSED
tests/ui/test_file_download.py::black PASSED
tests/ui/test_file_download.py::test_file_download_with_and_without_preview_flag Loading config for entry point invenio_app_rdm.config
[2025-12-10 10:07:56,186] DEBUG in entrypoint: Loading config for entry point invenio_app_rdm.config
Loading config for entry point invenio_app_rdm.config
Loading config for entry point invenio_app_rdm.config
Loading config for entry point invenio_app_rdm.config
Loading config for entry point invenio_app_rdm.config
Loading config for entry point invenio_app_rdm.config
Loading config for entry point invenio_app_rdm.config
Loading config for entry point invenio_app_rdm.config
Loading config for entry point invenio_app_rdm.config
Loading config for entry point invenio_app_rdm.config
Loading config for entry point invenio_app_rdm.config
Loading config for entry point invenio_app_rdm.config
Loading config for entry point invenio_app_rdm.config
Flask-DebugToolbar extension not installed.
[2025-12-10 10:07:57,298] DEBUG in ext: Flask-DebugToolbar extension not installed.
Flask-DebugToolbar extension not installed.
Flask-DebugToolbar extension not installed.
Flask-DebugToolbar extension not installed.
Flask-DebugToolbar extension not installed.
Flask-DebugToolbar extension not installed.
Flask-DebugToolbar extension not installed.
Flask-DebugToolbar extension not installed.
Flask-DebugToolbar extension not installed.
Flask-DebugToolbar extension not installed.
Flask-DebugToolbar extension not installed.
Flask-DebugToolbar extension not installed.
Flask-DebugToolbar extension not installed.
Flask-DebugToolbar extension not installed.
PASSED

tests/ui/test_file_download.py::test_nonexistent_file_returns_404 PASSED

tests/ui/test_file_download.py::test_deleted_record_file_redirects NotFoundError(404, 'index_not_found_exception', 'no such index [stats-record-view]', stats-record-view, index_or_alias)
[2025-12-10 10:08:01,708] WARNING in api: NotFoundError(404, 'index_not_found_exception', 'no such index [stats-record-view]', stats-record-view, index_or_alias)
NotFoundError(404, 'index_not_found_exception', 'no such index [stats-record-view]', stats-record-view, index_or_alias)
NotFoundError(404, 'index_not_found_exception', 'no such index [stats-record-view]', stats-record-view, index_or_alias)
NotFoundError(404, 'index_not_found_exception', 'no such index [stats-record-view]', stats-record-view, index_or_alias)
NotFoundError(404, 'index_not_found_exception', 'no such index [stats-record-view]', stats-record-view, index_or_alias)
NotFoundError(404, 'index_not_found_exception', 'no such index [stats-record-view]', stats-record-view, index_or_alias)
NotFoundError(404, 'index_not_found_exception', 'no such index [stats-record-view]', stats-record-view, index_or_alias)
NotFoundError(404, 'index_not_found_exception', 'no such index [stats-record-view]', stats-record-view, index_or_alias)
NotFoundError(404, 'index_not_found_exception', 'no such index [stats-record-view]', stats-record-view, index_or_alias)
NotFoundError(404, 'index_not_found_exception', 'no such index [stats-record-view]', stats-record-view, index_or_alias)
NotFoundError(404, 'index_not_found_exception', 'no such index [stats-record-view]', stats-record-view, index_or_alias)
NotFoundError(404, 'index_not_found_exception', 'no such index [stats-record-view]', stats-record-view, index_or_alias)
NotFoundError(404, 'index_not_found_exception', 'no such index [stats-record-view]', stats-record-view, index_or_alias)
NotFoundError(404, 'index_not_found_exception', 'no such index [stats-record-view]', stats-record-view, index_or_alias)
NotFoundError(404, 'index_not_found_exception', 'no such index [stats-file-download]', stats-file-download, index_or_alias)
[2025-12-10 10:08:01,711] WARNING in api: NotFoundError(404, 'index_not_found_exception', 'no such index [stats-file-download]', stats-file-download, index_or_alias)
NotFoundError(404, 'index_not_found_exception', 'no such index [stats-file-download]', stats-file-download, index_or_alias)
NotFoundError(404, 'index_not_found_exception', 'no such index [stats-file-download]', stats-file-download, index_or_alias)
NotFoundError(404, 'index_not_found_exception', 'no such index [stats-file-download]', stats-file-download, index_or_alias)
NotFoundError(404, 'index_not_found_exception', 'no such index [stats-file-download]', stats-file-download, index_or_alias)
NotFoundError(404, 'index_not_found_exception', 'no such index [stats-file-download]', stats-file-download, index_or_alias)
NotFoundError(404, 'index_not_found_exception', 'no such index [stats-file-download]', stats-file-download, index_or_alias)
NotFoundError(404, 'index_not_found_exception', 'no such index [stats-file-download]', stats-file-download, index_or_alias)
NotFoundError(404, 'index_not_found_exception', 'no such index [stats-file-download]', stats-file-download, index_or_alias)
NotFoundError(404, 'index_not_found_exception', 'no such index [stats-file-download]', stats-file-download, index_or_alias)
NotFoundError(404, 'index_not_found_exception', 'no such index [stats-file-download]', stats-file-download, index_or_alias)
NotFoundError(404, 'index_not_found_exception', 'no such index [stats-file-download]', stats-file-download, index_or_alias)
NotFoundError(404, 'index_not_found_exception', 'no such index [stats-file-download]', stats-file-download, index_or_alias)
NotFoundError(404, 'index_not_found_exception', 'no such index [stats-file-download]', stats-file-download, index_or_alias)
NotFoundError(404, 'index_not_found_exception', 'no such index [stats-record-view]', stats-record-view, index_or_alias)
[2025-12-10 10:08:01,899] WARNING in api: NotFoundError(404, 'index_not_found_exception', 'no such index [stats-record-view]', stats-record-view, index_or_alias)
NotFoundError(404, 'index_not_found_exception', 'no such index [stats-record-view]', stats-record-view, index_or_alias)
NotFoundError(404, 'index_not_found_exception', 'no such index [stats-record-view]', stats-record-view, index_or_alias)
NotFoundError(404, 'index_not_found_exception', 'no such index [stats-record-view]', stats-record-view, index_or_alias)
NotFoundError(404, 'index_not_found_exception', 'no such index [stats-record-view]', stats-record-view, index_or_alias)
NotFoundError(404, 'index_not_found_exception', 'no such index [stats-record-view]', stats-record-view, index_or_alias)
NotFoundError(404, 'index_not_found_exception', 'no such index [stats-record-view]', stats-record-view, index_or_alias)
NotFoundError(404, 'index_not_found_exception', 'no such index [stats-record-view]', stats-record-view, index_or_alias)
NotFoundError(404, 'index_not_found_exception', 'no such index [stats-record-view]', stats-record-view, index_or_alias)
NotFoundError(404, 'index_not_found_exception', 'no such index [stats-record-view]', stats-record-view, index_or_alias)
NotFoundError(404, 'index_not_found_exception', 'no such index [stats-record-view]', stats-record-view, index_or_alias)
NotFoundError(404, 'index_not_found_exception', 'no such index [stats-record-view]', stats-record-view, index_or_alias)
NotFoundError(404, 'index_not_found_exception', 'no such index [stats-record-view]', stats-record-view, index_or_alias)
NotFoundError(404, 'index_not_found_exception', 'no such index [stats-record-view]', stats-record-view, index_or_alias)
NotFoundError(404, 'index_not_found_exception', 'no such index [stats-file-download]', stats-file-download, index_or_alias)
[2025-12-10 10:08:01,902] WARNING in api: NotFoundError(404, 'index_not_found_exception', 'no such index [stats-file-download]', stats-file-download, index_or_alias)
NotFoundError(404, 'index_not_found_exception', 'no such index [stats-file-download]', stats-file-download, index_or_alias)
NotFoundError(404, 'index_not_found_exception', 'no such index [stats-file-download]', stats-file-download, index_or_alias)
NotFoundError(404, 'index_not_found_exception', 'no such index [stats-file-download]', stats-file-download, index_or_alias)
NotFoundError(404, 'index_not_found_exception', 'no such index [stats-file-download]', stats-file-download, index_or_alias)
NotFoundError(404, 'index_not_found_exception', 'no such index [stats-file-download]', stats-file-download, index_or_alias)
NotFoundError(404, 'index_not_found_exception', 'no such index [stats-file-download]', stats-file-download, index_or_alias)
NotFoundError(404, 'index_not_found_exception', 'no such index [stats-file-download]', stats-file-download, index_or_alias)
NotFoundError(404, 'index_not_found_exception', 'no such index [stats-file-download]', stats-file-download, index_or_alias)
NotFoundError(404, 'index_not_found_exception', 'no such index [stats-file-download]', stats-file-download, index_or_alias)
NotFoundError(404, 'index_not_found_exception', 'no such index [stats-file-download]', stats-file-download, index_or_alias)
NotFoundError(404, 'index_not_found_exception', 'no such index [stats-file-download]', stats-file-download, index_or_alias)
NotFoundError(404, 'index_not_found_exception', 'no such index [stats-file-download]', stats-file-download, index_or_alias)
NotFoundError(404, 'index_not_found_exception', 'no such index [stats-file-download]', stats-file-download, index_or_alias)
PASSED

tests/ui/test_filters.py::ISORT PASSED
tests/ui/test_filters.py::black PASSED
tests/ui/test_filters.py::test_get_scheme_label Loading config for entry point invenio_app_rdm.config
[2025-12-10 10:08:02,840] DEBUG in entrypoint: Loading config for entry point invenio_app_rdm.config
Loading config for entry point invenio_app_rdm.config
Loading config for entry point invenio_app_rdm.config
Loading config for entry point invenio_app_rdm.config
Loading config for entry point invenio_app_rdm.config
Loading config for entry point invenio_app_rdm.config
Loading config for entry point invenio_app_rdm.config
Loading config for entry point invenio_app_rdm.config
Loading config for entry point invenio_app_rdm.config
Loading config for entry point invenio_app_rdm.config
Loading config for entry point invenio_app_rdm.config
Loading config for entry point invenio_app_rdm.config
Loading config for entry point invenio_app_rdm.config
Loading config for entry point invenio_app_rdm.config
Flask-DebugToolbar extension not installed.
[2025-12-10 10:08:03,950] DEBUG in ext: Flask-DebugToolbar extension not installed.
Flask-DebugToolbar extension not installed.
Flask-DebugToolbar extension not installed.
Flask-DebugToolbar extension not installed.
Flask-DebugToolbar extension not installed.
Flask-DebugToolbar extension not installed.
Flask-DebugToolbar extension not installed.
Flask-DebugToolbar extension not installed.
Flask-DebugToolbar extension not installed.
Flask-DebugToolbar extension not installed.
Flask-DebugToolbar extension not installed.
Flask-DebugToolbar extension not installed.
Flask-DebugToolbar extension not installed.
Flask-DebugToolbar extension not installed.
Flask-DebugToolbar extension not installed.
PASSED

tests/ui/test_robotstxt.py::ISORT PASSED
tests/ui/test_robotstxt.py::black PASSED
tests/ui/test_robotstxt.py::test_robotstxt Loading config for entry point invenio_app_rdm.config
[2025-12-10 10:08:07,998] DEBUG in entrypoint: Loading config for entry point invenio_app_rdm.config
Loading config for entry point invenio_app_rdm.config
Loading config for entry point invenio_app_rdm.config
Loading config for entry point invenio_app_rdm.config
Loading config for entry point invenio_app_rdm.config
Loading config for entry point invenio_app_rdm.config
Loading config for entry point invenio_app_rdm.config
Loading config for entry point invenio_app_rdm.config
Loading config for entry point invenio_app_rdm.config
Loading config for entry point invenio_app_rdm.config
Loading config for entry point invenio_app_rdm.config
Loading config for entry point invenio_app_rdm.config
Loading config for entry point invenio_app_rdm.config
Loading config for entry point invenio_app_rdm.config
Loading config for entry point invenio_app_rdm.config
Flask-DebugToolbar extension not installed.
[2025-12-10 10:08:09,114] DEBUG in ext: Flask-DebugToolbar extension not installed.
Flask-DebugToolbar extension not installed.
Flask-DebugToolbar extension not installed.
Flask-DebugToolbar extension not installed.
Flask-DebugToolbar extension not installed.
Flask-DebugToolbar extension not installed.
Flask-DebugToolbar extension not installed.
Flask-DebugToolbar extension not installed.
Flask-DebugToolbar extension not installed.
Flask-DebugToolbar extension not installed.
Flask-DebugToolbar extension not installed.
Flask-DebugToolbar extension not installed.
Flask-DebugToolbar extension not installed.
Flask-DebugToolbar extension not installed.
Flask-DebugToolbar extension not installed.
Flask-DebugToolbar extension not installed.
PASSED

tests/ui/test_signposting_ui.py::ISORT PASSED
tests/ui/test_signposting_ui.py::black PASSED
tests/ui/test_signposting_ui.py::test_link_in_landing_page_response_headers[True-head] Loading config for entry point invenio_app_rdm.config
[2025-12-10 10:08:12,792] DEBUG in entrypoint: Loading config for entry point invenio_app_rdm.config
Loading config for entry point invenio_app_rdm.config
Loading config for entry point invenio_app_rdm.config
Loading config for entry point invenio_app_rdm.config
Loading config for entry point invenio_app_rdm.config
Loading config for entry point invenio_app_rdm.config
Loading config for entry point invenio_app_rdm.config
Loading config for entry point invenio_app_rdm.config
Loading config for entry point invenio_app_rdm.config
Loading config for entry point invenio_app_rdm.config
Loading config for entry point invenio_app_rdm.config
Loading config for entry point invenio_app_rdm.config
Loading config for entry point invenio_app_rdm.config
Loading config for entry point invenio_app_rdm.config
Loading config for entry point invenio_app_rdm.config
Loading config for entry point invenio_app_rdm.config
Flask-DebugToolbar extension not installed.
[2025-12-10 10:08:13,898] DEBUG in ext: Flask-DebugToolbar extension not installed.
Flask-DebugToolbar extension not installed.
Flask-DebugToolbar extension not installed.
Flask-DebugToolbar extension not installed.
Flask-DebugToolbar extension not installed.
Flask-DebugToolbar extension not installed.
Flask-DebugToolbar extension not installed.
Flask-DebugToolbar extension not installed.
Flask-DebugToolbar extension not installed.
Flask-DebugToolbar extension not installed.
Flask-DebugToolbar extension not installed.
Flask-DebugToolbar extension not installed.
Flask-DebugToolbar extension not installed.
Flask-DebugToolbar extension not installed.
Flask-DebugToolbar extension not installed.
Flask-DebugToolbar extension not installed.
Flask-DebugToolbar extension not installed.
NotFoundError(404, 'index_not_found_exception', 'no such index [stats-record-view]', stats-record-view, index_or_alias)
[2025-12-10 10:08:17,514] WARNING in api: NotFoundError(404, 'index_not_found_exception', 'no such index [stats-record-view]', stats-record-view, index_or_alias)
NotFoundError(404, 'index_not_found_exception', 'no such index [stats-record-view]', stats-record-view, index_or_alias)
NotFoundError(404, 'index_not_found_exception', 'no such index [stats-record-view]', stats-record-view, index_or_alias)
NotFoundError(404, 'index_not_found_exception', 'no such index [stats-record-view]', stats-record-view, index_or_alias)
NotFoundError(404, 'index_not_found_exception', 'no such index [stats-record-view]', stats-record-view, index_or_alias)
NotFoundError(404, 'index_not_found_exception', 'no such index [stats-record-view]', stats-record-view, index_or_alias)
NotFoundError(404, 'index_not_found_exception', 'no such index [stats-record-view]', stats-record-view, index_or_alias)
NotFoundError(404, 'index_not_found_exception', 'no such index [stats-record-view]', stats-record-view, index_or_alias)
NotFoundError(404, 'index_not_found_exception', 'no such index [stats-record-view]', stats-record-view, index_or_alias)
NotFoundError(404, 'index_not_found_exception', 'no such index [stats-record-view]', stats-record-view, index_or_alias)
NotFoundError(404, 'index_not_found_exception', 'no such index [stats-record-view]', stats-record-view, index_or_alias)
NotFoundError(404, 'index_not_found_exception', 'no such index [stats-record-view]', stats-record-view, index_or_alias)
NotFoundError(404, 'index_not_found_exception', 'no such index [stats-record-view]', stats-record-view, index_or_alias)
NotFoundError(404, 'index_not_found_exception', 'no such index [stats-record-view]', stats-record-view, index_or_alias)
NotFoundError(404, 'index_not_found_exception', 'no such index [stats-record-view]', stats-record-view, index_or_alias)
NotFoundError(404, 'index_not_found_exception', 'no such index [stats-record-view]', stats-record-view, index_or_alias)
NotFoundError(404, 'index_not_found_exception', 'no such index [stats-record-view]', stats-record-view, index_or_alias)
NotFoundError(404, 'index_not_found_exception', 'no such index [stats-file-download]', stats-file-download, index_or_alias)
[2025-12-10 10:08:17,517] WARNING in api: NotFoundError(404, 'index_not_found_exception', 'no such index [stats-file-download]', stats-file-download, index_or_alias)
NotFoundError(404, 'index_not_found_exception', 'no such index [stats-file-download]', stats-file-download, index_or_alias)
NotFoundError(404, 'index_not_found_exception', 'no such index [stats-file-download]', stats-file-download, index_or_alias)
NotFoundError(404, 'index_not_found_exception', 'no such index [stats-file-download]', stats-file-download, index_or_alias)
NotFoundError(404, 'index_not_found_exception', 'no such index [stats-file-download]', stats-file-download, index_or_alias)
NotFoundError(404, 'index_not_found_exception', 'no such index [stats-file-download]', stats-file-download, index_or_alias)
NotFoundError(404, 'index_not_found_exception', 'no such index [stats-file-download]', stats-file-download, index_or_alias)
NotFoundError(404, 'index_not_found_exception', 'no such index [stats-file-download]', stats-file-download, index_or_alias)
NotFoundError(404, 'index_not_found_exception', 'no such index [stats-file-download]', stats-file-download, index_or_alias)
NotFoundError(404, 'index_not_found_exception', 'no such index [stats-file-download]', stats-file-download, index_or_alias)
NotFoundError(404, 'index_not_found_exception', 'no such index [stats-file-download]', stats-file-download, index_or_alias)
NotFoundError(404, 'index_not_found_exception', 'no such index [stats-file-download]', stats-file-download, index_or_alias)
NotFoundError(404, 'index_not_found_exception', 'no such index [stats-file-download]', stats-file-download, index_or_alias)
NotFoundError(404, 'index_not_found_exception', 'no such index [stats-file-download]', stats-file-download, index_or_alias)
NotFoundError(404, 'index_not_found_exception', 'no such index [stats-file-download]', stats-file-download, index_or_alias)
NotFoundError(404, 'index_not_found_exception', 'no such index [stats-file-download]', stats-file-download, index_or_alias)
NotFoundError(404, 'index_not_found_exception', 'no such index [stats-file-download]', stats-file-download, index_or_alias)
PASSED

tests/ui/test_signposting_ui.py::test_link_in_landing_page_response_headers[True-get] NotFoundError(404, 'index_not_found_exception', 'no such index [stats-record-view]', stats-record-view, index_or_alias)
[2025-12-10 10:08:19,425] WARNING in api: NotFoundError(404, 'index_not_found_exception', 'no such index [stats-record-view]', stats-record-view, index_or_alias)
NotFoundError(404, 'index_not_found_exception', 'no such index [stats-record-view]', stats-record-view, index_or_alias)
NotFoundError(404, 'index_not_found_exception', 'no such index [stats-record-view]', stats-record-view, index_or_alias)
NotFoundError(404, 'index_not_found_exception', 'no such index [stats-record-view]', stats-record-view, index_or_alias)
NotFoundError(404, 'index_not_found_exception', 'no such index [stats-record-view]', stats-record-view, index_or_alias)
NotFoundError(404, 'index_not_found_exception', 'no such index [stats-record-view]', stats-record-view, index_or_alias)
NotFoundError(404, 'index_not_found_exception', 'no such index [stats-record-view]', stats-record-view, index_or_alias)
NotFoundError(404, 'index_not_found_exception', 'no such index [stats-record-view]', stats-record-view, index_or_alias)
NotFoundError(404, 'index_not_found_exception', 'no such index [stats-record-view]', stats-record-view, index_or_alias)
NotFoundError(404, 'index_not_found_exception', 'no such index [stats-record-view]', stats-record-view, index_or_alias)
NotFoundError(404, 'index_not_found_exception', 'no such index [stats-record-view]', stats-record-view, index_or_alias)
NotFoundError(404, 'index_not_found_exception', 'no such index [stats-record-view]', stats-record-view, index_or_alias)
NotFoundError(404, 'index_not_found_exception', 'no such index [stats-record-view]', stats-record-view, index_or_alias)
NotFoundError(404, 'index_not_found_exception', 'no such index [stats-record-view]', stats-record-view, index_or_alias)
NotFoundError(404, 'index_not_found_exception', 'no such index [stats-record-view]', stats-record-view, index_or_alias)
NotFoundError(404, 'index_not_found_exception', 'no such index [stats-record-view]', stats-record-view, index_or_alias)
NotFoundError(404, 'index_not_found_exception', 'no such index [stats-record-view]', stats-record-view, index_or_alias)
NotFoundError(404, 'index_not_found_exception', 'no such index [stats-file-download]', stats-file-download, index_or_alias)
[2025-12-10 10:08:19,428] WARNING in api: NotFoundError(404, 'index_not_found_exception', 'no such index [stats-file-download]', stats-file-download, index_or_alias)
NotFoundError(404, 'index_not_found_exception', 'no such index [stats-file-download]', stats-file-download, index_or_alias)
NotFoundError(404, 'index_not_found_exception', 'no such index [stats-file-download]', stats-file-download, index_or_alias)
NotFoundError(404, 'index_not_found_exception', 'no such index [stats-file-download]', stats-file-download, index_or_alias)
NotFoundError(404, 'index_not_found_exception', 'no such index [stats-file-download]', stats-file-download, index_or_alias)
NotFoundError(404, 'index_not_found_exception', 'no such index [stats-file-download]', stats-file-download, index_or_alias)
NotFoundError(404, 'index_not_found_exception', 'no such index [stats-file-download]', stats-file-download, index_or_alias)
NotFoundError(404, 'index_not_found_exception', 'no such index [stats-file-download]', stats-file-download, index_or_alias)
NotFoundError(404, 'index_not_found_exception', 'no such index [stats-file-download]', stats-file-download, index_or_alias)
NotFoundError(404, 'index_not_found_exception', 'no such index [stats-file-download]', stats-file-download, index_or_alias)
NotFoundError(404, 'index_not_found_exception', 'no such index [stats-file-download]', stats-file-download, index_or_alias)
NotFoundError(404, 'index_not_found_exception', 'no such index [stats-file-download]', stats-file-download, index_or_alias)
NotFoundError(404, 'index_not_found_exception', 'no such index [stats-file-download]', stats-file-download, index_or_alias)
NotFoundError(404, 'index_not_found_exception', 'no such index [stats-file-download]', stats-file-download, index_or_alias)
NotFoundError(404, 'index_not_found_exception', 'no such index [stats-file-download]', stats-file-download, index_or_alias)
NotFoundError(404, 'index_not_found_exception', 'no such index [stats-file-download]', stats-file-download, index_or_alias)
NotFoundError(404, 'index_not_found_exception', 'no such index [stats-file-download]', stats-file-download, index_or_alias)
PASSED

tests/ui/test_signposting_ui.py::test_link_in_landing_page_response_headers[False-head] NotFoundError(404, 'index_not_found_exception', 'no such index [stats-record-view]', stats-record-view, index_or_alias)
[2025-12-10 10:08:20,032] WARNING in api: NotFoundError(404, 'index_not_found_exception', 'no such index [stats-record-view]', stats-record-view, index_or_alias)
NotFoundError(404, 'index_not_found_exception', 'no such index [stats-record-view]', stats-record-view, index_or_alias)
NotFoundError(404, 'index_not_found_exception', 'no such index [stats-record-view]', stats-record-view, index_or_alias)
NotFoundError(404, 'index_not_found_exception', 'no such index [stats-record-view]', stats-record-view, index_or_alias)
NotFoundError(404, 'index_not_found_exception', 'no such index [stats-record-view]', stats-record-view, index_or_alias)
NotFoundError(404, 'index_not_found_exception', 'no such index [stats-record-view]', stats-record-view, index_or_alias)
NotFoundError(404, 'index_not_found_exception', 'no such index [stats-record-view]', stats-record-view, index_or_alias)
NotFoundError(404, 'index_not_found_exception', 'no such index [stats-record-view]', stats-record-view, index_or_alias)
NotFoundError(404, 'index_not_found_exception', 'no such index [stats-record-view]', stats-record-view, index_or_alias)
NotFoundError(404, 'index_not_found_exception', 'no such index [stats-record-view]', stats-record-view, index_or_alias)
NotFoundError(404, 'index_not_found_exception', 'no such index [stats-record-view]', stats-record-view, index_or_alias)
NotFoundError(404, 'index_not_found_exception', 'no such index [stats-record-view]', stats-record-view, index_or_alias)
NotFoundError(404, 'index_not_found_exception', 'no such index [stats-record-view]', stats-record-view, index_or_alias)
NotFoundError(404, 'index_not_found_exception', 'no such index [stats-record-view]', stats-record-view, index_or_alias)
NotFoundError(404, 'index_not_found_exception', 'no such index [stats-record-view]', stats-record-view, index_or_alias)
NotFoundError(404, 'index_not_found_exception', 'no such index [stats-record-view]', stats-record-view, index_or_alias)
NotFoundError(404, 'index_not_found_exception', 'no such index [stats-record-view]', stats-record-view, index_or_alias)
NotFoundError(404, 'index_not_found_exception', 'no such index [stats-file-download]', stats-file-download, index_or_alias)
[2025-12-10 10:08:20,035] WARNING in api: NotFoundError(404, 'index_not_found_exception', 'no such index [stats-file-download]', stats-file-download, index_or_alias)
NotFoundError(404, 'index_not_found_exception', 'no such index [stats-file-download]', stats-file-download, index_or_alias)
NotFoundError(404, 'index_not_found_exception', 'no such index [stats-file-download]', stats-file-download, index_or_alias)
NotFoundError(404, 'index_not_found_exception', 'no such index [stats-file-download]', stats-file-download, index_or_alias)
NotFoundError(404, 'index_not_found_exception', 'no such index [stats-file-download]', stats-file-download, index_or_alias)
NotFoundError(404, 'index_not_found_exception', 'no such index [stats-file-download]', stats-file-download, index_or_alias)
NotFoundError(404, 'index_not_found_exception', 'no such index [stats-file-download]', stats-file-download, index_or_alias)
NotFoundError(404, 'index_not_found_exception', 'no such index [stats-file-download]', stats-file-download, index_or_alias)
NotFoundError(404, 'index_not_found_exception', 'no such index [stats-file-download]', stats-file-download, index_or_alias)
NotFoundError(404, 'index_not_found_exception', 'no such index [stats-file-download]', stats-file-download, index_or_alias)
NotFoundError(404, 'index_not_found_exception', 'no such index [stats-file-download]', stats-file-download, index_or_alias)
NotFoundError(404, 'index_not_found_exception', 'no such index [stats-file-download]', stats-file-download, index_or_alias)
NotFoundError(404, 'index_not_found_exception', 'no such index [stats-file-download]', stats-file-download, index_or_alias)
NotFoundError(404, 'index_not_found_exception', 'no such index [stats-file-download]', stats-file-download, index_or_alias)
NotFoundError(404, 'index_not_found_exception', 'no such index [stats-file-download]', stats-file-download, index_or_alias)
NotFoundError(404, 'index_not_found_exception', 'no such index [stats-file-download]', stats-file-download, index_or_alias)
NotFoundError(404, 'index_not_found_exception', 'no such index [stats-file-download]', stats-file-download, index_or_alias)
PASSED

tests/ui/test_signposting_ui.py::test_link_in_landing_page_response_headers[False-get] NotFoundError(404, 'index_not_found_exception', 'no such index [stats-record-view]', stats-record-view, index_or_alias)
[2025-12-10 10:08:20,629] WARNING in api: NotFoundError(404, 'index_not_found_exception', 'no such index [stats-record-view]', stats-record-view, index_or_alias)
NotFoundError(404, 'index_not_found_exception', 'no such index [stats-record-view]', stats-record-view, index_or_alias)
NotFoundError(404, 'index_not_found_exception', 'no such index [stats-record-view]', stats-record-view, index_or_alias)
NotFoundError(404, 'index_not_found_exception', 'no such index [stats-record-view]', stats-record-view, index_or_alias)
NotFoundError(404, 'index_not_found_exception', 'no such index [stats-record-view]', stats-record-view, index_or_alias)
NotFoundError(404, 'index_not_found_exception', 'no such index [stats-record-view]', stats-record-view, index_or_alias)
NotFoundError(404, 'index_not_found_exception', 'no such index [stats-record-view]', stats-record-view, index_or_alias)
NotFoundError(404, 'index_not_found_exception', 'no such index [stats-record-view]', stats-record-view, index_or_alias)
NotFoundError(404, 'index_not_found_exception', 'no such index [stats-record-view]', stats-record-view, index_or_alias)
NotFoundError(404, 'index_not_found_exception', 'no such index [stats-record-view]', stats-record-view, index_or_alias)
NotFoundError(404, 'index_not_found_exception', 'no such index [stats-record-view]', stats-record-view, index_or_alias)
NotFoundError(404, 'index_not_found_exception', 'no such index [stats-record-view]', stats-record-view, index_or_alias)
NotFoundError(404, 'index_not_found_exception', 'no such index [stats-record-view]', stats-record-view, index_or_alias)
NotFoundError(404, 'index_not_found_exception', 'no such index [stats-record-view]', stats-record-view, index_or_alias)
NotFoundError(404, 'index_not_found_exception', 'no such index [stats-record-view]', stats-record-view, index_or_alias)
NotFoundError(404, 'index_not_found_exception', 'no such index [stats-record-view]', stats-record-view, index_or_alias)
NotFoundError(404, 'index_not_found_exception', 'no such index [stats-record-view]', stats-record-view, index_or_alias)
NotFoundError(404, 'index_not_found_exception', 'no such index [stats-file-download]', stats-file-download, index_or_alias)
[2025-12-10 10:08:20,631] WARNING in api: NotFoundError(404, 'index_not_found_exception', 'no such index [stats-file-download]', stats-file-download, index_or_alias)
NotFoundError(404, 'index_not_found_exception', 'no such index [stats-file-download]', stats-file-download, index_or_alias)
NotFoundError(404, 'index_not_found_exception', 'no such index [stats-file-download]', stats-file-download, index_or_alias)
NotFoundError(404, 'index_not_found_exception', 'no such index [stats-file-download]', stats-file-download, index_or_alias)
NotFoundError(404, 'index_not_found_exception', 'no such index [stats-file-download]', stats-file-download, index_or_alias)
NotFoundError(404, 'index_not_found_exception', 'no such index [stats-file-download]', stats-file-download, index_or_alias)
NotFoundError(404, 'index_not_found_exception', 'no such index [stats-file-download]', stats-file-download, index_or_alias)
NotFoundError(404, 'index_not_found_exception', 'no such index [stats-file-download]', stats-file-download, index_or_alias)
NotFoundError(404, 'index_not_found_exception', 'no such index [stats-file-download]', stats-file-download, index_or_alias)
NotFoundError(404, 'index_not_found_exception', 'no such index [stats-file-download]', stats-file-download, index_or_alias)
NotFoundError(404, 'index_not_found_exception', 'no such index [stats-file-download]', stats-file-download, index_or_alias)
NotFoundError(404, 'index_not_found_exception', 'no such index [stats-file-download]', stats-file-download, index_or_alias)
NotFoundError(404, 'index_not_found_exception', 'no such index [stats-file-download]', stats-file-download, index_or_alias)
NotFoundError(404, 'index_not_found_exception', 'no such index [stats-file-download]', stats-file-download, index_or_alias)
NotFoundError(404, 'index_not_found_exception', 'no such index [stats-file-download]', stats-file-download, index_or_alias)
NotFoundError(404, 'index_not_found_exception', 'no such index [stats-file-download]', stats-file-download, index_or_alias)
NotFoundError(404, 'index_not_found_exception', 'no such index [stats-file-download]', stats-file-download, index_or_alias)
PASSED

tests/ui/test_signposting_ui.py::test_link_in_content_resource_response_headers[head] NotFoundError(404, 'index_not_found_exception', 'no such index [stats-record-view]', stats-record-view, index_or_alias)
[2025-12-10 10:08:21,237] WARNING in api: NotFoundError(404, 'index_not_found_exception', 'no such index [stats-record-view]', stats-record-view, index_or_alias)
NotFoundError(404, 'index_not_found_exception', 'no such index [stats-record-view]', stats-record-view, index_or_alias)
NotFoundError(404, 'index_not_found_exception', 'no such index [stats-record-view]', stats-record-view, index_or_alias)
NotFoundError(404, 'index_not_found_exception', 'no such index [stats-record-view]', stats-record-view, index_or_alias)
NotFoundError(404, 'index_not_found_exception', 'no such index [stats-record-view]', stats-record-view, index_or_alias)
NotFoundError(404, 'index_not_found_exception', 'no such index [stats-record-view]', stats-record-view, index_or_alias)
NotFoundError(404, 'index_not_found_exception', 'no such index [stats-record-view]', stats-record-view, index_or_alias)
NotFoundError(404, 'index_not_found_exception', 'no such index [stats-record-view]', stats-record-view, index_or_alias)
NotFoundError(404, 'index_not_found_exception', 'no such index [stats-record-view]', stats-record-view, index_or_alias)
NotFoundError(404, 'index_not_found_exception', 'no such index [stats-record-view]', stats-record-view, index_or_alias)
NotFoundError(404, 'index_not_found_exception', 'no such index [stats-record-view]', stats-record-view, index_or_alias)
NotFoundError(404, 'index_not_found_exception', 'no such index [stats-record-view]', stats-record-view, index_or_alias)
NotFoundError(404, 'index_not_found_exception', 'no such index [stats-record-view]', stats-record-view, index_or_alias)
NotFoundError(404, 'index_not_found_exception', 'no such index [stats-record-view]', stats-record-view, index_or_alias)
NotFoundError(404, 'index_not_found_exception', 'no such index [stats-record-view]', stats-record-view, index_or_alias)
NotFoundError(404, 'index_not_found_exception', 'no such index [stats-record-view]', stats-record-view, index_or_alias)
NotFoundError(404, 'index_not_found_exception', 'no such index [stats-record-view]', stats-record-view, index_or_alias)
NotFoundError(404, 'index_not_found_exception', 'no such index [stats-file-download]', stats-file-download, index_or_alias)
[2025-12-10 10:08:21,240] WARNING in api: NotFoundError(404, 'index_not_found_exception', 'no such index [stats-file-download]', stats-file-download, index_or_alias)
NotFoundError(404, 'index_not_found_exception', 'no such index [stats-file-download]', stats-file-download, index_or_alias)
NotFoundError(404, 'index_not_found_exception', 'no such index [stats-file-download]', stats-file-download, index_or_alias)
NotFoundError(404, 'index_not_found_exception', 'no such index [stats-file-download]', stats-file-download, index_or_alias)
NotFoundError(404, 'index_not_found_exception', 'no such index [stats-file-download]', stats-file-download, index_or_alias)
NotFoundError(404, 'index_not_found_exception', 'no such index [stats-file-download]', stats-file-download, index_or_alias)
NotFoundError(404, 'index_not_found_exception', 'no such index [stats-file-download]', stats-file-download, index_or_alias)
NotFoundError(404, 'index_not_found_exception', 'no such index [stats-file-download]', stats-file-download, index_or_alias)
NotFoundError(404, 'index_not_found_exception', 'no such index [stats-file-download]', stats-file-download, index_or_alias)
NotFoundError(404, 'index_not_found_exception', 'no such index [stats-file-download]', stats-file-download, index_or_alias)
NotFoundError(404, 'index_not_found_exception', 'no such index [stats-file-download]', stats-file-download, index_or_alias)
NotFoundError(404, 'index_not_found_exception', 'no such index [stats-file-download]', stats-file-download, index_or_alias)
NotFoundError(404, 'index_not_found_exception', 'no such index [stats-file-download]', stats-file-download, index_or_alias)
NotFoundError(404, 'index_not_found_exception', 'no such index [stats-file-download]', stats-file-download, index_or_alias)
NotFoundError(404, 'index_not_found_exception', 'no such index [stats-file-download]', stats-file-download, index_or_alias)
NotFoundError(404, 'index_not_found_exception', 'no such index [stats-file-download]', stats-file-download, index_or_alias)
NotFoundError(404, 'index_not_found_exception', 'no such index [stats-file-download]', stats-file-download, index_or_alias)
PASSED

tests/ui/test_signposting_ui.py::test_link_in_content_resource_response_headers[get] NotFoundError(404, 'index_not_found_exception', 'no such index [stats-record-view]', stats-record-view, index_or_alias)
[2025-12-10 10:08:21,737] WARNING in api: NotFoundError(404, 'index_not_found_exception', 'no such index [stats-record-view]', stats-record-view, index_or_alias)
NotFoundError(404, 'index_not_found_exception', 'no such index [stats-record-view]', stats-record-view, index_or_alias)
NotFoundError(404, 'index_not_found_exception', 'no such index [stats-record-view]', stats-record-view, index_or_alias)
NotFoundError(404, 'index_not_found_exception', 'no such index [stats-record-view]', stats-record-view, index_or_alias)
NotFoundError(404, 'index_not_found_exception', 'no such index [stats-record-view]', stats-record-view, index_or_alias)
NotFoundError(404, 'index_not_found_exception', 'no such index [stats-record-view]', stats-record-view, index_or_alias)
NotFoundError(404, 'index_not_found_exception', 'no such index [stats-record-view]', stats-record-view, index_or_alias)
NotFoundError(404, 'index_not_found_exception', 'no such index [stats-record-view]', stats-record-view, index_or_alias)
NotFoundError(404, 'index_not_found_exception', 'no such index [stats-record-view]', stats-record-view, index_or_alias)
NotFoundError(404, 'index_not_found_exception', 'no such index [stats-record-view]', stats-record-view, index_or_alias)
NotFoundError(404, 'index_not_found_exception', 'no such index [stats-record-view]', stats-record-view, index_or_alias)
NotFoundError(404, 'index_not_found_exception', 'no such index [stats-record-view]', stats-record-view, index_or_alias)
NotFoundError(404, 'index_not_found_exception', 'no such index [stats-record-view]', stats-record-view, index_or_alias)
NotFoundError(404, 'index_not_found_exception', 'no such index [stats-record-view]', stats-record-view, index_or_alias)
NotFoundError(404, 'index_not_found_exception', 'no such index [stats-record-view]', stats-record-view, index_or_alias)
NotFoundError(404, 'index_not_found_exception', 'no such index [stats-record-view]', stats-record-view, index_or_alias)
NotFoundError(404, 'index_not_found_exception', 'no such index [stats-record-view]', stats-record-view, index_or_alias)
NotFoundError(404, 'index_not_found_exception', 'no such index [stats-file-download]', stats-file-download, index_or_alias)
[2025-12-10 10:08:21,739] WARNING in api: NotFoundError(404, 'index_not_found_exception', 'no such index [stats-file-download]', stats-file-download, index_or_alias)
NotFoundError(404, 'index_not_found_exception', 'no such index [stats-file-download]', stats-file-download, index_or_alias)
NotFoundError(404, 'index_not_found_exception', 'no such index [stats-file-download]', stats-file-download, index_or_alias)
NotFoundError(404, 'index_not_found_exception', 'no such index [stats-file-download]', stats-file-download, index_or_alias)
NotFoundError(404, 'index_not_found_exception', 'no such index [stats-file-download]', stats-file-download, index_or_alias)
NotFoundError(404, 'index_not_found_exception', 'no such index [stats-file-download]', stats-file-download, index_or_alias)
NotFoundError(404, 'index_not_found_exception', 'no such index [stats-file-download]', stats-file-download, index_or_alias)
NotFoundError(404, 'index_not_found_exception', 'no such index [stats-file-download]', stats-file-download, index_or_alias)
NotFoundError(404, 'index_not_found_exception', 'no such index [stats-file-download]', stats-file-download, index_or_alias)
NotFoundError(404, 'index_not_found_exception', 'no such index [stats-file-download]', stats-file-download, index_or_alias)
NotFoundError(404, 'index_not_found_exception', 'no such index [stats-file-download]', stats-file-download, index_or_alias)
NotFoundError(404, 'index_not_found_exception', 'no such index [stats-file-download]', stats-file-download, index_or_alias)
NotFoundError(404, 'index_not_found_exception', 'no such index [stats-file-download]', stats-file-download, index_or_alias)
NotFoundError(404, 'index_not_found_exception', 'no such index [stats-file-download]', stats-file-download, index_or_alias)
NotFoundError(404, 'index_not_found_exception', 'no such index [stats-file-download]', stats-file-download, index_or_alias)
NotFoundError(404, 'index_not_found_exception', 'no such index [stats-file-download]', stats-file-download, index_or_alias)
NotFoundError(404, 'index_not_found_exception', 'no such index [stats-file-download]', stats-file-download, index_or_alias)
PASSED

tests/ui/test_signposting_ui.py::test_link_in_metadata_resource_response_headers[head] NotFoundError(404, 'index_not_found_exception', 'no such index [stats-record-view]', stats-record-view, index_or_alias)
[2025-12-10 10:08:22,118] WARNING in api: NotFoundError(404, 'index_not_found_exception', 'no such index [stats-record-view]', stats-record-view, index_or_alias)
NotFoundError(404, 'index_not_found_exception', 'no such index [stats-record-view]', stats-record-view, index_or_alias)
NotFoundError(404, 'index_not_found_exception', 'no such index [stats-record-view]', stats-record-view, index_or_alias)
NotFoundError(404, 'index_not_found_exception', 'no such index [stats-record-view]', stats-record-view, index_or_alias)
NotFoundError(404, 'index_not_found_exception', 'no such index [stats-record-view]', stats-record-view, index_or_alias)
NotFoundError(404, 'index_not_found_exception', 'no such index [stats-record-view]', stats-record-view, index_or_alias)
NotFoundError(404, 'index_not_found_exception', 'no such index [stats-record-view]', stats-record-view, index_or_alias)
NotFoundError(404, 'index_not_found_exception', 'no such index [stats-record-view]', stats-record-view, index_or_alias)
NotFoundError(404, 'index_not_found_exception', 'no such index [stats-record-view]', stats-record-view, index_or_alias)
NotFoundError(404, 'index_not_found_exception', 'no such index [stats-record-view]', stats-record-view, index_or_alias)
NotFoundError(404, 'index_not_found_exception', 'no such index [stats-record-view]', stats-record-view, index_or_alias)
NotFoundError(404, 'index_not_found_exception', 'no such index [stats-record-view]', stats-record-view, index_or_alias)
NotFoundError(404, 'index_not_found_exception', 'no such index [stats-record-view]', stats-record-view, index_or_alias)
NotFoundError(404, 'index_not_found_exception', 'no such index [stats-record-view]', stats-record-view, index_or_alias)
NotFoundError(404, 'index_not_found_exception', 'no such index [stats-record-view]', stats-record-view, index_or_alias)
NotFoundError(404, 'index_not_found_exception', 'no such index [stats-record-view]', stats-record-view, index_or_alias)
NotFoundError(404, 'index_not_found_exception', 'no such index [stats-record-view]', stats-record-view, index_or_alias)
NotFoundError(404, 'index_not_found_exception', 'no such index [stats-file-download]', stats-file-download, index_or_alias)
[2025-12-10 10:08:22,121] WARNING in api: NotFoundError(404, 'index_not_found_exception', 'no such index [stats-file-download]', stats-file-download, index_or_alias)
NotFoundError(404, 'index_not_found_exception', 'no such index [stats-file-download]', stats-file-download, index_or_alias)
NotFoundError(404, 'index_not_found_exception', 'no such index [stats-file-download]', stats-file-download, index_or_alias)
NotFoundError(404, 'index_not_found_exception', 'no such index [stats-file-download]', stats-file-download, index_or_alias)
NotFoundError(404, 'index_not_found_exception', 'no such index [stats-file-download]', stats-file-download, index_or_alias)
NotFoundError(404, 'index_not_found_exception', 'no such index [stats-file-download]', stats-file-download, index_or_alias)
NotFoundError(404, 'index_not_found_exception', 'no such index [stats-file-download]', stats-file-download, index_or_alias)
NotFoundError(404, 'index_not_found_exception', 'no such index [stats-file-download]', stats-file-download, index_or_alias)
NotFoundError(404, 'index_not_found_exception', 'no such index [stats-file-download]', stats-file-download, index_or_alias)
NotFoundError(404, 'index_not_found_exception', 'no such index [stats-file-download]', stats-file-download, index_or_alias)
NotFoundError(404, 'index_not_found_exception', 'no such index [stats-file-download]', stats-file-download, index_or_alias)
NotFoundError(404, 'index_not_found_exception', 'no such index [stats-file-download]', stats-file-download, index_or_alias)
NotFoundError(404, 'index_not_found_exception', 'no such index [stats-file-download]', stats-file-download, index_or_alias)
NotFoundError(404, 'index_not_found_exception', 'no such index [stats-file-download]', stats-file-download, index_or_alias)
NotFoundError(404, 'index_not_found_exception', 'no such index [stats-file-download]', stats-file-download, index_or_alias)
NotFoundError(404, 'index_not_found_exception', 'no such index [stats-file-download]', stats-file-download, index_or_alias)
NotFoundError(404, 'index_not_found_exception', 'no such index [stats-file-download]', stats-file-download, index_or_alias)
PASSED

tests/ui/test_signposting_ui.py::test_link_in_metadata_resource_response_headers[get] NotFoundError(404, 'index_not_found_exception', 'no such index [stats-record-view]', stats-record-view, index_or_alias)
[2025-12-10 10:08:22,501] WARNING in api: NotFoundError(404, 'index_not_found_exception', 'no such index [stats-record-view]', stats-record-view, index_or_alias)
NotFoundError(404, 'index_not_found_exception', 'no such index [stats-record-view]', stats-record-view, index_or_alias)
NotFoundError(404, 'index_not_found_exception', 'no such index [stats-record-view]', stats-record-view, index_or_alias)
NotFoundError(404, 'index_not_found_exception', 'no such index [stats-record-view]', stats-record-view, index_or_alias)
NotFoundError(404, 'index_not_found_exception', 'no such index [stats-record-view]', stats-record-view, index_or_alias)
NotFoundError(404, 'index_not_found_exception', 'no such index [stats-record-view]', stats-record-view, index_or_alias)
NotFoundError(404, 'index_not_found_exception', 'no such index [stats-record-view]', stats-record-view, index_or_alias)
NotFoundError(404, 'index_not_found_exception', 'no such index [stats-record-view]', stats-record-view, index_or_alias)
NotFoundError(404, 'index_not_found_exception', 'no such index [stats-record-view]', stats-record-view, index_or_alias)
NotFoundError(404, 'index_not_found_exception', 'no such index [stats-record-view]', stats-record-view, index_or_alias)
NotFoundError(404, 'index_not_found_exception', 'no such index [stats-record-view]', stats-record-view, index_or_alias)
NotFoundError(404, 'index_not_found_exception', 'no such index [stats-record-view]', stats-record-view, index_or_alias)
NotFoundError(404, 'index_not_found_exception', 'no such index [stats-record-view]', stats-record-view, index_or_alias)
NotFoundError(404, 'index_not_found_exception', 'no such index [stats-record-view]', stats-record-view, index_or_alias)
NotFoundError(404, 'index_not_found_exception', 'no such index [stats-record-view]', stats-record-view, index_or_alias)
NotFoundError(404, 'index_not_found_exception', 'no such index [stats-record-view]', stats-record-view, index_or_alias)
NotFoundError(404, 'index_not_found_exception', 'no such index [stats-record-view]', stats-record-view, index_or_alias)
NotFoundError(404, 'index_not_found_exception', 'no such index [stats-file-download]', stats-file-download, index_or_alias)
[2025-12-10 10:08:22,504] WARNING in api: NotFoundError(404, 'index_not_found_exception', 'no such index [stats-file-download]', stats-file-download, index_or_alias)
NotFoundError(404, 'index_not_found_exception', 'no such index [stats-file-download]', stats-file-download, index_or_alias)
NotFoundError(404, 'index_not_found_exception', 'no such index [stats-file-download]', stats-file-download, index_or_alias)
NotFoundError(404, 'index_not_found_exception', 'no such index [stats-file-download]', stats-file-download, index_or_alias)
NotFoundError(404, 'index_not_found_exception', 'no such index [stats-file-download]', stats-file-download, index_or_alias)
NotFoundError(404, 'index_not_found_exception', 'no such index [stats-file-download]', stats-file-download, index_or_alias)
NotFoundError(404, 'index_not_found_exception', 'no such index [stats-file-download]', stats-file-download, index_or_alias)
NotFoundError(404, 'index_not_found_exception', 'no such index [stats-file-download]', stats-file-download, index_or_alias)
NotFoundError(404, 'index_not_found_exception', 'no such index [stats-file-download]', stats-file-download, index_or_alias)
NotFoundError(404, 'index_not_found_exception', 'no such index [stats-file-download]', stats-file-download, index_or_alias)
NotFoundError(404, 'index_not_found_exception', 'no such index [stats-file-download]', stats-file-download, index_or_alias)
NotFoundError(404, 'index_not_found_exception', 'no such index [stats-file-download]', stats-file-download, index_or_alias)
NotFoundError(404, 'index_not_found_exception', 'no such index [stats-file-download]', stats-file-download, index_or_alias)
NotFoundError(404, 'index_not_found_exception', 'no such index [stats-file-download]', stats-file-download, index_or_alias)
NotFoundError(404, 'index_not_found_exception', 'no such index [stats-file-download]', stats-file-download, index_or_alias)
NotFoundError(404, 'index_not_found_exception', 'no such index [stats-file-download]', stats-file-download, index_or_alias)
NotFoundError(404, 'index_not_found_exception', 'no such index [stats-file-download]', stats-file-download, index_or_alias)
PASSED

tests/ui/test_sitemaps.py::ISORT PASSED
tests/ui/test_sitemaps.py::black PASSED
tests/ui/test_sitemaps.py::test_sitemap_section_of_communities Loading config for entry point invenio_app_rdm.config
[2025-12-10 10:08:23,458] DEBUG in entrypoint: Loading config for entry point invenio_app_rdm.config
Loading config for entry point invenio_app_rdm.config
Loading config for entry point invenio_app_rdm.config
Loading config for entry point invenio_app_rdm.config
Loading config for entry point invenio_app_rdm.config
Loading config for entry point invenio_app_rdm.config
Loading config for entry point invenio_app_rdm.config
Loading config for entry point invenio_app_rdm.config
Loading config for entry point invenio_app_rdm.config
Loading config for entry point invenio_app_rdm.config
Loading config for entry point invenio_app_rdm.config
Loading config for entry point invenio_app_rdm.config
Loading config for entry point invenio_app_rdm.config
Loading config for entry point invenio_app_rdm.config
Loading config for entry point invenio_app_rdm.config
Loading config for entry point invenio_app_rdm.config
Loading config for entry point invenio_app_rdm.config
Flask-DebugToolbar extension not installed.
[2025-12-10 10:08:24,569] DEBUG in ext: Flask-DebugToolbar extension not installed.
Flask-DebugToolbar extension not installed.
Flask-DebugToolbar extension not installed.
Flask-DebugToolbar extension not installed.
Flask-DebugToolbar extension not installed.
Flask-DebugToolbar extension not installed.
Flask-DebugToolbar extension not installed.
Flask-DebugToolbar extension not installed.
Flask-DebugToolbar extension not installed.
Flask-DebugToolbar extension not installed.
Flask-DebugToolbar extension not installed.
Flask-DebugToolbar extension not installed.
Flask-DebugToolbar extension not installed.
Flask-DebugToolbar extension not installed.
Flask-DebugToolbar extension not installed.
Flask-DebugToolbar extension not installed.
Flask-DebugToolbar extension not installed.
Flask-DebugToolbar extension not installed.
PASSED

tests/ui/test_sitemaps.py::test_sitemap_section_of_records NotFoundError(404, 'index_not_found_exception', 'no such index [stats-record-view]', stats-record-view, index_or_alias)
[2025-03-27 00:00:00,305] WARNING in api: NotFoundError(404, 'index_not_found_exception', 'no such index [stats-record-view]', stats-record-view, index_or_alias)
NotFoundError(404, 'index_not_found_exception', 'no such index [stats-record-view]', stats-record-view, index_or_alias)
NotFoundError(404, 'index_not_found_exception', 'no such index [stats-record-view]', stats-record-view, index_or_alias)
NotFoundError(404, 'index_not_found_exception', 'no such index [stats-record-view]', stats-record-view, index_or_alias)
NotFoundError(404, 'index_not_found_exception', 'no such index [stats-record-view]', stats-record-view, index_or_alias)
NotFoundError(404, 'index_not_found_exception', 'no such index [stats-record-view]', stats-record-view, index_or_alias)
NotFoundError(404, 'index_not_found_exception', 'no such index [stats-record-view]', stats-record-view, index_or_alias)
NotFoundError(404, 'index_not_found_exception', 'no such index [stats-record-view]', stats-record-view, index_or_alias)
NotFoundError(404, 'index_not_found_exception', 'no such index [stats-record-view]', stats-record-view, index_or_alias)
NotFoundError(404, 'index_not_found_exception', 'no such index [stats-record-view]', stats-record-view, index_or_alias)
NotFoundError(404, 'index_not_found_exception', 'no such index [stats-record-view]', stats-record-view, index_or_alias)
NotFoundError(404, 'index_not_found_exception', 'no such index [stats-record-view]', stats-record-view, index_or_alias)
NotFoundError(404, 'index_not_found_exception', 'no such index [stats-record-view]', stats-record-view, index_or_alias)
NotFoundError(404, 'index_not_found_exception', 'no such index [stats-record-view]', stats-record-view, index_or_alias)
NotFoundError(404, 'index_not_found_exception', 'no such index [stats-record-view]', stats-record-view, index_or_alias)
NotFoundError(404, 'index_not_found_exception', 'no such index [stats-record-view]', stats-record-view, index_or_alias)
NotFoundError(404, 'index_not_found_exception', 'no such index [stats-record-view]', stats-record-view, index_or_alias)
NotFoundError(404, 'index_not_found_exception', 'no such index [stats-record-view]', stats-record-view, index_or_alias)
NotFoundError(404, 'index_not_found_exception', 'no such index [stats-file-download]', stats-file-download, index_or_alias)
[2025-03-27 00:00:00,308] WARNING in api: NotFoundError(404, 'index_not_found_exception', 'no such index [stats-file-download]', stats-file-download, index_or_alias)
NotFoundError(404, 'index_not_found_exception', 'no such index [stats-file-download]', stats-file-download, index_or_alias)
NotFoundError(404, 'index_not_found_exception', 'no such index [stats-file-download]', stats-file-download, index_or_alias)
NotFoundError(404, 'index_not_found_exception', 'no such index [stats-file-download]', stats-file-download, index_or_alias)
NotFoundError(404, 'index_not_found_exception', 'no such index [stats-file-download]', stats-file-download, index_or_alias)
NotFoundError(404, 'index_not_found_exception', 'no such index [stats-file-download]', stats-file-download, index_or_alias)
NotFoundError(404, 'index_not_found_exception', 'no such index [stats-file-download]', stats-file-download, index_or_alias)
NotFoundError(404, 'index_not_found_exception', 'no such index [stats-file-download]', stats-file-download, index_or_alias)
NotFoundError(404, 'index_not_found_exception', 'no such index [stats-file-download]', stats-file-download, index_or_alias)
NotFoundError(404, 'index_not_found_exception', 'no such index [stats-file-download]', stats-file-download, index_or_alias)
NotFoundError(404, 'index_not_found_exception', 'no such index [stats-file-download]', stats-file-download, index_or_alias)
NotFoundError(404, 'index_not_found_exception', 'no such index [stats-file-download]', stats-file-download, index_or_alias)
NotFoundError(404, 'index_not_found_exception', 'no such index [stats-file-download]', stats-file-download, index_or_alias)
NotFoundError(404, 'index_not_found_exception', 'no such index [stats-file-download]', stats-file-download, index_or_alias)
NotFoundError(404, 'index_not_found_exception', 'no such index [stats-file-download]', stats-file-download, index_or_alias)
NotFoundError(404, 'index_not_found_exception', 'no such index [stats-file-download]', stats-file-download, index_or_alias)
NotFoundError(404, 'index_not_found_exception', 'no such index [stats-file-download]', stats-file-download, index_or_alias)
NotFoundError(404, 'index_not_found_exception', 'no such index [stats-file-download]', stats-file-download, index_or_alias)
NotFoundError(404, 'index_not_found_exception', 'no such index [stats-record-view]', stats-record-view, index_or_alias)
[2025-03-27 00:00:00,664] WARNING in api: NotFoundError(404, 'index_not_found_exception', 'no such index [stats-record-view]', stats-record-view, index_or_alias)
NotFoundError(404, 'index_not_found_exception', 'no such index [stats-record-view]', stats-record-view, index_or_alias)
NotFoundError(404, 'index_not_found_exception', 'no such index [stats-record-view]', stats-record-view, index_or_alias)
NotFoundError(404, 'index_not_found_exception', 'no such index [stats-record-view]', stats-record-view, index_or_alias)
NotFoundError(404, 'index_not_found_exception', 'no such index [stats-record-view]', stats-record-view, index_or_alias)
NotFoundError(404, 'index_not_found_exception', 'no such index [stats-record-view]', stats-record-view, index_or_alias)
NotFoundError(404, 'index_not_found_exception', 'no such index [stats-record-view]', stats-record-view, index_or_alias)
NotFoundError(404, 'index_not_found_exception', 'no such index [stats-record-view]', stats-record-view, index_or_alias)
NotFoundError(404, 'index_not_found_exception', 'no such index [stats-record-view]', stats-record-view, index_or_alias)
NotFoundError(404, 'index_not_found_exception', 'no such index [stats-record-view]', stats-record-view, index_or_alias)
NotFoundError(404, 'index_not_found_exception', 'no such index [stats-record-view]', stats-record-view, index_or_alias)
NotFoundError(404, 'index_not_found_exception', 'no such index [stats-record-view]', stats-record-view, index_or_alias)
NotFoundError(404, 'index_not_found_exception', 'no such index [stats-record-view]', stats-record-view, index_or_alias)
NotFoundError(404, 'index_not_found_exception', 'no such index [stats-record-view]', stats-record-view, index_or_alias)
NotFoundError(404, 'index_not_found_exception', 'no such index [stats-record-view]', stats-record-view, index_or_alias)
NotFoundError(404, 'index_not_found_exception', 'no such index [stats-record-view]', stats-record-view, index_or_alias)
NotFoundError(404, 'index_not_found_exception', 'no such index [stats-record-view]', stats-record-view, index_or_alias)
NotFoundError(404, 'index_not_found_exception', 'no such index [stats-record-view]', stats-record-view, index_or_alias)
NotFoundError(404, 'index_not_found_exception', 'no such index [stats-file-download]', stats-file-download, index_or_alias)
[2025-03-27 00:00:00,667] WARNING in api: NotFoundError(404, 'index_not_found_exception', 'no such index [stats-file-download]', stats-file-download, index_or_alias)
NotFoundError(404, 'index_not_found_exception', 'no such index [stats-file-download]', stats-file-download, index_or_alias)
NotFoundError(404, 'index_not_found_exception', 'no such index [stats-file-download]', stats-file-download, index_or_alias)
NotFoundError(404, 'index_not_found_exception', 'no such index [stats-file-download]', stats-file-download, index_or_alias)
NotFoundError(404, 'index_not_found_exception', 'no such index [stats-file-download]', stats-file-download, index_or_alias)
NotFoundError(404, 'index_not_found_exception', 'no such index [stats-file-download]', stats-file-download, index_or_alias)
NotFoundError(404, 'index_not_found_exception', 'no such index [stats-file-download]', stats-file-download, index_or_alias)
NotFoundError(404, 'index_not_found_exception', 'no such index [stats-file-download]', stats-file-download, index_or_alias)
NotFoundError(404, 'index_not_found_exception', 'no such index [stats-file-download]', stats-file-download, index_or_alias)
NotFoundError(404, 'index_not_found_exception', 'no such index [stats-file-download]', stats-file-download, index_or_alias)
NotFoundError(404, 'index_not_found_exception', 'no such index [stats-file-download]', stats-file-download, index_or_alias)
NotFoundError(404, 'index_not_found_exception', 'no such index [stats-file-download]', stats-file-download, index_or_alias)
NotFoundError(404, 'index_not_found_exception', 'no such index [stats-file-download]', stats-file-download, index_or_alias)
NotFoundError(404, 'index_not_found_exception', 'no such index [stats-file-download]', stats-file-download, index_or_alias)
NotFoundError(404, 'index_not_found_exception', 'no such index [stats-file-download]', stats-file-download, index_or_alias)
NotFoundError(404, 'index_not_found_exception', 'no such index [stats-file-download]', stats-file-download, index_or_alias)
NotFoundError(404, 'index_not_found_exception', 'no such index [stats-file-download]', stats-file-download, index_or_alias)
NotFoundError(404, 'index_not_found_exception', 'no such index [stats-file-download]', stats-file-download, index_or_alias)
NotFoundError(404, 'index_not_found_exception', 'no such index [stats-record-view]', stats-record-view, index_or_alias)
[2025-03-28 00:00:00,343] WARNING in api: NotFoundError(404, 'index_not_found_exception', 'no such index [stats-record-view]', stats-record-view, index_or_alias)
NotFoundError(404, 'index_not_found_exception', 'no such index [stats-record-view]', stats-record-view, index_or_alias)
NotFoundError(404, 'index_not_found_exception', 'no such index [stats-record-view]', stats-record-view, index_or_alias)
NotFoundError(404, 'index_not_found_exception', 'no such index [stats-record-view]', stats-record-view, index_or_alias)
NotFoundError(404, 'index_not_found_exception', 'no such index [stats-record-view]', stats-record-view, index_or_alias)
NotFoundError(404, 'index_not_found_exception', 'no such index [stats-record-view]', stats-record-view, index_or_alias)
NotFoundError(404, 'index_not_found_exception', 'no such index [stats-record-view]', stats-record-view, index_or_alias)
NotFoundError(404, 'index_not_found_exception', 'no such index [stats-record-view]', stats-record-view, index_or_alias)
NotFoundError(404, 'index_not_found_exception', 'no such index [stats-record-view]', stats-record-view, index_or_alias)
NotFoundError(404, 'index_not_found_exception', 'no such index [stats-record-view]', stats-record-view, index_or_alias)
NotFoundError(404, 'index_not_found_exception', 'no such index [stats-record-view]', stats-record-view, index_or_alias)
NotFoundError(404, 'index_not_found_exception', 'no such index [stats-record-view]', stats-record-view, index_or_alias)
NotFoundError(404, 'index_not_found_exception', 'no such index [stats-record-view]', stats-record-view, index_or_alias)
NotFoundError(404, 'index_not_found_exception', 'no such index [stats-record-view]', stats-record-view, index_or_alias)
NotFoundError(404, 'index_not_found_exception', 'no such index [stats-record-view]', stats-record-view, index_or_alias)
NotFoundError(404, 'index_not_found_exception', 'no such index [stats-record-view]', stats-record-view, index_or_alias)
NotFoundError(404, 'index_not_found_exception', 'no such index [stats-record-view]', stats-record-view, index_or_alias)
NotFoundError(404, 'index_not_found_exception', 'no such index [stats-record-view]', stats-record-view, index_or_alias)
NotFoundError(404, 'index_not_found_exception', 'no such index [stats-file-download]', stats-file-download, index_or_alias)
[2025-03-28 00:00:00,346] WARNING in api: NotFoundError(404, 'index_not_found_exception', 'no such index [stats-file-download]', stats-file-download, index_or_alias)
NotFoundError(404, 'index_not_found_exception', 'no such index [stats-file-download]', stats-file-download, index_or_alias)
NotFoundError(404, 'index_not_found_exception', 'no such index [stats-file-download]', stats-file-download, index_or_alias)
NotFoundError(404, 'index_not_found_exception', 'no such index [stats-file-download]', stats-file-download, index_or_alias)
NotFoundError(404, 'index_not_found_exception', 'no such index [stats-file-download]', stats-file-download, index_or_alias)
NotFoundError(404, 'index_not_found_exception', 'no such index [stats-file-download]', stats-file-download, index_or_alias)
NotFoundError(404, 'index_not_found_exception', 'no such index [stats-file-download]', stats-file-download, index_or_alias)
NotFoundError(404, 'index_not_found_exception', 'no such index [stats-file-download]', stats-file-download, index_or_alias)
NotFoundError(404, 'index_not_found_exception', 'no such index [stats-file-download]', stats-file-download, index_or_alias)
NotFoundError(404, 'index_not_found_exception', 'no such index [stats-file-download]', stats-file-download, index_or_alias)
NotFoundError(404, 'index_not_found_exception', 'no such index [stats-file-download]', stats-file-download, index_or_alias)
NotFoundError(404, 'index_not_found_exception', 'no such index [stats-file-download]', stats-file-download, index_or_alias)
NotFoundError(404, 'index_not_found_exception', 'no such index [stats-file-download]', stats-file-download, index_or_alias)
NotFoundError(404, 'index_not_found_exception', 'no such index [stats-file-download]', stats-file-download, index_or_alias)
NotFoundError(404, 'index_not_found_exception', 'no such index [stats-file-download]', stats-file-download, index_or_alias)
NotFoundError(404, 'index_not_found_exception', 'no such index [stats-file-download]', stats-file-download, index_or_alias)
NotFoundError(404, 'index_not_found_exception', 'no such index [stats-file-download]', stats-file-download, index_or_alias)
NotFoundError(404, 'index_not_found_exception', 'no such index [stats-file-download]', stats-file-download, index_or_alias)
PASSED

tests/ui/test_stats_ui.py::ISORT PASSED
tests/ui/test_stats_ui.py::black PASSED
tests/ui/test_stats_ui.py::test_record_view_events Loading config for entry point invenio_app_rdm.config
[2025-12-10 10:08:30,532] DEBUG in entrypoint: Loading config for entry point invenio_app_rdm.config
Loading config for entry point invenio_app_rdm.config
Loading config for entry point invenio_app_rdm.config
Loading config for entry point invenio_app_rdm.config
Loading config for entry point invenio_app_rdm.config
Loading config for entry point invenio_app_rdm.config
Loading config for entry point invenio_app_rdm.config
Loading config for entry point invenio_app_rdm.config
Loading config for entry point invenio_app_rdm.config
Loading config for entry point invenio_app_rdm.config
Loading config for entry point invenio_app_rdm.config
Loading config for entry point invenio_app_rdm.config
Loading config for entry point invenio_app_rdm.config
Loading config for entry point invenio_app_rdm.config
Loading config for entry point invenio_app_rdm.config
Loading config for entry point invenio_app_rdm.config
Loading config for entry point invenio_app_rdm.config
Loading config for entry point invenio_app_rdm.config
Flask-DebugToolbar extension not installed.
[2025-12-10 10:08:31,649] DEBUG in ext: Flask-DebugToolbar extension not installed.
Flask-DebugToolbar extension not installed.
Flask-DebugToolbar extension not installed.
Flask-DebugToolbar extension not installed.
Flask-DebugToolbar extension not installed.
Flask-DebugToolbar extension not installed.
Flask-DebugToolbar extension not installed.
Flask-DebugToolbar extension not installed.
Flask-DebugToolbar extension not installed.
Flask-DebugToolbar extension not installed.
Flask-DebugToolbar extension not installed.
Flask-DebugToolbar extension not installed.
Flask-DebugToolbar extension not installed.
Flask-DebugToolbar extension not installed.
Flask-DebugToolbar extension not installed.
Flask-DebugToolbar extension not installed.
Flask-DebugToolbar extension not installed.
Flask-DebugToolbar extension not installed.
Flask-DebugToolbar extension not installed.
NotFoundError(404, 'index_not_found_exception', 'no such index [stats-record-view]', stats-record-view, index_or_alias)
[2025-12-10 10:08:35,190] WARNING in api: NotFoundError(404, 'index_not_found_exception', 'no such index [stats-record-view]', stats-record-view, index_or_alias)
NotFoundError(404, 'index_not_found_exception', 'no such index [stats-record-view]', stats-record-view, index_or_alias)
NotFoundError(404, 'index_not_found_exception', 'no such index [stats-record-view]', stats-record-view, index_or_alias)
NotFoundError(404, 'index_not_found_exception', 'no such index [stats-record-view]', stats-record-view, index_or_alias)
NotFoundError(404, 'index_not_found_exception', 'no such index [stats-record-view]', stats-record-view, index_or_alias)
NotFoundError(404, 'index_not_found_exception', 'no such index [stats-record-view]', stats-record-view, index_or_alias)
NotFoundError(404, 'index_not_found_exception', 'no such index [stats-record-view]', stats-record-view, index_or_alias)
NotFoundError(404, 'index_not_found_exception', 'no such index [stats-record-view]', stats-record-view, index_or_alias)
NotFoundError(404, 'index_not_found_exception', 'no such index [stats-record-view]', stats-record-view, index_or_alias)
NotFoundError(404, 'index_not_found_exception', 'no such index [stats-record-view]', stats-record-view, index_or_alias)
NotFoundError(404, 'index_not_found_exception', 'no such index [stats-record-view]', stats-record-view, index_or_alias)
NotFoundError(404, 'index_not_found_exception', 'no such index [stats-record-view]', stats-record-view, index_or_alias)
NotFoundError(404, 'index_not_found_exception', 'no such index [stats-record-view]', stats-record-view, index_or_alias)
NotFoundError(404, 'index_not_found_exception', 'no such index [stats-record-view]', stats-record-view, index_or_alias)
NotFoundError(404, 'index_not_found_exception', 'no such index [stats-record-view]', stats-record-view, index_or_alias)
NotFoundError(404, 'index_not_found_exception', 'no such index [stats-record-view]', stats-record-view, index_or_alias)
NotFoundError(404, 'index_not_found_exception', 'no such index [stats-record-view]', stats-record-view, index_or_alias)
NotFoundError(404, 'index_not_found_exception', 'no such index [stats-record-view]', stats-record-view, index_or_alias)
NotFoundError(404, 'index_not_found_exception', 'no such index [stats-record-view]', stats-record-view, index_or_alias)
NotFoundError(404, 'index_not_found_exception', 'no such index [stats-file-download]', stats-file-download, index_or_alias)
[2025-12-10 10:08:35,193] WARNING in api: NotFoundError(404, 'index_not_found_exception', 'no such index [stats-file-download]', stats-file-download, index_or_alias)
NotFoundError(404, 'index_not_found_exception', 'no such index [stats-file-download]', stats-file-download, index_or_alias)
NotFoundError(404, 'index_not_found_exception', 'no such index [stats-file-download]', stats-file-download, index_or_alias)
NotFoundError(404, 'index_not_found_exception', 'no such index [stats-file-download]', stats-file-download, index_or_alias)
NotFoundError(404, 'index_not_found_exception', 'no such index [stats-file-download]', stats-file-download, index_or_alias)
NotFoundError(404, 'index_not_found_exception', 'no such index [stats-file-download]', stats-file-download, index_or_alias)
NotFoundError(404, 'index_not_found_exception', 'no such index [stats-file-download]', stats-file-download, index_or_alias)
NotFoundError(404, 'index_not_found_exception', 'no such index [stats-file-download]', stats-file-download, index_or_alias)
NotFoundError(404, 'index_not_found_exception', 'no such index [stats-file-download]', stats-file-download, index_or_alias)
NotFoundError(404, 'index_not_found_exception', 'no such index [stats-file-download]', stats-file-download, index_or_alias)
NotFoundError(404, 'index_not_found_exception', 'no such index [stats-file-download]', stats-file-download, index_or_alias)
NotFoundError(404, 'index_not_found_exception', 'no such index [stats-file-download]', stats-file-download, index_or_alias)
NotFoundError(404, 'index_not_found_exception', 'no such index [stats-file-download]', stats-file-download, index_or_alias)
NotFoundError(404, 'index_not_found_exception', 'no such index [stats-file-download]', stats-file-download, index_or_alias)
NotFoundError(404, 'index_not_found_exception', 'no such index [stats-file-download]', stats-file-download, index_or_alias)
NotFoundError(404, 'index_not_found_exception', 'no such index [stats-file-download]', stats-file-download, index_or_alias)
NotFoundError(404, 'index_not_found_exception', 'no such index [stats-file-download]', stats-file-download, index_or_alias)
NotFoundError(404, 'index_not_found_exception', 'no such index [stats-file-download]', stats-file-download, index_or_alias)
NotFoundError(404, 'index_not_found_exception', 'no such index [stats-file-download]', stats-file-download, index_or_alias)
PASSED

tests/ui/test_stats_ui.py::test_record_view_statistics NotFoundError(404, 'index_not_found_exception', 'no such index [stats-record-view]', stats-record-view, index_or_alias)
[2025-12-10 10:08:35,815] WARNING in api: NotFoundError(404, 'index_not_found_exception', 'no such index [stats-record-view]', stats-record-view, index_or_alias)
NotFoundError(404, 'index_not_found_exception', 'no such index [stats-record-view]', stats-record-view, index_or_alias)
NotFoundError(404, 'index_not_found_exception', 'no such index [stats-record-view]', stats-record-view, index_or_alias)
NotFoundError(404, 'index_not_found_exception', 'no such index [stats-record-view]', stats-record-view, index_or_alias)
NotFoundError(404, 'index_not_found_exception', 'no such index [stats-record-view]', stats-record-view, index_or_alias)
NotFoundError(404, 'index_not_found_exception', 'no such index [stats-record-view]', stats-record-view, index_or_alias)
NotFoundError(404, 'index_not_found_exception', 'no such index [stats-record-view]', stats-record-view, index_or_alias)
NotFoundError(404, 'index_not_found_exception', 'no such index [stats-record-view]', stats-record-view, index_or_alias)
NotFoundError(404, 'index_not_found_exception', 'no such index [stats-record-view]', stats-record-view, index_or_alias)
NotFoundError(404, 'index_not_found_exception', 'no such index [stats-record-view]', stats-record-view, index_or_alias)
NotFoundError(404, 'index_not_found_exception', 'no such index [stats-record-view]', stats-record-view, index_or_alias)
NotFoundError(404, 'index_not_found_exception', 'no such index [stats-record-view]', stats-record-view, index_or_alias)
NotFoundError(404, 'index_not_found_exception', 'no such index [stats-record-view]', stats-record-view, index_or_alias)
NotFoundError(404, 'index_not_found_exception', 'no such index [stats-record-view]', stats-record-view, index_or_alias)
NotFoundError(404, 'index_not_found_exception', 'no such index [stats-record-view]', stats-record-view, index_or_alias)
NotFoundError(404, 'index_not_found_exception', 'no such index [stats-record-view]', stats-record-view, index_or_alias)
NotFoundError(404, 'index_not_found_exception', 'no such index [stats-record-view]', stats-record-view, index_or_alias)
NotFoundError(404, 'index_not_found_exception', 'no such index [stats-record-view]', stats-record-view, index_or_alias)
NotFoundError(404, 'index_not_found_exception', 'no such index [stats-record-view]', stats-record-view, index_or_alias)
NotFoundError(404, 'index_not_found_exception', 'no such index [stats-file-download]', stats-file-download, index_or_alias)
[2025-12-10 10:08:35,817] WARNING in api: NotFoundError(404, 'index_not_found_exception', 'no such index [stats-file-download]', stats-file-download, index_or_alias)
NotFoundError(404, 'index_not_found_exception', 'no such index [stats-file-download]', stats-file-download, index_or_alias)
NotFoundError(404, 'index_not_found_exception', 'no such index [stats-file-download]', stats-file-download, index_or_alias)
NotFoundError(404, 'index_not_found_exception', 'no such index [stats-file-download]', stats-file-download, index_or_alias)
NotFoundError(404, 'index_not_found_exception', 'no such index [stats-file-download]', stats-file-download, index_or_alias)
NotFoundError(404, 'index_not_found_exception', 'no such index [stats-file-download]', stats-file-download, index_or_alias)
NotFoundError(404, 'index_not_found_exception', 'no such index [stats-file-download]', stats-file-download, index_or_alias)
NotFoundError(404, 'index_not_found_exception', 'no such index [stats-file-download]', stats-file-download, index_or_alias)
NotFoundError(404, 'index_not_found_exception', 'no such index [stats-file-download]', stats-file-download, index_or_alias)
NotFoundError(404, 'index_not_found_exception', 'no such index [stats-file-download]', stats-file-download, index_or_alias)
NotFoundError(404, 'index_not_found_exception', 'no such index [stats-file-download]', stats-file-download, index_or_alias)
NotFoundError(404, 'index_not_found_exception', 'no such index [stats-file-download]', stats-file-download, index_or_alias)
NotFoundError(404, 'index_not_found_exception', 'no such index [stats-file-download]', stats-file-download, index_or_alias)
NotFoundError(404, 'index_not_found_exception', 'no such index [stats-file-download]', stats-file-download, index_or_alias)
NotFoundError(404, 'index_not_found_exception', 'no such index [stats-file-download]', stats-file-download, index_or_alias)
NotFoundError(404, 'index_not_found_exception', 'no such index [stats-file-download]', stats-file-download, index_or_alias)
NotFoundError(404, 'index_not_found_exception', 'no such index [stats-file-download]', stats-file-download, index_or_alias)
NotFoundError(404, 'index_not_found_exception', 'no such index [stats-file-download]', stats-file-download, index_or_alias)
NotFoundError(404, 'index_not_found_exception', 'no such index [stats-file-download]', stats-file-download, index_or_alias)
PASSED

invenio_app_rdm/__init__.py::PYDOCSTYLE PASSED
invenio_app_rdm/__init__.py::ISORT PASSED
invenio_app_rdm/__init__.py::black PASSED
invenio_app_rdm/administration/__init__.py::PYDOCSTYLE PASSED
invenio_app_rdm/administration/__init__.py::ISORT PASSED
invenio_app_rdm/administration/__init__.py::black PASSED
invenio_app_rdm/administration/audit_logs/__init__.py::PYDOCSTYLE PASSED
invenio_app_rdm/administration/audit_logs/__init__.py::ISORT PASSED
invenio_app_rdm/administration/audit_logs/__init__.py::black PASSED
invenio_app_rdm/administration/audit_logs/audit_logs.py::PYDOCSTYLE PASSED
invenio_app_rdm/administration/audit_logs/audit_logs.py::ISORT PASSED
invenio_app_rdm/administration/audit_logs/audit_logs.py::black PASSED
invenio_app_rdm/administration/domains/__init__.py::PYDOCSTYLE PASSED
invenio_app_rdm/administration/domains/__init__.py::ISORT PASSED
invenio_app_rdm/administration/domains/__init__.py::black PASSED
invenio_app_rdm/administration/domains/domains.py::PYDOCSTYLE PASSED
invenio_app_rdm/administration/domains/domains.py::ISORT PASSED
invenio_app_rdm/administration/domains/domains.py::black PASSED
invenio_app_rdm/administration/moderation/__init__.py::PYDOCSTYLE PASSED
invenio_app_rdm/administration/moderation/__init__.py::ISORT PASSED
invenio_app_rdm/administration/moderation/__init__.py::black PASSED
invenio_app_rdm/administration/moderation/requests.py::PYDOCSTYLE PASSED
invenio_app_rdm/administration/moderation/requests.py::ISORT PASSED
invenio_app_rdm/administration/moderation/requests.py::black PASSED
invenio_app_rdm/administration/records/__init__.py::PYDOCSTYLE PASSED
invenio_app_rdm/administration/records/__init__.py::ISORT PASSED
invenio_app_rdm/administration/records/__init__.py::black PASSED
invenio_app_rdm/administration/records/records.py::PYDOCSTYLE PASSED
invenio_app_rdm/administration/records/records.py::ISORT PASSED
invenio_app_rdm/administration/records/records.py::black PASSED
invenio_app_rdm/administration/user_moderation/__init__.py::PYDOCSTYLE PASSED
invenio_app_rdm/administration/user_moderation/__init__.py::ISORT PASSED
invenio_app_rdm/administration/user_moderation/__init__.py::black PASSED
invenio_app_rdm/administration/user_moderation/user_moderation.py::PYDOCSTYLE PASSED
invenio_app_rdm/administration/user_moderation/user_moderation.py::ISORT PASSED
invenio_app_rdm/administration/user_moderation/user_moderation.py::black PASSED
invenio_app_rdm/administration/users/__init__.py::PYDOCSTYLE PASSED
invenio_app_rdm/administration/users/__init__.py::ISORT PASSED
invenio_app_rdm/administration/users/__init__.py::black PASSED
invenio_app_rdm/administration/users/users.py::PYDOCSTYLE PASSED
invenio_app_rdm/administration/users/users.py::ISORT PASSED
invenio_app_rdm/administration/users/users.py::black PASSED
invenio_app_rdm/administration/views/__init__.py::PYDOCSTYLE PASSED
invenio_app_rdm/administration/views/__init__.py::ISORT PASSED
invenio_app_rdm/administration/views/__init__.py::black PASSED
invenio_app_rdm/administration/views/ui.py::PYDOCSTYLE PASSED
invenio_app_rdm/administration/views/ui.py::ISORT PASSED
invenio_app_rdm/administration/views/ui.py::black PASSED
invenio_app_rdm/cli.py::PYDOCSTYLE PASSED
invenio_app_rdm/cli.py::ISORT PASSED
invenio_app_rdm/cli.py::black PASSED
invenio_app_rdm/communities_ui/__init__.py::PYDOCSTYLE PASSED
invenio_app_rdm/communities_ui/__init__.py::ISORT PASSED
invenio_app_rdm/communities_ui/__init__.py::black PASSED
invenio_app_rdm/communities_ui/searchapp.py::PYDOCSTYLE PASSED
invenio_app_rdm/communities_ui/searchapp.py::ISORT PASSED
invenio_app_rdm/communities_ui/searchapp.py::black PASSED
invenio_app_rdm/communities_ui/sitemap.py::PYDOCSTYLE PASSED
invenio_app_rdm/communities_ui/sitemap.py::ISORT PASSED
invenio_app_rdm/communities_ui/sitemap.py::black PASSED
invenio_app_rdm/communities_ui/views/__init__.py::PYDOCSTYLE PASSED
invenio_app_rdm/communities_ui/views/__init__.py::ISORT PASSED
invenio_app_rdm/communities_ui/views/__init__.py::black PASSED
invenio_app_rdm/communities_ui/views/communities.py::PYDOCSTYLE PASSED
invenio_app_rdm/communities_ui/views/communities.py::ISORT PASSED
invenio_app_rdm/communities_ui/views/communities.py::black PASSED
invenio_app_rdm/communities_ui/views/ui.py::PYDOCSTYLE PASSED
invenio_app_rdm/communities_ui/views/ui.py::ISORT PASSED
invenio_app_rdm/communities_ui/views/ui.py::black PASSED
invenio_app_rdm/config.py::PYDOCSTYLE PASSED
invenio_app_rdm/config.py::ISORT PASSED
invenio_app_rdm/config.py::black PASSED
invenio_app_rdm/ext.py::PYDOCSTYLE PASSED
invenio_app_rdm/ext.py::ISORT PASSED
invenio_app_rdm/ext.py::black PASSED
invenio_app_rdm/fixtures/__init__.py::PYDOCSTYLE PASSED
invenio_app_rdm/fixtures/__init__.py::ISORT PASSED
invenio_app_rdm/fixtures/__init__.py::black PASSED
invenio_app_rdm/fixtures/oai_sets.py::PYDOCSTYLE PASSED
invenio_app_rdm/fixtures/oai_sets.py::ISORT PASSED
invenio_app_rdm/fixtures/oai_sets.py::black PASSED
invenio_app_rdm/fixtures/pages.py::PYDOCSTYLE PASSED
invenio_app_rdm/fixtures/pages.py::ISORT PASSED
invenio_app_rdm/fixtures/pages.py::black PASSED
invenio_app_rdm/records_ui/__init__.py::PYDOCSTYLE PASSED
invenio_app_rdm/records_ui/__init__.py::ISORT PASSED
invenio_app_rdm/records_ui/__init__.py::black PASSED
invenio_app_rdm/records_ui/previewer/__init__.py::PYDOCSTYLE PASSED
invenio_app_rdm/records_ui/previewer/__init__.py::ISORT PASSED
invenio_app_rdm/records_ui/previewer/__init__.py::black PASSED
invenio_app_rdm/records_ui/previewer/iiif_simple.py::PYDOCSTYLE PASSED
invenio_app_rdm/records_ui/previewer/iiif_simple.py::ISORT PASSED
invenio_app_rdm/records_ui/previewer/iiif_simple.py::black PASSED
invenio_app_rdm/records_ui/searchapp.py::PYDOCSTYLE PASSED
invenio_app_rdm/records_ui/searchapp.py::ISORT PASSED
invenio_app_rdm/records_ui/searchapp.py::black PASSED
invenio_app_rdm/records_ui/sitemap.py::PYDOCSTYLE PASSED
invenio_app_rdm/records_ui/sitemap.py::ISORT PASSED
invenio_app_rdm/records_ui/sitemap.py::black PASSED
invenio_app_rdm/records_ui/utils.py::PYDOCSTYLE PASSED
invenio_app_rdm/records_ui/utils.py::ISORT PASSED
invenio_app_rdm/records_ui/utils.py::black PASSED
invenio_app_rdm/records_ui/views/__init__.py::PYDOCSTYLE PASSED
invenio_app_rdm/records_ui/views/__init__.py::ISORT PASSED
invenio_app_rdm/records_ui/views/__init__.py::black PASSED
invenio_app_rdm/records_ui/views/decorators.py::PYDOCSTYLE PASSED
invenio_app_rdm/records_ui/views/decorators.py::ISORT PASSED
invenio_app_rdm/records_ui/views/decorators.py::black PASSED
invenio_app_rdm/records_ui/views/deposits.py::PYDOCSTYLE PASSED
invenio_app_rdm/records_ui/views/deposits.py::ISORT PASSED
invenio_app_rdm/records_ui/views/deposits.py::black PASSED
invenio_app_rdm/records_ui/views/filters.py::PYDOCSTYLE PASSED
invenio_app_rdm/records_ui/views/filters.py::ISORT PASSED
invenio_app_rdm/records_ui/views/filters.py::black PASSED
invenio_app_rdm/records_ui/views/records.py::PYDOCSTYLE PASSED
invenio_app_rdm/records_ui/views/records.py::ISORT PASSED
invenio_app_rdm/records_ui/views/records.py::black PASSED
invenio_app_rdm/redirector/__init__.py::PYDOCSTYLE PASSED
invenio_app_rdm/redirector/__init__.py::ISORT PASSED
invenio_app_rdm/redirector/__init__.py::black PASSED
invenio_app_rdm/redirector/resource.py::PYDOCSTYLE PASSED
invenio_app_rdm/redirector/resource.py::ISORT PASSED
invenio_app_rdm/redirector/resource.py::black PASSED
invenio_app_rdm/redirector/views.py::PYDOCSTYLE PASSED
invenio_app_rdm/redirector/views.py::ISORT PASSED
invenio_app_rdm/redirector/views.py::black PASSED
invenio_app_rdm/requests_ui/__init__.py::PYDOCSTYLE PASSED
invenio_app_rdm/requests_ui/__init__.py::ISORT PASSED
invenio_app_rdm/requests_ui/__init__.py::black PASSED
invenio_app_rdm/requests_ui/views/__init__.py::PYDOCSTYLE PASSED
invenio_app_rdm/requests_ui/views/__init__.py::ISORT PASSED
invenio_app_rdm/requests_ui/views/__init__.py::black PASSED
invenio_app_rdm/requests_ui/views/requests.py::PYDOCSTYLE PASSED
invenio_app_rdm/requests_ui/views/requests.py::ISORT PASSED
invenio_app_rdm/requests_ui/views/requests.py::black PASSED
invenio_app_rdm/requests_ui/views/ui.py::PYDOCSTYLE PASSED
invenio_app_rdm/requests_ui/views/ui.py::ISORT PASSED
invenio_app_rdm/requests_ui/views/ui.py::black PASSED
invenio_app_rdm/tasks.py::PYDOCSTYLE PASSED
invenio_app_rdm/tasks.py::ISORT PASSED
invenio_app_rdm/tasks.py::black PASSED
invenio_app_rdm/theme/__init__.py::PYDOCSTYLE PASSED
invenio_app_rdm/theme/__init__.py::ISORT PASSED
invenio_app_rdm/theme/__init__.py::black PASSED
invenio_app_rdm/theme/views.py::PYDOCSTYLE PASSED
invenio_app_rdm/theme/views.py::ISORT PASSED
invenio_app_rdm/theme/views.py::black PASSED
invenio_app_rdm/theme/webpack.py::PYDOCSTYLE PASSED
invenio_app_rdm/theme/webpack.py::ISORT PASSED
invenio_app_rdm/theme/webpack.py::black PASSED
invenio_app_rdm/upgrade_scripts/__init__.py::PYDOCSTYLE PASSED
invenio_app_rdm/upgrade_scripts/__init__.py::ISORT PASSED
invenio_app_rdm/upgrade_scripts/__init__.py::black PASSED
invenio_app_rdm/upgrade_scripts/fix_migrated_records_from_1_0_to_2_0.py::PYDOCSTYLE PASSED
invenio_app_rdm/upgrade_scripts/fix_migrated_records_from_1_0_to_2_0.py::ISORT PASSED
invenio_app_rdm/upgrade_scripts/fix_migrated_records_from_1_0_to_2_0.py::black PASSED
invenio_app_rdm/upgrade_scripts/fix_migrated_records_from_8_0_to_9_0.py::PYDOCSTYLE PASSED
invenio_app_rdm/upgrade_scripts/fix_migrated_records_from_8_0_to_9_0.py::ISORT PASSED
invenio_app_rdm/upgrade_scripts/fix_migrated_records_from_8_0_to_9_0.py::black PASSED
invenio_app_rdm/upgrade_scripts/migrate_10_0_to_11_0.py::PYDOCSTYLE PASSED
invenio_app_rdm/upgrade_scripts/migrate_10_0_to_11_0.py::ISORT PASSED
invenio_app_rdm/upgrade_scripts/migrate_10_0_to_11_0.py::black PASSED
invenio_app_rdm/upgrade_scripts/migrate_11_0_to_12_0.py::PYDOCSTYLE PASSED
invenio_app_rdm/upgrade_scripts/migrate_11_0_to_12_0.py::ISORT PASSED
invenio_app_rdm/upgrade_scripts/migrate_11_0_to_12_0.py::black PASSED
invenio_app_rdm/upgrade_scripts/migrate_12_0_to_13_0.py::PYDOCSTYLE PASSED
invenio_app_rdm/upgrade_scripts/migrate_12_0_to_13_0.py::ISORT PASSED
invenio_app_rdm/upgrade_scripts/migrate_12_0_to_13_0.py::black PASSED
invenio_app_rdm/upgrade_scripts/migrate_13_0_to_14_0.py::PYDOCSTYLE PASSED
invenio_app_rdm/upgrade_scripts/migrate_13_0_to_14_0.py::ISORT PASSED
invenio_app_rdm/upgrade_scripts/migrate_13_0_to_14_0.py::black PASSED
invenio_app_rdm/upgrade_scripts/migrate_1_0_records_to_2_0.py::PYDOCSTYLE PASSED
invenio_app_rdm/upgrade_scripts/migrate_1_0_records_to_2_0.py::ISORT PASSED
invenio_app_rdm/upgrade_scripts/migrate_1_0_records_to_2_0.py::black PASSED
invenio_app_rdm/upgrade_scripts/migrate_2_0_to_3_0.py::PYDOCSTYLE PASSED
invenio_app_rdm/upgrade_scripts/migrate_2_0_to_3_0.py::ISORT PASSED
invenio_app_rdm/upgrade_scripts/migrate_2_0_to_3_0.py::black PASSED
invenio_app_rdm/upgrade_scripts/migrate_3_0_to_4_0.py::PYDOCSTYLE PASSED
invenio_app_rdm/upgrade_scripts/migrate_3_0_to_4_0.py::ISORT PASSED
invenio_app_rdm/upgrade_scripts/migrate_3_0_to_4_0.py::black PASSED
invenio_app_rdm/upgrade_scripts/migrate_4_0_to_6_0.py::PYDOCSTYLE PASSED
invenio_app_rdm/upgrade_scripts/migrate_4_0_to_6_0.py::ISORT PASSED
invenio_app_rdm/upgrade_scripts/migrate_4_0_to_6_0.py::black PASSED
invenio_app_rdm/upgrade_scripts/migrate_6_0_to_7_0.py::PYDOCSTYLE PASSED
invenio_app_rdm/upgrade_scripts/migrate_6_0_to_7_0.py::ISORT PASSED
invenio_app_rdm/upgrade_scripts/migrate_6_0_to_7_0.py::black PASSED
invenio_app_rdm/upgrade_scripts/migrate_7_0_to_8_0.py::PYDOCSTYLE PASSED
invenio_app_rdm/upgrade_scripts/migrate_7_0_to_8_0.py::ISORT PASSED
invenio_app_rdm/upgrade_scripts/migrate_7_0_to_8_0.py::black PASSED
invenio_app_rdm/upgrade_scripts/migrate_8_0_to_9_0.py::PYDOCSTYLE PASSED
invenio_app_rdm/upgrade_scripts/migrate_8_0_to_9_0.py::ISORT PASSED
invenio_app_rdm/upgrade_scripts/migrate_8_0_to_9_0.py::black PASSED
invenio_app_rdm/upgrade_scripts/migrate_9_0_to_10_0.py::PYDOCSTYLE PASSED
invenio_app_rdm/upgrade_scripts/migrate_9_0_to_10_0.py::ISORT PASSED
invenio_app_rdm/upgrade_scripts/migrate_9_0_to_10_0.py::black PASSED
invenio_app_rdm/users/schemas.py::PYDOCSTYLE PASSED
invenio_app_rdm/users/schemas.py::ISORT PASSED
invenio_app_rdm/users/schemas.py::black PASSED
invenio_app_rdm/users_ui/__init__.py::PYDOCSTYLE PASSED
invenio_app_rdm/users_ui/__init__.py::ISORT PASSED
invenio_app_rdm/users_ui/__init__.py::black PASSED
invenio_app_rdm/users_ui/searchapp.py::PYDOCSTYLE PASSED
invenio_app_rdm/users_ui/searchapp.py::ISORT PASSED
invenio_app_rdm/users_ui/searchapp.py::black PASSED
invenio_app_rdm/users_ui/views/__init__.py::PYDOCSTYLE PASSED
invenio_app_rdm/users_ui/views/__init__.py::ISORT PASSED
invenio_app_rdm/users_ui/views/__init__.py::black PASSED
invenio_app_rdm/users_ui/views/dashboard.py::PYDOCSTYLE PASSED
invenio_app_rdm/users_ui/views/dashboard.py::ISORT PASSED
invenio_app_rdm/users_ui/views/dashboard.py::black PASSED
invenio_app_rdm/users_ui/views/ui.py::PYDOCSTYLE PASSED
invenio_app_rdm/users_ui/views/ui.py::ISORT PASSED
invenio_app_rdm/users_ui/views/ui.py::black PASSED
invenio_app_rdm/utils/files.py::PYDOCSTYLE PASSED
invenio_app_rdm/utils/files.py::ISORT PASSED
invenio_app_rdm/utils/files.py::black PASSED
invenio_app_rdm/views.py::PYDOCSTYLE PASSED
invenio_app_rdm/views.py::ISORT PASSED
invenio_app_rdm/views.py::black PASSED

=============================== warnings summary ===============================
.venv/lib/python3.12/site-packages/passlib/utils/__init__.py:854
    from crypt import crypt as _crypt

.venv/lib/python3.12/site-packages/invenio_vocabularies/config.py:15
    from idutils import is_doi, is_gnd, is_isni, is_orcid, is_ror, is_url

.venv/lib/python3.12/site-packages/jsonresolver/contrib/jsonschema.py:31
.venv/lib/python3.12/site-packages/jsonresolver/contrib/jsonschema.py:31
    from jsonschema import RefResolver as _RefResolver

.venv/lib/python3.12/site-packages/invenio_records/resolver.py:14
.venv/lib/python3.12/site-packages/invenio_records/resolver.py:14
    from jsonschema import RefResolutionError, RefResolver

.venv/lib/python3.12/site-packages/invenio_records/resolver.py:14
.venv/lib/python3.12/site-packages/invenio_records/resolver.py:14
    from jsonschema import RefResolutionError, RefResolver

.venv/lib/python3.12/site-packages/fs/__init__.py:4
    __import__("pkg_resources").declare_namespace(__name__)  # type: ignore

.venv/lib/python3.12/site-packages/pkg_resources/__init__.py:3146
  Implementing implicit namespace packages (as specified in PEP 420) is preferred to `pkg_resources.declare_namespace`. See https://setuptools.pypa.io/en/latest/references/keywords.html#keyword-namespace-packages
    declare_namespace(pkg)

.venv/lib/python3.12/site-packages/fs/__init__.py:4
  Implementing implicit namespace packages (as specified in PEP 420) is preferred to `pkg_resources.declare_namespace`. See https://setuptools.pypa.io/en/latest/references/keywords.html#keyword-namespace-packages
    __import__("pkg_resources").declare_namespace(__name__)  # type: ignore

.venv/lib/python3.12/site-packages/fs/opener/__init__.py:6
  Implementing implicit namespace packages (as specified in PEP 420) is preferred to `pkg_resources.declare_namespace`. See https://setuptools.pypa.io/en/latest/references/keywords.html#keyword-namespace-packages
    __import__("pkg_resources").declare_namespace(__name__)  # type: ignore

.venv/lib/python3.12/site-packages/pkg_resources/__init__.py:2558
  Implementing implicit namespace packages (as specified in PEP 420) is preferred to `pkg_resources.declare_namespace`. See https://setuptools.pypa.io/en/latest/references/keywords.html#keyword-namespace-packages
    declare_namespace(parent)

.venv/lib/python3.12/site-packages/marshmallow_utils/fields/generated.py:12
.venv/lib/python3.12/site-packages/marshmallow_utils/fields/generated.py:12
    from marshmallow import __version_info__ as marshmallow_version

    warnings.warn(

.venv/lib/python3.12/site-packages/marshmallow/utils.py:361
.venv/lib/python3.12/site-packages/marshmallow/utils.py:361
  /home/runner/work/invenio-testrig/invenio-testrig/package-repo/.venv/lib/python3.12/site-packages/marshmallow/utils.py:361: ChangedInMarshmallow4Warning: `Field` should not be instantiated. Use `fields.Raw` or  another field subclass instead.
    return cls_or_instance()

.venv/lib/python3.12/site-packages/invenio_rdm_records/services/facets.py:75
    warn(

.venv/lib/python3.12/site-packages/webargs/compat.py:8
    MARSHMALLOW_VERSION_INFO = tuple(LooseVersion(ma.__version__).version)  # type: tuple

.venv/lib/python3.12/site-packages/webargs/compat.py:8
    MARSHMALLOW_VERSION_INFO = tuple(LooseVersion(ma.__version__).version)  # type: tuple

.venv/lib/python3.12/site-packages/webargs/__init__.py:13
    __version_info__ = tuple(LooseVersion(__version__).version)

.venv/lib/python3.12/site-packages/datacite/jsonutils.py:15
.venv/lib/python3.12/site-packages/datacite/jsonutils.py:15
    from jsonschema import RefResolver, validate

tests/api/test_record_api.py::test_record_read_non_existing_pid
tests/api/test_stats_api.py::test_ui_event_emission
tests/fixtures/test_cli.py::test_create_fixtures
tests/fixtures/test_fixtures.py::test_load_oai_sets
tests/redirector/test_redirector.py::test_redirector
tests/test_migrate_13_0_to_14_0.py::TestMigration13To14::test_migration
tests/test_tasks.py::test_task_file_integrity_report
    self.init_app(app)

    warn(

    warn(

    return util.wrap_callable(lambda ctx: fn(), fn)  # type: ignore

tests/api/test_record_api.py::test_record_read_non_existing_pid
tests/api/test_record_api.py::test_record_draft_create_and_read
tests/api/test_record_api.py::test_record_draft_publish
tests/api/test_record_api.py::test_read_record_with_redirected_pid
tests/api/test_record_api.py::test_record_search
    warn(

    target.updated = datetime.utcnow()

tests/api/test_record_api.py::test_record_draft_create_and_read
tests/api/test_record_api.py::test_record_draft_publish
tests/api/test_record_api.py::test_read_record_with_redirected_pid
tests/redirector/test_redirector.py::test_redirector
tests/ui/test_deposits.py::test_resource_types
tests/ui/test_file_download.py::test_file_download_with_and_without_preview_flag
tests/ui/test_file_download.py::test_nonexistent_file_returns_404

tests/api/test_record_api.py::test_record_draft_create_and_read
tests/api/test_record_api.py::test_record_draft_publish
tests/api/test_record_api.py::test_read_record_with_redirected_pid
tests/redirector/test_redirector.py::test_redirector
tests/ui/test_deposits.py::test_resource_types
tests/ui/test_file_download.py::test_file_download_with_and_without_preview_flag
tests/ui/test_file_download.py::test_nonexistent_file_returns_404
    _security.datetime_factory(),

    target.updated = datetime.utcnow()

    created = datetime.utcnow()

    return cls(int(id_s, 16), datetime.utcfromtimestamp(int(created_s, 16)))

    now = now or datetime.utcnow()

    target.updated = datetime.utcnow()

  /home/runner/work/invenio-testrig/invenio-testrig/package-repo/.venv/lib/python3.12/site-packages/invenio_records/api.py:335: SAWarning: nested transaction already deassociated from connection
    with db.session.begin_nested():

  /home/runner/work/invenio-testrig/invenio-testrig/package-repo/.venv/lib/python3.12/site-packages/invenio_db/uow.py:193: SAWarning: nested transaction already deassociated from connection
    self.session.commit()

tests/api/test_record_api.py::test_record_draft_publish
tests/ui/test_signposting_ui.py::test_link_in_landing_page_response_headers[True-head]
tests/ui/test_signposting_ui.py::test_link_in_landing_page_response_headers[True-get]
tests/ui/test_signposting_ui.py::test_link_in_landing_page_response_headers[False-head]
tests/ui/test_signposting_ui.py::test_link_in_landing_page_response_headers[False-get]
tests/ui/test_stats_ui.py::test_record_view_events
tests/ui/test_stats_ui.py::test_record_view_statistics
tests/ui/test_stats_ui.py::test_record_view_statistics
tests/ui/test_stats_ui.py::test_record_view_statistics
    "timestamp": datetime.utcnow().isoformat(),

  /home/runner/work/invenio-testrig/invenio-testrig/package-repo/.venv/lib/python3.12/site-packages/invenio_records_resources/services/records/schema.py:90: RemovedInMarshmallow4Warning: The `context` parameter is deprecated and will be removed in marshmallow 4.0. Use `contextvars.ContextVar` to pass context instead.
    valid_data = self.schema(context=context, **schema_args).load(data)

tests/fixtures/test_fixtures.py::test_load_pages
  /home/runner/work/invenio-testrig/invenio-testrig/package-repo/.venv/lib/python3.12/site-packages/invenio_pages/records/models.py:59: SAWarning: nested transaction already deassociated from connection
    with db.session.begin_nested():

tests/test_migrate_13_0_to_14_0.py::TestMigration13To14::test_migration
tests/test_tasks.py::test_task_file_integrity_report
tests/ui/test_export_formats.py::test_export_formats
tests/ui/test_file_download.py::test_file_download_with_and_without_preview_flag
tests/ui/test_signposting_ui.py::test_link_in_landing_page_response_headers[True-head]
tests/ui/test_sitemaps.py::test_sitemap_section_of_communities
tests/ui/test_stats_ui.py::test_record_view_events
  /home/runner/work/invenio-testrig/invenio-testrig/package-repo/.venv/lib/python3.12/site-packages/marshmallow/fields.py:631: RemovedInMarshmallow4Warning: The `context` parameter is deprecated and will be removed in marshmallow 4.0. Use `contextvars.ContextVar` to pass context instead.
    self._schema = schema_class(

tests/test_migrate_13_0_to_14_0.py::TestMigration13To14::test_migration
tests/test_tasks.py::test_task_file_integrity_report
tests/ui/test_deposits.py::test_resource_types
tests/ui/test_export_formats.py::test_export_formats
tests/ui/test_file_download.py::test_file_download_with_and_without_preview_flag
tests/ui/test_signposting_ui.py::test_link_in_landing_page_response_headers[True-head]
tests/ui/test_stats_ui.py::test_record_view_events
  /home/runner/work/invenio-testrig/invenio-testrig/package-repo/.venv/lib/python3.12/site-packages/invenio_records_resources/services/records/schema.py:105: RemovedInMarshmallow4Warning: The `context` parameter is deprecated and will be removed in marshmallow 4.0. Use `contextvars.ContextVar` to pass context instead.
    return self.schema(context=context, **schema_args).dump(data)

tests/test_migrate_13_0_to_14_0.py::TestMigration13To14::test_migration
  /home/runner/work/invenio-testrig/invenio-testrig/package-repo/.venv/lib/python3.12/site-packages/invenio_records/api.py:496: SAWarning: nested transaction already deassociated from connection
    with db.session.begin_nested():

tests/test_migrate_13_0_to_14_0.py::TestMigration13To14::test_migration
  /home/runner/work/invenio-testrig/invenio-testrig/package-repo/.venv/lib/python3.12/site-packages/marshmallow_utils/schemas/identifier.py:41: RemovedInMarshmallow4Warning: The `context` parameter is deprecated and will be removed in marshmallow 4.0. Use `contextvars.ContextVar` to pass context instead.
    super().__init__(**kwargs)

tests/test_migrate_13_0_to_14_0.py::TestMigration13To14::test_migration
  /home/runner/work/invenio-testrig/invenio-testrig/package-repo/.venv/lib/python3.12/site-packages/invenio_records/api.py:443: SAWarning: nested transaction already deassociated from connection
    with db.session.begin_nested():

tests/test_migrate_13_0_to_14_0.py::TestMigration13To14::test_migration
  /home/runner/work/invenio-testrig/invenio-testrig/package-repo/invenio_app_rdm/upgrade_scripts/migrate_13_0_to_14_0.py:163: SAWarning: nested transaction already deassociated from connection
    db.session.commit()

tests/test_tasks.py::test_task_file_integrity_report
tests/test_tasks.py::test_integrity_report_invalid_template
tests/test_tasks.py::test_integrity_report_invalid_addresses
tests/test_tasks.py::test_integrity_report_default_template
  /home/runner/work/invenio-testrig/invenio-testrig/package-repo/tests/test_tasks.py:61: LegacyAPIWarning: The Query.get() method is considered legacy as of the 1.x series of SQLAlchemy and becomes a legacy construct in 2.0. The method is now available as Session.get() (deprecated since: 2.0) (Background on SQLAlchemy 2.0 at: https://sqlalche.me/e/b8d9)
    f = FileInstance.query.get(id_of_file_instance)

tests/test_tasks.py::test_task_file_integrity_report
tests/test_tasks.py::test_integrity_report_invalid_template
tests/test_tasks.py::test_integrity_report_invalid_addresses
tests/test_tasks.py::test_integrity_report_default_template
    self.last_check_at = datetime.utcnow()

tests/test_tasks.py::test_task_file_integrity_report
tests/test_tasks.py::test_integrity_report_invalid_template
tests/test_tasks.py::test_integrity_report_invalid_addresses
tests/test_tasks.py::test_integrity_report_default_template
  /home/runner/work/invenio-testrig/invenio-testrig/package-repo/tests/test_tasks.py:74: LegacyAPIWarning: The Query.get() method is considered legacy as of the 1.x series of SQLAlchemy and becomes a legacy construct in 2.0. The method is now available as Session.get() (deprecated since: 2.0) (Background on SQLAlchemy 2.0 at: https://sqlalche.me/e/b8d9)
    f = FileInstance.query.get(f.id)

tests/ui/test_export_formats.py::test_export_formats
tests/ui/test_signposting_ui.py::test_link_in_landing_page_response_headers[True-head]
tests/ui/test_stats_ui.py::test_record_view_events
  /home/runner/work/invenio-testrig/invenio-testrig/package-repo/.venv/lib/python3.12/site-packages/flask_resources/serializers/base.py:55: RemovedInMarshmallow4Warning: The `context` parameter is deprecated and will be removed in marshmallow 4.0. Use `contextvars.ContextVar` to pass context instead.
    self.list_schema = list_schema_cls(

tests/ui/test_file_download.py::test_file_download_with_and_without_preview_flag
tests/ui/test_file_download.py::test_deleted_record_file_redirects
tests/ui/test_signposting_ui.py::test_link_in_content_resource_response_headers[head]
tests/ui/test_signposting_ui.py::test_link_in_content_resource_response_headers[get]
    "timestamp": datetime.utcnow().isoformat(),

tests/ui/test_file_download.py::test_deleted_record_file_redirects
    value = datetime.utcnow()

tests/ui/test_signposting_ui.py::test_link_in_landing_page_response_headers[True-head]
tests/ui/test_stats_ui.py::test_record_view_events
  /home/runner/work/invenio-testrig/invenio-testrig/package-repo/.venv/lib/python3.12/site-packages/flask_resources/serializers/base.py:53: RemovedInMarshmallow4Warning: The `context` parameter is deprecated and will be removed in marshmallow 4.0. Use `contextvars.ContextVar` to pass context instead.
    self.object_schema = object_schema_cls(context=schema_context, **schema_kwargs)

tests/ui/test_stats_ui.py::test_record_view_statistics
tests/ui/test_stats_ui.py::test_record_view_statistics
tests/ui/test_stats_ui.py::test_record_view_statistics
    msg["updated_timestamp"] = datetime.utcnow().isoformat()

tests/ui/test_stats_ui.py::test_record_view_statistics
tests/ui/test_stats_ui.py::test_record_view_statistics
tests/ui/test_stats_ui.py::test_record_view_statistics
    datetime.utcnow(),

tests/ui/test_stats_ui.py::test_record_view_statistics
tests/ui/test_stats_ui.py::test_record_view_statistics
tests/ui/test_stats_ui.py::test_record_view_statistics
    aggregation_data["updated_timestamp"] = datetime.utcnow().isoformat()

- generated xml file: /home/runner/work/invenio-testrig/invenio-testrig/artifacts/test-report-original.xml -
================================ tests coverage ================================
_______________ coverage: platform linux, python 3.12.12-final-0 _______________

Name                                                                      Stmts   Miss  Cover   Missing
invenio_app_rdm/__init__.py                                                   2      0   100%
invenio_app_rdm/administration/__init__.py                                    0      0   100%
invenio_app_rdm/administration/audit_logs/__init__.py                         2      0   100%
invenio_app_rdm/administration/audit_logs/audit_logs.py                      28      0   100%
invenio_app_rdm/administration/domains/__init__.py                            2      0   100%
invenio_app_rdm/administration/domains/domains.py                            40      0   100%
invenio_app_rdm/administration/moderation/__init__.py                         2      0   100%
invenio_app_rdm/administration/moderation/requests.py                        78     22    72%   62-65, 70-76, 85, 120-126, 130-153
invenio_app_rdm/administration/records/__init__.py                            2      0   100%
invenio_app_rdm/administration/records/records.py                            61      8    87%   72, 77-79, 83-85, 89, 148
invenio_app_rdm/administration/user_moderation/__init__.py                    2      0   100%
invenio_app_rdm/administration/user_moderation/user_moderation.py            63     11    83%   94-97, 102-108, 117, 155-161
invenio_app_rdm/administration/users/__init__.py                              2      0   100%
invenio_app_rdm/administration/users/users.py                                41      1    98%   102
invenio_app_rdm/administration/views/__init__.py                              2      0   100%
invenio_app_rdm/administration/views/ui.py                                    4      0   100%
invenio_app_rdm/cli.py                                                       45     22    51%   41-45, 64-95
invenio_app_rdm/communities_ui/__init__.py                                    0      0   100%
invenio_app_rdm/communities_ui/searchapp.py                                   5      0   100%
invenio_app_rdm/communities_ui/sitemap.py                                    13      0   100%
invenio_app_rdm/communities_ui/views/__init__.py                              2      0   100%
invenio_app_rdm/communities_ui/views/communities.py                          64     43    33%   38-41, 57-112, 127-134, 149-164, 179-196
invenio_app_rdm/communities_ui/views/ui.py                                   28      1    96%   40
invenio_app_rdm/config.py                                                   321      2    99%   297-299
invenio_app_rdm/ext.py                                                       43     12    72%   22-25, 44, 50-58, 63, 112-117
invenio_app_rdm/fixtures/__init__.py                                         21      6    71%   23-28
invenio_app_rdm/fixtures/oai_sets.py                                          6      0   100%
invenio_app_rdm/fixtures/pages.py                                            35      1    97%   49
invenio_app_rdm/records_ui/__init__.py                                        0      0   100%
invenio_app_rdm/records_ui/previewer/__init__.py                              0      0   100%
invenio_app_rdm/records_ui/previewer/iiif_simple.py                          14      7    50%   31-32, 41-46
invenio_app_rdm/records_ui/searchapp.py                                       6      0   100%
invenio_app_rdm/records_ui/sitemap.py                                        10      0   100%
invenio_app_rdm/records_ui/utils.py                                          70     32    54%   38-49, 78-83, 91, 105-117, 130, 163-182
invenio_app_rdm/records_ui/views/__init__.py                                 57      0   100%
invenio_app_rdm/records_ui/views/decorators.py                              257     78    70%   53, 61-64, 75-91, 123, 135-145, 166-176, 190-191, 229, 257-271, 287-290, 296-300, 318-321, 327-331, 343-353, 367-375, 493-497, 514-520
invenio_app_rdm/records_ui/views/deposits.py                                243    151    38%   63-139, 144-145, 216-222, 233-236, 254-257, 261-264, 268-271, 275-278, 282-285, 289, 293, 297, 304, 312, 316, 322-327, 332-344, 356-375, 391-405, 434-440, 446, 451-470, 481-499, 535-621, 648-649
invenio_app_rdm/records_ui/views/filters.py                                 121     61    50%   32-35, 46-47, 53, 67-68, 73-86, 99-100, 108-116, 135, 152, 162, 168-176, 181-207, 221-226
invenio_app_rdm/records_ui/views/records.py                                 207     88    57%   86-101, 117-140, 152-158, 166, 173-174, 178, 201, 223, 232-267, 331, 360-381, 404-424, 434-442, 448, 454, 467, 483, 489, 503-521
invenio_app_rdm/redirector/__init__.py                                        0      0   100%
invenio_app_rdm/redirector/resource.py                                       29      1    97%   94
invenio_app_rdm/redirector/views.py                                           6      0   100%
invenio_app_rdm/requests_ui/__init__.py                                       0      0   100%
invenio_app_rdm/requests_ui/views/__init__.py                                 2      0   100%
invenio_app_rdm/requests_ui/views/requests.py                               158    120    24%   56-129, 134-148, 153-171, 178-259, 277-363
invenio_app_rdm/requests_ui/views/ui.py                                      22      0   100%
invenio_app_rdm/tasks.py                                                     18      7    61%   26-32
invenio_app_rdm/theme/__init__.py                                             0      0   100%
invenio_app_rdm/theme/views.py                                               49     19    61%   63, 80-81, 92-93, 104-105, 115-130, 138-140
invenio_app_rdm/theme/webpack.py                                              2      0   100%
invenio_app_rdm/upgrade_scripts/__init__.py                                   0      0   100%
invenio_app_rdm/upgrade_scripts/fix_migrated_records_from_1_0_to_2_0.py      28     24    14%   16-46, 50
invenio_app_rdm/upgrade_scripts/fix_migrated_records_from_8_0_to_9_0.py      48     43    10%   20-86, 90
invenio_app_rdm/upgrade_scripts/migrate_1_0_records_to_2_0.py                46     41    11%   27-98, 102
invenio_app_rdm/upgrade_scripts/migrate_2_0_to_3_0.py                        34     29    15%   32-88, 92
invenio_app_rdm/upgrade_scripts/migrate_3_0_to_4_0.py                        64     60     6%   27-136, 140
invenio_app_rdm/upgrade_scripts/migrate_4_0_to_6_0.py                       244    231     5%   28-64, 70-148, 158-199, 209-369, 373-395
invenio_app_rdm/upgrade_scripts/migrate_6_0_to_7_0.py                        72     65    10%   30-157, 161
invenio_app_rdm/upgrade_scripts/migrate_7_0_to_8_0.py                        68     59    13%   36-148, 153
invenio_app_rdm/upgrade_scripts/migrate_8_0_to_9_0.py                        51     46    10%   28-93, 98
invenio_app_rdm/upgrade_scripts/migrate_9_0_to_10_0.py                       13      8    38%   27-35, 43
invenio_app_rdm/upgrade_scripts/migrate_10_0_to_11_0.py                      18     13    28%   27-42, 47
invenio_app_rdm/upgrade_scripts/migrate_11_0_to_12_0.py                      82     70    15%   61-200, 205
invenio_app_rdm/upgrade_scripts/migrate_12_0_to_13_0.py                     126    107    15%   41-99, 107-122, 127-154, 159-186, 191-208, 225-230, 235
invenio_app_rdm/upgrade_scripts/migrate_13_0_to_14_0.py                      91     19    79%   56-59, 77-80, 106-110, 131-135, 152-156, 169-172, 226-230, 268
invenio_app_rdm/users/schemas.py                                              6      0   100%
invenio_app_rdm/users_ui/__init__.py                                          0      0   100%
invenio_app_rdm/users_ui/searchapp.py                                         5      0   100%
invenio_app_rdm/users_ui/views/__init__.py                                    2      0   100%
invenio_app_rdm/users_ui/views/dashboard.py                                  18      7    61%   22-25, 35-38, 48-54
invenio_app_rdm/users_ui/views/ui.py                                         18      4    78%   24, 29-32
invenio_app_rdm/utils/files.py                                               66      5    92%   24-32
invenio_app_rdm/views.py                                                      5      2    60%   17-19
TOTAL                                                                      3290   1526    54%
========== 335 passed, 1 skipped, 1369 warnings in 159.45s (0:02:39) ===========
 Container docker_services_cli-rabbitmq-1  Stopping
 Container docker_services_cli-redis-1  Stopping
 Container docker_services_cli-postgresql-1  Stopping
 Container docker_services_cli-opensearch-1  Stopping
 Container docker_services_cli-redis-1  Stopped
 Container docker_services_cli-redis-1  Removing
 Container docker_services_cli-redis-1  Removed
 Container docker_services_cli-postgresql-1  Stopped
 Container docker_services_cli-postgresql-1  Removing
 Container docker_services_cli-opensearch-1  Stopped
 Container docker_services_cli-opensearch-1  Removing
 Container docker_services_cli-opensearch-1  Removed
 Container docker_services_cli-postgresql-1  Removed
 Container docker_services_cli-rabbitmq-1  Stopped
 Container docker_services_cli-rabbitmq-1  Removing
 Container docker_services_cli-rabbitmq-1  Removed
 Network docker_services_cli_default  Removing
 Network docker_services_cli_default  Removed
