<?xml version="1.0" encoding="utf-8"?><testsuites name="pytest tests"><testsuite name="pytest" errors="0" failures="0" skipped="1" tests="63" time="10.837" timestamp="2025-11-19T17:03:18.834605+00:00" hostname="runnervmg1sw1"><testcase classname="docs.conf" name="PYDOCSTYLE" time="0.012" /><testcase classname="docs.conf" name="ISORT" time="0.150" /><testcase classname="docs.conf" name="black" time="0.357" /><testcase classname="tests.conftest" name="PYDOCSTYLE" time="0.016" /><testcase classname="tests.conftest" name="ISORT" time="0.041" /><testcase classname="tests.conftest" name="black" time="0.191" /><testcase classname="tests.test_api" name="ISORT" time="0.054" /><testcase classname="tests.test_api" name="black" time="0.213" /><testcase classname="tests.test_api" name="test_405_methods" time="0.602" /><testcase classname="tests.test_api" name="test_webhook_post_unregistered" time="0.426" /><testcase classname="tests.test_api" name="test_webhook_post" time="0.412" /><testcase classname="tests.test_api" name="test_webhook_post_no_token" time="0.524" /><testcase classname="tests.test_api" name="test_405_methods_no_scope" time="0.403" /><testcase classname="tests.test_api" name="test_webhook_post_no_scope" time="0.402" /><testcase classname="tests.test_api" name="test_event_api" time="0.424" /><testcase classname="tests.test_invenio_webhooks" name="ISORT" time="0.020" /><testcase classname="tests.test_invenio_webhooks" name="black" time="0.175" /><testcase classname="tests.test_invenio_webhooks" name="test_version" time="0.001" /><testcase classname="tests.test_invenio_webhooks" name="test_init" time="0.051" /><testcase classname="tests.test_invenio_webhooks" name="test_alembic" time="0.000"><skipped type="pytest.skip" message="caused by missing key">/home/runner/work/invenio-testrig/invenio-testrig/package-repo/tests/test_invenio_webhooks.py:56: caused by missing key</skipped></testcase><testcase classname="tests.test_invenio_webhooks" name="test_view" time="0.357" /><testcase classname="tests.test_receivers" name="ISORT" time="0.043" /><testcase classname="tests.test_receivers" name="black" time="0.211" /><testcase classname="tests.test_receivers" name="test_run_must_be_implemeted" time="0.001" /><testcase classname="tests.test_receivers" name="test_receiver_registration" time="0.723" /><testcase classname="tests.test_receivers" name="test_unknown_receiver" time="0.417" /><testcase classname="tests.test_receivers" name="test_hookurl" time="0.366" /><testcase classname="tests.test_receivers" name="test_signature_checking" time="0.356" /><testcase classname="tests.test_receivers" name="test_event_deletion" time="0.361" /><testcase classname="tests.test_receivers" name="test_event_status" time="0.376" /><testcase classname="invenio_webhooks.__init__" name="PYDOCSTYLE" time="0.004" /><testcase classname="invenio_webhooks.__init__" name="ISORT" time="0.009" /><testcase classname="invenio_webhooks.__init__" name="black" time="0.171" /><testcase classname="invenio_webhooks._compat" name="PYDOCSTYLE" time="0.005" /><testcase classname="invenio_webhooks._compat" name="ISORT" time="0.011" /><testcase classname="invenio_webhooks._compat" name="black" time="0.166" /><testcase classname="invenio_webhooks.alembic.469925575192_create_webhooks_branch" name="PYDOCSTYLE" time="0.004" /><testcase classname="invenio_webhooks.alembic.469925575192_create_webhooks_branch" name="ISORT" time="0.011" /><testcase classname="invenio_webhooks.alembic.469925575192_create_webhooks_branch" name="black" time="0.166" /><testcase classname="invenio_webhooks.alembic.a095bd179f5c_create_webhooks_tables" name="PYDOCSTYLE" time="0.007" /><testcase classname="invenio_webhooks.alembic.a095bd179f5c_create_webhooks_tables" name="ISORT" time="0.020" /><testcase classname="invenio_webhooks.alembic.a095bd179f5c_create_webhooks_tables" name="black" time="0.176" /><testcase classname="invenio_webhooks.config" name="PYDOCSTYLE" time="0.002" /><testcase classname="invenio_webhooks.config" name="ISORT" time="0.006" /><testcase classname="invenio_webhooks.config" name="black" time="0.162" /><testcase classname="invenio_webhooks.errors" name="PYDOCSTYLE" time="0.004" /><testcase classname="invenio_webhooks.errors" name="ISORT" time="0.007" /><testcase classname="invenio_webhooks.errors" name="black" time="0.169" /><testcase classname="invenio_webhooks.ext" name="PYDOCSTYLE" time="0.009" /><testcase classname="invenio_webhooks.ext" name="ISORT" time="0.016" /><testcase classname="invenio_webhooks.ext" name="black" time="0.175" /><testcase classname="invenio_webhooks.models" name="PYDOCSTYLE" time="0.026" /><testcase classname="invenio_webhooks.models" name="ISORT" time="0.051" /><testcase classname="invenio_webhooks.models" name="black" time="0.215" /><testcase classname="invenio_webhooks.proxies" name="PYDOCSTYLE" time="0.003" /><testcase classname="invenio_webhooks.proxies" name="ISORT" time="0.009" /><testcase classname="invenio_webhooks.proxies" name="black" time="0.166" /><testcase classname="invenio_webhooks.signatures" name="PYDOCSTYLE" time="0.006" /><testcase classname="invenio_webhooks.signatures" name="ISORT" time="0.012" /><testcase classname="invenio_webhooks.signatures" name="black" time="0.172" /><testcase classname="invenio_webhooks.views" name="PYDOCSTYLE" time="0.016" /><testcase classname="invenio_webhooks.views" name="ISORT" time="0.038" /><testcase classname="invenio_webhooks.views" name="black" time="0.202" /></testsuite></testsuites>