<?xml version="1.0" encoding="utf-8"?><testsuites name="pytest tests"><testsuite name="pytest" errors="0" failures="0" skipped="6" tests="138" time="16.978" timestamp="2025-11-18T15:54:04.140963+00:00" hostname="runnervmg1sw1"><testcase classname="docs._ext.ultramock" name="PYDOCSTYLE" time="0.012" /><testcase classname="docs._ext.ultramock" name="ISORT" time="0.132" /><testcase classname="docs._ext.ultramock" name="black" time="0.315" /><testcase classname="docs.conf" name="PYDOCSTYLE" time="0.010" /><testcase classname="docs.conf" name="ISORT" time="0.037" /><testcase classname="docs.conf" name="black" time="0.192" /><testcase classname="tests.alembic.test_alembic" name="ISORT" time="0.012" /><testcase classname="tests.alembic.test_alembic" name="black" time="0.179" /><testcase classname="tests.alembic.test_alembic" name="test_alembic" time="3.822" /><testcase classname="tests.conftest" name="PYDOCSTYLE" time="0.019" /><testcase classname="tests.conftest" name="ISORT" time="0.041" /><testcase classname="tests.conftest" name="black" time="0.205" /><testcase classname="tests.records.test_records" name="ISORT" time="0.031" /><testcase classname="tests.records.test_records" name="black" time="0.204" /><testcase classname="tests.records.test_records" name="test_page_repr" time="0.785" /><testcase classname="tests.records.test_records" name="test_page_versions" time="0.036" /><testcase classname="tests.records.test_records" name="test_read" time="0.018" /><testcase classname="tests.records.test_records" name="test_search" time="0.022" /><testcase classname="tests.records.test_records" name="test_create" time="0.014" /><testcase classname="tests.records.test_records" name="test_delete" time="0.022" /><testcase classname="tests.records.test_records" name="test_update" time="0.007" /><testcase classname="tests.records.test_records" name="test_delete_all" time="0.061" /><testcase classname="tests.resources.test_resources" name="ISORT" time="0.035" /><testcase classname="tests.resources.test_resources" name="black" time="0.214" /><testcase classname="tests.resources.test_resources" name="test_page_content" time="0.763" /><testcase classname="tests.resources.test_resources" name="test_html_content" time="0.015" /><testcase classname="tests.resources.test_resources" name="test_search" time="0.164" /><testcase classname="tests.resources.test_resources" name="test_create" time="0.200" /><testcase classname="tests.resources.test_resources" name="test_delete" time="0.156" /><testcase classname="tests.resources.test_resources" name="test_update" time="0.126" /><testcase classname="tests.resources.test_resources" name="test_update_denied" time="0.019" /><testcase classname="tests.resources.test_resources" name="test_create_denied" time="0.225" /><testcase classname="tests.resources.test_resources" name="test_delete_denied" time="0.225" /><testcase classname="tests.services.test_services" name="ISORT" time="0.051" /><testcase classname="tests.services.test_services" name="black" time="0.218" /><testcase classname="tests.services.test_services" name="test_page_read" time="0.784" /><testcase classname="tests.services.test_services" name="test_page_read_by_url" time="0.042" /><testcase classname="tests.services.test_services" name="test_search" time="0.170" /><testcase classname="tests.services.test_services" name="test_create" time="0.092" /><testcase classname="tests.services.test_services" name="test_delete" time="0.101" /><testcase classname="tests.services.test_services" name="test_update" time="0.082" /><testcase classname="tests.services.test_services" name="test_update_denied" time="0.041" /><testcase classname="tests.services.test_services" name="test_create_denied" time="0.044" /><testcase classname="tests.services.test_services" name="test_delete_denied" time="0.101" /><testcase classname="tests.services.test_services" name="test_delete_all" time="0.063" /><testcase classname="tests.services.test_services" name="test_extra_allowed_html_tags" time="0.004" /><testcase classname="tests.services.test_services" name="test_dynamic_sanitized_html_initialization" time="0.001" /><testcase classname="tests.services.test_services" name="test_dynamic_sanitized_html" time="0.058" /><testcase classname="tests.test_invenio_pages" name="ISORT" time="0.011" /><testcase classname="tests.test_invenio_pages" name="black" time="0.171" /><testcase classname="tests.test_invenio_pages" name="test_version" time="0.001" /><testcase classname="tests.test_invenio_pages" name="test_init" time="0.005" /><testcase classname="tests.test_views" name="ISORT" time="0.029" /><testcase classname="tests.test_views" name="black" time="0.197" /><testcase classname="tests.test_views" name="test_page_content" time="0.000"><skipped type="pytest.skip" message="views to be refactored after discussion with architects">/home/runner/work/invenio-bug-verification/invenio-bug-verification/package-repo/tests/test_views.py:20: views to be refactored after discussion with architects</skipped></testcase><testcase classname="tests.test_views" name="test_page_content_dynamic" time="0.000"><skipped type="pytest.skip" message="views to be refactored after discussion with architects">/home/runner/work/invenio-bug-verification/invenio-bug-verification/package-repo/tests/test_views.py:29: views to be refactored after discussion with architects</skipped></testcase><testcase classname="tests.test_views" name="test_current_app_and_config_not_visible" time="0.000"><skipped type="pytest.skip" message="views to be refactored after discussion with architects">/home/runner/work/invenio-bug-verification/invenio-bug-verification/package-repo/tests/test_views.py:54: views to be refactored after discussion with architects</skipped></testcase><testcase classname="tests.test_views" name="test_non_existing_page" time="0.000"><skipped type="pytest.skip" message="views to be refactored after discussion with architects">/home/runner/work/invenio-bug-verification/invenio-bug-verification/package-repo/tests/test_views.py:82: views to be refactored after discussion with architects</skipped></testcase><testcase classname="tests.test_views" name="test_runtime_added_page" time="0.000"><skipped type="pytest.skip" message="views to be refactored after discussion with architects">/home/runner/work/invenio-bug-verification/invenio-bug-verification/package-repo/tests/test_views.py:92: views to be refactored after discussion with architects</skipped></testcase><testcase classname="tests.test_views" name="test_pre_existing_404_function" time="0.001"><skipped type="pytest.skip" message="views to be refactored after discussion with architects">/home/runner/work/invenio-bug-verification/invenio-bug-verification/package-repo/tests/test_views.py:115: views to be refactored after discussion with architects</skipped></testcase><testcase classname="invenio_pages.__init__" name="PYDOCSTYLE" time="0.003" /><testcase classname="invenio_pages.__init__" name="ISORT" time="0.007" /><testcase classname="invenio_pages.__init__" name="black" time="0.169" /><testcase classname="invenio_pages.administration.__init__" name="PYDOCSTYLE" time="0.002" /><testcase classname="invenio_pages.administration.__init__" name="ISORT" time="0.004" /><testcase classname="invenio_pages.administration.__init__" name="black" time="0.169" /><testcase classname="invenio_pages.administration.views.__init__" name="PYDOCSTYLE" time="0.002" /><testcase classname="invenio_pages.administration.views.__init__" name="ISORT" time="0.004" /><testcase classname="invenio_pages.administration.views.__init__" name="black" time="0.169" /><testcase classname="invenio_pages.administration.views.pages" name="PYDOCSTYLE" time="0.010" /><testcase classname="invenio_pages.administration.views.pages" name="ISORT" time="0.024" /><testcase classname="invenio_pages.administration.views.pages" name="black" time="0.194" /><testcase classname="invenio_pages.alembic.__init__" name="PYDOCSTYLE" time="0.002" /><testcase classname="invenio_pages.alembic.__init__" name="ISORT" time="0.004" /><testcase classname="invenio_pages.alembic.__init__" name="black" time="0.169" /><testcase classname="invenio_pages.alembic.145402e8523a_create_pages_table" name="PYDOCSTYLE" time="0.016" /><testcase classname="invenio_pages.alembic.145402e8523a_create_pages_table" name="ISORT" time="0.031" /><testcase classname="invenio_pages.alembic.145402e8523a_create_pages_table" name="black" time="0.211" /><testcase classname="invenio_pages.alembic.1737449793_add_language_and_new_uq" name="PYDOCSTYLE" time="0.005" /><testcase classname="invenio_pages.alembic.1737449793_add_language_and_new_uq" name="ISORT" time="0.013" /><testcase classname="invenio_pages.alembic.1737449793_add_language_and_new_uq" name="black" time="0.174" /><testcase classname="invenio_pages.alembic.98e0a418340d_create_invenio_pages_branch" name="PYDOCSTYLE" time="0.003" /><testcase classname="invenio_pages.alembic.98e0a418340d_create_invenio_pages_branch" name="ISORT" time="0.009" /><testcase classname="invenio_pages.alembic.98e0a418340d_create_invenio_pages_branch" name="black" time="0.169" /><testcase classname="invenio_pages.alembic.9fae3c5404d9_remove_has_custom_view_to_pages" name="PYDOCSTYLE" time="0.005" /><testcase classname="invenio_pages.alembic.9fae3c5404d9_remove_has_custom_view_to_pages" name="ISORT" time="0.013" /><testcase classname="invenio_pages.alembic.9fae3c5404d9_remove_has_custom_view_to_pages" name="black" time="0.174" /><testcase classname="invenio_pages.alembic.b0f93ca4a147_add_has_custom_view_to_pages" name="PYDOCSTYLE" time="0.006" /><testcase classname="invenio_pages.alembic.b0f93ca4a147_add_has_custom_view_to_pages" name="ISORT" time="0.015" /><testcase classname="invenio_pages.alembic.b0f93ca4a147_add_has_custom_view_to_pages" name="black" time="0.177" /><testcase classname="invenio_pages.config" name="PYDOCSTYLE" time="0.005" /><testcase classname="invenio_pages.config" name="ISORT" time="0.015" /><testcase classname="invenio_pages.config" name="black" time="0.181" /><testcase classname="invenio_pages.ext" name="PYDOCSTYLE" time="0.013" /><testcase classname="invenio_pages.ext" name="ISORT" time="0.024" /><testcase classname="invenio_pages.ext" name="black" time="0.187" /><testcase classname="invenio_pages.proxies" name="PYDOCSTYLE" time="0.003" /><testcase classname="invenio_pages.proxies" name="ISORT" time="0.008" /><testcase classname="invenio_pages.proxies" name="black" time="0.177" /><testcase classname="invenio_pages.records.__init__" name="PYDOCSTYLE" time="0.003" /><testcase classname="invenio_pages.records.__init__" name="ISORT" time="0.005" /><testcase classname="invenio_pages.records.__init__" name="black" time="0.174" /><testcase classname="invenio_pages.records.errors" name="PYDOCSTYLE" time="0.005" /><testcase classname="invenio_pages.records.errors" name="ISORT" time="0.011" /><testcase classname="invenio_pages.records.errors" name="black" time="0.176" /><testcase classname="invenio_pages.records.models" name="PYDOCSTYLE" time="0.018" /><testcase classname="invenio_pages.records.models" name="ISORT" time="0.034" /><testcase classname="invenio_pages.records.models" name="black" time="0.204" /><testcase classname="invenio_pages.resources.__init__" name="PYDOCSTYLE" time="0.003" /><testcase classname="invenio_pages.resources.__init__" name="ISORT" time="0.006" /><testcase classname="invenio_pages.resources.__init__" name="black" time="0.164" /><testcase classname="invenio_pages.resources.config" name="PYDOCSTYLE" time="0.005" /><testcase classname="invenio_pages.resources.config" name="ISORT" time="0.011" /><testcase classname="invenio_pages.resources.config" name="black" time="0.174" /><testcase classname="invenio_pages.resources.resource" name="PYDOCSTYLE" time="0.010" /><testcase classname="invenio_pages.resources.resource" name="ISORT" time="0.020" /><testcase classname="invenio_pages.resources.resource" name="black" time="0.186" /><testcase classname="invenio_pages.services.__init__" name="PYDOCSTYLE" time="0.003" /><testcase classname="invenio_pages.services.__init__" name="ISORT" time="0.007" /><testcase classname="invenio_pages.services.__init__" name="black" time="0.170" /><testcase classname="invenio_pages.services.config" name="PYDOCSTYLE" time="0.008" /><testcase classname="invenio_pages.services.config" name="ISORT" time="0.023" /><testcase classname="invenio_pages.services.config" name="black" time="0.183" /><testcase classname="invenio_pages.services.permissions" name="PYDOCSTYLE" time="0.003" /><testcase classname="invenio_pages.services.permissions" name="ISORT" time="0.009" /><testcase classname="invenio_pages.services.permissions" name="black" time="0.169" /><testcase classname="invenio_pages.services.results" name="PYDOCSTYLE" time="0.009" /><testcase classname="invenio_pages.services.results" name="ISORT" time="0.023" /><testcase classname="invenio_pages.services.results" name="black" time="0.187" /><testcase classname="invenio_pages.services.schemas" name="PYDOCSTYLE" time="0.007" /><testcase classname="invenio_pages.services.schemas" name="ISORT" time="0.014" /><testcase classname="invenio_pages.services.schemas" name="black" time="0.180" /><testcase classname="invenio_pages.services.service" name="PYDOCSTYLE" time="0.016" /><testcase classname="invenio_pages.services.service" name="ISORT" time="0.029" /><testcase classname="invenio_pages.services.service" name="black" time="0.199" /><testcase classname="invenio_pages.views" name="PYDOCSTYLE" time="0.013" /><testcase classname="invenio_pages.views" name="ISORT" time="0.024" /><testcase classname="invenio_pages.views" name="black" time="0.184" /></testsuite></testsuites>