<?xml version="1.0" encoding="utf-8"?><testsuites name="pytest tests"><testsuite name="pytest" errors="0" failures="0" skipped="0" tests="59" time="4.648" timestamp="2025-11-18T10:41:56.266677+00:00" hostname="runnervmg1sw1"><testcase classname="docs.conf" name="PYDOCSTYLE" time="0.012" /><testcase classname="docs.conf" name="ISORT" time="0.152" /><testcase classname="docs.conf" name="black" time="0.362" /><testcase classname="tests.conftest" name="PYDOCSTYLE" time="0.013" /><testcase classname="tests.conftest" name="ISORT" time="0.025" /><testcase classname="tests.conftest" name="black" time="0.191" /><testcase classname="tests.test_cli" name="ISORT" time="0.033" /><testcase classname="tests.test_cli" name="black" time="0.222" /><testcase classname="tests.test_cli" name="test_declare[declared0]" time="0.063" /><testcase classname="tests.test_cli" name="test_declare[declared1]" time="0.045" /><testcase classname="tests.test_cli" name="test_purge[purged0]" time="0.082" /><testcase classname="tests.test_cli" name="test_purge[purged1]" time="0.070" /><testcase classname="tests.test_cli" name="test_delete[deleted0]" time="0.051" /><testcase classname="tests.test_cli" name="test_delete[deleted1]" time="0.055" /><testcase classname="tests.test_cli" name="test_list" time="0.053" /><testcase classname="tests.test_cli" name="test_declare_existing" time="0.045" /><testcase classname="tests.test_cli" name="test_delete_without_queues" time="0.049" /><testcase classname="tests.test_cli" name="test_purge_force" time="0.053" /><testcase classname="tests.test_invenio_queues" name="ISORT" time="0.026" /><testcase classname="tests.test_invenio_queues" name="black" time="0.210" /><testcase classname="tests.test_invenio_queues" name="test_version" time="0.001" /><testcase classname="tests.test_invenio_queues" name="test_init" time="0.005" /><testcase classname="tests.test_invenio_queues" name="test_duplicate_queue" time="0.004" /><testcase classname="tests.test_invenio_queues" name="test_publish_and_consume[config0]" time="0.046" /><testcase classname="tests.test_invenio_queues" name="test_publish_and_consume[config1]" time="0.049" /><testcase classname="tests.test_invenio_queues" name="test_publish_and_consume[config2]" time="0.050" /><testcase classname="tests.test_invenio_queues" name="test_publish_and_consume[config3]" time="0.048" /><testcase classname="tests.test_invenio_queues" name="test_queue_exists[config0]" time="0.046" /><testcase classname="tests.test_invenio_queues" name="test_queue_exists[config1]" time="0.025" /><testcase classname="tests.test_invenio_queues" name="test_queue_exists[config2]" time="0.044" /><testcase classname="tests.test_invenio_queues" name="test_queue_exists[config3]" time="0.334" /><testcase classname="tests.test_invenio_queues" name="test_routing[config0]" time="0.042" /><testcase classname="tests.test_invenio_queues" name="test_routing[config1]" time="0.041" /><testcase classname="tests.test_invenio_queues" name="test_routing[config2]" time="0.043" /><testcase classname="tests.test_invenio_queues" name="test_routing[config3]" time="0.042" /><testcase classname="invenio_queues.__init__" name="PYDOCSTYLE" time="0.005" /><testcase classname="invenio_queues.__init__" name="ISORT" time="0.017" /><testcase classname="invenio_queues.__init__" name="black" time="0.175" /><testcase classname="invenio_queues.cli" name="PYDOCSTYLE" time="0.008" /><testcase classname="invenio_queues.cli" name="ISORT" time="0.016" /><testcase classname="invenio_queues.cli" name="black" time="0.182" /><testcase classname="invenio_queues.config" name="PYDOCSTYLE" time="0.002" /><testcase classname="invenio_queues.config" name="ISORT" time="0.007" /><testcase classname="invenio_queues.config" name="black" time="0.168" /><testcase classname="invenio_queues.errors" name="PYDOCSTYLE" time="0.002" /><testcase classname="invenio_queues.errors" name="ISORT" time="0.004" /><testcase classname="invenio_queues.errors" name="black" time="0.168" /><testcase classname="invenio_queues.ext" name="PYDOCSTYLE" time="0.011" /><testcase classname="invenio_queues.ext" name="ISORT" time="0.021" /><testcase classname="invenio_queues.ext" name="black" time="0.188" /><testcase classname="invenio_queues.proxies" name="PYDOCSTYLE" time="0.002" /><testcase classname="invenio_queues.proxies" name="ISORT" time="0.007" /><testcase classname="invenio_queues.proxies" name="black" time="0.166" /><testcase classname="invenio_queues.queue" name="PYDOCSTYLE" time="0.012" /><testcase classname="invenio_queues.queue" name="ISORT" time="0.024" /><testcase classname="invenio_queues.queue" name="black" time="0.185" /><testcase classname="invenio_queues.utils" name="PYDOCSTYLE" time="0.003" /><testcase classname="invenio_queues.utils" name="ISORT" time="0.010" /><testcase classname="invenio_queues.utils" name="black" time="0.166" /></testsuite></testsuites>