<?xml version="1.0" encoding="utf-8"?><testsuites name="pytest tests"><testsuite name="pytest" errors="0" failures="0" skipped="0" tests="52" time="4.348" timestamp="2025-11-19T17:02:42.100147+00:00" hostname="runnervmg1sw1"><testcase classname="tests.conftest" name="PYDOCSTYLE" time="0.014" /><testcase classname="tests.conftest" name="ISORT" time="0.142" /><testcase classname="tests.conftest" name="black" time="0.342" /><testcase classname="tests.helpers" name="PYDOCSTYLE" time="0.004" /><testcase classname="tests.helpers" name="ISORT" time="0.009" /><testcase classname="tests.helpers" name="black" time="0.159" /><testcase classname="tests.test_invenio_theme" name="ISORT" time="0.039" /><testcase classname="tests.test_invenio_theme" name="black" time="0.190" /><testcase classname="tests.test_invenio_theme" name="test_version" time="0.001" /><testcase classname="tests.test_invenio_theme" name="test_init" time="0.041" /><testcase classname="tests.test_invenio_theme" name="test_init_app" time="0.026" /><testcase classname="tests.test_invenio_theme" name="test_render_template" time="0.136" /><testcase classname="tests.test_invenio_theme" name="test_page_template_blocks" time="0.142" /><testcase classname="tests.test_invenio_theme" name="test_cover_template_blocks" time="0.080" /><testcase classname="tests.test_invenio_theme" name="test_settings_template_blocks" time="0.121" /><testcase classname="tests.test_invenio_theme" name="test_header_template_blocks" time="0.071" /><testcase classname="tests.test_invenio_theme" name="test_html_lang" time="0.137" /><testcase classname="tests.test_invenio_theme" name="test_frontpage_not_exists" time="0.109" /><testcase classname="tests.test_invenio_theme" name="test_frontpage_exists" time="0.094" /><testcase classname="tests.test_invenio_theme" name="test_meta_generator" time="0.109" /><testcase classname="tests.test_invenio_theme_error_handler" name="ISORT" time="0.019" /><testcase classname="tests.test_invenio_theme_error_handler" name="black" time="0.179" /><testcase classname="tests.test_invenio_theme_error_handler" name="test_page_error_handler_401" time="0.032" /><testcase classname="tests.test_invenio_theme_error_handler" name="test_page_error_handler_403" time="0.029" /><testcase classname="tests.test_invenio_theme_error_handler" name="test_page_error_handler_404" time="0.029" /><testcase classname="tests.test_invenio_theme_error_handler" name="test_page_error_handler_429" time="0.029" /><testcase classname="tests.test_invenio_theme_error_handler" name="test_page_error_handler_500" time="0.030" /><testcase classname="invenio_theme.__init__" name="PYDOCSTYLE" time="0.008" /><testcase classname="invenio_theme.__init__" name="ISORT" time="0.042" /><testcase classname="invenio_theme.__init__" name="black" time="0.173" /><testcase classname="invenio_theme.__init__" name="invenio_theme" time="0.026" /><testcase classname="invenio_theme.config" name="PYDOCSTYLE" time="0.006" /><testcase classname="invenio_theme.config" name="ISORT" time="0.028" /><testcase classname="invenio_theme.config" name="black" time="0.175" /><testcase classname="invenio_theme.ext" name="PYDOCSTYLE" time="0.010" /><testcase classname="invenio_theme.ext" name="ISORT" time="0.018" /><testcase classname="invenio_theme.ext" name="black" time="0.174" /><testcase classname="invenio_theme.icons" name="PYDOCSTYLE" time="0.006" /><testcase classname="invenio_theme.icons" name="ISORT" time="0.009" /><testcase classname="invenio_theme.icons" name="black" time="0.163" /><testcase classname="invenio_theme.proxies" name="PYDOCSTYLE" time="0.002" /><testcase classname="invenio_theme.proxies" name="ISORT" time="0.008" /><testcase classname="invenio_theme.proxies" name="black" time="0.158" /><testcase classname="invenio_theme.shared" name="PYDOCSTYLE" time="0.002" /><testcase classname="invenio_theme.shared" name="ISORT" time="0.006" /><testcase classname="invenio_theme.shared" name="black" time="0.157" /><testcase classname="invenio_theme.views" name="PYDOCSTYLE" time="0.007" /><testcase classname="invenio_theme.views" name="ISORT" time="0.013" /><testcase classname="invenio_theme.views" name="black" time="0.167" /><testcase classname="invenio_theme.webpack" name="PYDOCSTYLE" time="0.006" /><testcase classname="invenio_theme.webpack" name="ISORT" time="0.016" /><testcase classname="invenio_theme.webpack" name="black" time="0.169" /></testsuite></testsuites>