<?xml version="1.0" encoding="utf-8"?><testsuites name="pytest tests"><testsuite name="pytest" errors="0" failures="2" skipped="0" tests="351" time="143.263" timestamp="2025-11-18T15:56:32.471844+00:00" hostname="runnervmg1sw1"><testcase classname="tests.conftest" name="PYDOCSTYLE" time="0.035" /><testcase classname="tests.conftest" name="ISORT" time="0.185" /><testcase classname="tests.conftest" name="black" time="0.362" /><testcase classname="tests.fixtures.source.demo_source" name="PYDOCSTYLE" time="0.002" /><testcase classname="tests.fixtures.source.demo_source" name="ISORT" time="0.004" /><testcase classname="tests.fixtures.source.demo_source" name="black" time="0.164" /><testcase classname="tests.fixtures.source.root" name="PYDOCSTYLE" time="0.002" /><testcase classname="tests.fixtures.source.root" name="ISORT" time="0.004" /><testcase classname="tests.fixtures.source.root" name="black" time="0.159" /><testcase classname="tests.fixtures.source.subdirectory.demo_copy" name="PYDOCSTYLE" time="0.002" /><testcase classname="tests.fixtures.source.subdirectory.demo_copy" name="ISORT" time="0.004" /><testcase classname="tests.fixtures.source.subdirectory.demo_copy" name="black" time="0.160" /><testcase classname="tests.test_admin" name="ISORT" time="0.017" /><testcase classname="tests.test_admin" name="black" time="0.172" /><testcase classname="tests.test_admin" name="test_require_slug" time="0.002" /><testcase classname="tests.test_admin" name="test_admin_views" time="0.464"><failure message="TypeError: Admin.__init__() got an unexpected keyword argument 'template_mode'">app = &lt;Flask 'testapp'&gt;
db = &lt;SQLAlchemy postgresql+psycopg2://invenio:***@localhost:5432/invenio&gt;
dummy_location = testloc

    def test_admin_views(app, db, dummy_location):
        """Test admin views."""
        app.config["SECRET_KEY"] = "CHANGEME"
&gt;       InvenioAdmin(app, permission_factory=None, view_class_factory=lambda x: x)

tests/test_admin.py:35: 
_ _ _ _ _ _ _ _ _ _ _ _ _ _ _ _ _ _ _ _ _ _ _ _ _ _ _ _ _ _ _ _ _ _ _ _ _ _ _ _ 
.venv/lib/python3.12/site-packages/invenio_admin/ext.py:109: in __init__
    self._state = self.init_app(app, **kwargs)
                  ^^^^^^^^^^^^^^^^^^^^^^^^^^^^
_ _ _ _ _ _ _ _ _ _ _ _ _ _ _ _ _ _ _ _ _ _ _ _ _ _ _ _ _ _ _ _ _ _ _ _ _ _ _ _ 

self = &lt;invenio_admin.ext.InvenioAdmin object at 0x7f9619b41490&gt;
app = &lt;Flask 'testapp'&gt;, entry_point_group = 'invenio_admin.views'
permission_factory = &lt;function admin_permission_factory at 0x7f9619b23ec0&gt;
view_class_factory = &lt;function test_admin_views.&lt;locals&gt;.&lt;lambda&gt; at 0x7f961985f2e0&gt;
index_view_class = &lt;class 'flask_admin.base.AdminIndexView'&gt;

    def init_app(
        self,
        app,
        entry_point_group="invenio_admin.views",
        permission_factory=None,
        view_class_factory=protected_adminview_factory,
        index_view_class=AdminIndexView,
    ):
        """Flask application initialization.
    
        :param app: The Flask application.
        :param entry_point_group: Name of entry point group to load
            views/models from. (Default: ``'invenio_admin.views'``)
        :param permission_factory: Default permission factory to use when
            protecting an admin view. (Default:
            :func:`~.permissions.admin_permission_factory`)
        :param view_class_factory: Factory for creating admin view classes on
            the fly. Used to protect admin views with authentication and
            authorization. (Default:
            :func:`~.views.protected_adminview_factory`)
        :param index_view_class: Specify administrative interface index page.
            (Default: :class:`flask_admin.base.AdminIndexView`)
        :param kwargs: Passed to :class:`flask_admin.base.Admin`.
        :returns: Extension state.
        """
        self.init_config(app)
    
        default_permission_factory = app.config["ADMIN_PERMISSION_FACTORY"]
        permission_factory = permission_factory or import_string(
            default_permission_factory
        )
    
        # Create administration app.
    
&gt;       admin = Admin(
            app,
            name=app.config["ADMIN_APPNAME"],
            template_mode=app.config["ADMIN_TEMPLATE_MODE"],
            index_view=view_class_factory(index_view_class)(),
        )
E       TypeError: Admin.__init__() got an unexpected keyword argument 'template_mode'

.venv/lib/python3.12/site-packages/invenio_admin/ext.py:145: TypeError</failure></testcase><testcase classname="tests.test_cli" name="ISORT" time="0.019" /><testcase classname="tests.test_cli" name="black" time="0.182" /><testcase classname="tests.test_cli" name="test_simple_workflow" time="0.472" /><testcase classname="tests.test_helpers" name="ISORT" time="0.012" /><testcase classname="tests.test_helpers" name="black" time="0.170" /><testcase classname="tests.test_helpers" name="test_make_path" time="0.001" /><testcase classname="tests.test_invenio_files_rest" name="ISORT" time="0.016" /><testcase classname="tests.test_invenio_files_rest" name="black" time="0.170" /><testcase classname="tests.test_invenio_files_rest" name="test_version" time="0.001" /><testcase classname="tests.test_invenio_files_rest" name="test_init" time="0.004" /><testcase classname="tests.test_invenio_files_rest" name="test_alembic" time="2.036" /><testcase classname="tests.test_limiters" name="ISORT" time="0.011" /><testcase classname="tests.test_limiters" name="black" time="0.174" /><testcase classname="tests.test_limiters" name="test_file_size_limit_comparisons" time="0.001" /><testcase classname="tests.test_models" name="ISORT" time="0.168" /><testcase classname="tests.test_models" name="black" time="0.472" /><testcase classname="tests.test_models" name="test_location" time="0.299" /><testcase classname="tests.test_models" name="test_location_default" time="0.299" /><testcase classname="tests.test_models" name="test_location_validation" time="0.284" /><testcase classname="tests.test_models" name="test_bucket_removal" time="0.365" /><testcase classname="tests.test_models" name="test_bucket_kwargs_creation" time="0.290" /><testcase classname="tests.test_models" name="test_bucket_create_object" time="0.332" /><testcase classname="tests.test_models" name="test_bucket_retrieval" time="0.299" /><testcase classname="tests.test_models" name="test_object_create" time="0.341" /><testcase classname="tests.test_models" name="test_object_create_uq_constraint" time="0.313" /><testcase classname="tests.test_models" name="test_object_create_with_fileid" time="0.326" /><testcase classname="tests.test_models" name="test_object_multibucket" time="0.340" /><testcase classname="tests.test_models" name="test_object_get_by_bucket" time="0.494" /><testcase classname="tests.test_models" name="test_object_delete" time="0.357" /><testcase classname="tests.test_models" name="test_object_remove" time="0.376" /><testcase classname="tests.test_models" name="test_object_remove_marker" time="0.382" /><testcase classname="tests.test_models" name="test_object_set_contents" time="0.355" /><testcase classname="tests.test_models" name="test_object_set_location" time="0.309" /><testcase classname="tests.test_models" name="test_object_snapshot" time="0.493" /><testcase classname="tests.test_models" name="test_object_snapshot_deleted" time="0.310" /><testcase classname="tests.test_models" name="test_bucket_sync_new_object" time="0.344" /><testcase classname="tests.test_models" name="test_bucket_sync_same_object" time="0.350" /><testcase classname="tests.test_models" name="test_bucket_sync_deleted_object" time="0.396" /><testcase classname="tests.test_models" name="test_bucket_sync_add_deleted_object" time="0.432" /><testcase classname="tests.test_models" name="test_bucket_sync_delete_extras" time="0.384" /><testcase classname="tests.test_models" name="test_bucket_sync" time="0.488" /><testcase classname="tests.test_models" name="test_bucket_sync_deleted" time="0.429" /><testcase classname="tests.test_models" name="test_object_copy" time="0.384" /><testcase classname="tests.test_models" name="test_object_copy_from" time="0.358" /><testcase classname="tests.test_models" name="test_object_set_file" time="0.309" /><testcase classname="tests.test_models" name="test_object_mimetype" time="0.347" /><testcase classname="tests.test_models" name="test_object_restore" time="0.364" /><testcase classname="tests.test_models" name="test_object_relink_all" time="0.394" /><testcase classname="tests.test_models" name="test_object_validation" time="0.308" /><testcase classname="tests.test_models" name="test_bucket_tags" time="0.368" /><testcase classname="tests.test_models" name="test_fileinstance_get" time="0.294" /><testcase classname="tests.test_models" name="test_fileinstance_get_by_uri" time="0.290" /><testcase classname="tests.test_models" name="test_fileinstance_create" time="0.286" /><testcase classname="tests.test_models" name="test_fileinstance_set_contents" time="0.300" /><testcase classname="tests.test_models" name="test_fileinstance_copy_contents" time="0.309" /><testcase classname="tests.test_models" name="test_fileinstance_copy_contents_invalid" time="0.295" /><testcase classname="tests.test_models" name="test_fileinstance_send_file" time="0.298" /><testcase classname="tests.test_models" name="test_fileinstance_validation" time="0.289" /><testcase classname="tests.test_models" name="test_object_version_tags" time="0.411" /><testcase classname="tests.test_models_multipart" name="ISORT" time="0.024" /><testcase classname="tests.test_models_multipart" name="black" time="0.187" /><testcase classname="tests.test_models_multipart" name="test_multipart_creation" time="0.323" /><testcase classname="tests.test_models_multipart" name="test_multipart_last_part" time="0.324" /><testcase classname="tests.test_models_multipart" name="test_part_creation" time="0.583" /><testcase classname="tests.test_models_multipart" name="test_multipart_full" time="1.139" /><testcase classname="tests.test_request" name="ISORT" time="0.019" /><testcase classname="tests.test_request" name="black" time="0.172" /><testcase classname="tests.test_request" name="test_max_content_length" time="0.008" /><testcase classname="tests.test_serializer" name="ISORT" time="0.011" /><testcase classname="tests.test_serializer" name="black" time="0.168" /><testcase classname="tests.test_serializer" name="test_serialize_pretty" time="0.126" /><testcase classname="tests.test_signals" name="ISORT" time="0.013" /><testcase classname="tests.test_signals" name="black" time="0.173" /><testcase classname="tests.test_signals" name="test_signals" time="0.611" /><testcase classname="tests.test_storage" name="ISORT" time="0.060" /><testcase classname="tests.test_storage" name="black" time="0.246" /><testcase classname="tests.test_storage" name="test_storage_interface" time="0.001" /><testcase classname="tests.test_storage" name="test_pyfs_initialize" time="0.290" /><testcase classname="tests.test_storage" name="test_pyfs_delete" time="0.294" /><testcase classname="tests.test_storage" name="test_pyfs_delete_fail" time="0.296" /><testcase classname="tests.test_storage" name="test_pyfs_save" time="0.295" /><testcase classname="tests.test_storage" name="test_pyfs_save_failcleanup" time="0.291" /><testcase classname="tests.test_storage" name="test_pyfs_save_callback" time="0.293" /><testcase classname="tests.test_storage" name="test_pyfs_save_limits" time="0.305" /><testcase classname="tests.test_storage" name="test_pyfs_update" time="0.292" /><testcase classname="tests.test_storage" name="test_pyfs_update_fail" time="0.294" /><testcase classname="tests.test_storage" name="test_pyfs_checksum" time="0.002" /><testcase classname="tests.test_storage" name="test_pyfs_checksum_fail" time="0.002" /><testcase classname="tests.test_storage" name="test_pyfs_send_file" time="0.293" /><testcase classname="tests.test_storage" name="test_pyfs_send_file_for_download" time="0.291" /><testcase classname="tests.test_storage" name="test_pyfs_send_file_xss_prevention" time="0.297" /><testcase classname="tests.test_storage" name="test_pyfs_send_file_fail" time="0.299" /><testcase classname="tests.test_storage" name="test_pyfs_copy" time="0.307" /><testcase classname="tests.test_storage" name="test_non_unicode_filename" time="0.294" /><testcase classname="tests.test_tasks" name="ISORT" time="0.041" /><testcase classname="tests.test_tasks" name="black" time="0.215" /><testcase classname="tests.test_tasks" name="test_verify_checksum" time="0.413" /><testcase classname="tests.test_tasks" name="test_schedule_checksum_verification" time="4.317" /><testcase classname="tests.test_tasks" name="test_checksum_verification_non_readable" time="3.048" /><testcase classname="tests.test_tasks" name="test_migrate_file" time="0.441" /><testcase classname="tests.test_tasks" name="test_migrate_file_copyfail" time="0.429" /><testcase classname="tests.test_tasks" name="test_remove_file_data" time="0.445" /><testcase classname="tests.test_tasks" name="test_clear_orphaned_files" time="0.462" /><testcase classname="tests.test_views_bucket" name="ISORT" time="0.039" /><testcase classname="tests.test_views_bucket" name="black" time="0.194" /><testcase classname="tests.test_views_bucket" name="test_head[None-404]" time="0.505" /><testcase classname="tests.test_views_bucket" name="test_head[auth-404]" time="0.512" /><testcase classname="tests.test_views_bucket" name="test_head[objects-404]" time="0.507" /><testcase classname="tests.test_views_bucket" name="test_head[bucket-200]" time="0.517" /><testcase classname="tests.test_views_bucket" name="test_head[location-200]" time="0.519" /><testcase classname="tests.test_views_bucket" name="test_head_locked_deleted" time="0.553" /><testcase classname="tests.test_views_bucket" name="test_get[None-404]" time="0.588" /><testcase classname="tests.test_views_bucket" name="test_get[auth-404]" time="0.796" /><testcase classname="tests.test_views_bucket" name="test_get[objects-404]" time="0.609" /><testcase classname="tests.test_views_bucket" name="test_get[bucket-200]" time="0.623" /><testcase classname="tests.test_views_bucket" name="test_get[location-200]" time="0.620" /><testcase classname="tests.test_views_bucket" name="test_get_versions[None-404]" time="0.602" /><testcase classname="tests.test_views_bucket" name="test_get_versions[auth-404]" time="0.604" /><testcase classname="tests.test_views_bucket" name="test_get_versions[bucket-403]" time="0.626" /><testcase classname="tests.test_views_bucket" name="test_get_versions[objects-404]" time="0.616" /><testcase classname="tests.test_views_bucket" name="test_get_versions[location-200]" time="0.642" /><testcase classname="tests.test_views_bucket" name="test_get_empty_bucket[None-404]" time="0.645" /><testcase classname="tests.test_views_bucket" name="test_get_empty_bucket[auth-404]" time="0.668" /><testcase classname="tests.test_views_bucket" name="test_get_empty_bucket[objects-404]" time="0.687" /><testcase classname="tests.test_views_bucket" name="test_get_empty_bucket[bucket-200]" time="0.677" /><testcase classname="tests.test_views_bucket" name="test_get_empty_bucket[location-200]" time="0.887" /><testcase classname="tests.test_views_location" name="ISORT" time="0.023" /><testcase classname="tests.test_views_location" name="black" time="0.173" /><testcase classname="tests.test_views_location" name="test_post_bucket[None-401]" time="0.510" /><testcase classname="tests.test_views_location" name="test_post_bucket[auth-403]" time="0.523" /><testcase classname="tests.test_views_location" name="test_post_bucket[location-200]" time="0.579" /><testcase classname="tests.test_views_location" name="test_get_location[None-405]" time="0.493" /><testcase classname="tests.test_views_location" name="test_get_location[auth-405]" time="0.517" /><testcase classname="tests.test_views_location" name="test_get_location[location-405]" time="0.501" /><testcase classname="tests.test_views_multipart" name="ISORT" time="0.106" /><testcase classname="tests.test_views_multipart" name="black" time="0.290" /><testcase classname="tests.test_views_multipart" name="test_post_init[None-404]" time="0.509" /><testcase classname="tests.test_views_multipart" name="test_post_init[auth-404]" time="0.523" /><testcase classname="tests.test_views_multipart" name="test_post_init[objects-404]" time="0.532" /><testcase classname="tests.test_views_multipart" name="test_post_init[bucket-200]" time="0.575" /><testcase classname="tests.test_views_multipart" name="test_post_init[location-200]" time="0.563" /><testcase classname="tests.test_views_multipart" name="test_post_init_querystring" time="0.458" /><testcase classname="tests.test_views_multipart" name="test_get_init_not_allowed" time="0.321" /><testcase classname="tests.test_views_multipart" name="test_post_invalid_partsizes" time="0.484" /><testcase classname="tests.test_views_multipart" name="test_post_size_limits" time="0.475" /><testcase classname="tests.test_views_multipart" name="test_post_locked_bucket" time="0.455" /><testcase classname="tests.test_views_multipart" name="test_post_invalidkey" time="0.428" /><testcase classname="tests.test_views_multipart" name="test_put[None-404]" time="0.544" /><testcase classname="tests.test_views_multipart" name="test_put[auth-404]" time="0.810" /><testcase classname="tests.test_views_multipart" name="test_put[objects-404]" time="0.568" /><testcase classname="tests.test_views_multipart" name="test_put[bucket-200]" time="0.616" /><testcase classname="tests.test_views_multipart" name="test_put[location-200]" time="0.600" /><testcase classname="tests.test_views_multipart" name="test_put_not_found" time="0.569" /><testcase classname="tests.test_views_multipart" name="test_put_wrong_sizes" time="0.510" /><testcase classname="tests.test_views_multipart" name="test_put_ngfileupload" time="0.509" /><testcase classname="tests.test_views_multipart" name="test_put_invalid_part_number" time="0.532" /><testcase classname="tests.test_views_multipart" name="test_put_completed_multipart" time="0.521" /><testcase classname="tests.test_views_multipart" name="test_put_badstream" time="0.619" /><testcase classname="tests.test_views_multipart" name="test_get[None-404]" time="0.643" /><testcase classname="tests.test_views_multipart" name="test_get[auth-404]" time="0.645" /><testcase classname="tests.test_views_multipart" name="test_get[objects-404]" time="0.634" /><testcase classname="tests.test_views_multipart" name="test_get[bucket-200]" time="0.644" /><testcase classname="tests.test_views_multipart" name="test_get[location-200]" time="0.919" /><testcase classname="tests.test_views_multipart" name="test_get_empty" time="0.488" /><testcase classname="tests.test_views_multipart" name="test_get_serialization" time="0.539" /><testcase classname="tests.test_views_multipart" name="test_post_complete[None-404]" time="0.708" /><testcase classname="tests.test_views_multipart" name="test_post_complete[auth-404]" time="0.722" /><testcase classname="tests.test_views_multipart" name="test_post_complete[objects-404]" time="0.718" /><testcase classname="tests.test_views_multipart" name="test_post_complete[bucket-200]" time="1.062" /><testcase classname="tests.test_views_multipart" name="test_post_complete[location-200]" time="1.062" /><testcase classname="tests.test_views_multipart" name="test_post_complete_fail" time="0.870" /><testcase classname="tests.test_views_multipart" name="test_post_complete_timeout" time="1.590" /><testcase classname="tests.test_views_multipart" name="test_delete[None-404]" time="0.720" /><testcase classname="tests.test_views_multipart" name="test_delete[auth-404]" time="0.736" /><testcase classname="tests.test_views_multipart" name="test_delete[objects-404]" time="0.731" /><testcase classname="tests.test_views_multipart" name="test_delete[bucket-404]" time="0.736" /><testcase classname="tests.test_views_multipart" name="test_delete[location-204]" time="0.782" /><testcase classname="tests.test_views_multipart" name="test_delete_invalid" time="0.816" /><testcase classname="tests.test_views_multipart" name="test_delete_init_not_allowed" time="0.328" /><testcase classname="tests.test_views_multipart" name="test_get_listuploads[None-404]" time="0.749" /><testcase classname="tests.test_views_multipart" name="test_get_listuploads[auth-404]" time="0.756" /><testcase classname="tests.test_views_multipart" name="test_get_listuploads[objects-404]" time="0.761" /><testcase classname="tests.test_views_multipart" name="test_get_listuploads[bucket-404]" time="0.765" /><testcase classname="tests.test_views_multipart" name="test_get_listuploads[location-200]" time="0.765" /><testcase classname="tests.test_views_multipart" name="test_already_exhausted_input_stream" time="0.480" /><testcase classname="tests.test_views_objectversion" name="ISORT" time="0.141" /><testcase classname="tests.test_views_objectversion" name="black" time="0.329" /><testcase classname="tests.test_views_objectversion" name="test_get_not_found[None-404]" time="0.539" /><testcase classname="tests.test_views_objectversion" name="test_get_not_found[auth-404]" time="0.550" /><testcase classname="tests.test_views_objectversion" name="test_get_not_found[objects-404]" time="0.555" /><testcase classname="tests.test_views_objectversion" name="test_get_not_found[bucket-404]" time="0.543" /><testcase classname="tests.test_views_objectversion" name="test_get_not_found[location-404]" time="0.538" /><testcase classname="tests.test_views_objectversion" name="test_get[None-404]" time="0.749" /><testcase classname="tests.test_views_objectversion" name="test_get[auth-404]" time="0.756" /><testcase classname="tests.test_views_objectversion" name="test_get[bucket-200]" time="0.802" /><testcase classname="tests.test_views_objectversion" name="test_get[location-200]" time="0.815" /><testcase classname="tests.test_views_objectversion" name="test_get[objects-200]" time="0.800" /><testcase classname="tests.test_views_objectversion" name="test_get_with_x_sendfile" time="0.912" /><testcase classname="tests.test_views_objectversion" name="test_get_download" time="0.752" /><testcase classname="tests.test_views_objectversion" name="test_last_modified_utc_conversion" time="0.958" /><testcase classname="tests.test_views_objectversion" name="test_get_unreadable_file" time="0.610" /><testcase classname="tests.test_views_objectversion" name="test_get_versions[None-404]" time="0.739" /><testcase classname="tests.test_views_objectversion" name="test_get_versions[auth-404]" time="0.751" /><testcase classname="tests.test_views_objectversion" name="test_get_versions[objects-403]" time="0.812" /><testcase classname="tests.test_views_objectversion" name="test_get_versions[bucket-403]" time="0.797" /><testcase classname="tests.test_views_objectversion" name="test_get_versions[location-200]" time="0.856" /><testcase classname="tests.test_views_objectversion" name="test_get_versions_invalid[None]" time="0.705" /><testcase classname="tests.test_views_objectversion" name="test_get_versions_invalid[auth]" time="0.719" /><testcase classname="tests.test_views_objectversion" name="test_get_versions_invalid[objects]" time="0.709" /><testcase classname="tests.test_views_objectversion" name="test_get_versions_invalid[bucket]" time="0.737" /><testcase classname="tests.test_views_objectversion" name="test_get_versions_invalid[location]" time="0.721" /><testcase classname="tests.test_views_objectversion" name="test_post[None-404]" time="0.580" /><testcase classname="tests.test_views_objectversion" name="test_post[auth-404]" time="0.588" /><testcase classname="tests.test_views_objectversion" name="test_post[bucket-403]" time="0.592" /><testcase classname="tests.test_views_objectversion" name="test_post[location-403]" time="0.593" /><testcase classname="tests.test_views_objectversion" name="test_put[None-404]" time="0.588" /><testcase classname="tests.test_views_objectversion" name="test_put[auth-404]" time="0.572" /><testcase classname="tests.test_views_objectversion" name="test_put[objects-404]" time="0.578" /><testcase classname="tests.test_views_objectversion" name="test_put[bucket-200]" time="0.999" /><testcase classname="tests.test_views_objectversion" name="test_put[location-200]" time="0.680" /><testcase classname="tests.test_views_objectversion" name="test_put_versioning" time="0.889" /><testcase classname="tests.test_views_objectversion" name="test_put_file_size_errors[50-100-400-Bucket quota]" time="0.474" /><testcase classname="tests.test_views_objectversion" name="test_put_file_size_errors[100-50-400-Maximum file size]" time="0.481" /><testcase classname="tests.test_views_objectversion" name="test_put_file_size_errors[100-100-200-None]" time="0.563" /><testcase classname="tests.test_views_objectversion" name="test_put_file_size_errors[None-None-200-None]" time="0.541" /><testcase classname="tests.test_views_objectversion" name="test_put_invalid_key" time="0.471" /><testcase classname="tests.test_views_objectversion" name="test_put_zero_size" time="0.473" /><testcase classname="tests.test_views_objectversion" name="test_put_deleted_locked" time="0.591" /><testcase classname="tests.test_views_objectversion" name="test_put_error" time="0.514" /><testcase classname="tests.test_views_objectversion" name="test_put_multipartform" time="0.542" /><testcase classname="tests.test_views_objectversion" name="test_delete[None-404]" time="0.791" /><testcase classname="tests.test_views_objectversion" name="test_delete[auth-404]" time="0.810" /><testcase classname="tests.test_views_objectversion" name="test_delete[objects-403]" time="0.842" /><testcase classname="tests.test_views_objectversion" name="test_delete[bucket-204]" time="0.938" /><testcase classname="tests.test_views_objectversion" name="test_delete[location-204]" time="0.978" /><testcase classname="tests.test_views_objectversion" name="test_delete_versions[None-404]" time="1.209" /><testcase classname="tests.test_views_objectversion" name="test_delete_versions[auth-404]" time="0.857" /><testcase classname="tests.test_views_objectversion" name="test_delete_versions[objects-403]" time="0.942" /><testcase classname="tests.test_views_objectversion" name="test_delete_versions[bucket-403]" time="1.005" /><testcase classname="tests.test_views_objectversion" name="test_delete_versions[location-204]" time="1.192" /><testcase classname="tests.test_views_objectversion" name="test_delete_versions_head_reset" time="0.751" /><testcase classname="tests.test_views_objectversion" name="test_delete_locked_deleted" time="0.786" /><testcase classname="tests.test_views_objectversion" name="test_delete_unwritable" time="0.762" /><testcase classname="tests.test_views_objectversion" name="test_put_header_tags" time="0.720" /><testcase classname="tests.test_views_objectversion" name="test_put_header_invalid_tags" time="0.658" /><testcase classname="tests.test_views_objectversion" name="test_get_range_request_enabled" time="0.935" /><testcase classname="tests.test_views_objectversion" name="test_get_range_request_disabled" time="0.740" /><testcase classname="tests.testutils" name="PYDOCSTYLE" time="0.009" /><testcase classname="tests.testutils" name="ISORT" time="0.010" /><testcase classname="tests.testutils" name="black" time="0.166" /><testcase classname="invenio_files_rest.__init__" name="PYDOCSTYLE" time="0.014" /><testcase classname="invenio_files_rest.__init__" name="ISORT" time="0.081" /><testcase classname="invenio_files_rest.__init__" name="black" time="0.191" /><testcase classname="invenio_files_rest.__init__" name="invenio_files_rest" time="0.055"><failure message="064 &gt;&gt;&gt; from invenio_access import InvenioAccess&#10;065 &gt;&gt;&gt; from invenio_celery import InvenioCelery&#10;066 &gt;&gt;&gt; from invenio_files_rest import InvenioFilesREST&#10;067 &gt;&gt;&gt; from invenio_files_rest.views import blueprint&#10;068 &#10;069 &gt;&gt;&gt; ext_babel = Babel(app)&#10;070 &gt;&gt;&gt; ext_menu = Menu(app)&#10;071 &gt;&gt;&gt; ext_db = InvenioDB(app)&#10;072 &gt;&gt;&gt; ext_rest = InvenioREST(app)&#10;073 &gt;&gt;&gt; ext_admin = InvenioAdmin(app)&#10;UNEXPECTED EXCEPTION: TypeError(&quot;Admin.__init__() got an unexpected keyword argument 'template_mode'&quot;)&#10;Traceback (most recent call last):&#10;  File &quot;/opt/hostedtoolcache/Python/3.12.12/x64/lib/python3.12/doctest.py&quot;, line 1368, in __run&#10;    exec(compile(example.source, filename, &quot;single&quot;,&#10;  File &quot;&lt;doctest invenio_files_rest[31]&gt;&quot;, line 1, in &lt;module&gt;&#10;  File &quot;/home/runner/work/invenio-bug-verification/invenio-bug-verification/package-repo/.venv/lib/python3.12/site-packages/invenio_admin/ext.py&quot;, line 109, in __init__&#10;    self._state = self.init_app(app, **kwargs)&#10;                  ^^^^^^^^^^^^^^^^^^^^^^^^^^^^&#10;  File &quot;/home/runner/work/invenio-bug-verification/invenio-bug-verification/package-repo/.venv/lib/python3.12/site-packages/invenio_admin/ext.py&quot;, line 145, in init_app&#10;    admin = Admin(&#10;            ^^^^^^&#10;TypeError: Admin.__init__() got an unexpected keyword argument 'template_mode'&#10;/home/runner/work/invenio-bug-verification/invenio-bug-verification/package-repo/invenio_files_rest/__init__.py:73: UnexpectedException">064 &gt;&gt;&gt; from invenio_access import InvenioAccess
065 &gt;&gt;&gt; from invenio_celery import InvenioCelery
066 &gt;&gt;&gt; from invenio_files_rest import InvenioFilesREST
067 &gt;&gt;&gt; from invenio_files_rest.views import blueprint
068 
069 &gt;&gt;&gt; ext_babel = Babel(app)
070 &gt;&gt;&gt; ext_menu = Menu(app)
071 &gt;&gt;&gt; ext_db = InvenioDB(app)
072 &gt;&gt;&gt; ext_rest = InvenioREST(app)
073 &gt;&gt;&gt; ext_admin = InvenioAdmin(app)
UNEXPECTED EXCEPTION: TypeError("Admin.__init__() got an unexpected keyword argument 'template_mode'")
Traceback (most recent call last):
  File "/opt/hostedtoolcache/Python/3.12.12/x64/lib/python3.12/doctest.py", line 1368, in __run
    exec(compile(example.source, filename, "single",
  File "&lt;doctest invenio_files_rest[31]&gt;", line 1, in &lt;module&gt;
  File "/home/runner/work/invenio-bug-verification/invenio-bug-verification/package-repo/.venv/lib/python3.12/site-packages/invenio_admin/ext.py", line 109, in __init__
    self._state = self.init_app(app, **kwargs)
                  ^^^^^^^^^^^^^^^^^^^^^^^^^^^^
  File "/home/runner/work/invenio-bug-verification/invenio-bug-verification/package-repo/.venv/lib/python3.12/site-packages/invenio_admin/ext.py", line 145, in init_app
    admin = Admin(
            ^^^^^^
TypeError: Admin.__init__() got an unexpected keyword argument 'template_mode'
/home/runner/work/invenio-bug-verification/invenio-bug-verification/package-repo/invenio_files_rest/__init__.py:73: UnexpectedException</failure></testcase><testcase classname="invenio_files_rest.admin" name="PYDOCSTYLE" time="0.024" /><testcase classname="invenio_files_rest.admin" name="ISORT" time="0.073" /><testcase classname="invenio_files_rest.admin" name="black" time="0.227" /><testcase classname="invenio_files_rest.alembic.2e97565eba72_create_files_rest_tables" name="PYDOCSTYLE" time="0.019" /><testcase classname="invenio_files_rest.alembic.2e97565eba72_create_files_rest_tables" name="ISORT" time="0.035" /><testcase classname="invenio_files_rest.alembic.2e97565eba72_create_files_rest_tables" name="black" time="0.208" /><testcase classname="invenio_files_rest.alembic.52ce868f33c3_create_files_rest_branch" name="PYDOCSTYLE" time="0.003" /><testcase classname="invenio_files_rest.alembic.52ce868f33c3_create_files_rest_branch" name="ISORT" time="0.009" /><testcase classname="invenio_files_rest.alembic.52ce868f33c3_create_files_rest_branch" name="black" time="0.178" /><testcase classname="invenio_files_rest.alembic.8ae99b034410_create_files_objecttags_table" name="PYDOCSTYLE" time="0.007" /><testcase classname="invenio_files_rest.alembic.8ae99b034410_create_files_objecttags_table" name="ISORT" time="0.020" /><testcase classname="invenio_files_rest.alembic.8ae99b034410_create_files_objecttags_table" name="black" time="0.183" /><testcase classname="invenio_files_rest.alembic.a29271fd78f8_create_files_object_partial_unique_index" name="PYDOCSTYLE" time="0.004" /><testcase classname="invenio_files_rest.alembic.a29271fd78f8_create_files_object_partial_unique_index" name="ISORT" time="0.011" /><testcase classname="invenio_files_rest.alembic.a29271fd78f8_create_files_object_partial_unique_index" name="black" time="0.172" /><testcase classname="invenio_files_rest.alembic.e172c837b036_add_indexes" name="PYDOCSTYLE" time="0.006" /><testcase classname="invenio_files_rest.alembic.e172c837b036_add_indexes" name="ISORT" time="0.015" /><testcase classname="invenio_files_rest.alembic.e172c837b036_add_indexes" name="black" time="0.179" /><testcase classname="invenio_files_rest.alembic.f741aa746a7d_alter_files_files_last_check_column_to_" name="PYDOCSTYLE" time="0.004" /><testcase classname="invenio_files_rest.alembic.f741aa746a7d_alter_files_files_last_check_column_to_" name="ISORT" time="0.010" /><testcase classname="invenio_files_rest.alembic.f741aa746a7d_alter_files_files_last_check_column_to_" name="black" time="0.171" /><testcase classname="invenio_files_rest.app" name="PYDOCSTYLE" time="0.003" /><testcase classname="invenio_files_rest.app" name="ISORT" time="0.009" /><testcase classname="invenio_files_rest.app" name="black" time="0.167" /><testcase classname="invenio_files_rest.cli" name="PYDOCSTYLE" time="0.014" /><testcase classname="invenio_files_rest.cli" name="ISORT" time="0.029" /><testcase classname="invenio_files_rest.cli" name="black" time="0.195" /><testcase classname="invenio_files_rest.config" name="PYDOCSTYLE" time="0.005" /><testcase classname="invenio_files_rest.config" name="ISORT" time="0.023" /><testcase classname="invenio_files_rest.config" name="black" time="0.181" /><testcase classname="invenio_files_rest.errors" name="PYDOCSTYLE" time="0.013" /><testcase classname="invenio_files_rest.errors" name="ISORT" time="0.026" /><testcase classname="invenio_files_rest.errors" name="black" time="0.188" /><testcase classname="invenio_files_rest.ext" name="PYDOCSTYLE" time="0.012" /><testcase classname="invenio_files_rest.ext" name="ISORT" time="0.022" /><testcase classname="invenio_files_rest.ext" name="black" time="0.190" /><testcase classname="invenio_files_rest.formparser" name="PYDOCSTYLE" time="0.007" /><testcase classname="invenio_files_rest.formparser" name="ISORT" time="0.014" /><testcase classname="invenio_files_rest.formparser" name="black" time="0.177" /><testcase classname="invenio_files_rest.helpers" name="PYDOCSTYLE" time="0.023" /><testcase classname="invenio_files_rest.helpers" name="ISORT" time="0.052" /><testcase classname="invenio_files_rest.helpers" name="black" time="0.216" /><testcase classname="invenio_files_rest.limiters" name="PYDOCSTYLE" time="0.008" /><testcase classname="invenio_files_rest.limiters" name="ISORT" time="0.012" /><testcase classname="invenio_files_rest.limiters" name="black" time="0.174" /><testcase classname="invenio_files_rest.models" name="PYDOCSTYLE" time="0.144" /><testcase classname="invenio_files_rest.models" name="ISORT" time="0.254" /><testcase classname="invenio_files_rest.models" name="black" time="0.494" /><testcase classname="invenio_files_rest.permissions" name="PYDOCSTYLE" time="0.009" /><testcase classname="invenio_files_rest.permissions" name="ISORT" time="0.023" /><testcase classname="invenio_files_rest.permissions" name="black" time="0.184" /><testcase classname="invenio_files_rest.proxies" name="PYDOCSTYLE" time="0.003" /><testcase classname="invenio_files_rest.proxies" name="ISORT" time="0.008" /><testcase classname="invenio_files_rest.proxies" name="black" time="0.166" /><testcase classname="invenio_files_rest.serializer" name="PYDOCSTYLE" time="0.025" /><testcase classname="invenio_files_rest.serializer" name="ISORT" time="0.055" /><testcase classname="invenio_files_rest.serializer" name="black" time="0.223" /><testcase classname="invenio_files_rest.signals" name="PYDOCSTYLE" time="0.003" /><testcase classname="invenio_files_rest.signals" name="ISORT" time="0.008" /><testcase classname="invenio_files_rest.signals" name="black" time="0.166" /><testcase classname="invenio_files_rest.storage.__init__" name="PYDOCSTYLE" time="0.004" /><testcase classname="invenio_files_rest.storage.__init__" name="ISORT" time="0.006" /><testcase classname="invenio_files_rest.storage.__init__" name="black" time="0.165" /><testcase classname="invenio_files_rest.storage.base" name="PYDOCSTYLE" time="0.021" /><testcase classname="invenio_files_rest.storage.base" name="ISORT" time="0.043" /><testcase classname="invenio_files_rest.storage.base" name="black" time="0.204" /><testcase classname="invenio_files_rest.storage.pyfs" name="PYDOCSTYLE" time="0.016" /><testcase classname="invenio_files_rest.storage.pyfs" name="ISORT" time="0.033" /><testcase classname="invenio_files_rest.storage.pyfs" name="black" time="0.195" /><testcase classname="invenio_files_rest.tasks" name="PYDOCSTYLE" time="0.024" /><testcase classname="invenio_files_rest.tasks" name="ISORT" time="0.052" /><testcase classname="invenio_files_rest.tasks" name="black" time="0.228" /><testcase classname="invenio_files_rest.utils" name="PYDOCSTYLE" time="0.007" /><testcase classname="invenio_files_rest.utils" name="ISORT" time="0.013" /><testcase classname="invenio_files_rest.utils" name="black" time="0.171" /><testcase classname="invenio_files_rest.views" name="PYDOCSTYLE" time="0.068" /><testcase classname="invenio_files_rest.views" name="ISORT" time="0.142" /><testcase classname="invenio_files_rest.views" name="black" time="0.320" /><testcase classname="invenio_files_rest.wrappers" name="PYDOCSTYLE" time="0.003" /><testcase classname="invenio_files_rest.wrappers" name="ISORT" time="0.008" /><testcase classname="invenio_files_rest.wrappers" name="black" time="0.165" /></testsuite></testsuites>