 postgresql Pulling 
 redis Pulling 
 rabbitmq Pulling 
 opensearch Pulling 
 redis Pulled 
 rabbitmq Pulled 
 postgresql Pulled 
 opensearch Pulled 
 Network docker_services_cli_default  Creating
 Network docker_services_cli_default  Created
 Container docker_services_cli-postgresql-1  Creating
 Container docker_services_cli-opensearch-1  Creating
 Container docker_services_cli-rabbitmq-1  Creating
 Container docker_services_cli-redis-1  Creating
 Container docker_services_cli-opensearch-1  Created
 Container docker_services_cli-postgresql-1  Created
 Container docker_services_cli-redis-1  Created
 Container docker_services_cli-rabbitmq-1  Created
 Container docker_services_cli-opensearch-1  Starting
 Container docker_services_cli-redis-1  Starting
 Container docker_services_cli-postgresql-1  Starting
 Container docker_services_cli-rabbitmq-1  Starting
 Container docker_services_cli-postgresql-1  Started
 Container docker_services_cli-redis-1  Started
 Container docker_services_cli-opensearch-1  Started
 Container docker_services_cli-rabbitmq-1  Started
============================= test session starts ==============================
platform linux -- Python 3.12.12, pytest-8.4.2, pluggy-1.6.0 -- /home/runner/work/invenio-testrig/invenio-testrig/package-repo/.venv/bin/python
cachedir: .pytest_cache
rootdir: /home/runner/work/invenio-testrig/invenio-testrig/package-repo
configfile: setup.cfg
testpaths: tests, invenio_app_rdm
plugins: github-actions-annotate-failures-0.3.0, pycodestyle-2.5.0, time-machine-2.19.0, flask-1.3.0, black-ng-0.4.1, Faker-38.2.0, invenio-3.4.2, isort-4.0.0, cov-7.0.0, pydocstyle-2.4.0
collecting ... collected 339 items

tests/__init__.py::PYDOCSTYLE PASSED
tests/__init__.py::ISORT PASSED
tests/__init__.py::black PASSED
tests/api/__init__.py::PYDOCSTYLE PASSED
tests/api/__init__.py::ISORT PASSED
tests/api/__init__.py::black PASSED
tests/api/conftest.py::PYDOCSTYLE PASSED
tests/api/conftest.py::ISORT PASSED
tests/api/conftest.py::black PASSED
tests/api/test_protect_files_rest.py::ISORT PASSED
tests/api/test_protect_files_rest.py::black PASSED
tests/api/test_protect_files_rest.py::test_files_rest_endpoint_is_protected Flask-DebugToolbar extension not installed.
Failed to extract file metadata.
Traceback (most recent call last):
  File "/home/runner/work/invenio-testrig/invenio-testrig/package-repo/.venv/lib/python3.12/site-packages/invenio_records_resources/tasks.py", line 27, in extract_file_metadata
    service.extract_file_metadata(system_identity, record_id, file_key)
  File "/home/runner/work/invenio-testrig/invenio-testrig/package-repo/.venv/lib/python3.12/site-packages/invenio_db/uow.py", line 251, in inner
    res = f(self, *args, **kwargs)
          ^^^^^^^^^^^^^^^^^^^^^^^^
  File "/home/runner/work/invenio-testrig/invenio-testrig/package-repo/.venv/lib/python3.12/site-packages/invenio_records_resources/services/files/service.py", line 226, in extract_file_metadata
    self.run_components(
  File "/home/runner/work/invenio-testrig/invenio-testrig/package-repo/.venv/lib/python3.12/site-packages/invenio_records_resources/services/base/service.py", line 72, in run_components
    getattr(component, action)(*args, **kwargs)
  File "/home/runner/work/invenio-testrig/invenio-testrig/package-repo/.venv/lib/python3.12/site-packages/invenio_records_resources/services/files/components/processor.py", line 32, in extract_file_metadata
    ProcessorRunner(self.service.config.file_processors).run(file_record)
  File "/home/runner/work/invenio-testrig/invenio-testrig/package-repo/.venv/lib/python3.12/site-packages/invenio_records_resources/services/files/processors/base.py", line 25, in run
    p.process(file_record)
  File "/home/runner/work/invenio-testrig/invenio-testrig/package-repo/.venv/lib/python3.12/site-packages/invenio_records_resources/services/files/processors/image.py", line 92, in process
    width, height = self._process_wand(file_record)
                    ^^^^^^^^^^^^^^^^^^^^^^^^^^^^^^^
  File "/home/runner/work/invenio-testrig/invenio-testrig/package-repo/.venv/lib/python3.12/site-packages/invenio_records_resources/services/files/processors/image.py", line 59, in _process_wand
    with Image.ping(file=fp) as img:
         ^^^^^^^^^^^^^^^^^^^
  File "/home/runner/work/invenio-testrig/invenio-testrig/package-repo/.venv/lib/python3.12/site-packages/wand/image.py", line 9645, in ping
    instance.raise_exception()
  File "/home/runner/work/invenio-testrig/invenio-testrig/package-repo/.venv/lib/python3.12/site-packages/wand/resource.py", line 225, in raise_exception
    raise e
wand.exceptions.MissingDelegateError: no decode delegate for this image format `' @ error/blob.c/PingBlob/3058
[2025-12-11 07:45:20,148] ERROR in tasks: Failed to extract file metadata.
Traceback (most recent call last):
  File "/home/runner/work/invenio-testrig/invenio-testrig/package-repo/.venv/lib/python3.12/site-packages/invenio_records_resources/tasks.py", line 27, in extract_file_metadata
    service.extract_file_metadata(system_identity, record_id, file_key)
  File "/home/runner/work/invenio-testrig/invenio-testrig/package-repo/.venv/lib/python3.12/site-packages/invenio_db/uow.py", line 251, in inner
    res = f(self, *args, **kwargs)
          ^^^^^^^^^^^^^^^^^^^^^^^^
  File "/home/runner/work/invenio-testrig/invenio-testrig/package-repo/.venv/lib/python3.12/site-packages/invenio_records_resources/services/files/service.py", line 226, in extract_file_metadata
    self.run_components(
  File "/home/runner/work/invenio-testrig/invenio-testrig/package-repo/.venv/lib/python3.12/site-packages/invenio_records_resources/services/base/service.py", line 72, in run_components
    getattr(component, action)(*args, **kwargs)
  File "/home/runner/work/invenio-testrig/invenio-testrig/package-repo/.venv/lib/python3.12/site-packages/invenio_records_resources/services/files/components/processor.py", line 32, in extract_file_metadata
    ProcessorRunner(self.service.config.file_processors).run(file_record)
  File "/home/runner/work/invenio-testrig/invenio-testrig/package-repo/.venv/lib/python3.12/site-packages/invenio_records_resources/services/files/processors/base.py", line 25, in run
    p.process(file_record)
  File "/home/runner/work/invenio-testrig/invenio-testrig/package-repo/.venv/lib/python3.12/site-packages/invenio_records_resources/services/files/processors/image.py", line 92, in process
    width, height = self._process_wand(file_record)
                    ^^^^^^^^^^^^^^^^^^^^^^^^^^^^^^^
  File "/home/runner/work/invenio-testrig/invenio-testrig/package-repo/.venv/lib/python3.12/site-packages/invenio_records_resources/services/files/processors/image.py", line 59, in _process_wand
    with Image.ping(file=fp) as img:
         ^^^^^^^^^^^^^^^^^^^
  File "/home/runner/work/invenio-testrig/invenio-testrig/package-repo/.venv/lib/python3.12/site-packages/wand/image.py", line 9645, in ping
    instance.raise_exception()
  File "/home/runner/work/invenio-testrig/invenio-testrig/package-repo/.venv/lib/python3.12/site-packages/wand/resource.py", line 225, in raise_exception
    raise e
wand.exceptions.MissingDelegateError: no decode delegate for this image format `' @ error/blob.c/PingBlob/3058
PASSED
tests/api/test_record_api.py::ISORT PASSED
tests/api/test_record_api.py::black PASSED
tests/api/test_record_api.py::test_record_read_non_existing_pid Loading config for entry point invenio_app_rdm.config
[2025-12-11 07:45:24,849] DEBUG in entrypoint: Loading config for entry point invenio_app_rdm.config
Flask-DebugToolbar extension not installed.
[2025-12-11 07:45:25,891] DEBUG in ext: Flask-DebugToolbar extension not installed.
Flask-DebugToolbar extension not installed.
A resource error handler caught the following exception:
Traceback (most recent call last):
  File "/home/runner/work/invenio-testrig/invenio-testrig/package-repo/.venv/lib/python3.12/site-packages/invenio_pidstore/models.py", line 212, in get
    return db.session.query(cls).filter_by(**args).one()
           ^^^^^^^^^^^^^^^^^^^^^^^^^^^^^^^^^^^^^^^^^^^^^
  File "/home/runner/work/invenio-testrig/invenio-testrig/package-repo/.venv/lib/python3.12/site-packages/sqlalchemy/orm/query.py", line 2808, in one
    return self._iter().one()  # type: ignore
           ^^^^^^^^^^^^^^^^^^
  File "/home/runner/work/invenio-testrig/invenio-testrig/package-repo/.venv/lib/python3.12/site-packages/sqlalchemy/engine/result.py", line 1815, in one
    return self._only_one_row(
           ^^^^^^^^^^^^^^^^^^^
  File "/home/runner/work/invenio-testrig/invenio-testrig/package-repo/.venv/lib/python3.12/site-packages/sqlalchemy/engine/result.py", line 760, in _only_one_row
    raise exc.NoResultFound(
sqlalchemy.exc.NoResultFound: No row was found when one was required

During handling of the above exception, another exception occurred:

Traceback (most recent call last):
  File "/home/runner/work/invenio-testrig/invenio-testrig/package-repo/.venv/lib/python3.12/site-packages/flask/app.py", line 917, in full_dispatch_request
    rv = self.dispatch_request()
         ^^^^^^^^^^^^^^^^^^^^^^^
  File "/home/runner/work/invenio-testrig/invenio-testrig/package-repo/.venv/lib/python3.12/site-packages/flask/app.py", line 902, in dispatch_request
    return self.ensure_sync(self.view_functions[rule.endpoint])(**view_args)  # type: ignore[no-any-return]
           ^^^^^^^^^^^^^^^^^^^^^^^^^^^^^^^^^^^^^^^^^^^^^^^^^^^^^^^^^^^^^^^^^
  File "/home/runner/work/invenio-testrig/invenio-testrig/package-repo/.venv/lib/python3.12/site-packages/flask_resources/resources.py", line 65, in view
    return view_meth()
           ^^^^^^^^^^^
  File "/home/runner/work/invenio-testrig/invenio-testrig/package-repo/.venv/lib/python3.12/site-packages/flask_resources/content_negotiation.py", line 116, in inner_content_negotiation
    return f(*args, **kwargs)
           ^^^^^^^^^^^^^^^^^^
  File "/home/runner/work/invenio-testrig/invenio-testrig/package-repo/.venv/lib/python3.12/site-packages/flask_resources/parsers/decorators.py", line 51, in inner
    return f(self, *args, **kwargs)
           ^^^^^^^^^^^^^^^^^^^^^^^^
  File "/home/runner/work/invenio-testrig/invenio-testrig/package-repo/.venv/lib/python3.12/site-packages/flask_resources/parsers/decorators.py", line 51, in inner
    return f(self, *args, **kwargs)
           ^^^^^^^^^^^^^^^^^^^^^^^^
  File "/home/runner/work/invenio-testrig/invenio-testrig/package-repo/.venv/lib/python3.12/site-packages/flask_resources/parsers/decorators.py", line 51, in inner
    return f(self, *args, **kwargs)
           ^^^^^^^^^^^^^^^^^^^^^^^^
  File "/home/runner/work/invenio-testrig/invenio-testrig/package-repo/.venv/lib/python3.12/site-packages/invenio_rdm_records/resources/resources.py", line 49, in inner
    response = f(*args, **kwargs)
               ^^^^^^^^^^^^^^^^^^
  File "/home/runner/work/invenio-testrig/invenio-testrig/package-repo/.venv/lib/python3.12/site-packages/flask_resources/responses.py", line 39, in inner
    res = f(*args, **kwargs)
          ^^^^^^^^^^^^^^^^^^
  File "/home/runner/work/invenio-testrig/invenio-testrig/package-repo/.venv/lib/python3.12/site-packages/invenio_rdm_records/resources/resources.py", line 142, in read
    item = self.service.read(
           ^^^^^^^^^^^^^^^^^^
  File "/home/runner/work/invenio-testrig/invenio-testrig/package-repo/.venv/lib/python3.12/site-packages/invenio_rdm_records/services/services.py", line 673, in read
    record = self.record_cls.pid.resolve(id_)
             ^^^^^^^^^^^^^^^^^^^^^^^^^^^^^^^^
  File "/home/runner/work/invenio-testrig/invenio-testrig/package-repo/.venv/lib/python3.12/site-packages/invenio_records_resources/records/systemfields/pid.py", line 77, in resolve
    pid, record = resolver.resolve(pid_value)
                  ^^^^^^^^^^^^^^^^^^^^^^^^^^^
  File "/home/runner/work/invenio-testrig/invenio-testrig/package-repo/.venv/lib/python3.12/site-packages/invenio_pidstore/resolver.py", line 52, in resolve
    pid = PersistentIdentifier.get(self.pid_type, pid_value)
          ^^^^^^^^^^^^^^^^^^^^^^^^^^^^^^^^^^^^^^^^^^^^^^^^^^
  File "/home/runner/work/invenio-testrig/invenio-testrig/package-repo/.venv/lib/python3.12/site-packages/invenio_pidstore/models.py", line 214, in get
    raise PIDDoesNotExistError(pid_type, pid_value)
invenio_pidstore.errors.PIDDoesNotExistError
[2025-12-11 07:45:29,408] DEBUG in errors: A resource error handler caught the following exception:
Traceback (most recent call last):
  File "/home/runner/work/invenio-testrig/invenio-testrig/package-repo/.venv/lib/python3.12/site-packages/invenio_pidstore/models.py", line 212, in get
    return db.session.query(cls).filter_by(**args).one()
           ^^^^^^^^^^^^^^^^^^^^^^^^^^^^^^^^^^^^^^^^^^^^^
  File "/home/runner/work/invenio-testrig/invenio-testrig/package-repo/.venv/lib/python3.12/site-packages/sqlalchemy/orm/query.py", line 2808, in one
    return self._iter().one()  # type: ignore
           ^^^^^^^^^^^^^^^^^^
  File "/home/runner/work/invenio-testrig/invenio-testrig/package-repo/.venv/lib/python3.12/site-packages/sqlalchemy/engine/result.py", line 1815, in one
    return self._only_one_row(
           ^^^^^^^^^^^^^^^^^^^
  File "/home/runner/work/invenio-testrig/invenio-testrig/package-repo/.venv/lib/python3.12/site-packages/sqlalchemy/engine/result.py", line 760, in _only_one_row
    raise exc.NoResultFound(
sqlalchemy.exc.NoResultFound: No row was found when one was required

During handling of the above exception, another exception occurred:

Traceback (most recent call last):
  File "/home/runner/work/invenio-testrig/invenio-testrig/package-repo/.venv/lib/python3.12/site-packages/flask/app.py", line 917, in full_dispatch_request
    rv = self.dispatch_request()
         ^^^^^^^^^^^^^^^^^^^^^^^
  File "/home/runner/work/invenio-testrig/invenio-testrig/package-repo/.venv/lib/python3.12/site-packages/flask/app.py", line 902, in dispatch_request
    return self.ensure_sync(self.view_functions[rule.endpoint])(**view_args)  # type: ignore[no-any-return]
           ^^^^^^^^^^^^^^^^^^^^^^^^^^^^^^^^^^^^^^^^^^^^^^^^^^^^^^^^^^^^^^^^^
  File "/home/runner/work/invenio-testrig/invenio-testrig/package-repo/.venv/lib/python3.12/site-packages/flask_resources/resources.py", line 65, in view
    return view_meth()
           ^^^^^^^^^^^
  File "/home/runner/work/invenio-testrig/invenio-testrig/package-repo/.venv/lib/python3.12/site-packages/flask_resources/content_negotiation.py", line 116, in inner_content_negotiation
    return f(*args, **kwargs)
           ^^^^^^^^^^^^^^^^^^
  File "/home/runner/work/invenio-testrig/invenio-testrig/package-repo/.venv/lib/python3.12/site-packages/flask_resources/parsers/decorators.py", line 51, in inner
    return f(self, *args, **kwargs)
           ^^^^^^^^^^^^^^^^^^^^^^^^
  File "/home/runner/work/invenio-testrig/invenio-testrig/package-repo/.venv/lib/python3.12/site-packages/flask_resources/parsers/decorators.py", line 51, in inner
    return f(self, *args, **kwargs)
           ^^^^^^^^^^^^^^^^^^^^^^^^
  File "/home/runner/work/invenio-testrig/invenio-testrig/package-repo/.venv/lib/python3.12/site-packages/flask_resources/parsers/decorators.py", line 51, in inner
    return f(self, *args, **kwargs)
           ^^^^^^^^^^^^^^^^^^^^^^^^
  File "/home/runner/work/invenio-testrig/invenio-testrig/package-repo/.venv/lib/python3.12/site-packages/invenio_rdm_records/resources/resources.py", line 49, in inner
    response = f(*args, **kwargs)
               ^^^^^^^^^^^^^^^^^^
  File "/home/runner/work/invenio-testrig/invenio-testrig/package-repo/.venv/lib/python3.12/site-packages/flask_resources/responses.py", line 39, in inner
    res = f(*args, **kwargs)
          ^^^^^^^^^^^^^^^^^^
  File "/home/runner/work/invenio-testrig/invenio-testrig/package-repo/.venv/lib/python3.12/site-packages/invenio_rdm_records/resources/resources.py", line 142, in read
    item = self.service.read(
           ^^^^^^^^^^^^^^^^^^
  File "/home/runner/work/invenio-testrig/invenio-testrig/package-repo/.venv/lib/python3.12/site-packages/invenio_rdm_records/services/services.py", line 673, in read
    record = self.record_cls.pid.resolve(id_)
             ^^^^^^^^^^^^^^^^^^^^^^^^^^^^^^^^
  File "/home/runner/work/invenio-testrig/invenio-testrig/package-repo/.venv/lib/python3.12/site-packages/invenio_records_resources/records/systemfields/pid.py", line 77, in resolve
    pid, record = resolver.resolve(pid_value)
                  ^^^^^^^^^^^^^^^^^^^^^^^^^^^
  File "/home/runner/work/invenio-testrig/invenio-testrig/package-repo/.venv/lib/python3.12/site-packages/invenio_pidstore/resolver.py", line 52, in resolve
    pid = PersistentIdentifier.get(self.pid_type, pid_value)
          ^^^^^^^^^^^^^^^^^^^^^^^^^^^^^^^^^^^^^^^^^^^^^^^^^^
  File "/home/runner/work/invenio-testrig/invenio-testrig/package-repo/.venv/lib/python3.12/site-packages/invenio_pidstore/models.py", line 214, in get
    raise PIDDoesNotExistError(pid_type, pid_value)
invenio_pidstore.errors.PIDDoesNotExistError
A resource error handler caught the following exception:
Traceback (most recent call last):
  File "/home/runner/work/invenio-testrig/invenio-testrig/package-repo/.venv/lib/python3.12/site-packages/invenio_pidstore/models.py", line 212, in get
    return db.session.query(cls).filter_by(**args).one()
           ^^^^^^^^^^^^^^^^^^^^^^^^^^^^^^^^^^^^^^^^^^^^^
  File "/home/runner/work/invenio-testrig/invenio-testrig/package-repo/.venv/lib/python3.12/site-packages/sqlalchemy/orm/query.py", line 2808, in one
    return self._iter().one()  # type: ignore
           ^^^^^^^^^^^^^^^^^^
  File "/home/runner/work/invenio-testrig/invenio-testrig/package-repo/.venv/lib/python3.12/site-packages/sqlalchemy/engine/result.py", line 1815, in one
    return self._only_one_row(
           ^^^^^^^^^^^^^^^^^^^
  File "/home/runner/work/invenio-testrig/invenio-testrig/package-repo/.venv/lib/python3.12/site-packages/sqlalchemy/engine/result.py", line 760, in _only_one_row
    raise exc.NoResultFound(
sqlalchemy.exc.NoResultFound: No row was found when one was required

During handling of the above exception, another exception occurred:

Traceback (most recent call last):
  File "/home/runner/work/invenio-testrig/invenio-testrig/package-repo/.venv/lib/python3.12/site-packages/flask/app.py", line 917, in full_dispatch_request
    rv = self.dispatch_request()
         ^^^^^^^^^^^^^^^^^^^^^^^
  File "/home/runner/work/invenio-testrig/invenio-testrig/package-repo/.venv/lib/python3.12/site-packages/flask/app.py", line 902, in dispatch_request
    return self.ensure_sync(self.view_functions[rule.endpoint])(**view_args)  # type: ignore[no-any-return]
           ^^^^^^^^^^^^^^^^^^^^^^^^^^^^^^^^^^^^^^^^^^^^^^^^^^^^^^^^^^^^^^^^^
  File "/home/runner/work/invenio-testrig/invenio-testrig/package-repo/.venv/lib/python3.12/site-packages/flask_resources/resources.py", line 65, in view
    return view_meth()
           ^^^^^^^^^^^
  File "/home/runner/work/invenio-testrig/invenio-testrig/package-repo/.venv/lib/python3.12/site-packages/flask_resources/content_negotiation.py", line 116, in inner_content_negotiation
    return f(*args, **kwargs)
           ^^^^^^^^^^^^^^^^^^
  File "/home/runner/work/invenio-testrig/invenio-testrig/package-repo/.venv/lib/python3.12/site-packages/flask_resources/parsers/decorators.py", line 51, in inner
    return f(self, *args, **kwargs)
           ^^^^^^^^^^^^^^^^^^^^^^^^
  File "/home/runner/work/invenio-testrig/invenio-testrig/package-repo/.venv/lib/python3.12/site-packages/flask_resources/parsers/decorators.py", line 51, in inner
    return f(self, *args, **kwargs)
           ^^^^^^^^^^^^^^^^^^^^^^^^
  File "/home/runner/work/invenio-testrig/invenio-testrig/package-repo/.venv/lib/python3.12/site-packages/flask_resources/parsers/decorators.py", line 51, in inner
    return f(self, *args, **kwargs)
           ^^^^^^^^^^^^^^^^^^^^^^^^
  File "/home/runner/work/invenio-testrig/invenio-testrig/package-repo/.venv/lib/python3.12/site-packages/invenio_rdm_records/resources/resources.py", line 49, in inner
    response = f(*args, **kwargs)
               ^^^^^^^^^^^^^^^^^^
  File "/home/runner/work/invenio-testrig/invenio-testrig/package-repo/.venv/lib/python3.12/site-packages/flask_resources/responses.py", line 39, in inner
    res = f(*args, **kwargs)
          ^^^^^^^^^^^^^^^^^^
  File "/home/runner/work/invenio-testrig/invenio-testrig/package-repo/.venv/lib/python3.12/site-packages/invenio_rdm_records/resources/resources.py", line 142, in read
    item = self.service.read(
           ^^^^^^^^^^^^^^^^^^
  File "/home/runner/work/invenio-testrig/invenio-testrig/package-repo/.venv/lib/python3.12/site-packages/invenio_rdm_records/services/services.py", line 673, in read
    record = self.record_cls.pid.resolve(id_)
             ^^^^^^^^^^^^^^^^^^^^^^^^^^^^^^^^
  File "/home/runner/work/invenio-testrig/invenio-testrig/package-repo/.venv/lib/python3.12/site-packages/invenio_records_resources/records/systemfields/pid.py", line 77, in resolve
    pid, record = resolver.resolve(pid_value)
                  ^^^^^^^^^^^^^^^^^^^^^^^^^^^
  File "/home/runner/work/invenio-testrig/invenio-testrig/package-repo/.venv/lib/python3.12/site-packages/invenio_pidstore/resolver.py", line 52, in resolve
    pid = PersistentIdentifier.get(self.pid_type, pid_value)
          ^^^^^^^^^^^^^^^^^^^^^^^^^^^^^^^^^^^^^^^^^^^^^^^^^^
  File "/home/runner/work/invenio-testrig/invenio-testrig/package-repo/.venv/lib/python3.12/site-packages/invenio_pidstore/models.py", line 214, in get
    raise PIDDoesNotExistError(pid_type, pid_value)
invenio_pidstore.errors.PIDDoesNotExistError
PASSED

tests/api/test_record_api.py::test_record_draft_create_and_read PASSED

tests/api/test_record_api.py::test_record_draft_publish NotFoundError(404, 'index_not_found_exception', 'no such index [stats-record-view]', stats-record-view, index_or_alias)
[2025-12-11 07:45:35,756] WARNING in api: NotFoundError(404, 'index_not_found_exception', 'no such index [stats-record-view]', stats-record-view, index_or_alias)
NotFoundError(404, 'index_not_found_exception', 'no such index [stats-record-view]', stats-record-view, index_or_alias)
NotFoundError(404, 'index_not_found_exception', 'no such index [stats-file-download]', stats-file-download, index_or_alias)
[2025-12-11 07:45:35,759] WARNING in api: NotFoundError(404, 'index_not_found_exception', 'no such index [stats-file-download]', stats-file-download, index_or_alias)
NotFoundError(404, 'index_not_found_exception', 'no such index [stats-file-download]', stats-file-download, index_or_alias)
A resource error handler caught the following exception:
Traceback (most recent call last):
  File "/home/runner/work/invenio-testrig/invenio-testrig/package-repo/.venv/lib/python3.12/site-packages/invenio_drafts_resources/services/records/service.py", line 215, in read_draft
    draft = self.draft_cls.pid.resolve(id_, registered_only=False)
            ^^^^^^^^^^^^^^^^^^^^^^^^^^^^^^^^^^^^^^^^^^^^^^^^^^^^^^
  File "/home/runner/work/invenio-testrig/invenio-testrig/package-repo/.venv/lib/python3.12/site-packages/invenio_records_resources/records/systemfields/pid.py", line 77, in resolve
    pid, record = resolver.resolve(pid_value)
                  ^^^^^^^^^^^^^^^^^^^^^^^^^^^
  File "/home/runner/work/invenio-testrig/invenio-testrig/package-repo/.venv/lib/python3.12/site-packages/invenio_pidstore/resolver.py", line 75, in resolve
    return pid, self.object_getter(obj_id)
                ^^^^^^^^^^^^^^^^^^^^^^^^^^
  File "/home/runner/work/invenio-testrig/invenio-testrig/package-repo/.venv/lib/python3.12/site-packages/invenio_records/api.py", line 384, in get_record
    obj = query.one()
          ^^^^^^^^^^^
  File "/home/runner/work/invenio-testrig/invenio-testrig/package-repo/.venv/lib/python3.12/site-packages/sqlalchemy/orm/query.py", line 2808, in one
    return self._iter().one()  # type: ignore
           ^^^^^^^^^^^^^^^^^^
  File "/home/runner/work/invenio-testrig/invenio-testrig/package-repo/.venv/lib/python3.12/site-packages/sqlalchemy/engine/result.py", line 1815, in one
    return self._only_one_row(
           ^^^^^^^^^^^^^^^^^^^
  File "/home/runner/work/invenio-testrig/invenio-testrig/package-repo/.venv/lib/python3.12/site-packages/sqlalchemy/engine/result.py", line 760, in _only_one_row
    raise exc.NoResultFound(
sqlalchemy.exc.NoResultFound: No row was found when one was required

During handling of the above exception, another exception occurred:

Traceback (most recent call last):
  File "/home/runner/work/invenio-testrig/invenio-testrig/package-repo/.venv/lib/python3.12/site-packages/flask/app.py", line 917, in full_dispatch_request
    rv = self.dispatch_request()
         ^^^^^^^^^^^^^^^^^^^^^^^
  File "/home/runner/work/invenio-testrig/invenio-testrig/package-repo/.venv/lib/python3.12/site-packages/flask/app.py", line 902, in dispatch_request
    return self.ensure_sync(self.view_functions[rule.endpoint])(**view_args)  # type: ignore[no-any-return]
           ^^^^^^^^^^^^^^^^^^^^^^^^^^^^^^^^^^^^^^^^^^^^^^^^^^^^^^^^^^^^^^^^^
  File "/home/runner/work/invenio-testrig/invenio-testrig/package-repo/.venv/lib/python3.12/site-packages/flask_resources/resources.py", line 65, in view
    return view_meth()
           ^^^^^^^^^^^
  File "/home/runner/work/invenio-testrig/invenio-testrig/package-repo/.venv/lib/python3.12/site-packages/flask_resources/content_negotiation.py", line 116, in inner_content_negotiation
    return f(*args, **kwargs)
           ^^^^^^^^^^^^^^^^^^
  File "/home/runner/work/invenio-testrig/invenio-testrig/package-repo/.venv/lib/python3.12/site-packages/flask_resources/parsers/decorators.py", line 51, in inner
    return f(self, *args, **kwargs)
           ^^^^^^^^^^^^^^^^^^^^^^^^
  File "/home/runner/work/invenio-testrig/invenio-testrig/package-repo/.venv/lib/python3.12/site-packages/flask_resources/parsers/decorators.py", line 51, in inner
    return f(self, *args, **kwargs)
           ^^^^^^^^^^^^^^^^^^^^^^^^
  File "/home/runner/work/invenio-testrig/invenio-testrig/package-repo/.venv/lib/python3.12/site-packages/flask_resources/parsers/decorators.py", line 51, in inner
    return f(self, *args, **kwargs)
           ^^^^^^^^^^^^^^^^^^^^^^^^
  File "/home/runner/work/invenio-testrig/invenio-testrig/package-repo/.venv/lib/python3.12/site-packages/flask_resources/responses.py", line 39, in inner
    res = f(*args, **kwargs)
          ^^^^^^^^^^^^^^^^^^
  File "/home/runner/work/invenio-testrig/invenio-testrig/package-repo/.venv/lib/python3.12/site-packages/invenio_drafts_resources/resources/records/resource.py", line 211, in read_draft
    item = self.service.read_draft(
           ^^^^^^^^^^^^^^^^^^^^^^^^
  File "/home/runner/work/invenio-testrig/invenio-testrig/package-repo/.venv/lib/python3.12/site-packages/invenio_rdm_records/services/services.py", line 694, in read_draft
    result = super().read_draft(identity, id_, expand=expand)
             ^^^^^^^^^^^^^^^^^^^^^^^^^^^^^^^^^^^^^^^^^^^^^^^^
  File "/home/runner/work/invenio-testrig/invenio-testrig/package-repo/.venv/lib/python3.12/site-packages/invenio_drafts_resources/services/records/service.py", line 221, in read_draft
    raise DraftNotCreatedError(self.draft_cls.pid.field._pid_type, id_)
invenio_drafts_resources.resources.records.errors.DraftNotCreatedError
[2025-12-11 07:45:35,949] DEBUG in errors: A resource error handler caught the following exception:
Traceback (most recent call last):
  File "/home/runner/work/invenio-testrig/invenio-testrig/package-repo/.venv/lib/python3.12/site-packages/invenio_drafts_resources/services/records/service.py", line 215, in read_draft
    draft = self.draft_cls.pid.resolve(id_, registered_only=False)
            ^^^^^^^^^^^^^^^^^^^^^^^^^^^^^^^^^^^^^^^^^^^^^^^^^^^^^^
  File "/home/runner/work/invenio-testrig/invenio-testrig/package-repo/.venv/lib/python3.12/site-packages/invenio_records_resources/records/systemfields/pid.py", line 77, in resolve
    pid, record = resolver.resolve(pid_value)
                  ^^^^^^^^^^^^^^^^^^^^^^^^^^^
  File "/home/runner/work/invenio-testrig/invenio-testrig/package-repo/.venv/lib/python3.12/site-packages/invenio_pidstore/resolver.py", line 75, in resolve
    return pid, self.object_getter(obj_id)
                ^^^^^^^^^^^^^^^^^^^^^^^^^^
  File "/home/runner/work/invenio-testrig/invenio-testrig/package-repo/.venv/lib/python3.12/site-packages/invenio_records/api.py", line 384, in get_record
    obj = query.one()
          ^^^^^^^^^^^
  File "/home/runner/work/invenio-testrig/invenio-testrig/package-repo/.venv/lib/python3.12/site-packages/sqlalchemy/orm/query.py", line 2808, in one
    return self._iter().one()  # type: ignore
           ^^^^^^^^^^^^^^^^^^
  File "/home/runner/work/invenio-testrig/invenio-testrig/package-repo/.venv/lib/python3.12/site-packages/sqlalchemy/engine/result.py", line 1815, in one
    return self._only_one_row(
           ^^^^^^^^^^^^^^^^^^^
  File "/home/runner/work/invenio-testrig/invenio-testrig/package-repo/.venv/lib/python3.12/site-packages/sqlalchemy/engine/result.py", line 760, in _only_one_row
    raise exc.NoResultFound(
sqlalchemy.exc.NoResultFound: No row was found when one was required

During handling of the above exception, another exception occurred:

Traceback (most recent call last):
  File "/home/runner/work/invenio-testrig/invenio-testrig/package-repo/.venv/lib/python3.12/site-packages/flask/app.py", line 917, in full_dispatch_request
    rv = self.dispatch_request()
         ^^^^^^^^^^^^^^^^^^^^^^^
  File "/home/runner/work/invenio-testrig/invenio-testrig/package-repo/.venv/lib/python3.12/site-packages/flask/app.py", line 902, in dispatch_request
    return self.ensure_sync(self.view_functions[rule.endpoint])(**view_args)  # type: ignore[no-any-return]
           ^^^^^^^^^^^^^^^^^^^^^^^^^^^^^^^^^^^^^^^^^^^^^^^^^^^^^^^^^^^^^^^^^
  File "/home/runner/work/invenio-testrig/invenio-testrig/package-repo/.venv/lib/python3.12/site-packages/flask_resources/resources.py", line 65, in view
    return view_meth()
           ^^^^^^^^^^^
  File "/home/runner/work/invenio-testrig/invenio-testrig/package-repo/.venv/lib/python3.12/site-packages/flask_resources/content_negotiation.py", line 116, in inner_content_negotiation
    return f(*args, **kwargs)
           ^^^^^^^^^^^^^^^^^^
  File "/home/runner/work/invenio-testrig/invenio-testrig/package-repo/.venv/lib/python3.12/site-packages/flask_resources/parsers/decorators.py", line 51, in inner
    return f(self, *args, **kwargs)
           ^^^^^^^^^^^^^^^^^^^^^^^^
  File "/home/runner/work/invenio-testrig/invenio-testrig/package-repo/.venv/lib/python3.12/site-packages/flask_resources/parsers/decorators.py", line 51, in inner
    return f(self, *args, **kwargs)
           ^^^^^^^^^^^^^^^^^^^^^^^^
  File "/home/runner/work/invenio-testrig/invenio-testrig/package-repo/.venv/lib/python3.12/site-packages/flask_resources/parsers/decorators.py", line 51, in inner
    return f(self, *args, **kwargs)
           ^^^^^^^^^^^^^^^^^^^^^^^^
  File "/home/runner/work/invenio-testrig/invenio-testrig/package-repo/.venv/lib/python3.12/site-packages/flask_resources/responses.py", line 39, in inner
    res = f(*args, **kwargs)
          ^^^^^^^^^^^^^^^^^^
  File "/home/runner/work/invenio-testrig/invenio-testrig/package-repo/.venv/lib/python3.12/site-packages/invenio_drafts_resources/resources/records/resource.py", line 211, in read_draft
    item = self.service.read_draft(
           ^^^^^^^^^^^^^^^^^^^^^^^^
  File "/home/runner/work/invenio-testrig/invenio-testrig/package-repo/.venv/lib/python3.12/site-packages/invenio_rdm_records/services/services.py", line 694, in read_draft
    result = super().read_draft(identity, id_, expand=expand)
             ^^^^^^^^^^^^^^^^^^^^^^^^^^^^^^^^^^^^^^^^^^^^^^^^
  File "/home/runner/work/invenio-testrig/invenio-testrig/package-repo/.venv/lib/python3.12/site-packages/invenio_drafts_resources/services/records/service.py", line 221, in read_draft
    raise DraftNotCreatedError(self.draft_cls.pid.field._pid_type, id_)
invenio_drafts_resources.resources.records.errors.DraftNotCreatedError
A resource error handler caught the following exception:
Traceback (most recent call last):
  File "/home/runner/work/invenio-testrig/invenio-testrig/package-repo/.venv/lib/python3.12/site-packages/invenio_drafts_resources/services/records/service.py", line 215, in read_draft
    draft = self.draft_cls.pid.resolve(id_, registered_only=False)
            ^^^^^^^^^^^^^^^^^^^^^^^^^^^^^^^^^^^^^^^^^^^^^^^^^^^^^^
  File "/home/runner/work/invenio-testrig/invenio-testrig/package-repo/.venv/lib/python3.12/site-packages/invenio_records_resources/records/systemfields/pid.py", line 77, in resolve
    pid, record = resolver.resolve(pid_value)
                  ^^^^^^^^^^^^^^^^^^^^^^^^^^^
  File "/home/runner/work/invenio-testrig/invenio-testrig/package-repo/.venv/lib/python3.12/site-packages/invenio_pidstore/resolver.py", line 75, in resolve
    return pid, self.object_getter(obj_id)
                ^^^^^^^^^^^^^^^^^^^^^^^^^^
  File "/home/runner/work/invenio-testrig/invenio-testrig/package-repo/.venv/lib/python3.12/site-packages/invenio_records/api.py", line 384, in get_record
    obj = query.one()
          ^^^^^^^^^^^
  File "/home/runner/work/invenio-testrig/invenio-testrig/package-repo/.venv/lib/python3.12/site-packages/sqlalchemy/orm/query.py", line 2808, in one
    return self._iter().one()  # type: ignore
           ^^^^^^^^^^^^^^^^^^
  File "/home/runner/work/invenio-testrig/invenio-testrig/package-repo/.venv/lib/python3.12/site-packages/sqlalchemy/engine/result.py", line 1815, in one
    return self._only_one_row(
           ^^^^^^^^^^^^^^^^^^^
  File "/home/runner/work/invenio-testrig/invenio-testrig/package-repo/.venv/lib/python3.12/site-packages/sqlalchemy/engine/result.py", line 760, in _only_one_row
    raise exc.NoResultFound(
sqlalchemy.exc.NoResultFound: No row was found when one was required

During handling of the above exception, another exception occurred:

Traceback (most recent call last):
  File "/home/runner/work/invenio-testrig/invenio-testrig/package-repo/.venv/lib/python3.12/site-packages/flask/app.py", line 917, in full_dispatch_request
    rv = self.dispatch_request()
         ^^^^^^^^^^^^^^^^^^^^^^^
  File "/home/runner/work/invenio-testrig/invenio-testrig/package-repo/.venv/lib/python3.12/site-packages/flask/app.py", line 902, in dispatch_request
    return self.ensure_sync(self.view_functions[rule.endpoint])(**view_args)  # type: ignore[no-any-return]
           ^^^^^^^^^^^^^^^^^^^^^^^^^^^^^^^^^^^^^^^^^^^^^^^^^^^^^^^^^^^^^^^^^
  File "/home/runner/work/invenio-testrig/invenio-testrig/package-repo/.venv/lib/python3.12/site-packages/flask_resources/resources.py", line 65, in view
    return view_meth()
           ^^^^^^^^^^^
  File "/home/runner/work/invenio-testrig/invenio-testrig/package-repo/.venv/lib/python3.12/site-packages/flask_resources/content_negotiation.py", line 116, in inner_content_negotiation
    return f(*args, **kwargs)
           ^^^^^^^^^^^^^^^^^^
  File "/home/runner/work/invenio-testrig/invenio-testrig/package-repo/.venv/lib/python3.12/site-packages/flask_resources/parsers/decorators.py", line 51, in inner
    return f(self, *args, **kwargs)
           ^^^^^^^^^^^^^^^^^^^^^^^^
  File "/home/runner/work/invenio-testrig/invenio-testrig/package-repo/.venv/lib/python3.12/site-packages/flask_resources/parsers/decorators.py", line 51, in inner
    return f(self, *args, **kwargs)
           ^^^^^^^^^^^^^^^^^^^^^^^^
  File "/home/runner/work/invenio-testrig/invenio-testrig/package-repo/.venv/lib/python3.12/site-packages/flask_resources/parsers/decorators.py", line 51, in inner
    return f(self, *args, **kwargs)
           ^^^^^^^^^^^^^^^^^^^^^^^^
  File "/home/runner/work/invenio-testrig/invenio-testrig/package-repo/.venv/lib/python3.12/site-packages/flask_resources/responses.py", line 39, in inner
    res = f(*args, **kwargs)
          ^^^^^^^^^^^^^^^^^^
  File "/home/runner/work/invenio-testrig/invenio-testrig/package-repo/.venv/lib/python3.12/site-packages/invenio_drafts_resources/resources/records/resource.py", line 211, in read_draft
    item = self.service.read_draft(
           ^^^^^^^^^^^^^^^^^^^^^^^^
  File "/home/runner/work/invenio-testrig/invenio-testrig/package-repo/.venv/lib/python3.12/site-packages/invenio_rdm_records/services/services.py", line 694, in read_draft
    result = super().read_draft(identity, id_, expand=expand)
             ^^^^^^^^^^^^^^^^^^^^^^^^^^^^^^^^^^^^^^^^^^^^^^^^
  File "/home/runner/work/invenio-testrig/invenio-testrig/package-repo/.venv/lib/python3.12/site-packages/invenio_drafts_resources/services/records/service.py", line 221, in read_draft
    raise DraftNotCreatedError(self.draft_cls.pid.field._pid_type, id_)
invenio_drafts_resources.resources.records.errors.DraftNotCreatedError
PASSED

tests/api/test_record_api.py::test_read_record_with_redirected_pid NotFoundError(404, 'index_not_found_exception', 'no such index [stats-record-view]', stats-record-view, index_or_alias)
[2025-12-11 07:45:38,900] WARNING in api: NotFoundError(404, 'index_not_found_exception', 'no such index [stats-record-view]', stats-record-view, index_or_alias)
NotFoundError(404, 'index_not_found_exception', 'no such index [stats-record-view]', stats-record-view, index_or_alias)
NotFoundError(404, 'index_not_found_exception', 'no such index [stats-file-download]', stats-file-download, index_or_alias)
[2025-12-11 07:45:38,902] WARNING in api: NotFoundError(404, 'index_not_found_exception', 'no such index [stats-file-download]', stats-file-download, index_or_alias)
NotFoundError(404, 'index_not_found_exception', 'no such index [stats-file-download]', stats-file-download, index_or_alias)
NotFoundError(404, 'index_not_found_exception', 'no such index [stats-record-view]', stats-record-view, index_or_alias)
[2025-12-11 07:45:39,333] WARNING in api: NotFoundError(404, 'index_not_found_exception', 'no such index [stats-record-view]', stats-record-view, index_or_alias)
NotFoundError(404, 'index_not_found_exception', 'no such index [stats-record-view]', stats-record-view, index_or_alias)
NotFoundError(404, 'index_not_found_exception', 'no such index [stats-file-download]', stats-file-download, index_or_alias)
[2025-12-11 07:45:39,335] WARNING in api: NotFoundError(404, 'index_not_found_exception', 'no such index [stats-file-download]', stats-file-download, index_or_alias)
NotFoundError(404, 'index_not_found_exception', 'no such index [stats-file-download]', stats-file-download, index_or_alias)
PASSED

tests/api/test_record_api.py::test_read_deleted_record SKIPPED
tests/api/test_record_api.py::test_record_search PASSED

tests/api/test_stats_api.py::ISORT PASSED
tests/api/test_stats_api.py::black PASSED
tests/api/test_stats_api.py::test_ui_event_emission Loading config for entry point invenio_app_rdm.config
[2025-12-11 07:45:45,107] DEBUG in entrypoint: Loading config for entry point invenio_app_rdm.config
Loading config for entry point invenio_app_rdm.config
Flask-DebugToolbar extension not installed.
[2025-12-11 07:45:46,139] DEBUG in ext: Flask-DebugToolbar extension not installed.
Flask-DebugToolbar extension not installed.
Flask-DebugToolbar extension not installed.
PASSED

tests/conftest.py::PYDOCSTYLE PASSED
tests/conftest.py::ISORT PASSED
tests/conftest.py::black PASSED
tests/fixtures/__init__.py::PYDOCSTYLE PASSED
tests/fixtures/__init__.py::ISORT PASSED
tests/fixtures/__init__.py::black PASSED
tests/fixtures/conftest.py::PYDOCSTYLE PASSED
tests/fixtures/conftest.py::ISORT PASSED
tests/fixtures/conftest.py::black PASSED
tests/fixtures/test_cli.py::ISORT PASSED
tests/fixtures/test_cli.py::black PASSED
tests/fixtures/test_cli.py::test_create_fixtures Loading config for entry point invenio_app_rdm.config
[2025-12-11 07:45:50,893] DEBUG in entrypoint: Loading config for entry point invenio_app_rdm.config
Loading config for entry point invenio_app_rdm.config
Loading config for entry point invenio_app_rdm.config
Flask-DebugToolbar extension not installed.
[2025-12-11 07:45:51,923] DEBUG in ext: Flask-DebugToolbar extension not installed.
Flask-DebugToolbar extension not installed.
Flask-DebugToolbar extension not installed.
Flask-DebugToolbar extension not installed.
PASSED

tests/fixtures/test_fixtures.py::ISORT PASSED
tests/fixtures/test_fixtures.py::black PASSED
tests/fixtures/test_fixtures.py::test_load_oai_sets Loading config for entry point invenio_app_rdm.config
[2025-12-11 07:45:55,659] DEBUG in entrypoint: Loading config for entry point invenio_app_rdm.config
Loading config for entry point invenio_app_rdm.config
Loading config for entry point invenio_app_rdm.config
Loading config for entry point invenio_app_rdm.config
Flask-DebugToolbar extension not installed.
[2025-12-11 07:45:56,688] DEBUG in ext: Flask-DebugToolbar extension not installed.
Flask-DebugToolbar extension not installed.
Flask-DebugToolbar extension not installed.
Flask-DebugToolbar extension not installed.
Flask-DebugToolbar extension not installed.
PASSED

tests/fixtures/test_fixtures.py::test_load_pages PASSED

tests/mock_module/__init__.py::PYDOCSTYLE PASSED
tests/mock_module/__init__.py::ISORT PASSED
tests/mock_module/__init__.py::black PASSED
tests/mock_module/views.py::PYDOCSTYLE PASSED
tests/mock_module/views.py::ISORT PASSED
tests/mock_module/views.py::black PASSED
tests/redirector/__init__.py::PYDOCSTYLE PASSED
tests/redirector/__init__.py::ISORT PASSED
tests/redirector/__init__.py::black PASSED
tests/redirector/conftest.py::PYDOCSTYLE PASSED
tests/redirector/conftest.py::ISORT PASSED
tests/redirector/conftest.py::black PASSED
tests/redirector/test_redirector.py::ISORT PASSED
tests/redirector/test_redirector.py::black PASSED
tests/redirector/test_redirector.py::test_redirector Loading config for entry point invenio_app_rdm.config
[2025-12-11 07:46:01,461] DEBUG in entrypoint: Loading config for entry point invenio_app_rdm.config
Loading config for entry point invenio_app_rdm.config
Loading config for entry point invenio_app_rdm.config
Loading config for entry point invenio_app_rdm.config
Loading config for entry point invenio_app_rdm.config
Flask-DebugToolbar extension not installed.
[2025-12-11 07:46:03,214] DEBUG in ext: Flask-DebugToolbar extension not installed.
Flask-DebugToolbar extension not installed.
Flask-DebugToolbar extension not installed.
Flask-DebugToolbar extension not installed.
Flask-DebugToolbar extension not installed.
Flask-DebugToolbar extension not installed.
Loading config for entry point invenio_app_rdm.config
[2025-12-11 07:46:03,977] DEBUG in entrypoint: Loading config for entry point invenio_app_rdm.config
Loading config for entry point invenio_app_rdm.config
Loading config for entry point invenio_app_rdm.config
Loading config for entry point invenio_app_rdm.config
Loading config for entry point invenio_app_rdm.config
Loading config for entry point invenio_app_rdm.config
Flask-DebugToolbar extension not installed.
[2025-12-11 07:46:05,029] DEBUG in ext: Flask-DebugToolbar extension not installed.
Flask-DebugToolbar extension not installed.
Flask-DebugToolbar extension not installed.
Flask-DebugToolbar extension not installed.
Flask-DebugToolbar extension not installed.
Flask-DebugToolbar extension not installed.
Flask-DebugToolbar extension not installed.
PASSED

tests/test_migrate_13_0_to_14_0.py::ISORT PASSED
tests/test_migrate_13_0_to_14_0.py::black PASSED
tests/test_migrate_13_0_to_14_0.py::TestMigration13To14::test_migration Loading config for entry point invenio_app_rdm.config
[2025-12-11 07:46:08,707] DEBUG in entrypoint: Loading config for entry point invenio_app_rdm.config
Loading config for entry point invenio_app_rdm.config
Loading config for entry point invenio_app_rdm.config
Loading config for entry point invenio_app_rdm.config
Loading config for entry point invenio_app_rdm.config
Loading config for entry point invenio_app_rdm.config
Loading config for entry point invenio_app_rdm.config
Flask-DebugToolbar extension not installed.
[2025-12-11 07:46:09,806] DEBUG in ext: Flask-DebugToolbar extension not installed.
Flask-DebugToolbar extension not installed.
Flask-DebugToolbar extension not installed.
Flask-DebugToolbar extension not installed.
Flask-DebugToolbar extension not installed.
Flask-DebugToolbar extension not installed.
Flask-DebugToolbar extension not installed.
Flask-DebugToolbar extension not installed.
Loading config for entry point invenio_app_rdm.config
[2025-12-11 07:46:10,888] DEBUG in entrypoint: Loading config for entry point invenio_app_rdm.config
Loading config for entry point invenio_app_rdm.config
Loading config for entry point invenio_app_rdm.config
Loading config for entry point invenio_app_rdm.config
Loading config for entry point invenio_app_rdm.config
Loading config for entry point invenio_app_rdm.config
Loading config for entry point invenio_app_rdm.config
Loading config for entry point invenio_app_rdm.config
Flask-DebugToolbar extension not installed.
[2025-12-11 07:46:11,913] DEBUG in ext: Flask-DebugToolbar extension not installed.
Flask-DebugToolbar extension not installed.
Flask-DebugToolbar extension not installed.
Flask-DebugToolbar extension not installed.
Flask-DebugToolbar extension not installed.
Flask-DebugToolbar extension not installed.
Flask-DebugToolbar extension not installed.
Flask-DebugToolbar extension not installed.
Flask-DebugToolbar extension not installed.
NotFoundError(404, 'index_not_found_exception', 'no such index [stats-record-view]', stats-record-view, index_or_alias)
[2025-12-11 07:46:15,047] WARNING in api: NotFoundError(404, 'index_not_found_exception', 'no such index [stats-record-view]', stats-record-view, index_or_alias)
NotFoundError(404, 'index_not_found_exception', 'no such index [stats-record-view]', stats-record-view, index_or_alias)
NotFoundError(404, 'index_not_found_exception', 'no such index [stats-record-view]', stats-record-view, index_or_alias)
NotFoundError(404, 'index_not_found_exception', 'no such index [stats-record-view]', stats-record-view, index_or_alias)
NotFoundError(404, 'index_not_found_exception', 'no such index [stats-record-view]', stats-record-view, index_or_alias)
NotFoundError(404, 'index_not_found_exception', 'no such index [stats-record-view]', stats-record-view, index_or_alias)
NotFoundError(404, 'index_not_found_exception', 'no such index [stats-record-view]', stats-record-view, index_or_alias)
NotFoundError(404, 'index_not_found_exception', 'no such index [stats-record-view]', stats-record-view, index_or_alias)
NotFoundError(404, 'index_not_found_exception', 'no such index [stats-record-view]', stats-record-view, index_or_alias)
NotFoundError(404, 'index_not_found_exception', 'no such index [stats-file-download]', stats-file-download, index_or_alias)
[2025-12-11 07:46:15,050] WARNING in api: NotFoundError(404, 'index_not_found_exception', 'no such index [stats-file-download]', stats-file-download, index_or_alias)
NotFoundError(404, 'index_not_found_exception', 'no such index [stats-file-download]', stats-file-download, index_or_alias)
NotFoundError(404, 'index_not_found_exception', 'no such index [stats-file-download]', stats-file-download, index_or_alias)
NotFoundError(404, 'index_not_found_exception', 'no such index [stats-file-download]', stats-file-download, index_or_alias)
NotFoundError(404, 'index_not_found_exception', 'no such index [stats-file-download]', stats-file-download, index_or_alias)
NotFoundError(404, 'index_not_found_exception', 'no such index [stats-file-download]', stats-file-download, index_or_alias)
NotFoundError(404, 'index_not_found_exception', 'no such index [stats-file-download]', stats-file-download, index_or_alias)
NotFoundError(404, 'index_not_found_exception', 'no such index [stats-file-download]', stats-file-download, index_or_alias)
NotFoundError(404, 'index_not_found_exception', 'no such index [stats-file-download]', stats-file-download, index_or_alias)
NotFoundError(404, 'index_not_found_exception', 'no such index [stats-record-view]', stats-record-view, index_or_alias)
[2025-12-11 07:46:15,362] WARNING in api: NotFoundError(404, 'index_not_found_exception', 'no such index [stats-record-view]', stats-record-view, index_or_alias)
NotFoundError(404, 'index_not_found_exception', 'no such index [stats-record-view]', stats-record-view, index_or_alias)
NotFoundError(404, 'index_not_found_exception', 'no such index [stats-record-view]', stats-record-view, index_or_alias)
NotFoundError(404, 'index_not_found_exception', 'no such index [stats-record-view]', stats-record-view, index_or_alias)
NotFoundError(404, 'index_not_found_exception', 'no such index [stats-record-view]', stats-record-view, index_or_alias)
NotFoundError(404, 'index_not_found_exception', 'no such index [stats-record-view]', stats-record-view, index_or_alias)
NotFoundError(404, 'index_not_found_exception', 'no such index [stats-record-view]', stats-record-view, index_or_alias)
NotFoundError(404, 'index_not_found_exception', 'no such index [stats-record-view]', stats-record-view, index_or_alias)
NotFoundError(404, 'index_not_found_exception', 'no such index [stats-record-view]', stats-record-view, index_or_alias)
NotFoundError(404, 'index_not_found_exception', 'no such index [stats-file-download]', stats-file-download, index_or_alias)
[2025-12-11 07:46:15,364] WARNING in api: NotFoundError(404, 'index_not_found_exception', 'no such index [stats-file-download]', stats-file-download, index_or_alias)
NotFoundError(404, 'index_not_found_exception', 'no such index [stats-file-download]', stats-file-download, index_or_alias)
NotFoundError(404, 'index_not_found_exception', 'no such index [stats-file-download]', stats-file-download, index_or_alias)
NotFoundError(404, 'index_not_found_exception', 'no such index [stats-file-download]', stats-file-download, index_or_alias)
NotFoundError(404, 'index_not_found_exception', 'no such index [stats-file-download]', stats-file-download, index_or_alias)
NotFoundError(404, 'index_not_found_exception', 'no such index [stats-file-download]', stats-file-download, index_or_alias)
NotFoundError(404, 'index_not_found_exception', 'no such index [stats-file-download]', stats-file-download, index_or_alias)
NotFoundError(404, 'index_not_found_exception', 'no such index [stats-file-download]', stats-file-download, index_or_alias)
NotFoundError(404, 'index_not_found_exception', 'no such index [stats-file-download]', stats-file-download, index_or_alias)
NotFoundError(404, 'index_not_found_exception', 'no such index [stats-record-view]', stats-record-view, index_or_alias)
[2025-12-11 07:46:15,494] WARNING in api: NotFoundError(404, 'index_not_found_exception', 'no such index [stats-record-view]', stats-record-view, index_or_alias)
NotFoundError(404, 'index_not_found_exception', 'no such index [stats-record-view]', stats-record-view, index_or_alias)
NotFoundError(404, 'index_not_found_exception', 'no such index [stats-record-view]', stats-record-view, index_or_alias)
NotFoundError(404, 'index_not_found_exception', 'no such index [stats-record-view]', stats-record-view, index_or_alias)
NotFoundError(404, 'index_not_found_exception', 'no such index [stats-record-view]', stats-record-view, index_or_alias)
NotFoundError(404, 'index_not_found_exception', 'no such index [stats-record-view]', stats-record-view, index_or_alias)
NotFoundError(404, 'index_not_found_exception', 'no such index [stats-record-view]', stats-record-view, index_or_alias)
NotFoundError(404, 'index_not_found_exception', 'no such index [stats-record-view]', stats-record-view, index_or_alias)
NotFoundError(404, 'index_not_found_exception', 'no such index [stats-record-view]', stats-record-view, index_or_alias)
NotFoundError(404, 'index_not_found_exception', 'no such index [stats-file-download]', stats-file-download, index_or_alias)
[2025-12-11 07:46:15,496] WARNING in api: NotFoundError(404, 'index_not_found_exception', 'no such index [stats-file-download]', stats-file-download, index_or_alias)
NotFoundError(404, 'index_not_found_exception', 'no such index [stats-file-download]', stats-file-download, index_or_alias)
NotFoundError(404, 'index_not_found_exception', 'no such index [stats-file-download]', stats-file-download, index_or_alias)
NotFoundError(404, 'index_not_found_exception', 'no such index [stats-file-download]', stats-file-download, index_or_alias)
NotFoundError(404, 'index_not_found_exception', 'no such index [stats-file-download]', stats-file-download, index_or_alias)
NotFoundError(404, 'index_not_found_exception', 'no such index [stats-file-download]', stats-file-download, index_or_alias)
NotFoundError(404, 'index_not_found_exception', 'no such index [stats-file-download]', stats-file-download, index_or_alias)
NotFoundError(404, 'index_not_found_exception', 'no such index [stats-file-download]', stats-file-download, index_or_alias)
NotFoundError(404, 'index_not_found_exception', 'no such index [stats-file-download]', stats-file-download, index_or_alias)
NotFoundError(404, 'index_not_found_exception', 'no such index [stats-record-view]', stats-record-view, index_or_alias)
[2025-12-11 07:46:15,875] WARNING in api: NotFoundError(404, 'index_not_found_exception', 'no such index [stats-record-view]', stats-record-view, index_or_alias)
NotFoundError(404, 'index_not_found_exception', 'no such index [stats-record-view]', stats-record-view, index_or_alias)
NotFoundError(404, 'index_not_found_exception', 'no such index [stats-record-view]', stats-record-view, index_or_alias)
NotFoundError(404, 'index_not_found_exception', 'no such index [stats-record-view]', stats-record-view, index_or_alias)
NotFoundError(404, 'index_not_found_exception', 'no such index [stats-record-view]', stats-record-view, index_or_alias)
NotFoundError(404, 'index_not_found_exception', 'no such index [stats-record-view]', stats-record-view, index_or_alias)
NotFoundError(404, 'index_not_found_exception', 'no such index [stats-record-view]', stats-record-view, index_or_alias)
NotFoundError(404, 'index_not_found_exception', 'no such index [stats-record-view]', stats-record-view, index_or_alias)
NotFoundError(404, 'index_not_found_exception', 'no such index [stats-record-view]', stats-record-view, index_or_alias)
NotFoundError(404, 'index_not_found_exception', 'no such index [stats-file-download]', stats-file-download, index_or_alias)
[2025-12-11 07:46:15,878] WARNING in api: NotFoundError(404, 'index_not_found_exception', 'no such index [stats-file-download]', stats-file-download, index_or_alias)
NotFoundError(404, 'index_not_found_exception', 'no such index [stats-file-download]', stats-file-download, index_or_alias)
NotFoundError(404, 'index_not_found_exception', 'no such index [stats-file-download]', stats-file-download, index_or_alias)
NotFoundError(404, 'index_not_found_exception', 'no such index [stats-file-download]', stats-file-download, index_or_alias)
NotFoundError(404, 'index_not_found_exception', 'no such index [stats-file-download]', stats-file-download, index_or_alias)
NotFoundError(404, 'index_not_found_exception', 'no such index [stats-file-download]', stats-file-download, index_or_alias)
NotFoundError(404, 'index_not_found_exception', 'no such index [stats-file-download]', stats-file-download, index_or_alias)
NotFoundError(404, 'index_not_found_exception', 'no such index [stats-file-download]', stats-file-download, index_or_alias)
NotFoundError(404, 'index_not_found_exception', 'no such index [stats-file-download]', stats-file-download, index_or_alias)
NotFoundError(404, 'index_not_found_exception', 'no such index [stats-record-view]', stats-record-view, index_or_alias)
[2025-12-11 07:46:16,018] WARNING in api: NotFoundError(404, 'index_not_found_exception', 'no such index [stats-record-view]', stats-record-view, index_or_alias)
NotFoundError(404, 'index_not_found_exception', 'no such index [stats-record-view]', stats-record-view, index_or_alias)
NotFoundError(404, 'index_not_found_exception', 'no such index [stats-record-view]', stats-record-view, index_or_alias)
NotFoundError(404, 'index_not_found_exception', 'no such index [stats-record-view]', stats-record-view, index_or_alias)
NotFoundError(404, 'index_not_found_exception', 'no such index [stats-record-view]', stats-record-view, index_or_alias)
NotFoundError(404, 'index_not_found_exception', 'no such index [stats-record-view]', stats-record-view, index_or_alias)
NotFoundError(404, 'index_not_found_exception', 'no such index [stats-record-view]', stats-record-view, index_or_alias)
NotFoundError(404, 'index_not_found_exception', 'no such index [stats-record-view]', stats-record-view, index_or_alias)
NotFoundError(404, 'index_not_found_exception', 'no such index [stats-record-view]', stats-record-view, index_or_alias)
NotFoundError(404, 'index_not_found_exception', 'no such index [stats-file-download]', stats-file-download, index_or_alias)
[2025-12-11 07:46:16,021] WARNING in api: NotFoundError(404, 'index_not_found_exception', 'no such index [stats-file-download]', stats-file-download, index_or_alias)
NotFoundError(404, 'index_not_found_exception', 'no such index [stats-file-download]', stats-file-download, index_or_alias)
NotFoundError(404, 'index_not_found_exception', 'no such index [stats-file-download]', stats-file-download, index_or_alias)
NotFoundError(404, 'index_not_found_exception', 'no such index [stats-file-download]', stats-file-download, index_or_alias)
NotFoundError(404, 'index_not_found_exception', 'no such index [stats-file-download]', stats-file-download, index_or_alias)
NotFoundError(404, 'index_not_found_exception', 'no such index [stats-file-download]', stats-file-download, index_or_alias)
NotFoundError(404, 'index_not_found_exception', 'no such index [stats-file-download]', stats-file-download, index_or_alias)
NotFoundError(404, 'index_not_found_exception', 'no such index [stats-file-download]', stats-file-download, index_or_alias)
NotFoundError(404, 'index_not_found_exception', 'no such index [stats-file-download]', stats-file-download, index_or_alias)
NotFoundError(404, 'index_not_found_exception', 'no such index [stats-record-view]', stats-record-view, index_or_alias)
[2025-12-11 07:46:16,254] WARNING in api: NotFoundError(404, 'index_not_found_exception', 'no such index [stats-record-view]', stats-record-view, index_or_alias)
NotFoundError(404, 'index_not_found_exception', 'no such index [stats-record-view]', stats-record-view, index_or_alias)
NotFoundError(404, 'index_not_found_exception', 'no such index [stats-record-view]', stats-record-view, index_or_alias)
NotFoundError(404, 'index_not_found_exception', 'no such index [stats-record-view]', stats-record-view, index_or_alias)
NotFoundError(404, 'index_not_found_exception', 'no such index [stats-record-view]', stats-record-view, index_or_alias)
NotFoundError(404, 'index_not_found_exception', 'no such index [stats-record-view]', stats-record-view, index_or_alias)
NotFoundError(404, 'index_not_found_exception', 'no such index [stats-record-view]', stats-record-view, index_or_alias)
NotFoundError(404, 'index_not_found_exception', 'no such index [stats-record-view]', stats-record-view, index_or_alias)
NotFoundError(404, 'index_not_found_exception', 'no such index [stats-record-view]', stats-record-view, index_or_alias)
NotFoundError(404, 'index_not_found_exception', 'no such index [stats-file-download]', stats-file-download, index_or_alias)
[2025-12-11 07:46:16,257] WARNING in api: NotFoundError(404, 'index_not_found_exception', 'no such index [stats-file-download]', stats-file-download, index_or_alias)
NotFoundError(404, 'index_not_found_exception', 'no such index [stats-file-download]', stats-file-download, index_or_alias)
NotFoundError(404, 'index_not_found_exception', 'no such index [stats-file-download]', stats-file-download, index_or_alias)
NotFoundError(404, 'index_not_found_exception', 'no such index [stats-file-download]', stats-file-download, index_or_alias)
NotFoundError(404, 'index_not_found_exception', 'no such index [stats-file-download]', stats-file-download, index_or_alias)
NotFoundError(404, 'index_not_found_exception', 'no such index [stats-file-download]', stats-file-download, index_or_alias)
NotFoundError(404, 'index_not_found_exception', 'no such index [stats-file-download]', stats-file-download, index_or_alias)
NotFoundError(404, 'index_not_found_exception', 'no such index [stats-file-download]', stats-file-download, index_or_alias)
NotFoundError(404, 'index_not_found_exception', 'no such index [stats-file-download]', stats-file-download, index_or_alias)
NotFoundError(404, 'index_not_found_exception', 'no such index [stats-record-view]', stats-record-view, index_or_alias)
[2025-12-11 07:46:16,281] WARNING in api: NotFoundError(404, 'index_not_found_exception', 'no such index [stats-record-view]', stats-record-view, index_or_alias)
NotFoundError(404, 'index_not_found_exception', 'no such index [stats-record-view]', stats-record-view, index_or_alias)
NotFoundError(404, 'index_not_found_exception', 'no such index [stats-record-view]', stats-record-view, index_or_alias)
NotFoundError(404, 'index_not_found_exception', 'no such index [stats-record-view]', stats-record-view, index_or_alias)
NotFoundError(404, 'index_not_found_exception', 'no such index [stats-record-view]', stats-record-view, index_or_alias)
NotFoundError(404, 'index_not_found_exception', 'no such index [stats-record-view]', stats-record-view, index_or_alias)
NotFoundError(404, 'index_not_found_exception', 'no such index [stats-record-view]', stats-record-view, index_or_alias)
NotFoundError(404, 'index_not_found_exception', 'no such index [stats-record-view]', stats-record-view, index_or_alias)
NotFoundError(404, 'index_not_found_exception', 'no such index [stats-record-view]', stats-record-view, index_or_alias)
NotFoundError(404, 'index_not_found_exception', 'no such index [stats-file-download]', stats-file-download, index_or_alias)
[2025-12-11 07:46:16,284] WARNING in api: NotFoundError(404, 'index_not_found_exception', 'no such index [stats-file-download]', stats-file-download, index_or_alias)
NotFoundError(404, 'index_not_found_exception', 'no such index [stats-file-download]', stats-file-download, index_or_alias)
NotFoundError(404, 'index_not_found_exception', 'no such index [stats-file-download]', stats-file-download, index_or_alias)
NotFoundError(404, 'index_not_found_exception', 'no such index [stats-file-download]', stats-file-download, index_or_alias)
NotFoundError(404, 'index_not_found_exception', 'no such index [stats-file-download]', stats-file-download, index_or_alias)
NotFoundError(404, 'index_not_found_exception', 'no such index [stats-file-download]', stats-file-download, index_or_alias)
NotFoundError(404, 'index_not_found_exception', 'no such index [stats-file-download]', stats-file-download, index_or_alias)
NotFoundError(404, 'index_not_found_exception', 'no such index [stats-file-download]', stats-file-download, index_or_alias)
NotFoundError(404, 'index_not_found_exception', 'no such index [stats-file-download]', stats-file-download, index_or_alias)
NotFoundError(404, 'index_not_found_exception', 'no such index [stats-record-view]', stats-record-view, index_or_alias)
[2025-12-11 07:46:16,406] WARNING in api: NotFoundError(404, 'index_not_found_exception', 'no such index [stats-record-view]', stats-record-view, index_or_alias)
NotFoundError(404, 'index_not_found_exception', 'no such index [stats-record-view]', stats-record-view, index_or_alias)
NotFoundError(404, 'index_not_found_exception', 'no such index [stats-record-view]', stats-record-view, index_or_alias)
NotFoundError(404, 'index_not_found_exception', 'no such index [stats-record-view]', stats-record-view, index_or_alias)
NotFoundError(404, 'index_not_found_exception', 'no such index [stats-record-view]', stats-record-view, index_or_alias)
NotFoundError(404, 'index_not_found_exception', 'no such index [stats-record-view]', stats-record-view, index_or_alias)
NotFoundError(404, 'index_not_found_exception', 'no such index [stats-record-view]', stats-record-view, index_or_alias)
NotFoundError(404, 'index_not_found_exception', 'no such index [stats-record-view]', stats-record-view, index_or_alias)
NotFoundError(404, 'index_not_found_exception', 'no such index [stats-record-view]', stats-record-view, index_or_alias)
NotFoundError(404, 'index_not_found_exception', 'no such index [stats-file-download]', stats-file-download, index_or_alias)
[2025-12-11 07:46:16,409] WARNING in api: NotFoundError(404, 'index_not_found_exception', 'no such index [stats-file-download]', stats-file-download, index_or_alias)
NotFoundError(404, 'index_not_found_exception', 'no such index [stats-file-download]', stats-file-download, index_or_alias)
NotFoundError(404, 'index_not_found_exception', 'no such index [stats-file-download]', stats-file-download, index_or_alias)
NotFoundError(404, 'index_not_found_exception', 'no such index [stats-file-download]', stats-file-download, index_or_alias)
NotFoundError(404, 'index_not_found_exception', 'no such index [stats-file-download]', stats-file-download, index_or_alias)
NotFoundError(404, 'index_not_found_exception', 'no such index [stats-file-download]', stats-file-download, index_or_alias)
NotFoundError(404, 'index_not_found_exception', 'no such index [stats-file-download]', stats-file-download, index_or_alias)
NotFoundError(404, 'index_not_found_exception', 'no such index [stats-file-download]', stats-file-download, index_or_alias)
NotFoundError(404, 'index_not_found_exception', 'no such index [stats-file-download]', stats-file-download, index_or_alias)
NotFoundError(404, 'index_not_found_exception', 'no such index [stats-record-view]', stats-record-view, index_or_alias)
[2025-12-11 07:46:16,972] WARNING in api: NotFoundError(404, 'index_not_found_exception', 'no such index [stats-record-view]', stats-record-view, index_or_alias)
NotFoundError(404, 'index_not_found_exception', 'no such index [stats-record-view]', stats-record-view, index_or_alias)
NotFoundError(404, 'index_not_found_exception', 'no such index [stats-record-view]', stats-record-view, index_or_alias)
NotFoundError(404, 'index_not_found_exception', 'no such index [stats-record-view]', stats-record-view, index_or_alias)
NotFoundError(404, 'index_not_found_exception', 'no such index [stats-record-view]', stats-record-view, index_or_alias)
NotFoundError(404, 'index_not_found_exception', 'no such index [stats-record-view]', stats-record-view, index_or_alias)
NotFoundError(404, 'index_not_found_exception', 'no such index [stats-record-view]', stats-record-view, index_or_alias)
NotFoundError(404, 'index_not_found_exception', 'no such index [stats-record-view]', stats-record-view, index_or_alias)
NotFoundError(404, 'index_not_found_exception', 'no such index [stats-record-view]', stats-record-view, index_or_alias)
NotFoundError(404, 'index_not_found_exception', 'no such index [stats-file-download]', stats-file-download, index_or_alias)
[2025-12-11 07:46:16,976] WARNING in api: NotFoundError(404, 'index_not_found_exception', 'no such index [stats-file-download]', stats-file-download, index_or_alias)
NotFoundError(404, 'index_not_found_exception', 'no such index [stats-file-download]', stats-file-download, index_or_alias)
NotFoundError(404, 'index_not_found_exception', 'no such index [stats-file-download]', stats-file-download, index_or_alias)
NotFoundError(404, 'index_not_found_exception', 'no such index [stats-file-download]', stats-file-download, index_or_alias)
NotFoundError(404, 'index_not_found_exception', 'no such index [stats-file-download]', stats-file-download, index_or_alias)
NotFoundError(404, 'index_not_found_exception', 'no such index [stats-file-download]', stats-file-download, index_or_alias)
NotFoundError(404, 'index_not_found_exception', 'no such index [stats-file-download]', stats-file-download, index_or_alias)
NotFoundError(404, 'index_not_found_exception', 'no such index [stats-file-download]', stats-file-download, index_or_alias)
NotFoundError(404, 'index_not_found_exception', 'no such index [stats-file-download]', stats-file-download, index_or_alias)
NotFoundError(404, 'index_not_found_exception', 'no such index [stats-record-view]', stats-record-view, index_or_alias)
[2025-12-11 07:46:17,687] WARNING in api: NotFoundError(404, 'index_not_found_exception', 'no such index [stats-record-view]', stats-record-view, index_or_alias)
NotFoundError(404, 'index_not_found_exception', 'no such index [stats-record-view]', stats-record-view, index_or_alias)
NotFoundError(404, 'index_not_found_exception', 'no such index [stats-record-view]', stats-record-view, index_or_alias)
NotFoundError(404, 'index_not_found_exception', 'no such index [stats-record-view]', stats-record-view, index_or_alias)
NotFoundError(404, 'index_not_found_exception', 'no such index [stats-record-view]', stats-record-view, index_or_alias)
NotFoundError(404, 'index_not_found_exception', 'no such index [stats-record-view]', stats-record-view, index_or_alias)
NotFoundError(404, 'index_not_found_exception', 'no such index [stats-record-view]', stats-record-view, index_or_alias)
NotFoundError(404, 'index_not_found_exception', 'no such index [stats-record-view]', stats-record-view, index_or_alias)
NotFoundError(404, 'index_not_found_exception', 'no such index [stats-record-view]', stats-record-view, index_or_alias)
NotFoundError(404, 'index_not_found_exception', 'no such index [stats-file-download]', stats-file-download, index_or_alias)
[2025-12-11 07:46:17,690] WARNING in api: NotFoundError(404, 'index_not_found_exception', 'no such index [stats-file-download]', stats-file-download, index_or_alias)
NotFoundError(404, 'index_not_found_exception', 'no such index [stats-file-download]', stats-file-download, index_or_alias)
NotFoundError(404, 'index_not_found_exception', 'no such index [stats-file-download]', stats-file-download, index_or_alias)
NotFoundError(404, 'index_not_found_exception', 'no such index [stats-file-download]', stats-file-download, index_or_alias)
NotFoundError(404, 'index_not_found_exception', 'no such index [stats-file-download]', stats-file-download, index_or_alias)
NotFoundError(404, 'index_not_found_exception', 'no such index [stats-file-download]', stats-file-download, index_or_alias)
NotFoundError(404, 'index_not_found_exception', 'no such index [stats-file-download]', stats-file-download, index_or_alias)
NotFoundError(404, 'index_not_found_exception', 'no such index [stats-file-download]', stats-file-download, index_or_alias)
NotFoundError(404, 'index_not_found_exception', 'no such index [stats-file-download]', stats-file-download, index_or_alias)
NotFoundError(404, 'index_not_found_exception', 'no such index [stats-record-view]', stats-record-view, index_or_alias)
[2025-12-11 07:46:18,347] WARNING in api: NotFoundError(404, 'index_not_found_exception', 'no such index [stats-record-view]', stats-record-view, index_or_alias)
NotFoundError(404, 'index_not_found_exception', 'no such index [stats-record-view]', stats-record-view, index_or_alias)
NotFoundError(404, 'index_not_found_exception', 'no such index [stats-record-view]', stats-record-view, index_or_alias)
NotFoundError(404, 'index_not_found_exception', 'no such index [stats-record-view]', stats-record-view, index_or_alias)
NotFoundError(404, 'index_not_found_exception', 'no such index [stats-record-view]', stats-record-view, index_or_alias)
NotFoundError(404, 'index_not_found_exception', 'no such index [stats-record-view]', stats-record-view, index_or_alias)
NotFoundError(404, 'index_not_found_exception', 'no such index [stats-record-view]', stats-record-view, index_or_alias)
NotFoundError(404, 'index_not_found_exception', 'no such index [stats-record-view]', stats-record-view, index_or_alias)
NotFoundError(404, 'index_not_found_exception', 'no such index [stats-record-view]', stats-record-view, index_or_alias)
NotFoundError(404, 'index_not_found_exception', 'no such index [stats-file-download]', stats-file-download, index_or_alias)
[2025-12-11 07:46:18,349] WARNING in api: NotFoundError(404, 'index_not_found_exception', 'no such index [stats-file-download]', stats-file-download, index_or_alias)
NotFoundError(404, 'index_not_found_exception', 'no such index [stats-file-download]', stats-file-download, index_or_alias)
NotFoundError(404, 'index_not_found_exception', 'no such index [stats-file-download]', stats-file-download, index_or_alias)
NotFoundError(404, 'index_not_found_exception', 'no such index [stats-file-download]', stats-file-download, index_or_alias)
NotFoundError(404, 'index_not_found_exception', 'no such index [stats-file-download]', stats-file-download, index_or_alias)
NotFoundError(404, 'index_not_found_exception', 'no such index [stats-file-download]', stats-file-download, index_or_alias)
NotFoundError(404, 'index_not_found_exception', 'no such index [stats-file-download]', stats-file-download, index_or_alias)
NotFoundError(404, 'index_not_found_exception', 'no such index [stats-file-download]', stats-file-download, index_or_alias)
NotFoundError(404, 'index_not_found_exception', 'no such index [stats-file-download]', stats-file-download, index_or_alias)
Starting data migration...
Resource type update has started.
Updating resource type for record 9ptvg-58z87
NotFoundError(404, 'index_not_found_exception', 'no such index [stats-record-view]', stats-record-view, index_or_alias)
[2025-12-11 07:46:18,632] WARNING in api: NotFoundError(404, 'index_not_found_exception', 'no such index [stats-record-view]', stats-record-view, index_or_alias)
NotFoundError(404, 'index_not_found_exception', 'no such index [stats-record-view]', stats-record-view, index_or_alias)
NotFoundError(404, 'index_not_found_exception', 'no such index [stats-record-view]', stats-record-view, index_or_alias)
NotFoundError(404, 'index_not_found_exception', 'no such index [stats-record-view]', stats-record-view, index_or_alias)
NotFoundError(404, 'index_not_found_exception', 'no such index [stats-record-view]', stats-record-view, index_or_alias)
NotFoundError(404, 'index_not_found_exception', 'no such index [stats-record-view]', stats-record-view, index_or_alias)
NotFoundError(404, 'index_not_found_exception', 'no such index [stats-record-view]', stats-record-view, index_or_alias)
NotFoundError(404, 'index_not_found_exception', 'no such index [stats-record-view]', stats-record-view, index_or_alias)
NotFoundError(404, 'index_not_found_exception', 'no such index [stats-record-view]', stats-record-view, index_or_alias)
NotFoundError(404, 'index_not_found_exception', 'no such index [stats-file-download]', stats-file-download, index_or_alias)
[2025-12-11 07:46:18,634] WARNING in api: NotFoundError(404, 'index_not_found_exception', 'no such index [stats-file-download]', stats-file-download, index_or_alias)
NotFoundError(404, 'index_not_found_exception', 'no such index [stats-file-download]', stats-file-download, index_or_alias)
NotFoundError(404, 'index_not_found_exception', 'no such index [stats-file-download]', stats-file-download, index_or_alias)
NotFoundError(404, 'index_not_found_exception', 'no such index [stats-file-download]', stats-file-download, index_or_alias)
NotFoundError(404, 'index_not_found_exception', 'no such index [stats-file-download]', stats-file-download, index_or_alias)
NotFoundError(404, 'index_not_found_exception', 'no such index [stats-file-download]', stats-file-download, index_or_alias)
NotFoundError(404, 'index_not_found_exception', 'no such index [stats-file-download]', stats-file-download, index_or_alias)
NotFoundError(404, 'index_not_found_exception', 'no such index [stats-file-download]', stats-file-download, index_or_alias)
NotFoundError(404, 'index_not_found_exception', 'no such index [stats-file-download]', stats-file-download, index_or_alias)
NotFoundError(404, 'index_not_found_exception', 'no such index [stats-record-view]', stats-record-view, index_or_alias)
[2025-12-11 07:46:18,916] WARNING in api: NotFoundError(404, 'index_not_found_exception', 'no such index [stats-record-view]', stats-record-view, index_or_alias)
NotFoundError(404, 'index_not_found_exception', 'no such index [stats-record-view]', stats-record-view, index_or_alias)
NotFoundError(404, 'index_not_found_exception', 'no such index [stats-record-view]', stats-record-view, index_or_alias)
NotFoundError(404, 'index_not_found_exception', 'no such index [stats-record-view]', stats-record-view, index_or_alias)
NotFoundError(404, 'index_not_found_exception', 'no such index [stats-record-view]', stats-record-view, index_or_alias)
NotFoundError(404, 'index_not_found_exception', 'no such index [stats-record-view]', stats-record-view, index_or_alias)
NotFoundError(404, 'index_not_found_exception', 'no such index [stats-record-view]', stats-record-view, index_or_alias)
NotFoundError(404, 'index_not_found_exception', 'no such index [stats-record-view]', stats-record-view, index_or_alias)
NotFoundError(404, 'index_not_found_exception', 'no such index [stats-record-view]', stats-record-view, index_or_alias)
NotFoundError(404, 'index_not_found_exception', 'no such index [stats-file-download]', stats-file-download, index_or_alias)
[2025-12-11 07:46:18,918] WARNING in api: NotFoundError(404, 'index_not_found_exception', 'no such index [stats-file-download]', stats-file-download, index_or_alias)
NotFoundError(404, 'index_not_found_exception', 'no such index [stats-file-download]', stats-file-download, index_or_alias)
NotFoundError(404, 'index_not_found_exception', 'no such index [stats-file-download]', stats-file-download, index_or_alias)
NotFoundError(404, 'index_not_found_exception', 'no such index [stats-file-download]', stats-file-download, index_or_alias)
NotFoundError(404, 'index_not_found_exception', 'no such index [stats-file-download]', stats-file-download, index_or_alias)
NotFoundError(404, 'index_not_found_exception', 'no such index [stats-file-download]', stats-file-download, index_or_alias)
NotFoundError(404, 'index_not_found_exception', 'no such index [stats-file-download]', stats-file-download, index_or_alias)
NotFoundError(404, 'index_not_found_exception', 'no such index [stats-file-download]', stats-file-download, index_or_alias)
NotFoundError(404, 'index_not_found_exception', 'no such index [stats-file-download]', stats-file-download, index_or_alias)
NotFoundError(404, 'index_not_found_exception', 'no such index [stats-record-view]', stats-record-view, index_or_alias)
[2025-12-11 07:46:18,940] WARNING in api: NotFoundError(404, 'index_not_found_exception', 'no such index [stats-record-view]', stats-record-view, index_or_alias)
NotFoundError(404, 'index_not_found_exception', 'no such index [stats-record-view]', stats-record-view, index_or_alias)
NotFoundError(404, 'index_not_found_exception', 'no such index [stats-record-view]', stats-record-view, index_or_alias)
NotFoundError(404, 'index_not_found_exception', 'no such index [stats-record-view]', stats-record-view, index_or_alias)
NotFoundError(404, 'index_not_found_exception', 'no such index [stats-record-view]', stats-record-view, index_or_alias)
NotFoundError(404, 'index_not_found_exception', 'no such index [stats-record-view]', stats-record-view, index_or_alias)
NotFoundError(404, 'index_not_found_exception', 'no such index [stats-record-view]', stats-record-view, index_or_alias)
NotFoundError(404, 'index_not_found_exception', 'no such index [stats-record-view]', stats-record-view, index_or_alias)
NotFoundError(404, 'index_not_found_exception', 'no such index [stats-record-view]', stats-record-view, index_or_alias)
NotFoundError(404, 'index_not_found_exception', 'no such index [stats-file-download]', stats-file-download, index_or_alias)
[2025-12-11 07:46:18,942] WARNING in api: NotFoundError(404, 'index_not_found_exception', 'no such index [stats-file-download]', stats-file-download, index_or_alias)
NotFoundError(404, 'index_not_found_exception', 'no such index [stats-file-download]', stats-file-download, index_or_alias)
NotFoundError(404, 'index_not_found_exception', 'no such index [stats-file-download]', stats-file-download, index_or_alias)
NotFoundError(404, 'index_not_found_exception', 'no such index [stats-file-download]', stats-file-download, index_or_alias)
NotFoundError(404, 'index_not_found_exception', 'no such index [stats-file-download]', stats-file-download, index_or_alias)
NotFoundError(404, 'index_not_found_exception', 'no such index [stats-file-download]', stats-file-download, index_or_alias)
NotFoundError(404, 'index_not_found_exception', 'no such index [stats-file-download]', stats-file-download, index_or_alias)
NotFoundError(404, 'index_not_found_exception', 'no such index [stats-file-download]', stats-file-download, index_or_alias)
NotFoundError(404, 'index_not_found_exception', 'no such index [stats-file-download]', stats-file-download, index_or_alias)
Record <9ptvg-58z87> has been updated successfully.
Updating resource type for record yzaza-9rq50
Record <yzaza-9rq50> has an existing draft <yzaza-9rq50>! Updating record via low-level API.
Record <yzaza-9rq50> has been updated... committing changes.
NotFoundError(404, 'index_not_found_exception', 'no such index [stats-record-view]', stats-record-view, index_or_alias)
[2025-12-11 07:46:19,101] WARNING in api: NotFoundError(404, 'index_not_found_exception', 'no such index [stats-record-view]', stats-record-view, index_or_alias)
NotFoundError(404, 'index_not_found_exception', 'no such index [stats-record-view]', stats-record-view, index_or_alias)
NotFoundError(404, 'index_not_found_exception', 'no such index [stats-record-view]', stats-record-view, index_or_alias)
NotFoundError(404, 'index_not_found_exception', 'no such index [stats-record-view]', stats-record-view, index_or_alias)
NotFoundError(404, 'index_not_found_exception', 'no such index [stats-record-view]', stats-record-view, index_or_alias)
NotFoundError(404, 'index_not_found_exception', 'no such index [stats-record-view]', stats-record-view, index_or_alias)
NotFoundError(404, 'index_not_found_exception', 'no such index [stats-record-view]', stats-record-view, index_or_alias)
NotFoundError(404, 'index_not_found_exception', 'no such index [stats-record-view]', stats-record-view, index_or_alias)
NotFoundError(404, 'index_not_found_exception', 'no such index [stats-record-view]', stats-record-view, index_or_alias)
NotFoundError(404, 'index_not_found_exception', 'no such index [stats-file-download]', stats-file-download, index_or_alias)
[2025-12-11 07:46:19,104] WARNING in api: NotFoundError(404, 'index_not_found_exception', 'no such index [stats-file-download]', stats-file-download, index_or_alias)
NotFoundError(404, 'index_not_found_exception', 'no such index [stats-file-download]', stats-file-download, index_or_alias)
NotFoundError(404, 'index_not_found_exception', 'no such index [stats-file-download]', stats-file-download, index_or_alias)
NotFoundError(404, 'index_not_found_exception', 'no such index [stats-file-download]', stats-file-download, index_or_alias)
NotFoundError(404, 'index_not_found_exception', 'no such index [stats-file-download]', stats-file-download, index_or_alias)
NotFoundError(404, 'index_not_found_exception', 'no such index [stats-file-download]', stats-file-download, index_or_alias)
NotFoundError(404, 'index_not_found_exception', 'no such index [stats-file-download]', stats-file-download, index_or_alias)
NotFoundError(404, 'index_not_found_exception', 'no such index [stats-file-download]', stats-file-download, index_or_alias)
NotFoundError(404, 'index_not_found_exception', 'no such index [stats-file-download]', stats-file-download, index_or_alias)
Draft <yzaza-9rq50> has been updated successfully.
Record <yzaza-9rq50> has been updated successfully.
Updating resource type for record y646e-deg93
NotFoundError(404, 'index_not_found_exception', 'no such index [stats-record-view]', stats-record-view, index_or_alias)
[2025-12-11 07:46:19,271] WARNING in api: NotFoundError(404, 'index_not_found_exception', 'no such index [stats-record-view]', stats-record-view, index_or_alias)
NotFoundError(404, 'index_not_found_exception', 'no such index [stats-record-view]', stats-record-view, index_or_alias)
NotFoundError(404, 'index_not_found_exception', 'no such index [stats-record-view]', stats-record-view, index_or_alias)
NotFoundError(404, 'index_not_found_exception', 'no such index [stats-record-view]', stats-record-view, index_or_alias)
NotFoundError(404, 'index_not_found_exception', 'no such index [stats-record-view]', stats-record-view, index_or_alias)
NotFoundError(404, 'index_not_found_exception', 'no such index [stats-record-view]', stats-record-view, index_or_alias)
NotFoundError(404, 'index_not_found_exception', 'no such index [stats-record-view]', stats-record-view, index_or_alias)
NotFoundError(404, 'index_not_found_exception', 'no such index [stats-record-view]', stats-record-view, index_or_alias)
NotFoundError(404, 'index_not_found_exception', 'no such index [stats-record-view]', stats-record-view, index_or_alias)
NotFoundError(404, 'index_not_found_exception', 'no such index [stats-file-download]', stats-file-download, index_or_alias)
[2025-12-11 07:46:19,273] WARNING in api: NotFoundError(404, 'index_not_found_exception', 'no such index [stats-file-download]', stats-file-download, index_or_alias)
NotFoundError(404, 'index_not_found_exception', 'no such index [stats-file-download]', stats-file-download, index_or_alias)
NotFoundError(404, 'index_not_found_exception', 'no such index [stats-file-download]', stats-file-download, index_or_alias)
NotFoundError(404, 'index_not_found_exception', 'no such index [stats-file-download]', stats-file-download, index_or_alias)
NotFoundError(404, 'index_not_found_exception', 'no such index [stats-file-download]', stats-file-download, index_or_alias)
NotFoundError(404, 'index_not_found_exception', 'no such index [stats-file-download]', stats-file-download, index_or_alias)
NotFoundError(404, 'index_not_found_exception', 'no such index [stats-file-download]', stats-file-download, index_or_alias)
NotFoundError(404, 'index_not_found_exception', 'no such index [stats-file-download]', stats-file-download, index_or_alias)
NotFoundError(404, 'index_not_found_exception', 'no such index [stats-file-download]', stats-file-download, index_or_alias)
NotFoundError(404, 'index_not_found_exception', 'no such index [stats-record-view]', stats-record-view, index_or_alias)
[2025-12-11 07:46:19,546] WARNING in api: NotFoundError(404, 'index_not_found_exception', 'no such index [stats-record-view]', stats-record-view, index_or_alias)
NotFoundError(404, 'index_not_found_exception', 'no such index [stats-record-view]', stats-record-view, index_or_alias)
NotFoundError(404, 'index_not_found_exception', 'no such index [stats-record-view]', stats-record-view, index_or_alias)
NotFoundError(404, 'index_not_found_exception', 'no such index [stats-record-view]', stats-record-view, index_or_alias)
NotFoundError(404, 'index_not_found_exception', 'no such index [stats-record-view]', stats-record-view, index_or_alias)
NotFoundError(404, 'index_not_found_exception', 'no such index [stats-record-view]', stats-record-view, index_or_alias)
NotFoundError(404, 'index_not_found_exception', 'no such index [stats-record-view]', stats-record-view, index_or_alias)
NotFoundError(404, 'index_not_found_exception', 'no such index [stats-record-view]', stats-record-view, index_or_alias)
NotFoundError(404, 'index_not_found_exception', 'no such index [stats-record-view]', stats-record-view, index_or_alias)
NotFoundError(404, 'index_not_found_exception', 'no such index [stats-file-download]', stats-file-download, index_or_alias)
[2025-12-11 07:46:19,549] WARNING in api: NotFoundError(404, 'index_not_found_exception', 'no such index [stats-file-download]', stats-file-download, index_or_alias)
NotFoundError(404, 'index_not_found_exception', 'no such index [stats-file-download]', stats-file-download, index_or_alias)
NotFoundError(404, 'index_not_found_exception', 'no such index [stats-file-download]', stats-file-download, index_or_alias)
NotFoundError(404, 'index_not_found_exception', 'no such index [stats-file-download]', stats-file-download, index_or_alias)
NotFoundError(404, 'index_not_found_exception', 'no such index [stats-file-download]', stats-file-download, index_or_alias)
NotFoundError(404, 'index_not_found_exception', 'no such index [stats-file-download]', stats-file-download, index_or_alias)
NotFoundError(404, 'index_not_found_exception', 'no such index [stats-file-download]', stats-file-download, index_or_alias)
NotFoundError(404, 'index_not_found_exception', 'no such index [stats-file-download]', stats-file-download, index_or_alias)
NotFoundError(404, 'index_not_found_exception', 'no such index [stats-file-download]', stats-file-download, index_or_alias)
NotFoundError(404, 'index_not_found_exception', 'no such index [stats-record-view]', stats-record-view, index_or_alias)
[2025-12-11 07:46:19,568] WARNING in api: NotFoundError(404, 'index_not_found_exception', 'no such index [stats-record-view]', stats-record-view, index_or_alias)
NotFoundError(404, 'index_not_found_exception', 'no such index [stats-record-view]', stats-record-view, index_or_alias)
NotFoundError(404, 'index_not_found_exception', 'no such index [stats-record-view]', stats-record-view, index_or_alias)
NotFoundError(404, 'index_not_found_exception', 'no such index [stats-record-view]', stats-record-view, index_or_alias)
NotFoundError(404, 'index_not_found_exception', 'no such index [stats-record-view]', stats-record-view, index_or_alias)
NotFoundError(404, 'index_not_found_exception', 'no such index [stats-record-view]', stats-record-view, index_or_alias)
NotFoundError(404, 'index_not_found_exception', 'no such index [stats-record-view]', stats-record-view, index_or_alias)
NotFoundError(404, 'index_not_found_exception', 'no such index [stats-record-view]', stats-record-view, index_or_alias)
NotFoundError(404, 'index_not_found_exception', 'no such index [stats-record-view]', stats-record-view, index_or_alias)
NotFoundError(404, 'index_not_found_exception', 'no such index [stats-file-download]', stats-file-download, index_or_alias)
[2025-12-11 07:46:19,571] WARNING in api: NotFoundError(404, 'index_not_found_exception', 'no such index [stats-file-download]', stats-file-download, index_or_alias)
NotFoundError(404, 'index_not_found_exception', 'no such index [stats-file-download]', stats-file-download, index_or_alias)
NotFoundError(404, 'index_not_found_exception', 'no such index [stats-file-download]', stats-file-download, index_or_alias)
NotFoundError(404, 'index_not_found_exception', 'no such index [stats-file-download]', stats-file-download, index_or_alias)
NotFoundError(404, 'index_not_found_exception', 'no such index [stats-file-download]', stats-file-download, index_or_alias)
NotFoundError(404, 'index_not_found_exception', 'no such index [stats-file-download]', stats-file-download, index_or_alias)
NotFoundError(404, 'index_not_found_exception', 'no such index [stats-file-download]', stats-file-download, index_or_alias)
NotFoundError(404, 'index_not_found_exception', 'no such index [stats-file-download]', stats-file-download, index_or_alias)
NotFoundError(404, 'index_not_found_exception', 'no such index [stats-file-download]', stats-file-download, index_or_alias)
Record <y646e-deg93> has been updated successfully.
Updating resource type for record 6tk05-ae574
Record <6tk05-ae574> has an existing draft <6tk05-ae574>! Updating record via low-level API.
Record <6tk05-ae574> has been updated... committing changes.
NotFoundError(404, 'index_not_found_exception', 'no such index [stats-record-view]', stats-record-view, index_or_alias)
[2025-12-11 07:46:19,756] WARNING in api: NotFoundError(404, 'index_not_found_exception', 'no such index [stats-record-view]', stats-record-view, index_or_alias)
NotFoundError(404, 'index_not_found_exception', 'no such index [stats-record-view]', stats-record-view, index_or_alias)
NotFoundError(404, 'index_not_found_exception', 'no such index [stats-record-view]', stats-record-view, index_or_alias)
NotFoundError(404, 'index_not_found_exception', 'no such index [stats-record-view]', stats-record-view, index_or_alias)
NotFoundError(404, 'index_not_found_exception', 'no such index [stats-record-view]', stats-record-view, index_or_alias)
NotFoundError(404, 'index_not_found_exception', 'no such index [stats-record-view]', stats-record-view, index_or_alias)
NotFoundError(404, 'index_not_found_exception', 'no such index [stats-record-view]', stats-record-view, index_or_alias)
NotFoundError(404, 'index_not_found_exception', 'no such index [stats-record-view]', stats-record-view, index_or_alias)
NotFoundError(404, 'index_not_found_exception', 'no such index [stats-record-view]', stats-record-view, index_or_alias)
NotFoundError(404, 'index_not_found_exception', 'no such index [stats-file-download]', stats-file-download, index_or_alias)
[2025-12-11 07:46:19,759] WARNING in api: NotFoundError(404, 'index_not_found_exception', 'no such index [stats-file-download]', stats-file-download, index_or_alias)
NotFoundError(404, 'index_not_found_exception', 'no such index [stats-file-download]', stats-file-download, index_or_alias)
NotFoundError(404, 'index_not_found_exception', 'no such index [stats-file-download]', stats-file-download, index_or_alias)
NotFoundError(404, 'index_not_found_exception', 'no such index [stats-file-download]', stats-file-download, index_or_alias)
NotFoundError(404, 'index_not_found_exception', 'no such index [stats-file-download]', stats-file-download, index_or_alias)
NotFoundError(404, 'index_not_found_exception', 'no such index [stats-file-download]', stats-file-download, index_or_alias)
NotFoundError(404, 'index_not_found_exception', 'no such index [stats-file-download]', stats-file-download, index_or_alias)
NotFoundError(404, 'index_not_found_exception', 'no such index [stats-file-download]', stats-file-download, index_or_alias)
NotFoundError(404, 'index_not_found_exception', 'no such index [stats-file-download]', stats-file-download, index_or_alias)
Draft <6tk05-ae574> has been updated successfully.
Record <6tk05-ae574> has been updated successfully.
Updating resource type for record 9fgda-xw462
NotFoundError(404, 'index_not_found_exception', 'no such index [stats-record-view]', stats-record-view, index_or_alias)
[2025-12-11 07:46:19,934] WARNING in api: NotFoundError(404, 'index_not_found_exception', 'no such index [stats-record-view]', stats-record-view, index_or_alias)
NotFoundError(404, 'index_not_found_exception', 'no such index [stats-record-view]', stats-record-view, index_or_alias)
NotFoundError(404, 'index_not_found_exception', 'no such index [stats-record-view]', stats-record-view, index_or_alias)
NotFoundError(404, 'index_not_found_exception', 'no such index [stats-record-view]', stats-record-view, index_or_alias)
NotFoundError(404, 'index_not_found_exception', 'no such index [stats-record-view]', stats-record-view, index_or_alias)
NotFoundError(404, 'index_not_found_exception', 'no such index [stats-record-view]', stats-record-view, index_or_alias)
NotFoundError(404, 'index_not_found_exception', 'no such index [stats-record-view]', stats-record-view, index_or_alias)
NotFoundError(404, 'index_not_found_exception', 'no such index [stats-record-view]', stats-record-view, index_or_alias)
NotFoundError(404, 'index_not_found_exception', 'no such index [stats-record-view]', stats-record-view, index_or_alias)
NotFoundError(404, 'index_not_found_exception', 'no such index [stats-file-download]', stats-file-download, index_or_alias)
[2025-12-11 07:46:19,936] WARNING in api: NotFoundError(404, 'index_not_found_exception', 'no such index [stats-file-download]', stats-file-download, index_or_alias)
NotFoundError(404, 'index_not_found_exception', 'no such index [stats-file-download]', stats-file-download, index_or_alias)
NotFoundError(404, 'index_not_found_exception', 'no such index [stats-file-download]', stats-file-download, index_or_alias)
NotFoundError(404, 'index_not_found_exception', 'no such index [stats-file-download]', stats-file-download, index_or_alias)
NotFoundError(404, 'index_not_found_exception', 'no such index [stats-file-download]', stats-file-download, index_or_alias)
NotFoundError(404, 'index_not_found_exception', 'no such index [stats-file-download]', stats-file-download, index_or_alias)
NotFoundError(404, 'index_not_found_exception', 'no such index [stats-file-download]', stats-file-download, index_or_alias)
NotFoundError(404, 'index_not_found_exception', 'no such index [stats-file-download]', stats-file-download, index_or_alias)
NotFoundError(404, 'index_not_found_exception', 'no such index [stats-file-download]', stats-file-download, index_or_alias)
NotFoundError(404, 'index_not_found_exception', 'no such index [stats-record-view]', stats-record-view, index_or_alias)
[2025-12-11 07:46:20,233] WARNING in api: NotFoundError(404, 'index_not_found_exception', 'no such index [stats-record-view]', stats-record-view, index_or_alias)
NotFoundError(404, 'index_not_found_exception', 'no such index [stats-record-view]', stats-record-view, index_or_alias)
NotFoundError(404, 'index_not_found_exception', 'no such index [stats-record-view]', stats-record-view, index_or_alias)
NotFoundError(404, 'index_not_found_exception', 'no such index [stats-record-view]', stats-record-view, index_or_alias)
NotFoundError(404, 'index_not_found_exception', 'no such index [stats-record-view]', stats-record-view, index_or_alias)
NotFoundError(404, 'index_not_found_exception', 'no such index [stats-record-view]', stats-record-view, index_or_alias)
NotFoundError(404, 'index_not_found_exception', 'no such index [stats-record-view]', stats-record-view, index_or_alias)
NotFoundError(404, 'index_not_found_exception', 'no such index [stats-record-view]', stats-record-view, index_or_alias)
NotFoundError(404, 'index_not_found_exception', 'no such index [stats-record-view]', stats-record-view, index_or_alias)
NotFoundError(404, 'index_not_found_exception', 'no such index [stats-file-download]', stats-file-download, index_or_alias)
[2025-12-11 07:46:20,235] WARNING in api: NotFoundError(404, 'index_not_found_exception', 'no such index [stats-file-download]', stats-file-download, index_or_alias)
NotFoundError(404, 'index_not_found_exception', 'no such index [stats-file-download]', stats-file-download, index_or_alias)
NotFoundError(404, 'index_not_found_exception', 'no such index [stats-file-download]', stats-file-download, index_or_alias)
NotFoundError(404, 'index_not_found_exception', 'no such index [stats-file-download]', stats-file-download, index_or_alias)
NotFoundError(404, 'index_not_found_exception', 'no such index [stats-file-download]', stats-file-download, index_or_alias)
NotFoundError(404, 'index_not_found_exception', 'no such index [stats-file-download]', stats-file-download, index_or_alias)
NotFoundError(404, 'index_not_found_exception', 'no such index [stats-file-download]', stats-file-download, index_or_alias)
NotFoundError(404, 'index_not_found_exception', 'no such index [stats-file-download]', stats-file-download, index_or_alias)
NotFoundError(404, 'index_not_found_exception', 'no such index [stats-file-download]', stats-file-download, index_or_alias)
NotFoundError(404, 'index_not_found_exception', 'no such index [stats-record-view]', stats-record-view, index_or_alias)
[2025-12-11 07:46:20,260] WARNING in api: NotFoundError(404, 'index_not_found_exception', 'no such index [stats-record-view]', stats-record-view, index_or_alias)
NotFoundError(404, 'index_not_found_exception', 'no such index [stats-record-view]', stats-record-view, index_or_alias)
NotFoundError(404, 'index_not_found_exception', 'no such index [stats-record-view]', stats-record-view, index_or_alias)
NotFoundError(404, 'index_not_found_exception', 'no such index [stats-record-view]', stats-record-view, index_or_alias)
NotFoundError(404, 'index_not_found_exception', 'no such index [stats-record-view]', stats-record-view, index_or_alias)
NotFoundError(404, 'index_not_found_exception', 'no such index [stats-record-view]', stats-record-view, index_or_alias)
NotFoundError(404, 'index_not_found_exception', 'no such index [stats-record-view]', stats-record-view, index_or_alias)
NotFoundError(404, 'index_not_found_exception', 'no such index [stats-record-view]', stats-record-view, index_or_alias)
NotFoundError(404, 'index_not_found_exception', 'no such index [stats-record-view]', stats-record-view, index_or_alias)
NotFoundError(404, 'index_not_found_exception', 'no such index [stats-file-download]', stats-file-download, index_or_alias)
[2025-12-11 07:46:20,263] WARNING in api: NotFoundError(404, 'index_not_found_exception', 'no such index [stats-file-download]', stats-file-download, index_or_alias)
NotFoundError(404, 'index_not_found_exception', 'no such index [stats-file-download]', stats-file-download, index_or_alias)
NotFoundError(404, 'index_not_found_exception', 'no such index [stats-file-download]', stats-file-download, index_or_alias)
NotFoundError(404, 'index_not_found_exception', 'no such index [stats-file-download]', stats-file-download, index_or_alias)
NotFoundError(404, 'index_not_found_exception', 'no such index [stats-file-download]', stats-file-download, index_or_alias)
NotFoundError(404, 'index_not_found_exception', 'no such index [stats-file-download]', stats-file-download, index_or_alias)
NotFoundError(404, 'index_not_found_exception', 'no such index [stats-file-download]', stats-file-download, index_or_alias)
NotFoundError(404, 'index_not_found_exception', 'no such index [stats-file-download]', stats-file-download, index_or_alias)
NotFoundError(404, 'index_not_found_exception', 'no such index [stats-file-download]', stats-file-download, index_or_alias)
Record <9fgda-xw462> has been updated successfully.
Updating resource type for draft vj73n-7n671
Draft <vj73n-7n671> has been updated successfully.
Updating resource type for draft 9fgda-xw462
NotFoundError(404, 'index_not_found_exception', 'no such index [stats-record-view]', stats-record-view, index_or_alias)
[2025-12-11 07:46:20,528] WARNING in api: NotFoundError(404, 'index_not_found_exception', 'no such index [stats-record-view]', stats-record-view, index_or_alias)
NotFoundError(404, 'index_not_found_exception', 'no such index [stats-record-view]', stats-record-view, index_or_alias)
NotFoundError(404, 'index_not_found_exception', 'no such index [stats-record-view]', stats-record-view, index_or_alias)
NotFoundError(404, 'index_not_found_exception', 'no such index [stats-record-view]', stats-record-view, index_or_alias)
NotFoundError(404, 'index_not_found_exception', 'no such index [stats-record-view]', stats-record-view, index_or_alias)
NotFoundError(404, 'index_not_found_exception', 'no such index [stats-record-view]', stats-record-view, index_or_alias)
NotFoundError(404, 'index_not_found_exception', 'no such index [stats-record-view]', stats-record-view, index_or_alias)
NotFoundError(404, 'index_not_found_exception', 'no such index [stats-record-view]', stats-record-view, index_or_alias)
NotFoundError(404, 'index_not_found_exception', 'no such index [stats-record-view]', stats-record-view, index_or_alias)
NotFoundError(404, 'index_not_found_exception', 'no such index [stats-file-download]', stats-file-download, index_or_alias)
[2025-12-11 07:46:20,530] WARNING in api: NotFoundError(404, 'index_not_found_exception', 'no such index [stats-file-download]', stats-file-download, index_or_alias)
NotFoundError(404, 'index_not_found_exception', 'no such index [stats-file-download]', stats-file-download, index_or_alias)
NotFoundError(404, 'index_not_found_exception', 'no such index [stats-file-download]', stats-file-download, index_or_alias)
NotFoundError(404, 'index_not_found_exception', 'no such index [stats-file-download]', stats-file-download, index_or_alias)
NotFoundError(404, 'index_not_found_exception', 'no such index [stats-file-download]', stats-file-download, index_or_alias)
NotFoundError(404, 'index_not_found_exception', 'no such index [stats-file-download]', stats-file-download, index_or_alias)
NotFoundError(404, 'index_not_found_exception', 'no such index [stats-file-download]', stats-file-download, index_or_alias)
NotFoundError(404, 'index_not_found_exception', 'no such index [stats-file-download]', stats-file-download, index_or_alias)
NotFoundError(404, 'index_not_found_exception', 'no such index [stats-file-download]', stats-file-download, index_or_alias)
Skipping draft <9fgda-xw462> because it doesn't have resource-type 'publication-thesis'!
Errored record IDs:
Errored draft IDs:
Resource type update has finished.
PASSED

tests/test_tasks.py::ISORT PASSED
tests/test_tasks.py::black PASSED
tests/test_tasks.py::test_task_file_integrity_report Loading config for entry point invenio_app_rdm.config
[2025-12-11 07:46:21,748] DEBUG in entrypoint: Loading config for entry point invenio_app_rdm.config
Loading config for entry point invenio_app_rdm.config
Loading config for entry point invenio_app_rdm.config
Loading config for entry point invenio_app_rdm.config
Loading config for entry point invenio_app_rdm.config
Loading config for entry point invenio_app_rdm.config
Loading config for entry point invenio_app_rdm.config
Loading config for entry point invenio_app_rdm.config
Loading config for entry point invenio_app_rdm.config
Flask-DebugToolbar extension not installed.
[2025-12-11 07:46:22,868] DEBUG in ext: Flask-DebugToolbar extension not installed.
Flask-DebugToolbar extension not installed.
Flask-DebugToolbar extension not installed.
Flask-DebugToolbar extension not installed.
Flask-DebugToolbar extension not installed.
Flask-DebugToolbar extension not installed.
Flask-DebugToolbar extension not installed.
Flask-DebugToolbar extension not installed.
Flask-DebugToolbar extension not installed.
Flask-DebugToolbar extension not installed.
Loading config for entry point invenio_app_rdm.config
[2025-12-11 07:46:23,629] DEBUG in entrypoint: Loading config for entry point invenio_app_rdm.config
Loading config for entry point invenio_app_rdm.config
Loading config for entry point invenio_app_rdm.config
Loading config for entry point invenio_app_rdm.config
Loading config for entry point invenio_app_rdm.config
Loading config for entry point invenio_app_rdm.config
Loading config for entry point invenio_app_rdm.config
Loading config for entry point invenio_app_rdm.config
Loading config for entry point invenio_app_rdm.config
Loading config for entry point invenio_app_rdm.config
Flask-DebugToolbar extension not installed.
[2025-12-11 07:46:24,675] DEBUG in ext: Flask-DebugToolbar extension not installed.
Flask-DebugToolbar extension not installed.
Flask-DebugToolbar extension not installed.
Flask-DebugToolbar extension not installed.
Flask-DebugToolbar extension not installed.
Flask-DebugToolbar extension not installed.
Flask-DebugToolbar extension not installed.
Flask-DebugToolbar extension not installed.
Flask-DebugToolbar extension not installed.
Flask-DebugToolbar extension not installed.
Flask-DebugToolbar extension not installed.
NotFoundError(404, 'index_not_found_exception', 'no such index [stats-record-view]', stats-record-view, index_or_alias)
[2025-12-11 07:46:28,295] WARNING in api: NotFoundError(404, 'index_not_found_exception', 'no such index [stats-record-view]', stats-record-view, index_or_alias)
NotFoundError(404, 'index_not_found_exception', 'no such index [stats-record-view]', stats-record-view, index_or_alias)
NotFoundError(404, 'index_not_found_exception', 'no such index [stats-record-view]', stats-record-view, index_or_alias)
NotFoundError(404, 'index_not_found_exception', 'no such index [stats-record-view]', stats-record-view, index_or_alias)
NotFoundError(404, 'index_not_found_exception', 'no such index [stats-record-view]', stats-record-view, index_or_alias)
NotFoundError(404, 'index_not_found_exception', 'no such index [stats-record-view]', stats-record-view, index_or_alias)
NotFoundError(404, 'index_not_found_exception', 'no such index [stats-record-view]', stats-record-view, index_or_alias)
NotFoundError(404, 'index_not_found_exception', 'no such index [stats-record-view]', stats-record-view, index_or_alias)
NotFoundError(404, 'index_not_found_exception', 'no such index [stats-record-view]', stats-record-view, index_or_alias)
NotFoundError(404, 'index_not_found_exception', 'no such index [stats-record-view]', stats-record-view, index_or_alias)
NotFoundError(404, 'index_not_found_exception', 'no such index [stats-record-view]', stats-record-view, index_or_alias)
NotFoundError(404, 'index_not_found_exception', 'no such index [stats-file-download]', stats-file-download, index_or_alias)
[2025-12-11 07:46:28,298] WARNING in api: NotFoundError(404, 'index_not_found_exception', 'no such index [stats-file-download]', stats-file-download, index_or_alias)
NotFoundError(404, 'index_not_found_exception', 'no such index [stats-file-download]', stats-file-download, index_or_alias)
NotFoundError(404, 'index_not_found_exception', 'no such index [stats-file-download]', stats-file-download, index_or_alias)
NotFoundError(404, 'index_not_found_exception', 'no such index [stats-file-download]', stats-file-download, index_or_alias)
NotFoundError(404, 'index_not_found_exception', 'no such index [stats-file-download]', stats-file-download, index_or_alias)
NotFoundError(404, 'index_not_found_exception', 'no such index [stats-file-download]', stats-file-download, index_or_alias)
NotFoundError(404, 'index_not_found_exception', 'no such index [stats-file-download]', stats-file-download, index_or_alias)
NotFoundError(404, 'index_not_found_exception', 'no such index [stats-file-download]', stats-file-download, index_or_alias)
NotFoundError(404, 'index_not_found_exception', 'no such index [stats-file-download]', stats-file-download, index_or_alias)
NotFoundError(404, 'index_not_found_exception', 'no such index [stats-file-download]', stats-file-download, index_or_alias)
NotFoundError(404, 'index_not_found_exception', 'no such index [stats-file-download]', stats-file-download, index_or_alias)
Content-Type: text/plain; charset="utf-8"
MIME-Version: 1.0
Content-Transfer-Encoding: 7bit
Subject: Files integrity report [2025-12-11 07:46:28]
From: test@invenio.org
To: test@invenio.org
Date: Thu, 11 Dec 2025 07:46:28 +0000
Message-ID: <176543918840.3919.8993403598894174925@runnervmoqczp.ul30arpzjjae5mt5wo1entlhwg.ex.internal.cloudapp.net>

ID: dbd6bb3a-0829-4564-9df5-b67cd14e2c71
URI: /tmp/tmpaddjlmd_/db/d6/bb3a-0829-4564-9df5-b67cd14e2c71/data
Name: article.txt
Created: 2025-12-11 07:46:28.019129
Checksum: invalid:invalid-checksum
Last check: 2025-12-11 07:46:28.065728
Record: https://127.0.0.1:5000/records/zy6kc-60z47
--------------------------------------------------------------------------------

PASSED

tests/test_tasks.py::test_integrity_report_invalid_template NotFoundError(404, 'index_not_found_exception', 'no such index [stats-record-view]', stats-record-view, index_or_alias)
[2025-12-11 07:46:28,850] WARNING in api: NotFoundError(404, 'index_not_found_exception', 'no such index [stats-record-view]', stats-record-view, index_or_alias)
NotFoundError(404, 'index_not_found_exception', 'no such index [stats-record-view]', stats-record-view, index_or_alias)
NotFoundError(404, 'index_not_found_exception', 'no such index [stats-record-view]', stats-record-view, index_or_alias)
NotFoundError(404, 'index_not_found_exception', 'no such index [stats-record-view]', stats-record-view, index_or_alias)
NotFoundError(404, 'index_not_found_exception', 'no such index [stats-record-view]', stats-record-view, index_or_alias)
NotFoundError(404, 'index_not_found_exception', 'no such index [stats-record-view]', stats-record-view, index_or_alias)
NotFoundError(404, 'index_not_found_exception', 'no such index [stats-record-view]', stats-record-view, index_or_alias)
NotFoundError(404, 'index_not_found_exception', 'no such index [stats-record-view]', stats-record-view, index_or_alias)
NotFoundError(404, 'index_not_found_exception', 'no such index [stats-record-view]', stats-record-view, index_or_alias)
NotFoundError(404, 'index_not_found_exception', 'no such index [stats-record-view]', stats-record-view, index_or_alias)
NotFoundError(404, 'index_not_found_exception', 'no such index [stats-record-view]', stats-record-view, index_or_alias)
NotFoundError(404, 'index_not_found_exception', 'no such index [stats-file-download]', stats-file-download, index_or_alias)
[2025-12-11 07:46:28,852] WARNING in api: NotFoundError(404, 'index_not_found_exception', 'no such index [stats-file-download]', stats-file-download, index_or_alias)
NotFoundError(404, 'index_not_found_exception', 'no such index [stats-file-download]', stats-file-download, index_or_alias)
NotFoundError(404, 'index_not_found_exception', 'no such index [stats-file-download]', stats-file-download, index_or_alias)
NotFoundError(404, 'index_not_found_exception', 'no such index [stats-file-download]', stats-file-download, index_or_alias)
NotFoundError(404, 'index_not_found_exception', 'no such index [stats-file-download]', stats-file-download, index_or_alias)
NotFoundError(404, 'index_not_found_exception', 'no such index [stats-file-download]', stats-file-download, index_or_alias)
NotFoundError(404, 'index_not_found_exception', 'no such index [stats-file-download]', stats-file-download, index_or_alias)
NotFoundError(404, 'index_not_found_exception', 'no such index [stats-file-download]', stats-file-download, index_or_alias)
NotFoundError(404, 'index_not_found_exception', 'no such index [stats-file-download]', stats-file-download, index_or_alias)
NotFoundError(404, 'index_not_found_exception', 'no such index [stats-file-download]', stats-file-download, index_or_alias)
NotFoundError(404, 'index_not_found_exception', 'no such index [stats-file-download]', stats-file-download, index_or_alias)
Integrity report not sent. Error: Tried to select from an empty list of templates.
[2025-12-11 07:46:28,898] ERROR in files: Integrity report not sent. Error: Tried to select from an empty list of templates.
Integrity report not sent. Error: Tried to select from an empty list of templates.
Integrity report not sent. Error: Tried to select from an empty list of templates.
Integrity report not sent. Error: Tried to select from an empty list of templates.
Integrity report not sent. Error: Tried to select from an empty list of templates.
Integrity report not sent. Error: Tried to select from an empty list of templates.
Integrity report not sent. Error: Tried to select from an empty list of templates.
Integrity report not sent. Error: Tried to select from an empty list of templates.
Integrity report not sent. Error: Tried to select from an empty list of templates.
Integrity report not sent. Error: Tried to select from an empty list of templates.
Integrity report not sent. Error: Tried to select from an empty list of templates.
PASSED

tests/test_tasks.py::test_integrity_report_invalid_addresses NotFoundError(404, 'index_not_found_exception', 'no such index [stats-record-view]', stats-record-view, index_or_alias)
[2025-12-11 07:46:29,321] WARNING in api: NotFoundError(404, 'index_not_found_exception', 'no such index [stats-record-view]', stats-record-view, index_or_alias)
NotFoundError(404, 'index_not_found_exception', 'no such index [stats-record-view]', stats-record-view, index_or_alias)
NotFoundError(404, 'index_not_found_exception', 'no such index [stats-record-view]', stats-record-view, index_or_alias)
NotFoundError(404, 'index_not_found_exception', 'no such index [stats-record-view]', stats-record-view, index_or_alias)
NotFoundError(404, 'index_not_found_exception', 'no such index [stats-record-view]', stats-record-view, index_or_alias)
NotFoundError(404, 'index_not_found_exception', 'no such index [stats-record-view]', stats-record-view, index_or_alias)
NotFoundError(404, 'index_not_found_exception', 'no such index [stats-record-view]', stats-record-view, index_or_alias)
NotFoundError(404, 'index_not_found_exception', 'no such index [stats-record-view]', stats-record-view, index_or_alias)
NotFoundError(404, 'index_not_found_exception', 'no such index [stats-record-view]', stats-record-view, index_or_alias)
NotFoundError(404, 'index_not_found_exception', 'no such index [stats-record-view]', stats-record-view, index_or_alias)
NotFoundError(404, 'index_not_found_exception', 'no such index [stats-record-view]', stats-record-view, index_or_alias)
NotFoundError(404, 'index_not_found_exception', 'no such index [stats-file-download]', stats-file-download, index_or_alias)
[2025-12-11 07:46:29,323] WARNING in api: NotFoundError(404, 'index_not_found_exception', 'no such index [stats-file-download]', stats-file-download, index_or_alias)
NotFoundError(404, 'index_not_found_exception', 'no such index [stats-file-download]', stats-file-download, index_or_alias)
NotFoundError(404, 'index_not_found_exception', 'no such index [stats-file-download]', stats-file-download, index_or_alias)
NotFoundError(404, 'index_not_found_exception', 'no such index [stats-file-download]', stats-file-download, index_or_alias)
NotFoundError(404, 'index_not_found_exception', 'no such index [stats-file-download]', stats-file-download, index_or_alias)
NotFoundError(404, 'index_not_found_exception', 'no such index [stats-file-download]', stats-file-download, index_or_alias)
NotFoundError(404, 'index_not_found_exception', 'no such index [stats-file-download]', stats-file-download, index_or_alias)
NotFoundError(404, 'index_not_found_exception', 'no such index [stats-file-download]', stats-file-download, index_or_alias)
NotFoundError(404, 'index_not_found_exception', 'no such index [stats-file-download]', stats-file-download, index_or_alias)
NotFoundError(404, 'index_not_found_exception', 'no such index [stats-file-download]', stats-file-download, index_or_alias)
NotFoundError(404, 'index_not_found_exception', 'no such index [stats-file-download]', stats-file-download, index_or_alias)
Integrity report not sent. Error: cannot unpack non-iterable NoneType object
[2025-12-11 07:46:29,365] ERROR in files: Integrity report not sent. Error: cannot unpack non-iterable NoneType object
Integrity report not sent. Error: cannot unpack non-iterable NoneType object
Integrity report not sent. Error: cannot unpack non-iterable NoneType object
Integrity report not sent. Error: cannot unpack non-iterable NoneType object
Integrity report not sent. Error: cannot unpack non-iterable NoneType object
Integrity report not sent. Error: cannot unpack non-iterable NoneType object
Integrity report not sent. Error: cannot unpack non-iterable NoneType object
Integrity report not sent. Error: cannot unpack non-iterable NoneType object
Integrity report not sent. Error: cannot unpack non-iterable NoneType object
Integrity report not sent. Error: cannot unpack non-iterable NoneType object
Integrity report not sent. Error: cannot unpack non-iterable NoneType object
PASSED

tests/test_tasks.py::test_integrity_report_default_template Content-Type: text/plain; charset="utf-8"
MIME-Version: 1.0
Content-Transfer-Encoding: 7bit
Subject: Files integrity report [2025-12-11 07:46:29]
From: test@invenio.org
To: test@invenio.org
Date: Thu, 11 Dec 2025 07:46:29 +0000
Message-ID: <176543918962.3919.4016101867276990682@runnervmoqczp.ul30arpzjjae5mt5wo1entlhwg.ex.internal.cloudapp.net>

The following files were flagged as 'unhealthy'. This means that the checksum check failed or timed out. Please take any action if needed.

ID: cd991569-7f25-4afb-a4fb-45183145f4c3
URI: /tmp/tmpaddjlmd_/cd/99/1569-7f25-4afb-a4fb-45183145f4c3/data
Name: article.txt
Created: 2025-12-11 07:46:29.557576
Checksum: invalid:invalid-checksum
Last check date: 2025-12-11 07:46:29.597893
Last check FAILED with result: False
Draft: https://127.0.0.1:5000/uploads/1crcp-2qt68
--------------------------------------------------------------------------------

PASSED

tests/test_utils.py::ISORT PASSED
tests/test_utils.py::black PASSED
tests/test_utils.py::test_set_default_value__value PASSED
tests/test_utils.py::test_set_default_value__callable PASSED
tests/test_utils.py::test_set_default_value__no_path_prefix PASSED
tests/test_utils.py::test_set_default_value__explicit_and_automatic_prefix PASSED
tests/test_version.py::ISORT PASSED
tests/test_version.py::black PASSED
tests/test_version.py::test_version PASSED
tests/test_views.py::ISORT PASSED
tests/test_views.py::black PASSED
tests/test_views.py::test_add_static_page_routes PASSED
tests/ui/__init__.py::PYDOCSTYLE PASSED
tests/ui/__init__.py::ISORT PASSED
tests/ui/__init__.py::black PASSED
tests/ui/conftest.py::PYDOCSTYLE PASSED
tests/ui/conftest.py::ISORT PASSED
tests/ui/conftest.py::black PASSED
tests/ui/test_deposits.py::ISORT PASSED
tests/ui/test_deposits.py::black PASSED
tests/ui/test_deposits.py::test_resource_types Loading config for entry point invenio_app_rdm.config
[2025-12-11 07:46:31,474] DEBUG in entrypoint: Loading config for entry point invenio_app_rdm.config
Loading config for entry point invenio_app_rdm.config
Loading config for entry point invenio_app_rdm.config
Loading config for entry point invenio_app_rdm.config
Loading config for entry point invenio_app_rdm.config
Loading config for entry point invenio_app_rdm.config
Loading config for entry point invenio_app_rdm.config
Loading config for entry point invenio_app_rdm.config
Loading config for entry point invenio_app_rdm.config
Loading config for entry point invenio_app_rdm.config
Loading config for entry point invenio_app_rdm.config
Flask-DebugToolbar extension not installed.
[2025-12-11 07:46:32,933] DEBUG in ext: Flask-DebugToolbar extension not installed.
Flask-DebugToolbar extension not installed.
Flask-DebugToolbar extension not installed.
Flask-DebugToolbar extension not installed.
Flask-DebugToolbar extension not installed.
Flask-DebugToolbar extension not installed.
Flask-DebugToolbar extension not installed.
Flask-DebugToolbar extension not installed.
Flask-DebugToolbar extension not installed.
Flask-DebugToolbar extension not installed.
Flask-DebugToolbar extension not installed.
Flask-DebugToolbar extension not installed.
PASSED

tests/ui/test_deposits.py::test_dump_subjects_vocabulary PASSED

tests/ui/test_export_formats.py::ISORT PASSED
tests/ui/test_export_formats.py::black PASSED
tests/ui/test_export_formats.py::test_export_formats Loading config for entry point invenio_app_rdm.config
[2025-12-11 07:46:37,060] DEBUG in entrypoint: Loading config for entry point invenio_app_rdm.config
Loading config for entry point invenio_app_rdm.config
Loading config for entry point invenio_app_rdm.config
Loading config for entry point invenio_app_rdm.config
Loading config for entry point invenio_app_rdm.config
Loading config for entry point invenio_app_rdm.config
Loading config for entry point invenio_app_rdm.config
Loading config for entry point invenio_app_rdm.config
Loading config for entry point invenio_app_rdm.config
Loading config for entry point invenio_app_rdm.config
Loading config for entry point invenio_app_rdm.config
Loading config for entry point invenio_app_rdm.config
Flask-DebugToolbar extension not installed.
[2025-12-11 07:46:38,167] DEBUG in ext: Flask-DebugToolbar extension not installed.
Flask-DebugToolbar extension not installed.
Flask-DebugToolbar extension not installed.
Flask-DebugToolbar extension not installed.
Flask-DebugToolbar extension not installed.
Flask-DebugToolbar extension not installed.
Flask-DebugToolbar extension not installed.
Flask-DebugToolbar extension not installed.
Flask-DebugToolbar extension not installed.
Flask-DebugToolbar extension not installed.
Flask-DebugToolbar extension not installed.
Flask-DebugToolbar extension not installed.
Flask-DebugToolbar extension not installed.
NotFoundError(404, 'index_not_found_exception', 'no such index [stats-record-view]', stats-record-view, index_or_alias)
[2025-12-11 07:46:41,596] WARNING in api: NotFoundError(404, 'index_not_found_exception', 'no such index [stats-record-view]', stats-record-view, index_or_alias)
NotFoundError(404, 'index_not_found_exception', 'no such index [stats-record-view]', stats-record-view, index_or_alias)
NotFoundError(404, 'index_not_found_exception', 'no such index [stats-record-view]', stats-record-view, index_or_alias)
NotFoundError(404, 'index_not_found_exception', 'no such index [stats-record-view]', stats-record-view, index_or_alias)
NotFoundError(404, 'index_not_found_exception', 'no such index [stats-record-view]', stats-record-view, index_or_alias)
NotFoundError(404, 'index_not_found_exception', 'no such index [stats-record-view]', stats-record-view, index_or_alias)
NotFoundError(404, 'index_not_found_exception', 'no such index [stats-record-view]', stats-record-view, index_or_alias)
NotFoundError(404, 'index_not_found_exception', 'no such index [stats-record-view]', stats-record-view, index_or_alias)
NotFoundError(404, 'index_not_found_exception', 'no such index [stats-record-view]', stats-record-view, index_or_alias)
NotFoundError(404, 'index_not_found_exception', 'no such index [stats-record-view]', stats-record-view, index_or_alias)
NotFoundError(404, 'index_not_found_exception', 'no such index [stats-record-view]', stats-record-view, index_or_alias)
NotFoundError(404, 'index_not_found_exception', 'no such index [stats-record-view]', stats-record-view, index_or_alias)
NotFoundError(404, 'index_not_found_exception', 'no such index [stats-record-view]', stats-record-view, index_or_alias)
NotFoundError(404, 'index_not_found_exception', 'no such index [stats-file-download]', stats-file-download, index_or_alias)
[2025-12-11 07:46:41,599] WARNING in api: NotFoundError(404, 'index_not_found_exception', 'no such index [stats-file-download]', stats-file-download, index_or_alias)
NotFoundError(404, 'index_not_found_exception', 'no such index [stats-file-download]', stats-file-download, index_or_alias)
NotFoundError(404, 'index_not_found_exception', 'no such index [stats-file-download]', stats-file-download, index_or_alias)
NotFoundError(404, 'index_not_found_exception', 'no such index [stats-file-download]', stats-file-download, index_or_alias)
NotFoundError(404, 'index_not_found_exception', 'no such index [stats-file-download]', stats-file-download, index_or_alias)
NotFoundError(404, 'index_not_found_exception', 'no such index [stats-file-download]', stats-file-download, index_or_alias)
NotFoundError(404, 'index_not_found_exception', 'no such index [stats-file-download]', stats-file-download, index_or_alias)
NotFoundError(404, 'index_not_found_exception', 'no such index [stats-file-download]', stats-file-download, index_or_alias)
NotFoundError(404, 'index_not_found_exception', 'no such index [stats-file-download]', stats-file-download, index_or_alias)
NotFoundError(404, 'index_not_found_exception', 'no such index [stats-file-download]', stats-file-download, index_or_alias)
NotFoundError(404, 'index_not_found_exception', 'no such index [stats-file-download]', stats-file-download, index_or_alias)
NotFoundError(404, 'index_not_found_exception', 'no such index [stats-file-download]', stats-file-download, index_or_alias)
NotFoundError(404, 'index_not_found_exception', 'no such index [stats-file-download]', stats-file-download, index_or_alias)
PASSED

tests/ui/test_file_download.py::ISORT PASSED
tests/ui/test_file_download.py::black PASSED
tests/ui/test_file_download.py::test_file_download_with_and_without_preview_flag Loading config for entry point invenio_app_rdm.config
[2025-12-11 07:46:42,787] DEBUG in entrypoint: Loading config for entry point invenio_app_rdm.config
Loading config for entry point invenio_app_rdm.config
Loading config for entry point invenio_app_rdm.config
Loading config for entry point invenio_app_rdm.config
Loading config for entry point invenio_app_rdm.config
Loading config for entry point invenio_app_rdm.config
Loading config for entry point invenio_app_rdm.config
Loading config for entry point invenio_app_rdm.config
Loading config for entry point invenio_app_rdm.config
Loading config for entry point invenio_app_rdm.config
Loading config for entry point invenio_app_rdm.config
Loading config for entry point invenio_app_rdm.config
Loading config for entry point invenio_app_rdm.config
Flask-DebugToolbar extension not installed.
[2025-12-11 07:46:43,890] DEBUG in ext: Flask-DebugToolbar extension not installed.
Flask-DebugToolbar extension not installed.
Flask-DebugToolbar extension not installed.
Flask-DebugToolbar extension not installed.
Flask-DebugToolbar extension not installed.
Flask-DebugToolbar extension not installed.
Flask-DebugToolbar extension not installed.
Flask-DebugToolbar extension not installed.
Flask-DebugToolbar extension not installed.
Flask-DebugToolbar extension not installed.
Flask-DebugToolbar extension not installed.
Flask-DebugToolbar extension not installed.
Flask-DebugToolbar extension not installed.
Flask-DebugToolbar extension not installed.
PASSED

tests/ui/test_file_download.py::test_nonexistent_file_returns_404 PASSED

tests/ui/test_file_download.py::test_deleted_record_file_redirects NotFoundError(404, 'index_not_found_exception', 'no such index [stats-record-view]', stats-record-view, index_or_alias)
[2025-12-11 07:46:48,382] WARNING in api: NotFoundError(404, 'index_not_found_exception', 'no such index [stats-record-view]', stats-record-view, index_or_alias)
NotFoundError(404, 'index_not_found_exception', 'no such index [stats-record-view]', stats-record-view, index_or_alias)
NotFoundError(404, 'index_not_found_exception', 'no such index [stats-record-view]', stats-record-view, index_or_alias)
NotFoundError(404, 'index_not_found_exception', 'no such index [stats-record-view]', stats-record-view, index_or_alias)
NotFoundError(404, 'index_not_found_exception', 'no such index [stats-record-view]', stats-record-view, index_or_alias)
NotFoundError(404, 'index_not_found_exception', 'no such index [stats-record-view]', stats-record-view, index_or_alias)
NotFoundError(404, 'index_not_found_exception', 'no such index [stats-record-view]', stats-record-view, index_or_alias)
NotFoundError(404, 'index_not_found_exception', 'no such index [stats-record-view]', stats-record-view, index_or_alias)
NotFoundError(404, 'index_not_found_exception', 'no such index [stats-record-view]', stats-record-view, index_or_alias)
NotFoundError(404, 'index_not_found_exception', 'no such index [stats-record-view]', stats-record-view, index_or_alias)
NotFoundError(404, 'index_not_found_exception', 'no such index [stats-record-view]', stats-record-view, index_or_alias)
NotFoundError(404, 'index_not_found_exception', 'no such index [stats-record-view]', stats-record-view, index_or_alias)
NotFoundError(404, 'index_not_found_exception', 'no such index [stats-record-view]', stats-record-view, index_or_alias)
NotFoundError(404, 'index_not_found_exception', 'no such index [stats-record-view]', stats-record-view, index_or_alias)
NotFoundError(404, 'index_not_found_exception', 'no such index [stats-file-download]', stats-file-download, index_or_alias)
[2025-12-11 07:46:48,385] WARNING in api: NotFoundError(404, 'index_not_found_exception', 'no such index [stats-file-download]', stats-file-download, index_or_alias)
NotFoundError(404, 'index_not_found_exception', 'no such index [stats-file-download]', stats-file-download, index_or_alias)
NotFoundError(404, 'index_not_found_exception', 'no such index [stats-file-download]', stats-file-download, index_or_alias)
NotFoundError(404, 'index_not_found_exception', 'no such index [stats-file-download]', stats-file-download, index_or_alias)
NotFoundError(404, 'index_not_found_exception', 'no such index [stats-file-download]', stats-file-download, index_or_alias)
NotFoundError(404, 'index_not_found_exception', 'no such index [stats-file-download]', stats-file-download, index_or_alias)
NotFoundError(404, 'index_not_found_exception', 'no such index [stats-file-download]', stats-file-download, index_or_alias)
NotFoundError(404, 'index_not_found_exception', 'no such index [stats-file-download]', stats-file-download, index_or_alias)
NotFoundError(404, 'index_not_found_exception', 'no such index [stats-file-download]', stats-file-download, index_or_alias)
NotFoundError(404, 'index_not_found_exception', 'no such index [stats-file-download]', stats-file-download, index_or_alias)
NotFoundError(404, 'index_not_found_exception', 'no such index [stats-file-download]', stats-file-download, index_or_alias)
NotFoundError(404, 'index_not_found_exception', 'no such index [stats-file-download]', stats-file-download, index_or_alias)
NotFoundError(404, 'index_not_found_exception', 'no such index [stats-file-download]', stats-file-download, index_or_alias)
NotFoundError(404, 'index_not_found_exception', 'no such index [stats-file-download]', stats-file-download, index_or_alias)
NotFoundError(404, 'index_not_found_exception', 'no such index [stats-record-view]', stats-record-view, index_or_alias)
[2025-12-11 07:46:48,570] WARNING in api: NotFoundError(404, 'index_not_found_exception', 'no such index [stats-record-view]', stats-record-view, index_or_alias)
NotFoundError(404, 'index_not_found_exception', 'no such index [stats-record-view]', stats-record-view, index_or_alias)
NotFoundError(404, 'index_not_found_exception', 'no such index [stats-record-view]', stats-record-view, index_or_alias)
NotFoundError(404, 'index_not_found_exception', 'no such index [stats-record-view]', stats-record-view, index_or_alias)
NotFoundError(404, 'index_not_found_exception', 'no such index [stats-record-view]', stats-record-view, index_or_alias)
NotFoundError(404, 'index_not_found_exception', 'no such index [stats-record-view]', stats-record-view, index_or_alias)
NotFoundError(404, 'index_not_found_exception', 'no such index [stats-record-view]', stats-record-view, index_or_alias)
NotFoundError(404, 'index_not_found_exception', 'no such index [stats-record-view]', stats-record-view, index_or_alias)
NotFoundError(404, 'index_not_found_exception', 'no such index [stats-record-view]', stats-record-view, index_or_alias)
NotFoundError(404, 'index_not_found_exception', 'no such index [stats-record-view]', stats-record-view, index_or_alias)
NotFoundError(404, 'index_not_found_exception', 'no such index [stats-record-view]', stats-record-view, index_or_alias)
NotFoundError(404, 'index_not_found_exception', 'no such index [stats-record-view]', stats-record-view, index_or_alias)
NotFoundError(404, 'index_not_found_exception', 'no such index [stats-record-view]', stats-record-view, index_or_alias)
NotFoundError(404, 'index_not_found_exception', 'no such index [stats-record-view]', stats-record-view, index_or_alias)
NotFoundError(404, 'index_not_found_exception', 'no such index [stats-file-download]', stats-file-download, index_or_alias)
[2025-12-11 07:46:48,573] WARNING in api: NotFoundError(404, 'index_not_found_exception', 'no such index [stats-file-download]', stats-file-download, index_or_alias)
NotFoundError(404, 'index_not_found_exception', 'no such index [stats-file-download]', stats-file-download, index_or_alias)
NotFoundError(404, 'index_not_found_exception', 'no such index [stats-file-download]', stats-file-download, index_or_alias)
NotFoundError(404, 'index_not_found_exception', 'no such index [stats-file-download]', stats-file-download, index_or_alias)
NotFoundError(404, 'index_not_found_exception', 'no such index [stats-file-download]', stats-file-download, index_or_alias)
NotFoundError(404, 'index_not_found_exception', 'no such index [stats-file-download]', stats-file-download, index_or_alias)
NotFoundError(404, 'index_not_found_exception', 'no such index [stats-file-download]', stats-file-download, index_or_alias)
NotFoundError(404, 'index_not_found_exception', 'no such index [stats-file-download]', stats-file-download, index_or_alias)
NotFoundError(404, 'index_not_found_exception', 'no such index [stats-file-download]', stats-file-download, index_or_alias)
NotFoundError(404, 'index_not_found_exception', 'no such index [stats-file-download]', stats-file-download, index_or_alias)
NotFoundError(404, 'index_not_found_exception', 'no such index [stats-file-download]', stats-file-download, index_or_alias)
NotFoundError(404, 'index_not_found_exception', 'no such index [stats-file-download]', stats-file-download, index_or_alias)
NotFoundError(404, 'index_not_found_exception', 'no such index [stats-file-download]', stats-file-download, index_or_alias)
NotFoundError(404, 'index_not_found_exception', 'no such index [stats-file-download]', stats-file-download, index_or_alias)
PASSED

tests/ui/test_filters.py::ISORT PASSED
tests/ui/test_filters.py::black PASSED
tests/ui/test_filters.py::test_get_scheme_label Loading config for entry point invenio_app_rdm.config
[2025-12-11 07:46:49,514] DEBUG in entrypoint: Loading config for entry point invenio_app_rdm.config
Loading config for entry point invenio_app_rdm.config
Loading config for entry point invenio_app_rdm.config
Loading config for entry point invenio_app_rdm.config
Loading config for entry point invenio_app_rdm.config
Loading config for entry point invenio_app_rdm.config
Loading config for entry point invenio_app_rdm.config
Loading config for entry point invenio_app_rdm.config
Loading config for entry point invenio_app_rdm.config
Loading config for entry point invenio_app_rdm.config
Loading config for entry point invenio_app_rdm.config
Loading config for entry point invenio_app_rdm.config
Loading config for entry point invenio_app_rdm.config
Loading config for entry point invenio_app_rdm.config
Flask-DebugToolbar extension not installed.
[2025-12-11 07:46:50,631] DEBUG in ext: Flask-DebugToolbar extension not installed.
Flask-DebugToolbar extension not installed.
Flask-DebugToolbar extension not installed.
Flask-DebugToolbar extension not installed.
Flask-DebugToolbar extension not installed.
Flask-DebugToolbar extension not installed.
Flask-DebugToolbar extension not installed.
Flask-DebugToolbar extension not installed.
Flask-DebugToolbar extension not installed.
Flask-DebugToolbar extension not installed.
Flask-DebugToolbar extension not installed.
Flask-DebugToolbar extension not installed.
Flask-DebugToolbar extension not installed.
Flask-DebugToolbar extension not installed.
Flask-DebugToolbar extension not installed.
PASSED

tests/ui/test_robotstxt.py::ISORT PASSED
tests/ui/test_robotstxt.py::black PASSED
tests/ui/test_robotstxt.py::test_robotstxt Loading config for entry point invenio_app_rdm.config
[2025-12-11 07:46:54,628] DEBUG in entrypoint: Loading config for entry point invenio_app_rdm.config
Loading config for entry point invenio_app_rdm.config
Loading config for entry point invenio_app_rdm.config
Loading config for entry point invenio_app_rdm.config
Loading config for entry point invenio_app_rdm.config
Loading config for entry point invenio_app_rdm.config
Loading config for entry point invenio_app_rdm.config
Loading config for entry point invenio_app_rdm.config
Loading config for entry point invenio_app_rdm.config
Loading config for entry point invenio_app_rdm.config
Loading config for entry point invenio_app_rdm.config
Loading config for entry point invenio_app_rdm.config
Loading config for entry point invenio_app_rdm.config
Loading config for entry point invenio_app_rdm.config
Loading config for entry point invenio_app_rdm.config
Flask-DebugToolbar extension not installed.
[2025-12-11 07:46:55,758] DEBUG in ext: Flask-DebugToolbar extension not installed.
Flask-DebugToolbar extension not installed.
Flask-DebugToolbar extension not installed.
Flask-DebugToolbar extension not installed.
Flask-DebugToolbar extension not installed.
Flask-DebugToolbar extension not installed.
Flask-DebugToolbar extension not installed.
Flask-DebugToolbar extension not installed.
Flask-DebugToolbar extension not installed.
Flask-DebugToolbar extension not installed.
Flask-DebugToolbar extension not installed.
Flask-DebugToolbar extension not installed.
Flask-DebugToolbar extension not installed.
Flask-DebugToolbar extension not installed.
Flask-DebugToolbar extension not installed.
Flask-DebugToolbar extension not installed.
PASSED

tests/ui/test_signposting_ui.py::ISORT PASSED
tests/ui/test_signposting_ui.py::black PASSED
tests/ui/test_signposting_ui.py::test_link_in_landing_page_response_headers[True-head] Loading config for entry point invenio_app_rdm.config
[2025-12-11 07:46:59,469] DEBUG in entrypoint: Loading config for entry point invenio_app_rdm.config
Loading config for entry point invenio_app_rdm.config
Loading config for entry point invenio_app_rdm.config
Loading config for entry point invenio_app_rdm.config
Loading config for entry point invenio_app_rdm.config
Loading config for entry point invenio_app_rdm.config
Loading config for entry point invenio_app_rdm.config
Loading config for entry point invenio_app_rdm.config
Loading config for entry point invenio_app_rdm.config
Loading config for entry point invenio_app_rdm.config
Loading config for entry point invenio_app_rdm.config
Loading config for entry point invenio_app_rdm.config
Loading config for entry point invenio_app_rdm.config
Loading config for entry point invenio_app_rdm.config
Loading config for entry point invenio_app_rdm.config
Loading config for entry point invenio_app_rdm.config
Flask-DebugToolbar extension not installed.
[2025-12-11 07:47:00,582] DEBUG in ext: Flask-DebugToolbar extension not installed.
Flask-DebugToolbar extension not installed.
Flask-DebugToolbar extension not installed.
Flask-DebugToolbar extension not installed.
Flask-DebugToolbar extension not installed.
Flask-DebugToolbar extension not installed.
Flask-DebugToolbar extension not installed.
Flask-DebugToolbar extension not installed.
Flask-DebugToolbar extension not installed.
Flask-DebugToolbar extension not installed.
Flask-DebugToolbar extension not installed.
Flask-DebugToolbar extension not installed.
Flask-DebugToolbar extension not installed.
Flask-DebugToolbar extension not installed.
Flask-DebugToolbar extension not installed.
Flask-DebugToolbar extension not installed.
Flask-DebugToolbar extension not installed.
NotFoundError(404, 'index_not_found_exception', 'no such index [stats-record-view]', stats-record-view, index_or_alias)
[2025-12-11 07:47:04,216] WARNING in api: NotFoundError(404, 'index_not_found_exception', 'no such index [stats-record-view]', stats-record-view, index_or_alias)
NotFoundError(404, 'index_not_found_exception', 'no such index [stats-record-view]', stats-record-view, index_or_alias)
NotFoundError(404, 'index_not_found_exception', 'no such index [stats-record-view]', stats-record-view, index_or_alias)
NotFoundError(404, 'index_not_found_exception', 'no such index [stats-record-view]', stats-record-view, index_or_alias)
NotFoundError(404, 'index_not_found_exception', 'no such index [stats-record-view]', stats-record-view, index_or_alias)
NotFoundError(404, 'index_not_found_exception', 'no such index [stats-record-view]', stats-record-view, index_or_alias)
NotFoundError(404, 'index_not_found_exception', 'no such index [stats-record-view]', stats-record-view, index_or_alias)
NotFoundError(404, 'index_not_found_exception', 'no such index [stats-record-view]', stats-record-view, index_or_alias)
NotFoundError(404, 'index_not_found_exception', 'no such index [stats-record-view]', stats-record-view, index_or_alias)
NotFoundError(404, 'index_not_found_exception', 'no such index [stats-record-view]', stats-record-view, index_or_alias)
NotFoundError(404, 'index_not_found_exception', 'no such index [stats-record-view]', stats-record-view, index_or_alias)
NotFoundError(404, 'index_not_found_exception', 'no such index [stats-record-view]', stats-record-view, index_or_alias)
NotFoundError(404, 'index_not_found_exception', 'no such index [stats-record-view]', stats-record-view, index_or_alias)
NotFoundError(404, 'index_not_found_exception', 'no such index [stats-record-view]', stats-record-view, index_or_alias)
NotFoundError(404, 'index_not_found_exception', 'no such index [stats-record-view]', stats-record-view, index_or_alias)
NotFoundError(404, 'index_not_found_exception', 'no such index [stats-record-view]', stats-record-view, index_or_alias)
NotFoundError(404, 'index_not_found_exception', 'no such index [stats-record-view]', stats-record-view, index_or_alias)
NotFoundError(404, 'index_not_found_exception', 'no such index [stats-file-download]', stats-file-download, index_or_alias)
[2025-12-11 07:47:04,219] WARNING in api: NotFoundError(404, 'index_not_found_exception', 'no such index [stats-file-download]', stats-file-download, index_or_alias)
NotFoundError(404, 'index_not_found_exception', 'no such index [stats-file-download]', stats-file-download, index_or_alias)
NotFoundError(404, 'index_not_found_exception', 'no such index [stats-file-download]', stats-file-download, index_or_alias)
NotFoundError(404, 'index_not_found_exception', 'no such index [stats-file-download]', stats-file-download, index_or_alias)
NotFoundError(404, 'index_not_found_exception', 'no such index [stats-file-download]', stats-file-download, index_or_alias)
NotFoundError(404, 'index_not_found_exception', 'no such index [stats-file-download]', stats-file-download, index_or_alias)
NotFoundError(404, 'index_not_found_exception', 'no such index [stats-file-download]', stats-file-download, index_or_alias)
NotFoundError(404, 'index_not_found_exception', 'no such index [stats-file-download]', stats-file-download, index_or_alias)
NotFoundError(404, 'index_not_found_exception', 'no such index [stats-file-download]', stats-file-download, index_or_alias)
NotFoundError(404, 'index_not_found_exception', 'no such index [stats-file-download]', stats-file-download, index_or_alias)
NotFoundError(404, 'index_not_found_exception', 'no such index [stats-file-download]', stats-file-download, index_or_alias)
NotFoundError(404, 'index_not_found_exception', 'no such index [stats-file-download]', stats-file-download, index_or_alias)
NotFoundError(404, 'index_not_found_exception', 'no such index [stats-file-download]', stats-file-download, index_or_alias)
NotFoundError(404, 'index_not_found_exception', 'no such index [stats-file-download]', stats-file-download, index_or_alias)
NotFoundError(404, 'index_not_found_exception', 'no such index [stats-file-download]', stats-file-download, index_or_alias)
NotFoundError(404, 'index_not_found_exception', 'no such index [stats-file-download]', stats-file-download, index_or_alias)
NotFoundError(404, 'index_not_found_exception', 'no such index [stats-file-download]', stats-file-download, index_or_alias)
PASSED

tests/ui/test_signposting_ui.py::test_link_in_landing_page_response_headers[True-get] NotFoundError(404, 'index_not_found_exception', 'no such index [stats-record-view]', stats-record-view, index_or_alias)
[2025-12-11 07:47:06,200] WARNING in api: NotFoundError(404, 'index_not_found_exception', 'no such index [stats-record-view]', stats-record-view, index_or_alias)
NotFoundError(404, 'index_not_found_exception', 'no such index [stats-record-view]', stats-record-view, index_or_alias)
NotFoundError(404, 'index_not_found_exception', 'no such index [stats-record-view]', stats-record-view, index_or_alias)
NotFoundError(404, 'index_not_found_exception', 'no such index [stats-record-view]', stats-record-view, index_or_alias)
NotFoundError(404, 'index_not_found_exception', 'no such index [stats-record-view]', stats-record-view, index_or_alias)
NotFoundError(404, 'index_not_found_exception', 'no such index [stats-record-view]', stats-record-view, index_or_alias)
NotFoundError(404, 'index_not_found_exception', 'no such index [stats-record-view]', stats-record-view, index_or_alias)
NotFoundError(404, 'index_not_found_exception', 'no such index [stats-record-view]', stats-record-view, index_or_alias)
NotFoundError(404, 'index_not_found_exception', 'no such index [stats-record-view]', stats-record-view, index_or_alias)
NotFoundError(404, 'index_not_found_exception', 'no such index [stats-record-view]', stats-record-view, index_or_alias)
NotFoundError(404, 'index_not_found_exception', 'no such index [stats-record-view]', stats-record-view, index_or_alias)
NotFoundError(404, 'index_not_found_exception', 'no such index [stats-record-view]', stats-record-view, index_or_alias)
NotFoundError(404, 'index_not_found_exception', 'no such index [stats-record-view]', stats-record-view, index_or_alias)
NotFoundError(404, 'index_not_found_exception', 'no such index [stats-record-view]', stats-record-view, index_or_alias)
NotFoundError(404, 'index_not_found_exception', 'no such index [stats-record-view]', stats-record-view, index_or_alias)
NotFoundError(404, 'index_not_found_exception', 'no such index [stats-record-view]', stats-record-view, index_or_alias)
NotFoundError(404, 'index_not_found_exception', 'no such index [stats-record-view]', stats-record-view, index_or_alias)
NotFoundError(404, 'index_not_found_exception', 'no such index [stats-file-download]', stats-file-download, index_or_alias)
[2025-12-11 07:47:06,202] WARNING in api: NotFoundError(404, 'index_not_found_exception', 'no such index [stats-file-download]', stats-file-download, index_or_alias)
NotFoundError(404, 'index_not_found_exception', 'no such index [stats-file-download]', stats-file-download, index_or_alias)
NotFoundError(404, 'index_not_found_exception', 'no such index [stats-file-download]', stats-file-download, index_or_alias)
NotFoundError(404, 'index_not_found_exception', 'no such index [stats-file-download]', stats-file-download, index_or_alias)
NotFoundError(404, 'index_not_found_exception', 'no such index [stats-file-download]', stats-file-download, index_or_alias)
NotFoundError(404, 'index_not_found_exception', 'no such index [stats-file-download]', stats-file-download, index_or_alias)
NotFoundError(404, 'index_not_found_exception', 'no such index [stats-file-download]', stats-file-download, index_or_alias)
NotFoundError(404, 'index_not_found_exception', 'no such index [stats-file-download]', stats-file-download, index_or_alias)
NotFoundError(404, 'index_not_found_exception', 'no such index [stats-file-download]', stats-file-download, index_or_alias)
NotFoundError(404, 'index_not_found_exception', 'no such index [stats-file-download]', stats-file-download, index_or_alias)
NotFoundError(404, 'index_not_found_exception', 'no such index [stats-file-download]', stats-file-download, index_or_alias)
NotFoundError(404, 'index_not_found_exception', 'no such index [stats-file-download]', stats-file-download, index_or_alias)
NotFoundError(404, 'index_not_found_exception', 'no such index [stats-file-download]', stats-file-download, index_or_alias)
NotFoundError(404, 'index_not_found_exception', 'no such index [stats-file-download]', stats-file-download, index_or_alias)
NotFoundError(404, 'index_not_found_exception', 'no such index [stats-file-download]', stats-file-download, index_or_alias)
NotFoundError(404, 'index_not_found_exception', 'no such index [stats-file-download]', stats-file-download, index_or_alias)
NotFoundError(404, 'index_not_found_exception', 'no such index [stats-file-download]', stats-file-download, index_or_alias)
PASSED

tests/ui/test_signposting_ui.py::test_link_in_landing_page_response_headers[False-head] NotFoundError(404, 'index_not_found_exception', 'no such index [stats-record-view]', stats-record-view, index_or_alias)
[2025-12-11 07:47:06,818] WARNING in api: NotFoundError(404, 'index_not_found_exception', 'no such index [stats-record-view]', stats-record-view, index_or_alias)
NotFoundError(404, 'index_not_found_exception', 'no such index [stats-record-view]', stats-record-view, index_or_alias)
NotFoundError(404, 'index_not_found_exception', 'no such index [stats-record-view]', stats-record-view, index_or_alias)
NotFoundError(404, 'index_not_found_exception', 'no such index [stats-record-view]', stats-record-view, index_or_alias)
NotFoundError(404, 'index_not_found_exception', 'no such index [stats-record-view]', stats-record-view, index_or_alias)
NotFoundError(404, 'index_not_found_exception', 'no such index [stats-record-view]', stats-record-view, index_or_alias)
NotFoundError(404, 'index_not_found_exception', 'no such index [stats-record-view]', stats-record-view, index_or_alias)
NotFoundError(404, 'index_not_found_exception', 'no such index [stats-record-view]', stats-record-view, index_or_alias)
NotFoundError(404, 'index_not_found_exception', 'no such index [stats-record-view]', stats-record-view, index_or_alias)
NotFoundError(404, 'index_not_found_exception', 'no such index [stats-record-view]', stats-record-view, index_or_alias)
NotFoundError(404, 'index_not_found_exception', 'no such index [stats-record-view]', stats-record-view, index_or_alias)
NotFoundError(404, 'index_not_found_exception', 'no such index [stats-record-view]', stats-record-view, index_or_alias)
NotFoundError(404, 'index_not_found_exception', 'no such index [stats-record-view]', stats-record-view, index_or_alias)
NotFoundError(404, 'index_not_found_exception', 'no such index [stats-record-view]', stats-record-view, index_or_alias)
NotFoundError(404, 'index_not_found_exception', 'no such index [stats-record-view]', stats-record-view, index_or_alias)
NotFoundError(404, 'index_not_found_exception', 'no such index [stats-record-view]', stats-record-view, index_or_alias)
NotFoundError(404, 'index_not_found_exception', 'no such index [stats-record-view]', stats-record-view, index_or_alias)
NotFoundError(404, 'index_not_found_exception', 'no such index [stats-file-download]', stats-file-download, index_or_alias)
[2025-12-11 07:47:06,821] WARNING in api: NotFoundError(404, 'index_not_found_exception', 'no such index [stats-file-download]', stats-file-download, index_or_alias)
NotFoundError(404, 'index_not_found_exception', 'no such index [stats-file-download]', stats-file-download, index_or_alias)
NotFoundError(404, 'index_not_found_exception', 'no such index [stats-file-download]', stats-file-download, index_or_alias)
NotFoundError(404, 'index_not_found_exception', 'no such index [stats-file-download]', stats-file-download, index_or_alias)
NotFoundError(404, 'index_not_found_exception', 'no such index [stats-file-download]', stats-file-download, index_or_alias)
NotFoundError(404, 'index_not_found_exception', 'no such index [stats-file-download]', stats-file-download, index_or_alias)
NotFoundError(404, 'index_not_found_exception', 'no such index [stats-file-download]', stats-file-download, index_or_alias)
NotFoundError(404, 'index_not_found_exception', 'no such index [stats-file-download]', stats-file-download, index_or_alias)
NotFoundError(404, 'index_not_found_exception', 'no such index [stats-file-download]', stats-file-download, index_or_alias)
NotFoundError(404, 'index_not_found_exception', 'no such index [stats-file-download]', stats-file-download, index_or_alias)
NotFoundError(404, 'index_not_found_exception', 'no such index [stats-file-download]', stats-file-download, index_or_alias)
NotFoundError(404, 'index_not_found_exception', 'no such index [stats-file-download]', stats-file-download, index_or_alias)
NotFoundError(404, 'index_not_found_exception', 'no such index [stats-file-download]', stats-file-download, index_or_alias)
NotFoundError(404, 'index_not_found_exception', 'no such index [stats-file-download]', stats-file-download, index_or_alias)
NotFoundError(404, 'index_not_found_exception', 'no such index [stats-file-download]', stats-file-download, index_or_alias)
NotFoundError(404, 'index_not_found_exception', 'no such index [stats-file-download]', stats-file-download, index_or_alias)
NotFoundError(404, 'index_not_found_exception', 'no such index [stats-file-download]', stats-file-download, index_or_alias)
PASSED

tests/ui/test_signposting_ui.py::test_link_in_landing_page_response_headers[False-get] NotFoundError(404, 'index_not_found_exception', 'no such index [stats-record-view]', stats-record-view, index_or_alias)
[2025-12-11 07:47:07,444] WARNING in api: NotFoundError(404, 'index_not_found_exception', 'no such index [stats-record-view]', stats-record-view, index_or_alias)
NotFoundError(404, 'index_not_found_exception', 'no such index [stats-record-view]', stats-record-view, index_or_alias)
NotFoundError(404, 'index_not_found_exception', 'no such index [stats-record-view]', stats-record-view, index_or_alias)
NotFoundError(404, 'index_not_found_exception', 'no such index [stats-record-view]', stats-record-view, index_or_alias)
NotFoundError(404, 'index_not_found_exception', 'no such index [stats-record-view]', stats-record-view, index_or_alias)
NotFoundError(404, 'index_not_found_exception', 'no such index [stats-record-view]', stats-record-view, index_or_alias)
NotFoundError(404, 'index_not_found_exception', 'no such index [stats-record-view]', stats-record-view, index_or_alias)
NotFoundError(404, 'index_not_found_exception', 'no such index [stats-record-view]', stats-record-view, index_or_alias)
NotFoundError(404, 'index_not_found_exception', 'no such index [stats-record-view]', stats-record-view, index_or_alias)
NotFoundError(404, 'index_not_found_exception', 'no such index [stats-record-view]', stats-record-view, index_or_alias)
NotFoundError(404, 'index_not_found_exception', 'no such index [stats-record-view]', stats-record-view, index_or_alias)
NotFoundError(404, 'index_not_found_exception', 'no such index [stats-record-view]', stats-record-view, index_or_alias)
NotFoundError(404, 'index_not_found_exception', 'no such index [stats-record-view]', stats-record-view, index_or_alias)
NotFoundError(404, 'index_not_found_exception', 'no such index [stats-record-view]', stats-record-view, index_or_alias)
NotFoundError(404, 'index_not_found_exception', 'no such index [stats-record-view]', stats-record-view, index_or_alias)
NotFoundError(404, 'index_not_found_exception', 'no such index [stats-record-view]', stats-record-view, index_or_alias)
NotFoundError(404, 'index_not_found_exception', 'no such index [stats-record-view]', stats-record-view, index_or_alias)
NotFoundError(404, 'index_not_found_exception', 'no such index [stats-file-download]', stats-file-download, index_or_alias)
[2025-12-11 07:47:07,447] WARNING in api: NotFoundError(404, 'index_not_found_exception', 'no such index [stats-file-download]', stats-file-download, index_or_alias)
NotFoundError(404, 'index_not_found_exception', 'no such index [stats-file-download]', stats-file-download, index_or_alias)
NotFoundError(404, 'index_not_found_exception', 'no such index [stats-file-download]', stats-file-download, index_or_alias)
NotFoundError(404, 'index_not_found_exception', 'no such index [stats-file-download]', stats-file-download, index_or_alias)
NotFoundError(404, 'index_not_found_exception', 'no such index [stats-file-download]', stats-file-download, index_or_alias)
NotFoundError(404, 'index_not_found_exception', 'no such index [stats-file-download]', stats-file-download, index_or_alias)
NotFoundError(404, 'index_not_found_exception', 'no such index [stats-file-download]', stats-file-download, index_or_alias)
NotFoundError(404, 'index_not_found_exception', 'no such index [stats-file-download]', stats-file-download, index_or_alias)
NotFoundError(404, 'index_not_found_exception', 'no such index [stats-file-download]', stats-file-download, index_or_alias)
NotFoundError(404, 'index_not_found_exception', 'no such index [stats-file-download]', stats-file-download, index_or_alias)
NotFoundError(404, 'index_not_found_exception', 'no such index [stats-file-download]', stats-file-download, index_or_alias)
NotFoundError(404, 'index_not_found_exception', 'no such index [stats-file-download]', stats-file-download, index_or_alias)
NotFoundError(404, 'index_not_found_exception', 'no such index [stats-file-download]', stats-file-download, index_or_alias)
NotFoundError(404, 'index_not_found_exception', 'no such index [stats-file-download]', stats-file-download, index_or_alias)
NotFoundError(404, 'index_not_found_exception', 'no such index [stats-file-download]', stats-file-download, index_or_alias)
NotFoundError(404, 'index_not_found_exception', 'no such index [stats-file-download]', stats-file-download, index_or_alias)
NotFoundError(404, 'index_not_found_exception', 'no such index [stats-file-download]', stats-file-download, index_or_alias)
PASSED

tests/ui/test_signposting_ui.py::test_link_in_content_resource_response_headers[head] NotFoundError(404, 'index_not_found_exception', 'no such index [stats-record-view]', stats-record-view, index_or_alias)
[2025-12-11 07:47:08,066] WARNING in api: NotFoundError(404, 'index_not_found_exception', 'no such index [stats-record-view]', stats-record-view, index_or_alias)
NotFoundError(404, 'index_not_found_exception', 'no such index [stats-record-view]', stats-record-view, index_or_alias)
NotFoundError(404, 'index_not_found_exception', 'no such index [stats-record-view]', stats-record-view, index_or_alias)
NotFoundError(404, 'index_not_found_exception', 'no such index [stats-record-view]', stats-record-view, index_or_alias)
NotFoundError(404, 'index_not_found_exception', 'no such index [stats-record-view]', stats-record-view, index_or_alias)
NotFoundError(404, 'index_not_found_exception', 'no such index [stats-record-view]', stats-record-view, index_or_alias)
NotFoundError(404, 'index_not_found_exception', 'no such index [stats-record-view]', stats-record-view, index_or_alias)
NotFoundError(404, 'index_not_found_exception', 'no such index [stats-record-view]', stats-record-view, index_or_alias)
NotFoundError(404, 'index_not_found_exception', 'no such index [stats-record-view]', stats-record-view, index_or_alias)
NotFoundError(404, 'index_not_found_exception', 'no such index [stats-record-view]', stats-record-view, index_or_alias)
NotFoundError(404, 'index_not_found_exception', 'no such index [stats-record-view]', stats-record-view, index_or_alias)
NotFoundError(404, 'index_not_found_exception', 'no such index [stats-record-view]', stats-record-view, index_or_alias)
NotFoundError(404, 'index_not_found_exception', 'no such index [stats-record-view]', stats-record-view, index_or_alias)
NotFoundError(404, 'index_not_found_exception', 'no such index [stats-record-view]', stats-record-view, index_or_alias)
NotFoundError(404, 'index_not_found_exception', 'no such index [stats-record-view]', stats-record-view, index_or_alias)
NotFoundError(404, 'index_not_found_exception', 'no such index [stats-record-view]', stats-record-view, index_or_alias)
NotFoundError(404, 'index_not_found_exception', 'no such index [stats-record-view]', stats-record-view, index_or_alias)
NotFoundError(404, 'index_not_found_exception', 'no such index [stats-file-download]', stats-file-download, index_or_alias)
[2025-12-11 07:47:08,069] WARNING in api: NotFoundError(404, 'index_not_found_exception', 'no such index [stats-file-download]', stats-file-download, index_or_alias)
NotFoundError(404, 'index_not_found_exception', 'no such index [stats-file-download]', stats-file-download, index_or_alias)
NotFoundError(404, 'index_not_found_exception', 'no such index [stats-file-download]', stats-file-download, index_or_alias)
NotFoundError(404, 'index_not_found_exception', 'no such index [stats-file-download]', stats-file-download, index_or_alias)
NotFoundError(404, 'index_not_found_exception', 'no such index [stats-file-download]', stats-file-download, index_or_alias)
NotFoundError(404, 'index_not_found_exception', 'no such index [stats-file-download]', stats-file-download, index_or_alias)
NotFoundError(404, 'index_not_found_exception', 'no such index [stats-file-download]', stats-file-download, index_or_alias)
NotFoundError(404, 'index_not_found_exception', 'no such index [stats-file-download]', stats-file-download, index_or_alias)
NotFoundError(404, 'index_not_found_exception', 'no such index [stats-file-download]', stats-file-download, index_or_alias)
NotFoundError(404, 'index_not_found_exception', 'no such index [stats-file-download]', stats-file-download, index_or_alias)
NotFoundError(404, 'index_not_found_exception', 'no such index [stats-file-download]', stats-file-download, index_or_alias)
NotFoundError(404, 'index_not_found_exception', 'no such index [stats-file-download]', stats-file-download, index_or_alias)
NotFoundError(404, 'index_not_found_exception', 'no such index [stats-file-download]', stats-file-download, index_or_alias)
NotFoundError(404, 'index_not_found_exception', 'no such index [stats-file-download]', stats-file-download, index_or_alias)
NotFoundError(404, 'index_not_found_exception', 'no such index [stats-file-download]', stats-file-download, index_or_alias)
NotFoundError(404, 'index_not_found_exception', 'no such index [stats-file-download]', stats-file-download, index_or_alias)
NotFoundError(404, 'index_not_found_exception', 'no such index [stats-file-download]', stats-file-download, index_or_alias)
PASSED

tests/ui/test_signposting_ui.py::test_link_in_content_resource_response_headers[get] NotFoundError(404, 'index_not_found_exception', 'no such index [stats-record-view]', stats-record-view, index_or_alias)
[2025-12-11 07:47:08,605] WARNING in api: NotFoundError(404, 'index_not_found_exception', 'no such index [stats-record-view]', stats-record-view, index_or_alias)
NotFoundError(404, 'index_not_found_exception', 'no such index [stats-record-view]', stats-record-view, index_or_alias)
NotFoundError(404, 'index_not_found_exception', 'no such index [stats-record-view]', stats-record-view, index_or_alias)
NotFoundError(404, 'index_not_found_exception', 'no such index [stats-record-view]', stats-record-view, index_or_alias)
NotFoundError(404, 'index_not_found_exception', 'no such index [stats-record-view]', stats-record-view, index_or_alias)
NotFoundError(404, 'index_not_found_exception', 'no such index [stats-record-view]', stats-record-view, index_or_alias)
NotFoundError(404, 'index_not_found_exception', 'no such index [stats-record-view]', stats-record-view, index_or_alias)
NotFoundError(404, 'index_not_found_exception', 'no such index [stats-record-view]', stats-record-view, index_or_alias)
NotFoundError(404, 'index_not_found_exception', 'no such index [stats-record-view]', stats-record-view, index_or_alias)
NotFoundError(404, 'index_not_found_exception', 'no such index [stats-record-view]', stats-record-view, index_or_alias)
NotFoundError(404, 'index_not_found_exception', 'no such index [stats-record-view]', stats-record-view, index_or_alias)
NotFoundError(404, 'index_not_found_exception', 'no such index [stats-record-view]', stats-record-view, index_or_alias)
NotFoundError(404, 'index_not_found_exception', 'no such index [stats-record-view]', stats-record-view, index_or_alias)
NotFoundError(404, 'index_not_found_exception', 'no such index [stats-record-view]', stats-record-view, index_or_alias)
NotFoundError(404, 'index_not_found_exception', 'no such index [stats-record-view]', stats-record-view, index_or_alias)
NotFoundError(404, 'index_not_found_exception', 'no such index [stats-record-view]', stats-record-view, index_or_alias)
NotFoundError(404, 'index_not_found_exception', 'no such index [stats-record-view]', stats-record-view, index_or_alias)
NotFoundError(404, 'index_not_found_exception', 'no such index [stats-file-download]', stats-file-download, index_or_alias)
[2025-12-11 07:47:08,608] WARNING in api: NotFoundError(404, 'index_not_found_exception', 'no such index [stats-file-download]', stats-file-download, index_or_alias)
NotFoundError(404, 'index_not_found_exception', 'no such index [stats-file-download]', stats-file-download, index_or_alias)
NotFoundError(404, 'index_not_found_exception', 'no such index [stats-file-download]', stats-file-download, index_or_alias)
NotFoundError(404, 'index_not_found_exception', 'no such index [stats-file-download]', stats-file-download, index_or_alias)
NotFoundError(404, 'index_not_found_exception', 'no such index [stats-file-download]', stats-file-download, index_or_alias)
NotFoundError(404, 'index_not_found_exception', 'no such index [stats-file-download]', stats-file-download, index_or_alias)
NotFoundError(404, 'index_not_found_exception', 'no such index [stats-file-download]', stats-file-download, index_or_alias)
NotFoundError(404, 'index_not_found_exception', 'no such index [stats-file-download]', stats-file-download, index_or_alias)
NotFoundError(404, 'index_not_found_exception', 'no such index [stats-file-download]', stats-file-download, index_or_alias)
NotFoundError(404, 'index_not_found_exception', 'no such index [stats-file-download]', stats-file-download, index_or_alias)
NotFoundError(404, 'index_not_found_exception', 'no such index [stats-file-download]', stats-file-download, index_or_alias)
NotFoundError(404, 'index_not_found_exception', 'no such index [stats-file-download]', stats-file-download, index_or_alias)
NotFoundError(404, 'index_not_found_exception', 'no such index [stats-file-download]', stats-file-download, index_or_alias)
NotFoundError(404, 'index_not_found_exception', 'no such index [stats-file-download]', stats-file-download, index_or_alias)
NotFoundError(404, 'index_not_found_exception', 'no such index [stats-file-download]', stats-file-download, index_or_alias)
NotFoundError(404, 'index_not_found_exception', 'no such index [stats-file-download]', stats-file-download, index_or_alias)
NotFoundError(404, 'index_not_found_exception', 'no such index [stats-file-download]', stats-file-download, index_or_alias)
PASSED

tests/ui/test_signposting_ui.py::test_link_in_metadata_resource_response_headers[head] NotFoundError(404, 'index_not_found_exception', 'no such index [stats-record-view]', stats-record-view, index_or_alias)
[2025-12-11 07:47:08,986] WARNING in api: NotFoundError(404, 'index_not_found_exception', 'no such index [stats-record-view]', stats-record-view, index_or_alias)
NotFoundError(404, 'index_not_found_exception', 'no such index [stats-record-view]', stats-record-view, index_or_alias)
NotFoundError(404, 'index_not_found_exception', 'no such index [stats-record-view]', stats-record-view, index_or_alias)
NotFoundError(404, 'index_not_found_exception', 'no such index [stats-record-view]', stats-record-view, index_or_alias)
NotFoundError(404, 'index_not_found_exception', 'no such index [stats-record-view]', stats-record-view, index_or_alias)
NotFoundError(404, 'index_not_found_exception', 'no such index [stats-record-view]', stats-record-view, index_or_alias)
NotFoundError(404, 'index_not_found_exception', 'no such index [stats-record-view]', stats-record-view, index_or_alias)
NotFoundError(404, 'index_not_found_exception', 'no such index [stats-record-view]', stats-record-view, index_or_alias)
NotFoundError(404, 'index_not_found_exception', 'no such index [stats-record-view]', stats-record-view, index_or_alias)
NotFoundError(404, 'index_not_found_exception', 'no such index [stats-record-view]', stats-record-view, index_or_alias)
NotFoundError(404, 'index_not_found_exception', 'no such index [stats-record-view]', stats-record-view, index_or_alias)
NotFoundError(404, 'index_not_found_exception', 'no such index [stats-record-view]', stats-record-view, index_or_alias)
NotFoundError(404, 'index_not_found_exception', 'no such index [stats-record-view]', stats-record-view, index_or_alias)
NotFoundError(404, 'index_not_found_exception', 'no such index [stats-record-view]', stats-record-view, index_or_alias)
NotFoundError(404, 'index_not_found_exception', 'no such index [stats-record-view]', stats-record-view, index_or_alias)
NotFoundError(404, 'index_not_found_exception', 'no such index [stats-record-view]', stats-record-view, index_or_alias)
NotFoundError(404, 'index_not_found_exception', 'no such index [stats-record-view]', stats-record-view, index_or_alias)
NotFoundError(404, 'index_not_found_exception', 'no such index [stats-file-download]', stats-file-download, index_or_alias)
[2025-12-11 07:47:08,988] WARNING in api: NotFoundError(404, 'index_not_found_exception', 'no such index [stats-file-download]', stats-file-download, index_or_alias)
NotFoundError(404, 'index_not_found_exception', 'no such index [stats-file-download]', stats-file-download, index_or_alias)
NotFoundError(404, 'index_not_found_exception', 'no such index [stats-file-download]', stats-file-download, index_or_alias)
NotFoundError(404, 'index_not_found_exception', 'no such index [stats-file-download]', stats-file-download, index_or_alias)
NotFoundError(404, 'index_not_found_exception', 'no such index [stats-file-download]', stats-file-download, index_or_alias)
NotFoundError(404, 'index_not_found_exception', 'no such index [stats-file-download]', stats-file-download, index_or_alias)
NotFoundError(404, 'index_not_found_exception', 'no such index [stats-file-download]', stats-file-download, index_or_alias)
NotFoundError(404, 'index_not_found_exception', 'no such index [stats-file-download]', stats-file-download, index_or_alias)
NotFoundError(404, 'index_not_found_exception', 'no such index [stats-file-download]', stats-file-download, index_or_alias)
NotFoundError(404, 'index_not_found_exception', 'no such index [stats-file-download]', stats-file-download, index_or_alias)
NotFoundError(404, 'index_not_found_exception', 'no such index [stats-file-download]', stats-file-download, index_or_alias)
NotFoundError(404, 'index_not_found_exception', 'no such index [stats-file-download]', stats-file-download, index_or_alias)
NotFoundError(404, 'index_not_found_exception', 'no such index [stats-file-download]', stats-file-download, index_or_alias)
NotFoundError(404, 'index_not_found_exception', 'no such index [stats-file-download]', stats-file-download, index_or_alias)
NotFoundError(404, 'index_not_found_exception', 'no such index [stats-file-download]', stats-file-download, index_or_alias)
NotFoundError(404, 'index_not_found_exception', 'no such index [stats-file-download]', stats-file-download, index_or_alias)
NotFoundError(404, 'index_not_found_exception', 'no such index [stats-file-download]', stats-file-download, index_or_alias)
PASSED

tests/ui/test_signposting_ui.py::test_link_in_metadata_resource_response_headers[get] NotFoundError(404, 'index_not_found_exception', 'no such index [stats-record-view]', stats-record-view, index_or_alias)
[2025-12-11 07:47:09,374] WARNING in api: NotFoundError(404, 'index_not_found_exception', 'no such index [stats-record-view]', stats-record-view, index_or_alias)
NotFoundError(404, 'index_not_found_exception', 'no such index [stats-record-view]', stats-record-view, index_or_alias)
NotFoundError(404, 'index_not_found_exception', 'no such index [stats-record-view]', stats-record-view, index_or_alias)
NotFoundError(404, 'index_not_found_exception', 'no such index [stats-record-view]', stats-record-view, index_or_alias)
NotFoundError(404, 'index_not_found_exception', 'no such index [stats-record-view]', stats-record-view, index_or_alias)
NotFoundError(404, 'index_not_found_exception', 'no such index [stats-record-view]', stats-record-view, index_or_alias)
NotFoundError(404, 'index_not_found_exception', 'no such index [stats-record-view]', stats-record-view, index_or_alias)
NotFoundError(404, 'index_not_found_exception', 'no such index [stats-record-view]', stats-record-view, index_or_alias)
NotFoundError(404, 'index_not_found_exception', 'no such index [stats-record-view]', stats-record-view, index_or_alias)
NotFoundError(404, 'index_not_found_exception', 'no such index [stats-record-view]', stats-record-view, index_or_alias)
NotFoundError(404, 'index_not_found_exception', 'no such index [stats-record-view]', stats-record-view, index_or_alias)
NotFoundError(404, 'index_not_found_exception', 'no such index [stats-record-view]', stats-record-view, index_or_alias)
NotFoundError(404, 'index_not_found_exception', 'no such index [stats-record-view]', stats-record-view, index_or_alias)
NotFoundError(404, 'index_not_found_exception', 'no such index [stats-record-view]', stats-record-view, index_or_alias)
NotFoundError(404, 'index_not_found_exception', 'no such index [stats-record-view]', stats-record-view, index_or_alias)
NotFoundError(404, 'index_not_found_exception', 'no such index [stats-record-view]', stats-record-view, index_or_alias)
NotFoundError(404, 'index_not_found_exception', 'no such index [stats-record-view]', stats-record-view, index_or_alias)
NotFoundError(404, 'index_not_found_exception', 'no such index [stats-file-download]', stats-file-download, index_or_alias)
[2025-12-11 07:47:09,376] WARNING in api: NotFoundError(404, 'index_not_found_exception', 'no such index [stats-file-download]', stats-file-download, index_or_alias)
NotFoundError(404, 'index_not_found_exception', 'no such index [stats-file-download]', stats-file-download, index_or_alias)
NotFoundError(404, 'index_not_found_exception', 'no such index [stats-file-download]', stats-file-download, index_or_alias)
NotFoundError(404, 'index_not_found_exception', 'no such index [stats-file-download]', stats-file-download, index_or_alias)
NotFoundError(404, 'index_not_found_exception', 'no such index [stats-file-download]', stats-file-download, index_or_alias)
NotFoundError(404, 'index_not_found_exception', 'no such index [stats-file-download]', stats-file-download, index_or_alias)
NotFoundError(404, 'index_not_found_exception', 'no such index [stats-file-download]', stats-file-download, index_or_alias)
NotFoundError(404, 'index_not_found_exception', 'no such index [stats-file-download]', stats-file-download, index_or_alias)
NotFoundError(404, 'index_not_found_exception', 'no such index [stats-file-download]', stats-file-download, index_or_alias)
NotFoundError(404, 'index_not_found_exception', 'no such index [stats-file-download]', stats-file-download, index_or_alias)
NotFoundError(404, 'index_not_found_exception', 'no such index [stats-file-download]', stats-file-download, index_or_alias)
NotFoundError(404, 'index_not_found_exception', 'no such index [stats-file-download]', stats-file-download, index_or_alias)
NotFoundError(404, 'index_not_found_exception', 'no such index [stats-file-download]', stats-file-download, index_or_alias)
NotFoundError(404, 'index_not_found_exception', 'no such index [stats-file-download]', stats-file-download, index_or_alias)
NotFoundError(404, 'index_not_found_exception', 'no such index [stats-file-download]', stats-file-download, index_or_alias)
NotFoundError(404, 'index_not_found_exception', 'no such index [stats-file-download]', stats-file-download, index_or_alias)
NotFoundError(404, 'index_not_found_exception', 'no such index [stats-file-download]', stats-file-download, index_or_alias)
PASSED

tests/ui/test_sitemaps.py::ISORT PASSED
tests/ui/test_sitemaps.py::black PASSED
tests/ui/test_sitemaps.py::test_sitemap_section_of_communities Loading config for entry point invenio_app_rdm.config
[2025-12-11 07:47:10,346] DEBUG in entrypoint: Loading config for entry point invenio_app_rdm.config
Loading config for entry point invenio_app_rdm.config
Loading config for entry point invenio_app_rdm.config
Loading config for entry point invenio_app_rdm.config
Loading config for entry point invenio_app_rdm.config
Loading config for entry point invenio_app_rdm.config
Loading config for entry point invenio_app_rdm.config
Loading config for entry point invenio_app_rdm.config
Loading config for entry point invenio_app_rdm.config
Loading config for entry point invenio_app_rdm.config
Loading config for entry point invenio_app_rdm.config
Loading config for entry point invenio_app_rdm.config
Loading config for entry point invenio_app_rdm.config
Loading config for entry point invenio_app_rdm.config
Loading config for entry point invenio_app_rdm.config
Loading config for entry point invenio_app_rdm.config
Loading config for entry point invenio_app_rdm.config
Flask-DebugToolbar extension not installed.
[2025-12-11 07:47:11,466] DEBUG in ext: Flask-DebugToolbar extension not installed.
Flask-DebugToolbar extension not installed.
Flask-DebugToolbar extension not installed.
Flask-DebugToolbar extension not installed.
Flask-DebugToolbar extension not installed.
Flask-DebugToolbar extension not installed.
Flask-DebugToolbar extension not installed.
Flask-DebugToolbar extension not installed.
Flask-DebugToolbar extension not installed.
Flask-DebugToolbar extension not installed.
Flask-DebugToolbar extension not installed.
Flask-DebugToolbar extension not installed.
Flask-DebugToolbar extension not installed.
Flask-DebugToolbar extension not installed.
Flask-DebugToolbar extension not installed.
Flask-DebugToolbar extension not installed.
Flask-DebugToolbar extension not installed.
Flask-DebugToolbar extension not installed.
PASSED

tests/ui/test_sitemaps.py::test_sitemap_section_of_records NotFoundError(404, 'index_not_found_exception', 'no such index [stats-record-view]', stats-record-view, index_or_alias)
[2025-03-27 00:00:00,317] WARNING in api: NotFoundError(404, 'index_not_found_exception', 'no such index [stats-record-view]', stats-record-view, index_or_alias)
NotFoundError(404, 'index_not_found_exception', 'no such index [stats-record-view]', stats-record-view, index_or_alias)
NotFoundError(404, 'index_not_found_exception', 'no such index [stats-record-view]', stats-record-view, index_or_alias)
NotFoundError(404, 'index_not_found_exception', 'no such index [stats-record-view]', stats-record-view, index_or_alias)
NotFoundError(404, 'index_not_found_exception', 'no such index [stats-record-view]', stats-record-view, index_or_alias)
NotFoundError(404, 'index_not_found_exception', 'no such index [stats-record-view]', stats-record-view, index_or_alias)
NotFoundError(404, 'index_not_found_exception', 'no such index [stats-record-view]', stats-record-view, index_or_alias)
NotFoundError(404, 'index_not_found_exception', 'no such index [stats-record-view]', stats-record-view, index_or_alias)
NotFoundError(404, 'index_not_found_exception', 'no such index [stats-record-view]', stats-record-view, index_or_alias)
NotFoundError(404, 'index_not_found_exception', 'no such index [stats-record-view]', stats-record-view, index_or_alias)
NotFoundError(404, 'index_not_found_exception', 'no such index [stats-record-view]', stats-record-view, index_or_alias)
NotFoundError(404, 'index_not_found_exception', 'no such index [stats-record-view]', stats-record-view, index_or_alias)
NotFoundError(404, 'index_not_found_exception', 'no such index [stats-record-view]', stats-record-view, index_or_alias)
NotFoundError(404, 'index_not_found_exception', 'no such index [stats-record-view]', stats-record-view, index_or_alias)
NotFoundError(404, 'index_not_found_exception', 'no such index [stats-record-view]', stats-record-view, index_or_alias)
NotFoundError(404, 'index_not_found_exception', 'no such index [stats-record-view]', stats-record-view, index_or_alias)
NotFoundError(404, 'index_not_found_exception', 'no such index [stats-record-view]', stats-record-view, index_or_alias)
NotFoundError(404, 'index_not_found_exception', 'no such index [stats-record-view]', stats-record-view, index_or_alias)
NotFoundError(404, 'index_not_found_exception', 'no such index [stats-file-download]', stats-file-download, index_or_alias)
[2025-03-27 00:00:00,320] WARNING in api: NotFoundError(404, 'index_not_found_exception', 'no such index [stats-file-download]', stats-file-download, index_or_alias)
NotFoundError(404, 'index_not_found_exception', 'no such index [stats-file-download]', stats-file-download, index_or_alias)
NotFoundError(404, 'index_not_found_exception', 'no such index [stats-file-download]', stats-file-download, index_or_alias)
NotFoundError(404, 'index_not_found_exception', 'no such index [stats-file-download]', stats-file-download, index_or_alias)
NotFoundError(404, 'index_not_found_exception', 'no such index [stats-file-download]', stats-file-download, index_or_alias)
NotFoundError(404, 'index_not_found_exception', 'no such index [stats-file-download]', stats-file-download, index_or_alias)
NotFoundError(404, 'index_not_found_exception', 'no such index [stats-file-download]', stats-file-download, index_or_alias)
NotFoundError(404, 'index_not_found_exception', 'no such index [stats-file-download]', stats-file-download, index_or_alias)
NotFoundError(404, 'index_not_found_exception', 'no such index [stats-file-download]', stats-file-download, index_or_alias)
NotFoundError(404, 'index_not_found_exception', 'no such index [stats-file-download]', stats-file-download, index_or_alias)
NotFoundError(404, 'index_not_found_exception', 'no such index [stats-file-download]', stats-file-download, index_or_alias)
NotFoundError(404, 'index_not_found_exception', 'no such index [stats-file-download]', stats-file-download, index_or_alias)
NotFoundError(404, 'index_not_found_exception', 'no such index [stats-file-download]', stats-file-download, index_or_alias)
NotFoundError(404, 'index_not_found_exception', 'no such index [stats-file-download]', stats-file-download, index_or_alias)
NotFoundError(404, 'index_not_found_exception', 'no such index [stats-file-download]', stats-file-download, index_or_alias)
NotFoundError(404, 'index_not_found_exception', 'no such index [stats-file-download]', stats-file-download, index_or_alias)
NotFoundError(404, 'index_not_found_exception', 'no such index [stats-file-download]', stats-file-download, index_or_alias)
NotFoundError(404, 'index_not_found_exception', 'no such index [stats-file-download]', stats-file-download, index_or_alias)
NotFoundError(404, 'index_not_found_exception', 'no such index [stats-record-view]', stats-record-view, index_or_alias)
[2025-03-27 00:00:00,685] WARNING in api: NotFoundError(404, 'index_not_found_exception', 'no such index [stats-record-view]', stats-record-view, index_or_alias)
NotFoundError(404, 'index_not_found_exception', 'no such index [stats-record-view]', stats-record-view, index_or_alias)
NotFoundError(404, 'index_not_found_exception', 'no such index [stats-record-view]', stats-record-view, index_or_alias)
NotFoundError(404, 'index_not_found_exception', 'no such index [stats-record-view]', stats-record-view, index_or_alias)
NotFoundError(404, 'index_not_found_exception', 'no such index [stats-record-view]', stats-record-view, index_or_alias)
NotFoundError(404, 'index_not_found_exception', 'no such index [stats-record-view]', stats-record-view, index_or_alias)
NotFoundError(404, 'index_not_found_exception', 'no such index [stats-record-view]', stats-record-view, index_or_alias)
NotFoundError(404, 'index_not_found_exception', 'no such index [stats-record-view]', stats-record-view, index_or_alias)
NotFoundError(404, 'index_not_found_exception', 'no such index [stats-record-view]', stats-record-view, index_or_alias)
NotFoundError(404, 'index_not_found_exception', 'no such index [stats-record-view]', stats-record-view, index_or_alias)
NotFoundError(404, 'index_not_found_exception', 'no such index [stats-record-view]', stats-record-view, index_or_alias)
NotFoundError(404, 'index_not_found_exception', 'no such index [stats-record-view]', stats-record-view, index_or_alias)
NotFoundError(404, 'index_not_found_exception', 'no such index [stats-record-view]', stats-record-view, index_or_alias)
NotFoundError(404, 'index_not_found_exception', 'no such index [stats-record-view]', stats-record-view, index_or_alias)
NotFoundError(404, 'index_not_found_exception', 'no such index [stats-record-view]', stats-record-view, index_or_alias)
NotFoundError(404, 'index_not_found_exception', 'no such index [stats-record-view]', stats-record-view, index_or_alias)
NotFoundError(404, 'index_not_found_exception', 'no such index [stats-record-view]', stats-record-view, index_or_alias)
NotFoundError(404, 'index_not_found_exception', 'no such index [stats-record-view]', stats-record-view, index_or_alias)
NotFoundError(404, 'index_not_found_exception', 'no such index [stats-file-download]', stats-file-download, index_or_alias)
[2025-03-27 00:00:00,687] WARNING in api: NotFoundError(404, 'index_not_found_exception', 'no such index [stats-file-download]', stats-file-download, index_or_alias)
NotFoundError(404, 'index_not_found_exception', 'no such index [stats-file-download]', stats-file-download, index_or_alias)
NotFoundError(404, 'index_not_found_exception', 'no such index [stats-file-download]', stats-file-download, index_or_alias)
NotFoundError(404, 'index_not_found_exception', 'no such index [stats-file-download]', stats-file-download, index_or_alias)
NotFoundError(404, 'index_not_found_exception', 'no such index [stats-file-download]', stats-file-download, index_or_alias)
NotFoundError(404, 'index_not_found_exception', 'no such index [stats-file-download]', stats-file-download, index_or_alias)
NotFoundError(404, 'index_not_found_exception', 'no such index [stats-file-download]', stats-file-download, index_or_alias)
NotFoundError(404, 'index_not_found_exception', 'no such index [stats-file-download]', stats-file-download, index_or_alias)
NotFoundError(404, 'index_not_found_exception', 'no such index [stats-file-download]', stats-file-download, index_or_alias)
NotFoundError(404, 'index_not_found_exception', 'no such index [stats-file-download]', stats-file-download, index_or_alias)
NotFoundError(404, 'index_not_found_exception', 'no such index [stats-file-download]', stats-file-download, index_or_alias)
NotFoundError(404, 'index_not_found_exception', 'no such index [stats-file-download]', stats-file-download, index_or_alias)
NotFoundError(404, 'index_not_found_exception', 'no such index [stats-file-download]', stats-file-download, index_or_alias)
NotFoundError(404, 'index_not_found_exception', 'no such index [stats-file-download]', stats-file-download, index_or_alias)
NotFoundError(404, 'index_not_found_exception', 'no such index [stats-file-download]', stats-file-download, index_or_alias)
NotFoundError(404, 'index_not_found_exception', 'no such index [stats-file-download]', stats-file-download, index_or_alias)
NotFoundError(404, 'index_not_found_exception', 'no such index [stats-file-download]', stats-file-download, index_or_alias)
NotFoundError(404, 'index_not_found_exception', 'no such index [stats-file-download]', stats-file-download, index_or_alias)
NotFoundError(404, 'index_not_found_exception', 'no such index [stats-record-view]', stats-record-view, index_or_alias)
[2025-03-28 00:00:00,346] WARNING in api: NotFoundError(404, 'index_not_found_exception', 'no such index [stats-record-view]', stats-record-view, index_or_alias)
NotFoundError(404, 'index_not_found_exception', 'no such index [stats-record-view]', stats-record-view, index_or_alias)
NotFoundError(404, 'index_not_found_exception', 'no such index [stats-record-view]', stats-record-view, index_or_alias)
NotFoundError(404, 'index_not_found_exception', 'no such index [stats-record-view]', stats-record-view, index_or_alias)
NotFoundError(404, 'index_not_found_exception', 'no such index [stats-record-view]', stats-record-view, index_or_alias)
NotFoundError(404, 'index_not_found_exception', 'no such index [stats-record-view]', stats-record-view, index_or_alias)
NotFoundError(404, 'index_not_found_exception', 'no such index [stats-record-view]', stats-record-view, index_or_alias)
NotFoundError(404, 'index_not_found_exception', 'no such index [stats-record-view]', stats-record-view, index_or_alias)
NotFoundError(404, 'index_not_found_exception', 'no such index [stats-record-view]', stats-record-view, index_or_alias)
NotFoundError(404, 'index_not_found_exception', 'no such index [stats-record-view]', stats-record-view, index_or_alias)
NotFoundError(404, 'index_not_found_exception', 'no such index [stats-record-view]', stats-record-view, index_or_alias)
NotFoundError(404, 'index_not_found_exception', 'no such index [stats-record-view]', stats-record-view, index_or_alias)
NotFoundError(404, 'index_not_found_exception', 'no such index [stats-record-view]', stats-record-view, index_or_alias)
NotFoundError(404, 'index_not_found_exception', 'no such index [stats-record-view]', stats-record-view, index_or_alias)
NotFoundError(404, 'index_not_found_exception', 'no such index [stats-record-view]', stats-record-view, index_or_alias)
NotFoundError(404, 'index_not_found_exception', 'no such index [stats-record-view]', stats-record-view, index_or_alias)
NotFoundError(404, 'index_not_found_exception', 'no such index [stats-record-view]', stats-record-view, index_or_alias)
NotFoundError(404, 'index_not_found_exception', 'no such index [stats-record-view]', stats-record-view, index_or_alias)
NotFoundError(404, 'index_not_found_exception', 'no such index [stats-file-download]', stats-file-download, index_or_alias)
[2025-03-28 00:00:00,349] WARNING in api: NotFoundError(404, 'index_not_found_exception', 'no such index [stats-file-download]', stats-file-download, index_or_alias)
NotFoundError(404, 'index_not_found_exception', 'no such index [stats-file-download]', stats-file-download, index_or_alias)
NotFoundError(404, 'index_not_found_exception', 'no such index [stats-file-download]', stats-file-download, index_or_alias)
NotFoundError(404, 'index_not_found_exception', 'no such index [stats-file-download]', stats-file-download, index_or_alias)
NotFoundError(404, 'index_not_found_exception', 'no such index [stats-file-download]', stats-file-download, index_or_alias)
NotFoundError(404, 'index_not_found_exception', 'no such index [stats-file-download]', stats-file-download, index_or_alias)
NotFoundError(404, 'index_not_found_exception', 'no such index [stats-file-download]', stats-file-download, index_or_alias)
NotFoundError(404, 'index_not_found_exception', 'no such index [stats-file-download]', stats-file-download, index_or_alias)
NotFoundError(404, 'index_not_found_exception', 'no such index [stats-file-download]', stats-file-download, index_or_alias)
NotFoundError(404, 'index_not_found_exception', 'no such index [stats-file-download]', stats-file-download, index_or_alias)
NotFoundError(404, 'index_not_found_exception', 'no such index [stats-file-download]', stats-file-download, index_or_alias)
NotFoundError(404, 'index_not_found_exception', 'no such index [stats-file-download]', stats-file-download, index_or_alias)
NotFoundError(404, 'index_not_found_exception', 'no such index [stats-file-download]', stats-file-download, index_or_alias)
NotFoundError(404, 'index_not_found_exception', 'no such index [stats-file-download]', stats-file-download, index_or_alias)
NotFoundError(404, 'index_not_found_exception', 'no such index [stats-file-download]', stats-file-download, index_or_alias)
NotFoundError(404, 'index_not_found_exception', 'no such index [stats-file-download]', stats-file-download, index_or_alias)
NotFoundError(404, 'index_not_found_exception', 'no such index [stats-file-download]', stats-file-download, index_or_alias)
NotFoundError(404, 'index_not_found_exception', 'no such index [stats-file-download]', stats-file-download, index_or_alias)
PASSED

tests/ui/test_stats_ui.py::ISORT PASSED
tests/ui/test_stats_ui.py::black PASSED
tests/ui/test_stats_ui.py::test_record_view_events Loading config for entry point invenio_app_rdm.config
[2025-12-11 07:47:17,434] DEBUG in entrypoint: Loading config for entry point invenio_app_rdm.config
Loading config for entry point invenio_app_rdm.config
Loading config for entry point invenio_app_rdm.config
Loading config for entry point invenio_app_rdm.config
Loading config for entry point invenio_app_rdm.config
Loading config for entry point invenio_app_rdm.config
Loading config for entry point invenio_app_rdm.config
Loading config for entry point invenio_app_rdm.config
Loading config for entry point invenio_app_rdm.config
Loading config for entry point invenio_app_rdm.config
Loading config for entry point invenio_app_rdm.config
Loading config for entry point invenio_app_rdm.config
Loading config for entry point invenio_app_rdm.config
Loading config for entry point invenio_app_rdm.config
Loading config for entry point invenio_app_rdm.config
Loading config for entry point invenio_app_rdm.config
Loading config for entry point invenio_app_rdm.config
Loading config for entry point invenio_app_rdm.config
Flask-DebugToolbar extension not installed.
[2025-12-11 07:47:18,570] DEBUG in ext: Flask-DebugToolbar extension not installed.
Flask-DebugToolbar extension not installed.
Flask-DebugToolbar extension not installed.
Flask-DebugToolbar extension not installed.
Flask-DebugToolbar extension not installed.
Flask-DebugToolbar extension not installed.
Flask-DebugToolbar extension not installed.
Flask-DebugToolbar extension not installed.
Flask-DebugToolbar extension not installed.
Flask-DebugToolbar extension not installed.
Flask-DebugToolbar extension not installed.
Flask-DebugToolbar extension not installed.
Flask-DebugToolbar extension not installed.
Flask-DebugToolbar extension not installed.
Flask-DebugToolbar extension not installed.
Flask-DebugToolbar extension not installed.
Flask-DebugToolbar extension not installed.
Flask-DebugToolbar extension not installed.
Flask-DebugToolbar extension not installed.
NotFoundError(404, 'index_not_found_exception', 'no such index [stats-record-view]', stats-record-view, index_or_alias)
[2025-12-11 07:47:22,097] WARNING in api: NotFoundError(404, 'index_not_found_exception', 'no such index [stats-record-view]', stats-record-view, index_or_alias)
NotFoundError(404, 'index_not_found_exception', 'no such index [stats-record-view]', stats-record-view, index_or_alias)
NotFoundError(404, 'index_not_found_exception', 'no such index [stats-record-view]', stats-record-view, index_or_alias)
NotFoundError(404, 'index_not_found_exception', 'no such index [stats-record-view]', stats-record-view, index_or_alias)
NotFoundError(404, 'index_not_found_exception', 'no such index [stats-record-view]', stats-record-view, index_or_alias)
NotFoundError(404, 'index_not_found_exception', 'no such index [stats-record-view]', stats-record-view, index_or_alias)
NotFoundError(404, 'index_not_found_exception', 'no such index [stats-record-view]', stats-record-view, index_or_alias)
NotFoundError(404, 'index_not_found_exception', 'no such index [stats-record-view]', stats-record-view, index_or_alias)
NotFoundError(404, 'index_not_found_exception', 'no such index [stats-record-view]', stats-record-view, index_or_alias)
NotFoundError(404, 'index_not_found_exception', 'no such index [stats-record-view]', stats-record-view, index_or_alias)
NotFoundError(404, 'index_not_found_exception', 'no such index [stats-record-view]', stats-record-view, index_or_alias)
NotFoundError(404, 'index_not_found_exception', 'no such index [stats-record-view]', stats-record-view, index_or_alias)
NotFoundError(404, 'index_not_found_exception', 'no such index [stats-record-view]', stats-record-view, index_or_alias)
NotFoundError(404, 'index_not_found_exception', 'no such index [stats-record-view]', stats-record-view, index_or_alias)
NotFoundError(404, 'index_not_found_exception', 'no such index [stats-record-view]', stats-record-view, index_or_alias)
NotFoundError(404, 'index_not_found_exception', 'no such index [stats-record-view]', stats-record-view, index_or_alias)
NotFoundError(404, 'index_not_found_exception', 'no such index [stats-record-view]', stats-record-view, index_or_alias)
NotFoundError(404, 'index_not_found_exception', 'no such index [stats-record-view]', stats-record-view, index_or_alias)
NotFoundError(404, 'index_not_found_exception', 'no such index [stats-record-view]', stats-record-view, index_or_alias)
NotFoundError(404, 'index_not_found_exception', 'no such index [stats-file-download]', stats-file-download, index_or_alias)
[2025-12-11 07:47:22,100] WARNING in api: NotFoundError(404, 'index_not_found_exception', 'no such index [stats-file-download]', stats-file-download, index_or_alias)
NotFoundError(404, 'index_not_found_exception', 'no such index [stats-file-download]', stats-file-download, index_or_alias)
NotFoundError(404, 'index_not_found_exception', 'no such index [stats-file-download]', stats-file-download, index_or_alias)
NotFoundError(404, 'index_not_found_exception', 'no such index [stats-file-download]', stats-file-download, index_or_alias)
NotFoundError(404, 'index_not_found_exception', 'no such index [stats-file-download]', stats-file-download, index_or_alias)
NotFoundError(404, 'index_not_found_exception', 'no such index [stats-file-download]', stats-file-download, index_or_alias)
NotFoundError(404, 'index_not_found_exception', 'no such index [stats-file-download]', stats-file-download, index_or_alias)
NotFoundError(404, 'index_not_found_exception', 'no such index [stats-file-download]', stats-file-download, index_or_alias)
NotFoundError(404, 'index_not_found_exception', 'no such index [stats-file-download]', stats-file-download, index_or_alias)
NotFoundError(404, 'index_not_found_exception', 'no such index [stats-file-download]', stats-file-download, index_or_alias)
NotFoundError(404, 'index_not_found_exception', 'no such index [stats-file-download]', stats-file-download, index_or_alias)
NotFoundError(404, 'index_not_found_exception', 'no such index [stats-file-download]', stats-file-download, index_or_alias)
NotFoundError(404, 'index_not_found_exception', 'no such index [stats-file-download]', stats-file-download, index_or_alias)
NotFoundError(404, 'index_not_found_exception', 'no such index [stats-file-download]', stats-file-download, index_or_alias)
NotFoundError(404, 'index_not_found_exception', 'no such index [stats-file-download]', stats-file-download, index_or_alias)
NotFoundError(404, 'index_not_found_exception', 'no such index [stats-file-download]', stats-file-download, index_or_alias)
NotFoundError(404, 'index_not_found_exception', 'no such index [stats-file-download]', stats-file-download, index_or_alias)
NotFoundError(404, 'index_not_found_exception', 'no such index [stats-file-download]', stats-file-download, index_or_alias)
NotFoundError(404, 'index_not_found_exception', 'no such index [stats-file-download]', stats-file-download, index_or_alias)
PASSED

tests/ui/test_stats_ui.py::test_record_view_statistics NotFoundError(404, 'index_not_found_exception', 'no such index [stats-record-view]', stats-record-view, index_or_alias)
[2025-12-11 07:47:22,730] WARNING in api: NotFoundError(404, 'index_not_found_exception', 'no such index [stats-record-view]', stats-record-view, index_or_alias)
NotFoundError(404, 'index_not_found_exception', 'no such index [stats-record-view]', stats-record-view, index_or_alias)
NotFoundError(404, 'index_not_found_exception', 'no such index [stats-record-view]', stats-record-view, index_or_alias)
NotFoundError(404, 'index_not_found_exception', 'no such index [stats-record-view]', stats-record-view, index_or_alias)
NotFoundError(404, 'index_not_found_exception', 'no such index [stats-record-view]', stats-record-view, index_or_alias)
NotFoundError(404, 'index_not_found_exception', 'no such index [stats-record-view]', stats-record-view, index_or_alias)
NotFoundError(404, 'index_not_found_exception', 'no such index [stats-record-view]', stats-record-view, index_or_alias)
NotFoundError(404, 'index_not_found_exception', 'no such index [stats-record-view]', stats-record-view, index_or_alias)
NotFoundError(404, 'index_not_found_exception', 'no such index [stats-record-view]', stats-record-view, index_or_alias)
NotFoundError(404, 'index_not_found_exception', 'no such index [stats-record-view]', stats-record-view, index_or_alias)
NotFoundError(404, 'index_not_found_exception', 'no such index [stats-record-view]', stats-record-view, index_or_alias)
NotFoundError(404, 'index_not_found_exception', 'no such index [stats-record-view]', stats-record-view, index_or_alias)
NotFoundError(404, 'index_not_found_exception', 'no such index [stats-record-view]', stats-record-view, index_or_alias)
NotFoundError(404, 'index_not_found_exception', 'no such index [stats-record-view]', stats-record-view, index_or_alias)
NotFoundError(404, 'index_not_found_exception', 'no such index [stats-record-view]', stats-record-view, index_or_alias)
NotFoundError(404, 'index_not_found_exception', 'no such index [stats-record-view]', stats-record-view, index_or_alias)
NotFoundError(404, 'index_not_found_exception', 'no such index [stats-record-view]', stats-record-view, index_or_alias)
NotFoundError(404, 'index_not_found_exception', 'no such index [stats-record-view]', stats-record-view, index_or_alias)
NotFoundError(404, 'index_not_found_exception', 'no such index [stats-record-view]', stats-record-view, index_or_alias)
NotFoundError(404, 'index_not_found_exception', 'no such index [stats-file-download]', stats-file-download, index_or_alias)
[2025-12-11 07:47:22,733] WARNING in api: NotFoundError(404, 'index_not_found_exception', 'no such index [stats-file-download]', stats-file-download, index_or_alias)
NotFoundError(404, 'index_not_found_exception', 'no such index [stats-file-download]', stats-file-download, index_or_alias)
NotFoundError(404, 'index_not_found_exception', 'no such index [stats-file-download]', stats-file-download, index_or_alias)
NotFoundError(404, 'index_not_found_exception', 'no such index [stats-file-download]', stats-file-download, index_or_alias)
NotFoundError(404, 'index_not_found_exception', 'no such index [stats-file-download]', stats-file-download, index_or_alias)
NotFoundError(404, 'index_not_found_exception', 'no such index [stats-file-download]', stats-file-download, index_or_alias)
NotFoundError(404, 'index_not_found_exception', 'no such index [stats-file-download]', stats-file-download, index_or_alias)
NotFoundError(404, 'index_not_found_exception', 'no such index [stats-file-download]', stats-file-download, index_or_alias)
NotFoundError(404, 'index_not_found_exception', 'no such index [stats-file-download]', stats-file-download, index_or_alias)
NotFoundError(404, 'index_not_found_exception', 'no such index [stats-file-download]', stats-file-download, index_or_alias)
NotFoundError(404, 'index_not_found_exception', 'no such index [stats-file-download]', stats-file-download, index_or_alias)
NotFoundError(404, 'index_not_found_exception', 'no such index [stats-file-download]', stats-file-download, index_or_alias)
NotFoundError(404, 'index_not_found_exception', 'no such index [stats-file-download]', stats-file-download, index_or_alias)
NotFoundError(404, 'index_not_found_exception', 'no such index [stats-file-download]', stats-file-download, index_or_alias)
NotFoundError(404, 'index_not_found_exception', 'no such index [stats-file-download]', stats-file-download, index_or_alias)
NotFoundError(404, 'index_not_found_exception', 'no such index [stats-file-download]', stats-file-download, index_or_alias)
NotFoundError(404, 'index_not_found_exception', 'no such index [stats-file-download]', stats-file-download, index_or_alias)
NotFoundError(404, 'index_not_found_exception', 'no such index [stats-file-download]', stats-file-download, index_or_alias)
NotFoundError(404, 'index_not_found_exception', 'no such index [stats-file-download]', stats-file-download, index_or_alias)
PASSED

invenio_app_rdm/__init__.py::PYDOCSTYLE PASSED
invenio_app_rdm/__init__.py::ISORT PASSED
invenio_app_rdm/__init__.py::black PASSED
invenio_app_rdm/administration/__init__.py::PYDOCSTYLE PASSED
invenio_app_rdm/administration/__init__.py::ISORT PASSED
invenio_app_rdm/administration/__init__.py::black PASSED
invenio_app_rdm/administration/audit_logs/__init__.py::PYDOCSTYLE PASSED
invenio_app_rdm/administration/audit_logs/__init__.py::ISORT PASSED
invenio_app_rdm/administration/audit_logs/__init__.py::black PASSED
invenio_app_rdm/administration/audit_logs/audit_logs.py::PYDOCSTYLE PASSED
invenio_app_rdm/administration/audit_logs/audit_logs.py::ISORT PASSED
invenio_app_rdm/administration/audit_logs/audit_logs.py::black PASSED
invenio_app_rdm/administration/domains/__init__.py::PYDOCSTYLE PASSED
invenio_app_rdm/administration/domains/__init__.py::ISORT PASSED
invenio_app_rdm/administration/domains/__init__.py::black PASSED
invenio_app_rdm/administration/domains/domains.py::PYDOCSTYLE PASSED
invenio_app_rdm/administration/domains/domains.py::ISORT PASSED
invenio_app_rdm/administration/domains/domains.py::black PASSED
invenio_app_rdm/administration/moderation/__init__.py::PYDOCSTYLE PASSED
invenio_app_rdm/administration/moderation/__init__.py::ISORT PASSED
invenio_app_rdm/administration/moderation/__init__.py::black PASSED
invenio_app_rdm/administration/moderation/requests.py::PYDOCSTYLE PASSED
invenio_app_rdm/administration/moderation/requests.py::ISORT PASSED
invenio_app_rdm/administration/moderation/requests.py::black PASSED
invenio_app_rdm/administration/records/__init__.py::PYDOCSTYLE PASSED
invenio_app_rdm/administration/records/__init__.py::ISORT PASSED
invenio_app_rdm/administration/records/__init__.py::black PASSED
invenio_app_rdm/administration/records/records.py::PYDOCSTYLE PASSED
invenio_app_rdm/administration/records/records.py::ISORT PASSED
invenio_app_rdm/administration/records/records.py::black PASSED
invenio_app_rdm/administration/user_moderation/__init__.py::PYDOCSTYLE PASSED
invenio_app_rdm/administration/user_moderation/__init__.py::ISORT PASSED
invenio_app_rdm/administration/user_moderation/__init__.py::black PASSED
invenio_app_rdm/administration/user_moderation/user_moderation.py::PYDOCSTYLE PASSED
invenio_app_rdm/administration/user_moderation/user_moderation.py::ISORT PASSED
invenio_app_rdm/administration/user_moderation/user_moderation.py::black PASSED
invenio_app_rdm/administration/users/__init__.py::PYDOCSTYLE PASSED
invenio_app_rdm/administration/users/__init__.py::ISORT PASSED
invenio_app_rdm/administration/users/__init__.py::black PASSED
invenio_app_rdm/administration/users/users.py::PYDOCSTYLE PASSED
invenio_app_rdm/administration/users/users.py::ISORT PASSED
invenio_app_rdm/administration/users/users.py::black PASSED
invenio_app_rdm/administration/views/__init__.py::PYDOCSTYLE PASSED
invenio_app_rdm/administration/views/__init__.py::ISORT PASSED
invenio_app_rdm/administration/views/__init__.py::black PASSED
invenio_app_rdm/administration/views/ui.py::PYDOCSTYLE PASSED
invenio_app_rdm/administration/views/ui.py::ISORT PASSED
invenio_app_rdm/administration/views/ui.py::black PASSED
invenio_app_rdm/cli.py::PYDOCSTYLE PASSED
invenio_app_rdm/cli.py::ISORT PASSED
invenio_app_rdm/cli.py::black PASSED
invenio_app_rdm/communities_ui/__init__.py::PYDOCSTYLE PASSED
invenio_app_rdm/communities_ui/__init__.py::ISORT PASSED
invenio_app_rdm/communities_ui/__init__.py::black PASSED
invenio_app_rdm/communities_ui/searchapp.py::PYDOCSTYLE PASSED
invenio_app_rdm/communities_ui/searchapp.py::ISORT PASSED
invenio_app_rdm/communities_ui/searchapp.py::black PASSED
invenio_app_rdm/communities_ui/sitemap.py::PYDOCSTYLE PASSED
invenio_app_rdm/communities_ui/sitemap.py::ISORT PASSED
invenio_app_rdm/communities_ui/sitemap.py::black PASSED
invenio_app_rdm/communities_ui/views/__init__.py::PYDOCSTYLE PASSED
invenio_app_rdm/communities_ui/views/__init__.py::ISORT PASSED
invenio_app_rdm/communities_ui/views/__init__.py::black PASSED
invenio_app_rdm/communities_ui/views/communities.py::PYDOCSTYLE PASSED
invenio_app_rdm/communities_ui/views/communities.py::ISORT PASSED
invenio_app_rdm/communities_ui/views/communities.py::black PASSED
invenio_app_rdm/communities_ui/views/ui.py::PYDOCSTYLE PASSED
invenio_app_rdm/communities_ui/views/ui.py::ISORT PASSED
invenio_app_rdm/communities_ui/views/ui.py::black PASSED
invenio_app_rdm/config.py::PYDOCSTYLE PASSED
invenio_app_rdm/config.py::ISORT PASSED
invenio_app_rdm/config.py::black PASSED
invenio_app_rdm/ext.py::PYDOCSTYLE PASSED
invenio_app_rdm/ext.py::ISORT PASSED
invenio_app_rdm/ext.py::black PASSED
invenio_app_rdm/fixtures/__init__.py::PYDOCSTYLE PASSED
invenio_app_rdm/fixtures/__init__.py::ISORT PASSED
invenio_app_rdm/fixtures/__init__.py::black PASSED
invenio_app_rdm/fixtures/oai_sets.py::PYDOCSTYLE PASSED
invenio_app_rdm/fixtures/oai_sets.py::ISORT PASSED
invenio_app_rdm/fixtures/oai_sets.py::black PASSED
invenio_app_rdm/fixtures/pages.py::PYDOCSTYLE PASSED
invenio_app_rdm/fixtures/pages.py::ISORT PASSED
invenio_app_rdm/fixtures/pages.py::black PASSED
invenio_app_rdm/records_ui/__init__.py::PYDOCSTYLE PASSED
invenio_app_rdm/records_ui/__init__.py::ISORT PASSED
invenio_app_rdm/records_ui/__init__.py::black PASSED
invenio_app_rdm/records_ui/previewer/__init__.py::PYDOCSTYLE PASSED
invenio_app_rdm/records_ui/previewer/__init__.py::ISORT PASSED
invenio_app_rdm/records_ui/previewer/__init__.py::black PASSED
invenio_app_rdm/records_ui/previewer/iiif_simple.py::PYDOCSTYLE PASSED
invenio_app_rdm/records_ui/previewer/iiif_simple.py::ISORT PASSED
invenio_app_rdm/records_ui/previewer/iiif_simple.py::black PASSED
invenio_app_rdm/records_ui/previewer/previewable_zip.py::PYDOCSTYLE PASSED
invenio_app_rdm/records_ui/previewer/previewable_zip.py::ISORT PASSED
invenio_app_rdm/records_ui/previewer/previewable_zip.py::black PASSED
invenio_app_rdm/records_ui/searchapp.py::PYDOCSTYLE PASSED
invenio_app_rdm/records_ui/searchapp.py::ISORT PASSED
invenio_app_rdm/records_ui/searchapp.py::black PASSED
invenio_app_rdm/records_ui/sitemap.py::PYDOCSTYLE PASSED
invenio_app_rdm/records_ui/sitemap.py::ISORT PASSED
invenio_app_rdm/records_ui/sitemap.py::black PASSED
invenio_app_rdm/records_ui/utils.py::PYDOCSTYLE PASSED
invenio_app_rdm/records_ui/utils.py::ISORT PASSED
invenio_app_rdm/records_ui/utils.py::black PASSED
invenio_app_rdm/records_ui/views/__init__.py::PYDOCSTYLE PASSED
invenio_app_rdm/records_ui/views/__init__.py::ISORT PASSED
invenio_app_rdm/records_ui/views/__init__.py::black PASSED
invenio_app_rdm/records_ui/views/decorators.py::PYDOCSTYLE PASSED
invenio_app_rdm/records_ui/views/decorators.py::ISORT PASSED
invenio_app_rdm/records_ui/views/decorators.py::black PASSED
invenio_app_rdm/records_ui/views/deposits.py::PYDOCSTYLE PASSED
invenio_app_rdm/records_ui/views/deposits.py::ISORT PASSED
invenio_app_rdm/records_ui/views/deposits.py::black PASSED
invenio_app_rdm/records_ui/views/filters.py::PYDOCSTYLE PASSED
invenio_app_rdm/records_ui/views/filters.py::ISORT PASSED
invenio_app_rdm/records_ui/views/filters.py::black PASSED
invenio_app_rdm/records_ui/views/records.py::PYDOCSTYLE PASSED
invenio_app_rdm/records_ui/views/records.py::ISORT PASSED
invenio_app_rdm/records_ui/views/records.py::black PASSED
invenio_app_rdm/redirector/__init__.py::PYDOCSTYLE PASSED
invenio_app_rdm/redirector/__init__.py::ISORT PASSED
invenio_app_rdm/redirector/__init__.py::black PASSED
invenio_app_rdm/redirector/resource.py::PYDOCSTYLE PASSED
invenio_app_rdm/redirector/resource.py::ISORT PASSED
invenio_app_rdm/redirector/resource.py::black PASSED
invenio_app_rdm/redirector/views.py::PYDOCSTYLE PASSED
invenio_app_rdm/redirector/views.py::ISORT PASSED
invenio_app_rdm/redirector/views.py::black PASSED
invenio_app_rdm/requests_ui/__init__.py::PYDOCSTYLE PASSED
invenio_app_rdm/requests_ui/__init__.py::ISORT PASSED
invenio_app_rdm/requests_ui/__init__.py::black PASSED
invenio_app_rdm/requests_ui/views/__init__.py::PYDOCSTYLE PASSED
invenio_app_rdm/requests_ui/views/__init__.py::ISORT PASSED
invenio_app_rdm/requests_ui/views/__init__.py::black PASSED
invenio_app_rdm/requests_ui/views/requests.py::PYDOCSTYLE PASSED
invenio_app_rdm/requests_ui/views/requests.py::ISORT PASSED
invenio_app_rdm/requests_ui/views/requests.py::black PASSED
invenio_app_rdm/requests_ui/views/ui.py::PYDOCSTYLE PASSED
invenio_app_rdm/requests_ui/views/ui.py::ISORT PASSED
invenio_app_rdm/requests_ui/views/ui.py::black PASSED
invenio_app_rdm/tasks.py::PYDOCSTYLE PASSED
invenio_app_rdm/tasks.py::ISORT PASSED
invenio_app_rdm/tasks.py::black PASSED
invenio_app_rdm/theme/__init__.py::PYDOCSTYLE PASSED
invenio_app_rdm/theme/__init__.py::ISORT PASSED
invenio_app_rdm/theme/__init__.py::black PASSED
invenio_app_rdm/theme/views.py::PYDOCSTYLE PASSED
invenio_app_rdm/theme/views.py::ISORT PASSED
invenio_app_rdm/theme/views.py::black PASSED
invenio_app_rdm/theme/webpack.py::PYDOCSTYLE PASSED
invenio_app_rdm/theme/webpack.py::ISORT PASSED
invenio_app_rdm/theme/webpack.py::black PASSED
invenio_app_rdm/upgrade_scripts/__init__.py::PYDOCSTYLE PASSED
invenio_app_rdm/upgrade_scripts/__init__.py::ISORT PASSED
invenio_app_rdm/upgrade_scripts/__init__.py::black PASSED
invenio_app_rdm/upgrade_scripts/fix_migrated_records_from_1_0_to_2_0.py::PYDOCSTYLE PASSED
invenio_app_rdm/upgrade_scripts/fix_migrated_records_from_1_0_to_2_0.py::ISORT PASSED
invenio_app_rdm/upgrade_scripts/fix_migrated_records_from_1_0_to_2_0.py::black PASSED
invenio_app_rdm/upgrade_scripts/fix_migrated_records_from_8_0_to_9_0.py::PYDOCSTYLE PASSED
invenio_app_rdm/upgrade_scripts/fix_migrated_records_from_8_0_to_9_0.py::ISORT PASSED
invenio_app_rdm/upgrade_scripts/fix_migrated_records_from_8_0_to_9_0.py::black PASSED
invenio_app_rdm/upgrade_scripts/migrate_10_0_to_11_0.py::PYDOCSTYLE PASSED
invenio_app_rdm/upgrade_scripts/migrate_10_0_to_11_0.py::ISORT PASSED
invenio_app_rdm/upgrade_scripts/migrate_10_0_to_11_0.py::black PASSED
invenio_app_rdm/upgrade_scripts/migrate_11_0_to_12_0.py::PYDOCSTYLE PASSED
invenio_app_rdm/upgrade_scripts/migrate_11_0_to_12_0.py::ISORT PASSED
invenio_app_rdm/upgrade_scripts/migrate_11_0_to_12_0.py::black PASSED
invenio_app_rdm/upgrade_scripts/migrate_12_0_to_13_0.py::PYDOCSTYLE PASSED
invenio_app_rdm/upgrade_scripts/migrate_12_0_to_13_0.py::ISORT PASSED
invenio_app_rdm/upgrade_scripts/migrate_12_0_to_13_0.py::black PASSED
invenio_app_rdm/upgrade_scripts/migrate_13_0_to_14_0.py::PYDOCSTYLE PASSED
invenio_app_rdm/upgrade_scripts/migrate_13_0_to_14_0.py::ISORT PASSED
invenio_app_rdm/upgrade_scripts/migrate_13_0_to_14_0.py::black PASSED
invenio_app_rdm/upgrade_scripts/migrate_1_0_records_to_2_0.py::PYDOCSTYLE PASSED
invenio_app_rdm/upgrade_scripts/migrate_1_0_records_to_2_0.py::ISORT PASSED
invenio_app_rdm/upgrade_scripts/migrate_1_0_records_to_2_0.py::black PASSED
invenio_app_rdm/upgrade_scripts/migrate_2_0_to_3_0.py::PYDOCSTYLE PASSED
invenio_app_rdm/upgrade_scripts/migrate_2_0_to_3_0.py::ISORT PASSED
invenio_app_rdm/upgrade_scripts/migrate_2_0_to_3_0.py::black PASSED
invenio_app_rdm/upgrade_scripts/migrate_3_0_to_4_0.py::PYDOCSTYLE PASSED
invenio_app_rdm/upgrade_scripts/migrate_3_0_to_4_0.py::ISORT PASSED
invenio_app_rdm/upgrade_scripts/migrate_3_0_to_4_0.py::black PASSED
invenio_app_rdm/upgrade_scripts/migrate_4_0_to_6_0.py::PYDOCSTYLE PASSED
invenio_app_rdm/upgrade_scripts/migrate_4_0_to_6_0.py::ISORT PASSED
invenio_app_rdm/upgrade_scripts/migrate_4_0_to_6_0.py::black PASSED
invenio_app_rdm/upgrade_scripts/migrate_6_0_to_7_0.py::PYDOCSTYLE PASSED
invenio_app_rdm/upgrade_scripts/migrate_6_0_to_7_0.py::ISORT PASSED
invenio_app_rdm/upgrade_scripts/migrate_6_0_to_7_0.py::black PASSED
invenio_app_rdm/upgrade_scripts/migrate_7_0_to_8_0.py::PYDOCSTYLE PASSED
invenio_app_rdm/upgrade_scripts/migrate_7_0_to_8_0.py::ISORT PASSED
invenio_app_rdm/upgrade_scripts/migrate_7_0_to_8_0.py::black PASSED
invenio_app_rdm/upgrade_scripts/migrate_8_0_to_9_0.py::PYDOCSTYLE PASSED
invenio_app_rdm/upgrade_scripts/migrate_8_0_to_9_0.py::ISORT PASSED
invenio_app_rdm/upgrade_scripts/migrate_8_0_to_9_0.py::black PASSED
invenio_app_rdm/upgrade_scripts/migrate_9_0_to_10_0.py::PYDOCSTYLE PASSED
invenio_app_rdm/upgrade_scripts/migrate_9_0_to_10_0.py::ISORT PASSED
invenio_app_rdm/upgrade_scripts/migrate_9_0_to_10_0.py::black PASSED
invenio_app_rdm/users/schemas.py::PYDOCSTYLE PASSED
invenio_app_rdm/users/schemas.py::ISORT PASSED
invenio_app_rdm/users/schemas.py::black PASSED
invenio_app_rdm/users_ui/__init__.py::PYDOCSTYLE PASSED
invenio_app_rdm/users_ui/__init__.py::ISORT PASSED
invenio_app_rdm/users_ui/__init__.py::black PASSED
invenio_app_rdm/users_ui/searchapp.py::PYDOCSTYLE PASSED
invenio_app_rdm/users_ui/searchapp.py::ISORT PASSED
invenio_app_rdm/users_ui/searchapp.py::black PASSED
invenio_app_rdm/users_ui/views/__init__.py::PYDOCSTYLE PASSED
invenio_app_rdm/users_ui/views/__init__.py::ISORT PASSED
invenio_app_rdm/users_ui/views/__init__.py::black PASSED
invenio_app_rdm/users_ui/views/dashboard.py::PYDOCSTYLE PASSED
invenio_app_rdm/users_ui/views/dashboard.py::ISORT PASSED
invenio_app_rdm/users_ui/views/dashboard.py::black PASSED
invenio_app_rdm/users_ui/views/ui.py::PYDOCSTYLE PASSED
invenio_app_rdm/users_ui/views/ui.py::ISORT PASSED
invenio_app_rdm/users_ui/views/ui.py::black PASSED
invenio_app_rdm/utils/files.py::PYDOCSTYLE PASSED
invenio_app_rdm/utils/files.py::ISORT PASSED
invenio_app_rdm/utils/files.py::black PASSED
invenio_app_rdm/views.py::PYDOCSTYLE PASSED
invenio_app_rdm/views.py::ISORT PASSED
invenio_app_rdm/views.py::black PASSED

=============================== warnings summary ===============================
.venv/lib/python3.12/site-packages/passlib/utils/__init__.py:854
    from crypt import crypt as _crypt

.venv/lib/python3.12/site-packages/invenio_vocabularies/config.py:15
    from idutils import is_doi, is_gnd, is_isni, is_orcid, is_ror, is_url

.venv/lib/python3.12/site-packages/jsonresolver/contrib/jsonschema.py:31
.venv/lib/python3.12/site-packages/jsonresolver/contrib/jsonschema.py:31
    from jsonschema import RefResolver as _RefResolver

.venv/lib/python3.12/site-packages/invenio_records/resolver.py:14
.venv/lib/python3.12/site-packages/invenio_records/resolver.py:14
    from jsonschema import RefResolutionError, RefResolver

.venv/lib/python3.12/site-packages/invenio_records/resolver.py:14
.venv/lib/python3.12/site-packages/invenio_records/resolver.py:14
    from jsonschema import RefResolutionError, RefResolver

.venv/lib/python3.12/site-packages/fs/__init__.py:4
    __import__("pkg_resources").declare_namespace(__name__)  # type: ignore

.venv/lib/python3.12/site-packages/pkg_resources/__init__.py:3146
  Implementing implicit namespace packages (as specified in PEP 420) is preferred to `pkg_resources.declare_namespace`. See https://setuptools.pypa.io/en/latest/references/keywords.html#keyword-namespace-packages
    declare_namespace(pkg)

.venv/lib/python3.12/site-packages/fs/__init__.py:4
  Implementing implicit namespace packages (as specified in PEP 420) is preferred to `pkg_resources.declare_namespace`. See https://setuptools.pypa.io/en/latest/references/keywords.html#keyword-namespace-packages
    __import__("pkg_resources").declare_namespace(__name__)  # type: ignore

.venv/lib/python3.12/site-packages/fs/opener/__init__.py:6
  Implementing implicit namespace packages (as specified in PEP 420) is preferred to `pkg_resources.declare_namespace`. See https://setuptools.pypa.io/en/latest/references/keywords.html#keyword-namespace-packages
    __import__("pkg_resources").declare_namespace(__name__)  # type: ignore

.venv/lib/python3.12/site-packages/pkg_resources/__init__.py:2558
  Implementing implicit namespace packages (as specified in PEP 420) is preferred to `pkg_resources.declare_namespace`. See https://setuptools.pypa.io/en/latest/references/keywords.html#keyword-namespace-packages
    declare_namespace(parent)

.venv/lib/python3.12/site-packages/marshmallow_utils/fields/generated.py:12
.venv/lib/python3.12/site-packages/marshmallow_utils/fields/generated.py:12
    from marshmallow import __version_info__ as marshmallow_version

    warnings.warn(

.venv/lib/python3.12/site-packages/marshmallow/utils.py:361
.venv/lib/python3.12/site-packages/marshmallow/utils.py:361
  /home/runner/work/invenio-testrig/invenio-testrig/package-repo/.venv/lib/python3.12/site-packages/marshmallow/utils.py:361: ChangedInMarshmallow4Warning: `Field` should not be instantiated. Use `fields.Raw` or  another field subclass instead.
    return cls_or_instance()

.venv/lib/python3.12/site-packages/invenio_rdm_records/services/facets.py:75
    warn(

.venv/lib/python3.12/site-packages/webargs/compat.py:8
    MARSHMALLOW_VERSION_INFO = tuple(LooseVersion(ma.__version__).version)  # type: tuple

.venv/lib/python3.12/site-packages/webargs/compat.py:8
    MARSHMALLOW_VERSION_INFO = tuple(LooseVersion(ma.__version__).version)  # type: tuple

.venv/lib/python3.12/site-packages/webargs/__init__.py:13
    __version_info__ = tuple(LooseVersion(__version__).version)

.venv/lib/python3.12/site-packages/datacite/jsonutils.py:15
.venv/lib/python3.12/site-packages/datacite/jsonutils.py:15
    from jsonschema import RefResolver, validate

tests/api/test_record_api.py::test_record_read_non_existing_pid
tests/api/test_stats_api.py::test_ui_event_emission
tests/fixtures/test_cli.py::test_create_fixtures
tests/fixtures/test_fixtures.py::test_load_oai_sets
tests/redirector/test_redirector.py::test_redirector
tests/test_migrate_13_0_to_14_0.py::TestMigration13To14::test_migration
tests/test_tasks.py::test_task_file_integrity_report
    self.init_app(app)

    warn(

    warn(

    return util.wrap_callable(lambda ctx: fn(), fn)  # type: ignore

tests/api/test_record_api.py::test_record_read_non_existing_pid
tests/api/test_record_api.py::test_record_draft_create_and_read
tests/api/test_record_api.py::test_record_draft_publish
tests/api/test_record_api.py::test_read_record_with_redirected_pid
tests/api/test_record_api.py::test_record_search
    warn(

    target.updated = datetime.utcnow()

tests/api/test_record_api.py::test_record_draft_create_and_read
tests/api/test_record_api.py::test_record_draft_publish
tests/api/test_record_api.py::test_read_record_with_redirected_pid
tests/redirector/test_redirector.py::test_redirector
tests/ui/test_deposits.py::test_resource_types
tests/ui/test_file_download.py::test_file_download_with_and_without_preview_flag
tests/ui/test_file_download.py::test_nonexistent_file_returns_404

tests/api/test_record_api.py::test_record_draft_create_and_read
tests/api/test_record_api.py::test_record_draft_publish
tests/api/test_record_api.py::test_read_record_with_redirected_pid
tests/redirector/test_redirector.py::test_redirector
tests/ui/test_deposits.py::test_resource_types
tests/ui/test_file_download.py::test_file_download_with_and_without_preview_flag
tests/ui/test_file_download.py::test_nonexistent_file_returns_404
    _security.datetime_factory(),

    target.updated = datetime.utcnow()

    created = datetime.utcnow()

    return cls(int(id_s, 16), datetime.utcfromtimestamp(int(created_s, 16)))

    now = now or datetime.utcnow()

    target.updated = datetime.utcnow()

  /home/runner/work/invenio-testrig/invenio-testrig/package-repo/.venv/lib/python3.12/site-packages/invenio_records/api.py:335: SAWarning: nested transaction already deassociated from connection
    with db.session.begin_nested():

  /home/runner/work/invenio-testrig/invenio-testrig/package-repo/.venv/lib/python3.12/site-packages/invenio_db/uow.py:193: SAWarning: nested transaction already deassociated from connection
    self.session.commit()

tests/api/test_record_api.py::test_record_draft_publish
tests/ui/test_signposting_ui.py::test_link_in_landing_page_response_headers[True-head]
tests/ui/test_signposting_ui.py::test_link_in_landing_page_response_headers[True-get]
tests/ui/test_signposting_ui.py::test_link_in_landing_page_response_headers[False-head]
tests/ui/test_signposting_ui.py::test_link_in_landing_page_response_headers[False-get]
tests/ui/test_stats_ui.py::test_record_view_events
tests/ui/test_stats_ui.py::test_record_view_statistics
tests/ui/test_stats_ui.py::test_record_view_statistics
tests/ui/test_stats_ui.py::test_record_view_statistics
    "timestamp": datetime.utcnow().isoformat(),

  /home/runner/work/invenio-testrig/invenio-testrig/package-repo/.venv/lib/python3.12/site-packages/invenio_records_resources/services/records/schema.py:90: RemovedInMarshmallow4Warning: The `context` parameter is deprecated and will be removed in marshmallow 4.0. Use `contextvars.ContextVar` to pass context instead.
    valid_data = self.schema(context=context, **schema_args).load(data)

tests/fixtures/test_fixtures.py::test_load_pages
  /home/runner/work/invenio-testrig/invenio-testrig/package-repo/.venv/lib/python3.12/site-packages/invenio_pages/records/models.py:59: SAWarning: nested transaction already deassociated from connection
    with db.session.begin_nested():

tests/test_migrate_13_0_to_14_0.py::TestMigration13To14::test_migration
tests/test_tasks.py::test_task_file_integrity_report
tests/ui/test_export_formats.py::test_export_formats
tests/ui/test_file_download.py::test_file_download_with_and_without_preview_flag
tests/ui/test_signposting_ui.py::test_link_in_landing_page_response_headers[True-head]
tests/ui/test_sitemaps.py::test_sitemap_section_of_communities
tests/ui/test_stats_ui.py::test_record_view_events
  /home/runner/work/invenio-testrig/invenio-testrig/package-repo/.venv/lib/python3.12/site-packages/marshmallow/fields.py:631: RemovedInMarshmallow4Warning: The `context` parameter is deprecated and will be removed in marshmallow 4.0. Use `contextvars.ContextVar` to pass context instead.
    self._schema = schema_class(

tests/test_migrate_13_0_to_14_0.py::TestMigration13To14::test_migration
tests/test_tasks.py::test_task_file_integrity_report
tests/ui/test_deposits.py::test_resource_types
tests/ui/test_export_formats.py::test_export_formats
tests/ui/test_file_download.py::test_file_download_with_and_without_preview_flag
tests/ui/test_signposting_ui.py::test_link_in_landing_page_response_headers[True-head]
tests/ui/test_stats_ui.py::test_record_view_events
  /home/runner/work/invenio-testrig/invenio-testrig/package-repo/.venv/lib/python3.12/site-packages/invenio_records_resources/services/records/schema.py:105: RemovedInMarshmallow4Warning: The `context` parameter is deprecated and will be removed in marshmallow 4.0. Use `contextvars.ContextVar` to pass context instead.
    return self.schema(context=context, **schema_args).dump(data)

tests/test_migrate_13_0_to_14_0.py::TestMigration13To14::test_migration
  /home/runner/work/invenio-testrig/invenio-testrig/package-repo/.venv/lib/python3.12/site-packages/invenio_records/api.py:496: SAWarning: nested transaction already deassociated from connection
    with db.session.begin_nested():

tests/test_migrate_13_0_to_14_0.py::TestMigration13To14::test_migration
  /home/runner/work/invenio-testrig/invenio-testrig/package-repo/.venv/lib/python3.12/site-packages/marshmallow_utils/schemas/identifier.py:41: RemovedInMarshmallow4Warning: The `context` parameter is deprecated and will be removed in marshmallow 4.0. Use `contextvars.ContextVar` to pass context instead.
    super().__init__(**kwargs)

tests/test_migrate_13_0_to_14_0.py::TestMigration13To14::test_migration
  /home/runner/work/invenio-testrig/invenio-testrig/package-repo/.venv/lib/python3.12/site-packages/invenio_records/api.py:443: SAWarning: nested transaction already deassociated from connection
    with db.session.begin_nested():

tests/test_migrate_13_0_to_14_0.py::TestMigration13To14::test_migration
  /home/runner/work/invenio-testrig/invenio-testrig/package-repo/invenio_app_rdm/upgrade_scripts/migrate_13_0_to_14_0.py:163: SAWarning: nested transaction already deassociated from connection
    db.session.commit()

tests/test_tasks.py::test_task_file_integrity_report
tests/test_tasks.py::test_integrity_report_invalid_template
tests/test_tasks.py::test_integrity_report_invalid_addresses
tests/test_tasks.py::test_integrity_report_default_template
  /home/runner/work/invenio-testrig/invenio-testrig/package-repo/tests/test_tasks.py:61: LegacyAPIWarning: The Query.get() method is considered legacy as of the 1.x series of SQLAlchemy and becomes a legacy construct in 2.0. The method is now available as Session.get() (deprecated since: 2.0) (Background on SQLAlchemy 2.0 at: https://sqlalche.me/e/b8d9)
    f = FileInstance.query.get(id_of_file_instance)

tests/test_tasks.py::test_task_file_integrity_report
tests/test_tasks.py::test_integrity_report_invalid_template
tests/test_tasks.py::test_integrity_report_invalid_addresses
tests/test_tasks.py::test_integrity_report_default_template
    self.last_check_at = datetime.utcnow()

tests/test_tasks.py::test_task_file_integrity_report
tests/test_tasks.py::test_integrity_report_invalid_template
tests/test_tasks.py::test_integrity_report_invalid_addresses
tests/test_tasks.py::test_integrity_report_default_template
  /home/runner/work/invenio-testrig/invenio-testrig/package-repo/tests/test_tasks.py:74: LegacyAPIWarning: The Query.get() method is considered legacy as of the 1.x series of SQLAlchemy and becomes a legacy construct in 2.0. The method is now available as Session.get() (deprecated since: 2.0) (Background on SQLAlchemy 2.0 at: https://sqlalche.me/e/b8d9)
    f = FileInstance.query.get(f.id)

tests/ui/test_export_formats.py::test_export_formats
tests/ui/test_signposting_ui.py::test_link_in_landing_page_response_headers[True-head]
tests/ui/test_stats_ui.py::test_record_view_events
  /home/runner/work/invenio-testrig/invenio-testrig/package-repo/.venv/lib/python3.12/site-packages/flask_resources/serializers/base.py:55: RemovedInMarshmallow4Warning: The `context` parameter is deprecated and will be removed in marshmallow 4.0. Use `contextvars.ContextVar` to pass context instead.
    self.list_schema = list_schema_cls(

tests/ui/test_file_download.py::test_file_download_with_and_without_preview_flag
tests/ui/test_file_download.py::test_deleted_record_file_redirects
tests/ui/test_signposting_ui.py::test_link_in_content_resource_response_headers[head]
tests/ui/test_signposting_ui.py::test_link_in_content_resource_response_headers[get]
    "timestamp": datetime.utcnow().isoformat(),

tests/ui/test_file_download.py::test_deleted_record_file_redirects
    value = datetime.utcnow()

tests/ui/test_signposting_ui.py::test_link_in_landing_page_response_headers[True-head]
tests/ui/test_stats_ui.py::test_record_view_events
  /home/runner/work/invenio-testrig/invenio-testrig/package-repo/.venv/lib/python3.12/site-packages/flask_resources/serializers/base.py:53: RemovedInMarshmallow4Warning: The `context` parameter is deprecated and will be removed in marshmallow 4.0. Use `contextvars.ContextVar` to pass context instead.
    self.object_schema = object_schema_cls(context=schema_context, **schema_kwargs)

tests/ui/test_stats_ui.py::test_record_view_statistics
tests/ui/test_stats_ui.py::test_record_view_statistics
tests/ui/test_stats_ui.py::test_record_view_statistics
    msg["updated_timestamp"] = datetime.utcnow().isoformat()

tests/ui/test_stats_ui.py::test_record_view_statistics
tests/ui/test_stats_ui.py::test_record_view_statistics
tests/ui/test_stats_ui.py::test_record_view_statistics
    datetime.utcnow(),

tests/ui/test_stats_ui.py::test_record_view_statistics
tests/ui/test_stats_ui.py::test_record_view_statistics
tests/ui/test_stats_ui.py::test_record_view_statistics
    aggregation_data["updated_timestamp"] = datetime.utcnow().isoformat()

- generated xml file: /home/runner/work/invenio-testrig/invenio-testrig/artifacts/test-report-patched.xml -
================================ tests coverage ================================
_______________ coverage: platform linux, python 3.12.12-final-0 _______________

Name                                                                      Stmts   Miss  Cover   Missing
invenio_app_rdm/__init__.py                                                   2      0   100%
invenio_app_rdm/administration/__init__.py                                    0      0   100%
invenio_app_rdm/administration/audit_logs/__init__.py                         2      0   100%
invenio_app_rdm/administration/audit_logs/audit_logs.py                      28      0   100%
invenio_app_rdm/administration/domains/__init__.py                            2      0   100%
invenio_app_rdm/administration/domains/domains.py                            40      0   100%
invenio_app_rdm/administration/moderation/__init__.py                         2      0   100%
invenio_app_rdm/administration/moderation/requests.py                        78     22    72%   62-65, 70-76, 85, 120-126, 130-153
invenio_app_rdm/administration/records/__init__.py                            2      0   100%
invenio_app_rdm/administration/records/records.py                            61      8    87%   72, 77-79, 83-85, 89, 148
invenio_app_rdm/administration/user_moderation/__init__.py                    2      0   100%
invenio_app_rdm/administration/user_moderation/user_moderation.py            63     11    83%   94-97, 102-108, 117, 155-161
invenio_app_rdm/administration/users/__init__.py                              2      0   100%
invenio_app_rdm/administration/users/users.py                                41      1    98%   102
invenio_app_rdm/administration/views/__init__.py                              2      0   100%
invenio_app_rdm/administration/views/ui.py                                    4      0   100%
invenio_app_rdm/cli.py                                                       45     22    51%   41-45, 64-95
invenio_app_rdm/communities_ui/__init__.py                                    0      0   100%
invenio_app_rdm/communities_ui/searchapp.py                                   5      0   100%
invenio_app_rdm/communities_ui/sitemap.py                                    13      0   100%
invenio_app_rdm/communities_ui/views/__init__.py                              2      0   100%
invenio_app_rdm/communities_ui/views/communities.py                          64     43    33%   38-41, 57-112, 127-134, 149-164, 179-196
invenio_app_rdm/communities_ui/views/ui.py                                   28      1    96%   40
invenio_app_rdm/config.py                                                   321      2    99%   297-299
invenio_app_rdm/ext.py                                                       43     12    72%   22-25, 44, 50-58, 63, 112-117
invenio_app_rdm/fixtures/__init__.py                                         21      6    71%   23-28
invenio_app_rdm/fixtures/oai_sets.py                                          6      0   100%
invenio_app_rdm/fixtures/pages.py                                            35      1    97%   49
invenio_app_rdm/records_ui/__init__.py                                        0      0   100%
invenio_app_rdm/records_ui/previewer/__init__.py                              0      0   100%
invenio_app_rdm/records_ui/previewer/iiif_simple.py                          14      7    50%   31-32, 41-46
invenio_app_rdm/records_ui/previewer/previewable_zip.py                      43     34    21%   23-66, 71-78, 83, 92-100
invenio_app_rdm/records_ui/searchapp.py                                       6      0   100%
invenio_app_rdm/records_ui/sitemap.py                                        10      0   100%
invenio_app_rdm/records_ui/utils.py                                          70     32    54%   38-49, 78-83, 91, 105-117, 130, 163-182
invenio_app_rdm/records_ui/views/__init__.py                                 59      0   100%
invenio_app_rdm/records_ui/views/decorators.py                              275     90    67%   54, 62-65, 76-92, 124, 136-146, 167-177, 191-192, 230, 259-281, 300-314, 330-333, 339-343, 361-364, 370-374, 386-396, 410-418, 536-540, 557-563
invenio_app_rdm/records_ui/views/deposits.py                                243    151    38%   63-139, 144-145, 216-222, 233-236, 254-257, 261-264, 268-271, 275-278, 282-285, 289, 293, 297, 304, 312, 316, 322-327, 332-344, 356-375, 391-405, 434-440, 446, 451-470, 481-499, 535-621, 648-649
invenio_app_rdm/records_ui/views/filters.py                                 121     61    50%   32-35, 46-47, 53, 67-68, 73-86, 99-100, 108-116, 135, 152, 162, 168-176, 181-207, 221-226
invenio_app_rdm/records_ui/views/records.py                                 272    140    49%   89-104, 120-143, 155-161, 169, 176-177, 181, 197-205, 214, 221-222, 226-232, 255, 277, 286-321, 385, 414-435, 447-484, 489-499, 525-530, 537-557, 567-575, 581, 587, 600, 616, 622, 636-654
invenio_app_rdm/redirector/__init__.py                                        0      0   100%
invenio_app_rdm/redirector/resource.py                                       29      1    97%   94
invenio_app_rdm/redirector/views.py                                           6      0   100%
invenio_app_rdm/requests_ui/__init__.py                                       0      0   100%
invenio_app_rdm/requests_ui/views/__init__.py                                 2      0   100%
invenio_app_rdm/requests_ui/views/requests.py                               158    120    24%   56-129, 134-148, 153-171, 178-259, 277-363
invenio_app_rdm/requests_ui/views/ui.py                                      22      0   100%
invenio_app_rdm/tasks.py                                                     18      7    61%   26-32
invenio_app_rdm/theme/__init__.py                                             0      0   100%
invenio_app_rdm/theme/views.py                                               49     19    61%   63, 80-81, 92-93, 104-105, 115-130, 138-140
invenio_app_rdm/theme/webpack.py                                              2      0   100%
invenio_app_rdm/upgrade_scripts/__init__.py                                   0      0   100%
invenio_app_rdm/upgrade_scripts/fix_migrated_records_from_1_0_to_2_0.py      28     24    14%   16-46, 50
invenio_app_rdm/upgrade_scripts/fix_migrated_records_from_8_0_to_9_0.py      48     43    10%   20-86, 90
invenio_app_rdm/upgrade_scripts/migrate_1_0_records_to_2_0.py                46     41    11%   27-98, 102
invenio_app_rdm/upgrade_scripts/migrate_2_0_to_3_0.py                        34     29    15%   32-88, 92
invenio_app_rdm/upgrade_scripts/migrate_3_0_to_4_0.py                        64     60     6%   27-136, 140
invenio_app_rdm/upgrade_scripts/migrate_4_0_to_6_0.py                       244    231     5%   28-64, 70-148, 158-199, 209-369, 373-395
invenio_app_rdm/upgrade_scripts/migrate_6_0_to_7_0.py                        72     65    10%   30-157, 161
invenio_app_rdm/upgrade_scripts/migrate_7_0_to_8_0.py                        68     59    13%   36-148, 153
invenio_app_rdm/upgrade_scripts/migrate_8_0_to_9_0.py                        51     46    10%   28-93, 98
invenio_app_rdm/upgrade_scripts/migrate_9_0_to_10_0.py                       13      8    38%   27-35, 43
invenio_app_rdm/upgrade_scripts/migrate_10_0_to_11_0.py                      18     13    28%   27-42, 47
invenio_app_rdm/upgrade_scripts/migrate_11_0_to_12_0.py                      82     70    15%   61-200, 205
invenio_app_rdm/upgrade_scripts/migrate_12_0_to_13_0.py                     126    107    15%   41-99, 107-122, 127-154, 159-186, 191-208, 225-230, 235
invenio_app_rdm/upgrade_scripts/migrate_13_0_to_14_0.py                      91     19    79%   56-59, 77-80, 106-110, 131-135, 152-156, 169-172, 226-230, 268
invenio_app_rdm/users/schemas.py                                              6      0   100%
invenio_app_rdm/users_ui/__init__.py                                          0      0   100%
invenio_app_rdm/users_ui/searchapp.py                                         5      0   100%
invenio_app_rdm/users_ui/views/__init__.py                                    2      0   100%
invenio_app_rdm/users_ui/views/dashboard.py                                  18      7    61%   22-25, 35-38, 48-54
invenio_app_rdm/users_ui/views/ui.py                                         18      4    78%   24, 29-32
invenio_app_rdm/utils/files.py                                               66      5    92%   24-32
invenio_app_rdm/views.py                                                      5      2    60%   17-19
TOTAL                                                                      3418   1624    52%
========== 338 passed, 1 skipped, 1369 warnings in 159.76s (0:02:39) ===========
 Container docker_services_cli-rabbitmq-1  Stopping
 Container docker_services_cli-redis-1  Stopping
 Container docker_services_cli-postgresql-1  Stopping
 Container docker_services_cli-opensearch-1  Stopping
 Container docker_services_cli-redis-1  Stopped
 Container docker_services_cli-redis-1  Removing
 Container docker_services_cli-redis-1  Removed
 Container docker_services_cli-postgresql-1  Stopped
 Container docker_services_cli-postgresql-1  Removing
 Container docker_services_cli-postgresql-1  Removed
 Container docker_services_cli-opensearch-1  Stopped
 Container docker_services_cli-opensearch-1  Removing
 Container docker_services_cli-opensearch-1  Removed
 Container docker_services_cli-rabbitmq-1  Stopped
 Container docker_services_cli-rabbitmq-1  Removing
 Container docker_services_cli-rabbitmq-1  Removed
 Network docker_services_cli_default  Removing
 Network docker_services_cli_default  Removed
