<?xml version="1.0" encoding="utf-8"?><testsuites name="pytest tests"><testsuite name="pytest" errors="3" failures="0" skipped="0" tests="3" time="2.478" timestamp="2025-11-18T12:42:02.853868+00:00" hostname="runnervmg1sw1"><testcase classname="" name="tests.test_admin" time="0.000"><error message="collection failure">ImportError while importing test module '/home/runner/work/invenio-bug-verification/invenio-bug-verification/package-repo/tests/test_admin.py'.
Hint: make sure your test modules/packages have valid Python names.
Traceback:
.venv/lib/python3.12/site-packages/_pytest/python.py:498: in importtestmodule
    mod = import_path(
.venv/lib/python3.12/site-packages/_pytest/pathlib.py:587: in import_path
    importlib.import_module(module_name)
/opt/hostedtoolcache/Python/3.12.12/x64/lib/python3.12/importlib/__init__.py:90: in import_module
    return _bootstrap._gcd_import(name[level:], package, level)
           ^^^^^^^^^^^^^^^^^^^^^^^^^^^^^^^^^^^^^^^^^^^^^^^^^^^^
&lt;frozen importlib._bootstrap&gt;:1387: in _gcd_import
    ???
&lt;frozen importlib._bootstrap&gt;:1360: in _find_and_load
    ???
&lt;frozen importlib._bootstrap&gt;:1331: in _find_and_load_unlocked
    ???
&lt;frozen importlib._bootstrap&gt;:935: in _load_unlocked
    ???
.venv/lib/python3.12/site-packages/_pytest/assertion/rewrite.py:186: in exec_module
    exec(co, module.__dict__)
tests/test_admin.py:16: in &lt;module&gt;
    from invenio_oauthclient.admin import (
invenio_oauthclient/admin.py:12: in &lt;module&gt;
    from invenio_accounts.admin import user_identity_adminview
.venv/lib/python3.12/site-packages/invenio_accounts/admin.py:20: in &lt;module&gt;
    from invenio_admin.filters import FilterConverter
E   ModuleNotFoundError: No module named 'invenio_admin'</error><error message="collection failure">ImportError while importing test module '/home/runner/work/invenio-bug-verification/invenio-bug-verification/package-repo/tests/test_admin.py'.
Hint: make sure your test modules/packages have valid Python names.
Traceback:
.venv/lib/python3.12/site-packages/_pytest/python.py:498: in importtestmodule
    mod = import_path(
.venv/lib/python3.12/site-packages/_pytest/pathlib.py:587: in import_path
    importlib.import_module(module_name)
/opt/hostedtoolcache/Python/3.12.12/x64/lib/python3.12/importlib/__init__.py:90: in import_module
    return _bootstrap._gcd_import(name[level:], package, level)
           ^^^^^^^^^^^^^^^^^^^^^^^^^^^^^^^^^^^^^^^^^^^^^^^^^^^^
&lt;frozen importlib._bootstrap&gt;:1387: in _gcd_import
    ???
&lt;frozen importlib._bootstrap&gt;:1360: in _find_and_load
    ???
&lt;frozen importlib._bootstrap&gt;:1331: in _find_and_load_unlocked
    ???
&lt;frozen importlib._bootstrap&gt;:935: in _load_unlocked
    ???
.venv/lib/python3.12/site-packages/_pytest/assertion/rewrite.py:186: in exec_module
    exec(co, module.__dict__)
tests/test_admin.py:16: in &lt;module&gt;
    from invenio_oauthclient.admin import (
invenio_oauthclient/admin.py:12: in &lt;module&gt;
    from invenio_accounts.admin import user_identity_adminview
.venv/lib/python3.12/site-packages/invenio_accounts/admin.py:20: in &lt;module&gt;
    from invenio_admin.filters import FilterConverter
E   ModuleNotFoundError: No module named 'invenio_admin'</error></testcase><testcase classname="" name="invenio_oauthclient.admin" time="0.000"><error message="collection failure">ImportError while importing test module '/home/runner/work/invenio-bug-verification/invenio-bug-verification/package-repo/invenio_oauthclient/admin.py'.
Hint: make sure your test modules/packages have valid Python names.
Traceback:
.venv/lib/python3.12/site-packages/_pytest/python.py:498: in importtestmodule
    mod = import_path(
.venv/lib/python3.12/site-packages/_pytest/pathlib.py:587: in import_path
    importlib.import_module(module_name)
/opt/hostedtoolcache/Python/3.12.12/x64/lib/python3.12/importlib/__init__.py:90: in import_module
    return _bootstrap._gcd_import(name[level:], package, level)
           ^^^^^^^^^^^^^^^^^^^^^^^^^^^^^^^^^^^^^^^^^^^^^^^^^^^^
&lt;frozen importlib._bootstrap&gt;:1387: in _gcd_import
    ???
&lt;frozen importlib._bootstrap&gt;:1360: in _find_and_load
    ???
&lt;frozen importlib._bootstrap&gt;:1331: in _find_and_load_unlocked
    ???
&lt;frozen importlib._bootstrap&gt;:935: in _load_unlocked
    ???
&lt;frozen importlib._bootstrap_external&gt;:999: in exec_module
    ???
&lt;frozen importlib._bootstrap&gt;:488: in _call_with_frames_removed
    ???
invenio_oauthclient/admin.py:12: in &lt;module&gt;
    from invenio_accounts.admin import user_identity_adminview
.venv/lib/python3.12/site-packages/invenio_accounts/admin.py:20: in &lt;module&gt;
    from invenio_admin.filters import FilterConverter
E   ModuleNotFoundError: No module named 'invenio_admin'</error></testcase></testsuite></testsuites>