<?xml version="1.0" encoding="utf-8"?><testsuites name="pytest tests"><testsuite name="pytest" errors="0" failures="0" skipped="0" tests="73" time="5.221" timestamp="2025-11-18T19:14:34.589730+00:00" hostname="runnervmg1sw1"><testcase classname="tests.conftest" name="PYDOCSTYLE" time="0.011" /><testcase classname="tests.conftest" name="ISORT" time="0.127" /><testcase classname="tests.conftest" name="black" time="0.351" /><testcase classname="tests.test_csrf" name="ISORT" time="0.065" /><testcase classname="tests.test_csrf" name="black" time="0.241" /><testcase classname="tests.test_csrf" name="test_csrf_init" time="0.005" /><testcase classname="tests.test_csrf" name="test_csrf_disabled" time="0.022" /><testcase classname="tests.test_csrf" name="test_csrf_enabled" time="0.008" /><testcase classname="tests.test_csrf" name="test_csrf_before_csrf_protect" time="0.004" /><testcase classname="tests.test_csrf" name="test_csrf_exempt" time="0.005" /><testcase classname="tests.test_csrf" name="test_csrf_exempt_dec" time="0.005" /><testcase classname="tests.test_csrf" name="test_csrf_exempt_bp" time="0.007" /><testcase classname="tests.test_csrf" name="test_skip_csrf_check" time="0.006" /><testcase classname="tests.test_csrf" name="test_csrf_not_signed_correctly" time="0.005" /><testcase classname="tests.test_csrf" name="test_csrf_token_rotation" time="0.008" /><testcase classname="tests.test_csrf" name="test_csrf_no_referer" time="0.006" /><testcase classname="tests.test_csrf" name="test_csrf_malformed_referer" time="0.006" /><testcase classname="tests.test_csrf" name="test_csrf_insecure_referer" time="0.006" /><testcase classname="tests.test_csrf" name="test_csrf_bad_referer" time="0.006" /><testcase classname="tests.test_decorators" name="ISORT" time="0.012" /><testcase classname="tests.test_decorators" name="black" time="0.170" /><testcase classname="tests.test_decorators" name="test_require_content_types" time="0.009" /><testcase classname="tests.test_errors" name="ISORT" time="0.014" /><testcase classname="tests.test_errors" name="black" time="0.173" /><testcase classname="tests.test_errors" name="test_errors" time="0.008" /><testcase classname="tests.test_invenio_rest" name="ISORT" time="0.129" /><testcase classname="tests.test_invenio_rest" name="black" time="0.318" /><testcase classname="tests.test_invenio_rest" name="test_version" time="0.001" /><testcase classname="tests.test_invenio_rest" name="test_init" time="0.004" /><testcase classname="tests.test_invenio_rest" name="test_error_handlers" time="0.196" /><testcase classname="tests.test_invenio_rest" name="test_custom_httpexception" time="0.005" /><testcase classname="tests.test_invenio_rest" name="test_cors" time="0.013" /><testcase classname="tests.test_invenio_rest" name="test_content_negotiation_method_view_global_serializers" time="0.072" /><testcase classname="tests.test_invenio_rest" name="test_content_negotiation_method_view_method_serializers" time="0.080" /><testcase classname="tests.test_invenio_rest" name="test_content_negotiation_method_view_method_serializers_2" time="0.081" /><testcase classname="tests.test_invenio_rest" name="test_content_negotiation_method_view_mixed_serializers" time="0.075" /><testcase classname="tests.test_invenio_rest" name="test_default_media_type" time="0.088" /><testcase classname="tests.test_invenio_rest" name="test_default_media_type_for_all_methods" time="0.074" /><testcase classname="tests.test_invenio_rest" name="test_default_method_media_type" time="0.073" /><testcase classname="tests.test_invenio_rest" name="test_default_method_media_type_error" time="0.006" /><testcase classname="tests.test_invenio_rest" name="test_default_media_type_error" time="0.005" /><testcase classname="tests.test_invenio_rest" name="test_get_method_serializers" time="0.005" /><testcase classname="tests.test_invenio_rest" name="test_match_serializers_headers" time="0.015" /><testcase classname="tests.test_invenio_rest" name="test_match_serializers_query_arg" time="0.005" /><testcase classname="tests.test_serializer" name="ISORT" time="0.013" /><testcase classname="tests.test_serializer" name="black" time="0.171" /><testcase classname="tests.test_serializer" name="test_serialize_pretty" time="0.005" /><testcase classname="tests.test_serializer" name="test_marshmallow_compatibility" time="0.001" /><testcase classname="invenio_rest.__init__" name="PYDOCSTYLE" time="0.005" /><testcase classname="invenio_rest.__init__" name="ISORT" time="0.022" /><testcase classname="invenio_rest.__init__" name="black" time="0.170" /><testcase classname="invenio_rest.__init__" name="invenio_rest" time="0.056" /><testcase classname="invenio_rest.config" name="PYDOCSTYLE" time="0.003" /><testcase classname="invenio_rest.config" name="ISORT" time="0.016" /><testcase classname="invenio_rest.config" name="black" time="0.168" /><testcase classname="invenio_rest.csrf" name="PYDOCSTYLE" time="0.025" /><testcase classname="invenio_rest.csrf" name="ISORT" time="0.048" /><testcase classname="invenio_rest.csrf" name="black" time="0.218" /><testcase classname="invenio_rest.decorators" name="PYDOCSTYLE" time="0.006" /><testcase classname="invenio_rest.decorators" name="ISORT" time="0.010" /><testcase classname="invenio_rest.decorators" name="black" time="0.167" /><testcase classname="invenio_rest.errors" name="PYDOCSTYLE" time="0.016" /><testcase classname="invenio_rest.errors" name="ISORT" time="0.026" /><testcase classname="invenio_rest.errors" name="black" time="0.187" /><testcase classname="invenio_rest.ext" name="PYDOCSTYLE" time="0.011" /><testcase classname="invenio_rest.ext" name="ISORT" time="0.024" /><testcase classname="invenio_rest.ext" name="black" time="0.185" /><testcase classname="invenio_rest.serializer" name="PYDOCSTYLE" time="0.010" /><testcase classname="invenio_rest.serializer" name="ISORT" time="0.017" /><testcase classname="invenio_rest.serializer" name="black" time="0.194" /><testcase classname="invenio_rest.views" name="PYDOCSTYLE" time="0.025" /><testcase classname="invenio_rest.views" name="ISORT" time="0.049" /><testcase classname="invenio_rest.views" name="black" time="0.251" /></testsuite></testsuites>