<?xml version="1.0" encoding="utf-8"?><testsuites name="pytest tests"><testsuite name="pytest" errors="0" failures="2" skipped="0" tests="112" time="103.109" timestamp="2025-12-11T07:43:24.969756+00:00" hostname="runnervm6qbrg"><testcase classname="tests.conftest" name="PYDOCSTYLE" time="0.020" /><testcase classname="tests.conftest" name="ISORT" time="0.158" /><testcase classname="tests.conftest" name="black" time="0.335" /><testcase classname="tests.test_invenio_previewer" name="ISORT" time="0.032" /><testcase classname="tests.test_invenio_previewer" name="black" time="0.194" /><testcase classname="tests.test_invenio_previewer" name="test_version" time="0.001" /><testcase classname="tests.test_invenio_previewer" name="test_init" time="0.004" /><testcase classname="tests.test_invenio_previewer" name="test_entrypoint_previewer" time="0.005" /><testcase classname="tests.test_invenio_previewer" name="test_register_previewer_duplicate" time="0.006" /><testcase classname="tests.test_invenio_previewer" name="test_iter_container_previewers" time="0.008" /><testcase classname="tests.test_macros" name="ISORT" time="0.055" /><testcase classname="tests.test_macros" name="black" time="0.237" /><testcase classname="tests.test_macros" name="test_default_extension" time="90.860" /><testcase classname="tests.test_macros" name="test_markdown_extension" time="0.137" /><testcase classname="tests.test_macros" name="test_pdf_extension" time="0.066" /><testcase classname="tests.test_macros" name="test_csv_papaparsejs_extension" time="0.047" /><testcase classname="tests.test_macros" name="test_csv_papaparsejs_delimiter" time="0.045" /><testcase classname="tests.test_macros" name="test_zip_extension" time="1.286" /><testcase classname="tests.test_macros" name="test_json_extension_valid_file" time="0.049" /><testcase classname="tests.test_macros" name="test_json_extension_invalid_file" time="0.045" /><testcase classname="tests.test_macros" name="test_max_file_size" time="0.046" /><testcase classname="tests.test_macros" name="test_xml_extension" time="0.113" /><testcase classname="tests.test_macros" name="test_ipynb_extension" time="0.589" /><testcase classname="tests.test_macros" name="test_simple_image_extension" time="0.062" /><testcase classname="tests.test_macros" name="test_txt_extension_valid_file" time="0.051" /><testcase classname="tests.test_macros" name="test_txt_extension_large_file" time="0.052" /><testcase classname="tests.test_macros" name="test_wacz_extensions_range_requests_enabled" time="0.044"><failure message="assert '&lt;script src=&quot;/static/js/replaywebpage/ui.js&quot; type=&quot;module&quot;&gt;&lt;/script&gt;' in '\n&lt;!DOCTYPE html&gt;\n&lt;html &gt;\n  &lt;head&gt;\n    &lt;title&gt;Preview&lt;/title&gt;\n    &lt;meta charset=&quot;utf-8&quot;&gt;\n    &lt;meta name=&quot;viewport&quot; content=&quot;width=device-width, initial-scale=1.0&quot; /&gt;\n    \n      \n        &lt;link rel=&quot;stylesheet&quot; href=&quot;/static/dist/css/526.089e41670ee8b062aebd.css&quot; /&gt;\n      \n    \n  &lt;/head&gt;\n\n  &lt;body&gt;\n    \n&lt;div class=&quot;ui container&quot;&gt;\n  &lt;div class=&quot;ui padded grid column&quot;&gt;\n    &lt;div class=&quot;column&quot;&gt;\n        &lt;h3&gt;&lt;i class=&quot;times icon&quot;&gt;&lt;/i&gt; Cannot preview file&lt;/h3&gt;\n        &lt;p&gt;Sorry, we are unfortunately not able to preview this file.&lt;/p&gt;\n    &lt;/div&gt;\n  &lt;/div&gt;\n&lt;/div&gt;\n\n      \n        \n          &lt;script src=&quot;/static/dist/js/manifest.525cd978694acb8ec0ca.js&quot;&gt;&lt;/script&gt;\n&lt;script src=&quot;/static/dist/js/73.163a3bb519e66ba8f797.js&quot;&gt;&lt;/script&gt;\n&lt;script src=&quot;/static/dist/js/526.bb275eeb543ab936a59d.js&quot;&gt;&lt;/script&gt;\n&lt;script src=&quot;/static/dist/js/previewer_theme.f60373f3c5d3b745f63e.js&quot;&gt;&lt;/script&gt;\n        \n    \n  &lt;/body&gt;\n&lt;/html&gt;'">testapp = &lt;Flask 'conftest'&gt;, webassets = &lt;Flask 'conftest'&gt;
record = {'control_number': '15', 'title': 'TestDefault', '_bucket': '5b50f71c-45f7-49b0-b57d-9d15d47889ca', '_files': [{'bucke...'size': 12, 'checksum': 'md5:9473fdd0d880a43c21b7778d34872157', 'version_id': '254eb900-5924-4d69-888b-85a56132b8ae'}]}

    def test_wacz_extensions_range_requests_enabled(testapp, webassets, record):
        """Test .wacz previewer."""
        testapp.config.update(
            dict(
                PREVIEWER_PREFERENCE=["web_archive"],
                PREVIEWER_WEB_ARCHIVE_RANGE_REQUESTS=True,
            )
        )
    
        create_file(record, "test.wacz", BytesIO(b"test content"))
    
        with testapp.test_client() as client:
            res = client.get(preview_url(record["control_number"], "test.wacz"))
            text = res.get_data(as_text=True)
    
            print(text)
&gt;           assert (
                '&lt;script src="/static/js/replaywebpage/ui.js" type="module"&gt;&lt;/script&gt;'
                in text
            )
E           assert '&lt;script src="/static/js/replaywebpage/ui.js" type="module"&gt;&lt;/script&gt;' in '\n&lt;!DOCTYPE html&gt;\n&lt;html &gt;\n  &lt;head&gt;\n    &lt;title&gt;Preview&lt;/title&gt;\n    &lt;meta charset="utf-8"&gt;\n    &lt;meta name="viewport" content="width=device-width, initial-scale=1.0" /&gt;\n    \n      \n        &lt;link rel="stylesheet" href="/static/dist/css/526.089e41670ee8b062aebd.css" /&gt;\n      \n    \n  &lt;/head&gt;\n\n  &lt;body&gt;\n    \n&lt;div class="ui container"&gt;\n  &lt;div class="ui padded grid column"&gt;\n    &lt;div class="column"&gt;\n        &lt;h3&gt;&lt;i class="times icon"&gt;&lt;/i&gt; Cannot preview file&lt;/h3&gt;\n        &lt;p&gt;Sorry, we are unfortunately not able to preview this file.&lt;/p&gt;\n    &lt;/div&gt;\n  &lt;/div&gt;\n&lt;/div&gt;\n\n      \n        \n          &lt;script src="/static/dist/js/manifest.525cd978694acb8ec0ca.js"&gt;&lt;/script&gt;\n&lt;script src="/static/dist/js/73.163a3bb519e66ba8f797.js"&gt;&lt;/script&gt;\n&lt;script src="/static/dist/js/526.bb275eeb543ab936a59d.js"&gt;&lt;/script&gt;\n&lt;script src="/static/dist/js/previewer_theme.f60373f3c5d3b745f63e.js"&gt;&lt;/script&gt;\n        \n    \n  &lt;/body&gt;\n&lt;/html&gt;'

client     = &lt;FlaskClient &lt;Flask 'conftest'&gt;&gt;
record     = {'_bucket': '5b50f71c-45f7-49b0-b57d-9d15d47889ca',
 '_files': [{'bucket': '5b50f71c-45f7-49b0-b57d-9d15d47889ca',
             'checksum': 'md5:9473fdd0d880a43c21b7778d34872157',
             'key': 'test.wacz',
             'size': 12,
             'version_id': '254eb900-5924-4d69-888b-85a56132b8ae'}],
 'control_number': '15',
 'title': 'TestDefault'}
res        = &lt;WrapperTestResponse 902 bytes [200 OK]&gt;
testapp    = &lt;Flask 'conftest'&gt;
text       = ('\n'
 '&lt;!DOCTYPE html&gt;\n'
 '&lt;html &gt;\n'
 '  &lt;head&gt;\n'
 '    &lt;title&gt;Preview&lt;/title&gt;\n'
 '    &lt;meta charset="utf-8"&gt;\n'
 '    &lt;meta name="viewport" content="width=device-width, initial-scale=1.0" '
 '/&gt;\n'
 '    \n'
 '      \n'
 '        &lt;link rel="stylesheet" '
 'href="/static/dist/css/526.089e41670ee8b062aebd.css" /&gt;\n'
 '      \n'
 '    \n'
 '  &lt;/head&gt;\n'
 '\n'
 '  &lt;body&gt;\n'
 '    \n'
 '&lt;div class="ui container"&gt;\n'
 '  &lt;div class="ui padded grid column"&gt;\n'
 '    &lt;div class="column"&gt;\n'
 '        &lt;h3&gt;&lt;i class="times icon"&gt;&lt;/i&gt; Cannot preview file&lt;/h3&gt;\n'
 '        &lt;p&gt;Sorry, we are unfortunately not able to preview this file.&lt;/p&gt;\n'
 '    &lt;/div&gt;\n'
 '  &lt;/div&gt;\n'
 '&lt;/div&gt;\n'
 '\n'
 '      \n'
 '        \n'
 '          &lt;script '
 'src="/static/dist/js/manifest.525cd978694acb8ec0ca.js"&gt;&lt;/script&gt;\n'
 '&lt;script src="/static/dist/js/73.163a3bb519e66ba8f797.js"&gt;&lt;/script&gt;\n'
 '&lt;script src="/static/dist/js/526.bb275eeb543ab936a59d.js"&gt;&lt;/script&gt;\n'
 '&lt;script '
 'src="/static/dist/js/previewer_theme.f60373f3c5d3b745f63e.js"&gt;&lt;/script&gt;\n'
 '        \n'
 '    \n'
 '  &lt;/body&gt;\n'
 '&lt;/html&gt;')
webassets  = &lt;Flask 'conftest'&gt;

/home/runner/work/invenio-testrig/invenio-testrig/package-repo/tests/test_macros.py:280: AssertionError</failure></testcase><testcase classname="tests.test_macros" name="test_wacz_extensions_range_requests_disabled" time="0.045"><failure message="assert '&lt;script src=&quot;/static/js/replaywebpage/ui.js&quot; type=&quot;module&quot;&gt;&lt;/script&gt;' in '\n&lt;!DOCTYPE html&gt;\n&lt;html &gt;\n  &lt;head&gt;\n    &lt;title&gt;Preview&lt;/title&gt;\n    &lt;meta charset=&quot;utf-8&quot;&gt;\n    &lt;meta name=&quot;viewport&quot; content=&quot;width=device-width, initial-scale=1.0&quot; /&gt;\n    \n      \n        &lt;link rel=&quot;stylesheet&quot; href=&quot;/static/dist/css/526.089e41670ee8b062aebd.css&quot; /&gt;\n      \n    \n  &lt;/head&gt;\n\n  &lt;body&gt;\n    \n&lt;div class=&quot;ui container&quot;&gt;\n  &lt;div class=&quot;ui padded grid column&quot;&gt;\n    &lt;div class=&quot;column&quot;&gt;\n        &lt;h3&gt;&lt;i class=&quot;times icon&quot;&gt;&lt;/i&gt; Cannot preview file&lt;/h3&gt;\n        &lt;p&gt;Sorry, we are unfortunately not able to preview this file.&lt;/p&gt;\n    &lt;/div&gt;\n  &lt;/div&gt;\n&lt;/div&gt;\n\n      \n        \n          &lt;script src=&quot;/static/dist/js/manifest.525cd978694acb8ec0ca.js&quot;&gt;&lt;/script&gt;\n&lt;script src=&quot;/static/dist/js/73.163a3bb519e66ba8f797.js&quot;&gt;&lt;/script&gt;\n&lt;script src=&quot;/static/dist/js/526.bb275eeb543ab936a59d.js&quot;&gt;&lt;/script&gt;\n&lt;script src=&quot;/static/dist/js/previewer_theme.f60373f3c5d3b745f63e.js&quot;&gt;&lt;/script&gt;\n        \n    \n  &lt;/body&gt;\n&lt;/html&gt;'">testapp = &lt;Flask 'conftest'&gt;, webassets = &lt;Flask 'conftest'&gt;
record = {'control_number': '16', 'title': 'TestDefault', '_bucket': '1141d4a2-4602-4955-95ce-4c8e2c60b35b', '_files': [{'bucke...'size': 12, 'checksum': 'md5:9473fdd0d880a43c21b7778d34872157', 'version_id': 'e4534936-fa0e-4194-98cb-07a4a6a05663'}]}

    def test_wacz_extensions_range_requests_disabled(testapp, webassets, record):
        """Test .wacz previewer."""
        testapp.config.update(
            dict(
                PREVIEWER_PREFERENCE=["web_archive"],
                PREVIEWER_WEB_ARCHIVE_RANGE_REQUESTS=False,
            )
        )
    
        create_file(record, "test.wacz", BytesIO(b"test content"))
    
        with testapp.test_client() as client:
            res = client.get(preview_url(record["control_number"], "test.wacz"))
            text = res.get_data(as_text=True)
    
&gt;           assert (
                '&lt;script src="/static/js/replaywebpage/ui.js" type="module"&gt;&lt;/script&gt;'
                in text
            )
E           assert '&lt;script src="/static/js/replaywebpage/ui.js" type="module"&gt;&lt;/script&gt;' in '\n&lt;!DOCTYPE html&gt;\n&lt;html &gt;\n  &lt;head&gt;\n    &lt;title&gt;Preview&lt;/title&gt;\n    &lt;meta charset="utf-8"&gt;\n    &lt;meta name="viewport" content="width=device-width, initial-scale=1.0" /&gt;\n    \n      \n        &lt;link rel="stylesheet" href="/static/dist/css/526.089e41670ee8b062aebd.css" /&gt;\n      \n    \n  &lt;/head&gt;\n\n  &lt;body&gt;\n    \n&lt;div class="ui container"&gt;\n  &lt;div class="ui padded grid column"&gt;\n    &lt;div class="column"&gt;\n        &lt;h3&gt;&lt;i class="times icon"&gt;&lt;/i&gt; Cannot preview file&lt;/h3&gt;\n        &lt;p&gt;Sorry, we are unfortunately not able to preview this file.&lt;/p&gt;\n    &lt;/div&gt;\n  &lt;/div&gt;\n&lt;/div&gt;\n\n      \n        \n          &lt;script src="/static/dist/js/manifest.525cd978694acb8ec0ca.js"&gt;&lt;/script&gt;\n&lt;script src="/static/dist/js/73.163a3bb519e66ba8f797.js"&gt;&lt;/script&gt;\n&lt;script src="/static/dist/js/526.bb275eeb543ab936a59d.js"&gt;&lt;/script&gt;\n&lt;script src="/static/dist/js/previewer_theme.f60373f3c5d3b745f63e.js"&gt;&lt;/script&gt;\n        \n    \n  &lt;/body&gt;\n&lt;/html&gt;'

client     = &lt;FlaskClient &lt;Flask 'conftest'&gt;&gt;
record     = {'_bucket': '1141d4a2-4602-4955-95ce-4c8e2c60b35b',
 '_files': [{'bucket': '1141d4a2-4602-4955-95ce-4c8e2c60b35b',
             'checksum': 'md5:9473fdd0d880a43c21b7778d34872157',
             'key': 'test.wacz',
             'size': 12,
             'version_id': 'e4534936-fa0e-4194-98cb-07a4a6a05663'}],
 'control_number': '16',
 'title': 'TestDefault'}
res        = &lt;WrapperTestResponse 902 bytes [200 OK]&gt;
testapp    = &lt;Flask 'conftest'&gt;
text       = ('\n'
 '&lt;!DOCTYPE html&gt;\n'
 '&lt;html &gt;\n'
 '  &lt;head&gt;\n'
 '    &lt;title&gt;Preview&lt;/title&gt;\n'
 '    &lt;meta charset="utf-8"&gt;\n'
 '    &lt;meta name="viewport" content="width=device-width, initial-scale=1.0" '
 '/&gt;\n'
 '    \n'
 '      \n'
 '        &lt;link rel="stylesheet" '
 'href="/static/dist/css/526.089e41670ee8b062aebd.css" /&gt;\n'
 '      \n'
 '    \n'
 '  &lt;/head&gt;\n'
 '\n'
 '  &lt;body&gt;\n'
 '    \n'
 '&lt;div class="ui container"&gt;\n'
 '  &lt;div class="ui padded grid column"&gt;\n'
 '    &lt;div class="column"&gt;\n'
 '        &lt;h3&gt;&lt;i class="times icon"&gt;&lt;/i&gt; Cannot preview file&lt;/h3&gt;\n'
 '        &lt;p&gt;Sorry, we are unfortunately not able to preview this file.&lt;/p&gt;\n'
 '    &lt;/div&gt;\n'
 '  &lt;/div&gt;\n'
 '&lt;/div&gt;\n'
 '\n'
 '      \n'
 '        \n'
 '          &lt;script '
 'src="/static/dist/js/manifest.525cd978694acb8ec0ca.js"&gt;&lt;/script&gt;\n'
 '&lt;script src="/static/dist/js/73.163a3bb519e66ba8f797.js"&gt;&lt;/script&gt;\n'
 '&lt;script src="/static/dist/js/526.bb275eeb543ab936a59d.js"&gt;&lt;/script&gt;\n'
 '&lt;script '
 'src="/static/dist/js/previewer_theme.f60373f3c5d3b745f63e.js"&gt;&lt;/script&gt;\n'
 '        \n'
 '    \n'
 '  &lt;/body&gt;\n'
 '&lt;/html&gt;')
webassets  = &lt;Flask 'conftest'&gt;

/home/runner/work/invenio-testrig/invenio-testrig/package-repo/tests/test_macros.py:302: AssertionError</failure></testcase><testcase classname="tests.test_macros" name="test_view_macro_file_list" time="1.941" /><testcase classname="tests.test_utils" name="ISORT" time="0.120" /><testcase classname="tests.test_utils" name="black" time="0.183" /><testcase classname="tests.test_utils" name="test_default_file_reader" time="0.428" /><testcase classname="tests.test_utils" name="test_detect_encoding[\xce\x93\xce\xba\xcf\x81\xce\xae\xce\xba \xce\xa3\xcf\x84\xcf\x81\xce\xaf\xce\xbd\xce\xb3\xce\xba-0.99-UTF-8-UTF-8]" time="0.006" /><testcase classname="tests.test_utils" name="test_detect_encoding[dh\xc7\xbek: kjd k\xc3\xb6d, dd\xc8\xaaj@dd.k-0.87625-UTF-8-None]" time="0.002" /><testcase classname="tests.test_utils" name="test_detect_encoding[\xe0\xa4\x95\xe0\xa5\x8d\xe0\xa4\xaf\xe0\xa4\xbe \xe0\xa4\xb9\xe0\xa4\xbe\xe0\xa4\xb2 \xe0\xa4\xa4\xe0\xa5\x81\xe0\xa4\xae \xe0\xa4\xaf\xe0\xa4\xbe \xe0\xa4\x95\xe0\xa4\xb0 \xe0\xa4\xb0\xe0\xa4\xb9\xe0\xa5\x87 \xe0\xa4\xb9\xe0\xa5\x8b?-0.99-UTF-8-UTF-8]" time="0.002" /><testcase classname="tests.test_utils" name="test_detect_encoding[\xc0\xd0\xb8\xb6\xbb\xe1 \xb0\xdc\xc5\xbe\xa4\xcf\xa1\xd6\xb4\xfb\xc4\xea\xcf\xa9\xc0\xfe\xa1\xd7-0.46666-EUC-JP-None]" time="0.001" /><testcase classname="tests.test_utils" name="test_detect_encoding[Hi bye sigh die-1.0-UTF-8-UTF-8]" time="0.001" /><testcase classname="tests.test_utils" name="test_detect_encoding[Monkey donkey cow crow-0.0-ASCII-None]" time="0.001" /><testcase classname="tests.test_utils" name="test_detect_encoding[Monkey donkey cow crow-0.9-EUC-JP-None]" time="0.002" /><testcase classname="tests.test_utils" name="test_detect_encoding[Monkey donkey cow crow-0.90001-EUC-JP-EUC-JP]" time="0.001" /><testcase classname="tests.test_utils" name="test_detect_encoding[Monkey donkey cow crow-0.5-UTF-8-None]" time="0.001" /><testcase classname="tests.test_utils" name="test_detect_encoding_exception" time="0.044" /><testcase classname="tests.test_views" name="ISORT" time="0.014" /><testcase classname="tests.test_views" name="black" time="0.174" /><testcase classname="tests.test_views" name="test_view_macro_file_list" time="0.233" /><testcase classname="tests.test_views" name="test_previewable_test" time="0.046" /><testcase classname="invenio_previewer.__init__" name="PYDOCSTYLE" time="0.009" /><testcase classname="invenio_previewer.__init__" name="ISORT" time="0.032" /><testcase classname="invenio_previewer.__init__" name="black" time="0.170" /><testcase classname="invenio_previewer.api" name="PYDOCSTYLE" time="0.009" /><testcase classname="invenio_previewer.api" name="ISORT" time="0.014" /><testcase classname="invenio_previewer.api" name="black" time="0.170" /><testcase classname="invenio_previewer.config" name="PYDOCSTYLE" time="0.004" /><testcase classname="invenio_previewer.config" name="ISORT" time="0.014" /><testcase classname="invenio_previewer.config" name="black" time="0.171" /><testcase classname="invenio_previewer.ext" name="PYDOCSTYLE" time="0.021" /><testcase classname="invenio_previewer.ext" name="ISORT" time="0.032" /><testcase classname="invenio_previewer.ext" name="black" time="0.195" /><testcase classname="invenio_previewer.extensions.__init__" name="PYDOCSTYLE" time="0.002" /><testcase classname="invenio_previewer.extensions.__init__" name="ISORT" time="0.004" /><testcase classname="invenio_previewer.extensions.__init__" name="black" time="0.161" /><testcase classname="invenio_previewer.extensions.audio_videojs" name="PYDOCSTYLE" time="0.005" /><testcase classname="invenio_previewer.extensions.audio_videojs" name="ISORT" time="0.012" /><testcase classname="invenio_previewer.extensions.audio_videojs" name="black" time="0.172" /><testcase classname="invenio_previewer.extensions.csv_papaparsejs" name="PYDOCSTYLE" time="0.005" /><testcase classname="invenio_previewer.extensions.csv_papaparsejs" name="ISORT" time="0.011" /><testcase classname="invenio_previewer.extensions.csv_papaparsejs" name="black" time="0.169" /><testcase classname="invenio_previewer.extensions.default" name="PYDOCSTYLE" time="0.004" /><testcase classname="invenio_previewer.extensions.default" name="ISORT" time="0.009" /><testcase classname="invenio_previewer.extensions.default" name="black" time="0.166" /><testcase classname="invenio_previewer.extensions.ipynb" name="PYDOCSTYLE" time="0.007" /><testcase classname="invenio_previewer.extensions.ipynb" name="ISORT" time="0.019" /><testcase classname="invenio_previewer.extensions.ipynb" name="black" time="0.176" /><testcase classname="invenio_previewer.extensions.json_prismjs" name="PYDOCSTYLE" time="0.007" /><testcase classname="invenio_previewer.extensions.json_prismjs" name="ISORT" time="0.014" /><testcase classname="invenio_previewer.extensions.json_prismjs" name="black" time="0.173" /><testcase classname="invenio_previewer.extensions.mistune" name="PYDOCSTYLE" time="0.005" /><testcase classname="invenio_previewer.extensions.mistune" name="ISORT" time="0.012" /><testcase classname="invenio_previewer.extensions.mistune" name="black" time="0.170" /><testcase classname="invenio_previewer.extensions.pdfjs" name="PYDOCSTYLE" time="0.005" /><testcase classname="invenio_previewer.extensions.pdfjs" name="ISORT" time="0.009" /><testcase classname="invenio_previewer.extensions.pdfjs" name="black" time="0.165" /><testcase classname="invenio_previewer.extensions.simple_image" name="PYDOCSTYLE" time="0.005" /><testcase classname="invenio_previewer.extensions.simple_image" name="ISORT" time="0.010" /><testcase classname="invenio_previewer.extensions.simple_image" name="black" time="0.167" /><testcase classname="invenio_previewer.extensions.txt" name="PYDOCSTYLE" time="0.005" /><testcase classname="invenio_previewer.extensions.txt" name="ISORT" time="0.011" /><testcase classname="invenio_previewer.extensions.txt" name="black" time="0.168" /><testcase classname="invenio_previewer.extensions.video_videojs" name="PYDOCSTYLE" time="0.005" /><testcase classname="invenio_previewer.extensions.video_videojs" name="ISORT" time="0.011" /><testcase classname="invenio_previewer.extensions.video_videojs" name="black" time="0.167" /><testcase classname="invenio_previewer.extensions.web_archive" name="PYDOCSTYLE" time="0.004" /><testcase classname="invenio_previewer.extensions.web_archive" name="ISORT" time="0.010" /><testcase classname="invenio_previewer.extensions.web_archive" name="black" time="0.173" /><testcase classname="invenio_previewer.extensions.xml_prismjs" name="PYDOCSTYLE" time="0.007" /><testcase classname="invenio_previewer.extensions.xml_prismjs" name="ISORT" time="0.016" /><testcase classname="invenio_previewer.extensions.xml_prismjs" name="black" time="0.175" /><testcase classname="invenio_previewer.extensions.zip" name="PYDOCSTYLE" time="0.010" /><testcase classname="invenio_previewer.extensions.zip" name="ISORT" time="0.020" /><testcase classname="invenio_previewer.extensions.zip" name="black" time="0.187" /><testcase classname="invenio_previewer.proxies" name="PYDOCSTYLE" time="0.002" /><testcase classname="invenio_previewer.proxies" name="ISORT" time="0.008" /><testcase classname="invenio_previewer.proxies" name="black" time="0.163" /><testcase classname="invenio_previewer.utils" name="PYDOCSTYLE" time="0.006" /><testcase classname="invenio_previewer.utils" name="ISORT" time="0.013" /><testcase classname="invenio_previewer.utils" name="black" time="0.170" /><testcase classname="invenio_previewer.views" name="PYDOCSTYLE" time="0.007" /><testcase classname="invenio_previewer.views" name="ISORT" time="0.016" /><testcase classname="invenio_previewer.views" name="black" time="0.174" /><testcase classname="invenio_previewer.webpack" name="PYDOCSTYLE" time="0.007" /><testcase classname="invenio_previewer.webpack" name="ISORT" time="0.026" /><testcase classname="invenio_previewer.webpack" name="black" time="0.179" /></testsuite></testsuites>