<?xml version="1.0" encoding="utf-8"?><testsuites name="pytest tests"><testsuite name="pytest" errors="0" failures="0" skipped="0" tests="111" time="74.640" timestamp="2025-12-10T10:03:32.417816+00:00" hostname="runnervmoqczp"><testcase classname="tests.conftest" name="PYDOCSTYLE" time="0.020" /><testcase classname="tests.conftest" name="ISORT" time="0.158" /><testcase classname="tests.conftest" name="black" time="0.336" /><testcase classname="tests.test_invenio_previewer" name="ISORT" time="0.024" /><testcase classname="tests.test_invenio_previewer" name="black" time="0.179" /><testcase classname="tests.test_invenio_previewer" name="test_version" time="0.001" /><testcase classname="tests.test_invenio_previewer" name="test_init" time="0.004" /><testcase classname="tests.test_invenio_previewer" name="test_entrypoint_previewer" time="0.005" /><testcase classname="tests.test_invenio_previewer" name="test_register_previewer_duplicate" time="0.006" /><testcase classname="tests.test_macros" name="ISORT" time="0.055" /><testcase classname="tests.test_macros" name="black" time="0.233" /><testcase classname="tests.test_macros" name="test_default_extension" time="63.901" /><testcase classname="tests.test_macros" name="test_markdown_extension" time="0.131" /><testcase classname="tests.test_macros" name="test_pdf_extension" time="0.065" /><testcase classname="tests.test_macros" name="test_csv_papaparsejs_extension" time="0.051" /><testcase classname="tests.test_macros" name="test_csv_papaparsejs_delimiter" time="0.049" /><testcase classname="tests.test_macros" name="test_zip_extension" time="0.218" /><testcase classname="tests.test_macros" name="test_json_extension_valid_file" time="0.051" /><testcase classname="tests.test_macros" name="test_json_extension_invalid_file" time="0.046" /><testcase classname="tests.test_macros" name="test_max_file_size" time="0.047" /><testcase classname="tests.test_macros" name="test_xml_extension" time="0.063" /><testcase classname="tests.test_macros" name="test_ipynb_extension" time="0.596" /><testcase classname="tests.test_macros" name="test_simple_image_extension" time="0.049" /><testcase classname="tests.test_macros" name="test_txt_extension_valid_file" time="0.050" /><testcase classname="tests.test_macros" name="test_txt_extension_large_file" time="0.055" /><testcase classname="tests.test_macros" name="test_wacz_extensions_range_requests_enabled" time="0.049" /><testcase classname="tests.test_macros" name="test_wacz_extensions_range_requests_disabled" time="0.045" /><testcase classname="tests.test_macros" name="test_view_macro_file_list" time="1.922" /><testcase classname="tests.test_utils" name="ISORT" time="0.121" /><testcase classname="tests.test_utils" name="black" time="0.174" /><testcase classname="tests.test_utils" name="test_default_file_reader" time="0.395" /><testcase classname="tests.test_utils" name="test_detect_encoding[\xce\x93\xce\xba\xcf\x81\xce\xae\xce\xba \xce\xa3\xcf\x84\xcf\x81\xce\xaf\xce\xbd\xce\xb3\xce\xba-0.99-UTF-8-UTF-8]" time="0.007" /><testcase classname="tests.test_utils" name="test_detect_encoding[dh\xc7\xbek: kjd k\xc3\xb6d, dd\xc8\xaaj@dd.k-0.87625-UTF-8-None]" time="0.002" /><testcase classname="tests.test_utils" name="test_detect_encoding[\xe0\xa4\x95\xe0\xa5\x8d\xe0\xa4\xaf\xe0\xa4\xbe \xe0\xa4\xb9\xe0\xa4\xbe\xe0\xa4\xb2 \xe0\xa4\xa4\xe0\xa5\x81\xe0\xa4\xae \xe0\xa4\xaf\xe0\xa4\xbe \xe0\xa4\x95\xe0\xa4\xb0 \xe0\xa4\xb0\xe0\xa4\xb9\xe0\xa5\x87 \xe0\xa4\xb9\xe0\xa5\x8b?-0.99-UTF-8-UTF-8]" time="0.002" /><testcase classname="tests.test_utils" name="test_detect_encoding[\xc0\xd0\xb8\xb6\xbb\xe1 \xb0\xdc\xc5\xbe\xa4\xcf\xa1\xd6\xb4\xfb\xc4\xea\xcf\xa9\xc0\xfe\xa1\xd7-0.46666-EUC-JP-None]" time="0.002" /><testcase classname="tests.test_utils" name="test_detect_encoding[Hi bye sigh die-1.0-UTF-8-UTF-8]" time="0.002" /><testcase classname="tests.test_utils" name="test_detect_encoding[Monkey donkey cow crow-0.0-ASCII-None]" time="0.002" /><testcase classname="tests.test_utils" name="test_detect_encoding[Monkey donkey cow crow-0.9-EUC-JP-None]" time="0.002" /><testcase classname="tests.test_utils" name="test_detect_encoding[Monkey donkey cow crow-0.90001-EUC-JP-EUC-JP]" time="0.002" /><testcase classname="tests.test_utils" name="test_detect_encoding[Monkey donkey cow crow-0.5-UTF-8-None]" time="0.002" /><testcase classname="tests.test_utils" name="test_detect_encoding_exception" time="0.043" /><testcase classname="tests.test_views" name="ISORT" time="0.014" /><testcase classname="tests.test_views" name="black" time="0.177" /><testcase classname="tests.test_views" name="test_view_macro_file_list" time="0.239" /><testcase classname="tests.test_views" name="test_previewable_test" time="0.048" /><testcase classname="invenio_previewer.__init__" name="PYDOCSTYLE" time="0.009" /><testcase classname="invenio_previewer.__init__" name="ISORT" time="0.032" /><testcase classname="invenio_previewer.__init__" name="black" time="0.175" /><testcase classname="invenio_previewer.api" name="PYDOCSTYLE" time="0.008" /><testcase classname="invenio_previewer.api" name="ISORT" time="0.014" /><testcase classname="invenio_previewer.api" name="black" time="0.170" /><testcase classname="invenio_previewer.config" name="PYDOCSTYLE" time="0.004" /><testcase classname="invenio_previewer.config" name="ISORT" time="0.014" /><testcase classname="invenio_previewer.config" name="black" time="0.169" /><testcase classname="invenio_previewer.ext" name="PYDOCSTYLE" time="0.016" /><testcase classname="invenio_previewer.ext" name="ISORT" time="0.028" /><testcase classname="invenio_previewer.ext" name="black" time="0.189" /><testcase classname="invenio_previewer.extensions.__init__" name="PYDOCSTYLE" time="0.002" /><testcase classname="invenio_previewer.extensions.__init__" name="ISORT" time="0.004" /><testcase classname="invenio_previewer.extensions.__init__" name="black" time="0.163" /><testcase classname="invenio_previewer.extensions.audio_videojs" name="PYDOCSTYLE" time="0.005" /><testcase classname="invenio_previewer.extensions.audio_videojs" name="ISORT" time="0.012" /><testcase classname="invenio_previewer.extensions.audio_videojs" name="black" time="0.168" /><testcase classname="invenio_previewer.extensions.csv_papaparsejs" name="PYDOCSTYLE" time="0.005" /><testcase classname="invenio_previewer.extensions.csv_papaparsejs" name="ISORT" time="0.010" /><testcase classname="invenio_previewer.extensions.csv_papaparsejs" name="black" time="0.171" /><testcase classname="invenio_previewer.extensions.default" name="PYDOCSTYLE" time="0.004" /><testcase classname="invenio_previewer.extensions.default" name="ISORT" time="0.009" /><testcase classname="invenio_previewer.extensions.default" name="black" time="0.166" /><testcase classname="invenio_previewer.extensions.ipynb" name="PYDOCSTYLE" time="0.008" /><testcase classname="invenio_previewer.extensions.ipynb" name="ISORT" time="0.019" /><testcase classname="invenio_previewer.extensions.ipynb" name="black" time="0.177" /><testcase classname="invenio_previewer.extensions.json_prismjs" name="PYDOCSTYLE" time="0.007" /><testcase classname="invenio_previewer.extensions.json_prismjs" name="ISORT" time="0.014" /><testcase classname="invenio_previewer.extensions.json_prismjs" name="black" time="0.174" /><testcase classname="invenio_previewer.extensions.mistune" name="PYDOCSTYLE" time="0.005" /><testcase classname="invenio_previewer.extensions.mistune" name="ISORT" time="0.012" /><testcase classname="invenio_previewer.extensions.mistune" name="black" time="0.168" /><testcase classname="invenio_previewer.extensions.pdfjs" name="PYDOCSTYLE" time="0.004" /><testcase classname="invenio_previewer.extensions.pdfjs" name="ISORT" time="0.009" /><testcase classname="invenio_previewer.extensions.pdfjs" name="black" time="0.164" /><testcase classname="invenio_previewer.extensions.simple_image" name="PYDOCSTYLE" time="0.005" /><testcase classname="invenio_previewer.extensions.simple_image" name="ISORT" time="0.011" /><testcase classname="invenio_previewer.extensions.simple_image" name="black" time="0.168" /><testcase classname="invenio_previewer.extensions.txt" name="PYDOCSTYLE" time="0.005" /><testcase classname="invenio_previewer.extensions.txt" name="ISORT" time="0.012" /><testcase classname="invenio_previewer.extensions.txt" name="black" time="0.169" /><testcase classname="invenio_previewer.extensions.video_videojs" name="PYDOCSTYLE" time="0.005" /><testcase classname="invenio_previewer.extensions.video_videojs" name="ISORT" time="0.011" /><testcase classname="invenio_previewer.extensions.video_videojs" name="black" time="0.168" /><testcase classname="invenio_previewer.extensions.web_archive" name="PYDOCSTYLE" time="0.004" /><testcase classname="invenio_previewer.extensions.web_archive" name="ISORT" time="0.011" /><testcase classname="invenio_previewer.extensions.web_archive" name="black" time="0.172" /><testcase classname="invenio_previewer.extensions.xml_prismjs" name="PYDOCSTYLE" time="0.008" /><testcase classname="invenio_previewer.extensions.xml_prismjs" name="ISORT" time="0.016" /><testcase classname="invenio_previewer.extensions.xml_prismjs" name="black" time="0.176" /><testcase classname="invenio_previewer.extensions.zip" name="PYDOCSTYLE" time="0.010" /><testcase classname="invenio_previewer.extensions.zip" name="ISORT" time="0.021" /><testcase classname="invenio_previewer.extensions.zip" name="black" time="0.188" /><testcase classname="invenio_previewer.proxies" name="PYDOCSTYLE" time="0.002" /><testcase classname="invenio_previewer.proxies" name="ISORT" time="0.008" /><testcase classname="invenio_previewer.proxies" name="black" time="0.165" /><testcase classname="invenio_previewer.utils" name="PYDOCSTYLE" time="0.006" /><testcase classname="invenio_previewer.utils" name="ISORT" time="0.013" /><testcase classname="invenio_previewer.utils" name="black" time="0.172" /><testcase classname="invenio_previewer.views" name="PYDOCSTYLE" time="0.007" /><testcase classname="invenio_previewer.views" name="ISORT" time="0.016" /><testcase classname="invenio_previewer.views" name="black" time="0.176" /><testcase classname="invenio_previewer.webpack" name="PYDOCSTYLE" time="0.007" /><testcase classname="invenio_previewer.webpack" name="ISORT" time="0.026" /><testcase classname="invenio_previewer.webpack" name="black" time="0.186" /></testsuite></testsuites>