<?xml version="1.0" encoding="utf-8"?><testsuites name="pytest tests"><testsuite name="pytest" errors="0" failures="0" skipped="0" tests="42" time="9.179" timestamp="2025-11-18T12:40:17.759763+00:00" hostname="runnervmg1sw1"><testcase classname="docs.conf" name="PYDOCSTYLE" time="0.013" /><testcase classname="docs.conf" name="ISORT" time="0.157" /><testcase classname="docs.conf" name="black" time="0.378" /><testcase classname="tests.conftest" name="PYDOCSTYLE" time="0.010" /><testcase classname="tests.conftest" name="ISORT" time="0.023" /><testcase classname="tests.conftest" name="black" time="0.181" /><testcase classname="tests.helpers" name="PYDOCSTYLE" time="0.005" /><testcase classname="tests.helpers" name="ISORT" time="0.008" /><testcase classname="tests.helpers" name="black" time="0.166" /><testcase classname="tests.test_invenio_records_ui" name="ISORT" time="0.072" /><testcase classname="tests.test_invenio_records_ui" name="black" time="0.239" /><testcase classname="tests.test_invenio_records_ui" name="test_version" time="0.001" /><testcase classname="tests.test_invenio_records_ui" name="test_init" time="0.010" /><testcase classname="tests.test_invenio_records_ui" name="test_view" time="0.471" /><testcase classname="tests.test_invenio_records_ui" name="test_signal" time="0.318" /><testcase classname="tests.test_invenio_records_ui" name="test_changed_views" time="0.321" /><testcase classname="tests.test_invenio_records_ui" name="test_custom_view_method" time="0.332" /><testcase classname="tests.test_invenio_records_ui" name="test_permission" time="0.536" /><testcase classname="tests.test_invenio_records_ui" name="test_record_export" time="0.323" /><testcase classname="tests.test_invenio_records_ui" name="test_default_export_format" time="0.224" /><testcase classname="tests.test_utils" name="ISORT" time="0.009" /><testcase classname="tests.test_utils" name="black" time="0.171" /><testcase classname="tests.test_utils" name="test_obj_or_import_string" time="0.315" /><testcase classname="invenio_records_ui.__init__" name="PYDOCSTYLE" time="0.006" /><testcase classname="invenio_records_ui.__init__" name="ISORT" time="0.030" /><testcase classname="invenio_records_ui.__init__" name="black" time="0.175" /><testcase classname="invenio_records_ui.__init__" name="invenio_records_ui" time="0.194" /><testcase classname="invenio_records_ui.config" name="PYDOCSTYLE" time="0.004" /><testcase classname="invenio_records_ui.config" name="ISORT" time="0.016" /><testcase classname="invenio_records_ui.config" name="black" time="0.174" /><testcase classname="invenio_records_ui.ext" name="PYDOCSTYLE" time="0.010" /><testcase classname="invenio_records_ui.ext" name="ISORT" time="0.016" /><testcase classname="invenio_records_ui.ext" name="black" time="0.183" /><testcase classname="invenio_records_ui.signals" name="PYDOCSTYLE" time="0.002" /><testcase classname="invenio_records_ui.signals" name="ISORT" time="0.009" /><testcase classname="invenio_records_ui.signals" name="black" time="0.179" /><testcase classname="invenio_records_ui.utils" name="PYDOCSTYLE" time="0.004" /><testcase classname="invenio_records_ui.utils" name="ISORT" time="0.010" /><testcase classname="invenio_records_ui.utils" name="black" time="0.180" /><testcase classname="invenio_records_ui.views" name="PYDOCSTYLE" time="0.019" /><testcase classname="invenio_records_ui.views" name="ISORT" time="0.051" /><testcase classname="invenio_records_ui.views" name="black" time="0.205" /></testsuite></testsuites>